[2024-08-01 09:14:01,691] {taskinstance.py:877} INFO - Dependencies all met for <TaskInstance: tutorial.templated 2024-07-31T00:00:00+00:00 [queued]>
[2024-08-01 09:14:01,702] {taskinstance.py:877} INFO - Dependencies all met for <TaskInstance: tutorial.templated 2024-07-31T00:00:00+00:00 [queued]>
[2024-08-01 09:14:01,702] {taskinstance.py:1068} INFO - 
--------------------------------------------------------------------------------
[2024-08-01 09:14:01,703] {taskinstance.py:1069} INFO - Starting attempt 1 of 2
[2024-08-01 09:14:01,703] {taskinstance.py:1070} INFO - 
--------------------------------------------------------------------------------
[2024-08-01 09:14:01,757] {taskinstance.py:1089} INFO - Executing <Task(BashOperator): templated> on 2024-07-31T00:00:00+00:00
[2024-08-01 09:14:01,761] {standard_task_runner.py:52} INFO - Started process 105 to run task
[2024-08-01 09:14:01,764] {standard_task_runner.py:76} INFO - Running: ['airflow', 'tasks', 'run', 'tutorial', 'templated', '2024-07-31T00:00:00+00:00', '--job-id', '24', '--pool', 'default_pool', '--raw', '--subdir', '/home/airflow/.local/lib/python3.6/site-packages/airflow/example_dags/tutorial.py', '--cfg-path', '/tmp/tmpk3_jl789', '--error-file', '/tmp/tmph2x4o6js']
[2024-08-01 09:14:01,767] {standard_task_runner.py:77} INFO - Job 24: Subtask templated
[2024-08-01 09:14:01,916] {logging_mixin.py:104} INFO - Running <TaskInstance: tutorial.templated 2024-07-31T00:00:00+00:00 [running]> on host c1647bf37a42
[2024-08-01 09:14:02,095] {taskinstance.py:1283} INFO - Exporting the following env vars:
AIRFLOW_CTX_DAG_EMAIL=airflow@example.com
AIRFLOW_CTX_DAG_OWNER=airflow
AIRFLOW_CTX_DAG_ID=tutorial
AIRFLOW_CTX_TASK_ID=templated
AIRFLOW_CTX_EXECUTION_DATE=2024-07-31T00:00:00+00:00
AIRFLOW_CTX_DAG_RUN_ID=scheduled__2024-07-31T00:00:00+00:00
[2024-08-01 09:14:02,095] {bash.py:135} INFO - Tmp dir root location: 
 /tmp
[2024-08-01 09:14:02,096] {bash.py:158} INFO - Running command: 

    echo "2024-07-31"
    echo "2024-08-07"
    echo "Parameter I passed in"

    echo "2024-07-31"
    echo "2024-08-07"
    echo "Parameter I passed in"

    echo "2024-07-31"
    echo "2024-08-07"
    echo "Parameter I passed in"

    echo "2024-07-31"
    echo "2024-08-07"
    echo "Parameter I passed in"

    echo "2024-07-31"
    echo "2024-08-07"
    echo "Parameter I passed in"

[2024-08-01 09:14:02,101] {bash.py:169} INFO - Output:
[2024-08-01 09:14:02,120] {bash.py:173} INFO - 2024-07-31
[2024-08-01 09:14:02,120] {bash.py:173} INFO - 2024-08-07
[2024-08-01 09:14:02,120] {bash.py:173} INFO - Parameter I passed in
[2024-08-01 09:14:02,120] {bash.py:173} INFO - 2024-07-31
[2024-08-01 09:14:02,120] {bash.py:173} INFO - 2024-08-07
[2024-08-01 09:14:02,121] {bash.py:173} INFO - Parameter I passed in
[2024-08-01 09:14:02,121] {bash.py:173} INFO - 2024-07-31
[2024-08-01 09:14:02,121] {bash.py:173} INFO - 2024-08-07
[2024-08-01 09:14:02,121] {bash.py:173} INFO - Parameter I passed in
[2024-08-01 09:14:02,121] {bash.py:173} INFO - 2024-07-31
[2024-08-01 09:14:02,121] {bash.py:173} INFO - 2024-08-07
[2024-08-01 09:14:02,121] {bash.py:173} INFO - Parameter I passed in
[2024-08-01 09:14:02,121] {bash.py:173} INFO - 2024-07-31
[2024-08-01 09:14:02,121] {bash.py:173} INFO - 2024-08-07
[2024-08-01 09:14:02,121] {bash.py:173} INFO - Parameter I passed in
[2024-08-01 09:14:02,122] {bash.py:177} INFO - Command exited with return code 0
[2024-08-01 09:14:02,239] {taskinstance.py:1192} INFO - Marking task as SUCCESS. dag_id=tutorial, task_id=templated, execution_date=20240731T000000, start_date=20240801T091401, end_date=20240801T091402
[2024-08-01 09:14:02,338] {taskinstance.py:1246} INFO - 0 downstream tasks scheduled from follow-on schedule check
[2024-08-01 09:14:02,357] {local_task_job.py:146} INFO - Task exited with return code 0
