[2024-08-01 09:12:57,360] {taskinstance.py:877} INFO - Dependencies all met for <TaskInstance: example_bash_operator.runme_2 2024-08-01T09:11:09.337620+00:00 [queued]>
[2024-08-01 09:12:57,373] {taskinstance.py:877} INFO - Dependencies all met for <TaskInstance: example_bash_operator.runme_2 2024-08-01T09:11:09.337620+00:00 [queued]>
[2024-08-01 09:12:57,373] {taskinstance.py:1068} INFO - 
--------------------------------------------------------------------------------
[2024-08-01 09:12:57,373] {taskinstance.py:1069} INFO - Starting attempt 1 of 1
[2024-08-01 09:12:57,374] {taskinstance.py:1070} INFO - 
--------------------------------------------------------------------------------
[2024-08-01 09:12:57,444] {taskinstance.py:1089} INFO - Executing <Task(BashOperator): runme_2> on 2024-08-01T09:11:09.337620+00:00
[2024-08-01 09:12:57,445] {standard_task_runner.py:52} INFO - Started process 57 to run task
[2024-08-01 09:12:57,448] {standard_task_runner.py:76} INFO - Running: ['airflow', 'tasks', 'run', 'example_bash_operator', 'runme_2', '2024-08-01T09:11:09.337620+00:00', '--job-id', '7', '--pool', 'default_pool', '--raw', '--subdir', '/home/airflow/.local/lib/python3.6/site-packages/airflow/example_dags/example_bash_operator.py', '--cfg-path', '/tmp/tmp4ryc4ctr', '--error-file', '/tmp/tmpirqqbdvk']
[2024-08-01 09:12:57,449] {standard_task_runner.py:77} INFO - Job 7: Subtask runme_2
[2024-08-01 09:12:57,716] {logging_mixin.py:104} INFO - Running <TaskInstance: example_bash_operator.runme_2 2024-08-01T09:11:09.337620+00:00 [running]> on host c1647bf37a42
[2024-08-01 09:12:58,010] {taskinstance.py:1283} INFO - Exporting the following env vars:
AIRFLOW_CTX_DAG_OWNER=airflow
AIRFLOW_CTX_DAG_ID=example_bash_operator
AIRFLOW_CTX_TASK_ID=runme_2
AIRFLOW_CTX_EXECUTION_DATE=2024-08-01T09:11:09.337620+00:00
AIRFLOW_CTX_DAG_RUN_ID=manual__2024-08-01T09:11:09.337620+00:00
[2024-08-01 09:12:58,010] {bash.py:135} INFO - Tmp dir root location: 
 /tmp
[2024-08-01 09:12:58,011] {bash.py:158} INFO - Running command: echo "example_bash_operator__runme_2__20240801" && sleep 1
[2024-08-01 09:12:58,018] {bash.py:169} INFO - Output:
[2024-08-01 09:12:58,035] {bash.py:173} INFO - example_bash_operator__runme_2__20240801
[2024-08-01 09:12:59,053] {bash.py:177} INFO - Command exited with return code 0
[2024-08-01 09:12:59,194] {taskinstance.py:1192} INFO - Marking task as SUCCESS. dag_id=example_bash_operator, task_id=runme_2, execution_date=20240801T091109, start_date=20240801T091257, end_date=20240801T091259
[2024-08-01 09:12:59,350] {taskinstance.py:1246} INFO - 0 downstream tasks scheduled from follow-on schedule check
[2024-08-01 09:12:59,373] {local_task_job.py:146} INFO - Task exited with return code 0
