[2024-08-01 09:14:08,935] {taskinstance.py:877} INFO - Dependencies all met for <TaskInstance: tutorial.sleep 2024-08-01T09:14:06.142415+00:00 [queued]>
[2024-08-01 09:14:08,946] {taskinstance.py:877} INFO - Dependencies all met for <TaskInstance: tutorial.sleep 2024-08-01T09:14:06.142415+00:00 [queued]>
[2024-08-01 09:14:08,947] {taskinstance.py:1068} INFO - 
--------------------------------------------------------------------------------
[2024-08-01 09:14:08,947] {taskinstance.py:1069} INFO - Starting attempt 1 of 4
[2024-08-01 09:14:08,947] {taskinstance.py:1070} INFO - 
--------------------------------------------------------------------------------
[2024-08-01 09:14:09,002] {taskinstance.py:1089} INFO - Executing <Task(BashOperator): sleep> on 2024-08-01T09:14:06.142415+00:00
[2024-08-01 09:14:09,005] {standard_task_runner.py:52} INFO - Started process 117 to run task
[2024-08-01 09:14:09,007] {standard_task_runner.py:76} INFO - Running: ['airflow', 'tasks', 'run', 'tutorial', 'sleep', '2024-08-01T09:14:06.142415+00:00', '--job-id', '27', '--pool', 'default_pool', '--raw', '--subdir', '/home/airflow/.local/lib/python3.6/site-packages/airflow/example_dags/tutorial.py', '--cfg-path', '/tmp/tmpa699jl4v', '--error-file', '/tmp/tmpawr3nuxu']
[2024-08-01 09:14:09,007] {standard_task_runner.py:77} INFO - Job 27: Subtask sleep
[2024-08-01 09:14:09,140] {logging_mixin.py:104} INFO - Running <TaskInstance: tutorial.sleep 2024-08-01T09:14:06.142415+00:00 [running]> on host c1647bf37a42
[2024-08-01 09:14:09,310] {taskinstance.py:1283} INFO - Exporting the following env vars:
AIRFLOW_CTX_DAG_EMAIL=airflow@example.com
AIRFLOW_CTX_DAG_OWNER=airflow
AIRFLOW_CTX_DAG_ID=tutorial
AIRFLOW_CTX_TASK_ID=sleep
AIRFLOW_CTX_EXECUTION_DATE=2024-08-01T09:14:06.142415+00:00
AIRFLOW_CTX_DAG_RUN_ID=manual__2024-08-01T09:14:06.142415+00:00
[2024-08-01 09:14:09,313] {bash.py:135} INFO - Tmp dir root location: 
 /tmp
[2024-08-01 09:14:09,314] {bash.py:158} INFO - Running command: sleep 5
[2024-08-01 09:14:09,319] {bash.py:169} INFO - Output:
[2024-08-01 09:14:14,351] {bash.py:177} INFO - Command exited with return code 0
[2024-08-01 09:14:14,470] {taskinstance.py:1192} INFO - Marking task as SUCCESS. dag_id=tutorial, task_id=sleep, execution_date=20240801T091406, start_date=20240801T091408, end_date=20240801T091414
[2024-08-01 09:14:14,566] {taskinstance.py:1246} INFO - 0 downstream tasks scheduled from follow-on schedule check
[2024-08-01 09:14:14,576] {local_task_job.py:146} INFO - Task exited with return code 0
