[2024-08-01 09:12:58,799] {taskinstance.py:877} INFO - Dependencies all met for <TaskInstance: example_bash_operator.also_run_this 2024-07-31T00:00:00+00:00 [queued]>
[2024-08-01 09:12:58,814] {taskinstance.py:877} INFO - Dependencies all met for <TaskInstance: example_bash_operator.also_run_this 2024-07-31T00:00:00+00:00 [queued]>
[2024-08-01 09:12:58,814] {taskinstance.py:1068} INFO - 
--------------------------------------------------------------------------------
[2024-08-01 09:12:58,815] {taskinstance.py:1069} INFO - Starting attempt 1 of 1
[2024-08-01 09:12:58,815] {taskinstance.py:1070} INFO - 
--------------------------------------------------------------------------------
[2024-08-01 09:12:58,874] {taskinstance.py:1089} INFO - Executing <Task(BashOperator): also_run_this> on 2024-07-31T00:00:00+00:00
[2024-08-01 09:12:58,876] {standard_task_runner.py:52} INFO - Started process 76 to run task
[2024-08-01 09:12:58,878] {standard_task_runner.py:76} INFO - Running: ['airflow', 'tasks', 'run', 'example_bash_operator', 'also_run_this', '2024-07-31T00:00:00+00:00', '--job-id', '12', '--pool', 'default_pool', '--raw', '--subdir', '/home/airflow/.local/lib/python3.6/site-packages/airflow/example_dags/example_bash_operator.py', '--cfg-path', '/tmp/tmpfvj_zk0b', '--error-file', '/tmp/tmpt1vkzt_u']
[2024-08-01 09:12:58,879] {standard_task_runner.py:77} INFO - Job 12: Subtask also_run_this
[2024-08-01 09:12:59,024] {logging_mixin.py:104} INFO - Running <TaskInstance: example_bash_operator.also_run_this 2024-07-31T00:00:00+00:00 [running]> on host c1647bf37a42
[2024-08-01 09:12:59,280] {taskinstance.py:1283} INFO - Exporting the following env vars:
AIRFLOW_CTX_DAG_OWNER=airflow
AIRFLOW_CTX_DAG_ID=example_bash_operator
AIRFLOW_CTX_TASK_ID=also_run_this
AIRFLOW_CTX_EXECUTION_DATE=2024-07-31T00:00:00+00:00
AIRFLOW_CTX_DAG_RUN_ID=scheduled__2024-07-31T00:00:00+00:00
[2024-08-01 09:12:59,281] {bash.py:135} INFO - Tmp dir root location: 
 /tmp
[2024-08-01 09:12:59,281] {bash.py:158} INFO - Running command: echo "run_id=scheduled__2024-07-31T00:00:00+00:00 | dag_run=<DagRun example_bash_operator @ 2024-07-31 00:00:00+00:00: scheduled__2024-07-31T00:00:00+00:00, externally triggered: False>"
[2024-08-01 09:12:59,289] {bash.py:169} INFO - Output:
[2024-08-01 09:12:59,319] {bash.py:173} INFO - run_id=scheduled__2024-07-31T00:00:00+00:00 | dag_run=<DagRun example_bash_operator @ 2024-07-31 00:00:00+00:00: scheduled__2024-07-31T00:00:00+00:00, externally triggered: False>
[2024-08-01 09:12:59,319] {bash.py:177} INFO - Command exited with return code 0
[2024-08-01 09:12:59,484] {taskinstance.py:1192} INFO - Marking task as SUCCESS. dag_id=example_bash_operator, task_id=also_run_this, execution_date=20240731T000000, start_date=20240801T091258, end_date=20240801T091259
[2024-08-01 09:12:59,601] {taskinstance.py:1246} INFO - 0 downstream tasks scheduled from follow-on schedule check
[2024-08-01 09:12:59,641] {local_task_job.py:146} INFO - Task exited with return code 0
