[2024-08-01 09:13:01,155] {taskinstance.py:877} INFO - Dependencies all met for <TaskInstance: example_bash_operator.run_after_loop 2024-07-31T00:00:00+00:00 [queued]>
[2024-08-01 09:13:01,168] {taskinstance.py:877} INFO - Dependencies all met for <TaskInstance: example_bash_operator.run_after_loop 2024-07-31T00:00:00+00:00 [queued]>
[2024-08-01 09:13:01,168] {taskinstance.py:1068} INFO - 
--------------------------------------------------------------------------------
[2024-08-01 09:13:01,168] {taskinstance.py:1069} INFO - Starting attempt 1 of 1
[2024-08-01 09:13:01,169] {taskinstance.py:1070} INFO - 
--------------------------------------------------------------------------------
[2024-08-01 09:13:01,224] {taskinstance.py:1089} INFO - Executing <Task(BashOperator): run_after_loop> on 2024-07-31T00:00:00+00:00
[2024-08-01 09:13:01,226] {standard_task_runner.py:52} INFO - Started process 91 to run task
[2024-08-01 09:13:01,228] {standard_task_runner.py:76} INFO - Running: ['airflow', 'tasks', 'run', 'example_bash_operator', 'run_after_loop', '2024-07-31T00:00:00+00:00', '--job-id', '18', '--pool', 'default_pool', '--raw', '--subdir', '/home/airflow/.local/lib/python3.6/site-packages/airflow/example_dags/example_bash_operator.py', '--cfg-path', '/tmp/tmpheo2fcuv', '--error-file', '/tmp/tmpwtlr3_ge']
[2024-08-01 09:13:01,229] {standard_task_runner.py:77} INFO - Job 18: Subtask run_after_loop
[2024-08-01 09:13:01,366] {logging_mixin.py:104} INFO - Running <TaskInstance: example_bash_operator.run_after_loop 2024-07-31T00:00:00+00:00 [running]> on host c1647bf37a42
[2024-08-01 09:13:01,539] {taskinstance.py:1283} INFO - Exporting the following env vars:
AIRFLOW_CTX_DAG_OWNER=airflow
AIRFLOW_CTX_DAG_ID=example_bash_operator
AIRFLOW_CTX_TASK_ID=run_after_loop
AIRFLOW_CTX_EXECUTION_DATE=2024-07-31T00:00:00+00:00
AIRFLOW_CTX_DAG_RUN_ID=scheduled__2024-07-31T00:00:00+00:00
[2024-08-01 09:13:01,539] {bash.py:135} INFO - Tmp dir root location: 
 /tmp
[2024-08-01 09:13:01,540] {bash.py:158} INFO - Running command: echo 1
[2024-08-01 09:13:01,545] {bash.py:169} INFO - Output:
[2024-08-01 09:13:01,564] {bash.py:173} INFO - 1
[2024-08-01 09:13:01,565] {bash.py:177} INFO - Command exited with return code 0
[2024-08-01 09:13:01,677] {taskinstance.py:1192} INFO - Marking task as SUCCESS. dag_id=example_bash_operator, task_id=run_after_loop, execution_date=20240731T000000, start_date=20240801T091301, end_date=20240801T091301
[2024-08-01 09:13:01,781] {taskinstance.py:1246} INFO - 1 downstream tasks scheduled from follow-on schedule check
[2024-08-01 09:13:01,825] {local_task_job.py:146} INFO - Task exited with return code 0
