[2024-08-01 09:12:57,358] {taskinstance.py:877} INFO - Dependencies all met for <TaskInstance: example_bash_operator.runme_0 2024-07-30T00:00:00+00:00 [queued]>
[2024-08-01 09:12:57,377] {taskinstance.py:877} INFO - Dependencies all met for <TaskInstance: example_bash_operator.runme_0 2024-07-30T00:00:00+00:00 [queued]>
[2024-08-01 09:12:57,377] {taskinstance.py:1068} INFO - 
--------------------------------------------------------------------------------
[2024-08-01 09:12:57,377] {taskinstance.py:1069} INFO - Starting attempt 1 of 1
[2024-08-01 09:12:57,377] {taskinstance.py:1070} INFO - 
--------------------------------------------------------------------------------
[2024-08-01 09:12:57,483] {taskinstance.py:1089} INFO - Executing <Task(BashOperator): runme_0> on 2024-07-30T00:00:00+00:00
[2024-08-01 09:12:57,488] {standard_task_runner.py:76} INFO - Running: ['airflow', 'tasks', 'run', 'example_bash_operator', 'runme_0', '2024-07-30T00:00:00+00:00', '--job-id', '8', '--pool', 'default_pool', '--raw', '--subdir', '/home/airflow/.local/lib/python3.6/site-packages/airflow/example_dags/example_bash_operator.py', '--cfg-path', '/tmp/tmp9xp7u8au', '--error-file', '/tmp/tmpwp_d42r9']
[2024-08-01 09:12:57,488] {standard_task_runner.py:77} INFO - Job 8: Subtask runme_0
[2024-08-01 09:12:57,485] {standard_task_runner.py:52} INFO - Started process 59 to run task
[2024-08-01 09:12:57,794] {logging_mixin.py:104} INFO - Running <TaskInstance: example_bash_operator.runme_0 2024-07-30T00:00:00+00:00 [running]> on host c1647bf37a42
[2024-08-01 09:12:58,116] {taskinstance.py:1283} INFO - Exporting the following env vars:
AIRFLOW_CTX_DAG_OWNER=airflow
AIRFLOW_CTX_DAG_ID=example_bash_operator
AIRFLOW_CTX_TASK_ID=runme_0
AIRFLOW_CTX_EXECUTION_DATE=2024-07-30T00:00:00+00:00
AIRFLOW_CTX_DAG_RUN_ID=scheduled__2024-07-30T00:00:00+00:00
[2024-08-01 09:12:58,116] {bash.py:135} INFO - Tmp dir root location: 
 /tmp
[2024-08-01 09:12:58,117] {bash.py:158} INFO - Running command: echo "example_bash_operator__runme_0__20240730" && sleep 1
[2024-08-01 09:12:58,123] {bash.py:169} INFO - Output:
[2024-08-01 09:12:58,147] {bash.py:173} INFO - example_bash_operator__runme_0__20240730
[2024-08-01 09:12:59,175] {bash.py:177} INFO - Command exited with return code 0
[2024-08-01 09:12:59,338] {taskinstance.py:1192} INFO - Marking task as SUCCESS. dag_id=example_bash_operator, task_id=runme_0, execution_date=20240730T000000, start_date=20240801T091257, end_date=20240801T091259
[2024-08-01 09:12:59,471] {taskinstance.py:1246} INFO - 0 downstream tasks scheduled from follow-on schedule check
[2024-08-01 09:12:59,486] {local_task_job.py:146} INFO - Task exited with return code 0
