[2024-08-01 09:14:08,932] {taskinstance.py:877} INFO - Dependencies all met for <TaskInstance: tutorial.templated 2024-08-01T09:14:06.142415+00:00 [queued]>
[2024-08-01 09:14:08,943] {taskinstance.py:877} INFO - Dependencies all met for <TaskInstance: tutorial.templated 2024-08-01T09:14:06.142415+00:00 [queued]>
[2024-08-01 09:14:08,944] {taskinstance.py:1068} INFO - 
--------------------------------------------------------------------------------
[2024-08-01 09:14:08,944] {taskinstance.py:1069} INFO - Starting attempt 1 of 2
[2024-08-01 09:14:08,944] {taskinstance.py:1070} INFO - 
--------------------------------------------------------------------------------
[2024-08-01 09:14:08,998] {taskinstance.py:1089} INFO - Executing <Task(BashOperator): templated> on 2024-08-01T09:14:06.142415+00:00
[2024-08-01 09:14:09,000] {standard_task_runner.py:52} INFO - Started process 116 to run task
[2024-08-01 09:14:09,003] {standard_task_runner.py:76} INFO - Running: ['airflow', 'tasks', 'run', 'tutorial', 'templated', '2024-08-01T09:14:06.142415+00:00', '--job-id', '26', '--pool', 'default_pool', '--raw', '--subdir', '/home/airflow/.local/lib/python3.6/site-packages/airflow/example_dags/tutorial.py', '--cfg-path', '/tmp/tmpuqpbyjcf', '--error-file', '/tmp/tmpkrkhr7_0']
[2024-08-01 09:14:09,003] {standard_task_runner.py:77} INFO - Job 26: Subtask templated
[2024-08-01 09:14:09,138] {logging_mixin.py:104} INFO - Running <TaskInstance: tutorial.templated 2024-08-01T09:14:06.142415+00:00 [running]> on host c1647bf37a42
[2024-08-01 09:14:09,315] {taskinstance.py:1283} INFO - Exporting the following env vars:
AIRFLOW_CTX_DAG_EMAIL=airflow@example.com
AIRFLOW_CTX_DAG_OWNER=airflow
AIRFLOW_CTX_DAG_ID=tutorial
AIRFLOW_CTX_TASK_ID=templated
AIRFLOW_CTX_EXECUTION_DATE=2024-08-01T09:14:06.142415+00:00
AIRFLOW_CTX_DAG_RUN_ID=manual__2024-08-01T09:14:06.142415+00:00
[2024-08-01 09:14:09,315] {bash.py:135} INFO - Tmp dir root location: 
 /tmp
[2024-08-01 09:14:09,316] {bash.py:158} INFO - Running command: 

    echo "2024-08-01"
    echo "2024-08-08"
    echo "Parameter I passed in"

    echo "2024-08-01"
    echo "2024-08-08"
    echo "Parameter I passed in"

    echo "2024-08-01"
    echo "2024-08-08"
    echo "Parameter I passed in"

    echo "2024-08-01"
    echo "2024-08-08"
    echo "Parameter I passed in"

    echo "2024-08-01"
    echo "2024-08-08"
    echo "Parameter I passed in"

[2024-08-01 09:14:09,320] {bash.py:169} INFO - Output:
[2024-08-01 09:14:09,338] {bash.py:173} INFO - 2024-08-01
[2024-08-01 09:14:09,339] {bash.py:173} INFO - 2024-08-08
[2024-08-01 09:14:09,339] {bash.py:173} INFO - Parameter I passed in
[2024-08-01 09:14:09,339] {bash.py:173} INFO - 2024-08-01
[2024-08-01 09:14:09,339] {bash.py:173} INFO - 2024-08-08
[2024-08-01 09:14:09,339] {bash.py:173} INFO - Parameter I passed in
[2024-08-01 09:14:09,339] {bash.py:173} INFO - 2024-08-01
[2024-08-01 09:14:09,339] {bash.py:173} INFO - 2024-08-08
[2024-08-01 09:14:09,340] {bash.py:173} INFO - Parameter I passed in
[2024-08-01 09:14:09,340] {bash.py:173} INFO - 2024-08-01
[2024-08-01 09:14:09,340] {bash.py:173} INFO - 2024-08-08
[2024-08-01 09:14:09,340] {bash.py:173} INFO - Parameter I passed in
[2024-08-01 09:14:09,340] {bash.py:173} INFO - 2024-08-01
[2024-08-01 09:14:09,340] {bash.py:173} INFO - 2024-08-08
[2024-08-01 09:14:09,340] {bash.py:173} INFO - Parameter I passed in
[2024-08-01 09:14:09,341] {bash.py:177} INFO - Command exited with return code 0
[2024-08-01 09:14:09,453] {taskinstance.py:1192} INFO - Marking task as SUCCESS. dag_id=tutorial, task_id=templated, execution_date=20240801T091406, start_date=20240801T091408, end_date=20240801T091409
[2024-08-01 09:14:09,548] {taskinstance.py:1246} INFO - 0 downstream tasks scheduled from follow-on schedule check
[2024-08-01 09:14:09,554] {local_task_job.py:146} INFO - Task exited with return code 0
