[2024-08-01 09:12:57,464] {taskinstance.py:877} INFO - Dependencies all met for <TaskInstance: example_bash_operator.runme_1 2024-08-01T09:11:09.337620+00:00 [queued]>
[2024-08-01 09:12:57,494] {taskinstance.py:877} INFO - Dependencies all met for <TaskInstance: example_bash_operator.runme_1 2024-08-01T09:11:09.337620+00:00 [queued]>
[2024-08-01 09:12:57,495] {taskinstance.py:1068} INFO - 
--------------------------------------------------------------------------------
[2024-08-01 09:12:57,495] {taskinstance.py:1069} INFO - Starting attempt 1 of 1
[2024-08-01 09:12:57,495] {taskinstance.py:1070} INFO - 
--------------------------------------------------------------------------------
[2024-08-01 09:12:57,594] {taskinstance.py:1089} INFO - Executing <Task(BashOperator): runme_1> on 2024-08-01T09:11:09.337620+00:00
[2024-08-01 09:12:57,600] {standard_task_runner.py:76} INFO - Running: ['airflow', 'tasks', 'run', 'example_bash_operator', 'runme_1', '2024-08-01T09:11:09.337620+00:00', '--job-id', '11', '--pool', 'default_pool', '--raw', '--subdir', '/home/airflow/.local/lib/python3.6/site-packages/airflow/example_dags/example_bash_operator.py', '--cfg-path', '/tmp/tmp5kc26gg6', '--error-file', '/tmp/tmpeocsaron']
[2024-08-01 09:12:57,602] {standard_task_runner.py:77} INFO - Job 11: Subtask runme_1
[2024-08-01 09:12:57,596] {standard_task_runner.py:52} INFO - Started process 63 to run task
[2024-08-01 09:12:57,829] {logging_mixin.py:104} INFO - Running <TaskInstance: example_bash_operator.runme_1 2024-08-01T09:11:09.337620+00:00 [running]> on host c1647bf37a42
[2024-08-01 09:12:58,177] {taskinstance.py:1283} INFO - Exporting the following env vars:
AIRFLOW_CTX_DAG_OWNER=airflow
AIRFLOW_CTX_DAG_ID=example_bash_operator
AIRFLOW_CTX_TASK_ID=runme_1
AIRFLOW_CTX_EXECUTION_DATE=2024-08-01T09:11:09.337620+00:00
AIRFLOW_CTX_DAG_RUN_ID=manual__2024-08-01T09:11:09.337620+00:00
[2024-08-01 09:12:58,177] {bash.py:135} INFO - Tmp dir root location: 
 /tmp
[2024-08-01 09:12:58,181] {bash.py:158} INFO - Running command: echo "example_bash_operator__runme_1__20240801" && sleep 1
[2024-08-01 09:12:58,188] {bash.py:169} INFO - Output:
[2024-08-01 09:12:58,213] {bash.py:173} INFO - example_bash_operator__runme_1__20240801
[2024-08-01 09:12:59,235] {bash.py:177} INFO - Command exited with return code 0
[2024-08-01 09:12:59,408] {taskinstance.py:1192} INFO - Marking task as SUCCESS. dag_id=example_bash_operator, task_id=runme_1, execution_date=20240801T091109, start_date=20240801T091257, end_date=20240801T091259
[2024-08-01 09:12:59,559] {taskinstance.py:1246} INFO - 1 downstream tasks scheduled from follow-on schedule check
[2024-08-01 09:12:59,564] {local_task_job.py:146} INFO - Task exited with return code 0
