[2024-08-01 09:14:01,682] {taskinstance.py:877} INFO - Dependencies all met for <TaskInstance: tutorial.sleep 2024-07-31T00:00:00+00:00 [queued]>
[2024-08-01 09:14:01,694] {taskinstance.py:877} INFO - Dependencies all met for <TaskInstance: tutorial.sleep 2024-07-31T00:00:00+00:00 [queued]>
[2024-08-01 09:14:01,694] {taskinstance.py:1068} INFO - 
--------------------------------------------------------------------------------
[2024-08-01 09:14:01,695] {taskinstance.py:1069} INFO - Starting attempt 1 of 4
[2024-08-01 09:14:01,695] {taskinstance.py:1070} INFO - 
--------------------------------------------------------------------------------
[2024-08-01 09:14:01,756] {taskinstance.py:1089} INFO - Executing <Task(BashOperator): sleep> on 2024-07-31T00:00:00+00:00
[2024-08-01 09:14:01,763] {standard_task_runner.py:76} INFO - Running: ['airflow', 'tasks', 'run', 'tutorial', 'sleep', '2024-07-31T00:00:00+00:00', '--job-id', '22', '--pool', 'default_pool', '--raw', '--subdir', '/home/airflow/.local/lib/python3.6/site-packages/airflow/example_dags/tutorial.py', '--cfg-path', '/tmp/tmpppw2rbfh', '--error-file', '/tmp/tmpchb6gvaz']
[2024-08-01 09:14:01,766] {standard_task_runner.py:77} INFO - Job 22: Subtask sleep
[2024-08-01 09:14:01,758] {standard_task_runner.py:52} INFO - Started process 103 to run task
[2024-08-01 09:14:01,916] {logging_mixin.py:104} INFO - Running <TaskInstance: tutorial.sleep 2024-07-31T00:00:00+00:00 [running]> on host c1647bf37a42
[2024-08-01 09:14:02,091] {taskinstance.py:1283} INFO - Exporting the following env vars:
AIRFLOW_CTX_DAG_EMAIL=airflow@example.com
AIRFLOW_CTX_DAG_OWNER=airflow
AIRFLOW_CTX_DAG_ID=tutorial
AIRFLOW_CTX_TASK_ID=sleep
AIRFLOW_CTX_EXECUTION_DATE=2024-07-31T00:00:00+00:00
AIRFLOW_CTX_DAG_RUN_ID=scheduled__2024-07-31T00:00:00+00:00
[2024-08-01 09:14:02,092] {bash.py:135} INFO - Tmp dir root location: 
 /tmp
[2024-08-01 09:14:02,092] {bash.py:158} INFO - Running command: sleep 5
[2024-08-01 09:14:02,097] {bash.py:169} INFO - Output:
[2024-08-01 09:14:07,129] {bash.py:177} INFO - Command exited with return code 0
[2024-08-01 09:14:07,271] {taskinstance.py:1192} INFO - Marking task as SUCCESS. dag_id=tutorial, task_id=sleep, execution_date=20240731T000000, start_date=20240801T091401, end_date=20240801T091407
[2024-08-01 09:14:07,380] {taskinstance.py:1246} INFO - 0 downstream tasks scheduled from follow-on schedule check
[2024-08-01 09:14:07,397] {local_task_job.py:146} INFO - Task exited with return code 0
