[2024-08-01 09:12:58,839] {taskinstance.py:877} INFO - Dependencies all met for <TaskInstance: example_bash_operator.runme_2 2024-07-31T00:00:00+00:00 [queued]>
[2024-08-01 09:12:58,849] {taskinstance.py:877} INFO - Dependencies all met for <TaskInstance: example_bash_operator.runme_2 2024-07-31T00:00:00+00:00 [queued]>
[2024-08-01 09:12:58,850] {taskinstance.py:1068} INFO - 
--------------------------------------------------------------------------------
[2024-08-01 09:12:58,850] {taskinstance.py:1069} INFO - Starting attempt 1 of 1
[2024-08-01 09:12:58,850] {taskinstance.py:1070} INFO - 
--------------------------------------------------------------------------------
[2024-08-01 09:12:58,906] {taskinstance.py:1089} INFO - Executing <Task(BashOperator): runme_2> on 2024-07-31T00:00:00+00:00
[2024-08-01 09:12:58,907] {standard_task_runner.py:52} INFO - Started process 78 to run task
[2024-08-01 09:12:58,910] {standard_task_runner.py:76} INFO - Running: ['airflow', 'tasks', 'run', 'example_bash_operator', 'runme_2', '2024-07-31T00:00:00+00:00', '--job-id', '14', '--pool', 'default_pool', '--raw', '--subdir', '/home/airflow/.local/lib/python3.6/site-packages/airflow/example_dags/example_bash_operator.py', '--cfg-path', '/tmp/tmp1cxhjijf', '--error-file', '/tmp/tmp82n_6rn1']
[2024-08-01 09:12:58,910] {standard_task_runner.py:77} INFO - Job 14: Subtask runme_2
[2024-08-01 09:12:59,052] {logging_mixin.py:104} INFO - Running <TaskInstance: example_bash_operator.runme_2 2024-07-31T00:00:00+00:00 [running]> on host c1647bf37a42
[2024-08-01 09:12:59,243] {taskinstance.py:1283} INFO - Exporting the following env vars:
AIRFLOW_CTX_DAG_OWNER=airflow
AIRFLOW_CTX_DAG_ID=example_bash_operator
AIRFLOW_CTX_TASK_ID=runme_2
AIRFLOW_CTX_EXECUTION_DATE=2024-07-31T00:00:00+00:00
AIRFLOW_CTX_DAG_RUN_ID=scheduled__2024-07-31T00:00:00+00:00
[2024-08-01 09:12:59,246] {bash.py:135} INFO - Tmp dir root location: 
 /tmp
[2024-08-01 09:12:59,248] {bash.py:158} INFO - Running command: echo "example_bash_operator__runme_2__20240731" && sleep 1
[2024-08-01 09:12:59,255] {bash.py:169} INFO - Output:
[2024-08-01 09:12:59,276] {bash.py:173} INFO - example_bash_operator__runme_2__20240731
[2024-08-01 09:13:00,292] {bash.py:177} INFO - Command exited with return code 0
[2024-08-01 09:13:00,425] {taskinstance.py:1192} INFO - Marking task as SUCCESS. dag_id=example_bash_operator, task_id=runme_2, execution_date=20240731T000000, start_date=20240801T091258, end_date=20240801T091300
[2024-08-01 09:13:00,541] {taskinstance.py:1246} INFO - 0 downstream tasks scheduled from follow-on schedule check
[2024-08-01 09:13:00,547] {local_task_job.py:146} INFO - Task exited with return code 0
