[2024-08-01 09:12:57,312] {taskinstance.py:877} INFO - Dependencies all met for <TaskInstance: example_bash_operator.also_run_this 2024-07-30T00:00:00+00:00 [queued]>
[2024-08-01 09:12:57,339] {taskinstance.py:877} INFO - Dependencies all met for <TaskInstance: example_bash_operator.also_run_this 2024-07-30T00:00:00+00:00 [queued]>
[2024-08-01 09:12:57,339] {taskinstance.py:1068} INFO - 
--------------------------------------------------------------------------------
[2024-08-01 09:12:57,339] {taskinstance.py:1069} INFO - Starting attempt 1 of 1
[2024-08-01 09:12:57,339] {taskinstance.py:1070} INFO - 
--------------------------------------------------------------------------------
[2024-08-01 09:12:57,429] {taskinstance.py:1089} INFO - Executing <Task(BashOperator): also_run_this> on 2024-07-30T00:00:00+00:00
[2024-08-01 09:12:57,434] {standard_task_runner.py:76} INFO - Running: ['airflow', 'tasks', 'run', 'example_bash_operator', 'also_run_this', '2024-07-30T00:00:00+00:00', '--job-id', '4', '--pool', 'default_pool', '--raw', '--subdir', '/home/airflow/.local/lib/python3.6/site-packages/airflow/example_dags/example_bash_operator.py', '--cfg-path', '/tmp/tmp14iuey3w', '--error-file', '/tmp/tmpry7bfxbv']
[2024-08-01 09:12:57,435] {standard_task_runner.py:77} INFO - Job 4: Subtask also_run_this
[2024-08-01 09:12:57,431] {standard_task_runner.py:52} INFO - Started process 56 to run task
[2024-08-01 09:12:57,685] {logging_mixin.py:104} INFO - Running <TaskInstance: example_bash_operator.also_run_this 2024-07-30T00:00:00+00:00 [running]> on host c1647bf37a42
[2024-08-01 09:12:57,984] {taskinstance.py:1283} INFO - Exporting the following env vars:
AIRFLOW_CTX_DAG_OWNER=airflow
AIRFLOW_CTX_DAG_ID=example_bash_operator
AIRFLOW_CTX_TASK_ID=also_run_this
AIRFLOW_CTX_EXECUTION_DATE=2024-07-30T00:00:00+00:00
AIRFLOW_CTX_DAG_RUN_ID=scheduled__2024-07-30T00:00:00+00:00
[2024-08-01 09:12:57,985] {bash.py:135} INFO - Tmp dir root location: 
 /tmp
[2024-08-01 09:12:57,985] {bash.py:158} INFO - Running command: echo "run_id=scheduled__2024-07-30T00:00:00+00:00 | dag_run=<DagRun example_bash_operator @ 2024-07-30 00:00:00+00:00: scheduled__2024-07-30T00:00:00+00:00, externally triggered: False>"
[2024-08-01 09:12:57,991] {bash.py:169} INFO - Output:
[2024-08-01 09:12:58,012] {bash.py:173} INFO - run_id=scheduled__2024-07-30T00:00:00+00:00 | dag_run=<DagRun example_bash_operator @ 2024-07-30 00:00:00+00:00: scheduled__2024-07-30T00:00:00+00:00, externally triggered: False>
[2024-08-01 09:12:58,013] {bash.py:177} INFO - Command exited with return code 0
[2024-08-01 09:12:58,267] {taskinstance.py:1192} INFO - Marking task as SUCCESS. dag_id=example_bash_operator, task_id=also_run_this, execution_date=20240730T000000, start_date=20240801T091257, end_date=20240801T091258
[2024-08-01 09:12:58,399] {taskinstance.py:1246} INFO - 0 downstream tasks scheduled from follow-on schedule check
[2024-08-01 09:12:58,405] {local_task_job.py:146} INFO - Task exited with return code 0
