[2024-08-10 00:13:03,337] {scheduler_job.py:182} INFO - Started process (PID=60875) to work on /home/airflow/.local/lib/python3.6/site-packages/airflow/example_dags/example_latest_only_with_trigger.py
[2024-08-10 00:13:03,338] {scheduler_job.py:629} INFO - Processing file /home/airflow/.local/lib/python3.6/site-packages/airflow/example_dags/example_latest_only_with_trigger.py for tasks to queue
[2024-08-10 00:13:03,339] {logging_mixin.py:104} INFO - [2024-08-10 00:13:03,339] {dagbag.py:451} INFO - Filling up the DagBag from /home/airflow/.local/lib/python3.6/site-packages/airflow/example_dags/example_latest_only_with_trigger.py
[2024-08-10 00:13:03,349] {scheduler_job.py:639} INFO - DAG(s) dict_keys(['latest_only_with_trigger']) retrieved from /home/airflow/.local/lib/python3.6/site-packages/airflow/example_dags/example_latest_only_with_trigger.py
[2024-08-10 00:13:03,431] {logging_mixin.py:104} INFO - [2024-08-10 00:13:03,431] {dag.py:1824} INFO - Sync 1 DAGs
[2024-08-10 00:13:03,453] {logging_mixin.py:104} INFO - [2024-08-10 00:13:03,453] {dag.py:2280} INFO - Setting next_dagrun for latest_only_with_trigger to 2024-08-08 00:00:00+00:00
[2024-08-10 00:13:03,472] {scheduler_job.py:190} INFO - Processing /home/airflow/.local/lib/python3.6/site-packages/airflow/example_dags/example_latest_only_with_trigger.py took 0.138 seconds
[2024-08-10 00:13:33,513] {scheduler_job.py:182} INFO - Started process (PID=60904) to work on /home/airflow/.local/lib/python3.6/site-packages/airflow/example_dags/example_latest_only_with_trigger.py
[2024-08-10 00:13:33,515] {scheduler_job.py:629} INFO - Processing file /home/airflow/.local/lib/python3.6/site-packages/airflow/example_dags/example_latest_only_with_trigger.py for tasks to queue
[2024-08-10 00:13:33,515] {logging_mixin.py:104} INFO - [2024-08-10 00:13:33,515] {dagbag.py:451} INFO - Filling up the DagBag from /home/airflow/.local/lib/python3.6/site-packages/airflow/example_dags/example_latest_only_with_trigger.py
[2024-08-10 00:13:33,526] {scheduler_job.py:639} INFO - DAG(s) dict_keys(['latest_only_with_trigger']) retrieved from /home/airflow/.local/lib/python3.6/site-packages/airflow/example_dags/example_latest_only_with_trigger.py
[2024-08-10 00:13:33,600] {logging_mixin.py:104} INFO - [2024-08-10 00:13:33,600] {dag.py:1824} INFO - Sync 1 DAGs
[2024-08-10 00:13:33,618] {logging_mixin.py:104} INFO - [2024-08-10 00:13:33,618] {dag.py:2280} INFO - Setting next_dagrun for latest_only_with_trigger to 2024-08-08 00:00:00+00:00
[2024-08-10 00:13:33,630] {scheduler_job.py:190} INFO - Processing /home/airflow/.local/lib/python3.6/site-packages/airflow/example_dags/example_latest_only_with_trigger.py took 0.121 seconds
[2024-08-10 01:03:32,818] {scheduler_job.py:182} INFO - Started process (PID=60933) to work on /home/airflow/.local/lib/python3.6/site-packages/airflow/example_dags/example_latest_only_with_trigger.py
[2024-08-10 01:03:32,819] {scheduler_job.py:629} INFO - Processing file /home/airflow/.local/lib/python3.6/site-packages/airflow/example_dags/example_latest_only_with_trigger.py for tasks to queue
[2024-08-10 01:03:32,819] {logging_mixin.py:104} INFO - [2024-08-10 01:03:32,819] {dagbag.py:451} INFO - Filling up the DagBag from /home/airflow/.local/lib/python3.6/site-packages/airflow/example_dags/example_latest_only_with_trigger.py
[2024-08-10 01:03:32,825] {scheduler_job.py:639} INFO - DAG(s) dict_keys(['latest_only_with_trigger']) retrieved from /home/airflow/.local/lib/python3.6/site-packages/airflow/example_dags/example_latest_only_with_trigger.py
[2024-08-10 01:03:32,883] {logging_mixin.py:104} INFO - [2024-08-10 01:03:32,883] {dag.py:1824} INFO - Sync 1 DAGs
[2024-08-10 01:03:32,899] {logging_mixin.py:104} INFO - [2024-08-10 01:03:32,899] {dag.py:2280} INFO - Setting next_dagrun for latest_only_with_trigger to 2024-08-08 00:00:00+00:00
[2024-08-10 01:03:32,910] {scheduler_job.py:190} INFO - Processing /home/airflow/.local/lib/python3.6/site-packages/airflow/example_dags/example_latest_only_with_trigger.py took 0.093 seconds
[2024-08-10 01:14:29,675] {scheduler_job.py:182} INFO - Started process (PID=60962) to work on /home/airflow/.local/lib/python3.6/site-packages/airflow/example_dags/example_latest_only_with_trigger.py
[2024-08-10 01:14:29,676] {scheduler_job.py:629} INFO - Processing file /home/airflow/.local/lib/python3.6/site-packages/airflow/example_dags/example_latest_only_with_trigger.py for tasks to queue
[2024-08-10 01:14:29,677] {logging_mixin.py:104} INFO - [2024-08-10 01:14:29,677] {dagbag.py:451} INFO - Filling up the DagBag from /home/airflow/.local/lib/python3.6/site-packages/airflow/example_dags/example_latest_only_with_trigger.py
[2024-08-10 01:14:29,685] {scheduler_job.py:639} INFO - DAG(s) dict_keys(['latest_only_with_trigger']) retrieved from /home/airflow/.local/lib/python3.6/site-packages/airflow/example_dags/example_latest_only_with_trigger.py
[2024-08-10 01:14:29,754] {logging_mixin.py:104} INFO - [2024-08-10 01:14:29,754] {dag.py:1824} INFO - Sync 1 DAGs
[2024-08-10 01:14:29,771] {logging_mixin.py:104} INFO - [2024-08-10 01:14:29,771] {dag.py:2280} INFO - Setting next_dagrun for latest_only_with_trigger to 2024-08-08 00:00:00+00:00
[2024-08-10 01:14:29,786] {scheduler_job.py:190} INFO - Processing /home/airflow/.local/lib/python3.6/site-packages/airflow/example_dags/example_latest_only_with_trigger.py took 0.113 seconds
[2024-08-10 01:47:57,484] {scheduler_job.py:182} INFO - Started process (PID=60991) to work on /home/airflow/.local/lib/python3.6/site-packages/airflow/example_dags/example_latest_only_with_trigger.py
[2024-08-10 01:47:57,486] {scheduler_job.py:629} INFO - Processing file /home/airflow/.local/lib/python3.6/site-packages/airflow/example_dags/example_latest_only_with_trigger.py for tasks to queue
[2024-08-10 01:47:57,487] {logging_mixin.py:104} INFO - [2024-08-10 01:47:57,487] {dagbag.py:451} INFO - Filling up the DagBag from /home/airflow/.local/lib/python3.6/site-packages/airflow/example_dags/example_latest_only_with_trigger.py
[2024-08-10 01:47:57,500] {scheduler_job.py:639} INFO - DAG(s) dict_keys(['latest_only_with_trigger']) retrieved from /home/airflow/.local/lib/python3.6/site-packages/airflow/example_dags/example_latest_only_with_trigger.py
[2024-08-10 01:47:57,575] {logging_mixin.py:104} INFO - [2024-08-10 01:47:57,575] {dag.py:1824} INFO - Sync 1 DAGs
[2024-08-10 01:47:57,597] {logging_mixin.py:104} INFO - [2024-08-10 01:47:57,597] {dag.py:2280} INFO - Setting next_dagrun for latest_only_with_trigger to 2024-08-08 00:00:00+00:00
[2024-08-10 01:47:57,609] {scheduler_job.py:190} INFO - Processing /home/airflow/.local/lib/python3.6/site-packages/airflow/example_dags/example_latest_only_with_trigger.py took 0.129 seconds
[2024-08-10 02:15:26,291] {scheduler_job.py:182} INFO - Started process (PID=61020) to work on /home/airflow/.local/lib/python3.6/site-packages/airflow/example_dags/example_latest_only_with_trigger.py
[2024-08-10 02:15:26,292] {scheduler_job.py:629} INFO - Processing file /home/airflow/.local/lib/python3.6/site-packages/airflow/example_dags/example_latest_only_with_trigger.py for tasks to queue
[2024-08-10 02:15:26,293] {logging_mixin.py:104} INFO - [2024-08-10 02:15:26,293] {dagbag.py:451} INFO - Filling up the DagBag from /home/airflow/.local/lib/python3.6/site-packages/airflow/example_dags/example_latest_only_with_trigger.py
[2024-08-10 02:15:26,300] {scheduler_job.py:639} INFO - DAG(s) dict_keys(['latest_only_with_trigger']) retrieved from /home/airflow/.local/lib/python3.6/site-packages/airflow/example_dags/example_latest_only_with_trigger.py
[2024-08-10 02:15:26,371] {logging_mixin.py:104} INFO - [2024-08-10 02:15:26,371] {dag.py:1824} INFO - Sync 1 DAGs
[2024-08-10 02:15:26,391] {logging_mixin.py:104} INFO - [2024-08-10 02:15:26,391] {dag.py:2280} INFO - Setting next_dagrun for latest_only_with_trigger to 2024-08-08 00:00:00+00:00
[2024-08-10 02:15:26,406] {scheduler_job.py:190} INFO - Processing /home/airflow/.local/lib/python3.6/site-packages/airflow/example_dags/example_latest_only_with_trigger.py took 0.117 seconds
[2024-08-10 02:21:40,081] {scheduler_job.py:182} INFO - Started process (PID=61049) to work on /home/airflow/.local/lib/python3.6/site-packages/airflow/example_dags/example_latest_only_with_trigger.py
[2024-08-10 02:21:40,082] {scheduler_job.py:629} INFO - Processing file /home/airflow/.local/lib/python3.6/site-packages/airflow/example_dags/example_latest_only_with_trigger.py for tasks to queue
[2024-08-10 02:21:40,082] {logging_mixin.py:104} INFO - [2024-08-10 02:21:40,082] {dagbag.py:451} INFO - Filling up the DagBag from /home/airflow/.local/lib/python3.6/site-packages/airflow/example_dags/example_latest_only_with_trigger.py
[2024-08-10 02:21:40,088] {scheduler_job.py:639} INFO - DAG(s) dict_keys(['latest_only_with_trigger']) retrieved from /home/airflow/.local/lib/python3.6/site-packages/airflow/example_dags/example_latest_only_with_trigger.py
[2024-08-10 02:21:40,147] {logging_mixin.py:104} INFO - [2024-08-10 02:21:40,147] {dag.py:1824} INFO - Sync 1 DAGs
[2024-08-10 02:21:40,163] {logging_mixin.py:104} INFO - [2024-08-10 02:21:40,163] {dag.py:2280} INFO - Setting next_dagrun for latest_only_with_trigger to 2024-08-08 00:00:00+00:00
[2024-08-10 02:21:40,174] {scheduler_job.py:190} INFO - Processing /home/airflow/.local/lib/python3.6/site-packages/airflow/example_dags/example_latest_only_with_trigger.py took 0.094 seconds
[2024-08-10 02:22:11,151] {scheduler_job.py:182} INFO - Started process (PID=61078) to work on /home/airflow/.local/lib/python3.6/site-packages/airflow/example_dags/example_latest_only_with_trigger.py
[2024-08-10 02:22:11,152] {scheduler_job.py:629} INFO - Processing file /home/airflow/.local/lib/python3.6/site-packages/airflow/example_dags/example_latest_only_with_trigger.py for tasks to queue
[2024-08-10 02:22:11,152] {logging_mixin.py:104} INFO - [2024-08-10 02:22:11,152] {dagbag.py:451} INFO - Filling up the DagBag from /home/airflow/.local/lib/python3.6/site-packages/airflow/example_dags/example_latest_only_with_trigger.py
[2024-08-10 02:22:11,161] {scheduler_job.py:639} INFO - DAG(s) dict_keys(['latest_only_with_trigger']) retrieved from /home/airflow/.local/lib/python3.6/site-packages/airflow/example_dags/example_latest_only_with_trigger.py
[2024-08-10 02:22:11,229] {logging_mixin.py:104} INFO - [2024-08-10 02:22:11,229] {dag.py:1824} INFO - Sync 1 DAGs
[2024-08-10 02:22:11,247] {logging_mixin.py:104} INFO - [2024-08-10 02:22:11,246] {dag.py:2280} INFO - Setting next_dagrun for latest_only_with_trigger to 2024-08-08 00:00:00+00:00
[2024-08-10 02:22:11,258] {scheduler_job.py:190} INFO - Processing /home/airflow/.local/lib/python3.6/site-packages/airflow/example_dags/example_latest_only_with_trigger.py took 0.111 seconds
[2024-08-10 03:16:05,154] {scheduler_job.py:182} INFO - Started process (PID=61107) to work on /home/airflow/.local/lib/python3.6/site-packages/airflow/example_dags/example_latest_only_with_trigger.py
[2024-08-10 03:16:05,155] {scheduler_job.py:629} INFO - Processing file /home/airflow/.local/lib/python3.6/site-packages/airflow/example_dags/example_latest_only_with_trigger.py for tasks to queue
[2024-08-10 03:16:05,158] {logging_mixin.py:104} INFO - [2024-08-10 03:16:05,158] {dagbag.py:451} INFO - Filling up the DagBag from /home/airflow/.local/lib/python3.6/site-packages/airflow/example_dags/example_latest_only_with_trigger.py
[2024-08-10 03:16:05,164] {scheduler_job.py:639} INFO - DAG(s) dict_keys(['latest_only_with_trigger']) retrieved from /home/airflow/.local/lib/python3.6/site-packages/airflow/example_dags/example_latest_only_with_trigger.py
[2024-08-10 03:16:05,234] {logging_mixin.py:104} INFO - [2024-08-10 03:16:05,234] {dag.py:1824} INFO - Sync 1 DAGs
[2024-08-10 03:16:05,254] {logging_mixin.py:104} INFO - [2024-08-10 03:16:05,254] {dag.py:2280} INFO - Setting next_dagrun for latest_only_with_trigger to 2024-08-08 00:00:00+00:00
[2024-08-10 03:16:05,267] {scheduler_job.py:190} INFO - Processing /home/airflow/.local/lib/python3.6/site-packages/airflow/example_dags/example_latest_only_with_trigger.py took 0.115 seconds
[2024-08-10 03:16:35,342] {scheduler_job.py:182} INFO - Started process (PID=61136) to work on /home/airflow/.local/lib/python3.6/site-packages/airflow/example_dags/example_latest_only_with_trigger.py
[2024-08-10 03:16:35,343] {scheduler_job.py:629} INFO - Processing file /home/airflow/.local/lib/python3.6/site-packages/airflow/example_dags/example_latest_only_with_trigger.py for tasks to queue
[2024-08-10 03:16:35,343] {logging_mixin.py:104} INFO - [2024-08-10 03:16:35,343] {dagbag.py:451} INFO - Filling up the DagBag from /home/airflow/.local/lib/python3.6/site-packages/airflow/example_dags/example_latest_only_with_trigger.py
[2024-08-10 03:16:35,350] {scheduler_job.py:639} INFO - DAG(s) dict_keys(['latest_only_with_trigger']) retrieved from /home/airflow/.local/lib/python3.6/site-packages/airflow/example_dags/example_latest_only_with_trigger.py
[2024-08-10 03:16:35,409] {logging_mixin.py:104} INFO - [2024-08-10 03:16:35,409] {dag.py:1824} INFO - Sync 1 DAGs
[2024-08-10 03:16:35,425] {logging_mixin.py:104} INFO - [2024-08-10 03:16:35,425] {dag.py:2280} INFO - Setting next_dagrun for latest_only_with_trigger to 2024-08-08 00:00:00+00:00
[2024-08-10 03:16:35,436] {scheduler_job.py:190} INFO - Processing /home/airflow/.local/lib/python3.6/site-packages/airflow/example_dags/example_latest_only_with_trigger.py took 0.095 seconds
[2024-08-10 04:06:30,017] {scheduler_job.py:182} INFO - Started process (PID=61165) to work on /home/airflow/.local/lib/python3.6/site-packages/airflow/example_dags/example_latest_only_with_trigger.py
[2024-08-10 04:06:30,017] {scheduler_job.py:629} INFO - Processing file /home/airflow/.local/lib/python3.6/site-packages/airflow/example_dags/example_latest_only_with_trigger.py for tasks to queue
[2024-08-10 04:06:30,020] {logging_mixin.py:104} INFO - [2024-08-10 04:06:30,020] {dagbag.py:451} INFO - Filling up the DagBag from /home/airflow/.local/lib/python3.6/site-packages/airflow/example_dags/example_latest_only_with_trigger.py
[2024-08-10 04:06:30,028] {scheduler_job.py:639} INFO - DAG(s) dict_keys(['latest_only_with_trigger']) retrieved from /home/airflow/.local/lib/python3.6/site-packages/airflow/example_dags/example_latest_only_with_trigger.py
[2024-08-10 04:06:30,093] {logging_mixin.py:104} INFO - [2024-08-10 04:06:30,093] {dag.py:1824} INFO - Sync 1 DAGs
[2024-08-10 04:06:30,114] {logging_mixin.py:104} INFO - [2024-08-10 04:06:30,114] {dag.py:2280} INFO - Setting next_dagrun for latest_only_with_trigger to 2024-08-08 00:00:00+00:00
[2024-08-10 04:06:30,132] {scheduler_job.py:190} INFO - Processing /home/airflow/.local/lib/python3.6/site-packages/airflow/example_dags/example_latest_only_with_trigger.py took 0.117 seconds
[2024-08-10 04:17:31,556] {scheduler_job.py:182} INFO - Started process (PID=61194) to work on /home/airflow/.local/lib/python3.6/site-packages/airflow/example_dags/example_latest_only_with_trigger.py
[2024-08-10 04:17:31,558] {scheduler_job.py:629} INFO - Processing file /home/airflow/.local/lib/python3.6/site-packages/airflow/example_dags/example_latest_only_with_trigger.py for tasks to queue
[2024-08-10 04:17:31,561] {logging_mixin.py:104} INFO - [2024-08-10 04:17:31,561] {dagbag.py:451} INFO - Filling up the DagBag from /home/airflow/.local/lib/python3.6/site-packages/airflow/example_dags/example_latest_only_with_trigger.py
[2024-08-10 04:17:31,567] {scheduler_job.py:639} INFO - DAG(s) dict_keys(['latest_only_with_trigger']) retrieved from /home/airflow/.local/lib/python3.6/site-packages/airflow/example_dags/example_latest_only_with_trigger.py
[2024-08-10 04:17:31,641] {logging_mixin.py:104} INFO - [2024-08-10 04:17:31,641] {dag.py:1824} INFO - Sync 1 DAGs
[2024-08-10 04:17:31,666] {logging_mixin.py:104} INFO - [2024-08-10 04:17:31,666] {dag.py:2280} INFO - Setting next_dagrun for latest_only_with_trigger to 2024-08-08 00:00:00+00:00
[2024-08-10 04:17:31,683] {scheduler_job.py:190} INFO - Processing /home/airflow/.local/lib/python3.6/site-packages/airflow/example_dags/example_latest_only_with_trigger.py took 0.129 seconds
[2024-08-10 05:08:46,899] {scheduler_job.py:182} INFO - Started process (PID=61223) to work on /home/airflow/.local/lib/python3.6/site-packages/airflow/example_dags/example_latest_only_with_trigger.py
[2024-08-10 05:08:46,900] {scheduler_job.py:629} INFO - Processing file /home/airflow/.local/lib/python3.6/site-packages/airflow/example_dags/example_latest_only_with_trigger.py for tasks to queue
[2024-08-10 05:08:46,901] {logging_mixin.py:104} INFO - [2024-08-10 05:08:46,901] {dagbag.py:451} INFO - Filling up the DagBag from /home/airflow/.local/lib/python3.6/site-packages/airflow/example_dags/example_latest_only_with_trigger.py
[2024-08-10 05:08:46,912] {scheduler_job.py:639} INFO - DAG(s) dict_keys(['latest_only_with_trigger']) retrieved from /home/airflow/.local/lib/python3.6/site-packages/airflow/example_dags/example_latest_only_with_trigger.py
[2024-08-10 05:08:46,980] {logging_mixin.py:104} INFO - [2024-08-10 05:08:46,980] {dag.py:1824} INFO - Sync 1 DAGs
[2024-08-10 05:08:46,999] {logging_mixin.py:104} INFO - [2024-08-10 05:08:46,998] {dag.py:2280} INFO - Setting next_dagrun for latest_only_with_trigger to 2024-08-08 00:00:00+00:00
[2024-08-10 05:08:47,010] {scheduler_job.py:190} INFO - Processing /home/airflow/.local/lib/python3.6/site-packages/airflow/example_dags/example_latest_only_with_trigger.py took 0.113 seconds
[2024-08-10 05:18:28,775] {scheduler_job.py:182} INFO - Started process (PID=61252) to work on /home/airflow/.local/lib/python3.6/site-packages/airflow/example_dags/example_latest_only_with_trigger.py
[2024-08-10 05:18:28,779] {scheduler_job.py:629} INFO - Processing file /home/airflow/.local/lib/python3.6/site-packages/airflow/example_dags/example_latest_only_with_trigger.py for tasks to queue
[2024-08-10 05:18:28,779] {logging_mixin.py:104} INFO - [2024-08-10 05:18:28,779] {dagbag.py:451} INFO - Filling up the DagBag from /home/airflow/.local/lib/python3.6/site-packages/airflow/example_dags/example_latest_only_with_trigger.py
[2024-08-10 05:18:28,785] {scheduler_job.py:639} INFO - DAG(s) dict_keys(['latest_only_with_trigger']) retrieved from /home/airflow/.local/lib/python3.6/site-packages/airflow/example_dags/example_latest_only_with_trigger.py
[2024-08-10 05:18:28,867] {logging_mixin.py:104} INFO - [2024-08-10 05:18:28,867] {dag.py:1824} INFO - Sync 1 DAGs
[2024-08-10 05:18:28,889] {logging_mixin.py:104} INFO - [2024-08-10 05:18:28,889] {dag.py:2280} INFO - Setting next_dagrun for latest_only_with_trigger to 2024-08-08 00:00:00+00:00
[2024-08-10 05:18:28,907] {scheduler_job.py:190} INFO - Processing /home/airflow/.local/lib/python3.6/site-packages/airflow/example_dags/example_latest_only_with_trigger.py took 0.133 seconds
[2024-08-10 05:52:10,517] {scheduler_job.py:182} INFO - Started process (PID=61281) to work on /home/airflow/.local/lib/python3.6/site-packages/airflow/example_dags/example_latest_only_with_trigger.py
[2024-08-10 05:52:10,518] {scheduler_job.py:629} INFO - Processing file /home/airflow/.local/lib/python3.6/site-packages/airflow/example_dags/example_latest_only_with_trigger.py for tasks to queue
[2024-08-10 05:52:10,519] {logging_mixin.py:104} INFO - [2024-08-10 05:52:10,518] {dagbag.py:451} INFO - Filling up the DagBag from /home/airflow/.local/lib/python3.6/site-packages/airflow/example_dags/example_latest_only_with_trigger.py
[2024-08-10 05:52:10,527] {scheduler_job.py:639} INFO - DAG(s) dict_keys(['latest_only_with_trigger']) retrieved from /home/airflow/.local/lib/python3.6/site-packages/airflow/example_dags/example_latest_only_with_trigger.py
[2024-08-10 05:52:10,607] {logging_mixin.py:104} INFO - [2024-08-10 05:52:10,607] {dag.py:1824} INFO - Sync 1 DAGs
[2024-08-10 05:52:10,636] {logging_mixin.py:104} INFO - [2024-08-10 05:52:10,636] {dag.py:2280} INFO - Setting next_dagrun for latest_only_with_trigger to 2024-08-08 00:00:00+00:00
[2024-08-10 05:52:10,652] {scheduler_job.py:190} INFO - Processing /home/airflow/.local/lib/python3.6/site-packages/airflow/example_dags/example_latest_only_with_trigger.py took 0.138 seconds
[2024-08-10 06:01:20,171] {scheduler_job.py:182} INFO - Started process (PID=61310) to work on /home/airflow/.local/lib/python3.6/site-packages/airflow/example_dags/example_latest_only_with_trigger.py
[2024-08-10 06:01:20,172] {scheduler_job.py:629} INFO - Processing file /home/airflow/.local/lib/python3.6/site-packages/airflow/example_dags/example_latest_only_with_trigger.py for tasks to queue
[2024-08-10 06:01:20,172] {logging_mixin.py:104} INFO - [2024-08-10 06:01:20,172] {dagbag.py:451} INFO - Filling up the DagBag from /home/airflow/.local/lib/python3.6/site-packages/airflow/example_dags/example_latest_only_with_trigger.py
[2024-08-10 06:01:20,179] {scheduler_job.py:639} INFO - DAG(s) dict_keys(['latest_only_with_trigger']) retrieved from /home/airflow/.local/lib/python3.6/site-packages/airflow/example_dags/example_latest_only_with_trigger.py
[2024-08-10 06:01:20,243] {logging_mixin.py:104} INFO - [2024-08-10 06:01:20,243] {dag.py:1824} INFO - Sync 1 DAGs
[2024-08-10 06:01:20,259] {logging_mixin.py:104} INFO - [2024-08-10 06:01:20,259] {dag.py:2280} INFO - Setting next_dagrun for latest_only_with_trigger to 2024-08-08 00:00:00+00:00
[2024-08-10 06:01:20,270] {scheduler_job.py:190} INFO - Processing /home/airflow/.local/lib/python3.6/site-packages/airflow/example_dags/example_latest_only_with_trigger.py took 0.101 seconds
[2024-08-10 06:09:11,952] {scheduler_job.py:182} INFO - Started process (PID=61339) to work on /home/airflow/.local/lib/python3.6/site-packages/airflow/example_dags/example_latest_only_with_trigger.py
[2024-08-10 06:09:11,952] {scheduler_job.py:629} INFO - Processing file /home/airflow/.local/lib/python3.6/site-packages/airflow/example_dags/example_latest_only_with_trigger.py for tasks to queue
[2024-08-10 06:09:11,953] {logging_mixin.py:104} INFO - [2024-08-10 06:09:11,953] {dagbag.py:451} INFO - Filling up the DagBag from /home/airflow/.local/lib/python3.6/site-packages/airflow/example_dags/example_latest_only_with_trigger.py
[2024-08-10 06:09:11,960] {scheduler_job.py:639} INFO - DAG(s) dict_keys(['latest_only_with_trigger']) retrieved from /home/airflow/.local/lib/python3.6/site-packages/airflow/example_dags/example_latest_only_with_trigger.py
[2024-08-10 06:09:12,022] {logging_mixin.py:104} INFO - [2024-08-10 06:09:12,022] {dag.py:1824} INFO - Sync 1 DAGs
[2024-08-10 06:09:12,038] {logging_mixin.py:104} INFO - [2024-08-10 06:09:12,038] {dag.py:2280} INFO - Setting next_dagrun for latest_only_with_trigger to 2024-08-08 00:00:00+00:00
[2024-08-10 06:09:12,049] {scheduler_job.py:190} INFO - Processing /home/airflow/.local/lib/python3.6/site-packages/airflow/example_dags/example_latest_only_with_trigger.py took 0.099 seconds
[2024-08-10 06:09:42,988] {scheduler_job.py:182} INFO - Started process (PID=61368) to work on /home/airflow/.local/lib/python3.6/site-packages/airflow/example_dags/example_latest_only_with_trigger.py
[2024-08-10 06:09:42,990] {scheduler_job.py:629} INFO - Processing file /home/airflow/.local/lib/python3.6/site-packages/airflow/example_dags/example_latest_only_with_trigger.py for tasks to queue
[2024-08-10 06:09:42,991] {logging_mixin.py:104} INFO - [2024-08-10 06:09:42,990] {dagbag.py:451} INFO - Filling up the DagBag from /home/airflow/.local/lib/python3.6/site-packages/airflow/example_dags/example_latest_only_with_trigger.py
[2024-08-10 06:09:42,999] {scheduler_job.py:639} INFO - DAG(s) dict_keys(['latest_only_with_trigger']) retrieved from /home/airflow/.local/lib/python3.6/site-packages/airflow/example_dags/example_latest_only_with_trigger.py
[2024-08-10 06:09:43,068] {logging_mixin.py:104} INFO - [2024-08-10 06:09:43,068] {dag.py:1824} INFO - Sync 1 DAGs
[2024-08-10 06:09:43,084] {logging_mixin.py:104} INFO - [2024-08-10 06:09:43,084] {dag.py:2280} INFO - Setting next_dagrun for latest_only_with_trigger to 2024-08-08 00:00:00+00:00
[2024-08-10 06:09:43,095] {scheduler_job.py:190} INFO - Processing /home/airflow/.local/lib/python3.6/site-packages/airflow/example_dags/example_latest_only_with_trigger.py took 0.111 seconds
[2024-08-10 06:19:25,976] {scheduler_job.py:182} INFO - Started process (PID=61397) to work on /home/airflow/.local/lib/python3.6/site-packages/airflow/example_dags/example_latest_only_with_trigger.py
[2024-08-10 06:19:25,977] {scheduler_job.py:629} INFO - Processing file /home/airflow/.local/lib/python3.6/site-packages/airflow/example_dags/example_latest_only_with_trigger.py for tasks to queue
[2024-08-10 06:19:25,978] {logging_mixin.py:104} INFO - [2024-08-10 06:19:25,977] {dagbag.py:451} INFO - Filling up the DagBag from /home/airflow/.local/lib/python3.6/site-packages/airflow/example_dags/example_latest_only_with_trigger.py
[2024-08-10 06:19:25,987] {scheduler_job.py:639} INFO - DAG(s) dict_keys(['latest_only_with_trigger']) retrieved from /home/airflow/.local/lib/python3.6/site-packages/airflow/example_dags/example_latest_only_with_trigger.py
[2024-08-10 06:19:26,055] {logging_mixin.py:104} INFO - [2024-08-10 06:19:26,055] {dag.py:1824} INFO - Sync 1 DAGs
[2024-08-10 06:19:26,075] {logging_mixin.py:104} INFO - [2024-08-10 06:19:26,074] {dag.py:2280} INFO - Setting next_dagrun for latest_only_with_trigger to 2024-08-08 00:00:00+00:00
[2024-08-10 06:19:26,086] {scheduler_job.py:190} INFO - Processing /home/airflow/.local/lib/python3.6/site-packages/airflow/example_dags/example_latest_only_with_trigger.py took 0.113 seconds
[2024-08-10 06:53:14,612] {scheduler_job.py:182} INFO - Started process (PID=61426) to work on /home/airflow/.local/lib/python3.6/site-packages/airflow/example_dags/example_latest_only_with_trigger.py
[2024-08-10 06:53:14,613] {scheduler_job.py:629} INFO - Processing file /home/airflow/.local/lib/python3.6/site-packages/airflow/example_dags/example_latest_only_with_trigger.py for tasks to queue
[2024-08-10 06:53:14,613] {logging_mixin.py:104} INFO - [2024-08-10 06:53:14,613] {dagbag.py:451} INFO - Filling up the DagBag from /home/airflow/.local/lib/python3.6/site-packages/airflow/example_dags/example_latest_only_with_trigger.py
[2024-08-10 06:53:14,620] {scheduler_job.py:639} INFO - DAG(s) dict_keys(['latest_only_with_trigger']) retrieved from /home/airflow/.local/lib/python3.6/site-packages/airflow/example_dags/example_latest_only_with_trigger.py
[2024-08-10 06:53:14,681] {logging_mixin.py:104} INFO - [2024-08-10 06:53:14,681] {dag.py:1824} INFO - Sync 1 DAGs
[2024-08-10 06:53:14,701] {logging_mixin.py:104} INFO - [2024-08-10 06:53:14,701] {dag.py:2280} INFO - Setting next_dagrun for latest_only_with_trigger to 2024-08-08 00:00:00+00:00
[2024-08-10 06:53:14,716] {scheduler_job.py:190} INFO - Processing /home/airflow/.local/lib/python3.6/site-packages/airflow/example_dags/example_latest_only_with_trigger.py took 0.106 seconds
[2024-08-10 07:20:23,127] {scheduler_job.py:182} INFO - Started process (PID=61455) to work on /home/airflow/.local/lib/python3.6/site-packages/airflow/example_dags/example_latest_only_with_trigger.py
[2024-08-10 07:20:23,131] {scheduler_job.py:629} INFO - Processing file /home/airflow/.local/lib/python3.6/site-packages/airflow/example_dags/example_latest_only_with_trigger.py for tasks to queue
[2024-08-10 07:20:23,132] {logging_mixin.py:104} INFO - [2024-08-10 07:20:23,132] {dagbag.py:451} INFO - Filling up the DagBag from /home/airflow/.local/lib/python3.6/site-packages/airflow/example_dags/example_latest_only_with_trigger.py
[2024-08-10 07:20:23,146] {scheduler_job.py:639} INFO - DAG(s) dict_keys(['latest_only_with_trigger']) retrieved from /home/airflow/.local/lib/python3.6/site-packages/airflow/example_dags/example_latest_only_with_trigger.py
[2024-08-10 07:20:23,219] {logging_mixin.py:104} INFO - [2024-08-10 07:20:23,219] {dag.py:1824} INFO - Sync 1 DAGs
[2024-08-10 07:20:23,243] {logging_mixin.py:104} INFO - [2024-08-10 07:20:23,243] {dag.py:2280} INFO - Setting next_dagrun for latest_only_with_trigger to 2024-08-08 00:00:00+00:00
[2024-08-10 07:20:23,257] {scheduler_job.py:190} INFO - Processing /home/airflow/.local/lib/python3.6/site-packages/airflow/example_dags/example_latest_only_with_trigger.py took 0.133 seconds
[2024-08-10 07:36:31,410] {scheduler_job.py:182} INFO - Started process (PID=61484) to work on /home/airflow/.local/lib/python3.6/site-packages/airflow/example_dags/example_latest_only_with_trigger.py
[2024-08-10 07:36:31,411] {scheduler_job.py:629} INFO - Processing file /home/airflow/.local/lib/python3.6/site-packages/airflow/example_dags/example_latest_only_with_trigger.py for tasks to queue
[2024-08-10 07:36:31,412] {logging_mixin.py:104} INFO - [2024-08-10 07:36:31,412] {dagbag.py:451} INFO - Filling up the DagBag from /home/airflow/.local/lib/python3.6/site-packages/airflow/example_dags/example_latest_only_with_trigger.py
[2024-08-10 07:36:31,418] {scheduler_job.py:639} INFO - DAG(s) dict_keys(['latest_only_with_trigger']) retrieved from /home/airflow/.local/lib/python3.6/site-packages/airflow/example_dags/example_latest_only_with_trigger.py
[2024-08-10 07:36:31,481] {logging_mixin.py:104} INFO - [2024-08-10 07:36:31,481] {dag.py:1824} INFO - Sync 1 DAGs
[2024-08-10 07:36:31,499] {logging_mixin.py:104} INFO - [2024-08-10 07:36:31,499] {dag.py:2280} INFO - Setting next_dagrun for latest_only_with_trigger to 2024-08-08 00:00:00+00:00
[2024-08-10 07:36:31,510] {scheduler_job.py:190} INFO - Processing /home/airflow/.local/lib/python3.6/site-packages/airflow/example_dags/example_latest_only_with_trigger.py took 0.102 seconds
[2024-08-10 07:40:22,580] {scheduler_job.py:182} INFO - Started process (PID=61513) to work on /home/airflow/.local/lib/python3.6/site-packages/airflow/example_dags/example_latest_only_with_trigger.py
[2024-08-10 07:40:22,582] {scheduler_job.py:629} INFO - Processing file /home/airflow/.local/lib/python3.6/site-packages/airflow/example_dags/example_latest_only_with_trigger.py for tasks to queue
[2024-08-10 07:40:22,584] {logging_mixin.py:104} INFO - [2024-08-10 07:40:22,584] {dagbag.py:451} INFO - Filling up the DagBag from /home/airflow/.local/lib/python3.6/site-packages/airflow/example_dags/example_latest_only_with_trigger.py
[2024-08-10 07:40:22,593] {scheduler_job.py:639} INFO - DAG(s) dict_keys(['latest_only_with_trigger']) retrieved from /home/airflow/.local/lib/python3.6/site-packages/airflow/example_dags/example_latest_only_with_trigger.py
[2024-08-10 07:40:22,670] {logging_mixin.py:104} INFO - [2024-08-10 07:40:22,670] {dag.py:1824} INFO - Sync 1 DAGs
[2024-08-10 07:40:22,692] {logging_mixin.py:104} INFO - [2024-08-10 07:40:22,691] {dag.py:2280} INFO - Setting next_dagrun for latest_only_with_trigger to 2024-08-08 00:00:00+00:00
[2024-08-10 07:40:22,712] {scheduler_job.py:190} INFO - Processing /home/airflow/.local/lib/python3.6/site-packages/airflow/example_dags/example_latest_only_with_trigger.py took 0.136 seconds
[2024-08-10 08:13:22,871] {scheduler_job.py:182} INFO - Started process (PID=61542) to work on /home/airflow/.local/lib/python3.6/site-packages/airflow/example_dags/example_latest_only_with_trigger.py
[2024-08-10 08:13:22,875] {scheduler_job.py:629} INFO - Processing file /home/airflow/.local/lib/python3.6/site-packages/airflow/example_dags/example_latest_only_with_trigger.py for tasks to queue
[2024-08-10 08:13:22,876] {logging_mixin.py:104} INFO - [2024-08-10 08:13:22,876] {dagbag.py:451} INFO - Filling up the DagBag from /home/airflow/.local/lib/python3.6/site-packages/airflow/example_dags/example_latest_only_with_trigger.py
[2024-08-10 08:13:22,912] {scheduler_job.py:639} INFO - DAG(s) dict_keys(['latest_only_with_trigger']) retrieved from /home/airflow/.local/lib/python3.6/site-packages/airflow/example_dags/example_latest_only_with_trigger.py
[2024-08-10 08:13:23,077] {logging_mixin.py:104} INFO - [2024-08-10 08:13:23,076] {dag.py:1824} INFO - Sync 1 DAGs
[2024-08-10 08:13:23,110] {logging_mixin.py:104} INFO - [2024-08-10 08:13:23,110] {dag.py:2280} INFO - Setting next_dagrun for latest_only_with_trigger to 2024-08-08 00:00:00+00:00
[2024-08-10 08:13:23,133] {scheduler_job.py:190} INFO - Processing /home/airflow/.local/lib/python3.6/site-packages/airflow/example_dags/example_latest_only_with_trigger.py took 0.266 seconds
[2024-08-10 08:16:02,906] {scheduler_job.py:182} INFO - Started process (PID=61571) to work on /home/airflow/.local/lib/python3.6/site-packages/airflow/example_dags/example_latest_only_with_trigger.py
[2024-08-10 08:16:02,910] {scheduler_job.py:629} INFO - Processing file /home/airflow/.local/lib/python3.6/site-packages/airflow/example_dags/example_latest_only_with_trigger.py for tasks to queue
[2024-08-10 08:16:02,911] {logging_mixin.py:104} INFO - [2024-08-10 08:16:02,911] {dagbag.py:451} INFO - Filling up the DagBag from /home/airflow/.local/lib/python3.6/site-packages/airflow/example_dags/example_latest_only_with_trigger.py
[2024-08-10 08:16:02,924] {scheduler_job.py:639} INFO - DAG(s) dict_keys(['latest_only_with_trigger']) retrieved from /home/airflow/.local/lib/python3.6/site-packages/airflow/example_dags/example_latest_only_with_trigger.py
[2024-08-10 08:16:03,003] {logging_mixin.py:104} INFO - [2024-08-10 08:16:03,003] {dag.py:1824} INFO - Sync 1 DAGs
[2024-08-10 08:16:03,027] {logging_mixin.py:104} INFO - [2024-08-10 08:16:03,027] {dag.py:2280} INFO - Setting next_dagrun for latest_only_with_trigger to 2024-08-08 00:00:00+00:00
[2024-08-10 08:16:03,043] {scheduler_job.py:190} INFO - Processing /home/airflow/.local/lib/python3.6/site-packages/airflow/example_dags/example_latest_only_with_trigger.py took 0.141 seconds
[2024-08-10 08:16:33,417] {scheduler_job.py:182} INFO - Started process (PID=61600) to work on /home/airflow/.local/lib/python3.6/site-packages/airflow/example_dags/example_latest_only_with_trigger.py
[2024-08-10 08:16:33,420] {scheduler_job.py:629} INFO - Processing file /home/airflow/.local/lib/python3.6/site-packages/airflow/example_dags/example_latest_only_with_trigger.py for tasks to queue
[2024-08-10 08:16:33,421] {logging_mixin.py:104} INFO - [2024-08-10 08:16:33,421] {dagbag.py:451} INFO - Filling up the DagBag from /home/airflow/.local/lib/python3.6/site-packages/airflow/example_dags/example_latest_only_with_trigger.py
[2024-08-10 08:16:33,428] {scheduler_job.py:639} INFO - DAG(s) dict_keys(['latest_only_with_trigger']) retrieved from /home/airflow/.local/lib/python3.6/site-packages/airflow/example_dags/example_latest_only_with_trigger.py
[2024-08-10 08:16:33,492] {logging_mixin.py:104} INFO - [2024-08-10 08:16:33,492] {dag.py:1824} INFO - Sync 1 DAGs
[2024-08-10 08:16:33,509] {logging_mixin.py:104} INFO - [2024-08-10 08:16:33,509] {dag.py:2280} INFO - Setting next_dagrun for latest_only_with_trigger to 2024-08-08 00:00:00+00:00
[2024-08-10 08:16:33,521] {scheduler_job.py:190} INFO - Processing /home/airflow/.local/lib/python3.6/site-packages/airflow/example_dags/example_latest_only_with_trigger.py took 0.107 seconds
[2024-08-10 08:17:04,250] {scheduler_job.py:182} INFO - Started process (PID=61629) to work on /home/airflow/.local/lib/python3.6/site-packages/airflow/example_dags/example_latest_only_with_trigger.py
[2024-08-10 08:17:04,252] {scheduler_job.py:629} INFO - Processing file /home/airflow/.local/lib/python3.6/site-packages/airflow/example_dags/example_latest_only_with_trigger.py for tasks to queue
[2024-08-10 08:17:04,255] {logging_mixin.py:104} INFO - [2024-08-10 08:17:04,254] {dagbag.py:451} INFO - Filling up the DagBag from /home/airflow/.local/lib/python3.6/site-packages/airflow/example_dags/example_latest_only_with_trigger.py
[2024-08-10 08:17:04,262] {scheduler_job.py:639} INFO - DAG(s) dict_keys(['latest_only_with_trigger']) retrieved from /home/airflow/.local/lib/python3.6/site-packages/airflow/example_dags/example_latest_only_with_trigger.py
[2024-08-10 08:17:04,330] {logging_mixin.py:104} INFO - [2024-08-10 08:17:04,330] {dag.py:1824} INFO - Sync 1 DAGs
[2024-08-10 08:17:04,348] {logging_mixin.py:104} INFO - [2024-08-10 08:17:04,347] {dag.py:2280} INFO - Setting next_dagrun for latest_only_with_trigger to 2024-08-08 00:00:00+00:00
[2024-08-10 08:17:04,360] {scheduler_job.py:190} INFO - Processing /home/airflow/.local/lib/python3.6/site-packages/airflow/example_dags/example_latest_only_with_trigger.py took 0.112 seconds
[2024-08-10 08:17:35,078] {scheduler_job.py:182} INFO - Started process (PID=61658) to work on /home/airflow/.local/lib/python3.6/site-packages/airflow/example_dags/example_latest_only_with_trigger.py
[2024-08-10 08:17:35,081] {scheduler_job.py:629} INFO - Processing file /home/airflow/.local/lib/python3.6/site-packages/airflow/example_dags/example_latest_only_with_trigger.py for tasks to queue
[2024-08-10 08:17:35,082] {logging_mixin.py:104} INFO - [2024-08-10 08:17:35,082] {dagbag.py:451} INFO - Filling up the DagBag from /home/airflow/.local/lib/python3.6/site-packages/airflow/example_dags/example_latest_only_with_trigger.py
[2024-08-10 08:17:35,094] {scheduler_job.py:639} INFO - DAG(s) dict_keys(['latest_only_with_trigger']) retrieved from /home/airflow/.local/lib/python3.6/site-packages/airflow/example_dags/example_latest_only_with_trigger.py
[2024-08-10 08:17:35,165] {logging_mixin.py:104} INFO - [2024-08-10 08:17:35,165] {dag.py:1824} INFO - Sync 1 DAGs
[2024-08-10 08:17:35,182] {logging_mixin.py:104} INFO - [2024-08-10 08:17:35,182] {dag.py:2280} INFO - Setting next_dagrun for latest_only_with_trigger to 2024-08-08 00:00:00+00:00
[2024-08-10 08:17:35,194] {scheduler_job.py:190} INFO - Processing /home/airflow/.local/lib/python3.6/site-packages/airflow/example_dags/example_latest_only_with_trigger.py took 0.121 seconds
[2024-08-10 08:18:05,870] {scheduler_job.py:182} INFO - Started process (PID=61687) to work on /home/airflow/.local/lib/python3.6/site-packages/airflow/example_dags/example_latest_only_with_trigger.py
[2024-08-10 08:18:05,872] {scheduler_job.py:629} INFO - Processing file /home/airflow/.local/lib/python3.6/site-packages/airflow/example_dags/example_latest_only_with_trigger.py for tasks to queue
[2024-08-10 08:18:05,875] {logging_mixin.py:104} INFO - [2024-08-10 08:18:05,874] {dagbag.py:451} INFO - Filling up the DagBag from /home/airflow/.local/lib/python3.6/site-packages/airflow/example_dags/example_latest_only_with_trigger.py
[2024-08-10 08:18:05,882] {scheduler_job.py:639} INFO - DAG(s) dict_keys(['latest_only_with_trigger']) retrieved from /home/airflow/.local/lib/python3.6/site-packages/airflow/example_dags/example_latest_only_with_trigger.py
[2024-08-10 08:18:05,947] {logging_mixin.py:104} INFO - [2024-08-10 08:18:05,946] {dag.py:1824} INFO - Sync 1 DAGs
[2024-08-10 08:18:05,966] {logging_mixin.py:104} INFO - [2024-08-10 08:18:05,966] {dag.py:2280} INFO - Setting next_dagrun for latest_only_with_trigger to 2024-08-08 00:00:00+00:00
[2024-08-10 08:18:05,989] {scheduler_job.py:190} INFO - Processing /home/airflow/.local/lib/python3.6/site-packages/airflow/example_dags/example_latest_only_with_trigger.py took 0.121 seconds
[2024-08-10 08:18:36,643] {scheduler_job.py:182} INFO - Started process (PID=61716) to work on /home/airflow/.local/lib/python3.6/site-packages/airflow/example_dags/example_latest_only_with_trigger.py
[2024-08-10 08:18:36,646] {scheduler_job.py:629} INFO - Processing file /home/airflow/.local/lib/python3.6/site-packages/airflow/example_dags/example_latest_only_with_trigger.py for tasks to queue
[2024-08-10 08:18:36,649] {logging_mixin.py:104} INFO - [2024-08-10 08:18:36,649] {dagbag.py:451} INFO - Filling up the DagBag from /home/airflow/.local/lib/python3.6/site-packages/airflow/example_dags/example_latest_only_with_trigger.py
[2024-08-10 08:18:36,660] {scheduler_job.py:639} INFO - DAG(s) dict_keys(['latest_only_with_trigger']) retrieved from /home/airflow/.local/lib/python3.6/site-packages/airflow/example_dags/example_latest_only_with_trigger.py
[2024-08-10 08:18:36,734] {logging_mixin.py:104} INFO - [2024-08-10 08:18:36,734] {dag.py:1824} INFO - Sync 1 DAGs
[2024-08-10 08:18:36,753] {logging_mixin.py:104} INFO - [2024-08-10 08:18:36,753] {dag.py:2280} INFO - Setting next_dagrun for latest_only_with_trigger to 2024-08-08 00:00:00+00:00
[2024-08-10 08:18:36,766] {scheduler_job.py:190} INFO - Processing /home/airflow/.local/lib/python3.6/site-packages/airflow/example_dags/example_latest_only_with_trigger.py took 0.126 seconds
[2024-08-10 08:19:07,475] {scheduler_job.py:182} INFO - Started process (PID=61745) to work on /home/airflow/.local/lib/python3.6/site-packages/airflow/example_dags/example_latest_only_with_trigger.py
[2024-08-10 08:19:07,476] {scheduler_job.py:629} INFO - Processing file /home/airflow/.local/lib/python3.6/site-packages/airflow/example_dags/example_latest_only_with_trigger.py for tasks to queue
[2024-08-10 08:19:07,477] {logging_mixin.py:104} INFO - [2024-08-10 08:19:07,477] {dagbag.py:451} INFO - Filling up the DagBag from /home/airflow/.local/lib/python3.6/site-packages/airflow/example_dags/example_latest_only_with_trigger.py
[2024-08-10 08:19:07,486] {scheduler_job.py:639} INFO - DAG(s) dict_keys(['latest_only_with_trigger']) retrieved from /home/airflow/.local/lib/python3.6/site-packages/airflow/example_dags/example_latest_only_with_trigger.py
[2024-08-10 08:19:07,554] {logging_mixin.py:104} INFO - [2024-08-10 08:19:07,554] {dag.py:1824} INFO - Sync 1 DAGs
[2024-08-10 08:19:07,570] {logging_mixin.py:104} INFO - [2024-08-10 08:19:07,570] {dag.py:2280} INFO - Setting next_dagrun for latest_only_with_trigger to 2024-08-08 00:00:00+00:00
[2024-08-10 08:19:07,581] {scheduler_job.py:190} INFO - Processing /home/airflow/.local/lib/python3.6/site-packages/airflow/example_dags/example_latest_only_with_trigger.py took 0.109 seconds
[2024-08-10 08:19:38,193] {scheduler_job.py:182} INFO - Started process (PID=61774) to work on /home/airflow/.local/lib/python3.6/site-packages/airflow/example_dags/example_latest_only_with_trigger.py
[2024-08-10 08:19:38,195] {scheduler_job.py:629} INFO - Processing file /home/airflow/.local/lib/python3.6/site-packages/airflow/example_dags/example_latest_only_with_trigger.py for tasks to queue
[2024-08-10 08:19:38,195] {logging_mixin.py:104} INFO - [2024-08-10 08:19:38,195] {dagbag.py:451} INFO - Filling up the DagBag from /home/airflow/.local/lib/python3.6/site-packages/airflow/example_dags/example_latest_only_with_trigger.py
[2024-08-10 08:19:38,206] {scheduler_job.py:639} INFO - DAG(s) dict_keys(['latest_only_with_trigger']) retrieved from /home/airflow/.local/lib/python3.6/site-packages/airflow/example_dags/example_latest_only_with_trigger.py
[2024-08-10 08:19:38,273] {logging_mixin.py:104} INFO - [2024-08-10 08:19:38,273] {dag.py:1824} INFO - Sync 1 DAGs
[2024-08-10 08:19:38,290] {logging_mixin.py:104} INFO - [2024-08-10 08:19:38,289] {dag.py:2280} INFO - Setting next_dagrun for latest_only_with_trigger to 2024-08-08 00:00:00+00:00
[2024-08-10 08:19:38,301] {scheduler_job.py:190} INFO - Processing /home/airflow/.local/lib/python3.6/site-packages/airflow/example_dags/example_latest_only_with_trigger.py took 0.112 seconds
[2024-08-10 08:20:08,899] {scheduler_job.py:182} INFO - Started process (PID=61803) to work on /home/airflow/.local/lib/python3.6/site-packages/airflow/example_dags/example_latest_only_with_trigger.py
[2024-08-10 08:20:08,900] {scheduler_job.py:629} INFO - Processing file /home/airflow/.local/lib/python3.6/site-packages/airflow/example_dags/example_latest_only_with_trigger.py for tasks to queue
[2024-08-10 08:20:08,901] {logging_mixin.py:104} INFO - [2024-08-10 08:20:08,900] {dagbag.py:451} INFO - Filling up the DagBag from /home/airflow/.local/lib/python3.6/site-packages/airflow/example_dags/example_latest_only_with_trigger.py
[2024-08-10 08:20:08,910] {scheduler_job.py:639} INFO - DAG(s) dict_keys(['latest_only_with_trigger']) retrieved from /home/airflow/.local/lib/python3.6/site-packages/airflow/example_dags/example_latest_only_with_trigger.py
[2024-08-10 08:20:08,976] {logging_mixin.py:104} INFO - [2024-08-10 08:20:08,976] {dag.py:1824} INFO - Sync 1 DAGs
[2024-08-10 08:20:08,993] {logging_mixin.py:104} INFO - [2024-08-10 08:20:08,993] {dag.py:2280} INFO - Setting next_dagrun for latest_only_with_trigger to 2024-08-08 00:00:00+00:00
[2024-08-10 08:20:09,004] {scheduler_job.py:190} INFO - Processing /home/airflow/.local/lib/python3.6/site-packages/airflow/example_dags/example_latest_only_with_trigger.py took 0.107 seconds
[2024-08-10 08:20:39,738] {scheduler_job.py:182} INFO - Started process (PID=61832) to work on /home/airflow/.local/lib/python3.6/site-packages/airflow/example_dags/example_latest_only_with_trigger.py
[2024-08-10 08:20:39,740] {scheduler_job.py:629} INFO - Processing file /home/airflow/.local/lib/python3.6/site-packages/airflow/example_dags/example_latest_only_with_trigger.py for tasks to queue
[2024-08-10 08:20:39,743] {logging_mixin.py:104} INFO - [2024-08-10 08:20:39,743] {dagbag.py:451} INFO - Filling up the DagBag from /home/airflow/.local/lib/python3.6/site-packages/airflow/example_dags/example_latest_only_with_trigger.py
[2024-08-10 08:20:39,752] {scheduler_job.py:639} INFO - DAG(s) dict_keys(['latest_only_with_trigger']) retrieved from /home/airflow/.local/lib/python3.6/site-packages/airflow/example_dags/example_latest_only_with_trigger.py
[2024-08-10 08:20:39,818] {logging_mixin.py:104} INFO - [2024-08-10 08:20:39,818] {dag.py:1824} INFO - Sync 1 DAGs
[2024-08-10 08:20:39,835] {logging_mixin.py:104} INFO - [2024-08-10 08:20:39,835] {dag.py:2280} INFO - Setting next_dagrun for latest_only_with_trigger to 2024-08-08 00:00:00+00:00
[2024-08-10 08:20:39,846] {scheduler_job.py:190} INFO - Processing /home/airflow/.local/lib/python3.6/site-packages/airflow/example_dags/example_latest_only_with_trigger.py took 0.111 seconds
[2024-08-10 08:21:10,456] {scheduler_job.py:182} INFO - Started process (PID=61861) to work on /home/airflow/.local/lib/python3.6/site-packages/airflow/example_dags/example_latest_only_with_trigger.py
[2024-08-10 08:21:10,457] {scheduler_job.py:629} INFO - Processing file /home/airflow/.local/lib/python3.6/site-packages/airflow/example_dags/example_latest_only_with_trigger.py for tasks to queue
[2024-08-10 08:21:10,460] {logging_mixin.py:104} INFO - [2024-08-10 08:21:10,460] {dagbag.py:451} INFO - Filling up the DagBag from /home/airflow/.local/lib/python3.6/site-packages/airflow/example_dags/example_latest_only_with_trigger.py
[2024-08-10 08:21:10,468] {scheduler_job.py:639} INFO - DAG(s) dict_keys(['latest_only_with_trigger']) retrieved from /home/airflow/.local/lib/python3.6/site-packages/airflow/example_dags/example_latest_only_with_trigger.py
[2024-08-10 08:21:10,532] {logging_mixin.py:104} INFO - [2024-08-10 08:21:10,532] {dag.py:1824} INFO - Sync 1 DAGs
[2024-08-10 08:21:10,551] {logging_mixin.py:104} INFO - [2024-08-10 08:21:10,551] {dag.py:2280} INFO - Setting next_dagrun for latest_only_with_trigger to 2024-08-08 00:00:00+00:00
[2024-08-10 08:21:10,563] {scheduler_job.py:190} INFO - Processing /home/airflow/.local/lib/python3.6/site-packages/airflow/example_dags/example_latest_only_with_trigger.py took 0.110 seconds
[2024-08-10 08:21:41,205] {scheduler_job.py:182} INFO - Started process (PID=61890) to work on /home/airflow/.local/lib/python3.6/site-packages/airflow/example_dags/example_latest_only_with_trigger.py
[2024-08-10 08:21:41,206] {scheduler_job.py:629} INFO - Processing file /home/airflow/.local/lib/python3.6/site-packages/airflow/example_dags/example_latest_only_with_trigger.py for tasks to queue
[2024-08-10 08:21:41,209] {logging_mixin.py:104} INFO - [2024-08-10 08:21:41,209] {dagbag.py:451} INFO - Filling up the DagBag from /home/airflow/.local/lib/python3.6/site-packages/airflow/example_dags/example_latest_only_with_trigger.py
[2024-08-10 08:21:41,215] {scheduler_job.py:639} INFO - DAG(s) dict_keys(['latest_only_with_trigger']) retrieved from /home/airflow/.local/lib/python3.6/site-packages/airflow/example_dags/example_latest_only_with_trigger.py
[2024-08-10 08:21:41,274] {logging_mixin.py:104} INFO - [2024-08-10 08:21:41,274] {dag.py:1824} INFO - Sync 1 DAGs
[2024-08-10 08:21:41,291] {logging_mixin.py:104} INFO - [2024-08-10 08:21:41,291] {dag.py:2280} INFO - Setting next_dagrun for latest_only_with_trigger to 2024-08-08 00:00:00+00:00
[2024-08-10 08:21:41,303] {scheduler_job.py:190} INFO - Processing /home/airflow/.local/lib/python3.6/site-packages/airflow/example_dags/example_latest_only_with_trigger.py took 0.100 seconds
[2024-08-10 08:22:11,982] {scheduler_job.py:182} INFO - Started process (PID=61919) to work on /home/airflow/.local/lib/python3.6/site-packages/airflow/example_dags/example_latest_only_with_trigger.py
[2024-08-10 08:22:11,984] {scheduler_job.py:629} INFO - Processing file /home/airflow/.local/lib/python3.6/site-packages/airflow/example_dags/example_latest_only_with_trigger.py for tasks to queue
[2024-08-10 08:22:11,987] {logging_mixin.py:104} INFO - [2024-08-10 08:22:11,987] {dagbag.py:451} INFO - Filling up the DagBag from /home/airflow/.local/lib/python3.6/site-packages/airflow/example_dags/example_latest_only_with_trigger.py
[2024-08-10 08:22:11,997] {scheduler_job.py:639} INFO - DAG(s) dict_keys(['latest_only_with_trigger']) retrieved from /home/airflow/.local/lib/python3.6/site-packages/airflow/example_dags/example_latest_only_with_trigger.py
[2024-08-10 08:22:12,066] {logging_mixin.py:104} INFO - [2024-08-10 08:22:12,066] {dag.py:1824} INFO - Sync 1 DAGs
[2024-08-10 08:22:12,086] {logging_mixin.py:104} INFO - [2024-08-10 08:22:12,086] {dag.py:2280} INFO - Setting next_dagrun for latest_only_with_trigger to 2024-08-08 00:00:00+00:00
[2024-08-10 08:22:12,099] {scheduler_job.py:190} INFO - Processing /home/airflow/.local/lib/python3.6/site-packages/airflow/example_dags/example_latest_only_with_trigger.py took 0.122 seconds
[2024-08-10 08:22:42,766] {scheduler_job.py:182} INFO - Started process (PID=61948) to work on /home/airflow/.local/lib/python3.6/site-packages/airflow/example_dags/example_latest_only_with_trigger.py
[2024-08-10 08:22:42,767] {scheduler_job.py:629} INFO - Processing file /home/airflow/.local/lib/python3.6/site-packages/airflow/example_dags/example_latest_only_with_trigger.py for tasks to queue
[2024-08-10 08:22:42,770] {logging_mixin.py:104} INFO - [2024-08-10 08:22:42,770] {dagbag.py:451} INFO - Filling up the DagBag from /home/airflow/.local/lib/python3.6/site-packages/airflow/example_dags/example_latest_only_with_trigger.py
[2024-08-10 08:22:42,780] {scheduler_job.py:639} INFO - DAG(s) dict_keys(['latest_only_with_trigger']) retrieved from /home/airflow/.local/lib/python3.6/site-packages/airflow/example_dags/example_latest_only_with_trigger.py
[2024-08-10 08:22:42,852] {logging_mixin.py:104} INFO - [2024-08-10 08:22:42,852] {dag.py:1824} INFO - Sync 1 DAGs
[2024-08-10 08:22:42,871] {logging_mixin.py:104} INFO - [2024-08-10 08:22:42,871] {dag.py:2280} INFO - Setting next_dagrun for latest_only_with_trigger to 2024-08-08 00:00:00+00:00
[2024-08-10 08:22:42,883] {scheduler_job.py:190} INFO - Processing /home/airflow/.local/lib/python3.6/site-packages/airflow/example_dags/example_latest_only_with_trigger.py took 0.121 seconds
[2024-08-10 19:59:43,831] {scheduler_job.py:182} INFO - Started process (PID=41) to work on /home/airflow/.local/lib/python3.6/site-packages/airflow/example_dags/example_latest_only_with_trigger.py
[2024-08-10 19:59:43,832] {scheduler_job.py:629} INFO - Processing file /home/airflow/.local/lib/python3.6/site-packages/airflow/example_dags/example_latest_only_with_trigger.py for tasks to queue
[2024-08-10 19:59:43,833] {logging_mixin.py:104} INFO - [2024-08-10 19:59:43,833] {dagbag.py:451} INFO - Filling up the DagBag from /home/airflow/.local/lib/python3.6/site-packages/airflow/example_dags/example_latest_only_with_trigger.py
[2024-08-10 19:59:43,844] {scheduler_job.py:639} INFO - DAG(s) dict_keys(['latest_only_with_trigger']) retrieved from /home/airflow/.local/lib/python3.6/site-packages/airflow/example_dags/example_latest_only_with_trigger.py
[2024-08-10 19:59:43,928] {logging_mixin.py:104} INFO - [2024-08-10 19:59:43,928] {dag.py:1824} INFO - Sync 1 DAGs
[2024-08-10 19:59:43,949] {logging_mixin.py:104} INFO - [2024-08-10 19:59:43,949] {dag.py:2280} INFO - Setting next_dagrun for latest_only_with_trigger to 2024-08-08 00:00:00+00:00
[2024-08-10 19:59:43,963] {scheduler_job.py:190} INFO - Processing /home/airflow/.local/lib/python3.6/site-packages/airflow/example_dags/example_latest_only_with_trigger.py took 0.134 seconds
[2024-08-10 20:00:14,819] {scheduler_job.py:182} INFO - Started process (PID=70) to work on /home/airflow/.local/lib/python3.6/site-packages/airflow/example_dags/example_latest_only_with_trigger.py
[2024-08-10 20:00:14,820] {scheduler_job.py:629} INFO - Processing file /home/airflow/.local/lib/python3.6/site-packages/airflow/example_dags/example_latest_only_with_trigger.py for tasks to queue
[2024-08-10 20:00:14,820] {logging_mixin.py:104} INFO - [2024-08-10 20:00:14,820] {dagbag.py:451} INFO - Filling up the DagBag from /home/airflow/.local/lib/python3.6/site-packages/airflow/example_dags/example_latest_only_with_trigger.py
[2024-08-10 20:00:14,826] {scheduler_job.py:639} INFO - DAG(s) dict_keys(['latest_only_with_trigger']) retrieved from /home/airflow/.local/lib/python3.6/site-packages/airflow/example_dags/example_latest_only_with_trigger.py
[2024-08-10 20:00:14,884] {logging_mixin.py:104} INFO - [2024-08-10 20:00:14,884] {dag.py:1824} INFO - Sync 1 DAGs
[2024-08-10 20:00:14,900] {logging_mixin.py:104} INFO - [2024-08-10 20:00:14,900] {dag.py:2280} INFO - Setting next_dagrun for latest_only_with_trigger to 2024-08-08 00:00:00+00:00
[2024-08-10 20:00:14,910] {scheduler_job.py:190} INFO - Processing /home/airflow/.local/lib/python3.6/site-packages/airflow/example_dags/example_latest_only_with_trigger.py took 0.093 seconds
[2024-08-10 21:00:36,851] {scheduler_job.py:182} INFO - Started process (PID=99) to work on /home/airflow/.local/lib/python3.6/site-packages/airflow/example_dags/example_latest_only_with_trigger.py
[2024-08-10 21:00:36,852] {scheduler_job.py:629} INFO - Processing file /home/airflow/.local/lib/python3.6/site-packages/airflow/example_dags/example_latest_only_with_trigger.py for tasks to queue
[2024-08-10 21:00:36,853] {logging_mixin.py:104} INFO - [2024-08-10 21:00:36,853] {dagbag.py:451} INFO - Filling up the DagBag from /home/airflow/.local/lib/python3.6/site-packages/airflow/example_dags/example_latest_only_with_trigger.py
[2024-08-10 21:00:36,860] {scheduler_job.py:639} INFO - DAG(s) dict_keys(['latest_only_with_trigger']) retrieved from /home/airflow/.local/lib/python3.6/site-packages/airflow/example_dags/example_latest_only_with_trigger.py
[2024-08-10 21:00:36,931] {logging_mixin.py:104} INFO - [2024-08-10 21:00:36,931] {dag.py:1824} INFO - Sync 1 DAGs
[2024-08-10 21:00:36,952] {logging_mixin.py:104} INFO - [2024-08-10 21:00:36,952] {dag.py:2280} INFO - Setting next_dagrun for latest_only_with_trigger to 2024-08-08 00:00:00+00:00
[2024-08-10 21:00:36,964] {scheduler_job.py:190} INFO - Processing /home/airflow/.local/lib/python3.6/site-packages/airflow/example_dags/example_latest_only_with_trigger.py took 0.115 seconds
[2024-08-10 21:01:07,834] {scheduler_job.py:182} INFO - Started process (PID=128) to work on /home/airflow/.local/lib/python3.6/site-packages/airflow/example_dags/example_latest_only_with_trigger.py
[2024-08-10 21:01:07,835] {scheduler_job.py:629} INFO - Processing file /home/airflow/.local/lib/python3.6/site-packages/airflow/example_dags/example_latest_only_with_trigger.py for tasks to queue
[2024-08-10 21:01:07,835] {logging_mixin.py:104} INFO - [2024-08-10 21:01:07,835] {dagbag.py:451} INFO - Filling up the DagBag from /home/airflow/.local/lib/python3.6/site-packages/airflow/example_dags/example_latest_only_with_trigger.py
[2024-08-10 21:01:07,842] {scheduler_job.py:639} INFO - DAG(s) dict_keys(['latest_only_with_trigger']) retrieved from /home/airflow/.local/lib/python3.6/site-packages/airflow/example_dags/example_latest_only_with_trigger.py
[2024-08-10 21:01:07,900] {logging_mixin.py:104} INFO - [2024-08-10 21:01:07,900] {dag.py:1824} INFO - Sync 1 DAGs
[2024-08-10 21:01:07,916] {logging_mixin.py:104} INFO - [2024-08-10 21:01:07,916] {dag.py:2280} INFO - Setting next_dagrun for latest_only_with_trigger to 2024-08-08 00:00:00+00:00
[2024-08-10 21:01:07,927] {scheduler_job.py:190} INFO - Processing /home/airflow/.local/lib/python3.6/site-packages/airflow/example_dags/example_latest_only_with_trigger.py took 0.094 seconds
[2024-08-10 21:16:45,190] {scheduler_job.py:182} INFO - Started process (PID=157) to work on /home/airflow/.local/lib/python3.6/site-packages/airflow/example_dags/example_latest_only_with_trigger.py
[2024-08-10 21:16:45,191] {scheduler_job.py:629} INFO - Processing file /home/airflow/.local/lib/python3.6/site-packages/airflow/example_dags/example_latest_only_with_trigger.py for tasks to queue
[2024-08-10 21:16:45,192] {logging_mixin.py:104} INFO - [2024-08-10 21:16:45,192] {dagbag.py:451} INFO - Filling up the DagBag from /home/airflow/.local/lib/python3.6/site-packages/airflow/example_dags/example_latest_only_with_trigger.py
[2024-08-10 21:16:45,200] {scheduler_job.py:639} INFO - DAG(s) dict_keys(['latest_only_with_trigger']) retrieved from /home/airflow/.local/lib/python3.6/site-packages/airflow/example_dags/example_latest_only_with_trigger.py
[2024-08-10 21:16:45,278] {logging_mixin.py:104} INFO - [2024-08-10 21:16:45,278] {dag.py:1824} INFO - Sync 1 DAGs
[2024-08-10 21:16:45,300] {logging_mixin.py:104} INFO - [2024-08-10 21:16:45,300] {dag.py:2280} INFO - Setting next_dagrun for latest_only_with_trigger to 2024-08-08 00:00:00+00:00
[2024-08-10 21:16:45,314] {scheduler_job.py:190} INFO - Processing /home/airflow/.local/lib/python3.6/site-packages/airflow/example_dags/example_latest_only_with_trigger.py took 0.126 seconds
[2024-08-10 21:21:47,796] {scheduler_job.py:182} INFO - Started process (PID=186) to work on /home/airflow/.local/lib/python3.6/site-packages/airflow/example_dags/example_latest_only_with_trigger.py
[2024-08-10 21:21:47,797] {scheduler_job.py:629} INFO - Processing file /home/airflow/.local/lib/python3.6/site-packages/airflow/example_dags/example_latest_only_with_trigger.py for tasks to queue
[2024-08-10 21:21:47,798] {logging_mixin.py:104} INFO - [2024-08-10 21:21:47,798] {dagbag.py:451} INFO - Filling up the DagBag from /home/airflow/.local/lib/python3.6/site-packages/airflow/example_dags/example_latest_only_with_trigger.py
[2024-08-10 21:21:47,807] {scheduler_job.py:639} INFO - DAG(s) dict_keys(['latest_only_with_trigger']) retrieved from /home/airflow/.local/lib/python3.6/site-packages/airflow/example_dags/example_latest_only_with_trigger.py
[2024-08-10 21:21:47,892] {logging_mixin.py:104} INFO - [2024-08-10 21:21:47,892] {dag.py:1824} INFO - Sync 1 DAGs
[2024-08-10 21:21:47,914] {logging_mixin.py:104} INFO - [2024-08-10 21:21:47,914] {dag.py:2280} INFO - Setting next_dagrun for latest_only_with_trigger to 2024-08-08 00:00:00+00:00
[2024-08-10 21:21:47,928] {scheduler_job.py:190} INFO - Processing /home/airflow/.local/lib/python3.6/site-packages/airflow/example_dags/example_latest_only_with_trigger.py took 0.134 seconds
[2024-08-10 21:22:18,834] {scheduler_job.py:182} INFO - Started process (PID=215) to work on /home/airflow/.local/lib/python3.6/site-packages/airflow/example_dags/example_latest_only_with_trigger.py
[2024-08-10 21:22:18,835] {scheduler_job.py:629} INFO - Processing file /home/airflow/.local/lib/python3.6/site-packages/airflow/example_dags/example_latest_only_with_trigger.py for tasks to queue
[2024-08-10 21:22:18,835] {logging_mixin.py:104} INFO - [2024-08-10 21:22:18,835] {dagbag.py:451} INFO - Filling up the DagBag from /home/airflow/.local/lib/python3.6/site-packages/airflow/example_dags/example_latest_only_with_trigger.py
[2024-08-10 21:22:18,841] {scheduler_job.py:639} INFO - DAG(s) dict_keys(['latest_only_with_trigger']) retrieved from /home/airflow/.local/lib/python3.6/site-packages/airflow/example_dags/example_latest_only_with_trigger.py
[2024-08-10 21:22:18,900] {logging_mixin.py:104} INFO - [2024-08-10 21:22:18,900] {dag.py:1824} INFO - Sync 1 DAGs
[2024-08-10 21:22:18,916] {logging_mixin.py:104} INFO - [2024-08-10 21:22:18,916] {dag.py:2280} INFO - Setting next_dagrun for latest_only_with_trigger to 2024-08-08 00:00:00+00:00
[2024-08-10 21:22:18,926] {scheduler_job.py:190} INFO - Processing /home/airflow/.local/lib/python3.6/site-packages/airflow/example_dags/example_latest_only_with_trigger.py took 0.094 seconds
[2024-08-10 21:45:45,412] {scheduler_job.py:182} INFO - Started process (PID=244) to work on /home/airflow/.local/lib/python3.6/site-packages/airflow/example_dags/example_latest_only_with_trigger.py
[2024-08-10 21:45:45,413] {scheduler_job.py:629} INFO - Processing file /home/airflow/.local/lib/python3.6/site-packages/airflow/example_dags/example_latest_only_with_trigger.py for tasks to queue
[2024-08-10 21:45:45,415] {logging_mixin.py:104} INFO - [2024-08-10 21:45:45,415] {dagbag.py:451} INFO - Filling up the DagBag from /home/airflow/.local/lib/python3.6/site-packages/airflow/example_dags/example_latest_only_with_trigger.py
[2024-08-10 21:45:45,423] {scheduler_job.py:639} INFO - DAG(s) dict_keys(['latest_only_with_trigger']) retrieved from /home/airflow/.local/lib/python3.6/site-packages/airflow/example_dags/example_latest_only_with_trigger.py
[2024-08-10 21:45:45,497] {logging_mixin.py:104} INFO - [2024-08-10 21:45:45,497] {dag.py:1824} INFO - Sync 1 DAGs
[2024-08-10 21:45:45,534] {logging_mixin.py:104} INFO - [2024-08-10 21:45:45,534] {dag.py:2280} INFO - Setting next_dagrun for latest_only_with_trigger to 2024-08-08 00:00:00+00:00
[2024-08-10 21:45:45,548] {scheduler_job.py:190} INFO - Processing /home/airflow/.local/lib/python3.6/site-packages/airflow/example_dags/example_latest_only_with_trigger.py took 0.139 seconds
[2024-08-10 21:46:16,518] {scheduler_job.py:182} INFO - Started process (PID=273) to work on /home/airflow/.local/lib/python3.6/site-packages/airflow/example_dags/example_latest_only_with_trigger.py
[2024-08-10 21:46:16,519] {scheduler_job.py:629} INFO - Processing file /home/airflow/.local/lib/python3.6/site-packages/airflow/example_dags/example_latest_only_with_trigger.py for tasks to queue
[2024-08-10 21:46:16,519] {logging_mixin.py:104} INFO - [2024-08-10 21:46:16,519] {dagbag.py:451} INFO - Filling up the DagBag from /home/airflow/.local/lib/python3.6/site-packages/airflow/example_dags/example_latest_only_with_trigger.py
[2024-08-10 21:46:16,525] {scheduler_job.py:639} INFO - DAG(s) dict_keys(['latest_only_with_trigger']) retrieved from /home/airflow/.local/lib/python3.6/site-packages/airflow/example_dags/example_latest_only_with_trigger.py
[2024-08-10 21:46:16,583] {logging_mixin.py:104} INFO - [2024-08-10 21:46:16,583] {dag.py:1824} INFO - Sync 1 DAGs
[2024-08-10 21:46:16,600] {logging_mixin.py:104} INFO - [2024-08-10 21:46:16,600] {dag.py:2280} INFO - Setting next_dagrun for latest_only_with_trigger to 2024-08-08 00:00:00+00:00
[2024-08-10 21:46:16,611] {scheduler_job.py:190} INFO - Processing /home/airflow/.local/lib/python3.6/site-packages/airflow/example_dags/example_latest_only_with_trigger.py took 0.094 seconds
[2024-08-10 22:01:46,846] {scheduler_job.py:182} INFO - Started process (PID=302) to work on /home/airflow/.local/lib/python3.6/site-packages/airflow/example_dags/example_latest_only_with_trigger.py
[2024-08-10 22:01:46,848] {scheduler_job.py:629} INFO - Processing file /home/airflow/.local/lib/python3.6/site-packages/airflow/example_dags/example_latest_only_with_trigger.py for tasks to queue
[2024-08-10 22:01:46,850] {logging_mixin.py:104} INFO - [2024-08-10 22:01:46,850] {dagbag.py:451} INFO - Filling up the DagBag from /home/airflow/.local/lib/python3.6/site-packages/airflow/example_dags/example_latest_only_with_trigger.py
[2024-08-10 22:01:46,858] {scheduler_job.py:639} INFO - DAG(s) dict_keys(['latest_only_with_trigger']) retrieved from /home/airflow/.local/lib/python3.6/site-packages/airflow/example_dags/example_latest_only_with_trigger.py
[2024-08-10 22:01:46,932] {logging_mixin.py:104} INFO - [2024-08-10 22:01:46,932] {dag.py:1824} INFO - Sync 1 DAGs
[2024-08-10 22:01:46,967] {logging_mixin.py:104} INFO - [2024-08-10 22:01:46,967] {dag.py:2280} INFO - Setting next_dagrun for latest_only_with_trigger to 2024-08-08 00:00:00+00:00
[2024-08-10 22:01:46,990] {scheduler_job.py:190} INFO - Processing /home/airflow/.local/lib/python3.6/site-packages/airflow/example_dags/example_latest_only_with_trigger.py took 0.147 seconds
[2024-08-10 22:08:19,661] {scheduler_job.py:182} INFO - Started process (PID=331) to work on /home/airflow/.local/lib/python3.6/site-packages/airflow/example_dags/example_latest_only_with_trigger.py
[2024-08-10 22:08:19,662] {scheduler_job.py:629} INFO - Processing file /home/airflow/.local/lib/python3.6/site-packages/airflow/example_dags/example_latest_only_with_trigger.py for tasks to queue
[2024-08-10 22:08:19,665] {logging_mixin.py:104} INFO - [2024-08-10 22:08:19,665] {dagbag.py:451} INFO - Filling up the DagBag from /home/airflow/.local/lib/python3.6/site-packages/airflow/example_dags/example_latest_only_with_trigger.py
[2024-08-10 22:08:19,676] {scheduler_job.py:639} INFO - DAG(s) dict_keys(['latest_only_with_trigger']) retrieved from /home/airflow/.local/lib/python3.6/site-packages/airflow/example_dags/example_latest_only_with_trigger.py
[2024-08-10 22:08:19,762] {logging_mixin.py:104} INFO - [2024-08-10 22:08:19,762] {dag.py:1824} INFO - Sync 1 DAGs
[2024-08-10 22:08:19,792] {logging_mixin.py:104} INFO - [2024-08-10 22:08:19,792] {dag.py:2280} INFO - Setting next_dagrun for latest_only_with_trigger to 2024-08-08 00:00:00+00:00
[2024-08-10 22:08:19,810] {scheduler_job.py:190} INFO - Processing /home/airflow/.local/lib/python3.6/site-packages/airflow/example_dags/example_latest_only_with_trigger.py took 0.151 seconds
[2024-08-10 22:08:49,854] {scheduler_job.py:182} INFO - Started process (PID=360) to work on /home/airflow/.local/lib/python3.6/site-packages/airflow/example_dags/example_latest_only_with_trigger.py
[2024-08-10 22:08:49,855] {scheduler_job.py:629} INFO - Processing file /home/airflow/.local/lib/python3.6/site-packages/airflow/example_dags/example_latest_only_with_trigger.py for tasks to queue
[2024-08-10 22:08:49,855] {logging_mixin.py:104} INFO - [2024-08-10 22:08:49,855] {dagbag.py:451} INFO - Filling up the DagBag from /home/airflow/.local/lib/python3.6/site-packages/airflow/example_dags/example_latest_only_with_trigger.py
[2024-08-10 22:08:49,861] {scheduler_job.py:639} INFO - DAG(s) dict_keys(['latest_only_with_trigger']) retrieved from /home/airflow/.local/lib/python3.6/site-packages/airflow/example_dags/example_latest_only_with_trigger.py
[2024-08-10 22:08:49,919] {logging_mixin.py:104} INFO - [2024-08-10 22:08:49,919] {dag.py:1824} INFO - Sync 1 DAGs
[2024-08-10 22:08:49,936] {logging_mixin.py:104} INFO - [2024-08-10 22:08:49,935] {dag.py:2280} INFO - Setting next_dagrun for latest_only_with_trigger to 2024-08-08 00:00:00+00:00
[2024-08-10 22:08:49,947] {scheduler_job.py:190} INFO - Processing /home/airflow/.local/lib/python3.6/site-packages/airflow/example_dags/example_latest_only_with_trigger.py took 0.095 seconds
[2024-08-10 22:13:48,413] {scheduler_job.py:182} INFO - Started process (PID=389) to work on /home/airflow/.local/lib/python3.6/site-packages/airflow/example_dags/example_latest_only_with_trigger.py
[2024-08-10 22:13:48,414] {scheduler_job.py:629} INFO - Processing file /home/airflow/.local/lib/python3.6/site-packages/airflow/example_dags/example_latest_only_with_trigger.py for tasks to queue
[2024-08-10 22:13:48,416] {logging_mixin.py:104} INFO - [2024-08-10 22:13:48,416] {dagbag.py:451} INFO - Filling up the DagBag from /home/airflow/.local/lib/python3.6/site-packages/airflow/example_dags/example_latest_only_with_trigger.py
[2024-08-10 22:13:48,424] {scheduler_job.py:639} INFO - DAG(s) dict_keys(['latest_only_with_trigger']) retrieved from /home/airflow/.local/lib/python3.6/site-packages/airflow/example_dags/example_latest_only_with_trigger.py
[2024-08-10 22:13:48,495] {logging_mixin.py:104} INFO - [2024-08-10 22:13:48,494] {dag.py:1824} INFO - Sync 1 DAGs
[2024-08-10 22:13:48,516] {logging_mixin.py:104} INFO - [2024-08-10 22:13:48,516] {dag.py:2280} INFO - Setting next_dagrun for latest_only_with_trigger to 2024-08-08 00:00:00+00:00
[2024-08-10 22:13:48,529] {scheduler_job.py:190} INFO - Processing /home/airflow/.local/lib/python3.6/site-packages/airflow/example_dags/example_latest_only_with_trigger.py took 0.118 seconds
[2024-08-10 22:17:45,732] {scheduler_job.py:182} INFO - Started process (PID=418) to work on /home/airflow/.local/lib/python3.6/site-packages/airflow/example_dags/example_latest_only_with_trigger.py
[2024-08-10 22:17:45,732] {scheduler_job.py:629} INFO - Processing file /home/airflow/.local/lib/python3.6/site-packages/airflow/example_dags/example_latest_only_with_trigger.py for tasks to queue
[2024-08-10 22:17:45,733] {logging_mixin.py:104} INFO - [2024-08-10 22:17:45,733] {dagbag.py:451} INFO - Filling up the DagBag from /home/airflow/.local/lib/python3.6/site-packages/airflow/example_dags/example_latest_only_with_trigger.py
[2024-08-10 22:17:45,740] {scheduler_job.py:639} INFO - DAG(s) dict_keys(['latest_only_with_trigger']) retrieved from /home/airflow/.local/lib/python3.6/site-packages/airflow/example_dags/example_latest_only_with_trigger.py
[2024-08-10 22:17:45,807] {logging_mixin.py:104} INFO - [2024-08-10 22:17:45,807] {dag.py:1824} INFO - Sync 1 DAGs
[2024-08-10 22:17:45,825] {logging_mixin.py:104} INFO - [2024-08-10 22:17:45,825] {dag.py:2280} INFO - Setting next_dagrun for latest_only_with_trigger to 2024-08-08 00:00:00+00:00
[2024-08-10 22:17:45,838] {scheduler_job.py:190} INFO - Processing /home/airflow/.local/lib/python3.6/site-packages/airflow/example_dags/example_latest_only_with_trigger.py took 0.109 seconds
[2024-08-10 22:18:16,587] {scheduler_job.py:182} INFO - Started process (PID=447) to work on /home/airflow/.local/lib/python3.6/site-packages/airflow/example_dags/example_latest_only_with_trigger.py
[2024-08-10 22:18:16,588] {scheduler_job.py:629} INFO - Processing file /home/airflow/.local/lib/python3.6/site-packages/airflow/example_dags/example_latest_only_with_trigger.py for tasks to queue
[2024-08-10 22:18:16,588] {logging_mixin.py:104} INFO - [2024-08-10 22:18:16,588] {dagbag.py:451} INFO - Filling up the DagBag from /home/airflow/.local/lib/python3.6/site-packages/airflow/example_dags/example_latest_only_with_trigger.py
[2024-08-10 22:18:16,594] {scheduler_job.py:639} INFO - DAG(s) dict_keys(['latest_only_with_trigger']) retrieved from /home/airflow/.local/lib/python3.6/site-packages/airflow/example_dags/example_latest_only_with_trigger.py
[2024-08-10 22:18:16,652] {logging_mixin.py:104} INFO - [2024-08-10 22:18:16,652] {dag.py:1824} INFO - Sync 1 DAGs
[2024-08-10 22:18:16,670] {logging_mixin.py:104} INFO - [2024-08-10 22:18:16,670] {dag.py:2280} INFO - Setting next_dagrun for latest_only_with_trigger to 2024-08-08 00:00:00+00:00
[2024-08-10 22:18:16,681] {scheduler_job.py:190} INFO - Processing /home/airflow/.local/lib/python3.6/site-packages/airflow/example_dags/example_latest_only_with_trigger.py took 0.096 seconds
[2024-08-10 22:18:47,286] {scheduler_job.py:182} INFO - Started process (PID=476) to work on /home/airflow/.local/lib/python3.6/site-packages/airflow/example_dags/example_latest_only_with_trigger.py
[2024-08-10 22:18:47,287] {scheduler_job.py:629} INFO - Processing file /home/airflow/.local/lib/python3.6/site-packages/airflow/example_dags/example_latest_only_with_trigger.py for tasks to queue
[2024-08-10 22:18:47,287] {logging_mixin.py:104} INFO - [2024-08-10 22:18:47,287] {dagbag.py:451} INFO - Filling up the DagBag from /home/airflow/.local/lib/python3.6/site-packages/airflow/example_dags/example_latest_only_with_trigger.py
[2024-08-10 22:18:47,293] {scheduler_job.py:639} INFO - DAG(s) dict_keys(['latest_only_with_trigger']) retrieved from /home/airflow/.local/lib/python3.6/site-packages/airflow/example_dags/example_latest_only_with_trigger.py
[2024-08-10 22:18:47,353] {logging_mixin.py:104} INFO - [2024-08-10 22:18:47,353] {dag.py:1824} INFO - Sync 1 DAGs
[2024-08-10 22:18:47,371] {logging_mixin.py:104} INFO - [2024-08-10 22:18:47,371] {dag.py:2280} INFO - Setting next_dagrun for latest_only_with_trigger to 2024-08-08 00:00:00+00:00
[2024-08-10 22:18:47,382] {scheduler_job.py:190} INFO - Processing /home/airflow/.local/lib/python3.6/site-packages/airflow/example_dags/example_latest_only_with_trigger.py took 0.098 seconds
[2024-08-10 22:19:18,614] {scheduler_job.py:182} INFO - Started process (PID=509) to work on /home/airflow/.local/lib/python3.6/site-packages/airflow/example_dags/example_latest_only_with_trigger.py
[2024-08-10 22:19:18,614] {scheduler_job.py:629} INFO - Processing file /home/airflow/.local/lib/python3.6/site-packages/airflow/example_dags/example_latest_only_with_trigger.py for tasks to queue
[2024-08-10 22:19:18,615] {logging_mixin.py:104} INFO - [2024-08-10 22:19:18,614] {dagbag.py:451} INFO - Filling up the DagBag from /home/airflow/.local/lib/python3.6/site-packages/airflow/example_dags/example_latest_only_with_trigger.py
[2024-08-10 22:19:18,621] {scheduler_job.py:639} INFO - DAG(s) dict_keys(['latest_only_with_trigger']) retrieved from /home/airflow/.local/lib/python3.6/site-packages/airflow/example_dags/example_latest_only_with_trigger.py
[2024-08-10 22:19:18,681] {logging_mixin.py:104} INFO - [2024-08-10 22:19:18,681] {dag.py:1824} INFO - Sync 1 DAGs
[2024-08-10 22:19:18,698] {logging_mixin.py:104} INFO - [2024-08-10 22:19:18,698] {dag.py:2280} INFO - Setting next_dagrun for latest_only_with_trigger to 2024-08-08 00:00:00+00:00
[2024-08-10 22:19:18,708] {scheduler_job.py:190} INFO - Processing /home/airflow/.local/lib/python3.6/site-packages/airflow/example_dags/example_latest_only_with_trigger.py took 0.097 seconds
[2024-08-10 22:27:20,496] {scheduler_job.py:182} INFO - Started process (PID=534) to work on /home/airflow/.local/lib/python3.6/site-packages/airflow/example_dags/example_latest_only_with_trigger.py
[2024-08-10 22:27:20,499] {scheduler_job.py:629} INFO - Processing file /home/airflow/.local/lib/python3.6/site-packages/airflow/example_dags/example_latest_only_with_trigger.py for tasks to queue
[2024-08-10 22:27:20,500] {logging_mixin.py:104} INFO - [2024-08-10 22:27:20,500] {dagbag.py:451} INFO - Filling up the DagBag from /home/airflow/.local/lib/python3.6/site-packages/airflow/example_dags/example_latest_only_with_trigger.py
[2024-08-10 22:27:20,508] {scheduler_job.py:639} INFO - DAG(s) dict_keys(['latest_only_with_trigger']) retrieved from /home/airflow/.local/lib/python3.6/site-packages/airflow/example_dags/example_latest_only_with_trigger.py
[2024-08-10 22:27:20,579] {logging_mixin.py:104} INFO - [2024-08-10 22:27:20,579] {dag.py:1824} INFO - Sync 1 DAGs
[2024-08-10 22:27:20,603] {logging_mixin.py:104} INFO - [2024-08-10 22:27:20,602] {dag.py:2280} INFO - Setting next_dagrun for latest_only_with_trigger to 2024-08-08 00:00:00+00:00
[2024-08-10 22:27:20,615] {scheduler_job.py:190} INFO - Processing /home/airflow/.local/lib/python3.6/site-packages/airflow/example_dags/example_latest_only_with_trigger.py took 0.122 seconds
[2024-08-10 23:00:13,367] {scheduler_job.py:182} INFO - Started process (PID=563) to work on /home/airflow/.local/lib/python3.6/site-packages/airflow/example_dags/example_latest_only_with_trigger.py
[2024-08-10 23:00:13,370] {scheduler_job.py:629} INFO - Processing file /home/airflow/.local/lib/python3.6/site-packages/airflow/example_dags/example_latest_only_with_trigger.py for tasks to queue
[2024-08-10 23:00:13,371] {logging_mixin.py:104} INFO - [2024-08-10 23:00:13,371] {dagbag.py:451} INFO - Filling up the DagBag from /home/airflow/.local/lib/python3.6/site-packages/airflow/example_dags/example_latest_only_with_trigger.py
[2024-08-10 23:00:13,392] {scheduler_job.py:639} INFO - DAG(s) dict_keys(['latest_only_with_trigger']) retrieved from /home/airflow/.local/lib/python3.6/site-packages/airflow/example_dags/example_latest_only_with_trigger.py
[2024-08-10 23:00:13,503] {logging_mixin.py:104} INFO - [2024-08-10 23:00:13,502] {dag.py:1824} INFO - Sync 1 DAGs
[2024-08-10 23:00:13,532] {logging_mixin.py:104} INFO - [2024-08-10 23:00:13,532] {dag.py:2280} INFO - Setting next_dagrun for latest_only_with_trigger to 2024-08-08 00:00:00+00:00
[2024-08-10 23:00:13,554] {scheduler_job.py:190} INFO - Processing /home/airflow/.local/lib/python3.6/site-packages/airflow/example_dags/example_latest_only_with_trigger.py took 0.189 seconds
[2024-08-10 23:02:54,020] {scheduler_job.py:182} INFO - Started process (PID=592) to work on /home/airflow/.local/lib/python3.6/site-packages/airflow/example_dags/example_latest_only_with_trigger.py
[2024-08-10 23:02:54,022] {scheduler_job.py:629} INFO - Processing file /home/airflow/.local/lib/python3.6/site-packages/airflow/example_dags/example_latest_only_with_trigger.py for tasks to queue
[2024-08-10 23:02:54,023] {logging_mixin.py:104} INFO - [2024-08-10 23:02:54,022] {dagbag.py:451} INFO - Filling up the DagBag from /home/airflow/.local/lib/python3.6/site-packages/airflow/example_dags/example_latest_only_with_trigger.py
[2024-08-10 23:02:54,034] {scheduler_job.py:639} INFO - DAG(s) dict_keys(['latest_only_with_trigger']) retrieved from /home/airflow/.local/lib/python3.6/site-packages/airflow/example_dags/example_latest_only_with_trigger.py
[2024-08-10 23:02:54,110] {logging_mixin.py:104} INFO - [2024-08-10 23:02:54,110] {dag.py:1824} INFO - Sync 1 DAGs
[2024-08-10 23:02:54,130] {logging_mixin.py:104} INFO - [2024-08-10 23:02:54,129] {dag.py:2280} INFO - Setting next_dagrun for latest_only_with_trigger to 2024-08-08 00:00:00+00:00
[2024-08-10 23:02:54,145] {scheduler_job.py:190} INFO - Processing /home/airflow/.local/lib/python3.6/site-packages/airflow/example_dags/example_latest_only_with_trigger.py took 0.126 seconds
[2024-08-10 23:14:08,402] {scheduler_job.py:182} INFO - Started process (PID=621) to work on /home/airflow/.local/lib/python3.6/site-packages/airflow/example_dags/example_latest_only_with_trigger.py
[2024-08-10 23:14:08,404] {scheduler_job.py:629} INFO - Processing file /home/airflow/.local/lib/python3.6/site-packages/airflow/example_dags/example_latest_only_with_trigger.py for tasks to queue
[2024-08-10 23:14:08,405] {logging_mixin.py:104} INFO - [2024-08-10 23:14:08,405] {dagbag.py:451} INFO - Filling up the DagBag from /home/airflow/.local/lib/python3.6/site-packages/airflow/example_dags/example_latest_only_with_trigger.py
[2024-08-10 23:14:08,410] {scheduler_job.py:639} INFO - DAG(s) dict_keys(['latest_only_with_trigger']) retrieved from /home/airflow/.local/lib/python3.6/site-packages/airflow/example_dags/example_latest_only_with_trigger.py
[2024-08-10 23:14:08,471] {logging_mixin.py:104} INFO - [2024-08-10 23:14:08,471] {dag.py:1824} INFO - Sync 1 DAGs
[2024-08-10 23:14:08,488] {logging_mixin.py:104} INFO - [2024-08-10 23:14:08,488] {dag.py:2280} INFO - Setting next_dagrun for latest_only_with_trigger to 2024-08-08 00:00:00+00:00
[2024-08-10 23:14:08,499] {scheduler_job.py:190} INFO - Processing /home/airflow/.local/lib/python3.6/site-packages/airflow/example_dags/example_latest_only_with_trigger.py took 0.098 seconds
[2024-08-10 23:14:39,277] {scheduler_job.py:182} INFO - Started process (PID=650) to work on /home/airflow/.local/lib/python3.6/site-packages/airflow/example_dags/example_latest_only_with_trigger.py
[2024-08-10 23:14:39,278] {scheduler_job.py:629} INFO - Processing file /home/airflow/.local/lib/python3.6/site-packages/airflow/example_dags/example_latest_only_with_trigger.py for tasks to queue
[2024-08-10 23:14:39,278] {logging_mixin.py:104} INFO - [2024-08-10 23:14:39,278] {dagbag.py:451} INFO - Filling up the DagBag from /home/airflow/.local/lib/python3.6/site-packages/airflow/example_dags/example_latest_only_with_trigger.py
[2024-08-10 23:14:39,284] {scheduler_job.py:639} INFO - DAG(s) dict_keys(['latest_only_with_trigger']) retrieved from /home/airflow/.local/lib/python3.6/site-packages/airflow/example_dags/example_latest_only_with_trigger.py
[2024-08-10 23:14:39,343] {logging_mixin.py:104} INFO - [2024-08-10 23:14:39,343] {dag.py:1824} INFO - Sync 1 DAGs
[2024-08-10 23:14:39,361] {logging_mixin.py:104} INFO - [2024-08-10 23:14:39,361] {dag.py:2280} INFO - Setting next_dagrun for latest_only_with_trigger to 2024-08-08 00:00:00+00:00
[2024-08-10 23:14:39,372] {scheduler_job.py:190} INFO - Processing /home/airflow/.local/lib/python3.6/site-packages/airflow/example_dags/example_latest_only_with_trigger.py took 0.097 seconds
