[2024-08-10 00:13:05,155] {scheduler_job.py:182} INFO - Started process (PID=60901) to work on /home/airflow/.local/lib/python3.6/site-packages/airflow/example_dags/example_xcom.py
[2024-08-10 00:13:05,156] {scheduler_job.py:629} INFO - Processing file /home/airflow/.local/lib/python3.6/site-packages/airflow/example_dags/example_xcom.py for tasks to queue
[2024-08-10 00:13:05,157] {logging_mixin.py:104} INFO - [2024-08-10 00:13:05,157] {dagbag.py:451} INFO - Filling up the DagBag from /home/airflow/.local/lib/python3.6/site-packages/airflow/example_dags/example_xcom.py
[2024-08-10 00:13:05,168] {scheduler_job.py:639} INFO - DAG(s) dict_keys(['example_xcom']) retrieved from /home/airflow/.local/lib/python3.6/site-packages/airflow/example_dags/example_xcom.py
[2024-08-10 00:13:05,253] {logging_mixin.py:104} INFO - [2024-08-10 00:13:05,253] {dag.py:1824} INFO - Sync 1 DAGs
[2024-08-10 00:13:05,273] {logging_mixin.py:104} INFO - [2024-08-10 00:13:05,272] {dag.py:2280} INFO - Setting next_dagrun for example_xcom to 2024-08-08 00:00:00+00:00
[2024-08-10 00:13:05,287] {scheduler_job.py:190} INFO - Processing /home/airflow/.local/lib/python3.6/site-packages/airflow/example_dags/example_xcom.py took 0.134 seconds
[2024-08-10 00:13:35,338] {scheduler_job.py:182} INFO - Started process (PID=60930) to work on /home/airflow/.local/lib/python3.6/site-packages/airflow/example_dags/example_xcom.py
[2024-08-10 00:13:35,338] {scheduler_job.py:629} INFO - Processing file /home/airflow/.local/lib/python3.6/site-packages/airflow/example_dags/example_xcom.py for tasks to queue
[2024-08-10 00:13:35,339] {logging_mixin.py:104} INFO - [2024-08-10 00:13:35,339] {dagbag.py:451} INFO - Filling up the DagBag from /home/airflow/.local/lib/python3.6/site-packages/airflow/example_dags/example_xcom.py
[2024-08-10 00:13:35,345] {scheduler_job.py:639} INFO - DAG(s) dict_keys(['example_xcom']) retrieved from /home/airflow/.local/lib/python3.6/site-packages/airflow/example_dags/example_xcom.py
[2024-08-10 00:13:35,406] {logging_mixin.py:104} INFO - [2024-08-10 00:13:35,406] {dag.py:1824} INFO - Sync 1 DAGs
[2024-08-10 00:13:35,423] {logging_mixin.py:104} INFO - [2024-08-10 00:13:35,423] {dag.py:2280} INFO - Setting next_dagrun for example_xcom to 2024-08-08 00:00:00+00:00
[2024-08-10 00:13:35,433] {scheduler_job.py:190} INFO - Processing /home/airflow/.local/lib/python3.6/site-packages/airflow/example_dags/example_xcom.py took 0.098 seconds
[2024-08-10 01:03:34,594] {scheduler_job.py:182} INFO - Started process (PID=60959) to work on /home/airflow/.local/lib/python3.6/site-packages/airflow/example_dags/example_xcom.py
[2024-08-10 01:03:34,595] {scheduler_job.py:629} INFO - Processing file /home/airflow/.local/lib/python3.6/site-packages/airflow/example_dags/example_xcom.py for tasks to queue
[2024-08-10 01:03:34,596] {logging_mixin.py:104} INFO - [2024-08-10 01:03:34,595] {dagbag.py:451} INFO - Filling up the DagBag from /home/airflow/.local/lib/python3.6/site-packages/airflow/example_dags/example_xcom.py
[2024-08-10 01:03:34,602] {scheduler_job.py:639} INFO - DAG(s) dict_keys(['example_xcom']) retrieved from /home/airflow/.local/lib/python3.6/site-packages/airflow/example_dags/example_xcom.py
[2024-08-10 01:03:34,664] {logging_mixin.py:104} INFO - [2024-08-10 01:03:34,664] {dag.py:1824} INFO - Sync 1 DAGs
[2024-08-10 01:03:34,684] {logging_mixin.py:104} INFO - [2024-08-10 01:03:34,684] {dag.py:2280} INFO - Setting next_dagrun for example_xcom to 2024-08-08 00:00:00+00:00
[2024-08-10 01:03:34,695] {scheduler_job.py:190} INFO - Processing /home/airflow/.local/lib/python3.6/site-packages/airflow/example_dags/example_xcom.py took 0.102 seconds
[2024-08-10 01:14:31,472] {scheduler_job.py:182} INFO - Started process (PID=60988) to work on /home/airflow/.local/lib/python3.6/site-packages/airflow/example_dags/example_xcom.py
[2024-08-10 01:14:31,475] {scheduler_job.py:629} INFO - Processing file /home/airflow/.local/lib/python3.6/site-packages/airflow/example_dags/example_xcom.py for tasks to queue
[2024-08-10 01:14:31,476] {logging_mixin.py:104} INFO - [2024-08-10 01:14:31,476] {dagbag.py:451} INFO - Filling up the DagBag from /home/airflow/.local/lib/python3.6/site-packages/airflow/example_dags/example_xcom.py
[2024-08-10 01:14:31,485] {scheduler_job.py:639} INFO - DAG(s) dict_keys(['example_xcom']) retrieved from /home/airflow/.local/lib/python3.6/site-packages/airflow/example_dags/example_xcom.py
[2024-08-10 01:14:31,548] {logging_mixin.py:104} INFO - [2024-08-10 01:14:31,548] {dag.py:1824} INFO - Sync 1 DAGs
[2024-08-10 01:14:31,569] {logging_mixin.py:104} INFO - [2024-08-10 01:14:31,569] {dag.py:2280} INFO - Setting next_dagrun for example_xcom to 2024-08-08 00:00:00+00:00
[2024-08-10 01:14:31,582] {scheduler_job.py:190} INFO - Processing /home/airflow/.local/lib/python3.6/site-packages/airflow/example_dags/example_xcom.py took 0.112 seconds
[2024-08-10 01:47:59,769] {scheduler_job.py:182} INFO - Started process (PID=61017) to work on /home/airflow/.local/lib/python3.6/site-packages/airflow/example_dags/example_xcom.py
[2024-08-10 01:47:59,770] {scheduler_job.py:629} INFO - Processing file /home/airflow/.local/lib/python3.6/site-packages/airflow/example_dags/example_xcom.py for tasks to queue
[2024-08-10 01:47:59,770] {logging_mixin.py:104} INFO - [2024-08-10 01:47:59,770] {dagbag.py:451} INFO - Filling up the DagBag from /home/airflow/.local/lib/python3.6/site-packages/airflow/example_dags/example_xcom.py
[2024-08-10 01:47:59,777] {scheduler_job.py:639} INFO - DAG(s) dict_keys(['example_xcom']) retrieved from /home/airflow/.local/lib/python3.6/site-packages/airflow/example_dags/example_xcom.py
[2024-08-10 01:47:59,856] {logging_mixin.py:104} INFO - [2024-08-10 01:47:59,856] {dag.py:1824} INFO - Sync 1 DAGs
[2024-08-10 01:47:59,877] {logging_mixin.py:104} INFO - [2024-08-10 01:47:59,877] {dag.py:2280} INFO - Setting next_dagrun for example_xcom to 2024-08-08 00:00:00+00:00
[2024-08-10 01:47:59,888] {scheduler_job.py:190} INFO - Processing /home/airflow/.local/lib/python3.6/site-packages/airflow/example_dags/example_xcom.py took 0.121 seconds
[2024-08-10 02:15:28,220] {scheduler_job.py:182} INFO - Started process (PID=61046) to work on /home/airflow/.local/lib/python3.6/site-packages/airflow/example_dags/example_xcom.py
[2024-08-10 02:15:28,221] {scheduler_job.py:629} INFO - Processing file /home/airflow/.local/lib/python3.6/site-packages/airflow/example_dags/example_xcom.py for tasks to queue
[2024-08-10 02:15:28,221] {logging_mixin.py:104} INFO - [2024-08-10 02:15:28,221] {dagbag.py:451} INFO - Filling up the DagBag from /home/airflow/.local/lib/python3.6/site-packages/airflow/example_dags/example_xcom.py
[2024-08-10 02:15:28,229] {scheduler_job.py:639} INFO - DAG(s) dict_keys(['example_xcom']) retrieved from /home/airflow/.local/lib/python3.6/site-packages/airflow/example_dags/example_xcom.py
[2024-08-10 02:15:28,293] {logging_mixin.py:104} INFO - [2024-08-10 02:15:28,292] {dag.py:1824} INFO - Sync 1 DAGs
[2024-08-10 02:15:28,313] {logging_mixin.py:104} INFO - [2024-08-10 02:15:28,313] {dag.py:2280} INFO - Setting next_dagrun for example_xcom to 2024-08-08 00:00:00+00:00
[2024-08-10 02:15:28,324] {scheduler_job.py:190} INFO - Processing /home/airflow/.local/lib/python3.6/site-packages/airflow/example_dags/example_xcom.py took 0.106 seconds
[2024-08-10 02:21:41,857] {scheduler_job.py:182} INFO - Started process (PID=61075) to work on /home/airflow/.local/lib/python3.6/site-packages/airflow/example_dags/example_xcom.py
[2024-08-10 02:21:41,858] {scheduler_job.py:629} INFO - Processing file /home/airflow/.local/lib/python3.6/site-packages/airflow/example_dags/example_xcom.py for tasks to queue
[2024-08-10 02:21:41,858] {logging_mixin.py:104} INFO - [2024-08-10 02:21:41,858] {dagbag.py:451} INFO - Filling up the DagBag from /home/airflow/.local/lib/python3.6/site-packages/airflow/example_dags/example_xcom.py
[2024-08-10 02:21:41,865] {scheduler_job.py:639} INFO - DAG(s) dict_keys(['example_xcom']) retrieved from /home/airflow/.local/lib/python3.6/site-packages/airflow/example_dags/example_xcom.py
[2024-08-10 02:21:41,932] {logging_mixin.py:104} INFO - [2024-08-10 02:21:41,932] {dag.py:1824} INFO - Sync 1 DAGs
[2024-08-10 02:21:41,950] {logging_mixin.py:104} INFO - [2024-08-10 02:21:41,950] {dag.py:2280} INFO - Setting next_dagrun for example_xcom to 2024-08-08 00:00:00+00:00
[2024-08-10 02:21:41,962] {scheduler_job.py:190} INFO - Processing /home/airflow/.local/lib/python3.6/site-packages/airflow/example_dags/example_xcom.py took 0.107 seconds
[2024-08-10 02:22:12,532] {scheduler_job.py:182} INFO - Started process (PID=61104) to work on /home/airflow/.local/lib/python3.6/site-packages/airflow/example_dags/example_xcom.py
[2024-08-10 02:22:12,532] {scheduler_job.py:629} INFO - Processing file /home/airflow/.local/lib/python3.6/site-packages/airflow/example_dags/example_xcom.py for tasks to queue
[2024-08-10 02:22:12,533] {logging_mixin.py:104} INFO - [2024-08-10 02:22:12,533] {dagbag.py:451} INFO - Filling up the DagBag from /home/airflow/.local/lib/python3.6/site-packages/airflow/example_dags/example_xcom.py
[2024-08-10 02:22:12,539] {scheduler_job.py:639} INFO - DAG(s) dict_keys(['example_xcom']) retrieved from /home/airflow/.local/lib/python3.6/site-packages/airflow/example_dags/example_xcom.py
[2024-08-10 02:22:12,597] {logging_mixin.py:104} INFO - [2024-08-10 02:22:12,597] {dag.py:1824} INFO - Sync 1 DAGs
[2024-08-10 02:22:12,614] {logging_mixin.py:104} INFO - [2024-08-10 02:22:12,613] {dag.py:2280} INFO - Setting next_dagrun for example_xcom to 2024-08-08 00:00:00+00:00
[2024-08-10 02:22:12,625] {scheduler_job.py:190} INFO - Processing /home/airflow/.local/lib/python3.6/site-packages/airflow/example_dags/example_xcom.py took 0.094 seconds
[2024-08-10 03:16:06,997] {scheduler_job.py:182} INFO - Started process (PID=61133) to work on /home/airflow/.local/lib/python3.6/site-packages/airflow/example_dags/example_xcom.py
[2024-08-10 03:16:06,998] {scheduler_job.py:629} INFO - Processing file /home/airflow/.local/lib/python3.6/site-packages/airflow/example_dags/example_xcom.py for tasks to queue
[2024-08-10 03:16:06,998] {logging_mixin.py:104} INFO - [2024-08-10 03:16:06,998] {dagbag.py:451} INFO - Filling up the DagBag from /home/airflow/.local/lib/python3.6/site-packages/airflow/example_dags/example_xcom.py
[2024-08-10 03:16:07,005] {scheduler_job.py:639} INFO - DAG(s) dict_keys(['example_xcom']) retrieved from /home/airflow/.local/lib/python3.6/site-packages/airflow/example_dags/example_xcom.py
[2024-08-10 03:16:07,065] {logging_mixin.py:104} INFO - [2024-08-10 03:16:07,065] {dag.py:1824} INFO - Sync 1 DAGs
[2024-08-10 03:16:07,081] {logging_mixin.py:104} INFO - [2024-08-10 03:16:07,081] {dag.py:2280} INFO - Setting next_dagrun for example_xcom to 2024-08-08 00:00:00+00:00
[2024-08-10 03:16:07,092] {scheduler_job.py:190} INFO - Processing /home/airflow/.local/lib/python3.6/site-packages/airflow/example_dags/example_xcom.py took 0.096 seconds
[2024-08-10 03:16:37,272] {scheduler_job.py:182} INFO - Started process (PID=61162) to work on /home/airflow/.local/lib/python3.6/site-packages/airflow/example_dags/example_xcom.py
[2024-08-10 03:16:37,272] {scheduler_job.py:629} INFO - Processing file /home/airflow/.local/lib/python3.6/site-packages/airflow/example_dags/example_xcom.py for tasks to queue
[2024-08-10 03:16:37,273] {logging_mixin.py:104} INFO - [2024-08-10 03:16:37,273] {dagbag.py:451} INFO - Filling up the DagBag from /home/airflow/.local/lib/python3.6/site-packages/airflow/example_dags/example_xcom.py
[2024-08-10 03:16:37,280] {scheduler_job.py:639} INFO - DAG(s) dict_keys(['example_xcom']) retrieved from /home/airflow/.local/lib/python3.6/site-packages/airflow/example_dags/example_xcom.py
[2024-08-10 03:16:37,338] {logging_mixin.py:104} INFO - [2024-08-10 03:16:37,338] {dag.py:1824} INFO - Sync 1 DAGs
[2024-08-10 03:16:37,354] {logging_mixin.py:104} INFO - [2024-08-10 03:16:37,354] {dag.py:2280} INFO - Setting next_dagrun for example_xcom to 2024-08-08 00:00:00+00:00
[2024-08-10 03:16:37,365] {scheduler_job.py:190} INFO - Processing /home/airflow/.local/lib/python3.6/site-packages/airflow/example_dags/example_xcom.py took 0.095 seconds
[2024-08-10 04:06:31,590] {scheduler_job.py:182} INFO - Started process (PID=61191) to work on /home/airflow/.local/lib/python3.6/site-packages/airflow/example_dags/example_xcom.py
[2024-08-10 04:06:31,591] {scheduler_job.py:629} INFO - Processing file /home/airflow/.local/lib/python3.6/site-packages/airflow/example_dags/example_xcom.py for tasks to queue
[2024-08-10 04:06:31,591] {logging_mixin.py:104} INFO - [2024-08-10 04:06:31,591] {dagbag.py:451} INFO - Filling up the DagBag from /home/airflow/.local/lib/python3.6/site-packages/airflow/example_dags/example_xcom.py
[2024-08-10 04:06:31,599] {scheduler_job.py:639} INFO - DAG(s) dict_keys(['example_xcom']) retrieved from /home/airflow/.local/lib/python3.6/site-packages/airflow/example_dags/example_xcom.py
[2024-08-10 04:06:31,659] {logging_mixin.py:104} INFO - [2024-08-10 04:06:31,659] {dag.py:1824} INFO - Sync 1 DAGs
[2024-08-10 04:06:31,676] {logging_mixin.py:104} INFO - [2024-08-10 04:06:31,676] {dag.py:2280} INFO - Setting next_dagrun for example_xcom to 2024-08-08 00:00:00+00:00
[2024-08-10 04:06:31,687] {scheduler_job.py:190} INFO - Processing /home/airflow/.local/lib/python3.6/site-packages/airflow/example_dags/example_xcom.py took 0.099 seconds
[2024-08-10 04:17:33,423] {scheduler_job.py:182} INFO - Started process (PID=61220) to work on /home/airflow/.local/lib/python3.6/site-packages/airflow/example_dags/example_xcom.py
[2024-08-10 04:17:33,424] {scheduler_job.py:629} INFO - Processing file /home/airflow/.local/lib/python3.6/site-packages/airflow/example_dags/example_xcom.py for tasks to queue
[2024-08-10 04:17:33,425] {logging_mixin.py:104} INFO - [2024-08-10 04:17:33,425] {dagbag.py:451} INFO - Filling up the DagBag from /home/airflow/.local/lib/python3.6/site-packages/airflow/example_dags/example_xcom.py
[2024-08-10 04:17:33,432] {scheduler_job.py:639} INFO - DAG(s) dict_keys(['example_xcom']) retrieved from /home/airflow/.local/lib/python3.6/site-packages/airflow/example_dags/example_xcom.py
[2024-08-10 04:17:33,494] {logging_mixin.py:104} INFO - [2024-08-10 04:17:33,494] {dag.py:1824} INFO - Sync 1 DAGs
[2024-08-10 04:17:33,512] {logging_mixin.py:104} INFO - [2024-08-10 04:17:33,512] {dag.py:2280} INFO - Setting next_dagrun for example_xcom to 2024-08-08 00:00:00+00:00
[2024-08-10 04:17:33,525] {scheduler_job.py:190} INFO - Processing /home/airflow/.local/lib/python3.6/site-packages/airflow/example_dags/example_xcom.py took 0.104 seconds
[2024-08-10 05:08:48,763] {scheduler_job.py:182} INFO - Started process (PID=61249) to work on /home/airflow/.local/lib/python3.6/site-packages/airflow/example_dags/example_xcom.py
[2024-08-10 05:08:48,763] {scheduler_job.py:629} INFO - Processing file /home/airflow/.local/lib/python3.6/site-packages/airflow/example_dags/example_xcom.py for tasks to queue
[2024-08-10 05:08:48,764] {logging_mixin.py:104} INFO - [2024-08-10 05:08:48,764] {dagbag.py:451} INFO - Filling up the DagBag from /home/airflow/.local/lib/python3.6/site-packages/airflow/example_dags/example_xcom.py
[2024-08-10 05:08:48,771] {scheduler_job.py:639} INFO - DAG(s) dict_keys(['example_xcom']) retrieved from /home/airflow/.local/lib/python3.6/site-packages/airflow/example_dags/example_xcom.py
[2024-08-10 05:08:48,845] {logging_mixin.py:104} INFO - [2024-08-10 05:08:48,845] {dag.py:1824} INFO - Sync 1 DAGs
[2024-08-10 05:08:48,865] {logging_mixin.py:104} INFO - [2024-08-10 05:08:48,865] {dag.py:2280} INFO - Setting next_dagrun for example_xcom to 2024-08-08 00:00:00+00:00
[2024-08-10 05:08:48,876] {scheduler_job.py:190} INFO - Processing /home/airflow/.local/lib/python3.6/site-packages/airflow/example_dags/example_xcom.py took 0.115 seconds
[2024-08-10 05:18:30,438] {scheduler_job.py:182} INFO - Started process (PID=61278) to work on /home/airflow/.local/lib/python3.6/site-packages/airflow/example_dags/example_xcom.py
[2024-08-10 05:18:30,439] {scheduler_job.py:629} INFO - Processing file /home/airflow/.local/lib/python3.6/site-packages/airflow/example_dags/example_xcom.py for tasks to queue
[2024-08-10 05:18:30,439] {logging_mixin.py:104} INFO - [2024-08-10 05:18:30,439] {dagbag.py:451} INFO - Filling up the DagBag from /home/airflow/.local/lib/python3.6/site-packages/airflow/example_dags/example_xcom.py
[2024-08-10 05:18:30,447] {scheduler_job.py:639} INFO - DAG(s) dict_keys(['example_xcom']) retrieved from /home/airflow/.local/lib/python3.6/site-packages/airflow/example_dags/example_xcom.py
[2024-08-10 05:18:30,518] {logging_mixin.py:104} INFO - [2024-08-10 05:18:30,518] {dag.py:1824} INFO - Sync 1 DAGs
[2024-08-10 05:18:30,539] {logging_mixin.py:104} INFO - [2024-08-10 05:18:30,538] {dag.py:2280} INFO - Setting next_dagrun for example_xcom to 2024-08-08 00:00:00+00:00
[2024-08-10 05:18:30,551] {scheduler_job.py:190} INFO - Processing /home/airflow/.local/lib/python3.6/site-packages/airflow/example_dags/example_xcom.py took 0.115 seconds
[2024-08-10 05:52:12,206] {scheduler_job.py:182} INFO - Started process (PID=61307) to work on /home/airflow/.local/lib/python3.6/site-packages/airflow/example_dags/example_xcom.py
[2024-08-10 05:52:12,207] {scheduler_job.py:629} INFO - Processing file /home/airflow/.local/lib/python3.6/site-packages/airflow/example_dags/example_xcom.py for tasks to queue
[2024-08-10 05:52:12,208] {logging_mixin.py:104} INFO - [2024-08-10 05:52:12,208] {dagbag.py:451} INFO - Filling up the DagBag from /home/airflow/.local/lib/python3.6/site-packages/airflow/example_dags/example_xcom.py
[2024-08-10 05:52:12,216] {scheduler_job.py:639} INFO - DAG(s) dict_keys(['example_xcom']) retrieved from /home/airflow/.local/lib/python3.6/site-packages/airflow/example_dags/example_xcom.py
[2024-08-10 05:52:12,285] {logging_mixin.py:104} INFO - [2024-08-10 05:52:12,284] {dag.py:1824} INFO - Sync 1 DAGs
[2024-08-10 05:52:12,309] {logging_mixin.py:104} INFO - [2024-08-10 05:52:12,309] {dag.py:2280} INFO - Setting next_dagrun for example_xcom to 2024-08-08 00:00:00+00:00
[2024-08-10 05:52:12,321] {scheduler_job.py:190} INFO - Processing /home/airflow/.local/lib/python3.6/site-packages/airflow/example_dags/example_xcom.py took 0.117 seconds
[2024-08-10 06:01:21,772] {scheduler_job.py:182} INFO - Started process (PID=61336) to work on /home/airflow/.local/lib/python3.6/site-packages/airflow/example_dags/example_xcom.py
[2024-08-10 06:01:21,773] {scheduler_job.py:629} INFO - Processing file /home/airflow/.local/lib/python3.6/site-packages/airflow/example_dags/example_xcom.py for tasks to queue
[2024-08-10 06:01:21,776] {logging_mixin.py:104} INFO - [2024-08-10 06:01:21,776] {dagbag.py:451} INFO - Filling up the DagBag from /home/airflow/.local/lib/python3.6/site-packages/airflow/example_dags/example_xcom.py
[2024-08-10 06:01:21,783] {scheduler_job.py:639} INFO - DAG(s) dict_keys(['example_xcom']) retrieved from /home/airflow/.local/lib/python3.6/site-packages/airflow/example_dags/example_xcom.py
[2024-08-10 06:01:21,881] {logging_mixin.py:104} INFO - [2024-08-10 06:01:21,881] {dag.py:1824} INFO - Sync 1 DAGs
[2024-08-10 06:01:21,906] {logging_mixin.py:104} INFO - [2024-08-10 06:01:21,905] {dag.py:2280} INFO - Setting next_dagrun for example_xcom to 2024-08-08 00:00:00+00:00
[2024-08-10 06:01:21,923] {scheduler_job.py:190} INFO - Processing /home/airflow/.local/lib/python3.6/site-packages/airflow/example_dags/example_xcom.py took 0.153 seconds
[2024-08-10 06:09:13,622] {scheduler_job.py:182} INFO - Started process (PID=61365) to work on /home/airflow/.local/lib/python3.6/site-packages/airflow/example_dags/example_xcom.py
[2024-08-10 06:09:13,626] {scheduler_job.py:629} INFO - Processing file /home/airflow/.local/lib/python3.6/site-packages/airflow/example_dags/example_xcom.py for tasks to queue
[2024-08-10 06:09:13,627] {logging_mixin.py:104} INFO - [2024-08-10 06:09:13,627] {dagbag.py:451} INFO - Filling up the DagBag from /home/airflow/.local/lib/python3.6/site-packages/airflow/example_dags/example_xcom.py
[2024-08-10 06:09:13,641] {scheduler_job.py:639} INFO - DAG(s) dict_keys(['example_xcom']) retrieved from /home/airflow/.local/lib/python3.6/site-packages/airflow/example_dags/example_xcom.py
[2024-08-10 06:09:13,700] {logging_mixin.py:104} INFO - [2024-08-10 06:09:13,700] {dag.py:1824} INFO - Sync 1 DAGs
[2024-08-10 06:09:13,717] {logging_mixin.py:104} INFO - [2024-08-10 06:09:13,717] {dag.py:2280} INFO - Setting next_dagrun for example_xcom to 2024-08-08 00:00:00+00:00
[2024-08-10 06:09:13,728] {scheduler_job.py:190} INFO - Processing /home/airflow/.local/lib/python3.6/site-packages/airflow/example_dags/example_xcom.py took 0.108 seconds
[2024-08-10 06:09:44,448] {scheduler_job.py:182} INFO - Started process (PID=61393) to work on /home/airflow/.local/lib/python3.6/site-packages/airflow/example_dags/example_xcom.py
[2024-08-10 06:09:44,449] {scheduler_job.py:629} INFO - Processing file /home/airflow/.local/lib/python3.6/site-packages/airflow/example_dags/example_xcom.py for tasks to queue
[2024-08-10 06:09:44,449] {logging_mixin.py:104} INFO - [2024-08-10 06:09:44,449] {dagbag.py:451} INFO - Filling up the DagBag from /home/airflow/.local/lib/python3.6/site-packages/airflow/example_dags/example_xcom.py
[2024-08-10 06:09:44,455] {scheduler_job.py:639} INFO - DAG(s) dict_keys(['example_xcom']) retrieved from /home/airflow/.local/lib/python3.6/site-packages/airflow/example_dags/example_xcom.py
[2024-08-10 06:09:44,514] {logging_mixin.py:104} INFO - [2024-08-10 06:09:44,514] {dag.py:1824} INFO - Sync 1 DAGs
[2024-08-10 06:09:44,530] {logging_mixin.py:104} INFO - [2024-08-10 06:09:44,530] {dag.py:2280} INFO - Setting next_dagrun for example_xcom to 2024-08-08 00:00:00+00:00
[2024-08-10 06:09:44,541] {scheduler_job.py:190} INFO - Processing /home/airflow/.local/lib/python3.6/site-packages/airflow/example_dags/example_xcom.py took 0.094 seconds
[2024-08-10 06:19:27,649] {scheduler_job.py:182} INFO - Started process (PID=61423) to work on /home/airflow/.local/lib/python3.6/site-packages/airflow/example_dags/example_xcom.py
[2024-08-10 06:19:27,653] {scheduler_job.py:629} INFO - Processing file /home/airflow/.local/lib/python3.6/site-packages/airflow/example_dags/example_xcom.py for tasks to queue
[2024-08-10 06:19:27,654] {logging_mixin.py:104} INFO - [2024-08-10 06:19:27,653] {dagbag.py:451} INFO - Filling up the DagBag from /home/airflow/.local/lib/python3.6/site-packages/airflow/example_dags/example_xcom.py
[2024-08-10 06:19:27,662] {scheduler_job.py:639} INFO - DAG(s) dict_keys(['example_xcom']) retrieved from /home/airflow/.local/lib/python3.6/site-packages/airflow/example_dags/example_xcom.py
[2024-08-10 06:19:27,733] {logging_mixin.py:104} INFO - [2024-08-10 06:19:27,733] {dag.py:1824} INFO - Sync 1 DAGs
[2024-08-10 06:19:27,755] {logging_mixin.py:104} INFO - [2024-08-10 06:19:27,755] {dag.py:2280} INFO - Setting next_dagrun for example_xcom to 2024-08-08 00:00:00+00:00
[2024-08-10 06:19:27,767] {scheduler_job.py:190} INFO - Processing /home/airflow/.local/lib/python3.6/site-packages/airflow/example_dags/example_xcom.py took 0.120 seconds
[2024-08-10 06:53:16,410] {scheduler_job.py:182} INFO - Started process (PID=61452) to work on /home/airflow/.local/lib/python3.6/site-packages/airflow/example_dags/example_xcom.py
[2024-08-10 06:53:16,413] {scheduler_job.py:629} INFO - Processing file /home/airflow/.local/lib/python3.6/site-packages/airflow/example_dags/example_xcom.py for tasks to queue
[2024-08-10 06:53:16,414] {logging_mixin.py:104} INFO - [2024-08-10 06:53:16,413] {dagbag.py:451} INFO - Filling up the DagBag from /home/airflow/.local/lib/python3.6/site-packages/airflow/example_dags/example_xcom.py
[2024-08-10 06:53:16,424] {scheduler_job.py:639} INFO - DAG(s) dict_keys(['example_xcom']) retrieved from /home/airflow/.local/lib/python3.6/site-packages/airflow/example_dags/example_xcom.py
[2024-08-10 06:53:16,489] {logging_mixin.py:104} INFO - [2024-08-10 06:53:16,489] {dag.py:1824} INFO - Sync 1 DAGs
[2024-08-10 06:53:16,507] {logging_mixin.py:104} INFO - [2024-08-10 06:53:16,506] {dag.py:2280} INFO - Setting next_dagrun for example_xcom to 2024-08-08 00:00:00+00:00
[2024-08-10 06:53:16,517] {scheduler_job.py:190} INFO - Processing /home/airflow/.local/lib/python3.6/site-packages/airflow/example_dags/example_xcom.py took 0.109 seconds
[2024-08-10 07:20:25,013] {scheduler_job.py:182} INFO - Started process (PID=61481) to work on /home/airflow/.local/lib/python3.6/site-packages/airflow/example_dags/example_xcom.py
[2024-08-10 07:20:25,015] {scheduler_job.py:629} INFO - Processing file /home/airflow/.local/lib/python3.6/site-packages/airflow/example_dags/example_xcom.py for tasks to queue
[2024-08-10 07:20:25,018] {logging_mixin.py:104} INFO - [2024-08-10 07:20:25,018] {dagbag.py:451} INFO - Filling up the DagBag from /home/airflow/.local/lib/python3.6/site-packages/airflow/example_dags/example_xcom.py
[2024-08-10 07:20:25,026] {scheduler_job.py:639} INFO - DAG(s) dict_keys(['example_xcom']) retrieved from /home/airflow/.local/lib/python3.6/site-packages/airflow/example_dags/example_xcom.py
[2024-08-10 07:20:25,090] {logging_mixin.py:104} INFO - [2024-08-10 07:20:25,090] {dag.py:1824} INFO - Sync 1 DAGs
[2024-08-10 07:20:25,109] {logging_mixin.py:104} INFO - [2024-08-10 07:20:25,109] {dag.py:2280} INFO - Setting next_dagrun for example_xcom to 2024-08-08 00:00:00+00:00
[2024-08-10 07:20:25,120] {scheduler_job.py:190} INFO - Processing /home/airflow/.local/lib/python3.6/site-packages/airflow/example_dags/example_xcom.py took 0.109 seconds
[2024-08-10 07:36:33,182] {scheduler_job.py:182} INFO - Started process (PID=61510) to work on /home/airflow/.local/lib/python3.6/site-packages/airflow/example_dags/example_xcom.py
[2024-08-10 07:36:33,183] {scheduler_job.py:629} INFO - Processing file /home/airflow/.local/lib/python3.6/site-packages/airflow/example_dags/example_xcom.py for tasks to queue
[2024-08-10 07:36:33,184] {logging_mixin.py:104} INFO - [2024-08-10 07:36:33,184] {dagbag.py:451} INFO - Filling up the DagBag from /home/airflow/.local/lib/python3.6/site-packages/airflow/example_dags/example_xcom.py
[2024-08-10 07:36:33,192] {scheduler_job.py:639} INFO - DAG(s) dict_keys(['example_xcom']) retrieved from /home/airflow/.local/lib/python3.6/site-packages/airflow/example_dags/example_xcom.py
[2024-08-10 07:36:33,260] {logging_mixin.py:104} INFO - [2024-08-10 07:36:33,260] {dag.py:1824} INFO - Sync 1 DAGs
[2024-08-10 07:36:33,278] {logging_mixin.py:104} INFO - [2024-08-10 07:36:33,278] {dag.py:2280} INFO - Setting next_dagrun for example_xcom to 2024-08-08 00:00:00+00:00
[2024-08-10 07:36:33,288] {scheduler_job.py:190} INFO - Processing /home/airflow/.local/lib/python3.6/site-packages/airflow/example_dags/example_xcom.py took 0.107 seconds
[2024-08-10 07:40:24,360] {scheduler_job.py:182} INFO - Started process (PID=61539) to work on /home/airflow/.local/lib/python3.6/site-packages/airflow/example_dags/example_xcom.py
[2024-08-10 07:40:24,363] {scheduler_job.py:629} INFO - Processing file /home/airflow/.local/lib/python3.6/site-packages/airflow/example_dags/example_xcom.py for tasks to queue
[2024-08-10 07:40:24,363] {logging_mixin.py:104} INFO - [2024-08-10 07:40:24,363] {dagbag.py:451} INFO - Filling up the DagBag from /home/airflow/.local/lib/python3.6/site-packages/airflow/example_dags/example_xcom.py
[2024-08-10 07:40:24,371] {scheduler_job.py:639} INFO - DAG(s) dict_keys(['example_xcom']) retrieved from /home/airflow/.local/lib/python3.6/site-packages/airflow/example_dags/example_xcom.py
[2024-08-10 07:40:24,433] {logging_mixin.py:104} INFO - [2024-08-10 07:40:24,433] {dag.py:1824} INFO - Sync 1 DAGs
[2024-08-10 07:40:24,450] {logging_mixin.py:104} INFO - [2024-08-10 07:40:24,450] {dag.py:2280} INFO - Setting next_dagrun for example_xcom to 2024-08-08 00:00:00+00:00
[2024-08-10 07:40:24,461] {scheduler_job.py:190} INFO - Processing /home/airflow/.local/lib/python3.6/site-packages/airflow/example_dags/example_xcom.py took 0.103 seconds
[2024-08-10 08:13:24,955] {scheduler_job.py:182} INFO - Started process (PID=61568) to work on /home/airflow/.local/lib/python3.6/site-packages/airflow/example_dags/example_xcom.py
[2024-08-10 08:13:24,956] {scheduler_job.py:629} INFO - Processing file /home/airflow/.local/lib/python3.6/site-packages/airflow/example_dags/example_xcom.py for tasks to queue
[2024-08-10 08:13:24,956] {logging_mixin.py:104} INFO - [2024-08-10 08:13:24,956] {dagbag.py:451} INFO - Filling up the DagBag from /home/airflow/.local/lib/python3.6/site-packages/airflow/example_dags/example_xcom.py
[2024-08-10 08:13:24,968] {scheduler_job.py:639} INFO - DAG(s) dict_keys(['example_xcom']) retrieved from /home/airflow/.local/lib/python3.6/site-packages/airflow/example_dags/example_xcom.py
[2024-08-10 08:13:25,036] {logging_mixin.py:104} INFO - [2024-08-10 08:13:25,036] {dag.py:1824} INFO - Sync 1 DAGs
[2024-08-10 08:13:25,062] {logging_mixin.py:104} INFO - [2024-08-10 08:13:25,062] {dag.py:2280} INFO - Setting next_dagrun for example_xcom to 2024-08-08 00:00:00+00:00
[2024-08-10 08:13:25,078] {scheduler_job.py:190} INFO - Processing /home/airflow/.local/lib/python3.6/site-packages/airflow/example_dags/example_xcom.py took 0.126 seconds
[2024-08-10 08:16:05,100] {scheduler_job.py:182} INFO - Started process (PID=61597) to work on /home/airflow/.local/lib/python3.6/site-packages/airflow/example_dags/example_xcom.py
[2024-08-10 08:16:05,101] {scheduler_job.py:629} INFO - Processing file /home/airflow/.local/lib/python3.6/site-packages/airflow/example_dags/example_xcom.py for tasks to queue
[2024-08-10 08:16:05,102] {logging_mixin.py:104} INFO - [2024-08-10 08:16:05,101] {dagbag.py:451} INFO - Filling up the DagBag from /home/airflow/.local/lib/python3.6/site-packages/airflow/example_dags/example_xcom.py
[2024-08-10 08:16:05,115] {scheduler_job.py:639} INFO - DAG(s) dict_keys(['example_xcom']) retrieved from /home/airflow/.local/lib/python3.6/site-packages/airflow/example_dags/example_xcom.py
[2024-08-10 08:16:05,186] {logging_mixin.py:104} INFO - [2024-08-10 08:16:05,186] {dag.py:1824} INFO - Sync 1 DAGs
[2024-08-10 08:16:05,206] {logging_mixin.py:104} INFO - [2024-08-10 08:16:05,206] {dag.py:2280} INFO - Setting next_dagrun for example_xcom to 2024-08-08 00:00:00+00:00
[2024-08-10 08:16:05,224] {scheduler_job.py:190} INFO - Processing /home/airflow/.local/lib/python3.6/site-packages/airflow/example_dags/example_xcom.py took 0.126 seconds
[2024-08-10 08:16:35,901] {scheduler_job.py:182} INFO - Started process (PID=61625) to work on /home/airflow/.local/lib/python3.6/site-packages/airflow/example_dags/example_xcom.py
[2024-08-10 08:16:35,902] {scheduler_job.py:629} INFO - Processing file /home/airflow/.local/lib/python3.6/site-packages/airflow/example_dags/example_xcom.py for tasks to queue
[2024-08-10 08:16:35,903] {logging_mixin.py:104} INFO - [2024-08-10 08:16:35,903] {dagbag.py:451} INFO - Filling up the DagBag from /home/airflow/.local/lib/python3.6/site-packages/airflow/example_dags/example_xcom.py
[2024-08-10 08:16:35,910] {scheduler_job.py:639} INFO - DAG(s) dict_keys(['example_xcom']) retrieved from /home/airflow/.local/lib/python3.6/site-packages/airflow/example_dags/example_xcom.py
[2024-08-10 08:16:35,980] {logging_mixin.py:104} INFO - [2024-08-10 08:16:35,980] {dag.py:1824} INFO - Sync 1 DAGs
[2024-08-10 08:16:35,997] {logging_mixin.py:104} INFO - [2024-08-10 08:16:35,997] {dag.py:2280} INFO - Setting next_dagrun for example_xcom to 2024-08-08 00:00:00+00:00
[2024-08-10 08:16:36,008] {scheduler_job.py:190} INFO - Processing /home/airflow/.local/lib/python3.6/site-packages/airflow/example_dags/example_xcom.py took 0.109 seconds
[2024-08-10 08:17:06,617] {scheduler_job.py:182} INFO - Started process (PID=61654) to work on /home/airflow/.local/lib/python3.6/site-packages/airflow/example_dags/example_xcom.py
[2024-08-10 08:17:06,618] {scheduler_job.py:629} INFO - Processing file /home/airflow/.local/lib/python3.6/site-packages/airflow/example_dags/example_xcom.py for tasks to queue
[2024-08-10 08:17:06,621] {logging_mixin.py:104} INFO - [2024-08-10 08:17:06,621] {dagbag.py:451} INFO - Filling up the DagBag from /home/airflow/.local/lib/python3.6/site-packages/airflow/example_dags/example_xcom.py
[2024-08-10 08:17:06,628] {scheduler_job.py:639} INFO - DAG(s) dict_keys(['example_xcom']) retrieved from /home/airflow/.local/lib/python3.6/site-packages/airflow/example_dags/example_xcom.py
[2024-08-10 08:17:06,688] {logging_mixin.py:104} INFO - [2024-08-10 08:17:06,688] {dag.py:1824} INFO - Sync 1 DAGs
[2024-08-10 08:17:06,706] {logging_mixin.py:104} INFO - [2024-08-10 08:17:06,706] {dag.py:2280} INFO - Setting next_dagrun for example_xcom to 2024-08-08 00:00:00+00:00
[2024-08-10 08:17:06,718] {scheduler_job.py:190} INFO - Processing /home/airflow/.local/lib/python3.6/site-packages/airflow/example_dags/example_xcom.py took 0.102 seconds
[2024-08-10 08:17:37,537] {scheduler_job.py:182} INFO - Started process (PID=61683) to work on /home/airflow/.local/lib/python3.6/site-packages/airflow/example_dags/example_xcom.py
[2024-08-10 08:17:37,539] {scheduler_job.py:629} INFO - Processing file /home/airflow/.local/lib/python3.6/site-packages/airflow/example_dags/example_xcom.py for tasks to queue
[2024-08-10 08:17:37,541] {logging_mixin.py:104} INFO - [2024-08-10 08:17:37,541] {dagbag.py:451} INFO - Filling up the DagBag from /home/airflow/.local/lib/python3.6/site-packages/airflow/example_dags/example_xcom.py
[2024-08-10 08:17:37,548] {scheduler_job.py:639} INFO - DAG(s) dict_keys(['example_xcom']) retrieved from /home/airflow/.local/lib/python3.6/site-packages/airflow/example_dags/example_xcom.py
[2024-08-10 08:17:37,607] {logging_mixin.py:104} INFO - [2024-08-10 08:17:37,607] {dag.py:1824} INFO - Sync 1 DAGs
[2024-08-10 08:17:37,623] {logging_mixin.py:104} INFO - [2024-08-10 08:17:37,623] {dag.py:2280} INFO - Setting next_dagrun for example_xcom to 2024-08-08 00:00:00+00:00
[2024-08-10 08:17:37,633] {scheduler_job.py:190} INFO - Processing /home/airflow/.local/lib/python3.6/site-packages/airflow/example_dags/example_xcom.py took 0.098 seconds
[2024-08-10 08:18:08,272] {scheduler_job.py:182} INFO - Started process (PID=61712) to work on /home/airflow/.local/lib/python3.6/site-packages/airflow/example_dags/example_xcom.py
[2024-08-10 08:18:08,273] {scheduler_job.py:629} INFO - Processing file /home/airflow/.local/lib/python3.6/site-packages/airflow/example_dags/example_xcom.py for tasks to queue
[2024-08-10 08:18:08,273] {logging_mixin.py:104} INFO - [2024-08-10 08:18:08,273] {dagbag.py:451} INFO - Filling up the DagBag from /home/airflow/.local/lib/python3.6/site-packages/airflow/example_dags/example_xcom.py
[2024-08-10 08:18:08,281] {scheduler_job.py:639} INFO - DAG(s) dict_keys(['example_xcom']) retrieved from /home/airflow/.local/lib/python3.6/site-packages/airflow/example_dags/example_xcom.py
[2024-08-10 08:18:08,341] {logging_mixin.py:104} INFO - [2024-08-10 08:18:08,341] {dag.py:1824} INFO - Sync 1 DAGs
[2024-08-10 08:18:08,358] {logging_mixin.py:104} INFO - [2024-08-10 08:18:08,358] {dag.py:2280} INFO - Setting next_dagrun for example_xcom to 2024-08-08 00:00:00+00:00
[2024-08-10 08:18:08,370] {scheduler_job.py:190} INFO - Processing /home/airflow/.local/lib/python3.6/site-packages/airflow/example_dags/example_xcom.py took 0.100 seconds
[2024-08-10 08:18:39,045] {scheduler_job.py:182} INFO - Started process (PID=61741) to work on /home/airflow/.local/lib/python3.6/site-packages/airflow/example_dags/example_xcom.py
[2024-08-10 08:18:39,046] {scheduler_job.py:629} INFO - Processing file /home/airflow/.local/lib/python3.6/site-packages/airflow/example_dags/example_xcom.py for tasks to queue
[2024-08-10 08:18:39,048] {logging_mixin.py:104} INFO - [2024-08-10 08:18:39,048] {dagbag.py:451} INFO - Filling up the DagBag from /home/airflow/.local/lib/python3.6/site-packages/airflow/example_dags/example_xcom.py
[2024-08-10 08:18:39,055] {scheduler_job.py:639} INFO - DAG(s) dict_keys(['example_xcom']) retrieved from /home/airflow/.local/lib/python3.6/site-packages/airflow/example_dags/example_xcom.py
[2024-08-10 08:18:39,115] {logging_mixin.py:104} INFO - [2024-08-10 08:18:39,115] {dag.py:1824} INFO - Sync 1 DAGs
[2024-08-10 08:18:39,134] {logging_mixin.py:104} INFO - [2024-08-10 08:18:39,134] {dag.py:2280} INFO - Setting next_dagrun for example_xcom to 2024-08-08 00:00:00+00:00
[2024-08-10 08:18:39,147] {scheduler_job.py:190} INFO - Processing /home/airflow/.local/lib/python3.6/site-packages/airflow/example_dags/example_xcom.py took 0.103 seconds
[2024-08-10 08:19:09,760] {scheduler_job.py:182} INFO - Started process (PID=61769) to work on /home/airflow/.local/lib/python3.6/site-packages/airflow/example_dags/example_xcom.py
[2024-08-10 08:19:09,761] {scheduler_job.py:629} INFO - Processing file /home/airflow/.local/lib/python3.6/site-packages/airflow/example_dags/example_xcom.py for tasks to queue
[2024-08-10 08:19:09,761] {logging_mixin.py:104} INFO - [2024-08-10 08:19:09,761] {dagbag.py:451} INFO - Filling up the DagBag from /home/airflow/.local/lib/python3.6/site-packages/airflow/example_dags/example_xcom.py
[2024-08-10 08:19:09,768] {scheduler_job.py:639} INFO - DAG(s) dict_keys(['example_xcom']) retrieved from /home/airflow/.local/lib/python3.6/site-packages/airflow/example_dags/example_xcom.py
[2024-08-10 08:19:09,826] {logging_mixin.py:104} INFO - [2024-08-10 08:19:09,826] {dag.py:1824} INFO - Sync 1 DAGs
[2024-08-10 08:19:09,842] {logging_mixin.py:104} INFO - [2024-08-10 08:19:09,842] {dag.py:2280} INFO - Setting next_dagrun for example_xcom to 2024-08-08 00:00:00+00:00
[2024-08-10 08:19:09,854] {scheduler_job.py:190} INFO - Processing /home/airflow/.local/lib/python3.6/site-packages/airflow/example_dags/example_xcom.py took 0.095 seconds
[2024-08-10 08:19:40,559] {scheduler_job.py:182} INFO - Started process (PID=61799) to work on /home/airflow/.local/lib/python3.6/site-packages/airflow/example_dags/example_xcom.py
[2024-08-10 08:19:40,559] {scheduler_job.py:629} INFO - Processing file /home/airflow/.local/lib/python3.6/site-packages/airflow/example_dags/example_xcom.py for tasks to queue
[2024-08-10 08:19:40,560] {logging_mixin.py:104} INFO - [2024-08-10 08:19:40,560] {dagbag.py:451} INFO - Filling up the DagBag from /home/airflow/.local/lib/python3.6/site-packages/airflow/example_dags/example_xcom.py
[2024-08-10 08:19:40,567] {scheduler_job.py:639} INFO - DAG(s) dict_keys(['example_xcom']) retrieved from /home/airflow/.local/lib/python3.6/site-packages/airflow/example_dags/example_xcom.py
[2024-08-10 08:19:40,629] {logging_mixin.py:104} INFO - [2024-08-10 08:19:40,628] {dag.py:1824} INFO - Sync 1 DAGs
[2024-08-10 08:19:40,647] {logging_mixin.py:104} INFO - [2024-08-10 08:19:40,646] {dag.py:2280} INFO - Setting next_dagrun for example_xcom to 2024-08-08 00:00:00+00:00
[2024-08-10 08:19:40,659] {scheduler_job.py:190} INFO - Processing /home/airflow/.local/lib/python3.6/site-packages/airflow/example_dags/example_xcom.py took 0.102 seconds
[2024-08-10 08:20:11,405] {scheduler_job.py:182} INFO - Started process (PID=61828) to work on /home/airflow/.local/lib/python3.6/site-packages/airflow/example_dags/example_xcom.py
[2024-08-10 08:20:11,406] {scheduler_job.py:629} INFO - Processing file /home/airflow/.local/lib/python3.6/site-packages/airflow/example_dags/example_xcom.py for tasks to queue
[2024-08-10 08:20:11,408] {logging_mixin.py:104} INFO - [2024-08-10 08:20:11,408] {dagbag.py:451} INFO - Filling up the DagBag from /home/airflow/.local/lib/python3.6/site-packages/airflow/example_dags/example_xcom.py
[2024-08-10 08:20:11,415] {scheduler_job.py:639} INFO - DAG(s) dict_keys(['example_xcom']) retrieved from /home/airflow/.local/lib/python3.6/site-packages/airflow/example_dags/example_xcom.py
[2024-08-10 08:20:11,476] {logging_mixin.py:104} INFO - [2024-08-10 08:20:11,476] {dag.py:1824} INFO - Sync 1 DAGs
[2024-08-10 08:20:11,494] {logging_mixin.py:104} INFO - [2024-08-10 08:20:11,494] {dag.py:2280} INFO - Setting next_dagrun for example_xcom to 2024-08-08 00:00:00+00:00
[2024-08-10 08:20:11,504] {scheduler_job.py:190} INFO - Processing /home/airflow/.local/lib/python3.6/site-packages/airflow/example_dags/example_xcom.py took 0.102 seconds
[2024-08-10 08:20:42,129] {scheduler_job.py:182} INFO - Started process (PID=61857) to work on /home/airflow/.local/lib/python3.6/site-packages/airflow/example_dags/example_xcom.py
[2024-08-10 08:20:42,131] {scheduler_job.py:629} INFO - Processing file /home/airflow/.local/lib/python3.6/site-packages/airflow/example_dags/example_xcom.py for tasks to queue
[2024-08-10 08:20:42,133] {logging_mixin.py:104} INFO - [2024-08-10 08:20:42,133] {dagbag.py:451} INFO - Filling up the DagBag from /home/airflow/.local/lib/python3.6/site-packages/airflow/example_dags/example_xcom.py
[2024-08-10 08:20:42,140] {scheduler_job.py:639} INFO - DAG(s) dict_keys(['example_xcom']) retrieved from /home/airflow/.local/lib/python3.6/site-packages/airflow/example_dags/example_xcom.py
[2024-08-10 08:20:42,200] {logging_mixin.py:104} INFO - [2024-08-10 08:20:42,200] {dag.py:1824} INFO - Sync 1 DAGs
[2024-08-10 08:20:42,217] {logging_mixin.py:104} INFO - [2024-08-10 08:20:42,217] {dag.py:2280} INFO - Setting next_dagrun for example_xcom to 2024-08-08 00:00:00+00:00
[2024-08-10 08:20:42,228] {scheduler_job.py:190} INFO - Processing /home/airflow/.local/lib/python3.6/site-packages/airflow/example_dags/example_xcom.py took 0.101 seconds
[2024-08-10 08:21:12,866] {scheduler_job.py:182} INFO - Started process (PID=61886) to work on /home/airflow/.local/lib/python3.6/site-packages/airflow/example_dags/example_xcom.py
[2024-08-10 08:21:12,867] {scheduler_job.py:629} INFO - Processing file /home/airflow/.local/lib/python3.6/site-packages/airflow/example_dags/example_xcom.py for tasks to queue
[2024-08-10 08:21:12,867] {logging_mixin.py:104} INFO - [2024-08-10 08:21:12,867] {dagbag.py:451} INFO - Filling up the DagBag from /home/airflow/.local/lib/python3.6/site-packages/airflow/example_dags/example_xcom.py
[2024-08-10 08:21:12,875] {scheduler_job.py:639} INFO - DAG(s) dict_keys(['example_xcom']) retrieved from /home/airflow/.local/lib/python3.6/site-packages/airflow/example_dags/example_xcom.py
[2024-08-10 08:21:12,934] {logging_mixin.py:104} INFO - [2024-08-10 08:21:12,934] {dag.py:1824} INFO - Sync 1 DAGs
[2024-08-10 08:21:12,951] {logging_mixin.py:104} INFO - [2024-08-10 08:21:12,951] {dag.py:2280} INFO - Setting next_dagrun for example_xcom to 2024-08-08 00:00:00+00:00
[2024-08-10 08:21:12,961] {scheduler_job.py:190} INFO - Processing /home/airflow/.local/lib/python3.6/site-packages/airflow/example_dags/example_xcom.py took 0.097 seconds
[2024-08-10 08:21:43,635] {scheduler_job.py:182} INFO - Started process (PID=61915) to work on /home/airflow/.local/lib/python3.6/site-packages/airflow/example_dags/example_xcom.py
[2024-08-10 08:21:43,638] {scheduler_job.py:629} INFO - Processing file /home/airflow/.local/lib/python3.6/site-packages/airflow/example_dags/example_xcom.py for tasks to queue
[2024-08-10 08:21:43,638] {logging_mixin.py:104} INFO - [2024-08-10 08:21:43,638] {dagbag.py:451} INFO - Filling up the DagBag from /home/airflow/.local/lib/python3.6/site-packages/airflow/example_dags/example_xcom.py
[2024-08-10 08:21:43,646] {scheduler_job.py:639} INFO - DAG(s) dict_keys(['example_xcom']) retrieved from /home/airflow/.local/lib/python3.6/site-packages/airflow/example_dags/example_xcom.py
[2024-08-10 08:21:43,708] {logging_mixin.py:104} INFO - [2024-08-10 08:21:43,708] {dag.py:1824} INFO - Sync 1 DAGs
[2024-08-10 08:21:43,725] {logging_mixin.py:104} INFO - [2024-08-10 08:21:43,725] {dag.py:2280} INFO - Setting next_dagrun for example_xcom to 2024-08-08 00:00:00+00:00
[2024-08-10 08:21:43,736] {scheduler_job.py:190} INFO - Processing /home/airflow/.local/lib/python3.6/site-packages/airflow/example_dags/example_xcom.py took 0.103 seconds
[2024-08-10 08:22:14,432] {scheduler_job.py:182} INFO - Started process (PID=61944) to work on /home/airflow/.local/lib/python3.6/site-packages/airflow/example_dags/example_xcom.py
[2024-08-10 08:22:14,433] {scheduler_job.py:629} INFO - Processing file /home/airflow/.local/lib/python3.6/site-packages/airflow/example_dags/example_xcom.py for tasks to queue
[2024-08-10 08:22:14,434] {logging_mixin.py:104} INFO - [2024-08-10 08:22:14,434] {dagbag.py:451} INFO - Filling up the DagBag from /home/airflow/.local/lib/python3.6/site-packages/airflow/example_dags/example_xcom.py
[2024-08-10 08:22:14,442] {scheduler_job.py:639} INFO - DAG(s) dict_keys(['example_xcom']) retrieved from /home/airflow/.local/lib/python3.6/site-packages/airflow/example_dags/example_xcom.py
[2024-08-10 08:22:14,507] {logging_mixin.py:104} INFO - [2024-08-10 08:22:14,507] {dag.py:1824} INFO - Sync 1 DAGs
[2024-08-10 08:22:14,525] {logging_mixin.py:104} INFO - [2024-08-10 08:22:14,525] {dag.py:2280} INFO - Setting next_dagrun for example_xcom to 2024-08-08 00:00:00+00:00
[2024-08-10 08:22:14,537] {scheduler_job.py:190} INFO - Processing /home/airflow/.local/lib/python3.6/site-packages/airflow/example_dags/example_xcom.py took 0.107 seconds
[2024-08-10 08:22:45,203] {scheduler_job.py:182} INFO - Started process (PID=61973) to work on /home/airflow/.local/lib/python3.6/site-packages/airflow/example_dags/example_xcom.py
[2024-08-10 08:22:45,204] {scheduler_job.py:629} INFO - Processing file /home/airflow/.local/lib/python3.6/site-packages/airflow/example_dags/example_xcom.py for tasks to queue
[2024-08-10 08:22:45,205] {logging_mixin.py:104} INFO - [2024-08-10 08:22:45,205] {dagbag.py:451} INFO - Filling up the DagBag from /home/airflow/.local/lib/python3.6/site-packages/airflow/example_dags/example_xcom.py
[2024-08-10 08:22:45,214] {scheduler_job.py:639} INFO - DAG(s) dict_keys(['example_xcom']) retrieved from /home/airflow/.local/lib/python3.6/site-packages/airflow/example_dags/example_xcom.py
[2024-08-10 08:22:45,278] {logging_mixin.py:104} INFO - [2024-08-10 08:22:45,277] {dag.py:1824} INFO - Sync 1 DAGs
[2024-08-10 08:22:45,295] {logging_mixin.py:104} INFO - [2024-08-10 08:22:45,295] {dag.py:2280} INFO - Setting next_dagrun for example_xcom to 2024-08-08 00:00:00+00:00
[2024-08-10 08:22:45,307] {scheduler_job.py:190} INFO - Processing /home/airflow/.local/lib/python3.6/site-packages/airflow/example_dags/example_xcom.py took 0.106 seconds
[2024-08-10 19:59:43,943] {scheduler_job.py:182} INFO - Started process (PID=42) to work on /home/airflow/.local/lib/python3.6/site-packages/airflow/example_dags/example_xcom.py
[2024-08-10 19:59:43,945] {scheduler_job.py:629} INFO - Processing file /home/airflow/.local/lib/python3.6/site-packages/airflow/example_dags/example_xcom.py for tasks to queue
[2024-08-10 19:59:43,945] {logging_mixin.py:104} INFO - [2024-08-10 19:59:43,945] {dagbag.py:451} INFO - Filling up the DagBag from /home/airflow/.local/lib/python3.6/site-packages/airflow/example_dags/example_xcom.py
[2024-08-10 19:59:43,953] {scheduler_job.py:639} INFO - DAG(s) dict_keys(['example_xcom']) retrieved from /home/airflow/.local/lib/python3.6/site-packages/airflow/example_dags/example_xcom.py
[2024-08-10 19:59:44,035] {logging_mixin.py:104} INFO - [2024-08-10 19:59:44,035] {dag.py:1824} INFO - Sync 1 DAGs
[2024-08-10 19:59:44,059] {logging_mixin.py:104} INFO - [2024-08-10 19:59:44,059] {dag.py:2280} INFO - Setting next_dagrun for example_xcom to 2024-08-08 00:00:00+00:00
[2024-08-10 19:59:44,074] {scheduler_job.py:190} INFO - Processing /home/airflow/.local/lib/python3.6/site-packages/airflow/example_dags/example_xcom.py took 0.133 seconds
[2024-08-10 20:00:14,847] {scheduler_job.py:182} INFO - Started process (PID=71) to work on /home/airflow/.local/lib/python3.6/site-packages/airflow/example_dags/example_xcom.py
[2024-08-10 20:00:14,848] {scheduler_job.py:629} INFO - Processing file /home/airflow/.local/lib/python3.6/site-packages/airflow/example_dags/example_xcom.py for tasks to queue
[2024-08-10 20:00:14,848] {logging_mixin.py:104} INFO - [2024-08-10 20:00:14,848] {dagbag.py:451} INFO - Filling up the DagBag from /home/airflow/.local/lib/python3.6/site-packages/airflow/example_dags/example_xcom.py
[2024-08-10 20:00:14,854] {scheduler_job.py:639} INFO - DAG(s) dict_keys(['example_xcom']) retrieved from /home/airflow/.local/lib/python3.6/site-packages/airflow/example_dags/example_xcom.py
[2024-08-10 20:00:14,911] {logging_mixin.py:104} INFO - [2024-08-10 20:00:14,911] {dag.py:1824} INFO - Sync 1 DAGs
[2024-08-10 20:00:14,928] {logging_mixin.py:104} INFO - [2024-08-10 20:00:14,928] {dag.py:2280} INFO - Setting next_dagrun for example_xcom to 2024-08-08 00:00:00+00:00
[2024-08-10 20:00:14,938] {scheduler_job.py:190} INFO - Processing /home/airflow/.local/lib/python3.6/site-packages/airflow/example_dags/example_xcom.py took 0.093 seconds
[2024-08-10 21:00:36,951] {scheduler_job.py:182} INFO - Started process (PID=100) to work on /home/airflow/.local/lib/python3.6/site-packages/airflow/example_dags/example_xcom.py
[2024-08-10 21:00:36,951] {scheduler_job.py:629} INFO - Processing file /home/airflow/.local/lib/python3.6/site-packages/airflow/example_dags/example_xcom.py for tasks to queue
[2024-08-10 21:00:36,952] {logging_mixin.py:104} INFO - [2024-08-10 21:00:36,952] {dagbag.py:451} INFO - Filling up the DagBag from /home/airflow/.local/lib/python3.6/site-packages/airflow/example_dags/example_xcom.py
[2024-08-10 21:00:36,960] {scheduler_job.py:639} INFO - DAG(s) dict_keys(['example_xcom']) retrieved from /home/airflow/.local/lib/python3.6/site-packages/airflow/example_dags/example_xcom.py
[2024-08-10 21:00:37,034] {logging_mixin.py:104} INFO - [2024-08-10 21:00:37,034] {dag.py:1824} INFO - Sync 1 DAGs
[2024-08-10 21:00:37,055] {logging_mixin.py:104} INFO - [2024-08-10 21:00:37,055] {dag.py:2280} INFO - Setting next_dagrun for example_xcom to 2024-08-08 00:00:00+00:00
[2024-08-10 21:00:37,068] {scheduler_job.py:190} INFO - Processing /home/airflow/.local/lib/python3.6/site-packages/airflow/example_dags/example_xcom.py took 0.119 seconds
[2024-08-10 21:01:07,855] {scheduler_job.py:182} INFO - Started process (PID=129) to work on /home/airflow/.local/lib/python3.6/site-packages/airflow/example_dags/example_xcom.py
[2024-08-10 21:01:07,855] {scheduler_job.py:629} INFO - Processing file /home/airflow/.local/lib/python3.6/site-packages/airflow/example_dags/example_xcom.py for tasks to queue
[2024-08-10 21:01:07,855] {logging_mixin.py:104} INFO - [2024-08-10 21:01:07,855] {dagbag.py:451} INFO - Filling up the DagBag from /home/airflow/.local/lib/python3.6/site-packages/airflow/example_dags/example_xcom.py
[2024-08-10 21:01:07,861] {scheduler_job.py:639} INFO - DAG(s) dict_keys(['example_xcom']) retrieved from /home/airflow/.local/lib/python3.6/site-packages/airflow/example_dags/example_xcom.py
[2024-08-10 21:01:07,919] {logging_mixin.py:104} INFO - [2024-08-10 21:01:07,919] {dag.py:1824} INFO - Sync 1 DAGs
[2024-08-10 21:01:07,936] {logging_mixin.py:104} INFO - [2024-08-10 21:01:07,936] {dag.py:2280} INFO - Setting next_dagrun for example_xcom to 2024-08-08 00:00:00+00:00
[2024-08-10 21:01:07,946] {scheduler_job.py:190} INFO - Processing /home/airflow/.local/lib/python3.6/site-packages/airflow/example_dags/example_xcom.py took 0.093 seconds
[2024-08-10 21:16:45,271] {scheduler_job.py:182} INFO - Started process (PID=158) to work on /home/airflow/.local/lib/python3.6/site-packages/airflow/example_dags/example_xcom.py
[2024-08-10 21:16:45,272] {scheduler_job.py:629} INFO - Processing file /home/airflow/.local/lib/python3.6/site-packages/airflow/example_dags/example_xcom.py for tasks to queue
[2024-08-10 21:16:45,272] {logging_mixin.py:104} INFO - [2024-08-10 21:16:45,272] {dagbag.py:451} INFO - Filling up the DagBag from /home/airflow/.local/lib/python3.6/site-packages/airflow/example_dags/example_xcom.py
[2024-08-10 21:16:45,282] {scheduler_job.py:639} INFO - DAG(s) dict_keys(['example_xcom']) retrieved from /home/airflow/.local/lib/python3.6/site-packages/airflow/example_dags/example_xcom.py
[2024-08-10 21:16:45,360] {logging_mixin.py:104} INFO - [2024-08-10 21:16:45,360] {dag.py:1824} INFO - Sync 1 DAGs
[2024-08-10 21:16:45,391] {logging_mixin.py:104} INFO - [2024-08-10 21:16:45,391] {dag.py:2280} INFO - Setting next_dagrun for example_xcom to 2024-08-08 00:00:00+00:00
[2024-08-10 21:16:45,415] {scheduler_job.py:190} INFO - Processing /home/airflow/.local/lib/python3.6/site-packages/airflow/example_dags/example_xcom.py took 0.145 seconds
[2024-08-10 21:21:47,846] {scheduler_job.py:182} INFO - Started process (PID=187) to work on /home/airflow/.local/lib/python3.6/site-packages/airflow/example_dags/example_xcom.py
[2024-08-10 21:21:47,848] {scheduler_job.py:629} INFO - Processing file /home/airflow/.local/lib/python3.6/site-packages/airflow/example_dags/example_xcom.py for tasks to queue
[2024-08-10 21:21:47,848] {logging_mixin.py:104} INFO - [2024-08-10 21:21:47,848] {dagbag.py:451} INFO - Filling up the DagBag from /home/airflow/.local/lib/python3.6/site-packages/airflow/example_dags/example_xcom.py
[2024-08-10 21:21:47,861] {scheduler_job.py:639} INFO - DAG(s) dict_keys(['example_xcom']) retrieved from /home/airflow/.local/lib/python3.6/site-packages/airflow/example_dags/example_xcom.py
[2024-08-10 21:21:47,931] {logging_mixin.py:104} INFO - [2024-08-10 21:21:47,931] {dag.py:1824} INFO - Sync 1 DAGs
[2024-08-10 21:21:47,956] {logging_mixin.py:104} INFO - [2024-08-10 21:21:47,956] {dag.py:2280} INFO - Setting next_dagrun for example_xcom to 2024-08-08 00:00:00+00:00
[2024-08-10 21:21:47,969] {scheduler_job.py:190} INFO - Processing /home/airflow/.local/lib/python3.6/site-packages/airflow/example_dags/example_xcom.py took 0.130 seconds
[2024-08-10 21:22:18,858] {scheduler_job.py:182} INFO - Started process (PID=216) to work on /home/airflow/.local/lib/python3.6/site-packages/airflow/example_dags/example_xcom.py
[2024-08-10 21:22:18,858] {scheduler_job.py:629} INFO - Processing file /home/airflow/.local/lib/python3.6/site-packages/airflow/example_dags/example_xcom.py for tasks to queue
[2024-08-10 21:22:18,859] {logging_mixin.py:104} INFO - [2024-08-10 21:22:18,859] {dagbag.py:451} INFO - Filling up the DagBag from /home/airflow/.local/lib/python3.6/site-packages/airflow/example_dags/example_xcom.py
[2024-08-10 21:22:18,865] {scheduler_job.py:639} INFO - DAG(s) dict_keys(['example_xcom']) retrieved from /home/airflow/.local/lib/python3.6/site-packages/airflow/example_dags/example_xcom.py
[2024-08-10 21:22:18,922] {logging_mixin.py:104} INFO - [2024-08-10 21:22:18,922] {dag.py:1824} INFO - Sync 1 DAGs
[2024-08-10 21:22:18,939] {logging_mixin.py:104} INFO - [2024-08-10 21:22:18,939] {dag.py:2280} INFO - Setting next_dagrun for example_xcom to 2024-08-08 00:00:00+00:00
[2024-08-10 21:22:18,949] {scheduler_job.py:190} INFO - Processing /home/airflow/.local/lib/python3.6/site-packages/airflow/example_dags/example_xcom.py took 0.093 seconds
[2024-08-10 21:45:45,488] {scheduler_job.py:182} INFO - Started process (PID=245) to work on /home/airflow/.local/lib/python3.6/site-packages/airflow/example_dags/example_xcom.py
[2024-08-10 21:45:45,490] {scheduler_job.py:629} INFO - Processing file /home/airflow/.local/lib/python3.6/site-packages/airflow/example_dags/example_xcom.py for tasks to queue
[2024-08-10 21:45:45,491] {logging_mixin.py:104} INFO - [2024-08-10 21:45:45,490] {dagbag.py:451} INFO - Filling up the DagBag from /home/airflow/.local/lib/python3.6/site-packages/airflow/example_dags/example_xcom.py
[2024-08-10 21:45:45,507] {scheduler_job.py:639} INFO - DAG(s) dict_keys(['example_xcom']) retrieved from /home/airflow/.local/lib/python3.6/site-packages/airflow/example_dags/example_xcom.py
[2024-08-10 21:45:45,591] {logging_mixin.py:104} INFO - [2024-08-10 21:45:45,590] {dag.py:1824} INFO - Sync 1 DAGs
[2024-08-10 21:45:45,614] {logging_mixin.py:104} INFO - [2024-08-10 21:45:45,614] {dag.py:2280} INFO - Setting next_dagrun for example_xcom to 2024-08-08 00:00:00+00:00
[2024-08-10 21:45:45,628] {scheduler_job.py:190} INFO - Processing /home/airflow/.local/lib/python3.6/site-packages/airflow/example_dags/example_xcom.py took 0.145 seconds
[2024-08-10 21:46:16,605] {scheduler_job.py:182} INFO - Started process (PID=274) to work on /home/airflow/.local/lib/python3.6/site-packages/airflow/example_dags/example_xcom.py
[2024-08-10 21:46:16,605] {scheduler_job.py:629} INFO - Processing file /home/airflow/.local/lib/python3.6/site-packages/airflow/example_dags/example_xcom.py for tasks to queue
[2024-08-10 21:46:16,606] {logging_mixin.py:104} INFO - [2024-08-10 21:46:16,606] {dagbag.py:451} INFO - Filling up the DagBag from /home/airflow/.local/lib/python3.6/site-packages/airflow/example_dags/example_xcom.py
[2024-08-10 21:46:16,613] {scheduler_job.py:639} INFO - DAG(s) dict_keys(['example_xcom']) retrieved from /home/airflow/.local/lib/python3.6/site-packages/airflow/example_dags/example_xcom.py
[2024-08-10 21:46:16,671] {logging_mixin.py:104} INFO - [2024-08-10 21:46:16,671] {dag.py:1824} INFO - Sync 1 DAGs
[2024-08-10 21:46:16,687] {logging_mixin.py:104} INFO - [2024-08-10 21:46:16,687] {dag.py:2280} INFO - Setting next_dagrun for example_xcom to 2024-08-08 00:00:00+00:00
[2024-08-10 21:46:16,699] {scheduler_job.py:190} INFO - Processing /home/airflow/.local/lib/python3.6/site-packages/airflow/example_dags/example_xcom.py took 0.096 seconds
[2024-08-10 22:01:46,982] {scheduler_job.py:182} INFO - Started process (PID=303) to work on /home/airflow/.local/lib/python3.6/site-packages/airflow/example_dags/example_xcom.py
[2024-08-10 22:01:46,983] {scheduler_job.py:629} INFO - Processing file /home/airflow/.local/lib/python3.6/site-packages/airflow/example_dags/example_xcom.py for tasks to queue
[2024-08-10 22:01:46,984] {logging_mixin.py:104} INFO - [2024-08-10 22:01:46,983] {dagbag.py:451} INFO - Filling up the DagBag from /home/airflow/.local/lib/python3.6/site-packages/airflow/example_dags/example_xcom.py
[2024-08-10 22:01:46,993] {scheduler_job.py:639} INFO - DAG(s) dict_keys(['example_xcom']) retrieved from /home/airflow/.local/lib/python3.6/site-packages/airflow/example_dags/example_xcom.py
[2024-08-10 22:01:47,059] {logging_mixin.py:104} INFO - [2024-08-10 22:01:47,059] {dag.py:1824} INFO - Sync 1 DAGs
[2024-08-10 22:01:47,077] {logging_mixin.py:104} INFO - [2024-08-10 22:01:47,076] {dag.py:2280} INFO - Setting next_dagrun for example_xcom to 2024-08-08 00:00:00+00:00
[2024-08-10 22:01:47,092] {scheduler_job.py:190} INFO - Processing /home/airflow/.local/lib/python3.6/site-packages/airflow/example_dags/example_xcom.py took 0.114 seconds
[2024-08-10 22:08:19,717] {scheduler_job.py:182} INFO - Started process (PID=332) to work on /home/airflow/.local/lib/python3.6/site-packages/airflow/example_dags/example_xcom.py
[2024-08-10 22:08:19,718] {scheduler_job.py:629} INFO - Processing file /home/airflow/.local/lib/python3.6/site-packages/airflow/example_dags/example_xcom.py for tasks to queue
[2024-08-10 22:08:19,718] {logging_mixin.py:104} INFO - [2024-08-10 22:08:19,718] {dagbag.py:451} INFO - Filling up the DagBag from /home/airflow/.local/lib/python3.6/site-packages/airflow/example_dags/example_xcom.py
[2024-08-10 22:08:19,726] {scheduler_job.py:639} INFO - DAG(s) dict_keys(['example_xcom']) retrieved from /home/airflow/.local/lib/python3.6/site-packages/airflow/example_dags/example_xcom.py
[2024-08-10 22:08:19,820] {logging_mixin.py:104} INFO - [2024-08-10 22:08:19,820] {dag.py:1824} INFO - Sync 1 DAGs
[2024-08-10 22:08:19,850] {logging_mixin.py:104} INFO - [2024-08-10 22:08:19,850] {dag.py:2280} INFO - Setting next_dagrun for example_xcom to 2024-08-08 00:00:00+00:00
[2024-08-10 22:08:19,863] {scheduler_job.py:190} INFO - Processing /home/airflow/.local/lib/python3.6/site-packages/airflow/example_dags/example_xcom.py took 0.148 seconds
[2024-08-10 22:08:49,885] {scheduler_job.py:182} INFO - Started process (PID=361) to work on /home/airflow/.local/lib/python3.6/site-packages/airflow/example_dags/example_xcom.py
[2024-08-10 22:08:49,886] {scheduler_job.py:629} INFO - Processing file /home/airflow/.local/lib/python3.6/site-packages/airflow/example_dags/example_xcom.py for tasks to queue
[2024-08-10 22:08:49,886] {logging_mixin.py:104} INFO - [2024-08-10 22:08:49,886] {dagbag.py:451} INFO - Filling up the DagBag from /home/airflow/.local/lib/python3.6/site-packages/airflow/example_dags/example_xcom.py
[2024-08-10 22:08:49,892] {scheduler_job.py:639} INFO - DAG(s) dict_keys(['example_xcom']) retrieved from /home/airflow/.local/lib/python3.6/site-packages/airflow/example_dags/example_xcom.py
[2024-08-10 22:08:49,951] {logging_mixin.py:104} INFO - [2024-08-10 22:08:49,951] {dag.py:1824} INFO - Sync 1 DAGs
[2024-08-10 22:08:49,967] {logging_mixin.py:104} INFO - [2024-08-10 22:08:49,967] {dag.py:2280} INFO - Setting next_dagrun for example_xcom to 2024-08-08 00:00:00+00:00
[2024-08-10 22:08:49,977] {scheduler_job.py:190} INFO - Processing /home/airflow/.local/lib/python3.6/site-packages/airflow/example_dags/example_xcom.py took 0.093 seconds
[2024-08-10 22:13:48,422] {scheduler_job.py:182} INFO - Started process (PID=390) to work on /home/airflow/.local/lib/python3.6/site-packages/airflow/example_dags/example_xcom.py
[2024-08-10 22:13:48,423] {scheduler_job.py:629} INFO - Processing file /home/airflow/.local/lib/python3.6/site-packages/airflow/example_dags/example_xcom.py for tasks to queue
[2024-08-10 22:13:48,423] {logging_mixin.py:104} INFO - [2024-08-10 22:13:48,423] {dagbag.py:451} INFO - Filling up the DagBag from /home/airflow/.local/lib/python3.6/site-packages/airflow/example_dags/example_xcom.py
[2024-08-10 22:13:48,442] {scheduler_job.py:639} INFO - DAG(s) dict_keys(['example_xcom']) retrieved from /home/airflow/.local/lib/python3.6/site-packages/airflow/example_dags/example_xcom.py
[2024-08-10 22:13:48,510] {logging_mixin.py:104} INFO - [2024-08-10 22:13:48,510] {dag.py:1824} INFO - Sync 1 DAGs
[2024-08-10 22:13:48,529] {logging_mixin.py:104} INFO - [2024-08-10 22:13:48,529] {dag.py:2280} INFO - Setting next_dagrun for example_xcom to 2024-08-08 00:00:00+00:00
[2024-08-10 22:13:48,545] {scheduler_job.py:190} INFO - Processing /home/airflow/.local/lib/python3.6/site-packages/airflow/example_dags/example_xcom.py took 0.124 seconds
[2024-08-10 22:17:45,801] {scheduler_job.py:182} INFO - Started process (PID=419) to work on /home/airflow/.local/lib/python3.6/site-packages/airflow/example_dags/example_xcom.py
[2024-08-10 22:17:45,803] {scheduler_job.py:629} INFO - Processing file /home/airflow/.local/lib/python3.6/site-packages/airflow/example_dags/example_xcom.py for tasks to queue
[2024-08-10 22:17:45,803] {logging_mixin.py:104} INFO - [2024-08-10 22:17:45,803] {dagbag.py:451} INFO - Filling up the DagBag from /home/airflow/.local/lib/python3.6/site-packages/airflow/example_dags/example_xcom.py
[2024-08-10 22:17:45,811] {scheduler_job.py:639} INFO - DAG(s) dict_keys(['example_xcom']) retrieved from /home/airflow/.local/lib/python3.6/site-packages/airflow/example_dags/example_xcom.py
[2024-08-10 22:17:45,877] {logging_mixin.py:104} INFO - [2024-08-10 22:17:45,876] {dag.py:1824} INFO - Sync 1 DAGs
[2024-08-10 22:17:45,896] {logging_mixin.py:104} INFO - [2024-08-10 22:17:45,896] {dag.py:2280} INFO - Setting next_dagrun for example_xcom to 2024-08-08 00:00:00+00:00
[2024-08-10 22:17:45,907] {scheduler_job.py:190} INFO - Processing /home/airflow/.local/lib/python3.6/site-packages/airflow/example_dags/example_xcom.py took 0.108 seconds
[2024-08-10 22:18:16,675] {scheduler_job.py:182} INFO - Started process (PID=448) to work on /home/airflow/.local/lib/python3.6/site-packages/airflow/example_dags/example_xcom.py
[2024-08-10 22:18:16,675] {scheduler_job.py:629} INFO - Processing file /home/airflow/.local/lib/python3.6/site-packages/airflow/example_dags/example_xcom.py for tasks to queue
[2024-08-10 22:18:16,676] {logging_mixin.py:104} INFO - [2024-08-10 22:18:16,676] {dagbag.py:451} INFO - Filling up the DagBag from /home/airflow/.local/lib/python3.6/site-packages/airflow/example_dags/example_xcom.py
[2024-08-10 22:18:16,683] {scheduler_job.py:639} INFO - DAG(s) dict_keys(['example_xcom']) retrieved from /home/airflow/.local/lib/python3.6/site-packages/airflow/example_dags/example_xcom.py
[2024-08-10 22:18:16,745] {logging_mixin.py:104} INFO - [2024-08-10 22:18:16,745] {dag.py:1824} INFO - Sync 1 DAGs
[2024-08-10 22:18:16,763] {logging_mixin.py:104} INFO - [2024-08-10 22:18:16,763] {dag.py:2280} INFO - Setting next_dagrun for example_xcom to 2024-08-08 00:00:00+00:00
[2024-08-10 22:18:16,777] {scheduler_job.py:190} INFO - Processing /home/airflow/.local/lib/python3.6/site-packages/airflow/example_dags/example_xcom.py took 0.104 seconds
[2024-08-10 22:18:47,372] {scheduler_job.py:182} INFO - Started process (PID=477) to work on /home/airflow/.local/lib/python3.6/site-packages/airflow/example_dags/example_xcom.py
[2024-08-10 22:18:47,373] {scheduler_job.py:629} INFO - Processing file /home/airflow/.local/lib/python3.6/site-packages/airflow/example_dags/example_xcom.py for tasks to queue
[2024-08-10 22:18:47,374] {logging_mixin.py:104} INFO - [2024-08-10 22:18:47,374] {dagbag.py:451} INFO - Filling up the DagBag from /home/airflow/.local/lib/python3.6/site-packages/airflow/example_dags/example_xcom.py
[2024-08-10 22:18:47,381] {scheduler_job.py:639} INFO - DAG(s) dict_keys(['example_xcom']) retrieved from /home/airflow/.local/lib/python3.6/site-packages/airflow/example_dags/example_xcom.py
[2024-08-10 22:18:47,443] {logging_mixin.py:104} INFO - [2024-08-10 22:18:47,443] {dag.py:1824} INFO - Sync 1 DAGs
[2024-08-10 22:18:47,459] {logging_mixin.py:104} INFO - [2024-08-10 22:18:47,459] {dag.py:2280} INFO - Setting next_dagrun for example_xcom to 2024-08-08 00:00:00+00:00
[2024-08-10 22:18:47,470] {scheduler_job.py:190} INFO - Processing /home/airflow/.local/lib/python3.6/site-packages/airflow/example_dags/example_xcom.py took 0.100 seconds
[2024-08-10 22:19:18,619] {scheduler_job.py:182} INFO - Started process (PID=510) to work on /home/airflow/.local/lib/python3.6/site-packages/airflow/example_dags/example_xcom.py
[2024-08-10 22:19:18,620] {scheduler_job.py:629} INFO - Processing file /home/airflow/.local/lib/python3.6/site-packages/airflow/example_dags/example_xcom.py for tasks to queue
[2024-08-10 22:19:18,620] {logging_mixin.py:104} INFO - [2024-08-10 22:19:18,620] {dagbag.py:451} INFO - Filling up the DagBag from /home/airflow/.local/lib/python3.6/site-packages/airflow/example_dags/example_xcom.py
[2024-08-10 22:19:18,626] {scheduler_job.py:639} INFO - DAG(s) dict_keys(['example_xcom']) retrieved from /home/airflow/.local/lib/python3.6/site-packages/airflow/example_dags/example_xcom.py
[2024-08-10 22:19:18,685] {logging_mixin.py:104} INFO - [2024-08-10 22:19:18,685] {dag.py:1824} INFO - Sync 1 DAGs
[2024-08-10 22:19:18,701] {logging_mixin.py:104} INFO - [2024-08-10 22:19:18,701] {dag.py:2280} INFO - Setting next_dagrun for example_xcom to 2024-08-08 00:00:00+00:00
[2024-08-10 22:19:18,712] {scheduler_job.py:190} INFO - Processing /home/airflow/.local/lib/python3.6/site-packages/airflow/example_dags/example_xcom.py took 0.095 seconds
[2024-08-10 22:27:20,543] {scheduler_job.py:182} INFO - Started process (PID=535) to work on /home/airflow/.local/lib/python3.6/site-packages/airflow/example_dags/example_xcom.py
[2024-08-10 22:27:20,545] {scheduler_job.py:629} INFO - Processing file /home/airflow/.local/lib/python3.6/site-packages/airflow/example_dags/example_xcom.py for tasks to queue
[2024-08-10 22:27:20,545] {logging_mixin.py:104} INFO - [2024-08-10 22:27:20,545] {dagbag.py:451} INFO - Filling up the DagBag from /home/airflow/.local/lib/python3.6/site-packages/airflow/example_dags/example_xcom.py
[2024-08-10 22:27:20,553] {scheduler_job.py:639} INFO - DAG(s) dict_keys(['example_xcom']) retrieved from /home/airflow/.local/lib/python3.6/site-packages/airflow/example_dags/example_xcom.py
[2024-08-10 22:27:20,627] {logging_mixin.py:104} INFO - [2024-08-10 22:27:20,627] {dag.py:1824} INFO - Sync 1 DAGs
[2024-08-10 22:27:20,648] {logging_mixin.py:104} INFO - [2024-08-10 22:27:20,648] {dag.py:2280} INFO - Setting next_dagrun for example_xcom to 2024-08-08 00:00:00+00:00
[2024-08-10 22:27:20,661] {scheduler_job.py:190} INFO - Processing /home/airflow/.local/lib/python3.6/site-packages/airflow/example_dags/example_xcom.py took 0.119 seconds
[2024-08-10 23:00:13,388] {scheduler_job.py:182} INFO - Started process (PID=564) to work on /home/airflow/.local/lib/python3.6/site-packages/airflow/example_dags/example_xcom.py
[2024-08-10 23:00:13,390] {scheduler_job.py:629} INFO - Processing file /home/airflow/.local/lib/python3.6/site-packages/airflow/example_dags/example_xcom.py for tasks to queue
[2024-08-10 23:00:13,390] {logging_mixin.py:104} INFO - [2024-08-10 23:00:13,390] {dagbag.py:451} INFO - Filling up the DagBag from /home/airflow/.local/lib/python3.6/site-packages/airflow/example_dags/example_xcom.py
[2024-08-10 23:00:13,400] {scheduler_job.py:639} INFO - DAG(s) dict_keys(['example_xcom']) retrieved from /home/airflow/.local/lib/python3.6/site-packages/airflow/example_dags/example_xcom.py
[2024-08-10 23:00:13,513] {logging_mixin.py:104} INFO - [2024-08-10 23:00:13,513] {dag.py:1824} INFO - Sync 1 DAGs
[2024-08-10 23:00:13,545] {logging_mixin.py:104} INFO - [2024-08-10 23:00:13,544] {dag.py:2280} INFO - Setting next_dagrun for example_xcom to 2024-08-08 00:00:00+00:00
[2024-08-10 23:00:13,565] {scheduler_job.py:190} INFO - Processing /home/airflow/.local/lib/python3.6/site-packages/airflow/example_dags/example_xcom.py took 0.179 seconds
[2024-08-10 23:02:54,085] {scheduler_job.py:182} INFO - Started process (PID=593) to work on /home/airflow/.local/lib/python3.6/site-packages/airflow/example_dags/example_xcom.py
[2024-08-10 23:02:54,086] {scheduler_job.py:629} INFO - Processing file /home/airflow/.local/lib/python3.6/site-packages/airflow/example_dags/example_xcom.py for tasks to queue
[2024-08-10 23:02:54,086] {logging_mixin.py:104} INFO - [2024-08-10 23:02:54,086] {dagbag.py:451} INFO - Filling up the DagBag from /home/airflow/.local/lib/python3.6/site-packages/airflow/example_dags/example_xcom.py
[2024-08-10 23:02:54,096] {scheduler_job.py:639} INFO - DAG(s) dict_keys(['example_xcom']) retrieved from /home/airflow/.local/lib/python3.6/site-packages/airflow/example_dags/example_xcom.py
[2024-08-10 23:02:54,153] {logging_mixin.py:104} INFO - [2024-08-10 23:02:54,153] {dag.py:1824} INFO - Sync 1 DAGs
[2024-08-10 23:02:54,174] {logging_mixin.py:104} INFO - [2024-08-10 23:02:54,174] {dag.py:2280} INFO - Setting next_dagrun for example_xcom to 2024-08-08 00:00:00+00:00
[2024-08-10 23:02:54,185] {scheduler_job.py:190} INFO - Processing /home/airflow/.local/lib/python3.6/site-packages/airflow/example_dags/example_xcom.py took 0.102 seconds
[2024-08-10 23:14:08,424] {scheduler_job.py:182} INFO - Started process (PID=622) to work on /home/airflow/.local/lib/python3.6/site-packages/airflow/example_dags/example_xcom.py
[2024-08-10 23:14:08,427] {scheduler_job.py:629} INFO - Processing file /home/airflow/.local/lib/python3.6/site-packages/airflow/example_dags/example_xcom.py for tasks to queue
[2024-08-10 23:14:08,431] {logging_mixin.py:104} INFO - [2024-08-10 23:14:08,431] {dagbag.py:451} INFO - Filling up the DagBag from /home/airflow/.local/lib/python3.6/site-packages/airflow/example_dags/example_xcom.py
[2024-08-10 23:14:08,438] {scheduler_job.py:639} INFO - DAG(s) dict_keys(['example_xcom']) retrieved from /home/airflow/.local/lib/python3.6/site-packages/airflow/example_dags/example_xcom.py
[2024-08-10 23:14:08,495] {logging_mixin.py:104} INFO - [2024-08-10 23:14:08,495] {dag.py:1824} INFO - Sync 1 DAGs
[2024-08-10 23:14:08,514] {logging_mixin.py:104} INFO - [2024-08-10 23:14:08,513] {dag.py:2280} INFO - Setting next_dagrun for example_xcom to 2024-08-08 00:00:00+00:00
[2024-08-10 23:14:08,525] {scheduler_job.py:190} INFO - Processing /home/airflow/.local/lib/python3.6/site-packages/airflow/example_dags/example_xcom.py took 0.103 seconds
[2024-08-10 23:14:39,361] {scheduler_job.py:182} INFO - Started process (PID=651) to work on /home/airflow/.local/lib/python3.6/site-packages/airflow/example_dags/example_xcom.py
[2024-08-10 23:14:39,363] {scheduler_job.py:629} INFO - Processing file /home/airflow/.local/lib/python3.6/site-packages/airflow/example_dags/example_xcom.py for tasks to queue
[2024-08-10 23:14:39,364] {logging_mixin.py:104} INFO - [2024-08-10 23:14:39,364] {dagbag.py:451} INFO - Filling up the DagBag from /home/airflow/.local/lib/python3.6/site-packages/airflow/example_dags/example_xcom.py
[2024-08-10 23:14:39,372] {scheduler_job.py:639} INFO - DAG(s) dict_keys(['example_xcom']) retrieved from /home/airflow/.local/lib/python3.6/site-packages/airflow/example_dags/example_xcom.py
[2024-08-10 23:14:39,431] {logging_mixin.py:104} INFO - [2024-08-10 23:14:39,431] {dag.py:1824} INFO - Sync 1 DAGs
[2024-08-10 23:14:39,448] {logging_mixin.py:104} INFO - [2024-08-10 23:14:39,448] {dag.py:2280} INFO - Setting next_dagrun for example_xcom to 2024-08-08 00:00:00+00:00
[2024-08-10 23:14:39,459] {scheduler_job.py:190} INFO - Processing /home/airflow/.local/lib/python3.6/site-packages/airflow/example_dags/example_xcom.py took 0.099 seconds
