[2024-08-10 00:13:03,339] {scheduler_job.py:182} INFO - Started process (PID=60874) to work on /home/airflow/.local/lib/python3.6/site-packages/airflow/example_dags/example_short_circuit_operator.py
[2024-08-10 00:13:03,340] {scheduler_job.py:629} INFO - Processing file /home/airflow/.local/lib/python3.6/site-packages/airflow/example_dags/example_short_circuit_operator.py for tasks to queue
[2024-08-10 00:13:03,343] {logging_mixin.py:104} INFO - [2024-08-10 00:13:03,343] {dagbag.py:451} INFO - Filling up the DagBag from /home/airflow/.local/lib/python3.6/site-packages/airflow/example_dags/example_short_circuit_operator.py
[2024-08-10 00:13:03,354] {scheduler_job.py:639} INFO - DAG(s) dict_keys(['example_short_circuit_operator']) retrieved from /home/airflow/.local/lib/python3.6/site-packages/airflow/example_dags/example_short_circuit_operator.py
[2024-08-10 00:13:03,436] {logging_mixin.py:104} INFO - [2024-08-10 00:13:03,436] {dag.py:1824} INFO - Sync 1 DAGs
[2024-08-10 00:13:03,458] {logging_mixin.py:104} INFO - [2024-08-10 00:13:03,458] {dag.py:2280} INFO - Setting next_dagrun for example_short_circuit_operator to 2024-08-08 00:00:00+00:00
[2024-08-10 00:13:03,481] {scheduler_job.py:190} INFO - Processing /home/airflow/.local/lib/python3.6/site-packages/airflow/example_dags/example_short_circuit_operator.py took 0.145 seconds
[2024-08-10 00:13:33,513] {scheduler_job.py:182} INFO - Started process (PID=60903) to work on /home/airflow/.local/lib/python3.6/site-packages/airflow/example_dags/example_short_circuit_operator.py
[2024-08-10 00:13:33,515] {scheduler_job.py:629} INFO - Processing file /home/airflow/.local/lib/python3.6/site-packages/airflow/example_dags/example_short_circuit_operator.py for tasks to queue
[2024-08-10 00:13:33,515] {logging_mixin.py:104} INFO - [2024-08-10 00:13:33,515] {dagbag.py:451} INFO - Filling up the DagBag from /home/airflow/.local/lib/python3.6/site-packages/airflow/example_dags/example_short_circuit_operator.py
[2024-08-10 00:13:33,527] {scheduler_job.py:639} INFO - DAG(s) dict_keys(['example_short_circuit_operator']) retrieved from /home/airflow/.local/lib/python3.6/site-packages/airflow/example_dags/example_short_circuit_operator.py
[2024-08-10 00:13:33,598] {logging_mixin.py:104} INFO - [2024-08-10 00:13:33,598] {dag.py:1824} INFO - Sync 1 DAGs
[2024-08-10 00:13:33,617] {logging_mixin.py:104} INFO - [2024-08-10 00:13:33,617] {dag.py:2280} INFO - Setting next_dagrun for example_short_circuit_operator to 2024-08-08 00:00:00+00:00
[2024-08-10 00:13:33,629] {scheduler_job.py:190} INFO - Processing /home/airflow/.local/lib/python3.6/site-packages/airflow/example_dags/example_short_circuit_operator.py took 0.119 seconds
[2024-08-10 01:03:32,818] {scheduler_job.py:182} INFO - Started process (PID=60932) to work on /home/airflow/.local/lib/python3.6/site-packages/airflow/example_dags/example_short_circuit_operator.py
[2024-08-10 01:03:32,819] {scheduler_job.py:629} INFO - Processing file /home/airflow/.local/lib/python3.6/site-packages/airflow/example_dags/example_short_circuit_operator.py for tasks to queue
[2024-08-10 01:03:32,819] {logging_mixin.py:104} INFO - [2024-08-10 01:03:32,819] {dagbag.py:451} INFO - Filling up the DagBag from /home/airflow/.local/lib/python3.6/site-packages/airflow/example_dags/example_short_circuit_operator.py
[2024-08-10 01:03:32,826] {scheduler_job.py:639} INFO - DAG(s) dict_keys(['example_short_circuit_operator']) retrieved from /home/airflow/.local/lib/python3.6/site-packages/airflow/example_dags/example_short_circuit_operator.py
[2024-08-10 01:03:32,884] {logging_mixin.py:104} INFO - [2024-08-10 01:03:32,883] {dag.py:1824} INFO - Sync 1 DAGs
[2024-08-10 01:03:32,901] {logging_mixin.py:104} INFO - [2024-08-10 01:03:32,901] {dag.py:2280} INFO - Setting next_dagrun for example_short_circuit_operator to 2024-08-08 00:00:00+00:00
[2024-08-10 01:03:32,912] {scheduler_job.py:190} INFO - Processing /home/airflow/.local/lib/python3.6/site-packages/airflow/example_dags/example_short_circuit_operator.py took 0.096 seconds
[2024-08-10 01:14:29,675] {scheduler_job.py:182} INFO - Started process (PID=60961) to work on /home/airflow/.local/lib/python3.6/site-packages/airflow/example_dags/example_short_circuit_operator.py
[2024-08-10 01:14:29,676] {scheduler_job.py:629} INFO - Processing file /home/airflow/.local/lib/python3.6/site-packages/airflow/example_dags/example_short_circuit_operator.py for tasks to queue
[2024-08-10 01:14:29,677] {logging_mixin.py:104} INFO - [2024-08-10 01:14:29,677] {dagbag.py:451} INFO - Filling up the DagBag from /home/airflow/.local/lib/python3.6/site-packages/airflow/example_dags/example_short_circuit_operator.py
[2024-08-10 01:14:29,686] {scheduler_job.py:639} INFO - DAG(s) dict_keys(['example_short_circuit_operator']) retrieved from /home/airflow/.local/lib/python3.6/site-packages/airflow/example_dags/example_short_circuit_operator.py
[2024-08-10 01:14:29,756] {logging_mixin.py:104} INFO - [2024-08-10 01:14:29,756] {dag.py:1824} INFO - Sync 1 DAGs
[2024-08-10 01:14:29,772] {logging_mixin.py:104} INFO - [2024-08-10 01:14:29,772] {dag.py:2280} INFO - Setting next_dagrun for example_short_circuit_operator to 2024-08-08 00:00:00+00:00
[2024-08-10 01:14:29,786] {scheduler_job.py:190} INFO - Processing /home/airflow/.local/lib/python3.6/site-packages/airflow/example_dags/example_short_circuit_operator.py took 0.113 seconds
[2024-08-10 01:47:57,481] {scheduler_job.py:182} INFO - Started process (PID=60990) to work on /home/airflow/.local/lib/python3.6/site-packages/airflow/example_dags/example_short_circuit_operator.py
[2024-08-10 01:47:57,483] {scheduler_job.py:629} INFO - Processing file /home/airflow/.local/lib/python3.6/site-packages/airflow/example_dags/example_short_circuit_operator.py for tasks to queue
[2024-08-10 01:47:57,484] {logging_mixin.py:104} INFO - [2024-08-10 01:47:57,484] {dagbag.py:451} INFO - Filling up the DagBag from /home/airflow/.local/lib/python3.6/site-packages/airflow/example_dags/example_short_circuit_operator.py
[2024-08-10 01:47:57,500] {scheduler_job.py:639} INFO - DAG(s) dict_keys(['example_short_circuit_operator']) retrieved from /home/airflow/.local/lib/python3.6/site-packages/airflow/example_dags/example_short_circuit_operator.py
[2024-08-10 01:47:57,575] {logging_mixin.py:104} INFO - [2024-08-10 01:47:57,575] {dag.py:1824} INFO - Sync 1 DAGs
[2024-08-10 01:47:57,593] {logging_mixin.py:104} INFO - [2024-08-10 01:47:57,593] {dag.py:2280} INFO - Setting next_dagrun for example_short_circuit_operator to 2024-08-08 00:00:00+00:00
[2024-08-10 01:47:57,604] {scheduler_job.py:190} INFO - Processing /home/airflow/.local/lib/python3.6/site-packages/airflow/example_dags/example_short_circuit_operator.py took 0.128 seconds
[2024-08-10 02:15:26,287] {scheduler_job.py:182} INFO - Started process (PID=61019) to work on /home/airflow/.local/lib/python3.6/site-packages/airflow/example_dags/example_short_circuit_operator.py
[2024-08-10 02:15:26,288] {scheduler_job.py:629} INFO - Processing file /home/airflow/.local/lib/python3.6/site-packages/airflow/example_dags/example_short_circuit_operator.py for tasks to queue
[2024-08-10 02:15:26,289] {logging_mixin.py:104} INFO - [2024-08-10 02:15:26,289] {dagbag.py:451} INFO - Filling up the DagBag from /home/airflow/.local/lib/python3.6/site-packages/airflow/example_dags/example_short_circuit_operator.py
[2024-08-10 02:15:26,299] {scheduler_job.py:639} INFO - DAG(s) dict_keys(['example_short_circuit_operator']) retrieved from /home/airflow/.local/lib/python3.6/site-packages/airflow/example_dags/example_short_circuit_operator.py
[2024-08-10 02:15:26,370] {logging_mixin.py:104} INFO - [2024-08-10 02:15:26,370] {dag.py:1824} INFO - Sync 1 DAGs
[2024-08-10 02:15:26,392] {logging_mixin.py:104} INFO - [2024-08-10 02:15:26,392] {dag.py:2280} INFO - Setting next_dagrun for example_short_circuit_operator to 2024-08-08 00:00:00+00:00
[2024-08-10 02:15:26,406] {scheduler_job.py:190} INFO - Processing /home/airflow/.local/lib/python3.6/site-packages/airflow/example_dags/example_short_circuit_operator.py took 0.121 seconds
[2024-08-10 02:21:40,081] {scheduler_job.py:182} INFO - Started process (PID=61048) to work on /home/airflow/.local/lib/python3.6/site-packages/airflow/example_dags/example_short_circuit_operator.py
[2024-08-10 02:21:40,082] {scheduler_job.py:629} INFO - Processing file /home/airflow/.local/lib/python3.6/site-packages/airflow/example_dags/example_short_circuit_operator.py for tasks to queue
[2024-08-10 02:21:40,082] {logging_mixin.py:104} INFO - [2024-08-10 02:21:40,082] {dagbag.py:451} INFO - Filling up the DagBag from /home/airflow/.local/lib/python3.6/site-packages/airflow/example_dags/example_short_circuit_operator.py
[2024-08-10 02:21:40,089] {scheduler_job.py:639} INFO - DAG(s) dict_keys(['example_short_circuit_operator']) retrieved from /home/airflow/.local/lib/python3.6/site-packages/airflow/example_dags/example_short_circuit_operator.py
[2024-08-10 02:21:40,147] {logging_mixin.py:104} INFO - [2024-08-10 02:21:40,147] {dag.py:1824} INFO - Sync 1 DAGs
[2024-08-10 02:21:40,164] {logging_mixin.py:104} INFO - [2024-08-10 02:21:40,164] {dag.py:2280} INFO - Setting next_dagrun for example_short_circuit_operator to 2024-08-08 00:00:00+00:00
[2024-08-10 02:21:40,175] {scheduler_job.py:190} INFO - Processing /home/airflow/.local/lib/python3.6/site-packages/airflow/example_dags/example_short_circuit_operator.py took 0.095 seconds
[2024-08-10 02:22:11,151] {scheduler_job.py:182} INFO - Started process (PID=61077) to work on /home/airflow/.local/lib/python3.6/site-packages/airflow/example_dags/example_short_circuit_operator.py
[2024-08-10 02:22:11,152] {scheduler_job.py:629} INFO - Processing file /home/airflow/.local/lib/python3.6/site-packages/airflow/example_dags/example_short_circuit_operator.py for tasks to queue
[2024-08-10 02:22:11,152] {logging_mixin.py:104} INFO - [2024-08-10 02:22:11,152] {dagbag.py:451} INFO - Filling up the DagBag from /home/airflow/.local/lib/python3.6/site-packages/airflow/example_dags/example_short_circuit_operator.py
[2024-08-10 02:22:11,162] {scheduler_job.py:639} INFO - DAG(s) dict_keys(['example_short_circuit_operator']) retrieved from /home/airflow/.local/lib/python3.6/site-packages/airflow/example_dags/example_short_circuit_operator.py
[2024-08-10 02:22:11,229] {logging_mixin.py:104} INFO - [2024-08-10 02:22:11,229] {dag.py:1824} INFO - Sync 1 DAGs
[2024-08-10 02:22:11,244] {logging_mixin.py:104} INFO - [2024-08-10 02:22:11,244] {dag.py:2280} INFO - Setting next_dagrun for example_short_circuit_operator to 2024-08-08 00:00:00+00:00
[2024-08-10 02:22:11,255] {scheduler_job.py:190} INFO - Processing /home/airflow/.local/lib/python3.6/site-packages/airflow/example_dags/example_short_circuit_operator.py took 0.108 seconds
[2024-08-10 03:16:05,153] {scheduler_job.py:182} INFO - Started process (PID=61106) to work on /home/airflow/.local/lib/python3.6/site-packages/airflow/example_dags/example_short_circuit_operator.py
[2024-08-10 03:16:05,154] {scheduler_job.py:629} INFO - Processing file /home/airflow/.local/lib/python3.6/site-packages/airflow/example_dags/example_short_circuit_operator.py for tasks to queue
[2024-08-10 03:16:05,155] {logging_mixin.py:104} INFO - [2024-08-10 03:16:05,155] {dagbag.py:451} INFO - Filling up the DagBag from /home/airflow/.local/lib/python3.6/site-packages/airflow/example_dags/example_short_circuit_operator.py
[2024-08-10 03:16:05,163] {scheduler_job.py:639} INFO - DAG(s) dict_keys(['example_short_circuit_operator']) retrieved from /home/airflow/.local/lib/python3.6/site-packages/airflow/example_dags/example_short_circuit_operator.py
[2024-08-10 03:16:05,234] {logging_mixin.py:104} INFO - [2024-08-10 03:16:05,234] {dag.py:1824} INFO - Sync 1 DAGs
[2024-08-10 03:16:05,255] {logging_mixin.py:104} INFO - [2024-08-10 03:16:05,254] {dag.py:2280} INFO - Setting next_dagrun for example_short_circuit_operator to 2024-08-08 00:00:00+00:00
[2024-08-10 03:16:05,267] {scheduler_job.py:190} INFO - Processing /home/airflow/.local/lib/python3.6/site-packages/airflow/example_dags/example_short_circuit_operator.py took 0.115 seconds
[2024-08-10 03:16:35,342] {scheduler_job.py:182} INFO - Started process (PID=61135) to work on /home/airflow/.local/lib/python3.6/site-packages/airflow/example_dags/example_short_circuit_operator.py
[2024-08-10 03:16:35,343] {scheduler_job.py:629} INFO - Processing file /home/airflow/.local/lib/python3.6/site-packages/airflow/example_dags/example_short_circuit_operator.py for tasks to queue
[2024-08-10 03:16:35,343] {logging_mixin.py:104} INFO - [2024-08-10 03:16:35,343] {dagbag.py:451} INFO - Filling up the DagBag from /home/airflow/.local/lib/python3.6/site-packages/airflow/example_dags/example_short_circuit_operator.py
[2024-08-10 03:16:35,351] {scheduler_job.py:639} INFO - DAG(s) dict_keys(['example_short_circuit_operator']) retrieved from /home/airflow/.local/lib/python3.6/site-packages/airflow/example_dags/example_short_circuit_operator.py
[2024-08-10 03:16:35,409] {logging_mixin.py:104} INFO - [2024-08-10 03:16:35,409] {dag.py:1824} INFO - Sync 1 DAGs
[2024-08-10 03:16:35,427] {logging_mixin.py:104} INFO - [2024-08-10 03:16:35,427] {dag.py:2280} INFO - Setting next_dagrun for example_short_circuit_operator to 2024-08-08 00:00:00+00:00
[2024-08-10 03:16:35,439] {scheduler_job.py:190} INFO - Processing /home/airflow/.local/lib/python3.6/site-packages/airflow/example_dags/example_short_circuit_operator.py took 0.098 seconds
[2024-08-10 04:06:30,016] {scheduler_job.py:182} INFO - Started process (PID=61164) to work on /home/airflow/.local/lib/python3.6/site-packages/airflow/example_dags/example_short_circuit_operator.py
[2024-08-10 04:06:30,016] {scheduler_job.py:629} INFO - Processing file /home/airflow/.local/lib/python3.6/site-packages/airflow/example_dags/example_short_circuit_operator.py for tasks to queue
[2024-08-10 04:06:30,017] {logging_mixin.py:104} INFO - [2024-08-10 04:06:30,017] {dagbag.py:451} INFO - Filling up the DagBag from /home/airflow/.local/lib/python3.6/site-packages/airflow/example_dags/example_short_circuit_operator.py
[2024-08-10 04:06:30,028] {scheduler_job.py:639} INFO - DAG(s) dict_keys(['example_short_circuit_operator']) retrieved from /home/airflow/.local/lib/python3.6/site-packages/airflow/example_dags/example_short_circuit_operator.py
[2024-08-10 04:06:30,093] {logging_mixin.py:104} INFO - [2024-08-10 04:06:30,093] {dag.py:1824} INFO - Sync 1 DAGs
[2024-08-10 04:06:30,113] {logging_mixin.py:104} INFO - [2024-08-10 04:06:30,113] {dag.py:2280} INFO - Setting next_dagrun for example_short_circuit_operator to 2024-08-08 00:00:00+00:00
[2024-08-10 04:06:30,130] {scheduler_job.py:190} INFO - Processing /home/airflow/.local/lib/python3.6/site-packages/airflow/example_dags/example_short_circuit_operator.py took 0.117 seconds
[2024-08-10 04:17:31,556] {scheduler_job.py:182} INFO - Started process (PID=61193) to work on /home/airflow/.local/lib/python3.6/site-packages/airflow/example_dags/example_short_circuit_operator.py
[2024-08-10 04:17:31,557] {scheduler_job.py:629} INFO - Processing file /home/airflow/.local/lib/python3.6/site-packages/airflow/example_dags/example_short_circuit_operator.py for tasks to queue
[2024-08-10 04:17:31,557] {logging_mixin.py:104} INFO - [2024-08-10 04:17:31,557] {dagbag.py:451} INFO - Filling up the DagBag from /home/airflow/.local/lib/python3.6/site-packages/airflow/example_dags/example_short_circuit_operator.py
[2024-08-10 04:17:31,566] {scheduler_job.py:639} INFO - DAG(s) dict_keys(['example_short_circuit_operator']) retrieved from /home/airflow/.local/lib/python3.6/site-packages/airflow/example_dags/example_short_circuit_operator.py
[2024-08-10 04:17:31,646] {logging_mixin.py:104} INFO - [2024-08-10 04:17:31,646] {dag.py:1824} INFO - Sync 1 DAGs
[2024-08-10 04:17:31,666] {logging_mixin.py:104} INFO - [2024-08-10 04:17:31,666] {dag.py:2280} INFO - Setting next_dagrun for example_short_circuit_operator to 2024-08-08 00:00:00+00:00
[2024-08-10 04:17:31,683] {scheduler_job.py:190} INFO - Processing /home/airflow/.local/lib/python3.6/site-packages/airflow/example_dags/example_short_circuit_operator.py took 0.129 seconds
[2024-08-10 05:08:46,900] {scheduler_job.py:182} INFO - Started process (PID=61222) to work on /home/airflow/.local/lib/python3.6/site-packages/airflow/example_dags/example_short_circuit_operator.py
[2024-08-10 05:08:46,901] {scheduler_job.py:629} INFO - Processing file /home/airflow/.local/lib/python3.6/site-packages/airflow/example_dags/example_short_circuit_operator.py for tasks to queue
[2024-08-10 05:08:46,905] {logging_mixin.py:104} INFO - [2024-08-10 05:08:46,905] {dagbag.py:451} INFO - Filling up the DagBag from /home/airflow/.local/lib/python3.6/site-packages/airflow/example_dags/example_short_circuit_operator.py
[2024-08-10 05:08:46,916] {scheduler_job.py:639} INFO - DAG(s) dict_keys(['example_short_circuit_operator']) retrieved from /home/airflow/.local/lib/python3.6/site-packages/airflow/example_dags/example_short_circuit_operator.py
[2024-08-10 05:08:46,984] {logging_mixin.py:104} INFO - [2024-08-10 05:08:46,984] {dag.py:1824} INFO - Sync 1 DAGs
[2024-08-10 05:08:47,003] {logging_mixin.py:104} INFO - [2024-08-10 05:08:47,003] {dag.py:2280} INFO - Setting next_dagrun for example_short_circuit_operator to 2024-08-08 00:00:00+00:00
[2024-08-10 05:08:47,016] {scheduler_job.py:190} INFO - Processing /home/airflow/.local/lib/python3.6/site-packages/airflow/example_dags/example_short_circuit_operator.py took 0.122 seconds
[2024-08-10 05:18:28,773] {scheduler_job.py:182} INFO - Started process (PID=61251) to work on /home/airflow/.local/lib/python3.6/site-packages/airflow/example_dags/example_short_circuit_operator.py
[2024-08-10 05:18:28,774] {scheduler_job.py:629} INFO - Processing file /home/airflow/.local/lib/python3.6/site-packages/airflow/example_dags/example_short_circuit_operator.py for tasks to queue
[2024-08-10 05:18:28,775] {logging_mixin.py:104} INFO - [2024-08-10 05:18:28,775] {dagbag.py:451} INFO - Filling up the DagBag from /home/airflow/.local/lib/python3.6/site-packages/airflow/example_dags/example_short_circuit_operator.py
[2024-08-10 05:18:28,784] {scheduler_job.py:639} INFO - DAG(s) dict_keys(['example_short_circuit_operator']) retrieved from /home/airflow/.local/lib/python3.6/site-packages/airflow/example_dags/example_short_circuit_operator.py
[2024-08-10 05:18:28,851] {logging_mixin.py:104} INFO - [2024-08-10 05:18:28,851] {dag.py:1824} INFO - Sync 1 DAGs
[2024-08-10 05:18:28,867] {logging_mixin.py:104} INFO - [2024-08-10 05:18:28,867] {dag.py:2280} INFO - Setting next_dagrun for example_short_circuit_operator to 2024-08-08 00:00:00+00:00
[2024-08-10 05:18:28,880] {scheduler_job.py:190} INFO - Processing /home/airflow/.local/lib/python3.6/site-packages/airflow/example_dags/example_short_circuit_operator.py took 0.109 seconds
[2024-08-10 05:52:10,517] {scheduler_job.py:182} INFO - Started process (PID=61280) to work on /home/airflow/.local/lib/python3.6/site-packages/airflow/example_dags/example_short_circuit_operator.py
[2024-08-10 05:52:10,518] {scheduler_job.py:629} INFO - Processing file /home/airflow/.local/lib/python3.6/site-packages/airflow/example_dags/example_short_circuit_operator.py for tasks to queue
[2024-08-10 05:52:10,518] {logging_mixin.py:104} INFO - [2024-08-10 05:52:10,518] {dagbag.py:451} INFO - Filling up the DagBag from /home/airflow/.local/lib/python3.6/site-packages/airflow/example_dags/example_short_circuit_operator.py
[2024-08-10 05:52:10,528] {scheduler_job.py:639} INFO - DAG(s) dict_keys(['example_short_circuit_operator']) retrieved from /home/airflow/.local/lib/python3.6/site-packages/airflow/example_dags/example_short_circuit_operator.py
[2024-08-10 05:52:10,626] {logging_mixin.py:104} INFO - [2024-08-10 05:52:10,626] {dag.py:1824} INFO - Sync 1 DAGs
[2024-08-10 05:52:10,651] {logging_mixin.py:104} INFO - [2024-08-10 05:52:10,651] {dag.py:2280} INFO - Setting next_dagrun for example_short_circuit_operator to 2024-08-08 00:00:00+00:00
[2024-08-10 05:52:10,667] {scheduler_job.py:190} INFO - Processing /home/airflow/.local/lib/python3.6/site-packages/airflow/example_dags/example_short_circuit_operator.py took 0.153 seconds
[2024-08-10 06:01:20,171] {scheduler_job.py:182} INFO - Started process (PID=61309) to work on /home/airflow/.local/lib/python3.6/site-packages/airflow/example_dags/example_short_circuit_operator.py
[2024-08-10 06:01:20,172] {scheduler_job.py:629} INFO - Processing file /home/airflow/.local/lib/python3.6/site-packages/airflow/example_dags/example_short_circuit_operator.py for tasks to queue
[2024-08-10 06:01:20,172] {logging_mixin.py:104} INFO - [2024-08-10 06:01:20,172] {dagbag.py:451} INFO - Filling up the DagBag from /home/airflow/.local/lib/python3.6/site-packages/airflow/example_dags/example_short_circuit_operator.py
[2024-08-10 06:01:20,181] {scheduler_job.py:639} INFO - DAG(s) dict_keys(['example_short_circuit_operator']) retrieved from /home/airflow/.local/lib/python3.6/site-packages/airflow/example_dags/example_short_circuit_operator.py
[2024-08-10 06:01:20,243] {logging_mixin.py:104} INFO - [2024-08-10 06:01:20,243] {dag.py:1824} INFO - Sync 1 DAGs
[2024-08-10 06:01:20,260] {logging_mixin.py:104} INFO - [2024-08-10 06:01:20,260] {dag.py:2280} INFO - Setting next_dagrun for example_short_circuit_operator to 2024-08-08 00:00:00+00:00
[2024-08-10 06:01:20,271] {scheduler_job.py:190} INFO - Processing /home/airflow/.local/lib/python3.6/site-packages/airflow/example_dags/example_short_circuit_operator.py took 0.102 seconds
[2024-08-10 06:09:11,952] {scheduler_job.py:182} INFO - Started process (PID=61338) to work on /home/airflow/.local/lib/python3.6/site-packages/airflow/example_dags/example_short_circuit_operator.py
[2024-08-10 06:09:11,952] {scheduler_job.py:629} INFO - Processing file /home/airflow/.local/lib/python3.6/site-packages/airflow/example_dags/example_short_circuit_operator.py for tasks to queue
[2024-08-10 06:09:11,953] {logging_mixin.py:104} INFO - [2024-08-10 06:09:11,953] {dagbag.py:451} INFO - Filling up the DagBag from /home/airflow/.local/lib/python3.6/site-packages/airflow/example_dags/example_short_circuit_operator.py
[2024-08-10 06:09:11,961] {scheduler_job.py:639} INFO - DAG(s) dict_keys(['example_short_circuit_operator']) retrieved from /home/airflow/.local/lib/python3.6/site-packages/airflow/example_dags/example_short_circuit_operator.py
[2024-08-10 06:09:12,023] {logging_mixin.py:104} INFO - [2024-08-10 06:09:12,023] {dag.py:1824} INFO - Sync 1 DAGs
[2024-08-10 06:09:12,041] {logging_mixin.py:104} INFO - [2024-08-10 06:09:12,041] {dag.py:2280} INFO - Setting next_dagrun for example_short_circuit_operator to 2024-08-08 00:00:00+00:00
[2024-08-10 06:09:12,052] {scheduler_job.py:190} INFO - Processing /home/airflow/.local/lib/python3.6/site-packages/airflow/example_dags/example_short_circuit_operator.py took 0.103 seconds
[2024-08-10 06:09:42,988] {scheduler_job.py:182} INFO - Started process (PID=61367) to work on /home/airflow/.local/lib/python3.6/site-packages/airflow/example_dags/example_short_circuit_operator.py
[2024-08-10 06:09:42,990] {scheduler_job.py:629} INFO - Processing file /home/airflow/.local/lib/python3.6/site-packages/airflow/example_dags/example_short_circuit_operator.py for tasks to queue
[2024-08-10 06:09:42,991] {logging_mixin.py:104} INFO - [2024-08-10 06:09:42,990] {dagbag.py:451} INFO - Filling up the DagBag from /home/airflow/.local/lib/python3.6/site-packages/airflow/example_dags/example_short_circuit_operator.py
[2024-08-10 06:09:43,000] {scheduler_job.py:639} INFO - DAG(s) dict_keys(['example_short_circuit_operator']) retrieved from /home/airflow/.local/lib/python3.6/site-packages/airflow/example_dags/example_short_circuit_operator.py
[2024-08-10 06:09:43,068] {logging_mixin.py:104} INFO - [2024-08-10 06:09:43,068] {dag.py:1824} INFO - Sync 1 DAGs
[2024-08-10 06:09:43,083] {logging_mixin.py:104} INFO - [2024-08-10 06:09:43,083] {dag.py:2280} INFO - Setting next_dagrun for example_short_circuit_operator to 2024-08-08 00:00:00+00:00
[2024-08-10 06:09:43,094] {scheduler_job.py:190} INFO - Processing /home/airflow/.local/lib/python3.6/site-packages/airflow/example_dags/example_short_circuit_operator.py took 0.109 seconds
[2024-08-10 06:19:25,976] {scheduler_job.py:182} INFO - Started process (PID=61396) to work on /home/airflow/.local/lib/python3.6/site-packages/airflow/example_dags/example_short_circuit_operator.py
[2024-08-10 06:19:25,977] {scheduler_job.py:629} INFO - Processing file /home/airflow/.local/lib/python3.6/site-packages/airflow/example_dags/example_short_circuit_operator.py for tasks to queue
[2024-08-10 06:19:25,978] {logging_mixin.py:104} INFO - [2024-08-10 06:19:25,977] {dagbag.py:451} INFO - Filling up the DagBag from /home/airflow/.local/lib/python3.6/site-packages/airflow/example_dags/example_short_circuit_operator.py
[2024-08-10 06:19:25,988] {scheduler_job.py:639} INFO - DAG(s) dict_keys(['example_short_circuit_operator']) retrieved from /home/airflow/.local/lib/python3.6/site-packages/airflow/example_dags/example_short_circuit_operator.py
[2024-08-10 06:19:26,055] {logging_mixin.py:104} INFO - [2024-08-10 06:19:26,055] {dag.py:1824} INFO - Sync 1 DAGs
[2024-08-10 06:19:26,074] {logging_mixin.py:104} INFO - [2024-08-10 06:19:26,073] {dag.py:2280} INFO - Setting next_dagrun for example_short_circuit_operator to 2024-08-08 00:00:00+00:00
[2024-08-10 06:19:26,085] {scheduler_job.py:190} INFO - Processing /home/airflow/.local/lib/python3.6/site-packages/airflow/example_dags/example_short_circuit_operator.py took 0.112 seconds
[2024-08-10 06:53:14,612] {scheduler_job.py:182} INFO - Started process (PID=61425) to work on /home/airflow/.local/lib/python3.6/site-packages/airflow/example_dags/example_short_circuit_operator.py
[2024-08-10 06:53:14,613] {scheduler_job.py:629} INFO - Processing file /home/airflow/.local/lib/python3.6/site-packages/airflow/example_dags/example_short_circuit_operator.py for tasks to queue
[2024-08-10 06:53:14,613] {logging_mixin.py:104} INFO - [2024-08-10 06:53:14,613] {dagbag.py:451} INFO - Filling up the DagBag from /home/airflow/.local/lib/python3.6/site-packages/airflow/example_dags/example_short_circuit_operator.py
[2024-08-10 06:53:14,620] {scheduler_job.py:639} INFO - DAG(s) dict_keys(['example_short_circuit_operator']) retrieved from /home/airflow/.local/lib/python3.6/site-packages/airflow/example_dags/example_short_circuit_operator.py
[2024-08-10 06:53:14,681] {logging_mixin.py:104} INFO - [2024-08-10 06:53:14,681] {dag.py:1824} INFO - Sync 1 DAGs
[2024-08-10 06:53:14,698] {logging_mixin.py:104} INFO - [2024-08-10 06:53:14,698] {dag.py:2280} INFO - Setting next_dagrun for example_short_circuit_operator to 2024-08-08 00:00:00+00:00
[2024-08-10 06:53:14,711] {scheduler_job.py:190} INFO - Processing /home/airflow/.local/lib/python3.6/site-packages/airflow/example_dags/example_short_circuit_operator.py took 0.102 seconds
[2024-08-10 07:20:23,127] {scheduler_job.py:182} INFO - Started process (PID=61454) to work on /home/airflow/.local/lib/python3.6/site-packages/airflow/example_dags/example_short_circuit_operator.py
[2024-08-10 07:20:23,130] {scheduler_job.py:629} INFO - Processing file /home/airflow/.local/lib/python3.6/site-packages/airflow/example_dags/example_short_circuit_operator.py for tasks to queue
[2024-08-10 07:20:23,132] {logging_mixin.py:104} INFO - [2024-08-10 07:20:23,132] {dagbag.py:451} INFO - Filling up the DagBag from /home/airflow/.local/lib/python3.6/site-packages/airflow/example_dags/example_short_circuit_operator.py
[2024-08-10 07:20:23,150] {scheduler_job.py:639} INFO - DAG(s) dict_keys(['example_short_circuit_operator']) retrieved from /home/airflow/.local/lib/python3.6/site-packages/airflow/example_dags/example_short_circuit_operator.py
[2024-08-10 07:20:23,219] {logging_mixin.py:104} INFO - [2024-08-10 07:20:23,219] {dag.py:1824} INFO - Sync 1 DAGs
[2024-08-10 07:20:23,244] {logging_mixin.py:104} INFO - [2024-08-10 07:20:23,244] {dag.py:2280} INFO - Setting next_dagrun for example_short_circuit_operator to 2024-08-08 00:00:00+00:00
[2024-08-10 07:20:23,259] {scheduler_job.py:190} INFO - Processing /home/airflow/.local/lib/python3.6/site-packages/airflow/example_dags/example_short_circuit_operator.py took 0.135 seconds
[2024-08-10 07:36:31,410] {scheduler_job.py:182} INFO - Started process (PID=61483) to work on /home/airflow/.local/lib/python3.6/site-packages/airflow/example_dags/example_short_circuit_operator.py
[2024-08-10 07:36:31,411] {scheduler_job.py:629} INFO - Processing file /home/airflow/.local/lib/python3.6/site-packages/airflow/example_dags/example_short_circuit_operator.py for tasks to queue
[2024-08-10 07:36:31,412] {logging_mixin.py:104} INFO - [2024-08-10 07:36:31,412] {dagbag.py:451} INFO - Filling up the DagBag from /home/airflow/.local/lib/python3.6/site-packages/airflow/example_dags/example_short_circuit_operator.py
[2024-08-10 07:36:31,419] {scheduler_job.py:639} INFO - DAG(s) dict_keys(['example_short_circuit_operator']) retrieved from /home/airflow/.local/lib/python3.6/site-packages/airflow/example_dags/example_short_circuit_operator.py
[2024-08-10 07:36:31,481] {logging_mixin.py:104} INFO - [2024-08-10 07:36:31,481] {dag.py:1824} INFO - Sync 1 DAGs
[2024-08-10 07:36:31,498] {logging_mixin.py:104} INFO - [2024-08-10 07:36:31,498] {dag.py:2280} INFO - Setting next_dagrun for example_short_circuit_operator to 2024-08-08 00:00:00+00:00
[2024-08-10 07:36:31,510] {scheduler_job.py:190} INFO - Processing /home/airflow/.local/lib/python3.6/site-packages/airflow/example_dags/example_short_circuit_operator.py took 0.101 seconds
[2024-08-10 07:40:22,578] {scheduler_job.py:182} INFO - Started process (PID=61512) to work on /home/airflow/.local/lib/python3.6/site-packages/airflow/example_dags/example_short_circuit_operator.py
[2024-08-10 07:40:22,579] {scheduler_job.py:629} INFO - Processing file /home/airflow/.local/lib/python3.6/site-packages/airflow/example_dags/example_short_circuit_operator.py for tasks to queue
[2024-08-10 07:40:22,581] {logging_mixin.py:104} INFO - [2024-08-10 07:40:22,580] {dagbag.py:451} INFO - Filling up the DagBag from /home/airflow/.local/lib/python3.6/site-packages/airflow/example_dags/example_short_circuit_operator.py
[2024-08-10 07:40:22,593] {scheduler_job.py:639} INFO - DAG(s) dict_keys(['example_short_circuit_operator']) retrieved from /home/airflow/.local/lib/python3.6/site-packages/airflow/example_dags/example_short_circuit_operator.py
[2024-08-10 07:40:22,666] {logging_mixin.py:104} INFO - [2024-08-10 07:40:22,666] {dag.py:1824} INFO - Sync 1 DAGs
[2024-08-10 07:40:22,685] {logging_mixin.py:104} INFO - [2024-08-10 07:40:22,685] {dag.py:2280} INFO - Setting next_dagrun for example_short_circuit_operator to 2024-08-08 00:00:00+00:00
[2024-08-10 07:40:22,698] {scheduler_job.py:190} INFO - Processing /home/airflow/.local/lib/python3.6/site-packages/airflow/example_dags/example_short_circuit_operator.py took 0.124 seconds
[2024-08-10 08:13:22,868] {scheduler_job.py:182} INFO - Started process (PID=61541) to work on /home/airflow/.local/lib/python3.6/site-packages/airflow/example_dags/example_short_circuit_operator.py
[2024-08-10 08:13:22,868] {scheduler_job.py:629} INFO - Processing file /home/airflow/.local/lib/python3.6/site-packages/airflow/example_dags/example_short_circuit_operator.py for tasks to queue
[2024-08-10 08:13:22,872] {logging_mixin.py:104} INFO - [2024-08-10 08:13:22,872] {dagbag.py:451} INFO - Filling up the DagBag from /home/airflow/.local/lib/python3.6/site-packages/airflow/example_dags/example_short_circuit_operator.py
[2024-08-10 08:13:22,895] {scheduler_job.py:639} INFO - DAG(s) dict_keys(['example_short_circuit_operator']) retrieved from /home/airflow/.local/lib/python3.6/site-packages/airflow/example_dags/example_short_circuit_operator.py
[2024-08-10 08:13:23,077] {logging_mixin.py:104} INFO - [2024-08-10 08:13:23,077] {dag.py:1824} INFO - Sync 1 DAGs
[2024-08-10 08:13:23,109] {logging_mixin.py:104} INFO - [2024-08-10 08:13:23,109] {dag.py:2280} INFO - Setting next_dagrun for example_short_circuit_operator to 2024-08-08 00:00:00+00:00
[2024-08-10 08:13:23,133] {scheduler_job.py:190} INFO - Processing /home/airflow/.local/lib/python3.6/site-packages/airflow/example_dags/example_short_circuit_operator.py took 0.271 seconds
[2024-08-10 08:16:02,906] {scheduler_job.py:182} INFO - Started process (PID=61570) to work on /home/airflow/.local/lib/python3.6/site-packages/airflow/example_dags/example_short_circuit_operator.py
[2024-08-10 08:16:02,910] {scheduler_job.py:629} INFO - Processing file /home/airflow/.local/lib/python3.6/site-packages/airflow/example_dags/example_short_circuit_operator.py for tasks to queue
[2024-08-10 08:16:02,912] {logging_mixin.py:104} INFO - [2024-08-10 08:16:02,911] {dagbag.py:451} INFO - Filling up the DagBag from /home/airflow/.local/lib/python3.6/site-packages/airflow/example_dags/example_short_circuit_operator.py
[2024-08-10 08:16:02,925] {scheduler_job.py:639} INFO - DAG(s) dict_keys(['example_short_circuit_operator']) retrieved from /home/airflow/.local/lib/python3.6/site-packages/airflow/example_dags/example_short_circuit_operator.py
[2024-08-10 08:16:03,003] {logging_mixin.py:104} INFO - [2024-08-10 08:16:03,003] {dag.py:1824} INFO - Sync 1 DAGs
[2024-08-10 08:16:03,027] {logging_mixin.py:104} INFO - [2024-08-10 08:16:03,027] {dag.py:2280} INFO - Setting next_dagrun for example_short_circuit_operator to 2024-08-08 00:00:00+00:00
[2024-08-10 08:16:03,043] {scheduler_job.py:190} INFO - Processing /home/airflow/.local/lib/python3.6/site-packages/airflow/example_dags/example_short_circuit_operator.py took 0.141 seconds
[2024-08-10 08:16:33,414] {scheduler_job.py:182} INFO - Started process (PID=61599) to work on /home/airflow/.local/lib/python3.6/site-packages/airflow/example_dags/example_short_circuit_operator.py
[2024-08-10 08:16:33,416] {scheduler_job.py:629} INFO - Processing file /home/airflow/.local/lib/python3.6/site-packages/airflow/example_dags/example_short_circuit_operator.py for tasks to queue
[2024-08-10 08:16:33,416] {logging_mixin.py:104} INFO - [2024-08-10 08:16:33,416] {dagbag.py:451} INFO - Filling up the DagBag from /home/airflow/.local/lib/python3.6/site-packages/airflow/example_dags/example_short_circuit_operator.py
[2024-08-10 08:16:33,428] {scheduler_job.py:639} INFO - DAG(s) dict_keys(['example_short_circuit_operator']) retrieved from /home/airflow/.local/lib/python3.6/site-packages/airflow/example_dags/example_short_circuit_operator.py
[2024-08-10 08:16:33,492] {logging_mixin.py:104} INFO - [2024-08-10 08:16:33,492] {dag.py:1824} INFO - Sync 1 DAGs
[2024-08-10 08:16:33,510] {logging_mixin.py:104} INFO - [2024-08-10 08:16:33,510] {dag.py:2280} INFO - Setting next_dagrun for example_short_circuit_operator to 2024-08-08 00:00:00+00:00
[2024-08-10 08:16:33,521] {scheduler_job.py:190} INFO - Processing /home/airflow/.local/lib/python3.6/site-packages/airflow/example_dags/example_short_circuit_operator.py took 0.109 seconds
[2024-08-10 08:17:04,250] {scheduler_job.py:182} INFO - Started process (PID=61628) to work on /home/airflow/.local/lib/python3.6/site-packages/airflow/example_dags/example_short_circuit_operator.py
[2024-08-10 08:17:04,251] {scheduler_job.py:629} INFO - Processing file /home/airflow/.local/lib/python3.6/site-packages/airflow/example_dags/example_short_circuit_operator.py for tasks to queue
[2024-08-10 08:17:04,252] {logging_mixin.py:104} INFO - [2024-08-10 08:17:04,252] {dagbag.py:451} INFO - Filling up the DagBag from /home/airflow/.local/lib/python3.6/site-packages/airflow/example_dags/example_short_circuit_operator.py
[2024-08-10 08:17:04,262] {scheduler_job.py:639} INFO - DAG(s) dict_keys(['example_short_circuit_operator']) retrieved from /home/airflow/.local/lib/python3.6/site-packages/airflow/example_dags/example_short_circuit_operator.py
[2024-08-10 08:17:04,329] {logging_mixin.py:104} INFO - [2024-08-10 08:17:04,329] {dag.py:1824} INFO - Sync 1 DAGs
[2024-08-10 08:17:04,346] {logging_mixin.py:104} INFO - [2024-08-10 08:17:04,345] {dag.py:2280} INFO - Setting next_dagrun for example_short_circuit_operator to 2024-08-08 00:00:00+00:00
[2024-08-10 08:17:04,356] {scheduler_job.py:190} INFO - Processing /home/airflow/.local/lib/python3.6/site-packages/airflow/example_dags/example_short_circuit_operator.py took 0.110 seconds
[2024-08-10 08:17:35,078] {scheduler_job.py:182} INFO - Started process (PID=61657) to work on /home/airflow/.local/lib/python3.6/site-packages/airflow/example_dags/example_short_circuit_operator.py
[2024-08-10 08:17:35,081] {scheduler_job.py:629} INFO - Processing file /home/airflow/.local/lib/python3.6/site-packages/airflow/example_dags/example_short_circuit_operator.py for tasks to queue
[2024-08-10 08:17:35,082] {logging_mixin.py:104} INFO - [2024-08-10 08:17:35,082] {dagbag.py:451} INFO - Filling up the DagBag from /home/airflow/.local/lib/python3.6/site-packages/airflow/example_dags/example_short_circuit_operator.py
[2024-08-10 08:17:35,096] {scheduler_job.py:639} INFO - DAG(s) dict_keys(['example_short_circuit_operator']) retrieved from /home/airflow/.local/lib/python3.6/site-packages/airflow/example_dags/example_short_circuit_operator.py
[2024-08-10 08:17:35,165] {logging_mixin.py:104} INFO - [2024-08-10 08:17:35,165] {dag.py:1824} INFO - Sync 1 DAGs
[2024-08-10 08:17:35,183] {logging_mixin.py:104} INFO - [2024-08-10 08:17:35,183] {dag.py:2280} INFO - Setting next_dagrun for example_short_circuit_operator to 2024-08-08 00:00:00+00:00
[2024-08-10 08:17:35,194] {scheduler_job.py:190} INFO - Processing /home/airflow/.local/lib/python3.6/site-packages/airflow/example_dags/example_short_circuit_operator.py took 0.121 seconds
[2024-08-10 08:18:05,870] {scheduler_job.py:182} INFO - Started process (PID=61686) to work on /home/airflow/.local/lib/python3.6/site-packages/airflow/example_dags/example_short_circuit_operator.py
[2024-08-10 08:18:05,871] {scheduler_job.py:629} INFO - Processing file /home/airflow/.local/lib/python3.6/site-packages/airflow/example_dags/example_short_circuit_operator.py for tasks to queue
[2024-08-10 08:18:05,871] {logging_mixin.py:104} INFO - [2024-08-10 08:18:05,871] {dagbag.py:451} INFO - Filling up the DagBag from /home/airflow/.local/lib/python3.6/site-packages/airflow/example_dags/example_short_circuit_operator.py
[2024-08-10 08:18:05,882] {scheduler_job.py:639} INFO - DAG(s) dict_keys(['example_short_circuit_operator']) retrieved from /home/airflow/.local/lib/python3.6/site-packages/airflow/example_dags/example_short_circuit_operator.py
[2024-08-10 08:18:05,946] {logging_mixin.py:104} INFO - [2024-08-10 08:18:05,946] {dag.py:1824} INFO - Sync 1 DAGs
[2024-08-10 08:18:05,964] {logging_mixin.py:104} INFO - [2024-08-10 08:18:05,964] {dag.py:2280} INFO - Setting next_dagrun for example_short_circuit_operator to 2024-08-08 00:00:00+00:00
[2024-08-10 08:18:05,985] {scheduler_job.py:190} INFO - Processing /home/airflow/.local/lib/python3.6/site-packages/airflow/example_dags/example_short_circuit_operator.py took 0.118 seconds
[2024-08-10 08:18:36,642] {scheduler_job.py:182} INFO - Started process (PID=61715) to work on /home/airflow/.local/lib/python3.6/site-packages/airflow/example_dags/example_short_circuit_operator.py
[2024-08-10 08:18:36,644] {scheduler_job.py:629} INFO - Processing file /home/airflow/.local/lib/python3.6/site-packages/airflow/example_dags/example_short_circuit_operator.py for tasks to queue
[2024-08-10 08:18:36,645] {logging_mixin.py:104} INFO - [2024-08-10 08:18:36,645] {dagbag.py:451} INFO - Filling up the DagBag from /home/airflow/.local/lib/python3.6/site-packages/airflow/example_dags/example_short_circuit_operator.py
[2024-08-10 08:18:36,660] {scheduler_job.py:639} INFO - DAG(s) dict_keys(['example_short_circuit_operator']) retrieved from /home/airflow/.local/lib/python3.6/site-packages/airflow/example_dags/example_short_circuit_operator.py
[2024-08-10 08:18:36,734] {logging_mixin.py:104} INFO - [2024-08-10 08:18:36,734] {dag.py:1824} INFO - Sync 1 DAGs
[2024-08-10 08:18:36,754] {logging_mixin.py:104} INFO - [2024-08-10 08:18:36,754] {dag.py:2280} INFO - Setting next_dagrun for example_short_circuit_operator to 2024-08-08 00:00:00+00:00
[2024-08-10 08:18:36,766] {scheduler_job.py:190} INFO - Processing /home/airflow/.local/lib/python3.6/site-packages/airflow/example_dags/example_short_circuit_operator.py took 0.127 seconds
[2024-08-10 08:19:07,475] {scheduler_job.py:182} INFO - Started process (PID=61744) to work on /home/airflow/.local/lib/python3.6/site-packages/airflow/example_dags/example_short_circuit_operator.py
[2024-08-10 08:19:07,476] {scheduler_job.py:629} INFO - Processing file /home/airflow/.local/lib/python3.6/site-packages/airflow/example_dags/example_short_circuit_operator.py for tasks to queue
[2024-08-10 08:19:07,477] {logging_mixin.py:104} INFO - [2024-08-10 08:19:07,477] {dagbag.py:451} INFO - Filling up the DagBag from /home/airflow/.local/lib/python3.6/site-packages/airflow/example_dags/example_short_circuit_operator.py
[2024-08-10 08:19:07,487] {scheduler_job.py:639} INFO - DAG(s) dict_keys(['example_short_circuit_operator']) retrieved from /home/airflow/.local/lib/python3.6/site-packages/airflow/example_dags/example_short_circuit_operator.py
[2024-08-10 08:19:07,554] {logging_mixin.py:104} INFO - [2024-08-10 08:19:07,554] {dag.py:1824} INFO - Sync 1 DAGs
[2024-08-10 08:19:07,571] {logging_mixin.py:104} INFO - [2024-08-10 08:19:07,571] {dag.py:2280} INFO - Setting next_dagrun for example_short_circuit_operator to 2024-08-08 00:00:00+00:00
[2024-08-10 08:19:07,582] {scheduler_job.py:190} INFO - Processing /home/airflow/.local/lib/python3.6/site-packages/airflow/example_dags/example_short_circuit_operator.py took 0.111 seconds
[2024-08-10 08:19:38,193] {scheduler_job.py:182} INFO - Started process (PID=61773) to work on /home/airflow/.local/lib/python3.6/site-packages/airflow/example_dags/example_short_circuit_operator.py
[2024-08-10 08:19:38,195] {scheduler_job.py:629} INFO - Processing file /home/airflow/.local/lib/python3.6/site-packages/airflow/example_dags/example_short_circuit_operator.py for tasks to queue
[2024-08-10 08:19:38,195] {logging_mixin.py:104} INFO - [2024-08-10 08:19:38,195] {dagbag.py:451} INFO - Filling up the DagBag from /home/airflow/.local/lib/python3.6/site-packages/airflow/example_dags/example_short_circuit_operator.py
[2024-08-10 08:19:38,207] {scheduler_job.py:639} INFO - DAG(s) dict_keys(['example_short_circuit_operator']) retrieved from /home/airflow/.local/lib/python3.6/site-packages/airflow/example_dags/example_short_circuit_operator.py
[2024-08-10 08:19:38,273] {logging_mixin.py:104} INFO - [2024-08-10 08:19:38,273] {dag.py:1824} INFO - Sync 1 DAGs
[2024-08-10 08:19:38,290] {logging_mixin.py:104} INFO - [2024-08-10 08:19:38,290] {dag.py:2280} INFO - Setting next_dagrun for example_short_circuit_operator to 2024-08-08 00:00:00+00:00
[2024-08-10 08:19:38,302] {scheduler_job.py:190} INFO - Processing /home/airflow/.local/lib/python3.6/site-packages/airflow/example_dags/example_short_circuit_operator.py took 0.113 seconds
[2024-08-10 08:20:08,898] {scheduler_job.py:182} INFO - Started process (PID=61802) to work on /home/airflow/.local/lib/python3.6/site-packages/airflow/example_dags/example_short_circuit_operator.py
[2024-08-10 08:20:08,900] {scheduler_job.py:629} INFO - Processing file /home/airflow/.local/lib/python3.6/site-packages/airflow/example_dags/example_short_circuit_operator.py for tasks to queue
[2024-08-10 08:20:08,901] {logging_mixin.py:104} INFO - [2024-08-10 08:20:08,900] {dagbag.py:451} INFO - Filling up the DagBag from /home/airflow/.local/lib/python3.6/site-packages/airflow/example_dags/example_short_circuit_operator.py
[2024-08-10 08:20:08,911] {scheduler_job.py:639} INFO - DAG(s) dict_keys(['example_short_circuit_operator']) retrieved from /home/airflow/.local/lib/python3.6/site-packages/airflow/example_dags/example_short_circuit_operator.py
[2024-08-10 08:20:08,976] {logging_mixin.py:104} INFO - [2024-08-10 08:20:08,975] {dag.py:1824} INFO - Sync 1 DAGs
[2024-08-10 08:20:08,992] {logging_mixin.py:104} INFO - [2024-08-10 08:20:08,992] {dag.py:2280} INFO - Setting next_dagrun for example_short_circuit_operator to 2024-08-08 00:00:00+00:00
[2024-08-10 08:20:09,004] {scheduler_job.py:190} INFO - Processing /home/airflow/.local/lib/python3.6/site-packages/airflow/example_dags/example_short_circuit_operator.py took 0.108 seconds
[2024-08-10 08:20:39,738] {scheduler_job.py:182} INFO - Started process (PID=61831) to work on /home/airflow/.local/lib/python3.6/site-packages/airflow/example_dags/example_short_circuit_operator.py
[2024-08-10 08:20:39,739] {scheduler_job.py:629} INFO - Processing file /home/airflow/.local/lib/python3.6/site-packages/airflow/example_dags/example_short_circuit_operator.py for tasks to queue
[2024-08-10 08:20:39,739] {logging_mixin.py:104} INFO - [2024-08-10 08:20:39,739] {dagbag.py:451} INFO - Filling up the DagBag from /home/airflow/.local/lib/python3.6/site-packages/airflow/example_dags/example_short_circuit_operator.py
[2024-08-10 08:20:39,751] {scheduler_job.py:639} INFO - DAG(s) dict_keys(['example_short_circuit_operator']) retrieved from /home/airflow/.local/lib/python3.6/site-packages/airflow/example_dags/example_short_circuit_operator.py
[2024-08-10 08:20:39,818] {logging_mixin.py:104} INFO - [2024-08-10 08:20:39,818] {dag.py:1824} INFO - Sync 1 DAGs
[2024-08-10 08:20:39,834] {logging_mixin.py:104} INFO - [2024-08-10 08:20:39,834] {dag.py:2280} INFO - Setting next_dagrun for example_short_circuit_operator to 2024-08-08 00:00:00+00:00
[2024-08-10 08:20:39,845] {scheduler_job.py:190} INFO - Processing /home/airflow/.local/lib/python3.6/site-packages/airflow/example_dags/example_short_circuit_operator.py took 0.110 seconds
[2024-08-10 08:21:10,455] {scheduler_job.py:182} INFO - Started process (PID=61860) to work on /home/airflow/.local/lib/python3.6/site-packages/airflow/example_dags/example_short_circuit_operator.py
[2024-08-10 08:21:10,456] {scheduler_job.py:629} INFO - Processing file /home/airflow/.local/lib/python3.6/site-packages/airflow/example_dags/example_short_circuit_operator.py for tasks to queue
[2024-08-10 08:21:10,457] {logging_mixin.py:104} INFO - [2024-08-10 08:21:10,457] {dagbag.py:451} INFO - Filling up the DagBag from /home/airflow/.local/lib/python3.6/site-packages/airflow/example_dags/example_short_circuit_operator.py
[2024-08-10 08:21:10,467] {scheduler_job.py:639} INFO - DAG(s) dict_keys(['example_short_circuit_operator']) retrieved from /home/airflow/.local/lib/python3.6/site-packages/airflow/example_dags/example_short_circuit_operator.py
[2024-08-10 08:21:10,531] {logging_mixin.py:104} INFO - [2024-08-10 08:21:10,531] {dag.py:1824} INFO - Sync 1 DAGs
[2024-08-10 08:21:10,549] {logging_mixin.py:104} INFO - [2024-08-10 08:21:10,549] {dag.py:2280} INFO - Setting next_dagrun for example_short_circuit_operator to 2024-08-08 00:00:00+00:00
[2024-08-10 08:21:10,560] {scheduler_job.py:190} INFO - Processing /home/airflow/.local/lib/python3.6/site-packages/airflow/example_dags/example_short_circuit_operator.py took 0.107 seconds
[2024-08-10 08:21:41,204] {scheduler_job.py:182} INFO - Started process (PID=61889) to work on /home/airflow/.local/lib/python3.6/site-packages/airflow/example_dags/example_short_circuit_operator.py
[2024-08-10 08:21:41,205] {scheduler_job.py:629} INFO - Processing file /home/airflow/.local/lib/python3.6/site-packages/airflow/example_dags/example_short_circuit_operator.py for tasks to queue
[2024-08-10 08:21:41,206] {logging_mixin.py:104} INFO - [2024-08-10 08:21:41,206] {dagbag.py:451} INFO - Filling up the DagBag from /home/airflow/.local/lib/python3.6/site-packages/airflow/example_dags/example_short_circuit_operator.py
[2024-08-10 08:21:41,213] {scheduler_job.py:639} INFO - DAG(s) dict_keys(['example_short_circuit_operator']) retrieved from /home/airflow/.local/lib/python3.6/site-packages/airflow/example_dags/example_short_circuit_operator.py
[2024-08-10 08:21:41,274] {logging_mixin.py:104} INFO - [2024-08-10 08:21:41,274] {dag.py:1824} INFO - Sync 1 DAGs
[2024-08-10 08:21:41,292] {logging_mixin.py:104} INFO - [2024-08-10 08:21:41,292] {dag.py:2280} INFO - Setting next_dagrun for example_short_circuit_operator to 2024-08-08 00:00:00+00:00
[2024-08-10 08:21:41,303] {scheduler_job.py:190} INFO - Processing /home/airflow/.local/lib/python3.6/site-packages/airflow/example_dags/example_short_circuit_operator.py took 0.101 seconds
[2024-08-10 08:22:11,981] {scheduler_job.py:182} INFO - Started process (PID=61918) to work on /home/airflow/.local/lib/python3.6/site-packages/airflow/example_dags/example_short_circuit_operator.py
[2024-08-10 08:22:11,983] {scheduler_job.py:629} INFO - Processing file /home/airflow/.local/lib/python3.6/site-packages/airflow/example_dags/example_short_circuit_operator.py for tasks to queue
[2024-08-10 08:22:11,983] {logging_mixin.py:104} INFO - [2024-08-10 08:22:11,983] {dagbag.py:451} INFO - Filling up the DagBag from /home/airflow/.local/lib/python3.6/site-packages/airflow/example_dags/example_short_circuit_operator.py
[2024-08-10 08:22:11,998] {scheduler_job.py:639} INFO - DAG(s) dict_keys(['example_short_circuit_operator']) retrieved from /home/airflow/.local/lib/python3.6/site-packages/airflow/example_dags/example_short_circuit_operator.py
[2024-08-10 08:22:12,066] {logging_mixin.py:104} INFO - [2024-08-10 08:22:12,065] {dag.py:1824} INFO - Sync 1 DAGs
[2024-08-10 08:22:12,084] {logging_mixin.py:104} INFO - [2024-08-10 08:22:12,084] {dag.py:2280} INFO - Setting next_dagrun for example_short_circuit_operator to 2024-08-08 00:00:00+00:00
[2024-08-10 08:22:12,096] {scheduler_job.py:190} INFO - Processing /home/airflow/.local/lib/python3.6/site-packages/airflow/example_dags/example_short_circuit_operator.py took 0.120 seconds
[2024-08-10 08:22:42,764] {scheduler_job.py:182} INFO - Started process (PID=61947) to work on /home/airflow/.local/lib/python3.6/site-packages/airflow/example_dags/example_short_circuit_operator.py
[2024-08-10 08:22:42,766] {scheduler_job.py:629} INFO - Processing file /home/airflow/.local/lib/python3.6/site-packages/airflow/example_dags/example_short_circuit_operator.py for tasks to queue
[2024-08-10 08:22:42,767] {logging_mixin.py:104} INFO - [2024-08-10 08:22:42,767] {dagbag.py:451} INFO - Filling up the DagBag from /home/airflow/.local/lib/python3.6/site-packages/airflow/example_dags/example_short_circuit_operator.py
[2024-08-10 08:22:42,779] {scheduler_job.py:639} INFO - DAG(s) dict_keys(['example_short_circuit_operator']) retrieved from /home/airflow/.local/lib/python3.6/site-packages/airflow/example_dags/example_short_circuit_operator.py
[2024-08-10 08:22:42,850] {logging_mixin.py:104} INFO - [2024-08-10 08:22:42,850] {dag.py:1824} INFO - Sync 1 DAGs
[2024-08-10 08:22:42,870] {logging_mixin.py:104} INFO - [2024-08-10 08:22:42,870] {dag.py:2280} INFO - Setting next_dagrun for example_short_circuit_operator to 2024-08-08 00:00:00+00:00
[2024-08-10 08:22:42,882] {scheduler_job.py:190} INFO - Processing /home/airflow/.local/lib/python3.6/site-packages/airflow/example_dags/example_short_circuit_operator.py took 0.121 seconds
[2024-08-10 19:59:43,546] {scheduler_job.py:182} INFO - Started process (PID=36) to work on /home/airflow/.local/lib/python3.6/site-packages/airflow/example_dags/example_short_circuit_operator.py
[2024-08-10 19:59:43,547] {scheduler_job.py:629} INFO - Processing file /home/airflow/.local/lib/python3.6/site-packages/airflow/example_dags/example_short_circuit_operator.py for tasks to queue
[2024-08-10 19:59:43,547] {logging_mixin.py:104} INFO - [2024-08-10 19:59:43,547] {dagbag.py:451} INFO - Filling up the DagBag from /home/airflow/.local/lib/python3.6/site-packages/airflow/example_dags/example_short_circuit_operator.py
[2024-08-10 19:59:43,556] {scheduler_job.py:639} INFO - DAG(s) dict_keys(['example_short_circuit_operator']) retrieved from /home/airflow/.local/lib/python3.6/site-packages/airflow/example_dags/example_short_circuit_operator.py
[2024-08-10 19:59:43,632] {logging_mixin.py:104} INFO - [2024-08-10 19:59:43,632] {dag.py:1824} INFO - Sync 1 DAGs
[2024-08-10 19:59:43,656] {logging_mixin.py:104} INFO - [2024-08-10 19:59:43,656] {dag.py:2280} INFO - Setting next_dagrun for example_short_circuit_operator to 2024-08-08 00:00:00+00:00
[2024-08-10 19:59:43,671] {scheduler_job.py:190} INFO - Processing /home/airflow/.local/lib/python3.6/site-packages/airflow/example_dags/example_short_circuit_operator.py took 0.126 seconds
[2024-08-10 20:00:14,533] {scheduler_job.py:182} INFO - Started process (PID=65) to work on /home/airflow/.local/lib/python3.6/site-packages/airflow/example_dags/example_short_circuit_operator.py
[2024-08-10 20:00:14,533] {scheduler_job.py:629} INFO - Processing file /home/airflow/.local/lib/python3.6/site-packages/airflow/example_dags/example_short_circuit_operator.py for tasks to queue
[2024-08-10 20:00:14,535] {logging_mixin.py:104} INFO - [2024-08-10 20:00:14,535] {dagbag.py:451} INFO - Filling up the DagBag from /home/airflow/.local/lib/python3.6/site-packages/airflow/example_dags/example_short_circuit_operator.py
[2024-08-10 20:00:14,545] {scheduler_job.py:639} INFO - DAG(s) dict_keys(['example_short_circuit_operator']) retrieved from /home/airflow/.local/lib/python3.6/site-packages/airflow/example_dags/example_short_circuit_operator.py
[2024-08-10 20:00:14,605] {logging_mixin.py:104} INFO - [2024-08-10 20:00:14,605] {dag.py:1824} INFO - Sync 1 DAGs
[2024-08-10 20:00:14,621] {logging_mixin.py:104} INFO - [2024-08-10 20:00:14,621] {dag.py:2280} INFO - Setting next_dagrun for example_short_circuit_operator to 2024-08-08 00:00:00+00:00
[2024-08-10 20:00:14,631] {scheduler_job.py:190} INFO - Processing /home/airflow/.local/lib/python3.6/site-packages/airflow/example_dags/example_short_circuit_operator.py took 0.100 seconds
[2024-08-10 21:00:36,618] {scheduler_job.py:182} INFO - Started process (PID=94) to work on /home/airflow/.local/lib/python3.6/site-packages/airflow/example_dags/example_short_circuit_operator.py
[2024-08-10 21:00:36,619] {scheduler_job.py:629} INFO - Processing file /home/airflow/.local/lib/python3.6/site-packages/airflow/example_dags/example_short_circuit_operator.py for tasks to queue
[2024-08-10 21:00:36,619] {logging_mixin.py:104} INFO - [2024-08-10 21:00:36,619] {dagbag.py:451} INFO - Filling up the DagBag from /home/airflow/.local/lib/python3.6/site-packages/airflow/example_dags/example_short_circuit_operator.py
[2024-08-10 21:00:36,628] {scheduler_job.py:639} INFO - DAG(s) dict_keys(['example_short_circuit_operator']) retrieved from /home/airflow/.local/lib/python3.6/site-packages/airflow/example_dags/example_short_circuit_operator.py
[2024-08-10 21:00:36,689] {logging_mixin.py:104} INFO - [2024-08-10 21:00:36,689] {dag.py:1824} INFO - Sync 1 DAGs
[2024-08-10 21:00:36,707] {logging_mixin.py:104} INFO - [2024-08-10 21:00:36,707] {dag.py:2280} INFO - Setting next_dagrun for example_short_circuit_operator to 2024-08-08 00:00:00+00:00
[2024-08-10 21:00:36,718] {scheduler_job.py:190} INFO - Processing /home/airflow/.local/lib/python3.6/site-packages/airflow/example_dags/example_short_circuit_operator.py took 0.102 seconds
[2024-08-10 21:01:07,539] {scheduler_job.py:182} INFO - Started process (PID=123) to work on /home/airflow/.local/lib/python3.6/site-packages/airflow/example_dags/example_short_circuit_operator.py
[2024-08-10 21:01:07,540] {scheduler_job.py:629} INFO - Processing file /home/airflow/.local/lib/python3.6/site-packages/airflow/example_dags/example_short_circuit_operator.py for tasks to queue
[2024-08-10 21:01:07,540] {logging_mixin.py:104} INFO - [2024-08-10 21:01:07,540] {dagbag.py:451} INFO - Filling up the DagBag from /home/airflow/.local/lib/python3.6/site-packages/airflow/example_dags/example_short_circuit_operator.py
[2024-08-10 21:01:07,547] {scheduler_job.py:639} INFO - DAG(s) dict_keys(['example_short_circuit_operator']) retrieved from /home/airflow/.local/lib/python3.6/site-packages/airflow/example_dags/example_short_circuit_operator.py
[2024-08-10 21:01:07,607] {logging_mixin.py:104} INFO - [2024-08-10 21:01:07,607] {dag.py:1824} INFO - Sync 1 DAGs
[2024-08-10 21:01:07,624] {logging_mixin.py:104} INFO - [2024-08-10 21:01:07,624] {dag.py:2280} INFO - Setting next_dagrun for example_short_circuit_operator to 2024-08-08 00:00:00+00:00
[2024-08-10 21:01:07,635] {scheduler_job.py:190} INFO - Processing /home/airflow/.local/lib/python3.6/site-packages/airflow/example_dags/example_short_circuit_operator.py took 0.098 seconds
[2024-08-10 21:16:44,815] {scheduler_job.py:182} INFO - Started process (PID=152) to work on /home/airflow/.local/lib/python3.6/site-packages/airflow/example_dags/example_short_circuit_operator.py
[2024-08-10 21:16:44,819] {scheduler_job.py:629} INFO - Processing file /home/airflow/.local/lib/python3.6/site-packages/airflow/example_dags/example_short_circuit_operator.py for tasks to queue
[2024-08-10 21:16:44,822] {logging_mixin.py:104} INFO - [2024-08-10 21:16:44,822] {dagbag.py:451} INFO - Filling up the DagBag from /home/airflow/.local/lib/python3.6/site-packages/airflow/example_dags/example_short_circuit_operator.py
[2024-08-10 21:16:44,832] {scheduler_job.py:639} INFO - DAG(s) dict_keys(['example_short_circuit_operator']) retrieved from /home/airflow/.local/lib/python3.6/site-packages/airflow/example_dags/example_short_circuit_operator.py
[2024-08-10 21:16:44,902] {logging_mixin.py:104} INFO - [2024-08-10 21:16:44,901] {dag.py:1824} INFO - Sync 1 DAGs
[2024-08-10 21:16:44,921] {logging_mixin.py:104} INFO - [2024-08-10 21:16:44,921] {dag.py:2280} INFO - Setting next_dagrun for example_short_circuit_operator to 2024-08-08 00:00:00+00:00
[2024-08-10 21:16:44,934] {scheduler_job.py:190} INFO - Processing /home/airflow/.local/lib/python3.6/site-packages/airflow/example_dags/example_short_circuit_operator.py took 0.121 seconds
[2024-08-10 21:21:47,468] {scheduler_job.py:182} INFO - Started process (PID=181) to work on /home/airflow/.local/lib/python3.6/site-packages/airflow/example_dags/example_short_circuit_operator.py
[2024-08-10 21:21:47,469] {scheduler_job.py:629} INFO - Processing file /home/airflow/.local/lib/python3.6/site-packages/airflow/example_dags/example_short_circuit_operator.py for tasks to queue
[2024-08-10 21:21:47,471] {logging_mixin.py:104} INFO - [2024-08-10 21:21:47,471] {dagbag.py:451} INFO - Filling up the DagBag from /home/airflow/.local/lib/python3.6/site-packages/airflow/example_dags/example_short_circuit_operator.py
[2024-08-10 21:21:47,480] {scheduler_job.py:639} INFO - DAG(s) dict_keys(['example_short_circuit_operator']) retrieved from /home/airflow/.local/lib/python3.6/site-packages/airflow/example_dags/example_short_circuit_operator.py
[2024-08-10 21:21:47,537] {logging_mixin.py:104} INFO - [2024-08-10 21:21:47,536] {dag.py:1824} INFO - Sync 1 DAGs
[2024-08-10 21:21:47,552] {logging_mixin.py:104} INFO - [2024-08-10 21:21:47,551] {dag.py:2280} INFO - Setting next_dagrun for example_short_circuit_operator to 2024-08-08 00:00:00+00:00
[2024-08-10 21:21:47,563] {scheduler_job.py:190} INFO - Processing /home/airflow/.local/lib/python3.6/site-packages/airflow/example_dags/example_short_circuit_operator.py took 0.096 seconds
[2024-08-10 21:22:18,547] {scheduler_job.py:182} INFO - Started process (PID=210) to work on /home/airflow/.local/lib/python3.6/site-packages/airflow/example_dags/example_short_circuit_operator.py
[2024-08-10 21:22:18,549] {scheduler_job.py:629} INFO - Processing file /home/airflow/.local/lib/python3.6/site-packages/airflow/example_dags/example_short_circuit_operator.py for tasks to queue
[2024-08-10 21:22:18,549] {logging_mixin.py:104} INFO - [2024-08-10 21:22:18,549] {dagbag.py:451} INFO - Filling up the DagBag from /home/airflow/.local/lib/python3.6/site-packages/airflow/example_dags/example_short_circuit_operator.py
[2024-08-10 21:22:18,557] {scheduler_job.py:639} INFO - DAG(s) dict_keys(['example_short_circuit_operator']) retrieved from /home/airflow/.local/lib/python3.6/site-packages/airflow/example_dags/example_short_circuit_operator.py
[2024-08-10 21:22:18,615] {logging_mixin.py:104} INFO - [2024-08-10 21:22:18,615] {dag.py:1824} INFO - Sync 1 DAGs
[2024-08-10 21:22:18,631] {logging_mixin.py:104} INFO - [2024-08-10 21:22:18,631] {dag.py:2280} INFO - Setting next_dagrun for example_short_circuit_operator to 2024-08-08 00:00:00+00:00
[2024-08-10 21:22:18,642] {scheduler_job.py:190} INFO - Processing /home/airflow/.local/lib/python3.6/site-packages/airflow/example_dags/example_short_circuit_operator.py took 0.096 seconds
[2024-08-10 21:45:45,103] {scheduler_job.py:182} INFO - Started process (PID=239) to work on /home/airflow/.local/lib/python3.6/site-packages/airflow/example_dags/example_short_circuit_operator.py
[2024-08-10 21:45:45,104] {scheduler_job.py:629} INFO - Processing file /home/airflow/.local/lib/python3.6/site-packages/airflow/example_dags/example_short_circuit_operator.py for tasks to queue
[2024-08-10 21:45:45,104] {logging_mixin.py:104} INFO - [2024-08-10 21:45:45,104] {dagbag.py:451} INFO - Filling up the DagBag from /home/airflow/.local/lib/python3.6/site-packages/airflow/example_dags/example_short_circuit_operator.py
[2024-08-10 21:45:45,112] {scheduler_job.py:639} INFO - DAG(s) dict_keys(['example_short_circuit_operator']) retrieved from /home/airflow/.local/lib/python3.6/site-packages/airflow/example_dags/example_short_circuit_operator.py
[2024-08-10 21:45:45,171] {logging_mixin.py:104} INFO - [2024-08-10 21:45:45,171] {dag.py:1824} INFO - Sync 1 DAGs
[2024-08-10 21:45:45,187] {logging_mixin.py:104} INFO - [2024-08-10 21:45:45,187] {dag.py:2280} INFO - Setting next_dagrun for example_short_circuit_operator to 2024-08-08 00:00:00+00:00
[2024-08-10 21:45:45,197] {scheduler_job.py:190} INFO - Processing /home/airflow/.local/lib/python3.6/site-packages/airflow/example_dags/example_short_circuit_operator.py took 0.095 seconds
[2024-08-10 21:46:16,216] {scheduler_job.py:182} INFO - Started process (PID=268) to work on /home/airflow/.local/lib/python3.6/site-packages/airflow/example_dags/example_short_circuit_operator.py
[2024-08-10 21:46:16,218] {scheduler_job.py:629} INFO - Processing file /home/airflow/.local/lib/python3.6/site-packages/airflow/example_dags/example_short_circuit_operator.py for tasks to queue
[2024-08-10 21:46:16,218] {logging_mixin.py:104} INFO - [2024-08-10 21:46:16,218] {dagbag.py:451} INFO - Filling up the DagBag from /home/airflow/.local/lib/python3.6/site-packages/airflow/example_dags/example_short_circuit_operator.py
[2024-08-10 21:46:16,227] {scheduler_job.py:639} INFO - DAG(s) dict_keys(['example_short_circuit_operator']) retrieved from /home/airflow/.local/lib/python3.6/site-packages/airflow/example_dags/example_short_circuit_operator.py
[2024-08-10 21:46:16,283] {logging_mixin.py:104} INFO - [2024-08-10 21:46:16,283] {dag.py:1824} INFO - Sync 1 DAGs
[2024-08-10 21:46:16,299] {logging_mixin.py:104} INFO - [2024-08-10 21:46:16,299] {dag.py:2280} INFO - Setting next_dagrun for example_short_circuit_operator to 2024-08-08 00:00:00+00:00
[2024-08-10 21:46:16,309] {scheduler_job.py:190} INFO - Processing /home/airflow/.local/lib/python3.6/site-packages/airflow/example_dags/example_short_circuit_operator.py took 0.095 seconds
[2024-08-10 22:01:46,471] {scheduler_job.py:182} INFO - Started process (PID=297) to work on /home/airflow/.local/lib/python3.6/site-packages/airflow/example_dags/example_short_circuit_operator.py
[2024-08-10 22:01:46,472] {scheduler_job.py:629} INFO - Processing file /home/airflow/.local/lib/python3.6/site-packages/airflow/example_dags/example_short_circuit_operator.py for tasks to queue
[2024-08-10 22:01:46,472] {logging_mixin.py:104} INFO - [2024-08-10 22:01:46,472] {dagbag.py:451} INFO - Filling up the DagBag from /home/airflow/.local/lib/python3.6/site-packages/airflow/example_dags/example_short_circuit_operator.py
[2024-08-10 22:01:46,480] {scheduler_job.py:639} INFO - DAG(s) dict_keys(['example_short_circuit_operator']) retrieved from /home/airflow/.local/lib/python3.6/site-packages/airflow/example_dags/example_short_circuit_operator.py
[2024-08-10 22:01:46,538] {logging_mixin.py:104} INFO - [2024-08-10 22:01:46,538] {dag.py:1824} INFO - Sync 1 DAGs
[2024-08-10 22:01:46,554] {logging_mixin.py:104} INFO - [2024-08-10 22:01:46,554] {dag.py:2280} INFO - Setting next_dagrun for example_short_circuit_operator to 2024-08-08 00:00:00+00:00
[2024-08-10 22:01:46,566] {scheduler_job.py:190} INFO - Processing /home/airflow/.local/lib/python3.6/site-packages/airflow/example_dags/example_short_circuit_operator.py took 0.096 seconds
[2024-08-10 22:08:19,334] {scheduler_job.py:182} INFO - Started process (PID=326) to work on /home/airflow/.local/lib/python3.6/site-packages/airflow/example_dags/example_short_circuit_operator.py
[2024-08-10 22:08:19,337] {scheduler_job.py:629} INFO - Processing file /home/airflow/.local/lib/python3.6/site-packages/airflow/example_dags/example_short_circuit_operator.py for tasks to queue
[2024-08-10 22:08:19,338] {logging_mixin.py:104} INFO - [2024-08-10 22:08:19,337] {dagbag.py:451} INFO - Filling up the DagBag from /home/airflow/.local/lib/python3.6/site-packages/airflow/example_dags/example_short_circuit_operator.py
[2024-08-10 22:08:19,348] {scheduler_job.py:639} INFO - DAG(s) dict_keys(['example_short_circuit_operator']) retrieved from /home/airflow/.local/lib/python3.6/site-packages/airflow/example_dags/example_short_circuit_operator.py
[2024-08-10 22:08:19,415] {logging_mixin.py:104} INFO - [2024-08-10 22:08:19,415] {dag.py:1824} INFO - Sync 1 DAGs
[2024-08-10 22:08:19,436] {logging_mixin.py:104} INFO - [2024-08-10 22:08:19,436] {dag.py:2280} INFO - Setting next_dagrun for example_short_circuit_operator to 2024-08-08 00:00:00+00:00
[2024-08-10 22:08:19,447] {scheduler_job.py:190} INFO - Processing /home/airflow/.local/lib/python3.6/site-packages/airflow/example_dags/example_short_circuit_operator.py took 0.116 seconds
[2024-08-10 22:08:49,574] {scheduler_job.py:182} INFO - Started process (PID=355) to work on /home/airflow/.local/lib/python3.6/site-packages/airflow/example_dags/example_short_circuit_operator.py
[2024-08-10 22:08:49,575] {scheduler_job.py:629} INFO - Processing file /home/airflow/.local/lib/python3.6/site-packages/airflow/example_dags/example_short_circuit_operator.py for tasks to queue
[2024-08-10 22:08:49,575] {logging_mixin.py:104} INFO - [2024-08-10 22:08:49,575] {dagbag.py:451} INFO - Filling up the DagBag from /home/airflow/.local/lib/python3.6/site-packages/airflow/example_dags/example_short_circuit_operator.py
[2024-08-10 22:08:49,581] {scheduler_job.py:639} INFO - DAG(s) dict_keys(['example_short_circuit_operator']) retrieved from /home/airflow/.local/lib/python3.6/site-packages/airflow/example_dags/example_short_circuit_operator.py
[2024-08-10 22:08:49,637] {logging_mixin.py:104} INFO - [2024-08-10 22:08:49,637] {dag.py:1824} INFO - Sync 1 DAGs
[2024-08-10 22:08:49,653] {logging_mixin.py:104} INFO - [2024-08-10 22:08:49,653] {dag.py:2280} INFO - Setting next_dagrun for example_short_circuit_operator to 2024-08-08 00:00:00+00:00
[2024-08-10 22:08:49,663] {scheduler_job.py:190} INFO - Processing /home/airflow/.local/lib/python3.6/site-packages/airflow/example_dags/example_short_circuit_operator.py took 0.090 seconds
[2024-08-10 22:13:48,035] {scheduler_job.py:182} INFO - Started process (PID=384) to work on /home/airflow/.local/lib/python3.6/site-packages/airflow/example_dags/example_short_circuit_operator.py
[2024-08-10 22:13:48,036] {scheduler_job.py:629} INFO - Processing file /home/airflow/.local/lib/python3.6/site-packages/airflow/example_dags/example_short_circuit_operator.py for tasks to queue
[2024-08-10 22:13:48,037] {logging_mixin.py:104} INFO - [2024-08-10 22:13:48,037] {dagbag.py:451} INFO - Filling up the DagBag from /home/airflow/.local/lib/python3.6/site-packages/airflow/example_dags/example_short_circuit_operator.py
[2024-08-10 22:13:48,044] {scheduler_job.py:639} INFO - DAG(s) dict_keys(['example_short_circuit_operator']) retrieved from /home/airflow/.local/lib/python3.6/site-packages/airflow/example_dags/example_short_circuit_operator.py
[2024-08-10 22:13:48,111] {logging_mixin.py:104} INFO - [2024-08-10 22:13:48,111] {dag.py:1824} INFO - Sync 1 DAGs
[2024-08-10 22:13:48,130] {logging_mixin.py:104} INFO - [2024-08-10 22:13:48,129] {dag.py:2280} INFO - Setting next_dagrun for example_short_circuit_operator to 2024-08-08 00:00:00+00:00
[2024-08-10 22:13:48,157] {scheduler_job.py:190} INFO - Processing /home/airflow/.local/lib/python3.6/site-packages/airflow/example_dags/example_short_circuit_operator.py took 0.123 seconds
[2024-08-10 22:17:45,333] {scheduler_job.py:182} INFO - Started process (PID=413) to work on /home/airflow/.local/lib/python3.6/site-packages/airflow/example_dags/example_short_circuit_operator.py
[2024-08-10 22:17:45,334] {scheduler_job.py:629} INFO - Processing file /home/airflow/.local/lib/python3.6/site-packages/airflow/example_dags/example_short_circuit_operator.py for tasks to queue
[2024-08-10 22:17:45,335] {logging_mixin.py:104} INFO - [2024-08-10 22:17:45,335] {dagbag.py:451} INFO - Filling up the DagBag from /home/airflow/.local/lib/python3.6/site-packages/airflow/example_dags/example_short_circuit_operator.py
[2024-08-10 22:17:45,349] {scheduler_job.py:639} INFO - DAG(s) dict_keys(['example_short_circuit_operator']) retrieved from /home/airflow/.local/lib/python3.6/site-packages/airflow/example_dags/example_short_circuit_operator.py
[2024-08-10 22:17:45,421] {logging_mixin.py:104} INFO - [2024-08-10 22:17:45,421] {dag.py:1824} INFO - Sync 1 DAGs
[2024-08-10 22:17:45,442] {logging_mixin.py:104} INFO - [2024-08-10 22:17:45,442] {dag.py:2280} INFO - Setting next_dagrun for example_short_circuit_operator to 2024-08-08 00:00:00+00:00
[2024-08-10 22:17:45,458] {scheduler_job.py:190} INFO - Processing /home/airflow/.local/lib/python3.6/site-packages/airflow/example_dags/example_short_circuit_operator.py took 0.127 seconds
[2024-08-10 22:18:16,284] {scheduler_job.py:182} INFO - Started process (PID=442) to work on /home/airflow/.local/lib/python3.6/site-packages/airflow/example_dags/example_short_circuit_operator.py
[2024-08-10 22:18:16,286] {scheduler_job.py:629} INFO - Processing file /home/airflow/.local/lib/python3.6/site-packages/airflow/example_dags/example_short_circuit_operator.py for tasks to queue
[2024-08-10 22:18:16,286] {logging_mixin.py:104} INFO - [2024-08-10 22:18:16,286] {dagbag.py:451} INFO - Filling up the DagBag from /home/airflow/.local/lib/python3.6/site-packages/airflow/example_dags/example_short_circuit_operator.py
[2024-08-10 22:18:16,294] {scheduler_job.py:639} INFO - DAG(s) dict_keys(['example_short_circuit_operator']) retrieved from /home/airflow/.local/lib/python3.6/site-packages/airflow/example_dags/example_short_circuit_operator.py
[2024-08-10 22:18:16,352] {logging_mixin.py:104} INFO - [2024-08-10 22:18:16,352] {dag.py:1824} INFO - Sync 1 DAGs
[2024-08-10 22:18:16,367] {logging_mixin.py:104} INFO - [2024-08-10 22:18:16,367] {dag.py:2280} INFO - Setting next_dagrun for example_short_circuit_operator to 2024-08-08 00:00:00+00:00
[2024-08-10 22:18:16,378] {scheduler_job.py:190} INFO - Processing /home/airflow/.local/lib/python3.6/site-packages/airflow/example_dags/example_short_circuit_operator.py took 0.096 seconds
[2024-08-10 22:18:46,969] {scheduler_job.py:182} INFO - Started process (PID=471) to work on /home/airflow/.local/lib/python3.6/site-packages/airflow/example_dags/example_short_circuit_operator.py
[2024-08-10 22:18:46,970] {scheduler_job.py:629} INFO - Processing file /home/airflow/.local/lib/python3.6/site-packages/airflow/example_dags/example_short_circuit_operator.py for tasks to queue
[2024-08-10 22:18:46,970] {logging_mixin.py:104} INFO - [2024-08-10 22:18:46,970] {dagbag.py:451} INFO - Filling up the DagBag from /home/airflow/.local/lib/python3.6/site-packages/airflow/example_dags/example_short_circuit_operator.py
[2024-08-10 22:18:46,977] {scheduler_job.py:639} INFO - DAG(s) dict_keys(['example_short_circuit_operator']) retrieved from /home/airflow/.local/lib/python3.6/site-packages/airflow/example_dags/example_short_circuit_operator.py
[2024-08-10 22:18:47,039] {logging_mixin.py:104} INFO - [2024-08-10 22:18:47,039] {dag.py:1824} INFO - Sync 1 DAGs
[2024-08-10 22:18:47,057] {logging_mixin.py:104} INFO - [2024-08-10 22:18:47,056] {dag.py:2280} INFO - Setting next_dagrun for example_short_circuit_operator to 2024-08-08 00:00:00+00:00
[2024-08-10 22:18:47,067] {scheduler_job.py:190} INFO - Processing /home/airflow/.local/lib/python3.6/site-packages/airflow/example_dags/example_short_circuit_operator.py took 0.100 seconds
[2024-08-10 22:19:18,116] {scheduler_job.py:182} INFO - Started process (PID=501) to work on /home/airflow/.local/lib/python3.6/site-packages/airflow/example_dags/example_short_circuit_operator.py
[2024-08-10 22:19:18,116] {scheduler_job.py:629} INFO - Processing file /home/airflow/.local/lib/python3.6/site-packages/airflow/example_dags/example_short_circuit_operator.py for tasks to queue
[2024-08-10 22:19:18,116] {logging_mixin.py:104} INFO - [2024-08-10 22:19:18,116] {dagbag.py:451} INFO - Filling up the DagBag from /home/airflow/.local/lib/python3.6/site-packages/airflow/example_dags/example_short_circuit_operator.py
[2024-08-10 22:19:18,123] {scheduler_job.py:639} INFO - DAG(s) dict_keys(['example_short_circuit_operator']) retrieved from /home/airflow/.local/lib/python3.6/site-packages/airflow/example_dags/example_short_circuit_operator.py
[2024-08-10 22:19:18,181] {logging_mixin.py:104} INFO - [2024-08-10 22:19:18,180] {dag.py:1824} INFO - Sync 1 DAGs
[2024-08-10 22:19:18,196] {logging_mixin.py:104} INFO - [2024-08-10 22:19:18,196] {dag.py:2280} INFO - Setting next_dagrun for example_short_circuit_operator to 2024-08-08 00:00:00+00:00
[2024-08-10 22:19:18,205] {scheduler_job.py:190} INFO - Processing /home/airflow/.local/lib/python3.6/site-packages/airflow/example_dags/example_short_circuit_operator.py took 0.092 seconds
[2024-08-10 22:27:20,159] {scheduler_job.py:182} INFO - Started process (PID=529) to work on /home/airflow/.local/lib/python3.6/site-packages/airflow/example_dags/example_short_circuit_operator.py
[2024-08-10 22:27:20,161] {scheduler_job.py:629} INFO - Processing file /home/airflow/.local/lib/python3.6/site-packages/airflow/example_dags/example_short_circuit_operator.py for tasks to queue
[2024-08-10 22:27:20,161] {logging_mixin.py:104} INFO - [2024-08-10 22:27:20,161] {dagbag.py:451} INFO - Filling up the DagBag from /home/airflow/.local/lib/python3.6/site-packages/airflow/example_dags/example_short_circuit_operator.py
[2024-08-10 22:27:20,170] {scheduler_job.py:639} INFO - DAG(s) dict_keys(['example_short_circuit_operator']) retrieved from /home/airflow/.local/lib/python3.6/site-packages/airflow/example_dags/example_short_circuit_operator.py
[2024-08-10 22:27:20,228] {logging_mixin.py:104} INFO - [2024-08-10 22:27:20,228] {dag.py:1824} INFO - Sync 1 DAGs
[2024-08-10 22:27:20,244] {logging_mixin.py:104} INFO - [2024-08-10 22:27:20,244] {dag.py:2280} INFO - Setting next_dagrun for example_short_circuit_operator to 2024-08-08 00:00:00+00:00
[2024-08-10 22:27:20,254] {scheduler_job.py:190} INFO - Processing /home/airflow/.local/lib/python3.6/site-packages/airflow/example_dags/example_short_circuit_operator.py took 0.096 seconds
[2024-08-10 23:00:12,962] {scheduler_job.py:182} INFO - Started process (PID=558) to work on /home/airflow/.local/lib/python3.6/site-packages/airflow/example_dags/example_short_circuit_operator.py
[2024-08-10 23:00:12,964] {scheduler_job.py:629} INFO - Processing file /home/airflow/.local/lib/python3.6/site-packages/airflow/example_dags/example_short_circuit_operator.py for tasks to queue
[2024-08-10 23:00:12,967] {logging_mixin.py:104} INFO - [2024-08-10 23:00:12,967] {dagbag.py:451} INFO - Filling up the DagBag from /home/airflow/.local/lib/python3.6/site-packages/airflow/example_dags/example_short_circuit_operator.py
[2024-08-10 23:00:12,987] {scheduler_job.py:639} INFO - DAG(s) dict_keys(['example_short_circuit_operator']) retrieved from /home/airflow/.local/lib/python3.6/site-packages/airflow/example_dags/example_short_circuit_operator.py
[2024-08-10 23:00:13,066] {logging_mixin.py:104} INFO - [2024-08-10 23:00:13,066] {dag.py:1824} INFO - Sync 1 DAGs
[2024-08-10 23:00:13,095] {logging_mixin.py:104} INFO - [2024-08-10 23:00:13,094] {dag.py:2280} INFO - Setting next_dagrun for example_short_circuit_operator to 2024-08-08 00:00:00+00:00
[2024-08-10 23:00:13,113] {scheduler_job.py:190} INFO - Processing /home/airflow/.local/lib/python3.6/site-packages/airflow/example_dags/example_short_circuit_operator.py took 0.153 seconds
[2024-08-10 23:02:53,667] {scheduler_job.py:182} INFO - Started process (PID=587) to work on /home/airflow/.local/lib/python3.6/site-packages/airflow/example_dags/example_short_circuit_operator.py
[2024-08-10 23:02:53,668] {scheduler_job.py:629} INFO - Processing file /home/airflow/.local/lib/python3.6/site-packages/airflow/example_dags/example_short_circuit_operator.py for tasks to queue
[2024-08-10 23:02:53,671] {logging_mixin.py:104} INFO - [2024-08-10 23:02:53,671] {dagbag.py:451} INFO - Filling up the DagBag from /home/airflow/.local/lib/python3.6/site-packages/airflow/example_dags/example_short_circuit_operator.py
[2024-08-10 23:02:53,686] {scheduler_job.py:639} INFO - DAG(s) dict_keys(['example_short_circuit_operator']) retrieved from /home/airflow/.local/lib/python3.6/site-packages/airflow/example_dags/example_short_circuit_operator.py
[2024-08-10 23:02:53,759] {logging_mixin.py:104} INFO - [2024-08-10 23:02:53,759] {dag.py:1824} INFO - Sync 1 DAGs
[2024-08-10 23:02:53,775] {logging_mixin.py:104} INFO - [2024-08-10 23:02:53,775] {dag.py:2280} INFO - Setting next_dagrun for example_short_circuit_operator to 2024-08-08 00:00:00+00:00
[2024-08-10 23:02:53,793] {scheduler_job.py:190} INFO - Processing /home/airflow/.local/lib/python3.6/site-packages/airflow/example_dags/example_short_circuit_operator.py took 0.128 seconds
[2024-08-10 23:14:08,086] {scheduler_job.py:182} INFO - Started process (PID=616) to work on /home/airflow/.local/lib/python3.6/site-packages/airflow/example_dags/example_short_circuit_operator.py
[2024-08-10 23:14:08,088] {scheduler_job.py:629} INFO - Processing file /home/airflow/.local/lib/python3.6/site-packages/airflow/example_dags/example_short_circuit_operator.py for tasks to queue
[2024-08-10 23:14:08,088] {logging_mixin.py:104} INFO - [2024-08-10 23:14:08,088] {dagbag.py:451} INFO - Filling up the DagBag from /home/airflow/.local/lib/python3.6/site-packages/airflow/example_dags/example_short_circuit_operator.py
[2024-08-10 23:14:08,095] {scheduler_job.py:639} INFO - DAG(s) dict_keys(['example_short_circuit_operator']) retrieved from /home/airflow/.local/lib/python3.6/site-packages/airflow/example_dags/example_short_circuit_operator.py
[2024-08-10 23:14:08,166] {logging_mixin.py:104} INFO - [2024-08-10 23:14:08,166] {dag.py:1824} INFO - Sync 1 DAGs
[2024-08-10 23:14:08,184] {logging_mixin.py:104} INFO - [2024-08-10 23:14:08,184] {dag.py:2280} INFO - Setting next_dagrun for example_short_circuit_operator to 2024-08-08 00:00:00+00:00
[2024-08-10 23:14:08,196] {scheduler_job.py:190} INFO - Processing /home/airflow/.local/lib/python3.6/site-packages/airflow/example_dags/example_short_circuit_operator.py took 0.113 seconds
[2024-08-10 23:14:38,971] {scheduler_job.py:182} INFO - Started process (PID=645) to work on /home/airflow/.local/lib/python3.6/site-packages/airflow/example_dags/example_short_circuit_operator.py
[2024-08-10 23:14:38,972] {scheduler_job.py:629} INFO - Processing file /home/airflow/.local/lib/python3.6/site-packages/airflow/example_dags/example_short_circuit_operator.py for tasks to queue
[2024-08-10 23:14:38,972] {logging_mixin.py:104} INFO - [2024-08-10 23:14:38,972] {dagbag.py:451} INFO - Filling up the DagBag from /home/airflow/.local/lib/python3.6/site-packages/airflow/example_dags/example_short_circuit_operator.py
[2024-08-10 23:14:38,979] {scheduler_job.py:639} INFO - DAG(s) dict_keys(['example_short_circuit_operator']) retrieved from /home/airflow/.local/lib/python3.6/site-packages/airflow/example_dags/example_short_circuit_operator.py
[2024-08-10 23:14:39,038] {logging_mixin.py:104} INFO - [2024-08-10 23:14:39,038] {dag.py:1824} INFO - Sync 1 DAGs
[2024-08-10 23:14:39,055] {logging_mixin.py:104} INFO - [2024-08-10 23:14:39,055] {dag.py:2280} INFO - Setting next_dagrun for example_short_circuit_operator to 2024-08-08 00:00:00+00:00
[2024-08-10 23:14:39,066] {scheduler_job.py:190} INFO - Processing /home/airflow/.local/lib/python3.6/site-packages/airflow/example_dags/example_short_circuit_operator.py took 0.096 seconds
