[2024-08-10 00:13:04,775] {scheduler_job.py:182} INFO - Started process (PID=60895) to work on /home/airflow/.local/lib/python3.6/site-packages/airflow/example_dags/example_kubernetes_executor_config.py
[2024-08-10 00:13:04,776] {scheduler_job.py:629} INFO - Processing file /home/airflow/.local/lib/python3.6/site-packages/airflow/example_dags/example_kubernetes_executor_config.py for tasks to queue
[2024-08-10 00:13:04,776] {logging_mixin.py:104} INFO - [2024-08-10 00:13:04,776] {dagbag.py:451} INFO - Filling up the DagBag from /home/airflow/.local/lib/python3.6/site-packages/airflow/example_dags/example_kubernetes_executor_config.py
[2024-08-10 00:13:04,785] {scheduler_job.py:639} INFO - DAG(s) dict_keys(['example_kubernetes_executor_config']) retrieved from /home/airflow/.local/lib/python3.6/site-packages/airflow/example_dags/example_kubernetes_executor_config.py
[2024-08-10 00:13:04,852] {logging_mixin.py:104} INFO - [2024-08-10 00:13:04,852] {dag.py:1824} INFO - Sync 1 DAGs
[2024-08-10 00:13:04,868] {logging_mixin.py:104} INFO - [2024-08-10 00:13:04,868] {dag.py:2280} INFO - Setting next_dagrun for example_kubernetes_executor_config to None
[2024-08-10 00:13:04,881] {scheduler_job.py:190} INFO - Processing /home/airflow/.local/lib/python3.6/site-packages/airflow/example_dags/example_kubernetes_executor_config.py took 0.108 seconds
[2024-08-10 00:13:34,912] {scheduler_job.py:182} INFO - Started process (PID=60923) to work on /home/airflow/.local/lib/python3.6/site-packages/airflow/example_dags/example_kubernetes_executor_config.py
[2024-08-10 00:13:34,912] {scheduler_job.py:629} INFO - Processing file /home/airflow/.local/lib/python3.6/site-packages/airflow/example_dags/example_kubernetes_executor_config.py for tasks to queue
[2024-08-10 00:13:34,913] {logging_mixin.py:104} INFO - [2024-08-10 00:13:34,913] {dagbag.py:451} INFO - Filling up the DagBag from /home/airflow/.local/lib/python3.6/site-packages/airflow/example_dags/example_kubernetes_executor_config.py
[2024-08-10 00:13:34,921] {scheduler_job.py:639} INFO - DAG(s) dict_keys(['example_kubernetes_executor_config']) retrieved from /home/airflow/.local/lib/python3.6/site-packages/airflow/example_dags/example_kubernetes_executor_config.py
[2024-08-10 00:13:34,980] {logging_mixin.py:104} INFO - [2024-08-10 00:13:34,980] {dag.py:1824} INFO - Sync 1 DAGs
[2024-08-10 00:13:34,996] {logging_mixin.py:104} INFO - [2024-08-10 00:13:34,996] {dag.py:2280} INFO - Setting next_dagrun for example_kubernetes_executor_config to None
[2024-08-10 00:13:35,007] {scheduler_job.py:190} INFO - Processing /home/airflow/.local/lib/python3.6/site-packages/airflow/example_dags/example_kubernetes_executor_config.py took 0.097 seconds
[2024-08-10 01:03:34,161] {scheduler_job.py:182} INFO - Started process (PID=60953) to work on /home/airflow/.local/lib/python3.6/site-packages/airflow/example_dags/example_kubernetes_executor_config.py
[2024-08-10 01:03:34,162] {scheduler_job.py:629} INFO - Processing file /home/airflow/.local/lib/python3.6/site-packages/airflow/example_dags/example_kubernetes_executor_config.py for tasks to queue
[2024-08-10 01:03:34,163] {logging_mixin.py:104} INFO - [2024-08-10 01:03:34,163] {dagbag.py:451} INFO - Filling up the DagBag from /home/airflow/.local/lib/python3.6/site-packages/airflow/example_dags/example_kubernetes_executor_config.py
[2024-08-10 01:03:34,173] {scheduler_job.py:639} INFO - DAG(s) dict_keys(['example_kubernetes_executor_config']) retrieved from /home/airflow/.local/lib/python3.6/site-packages/airflow/example_dags/example_kubernetes_executor_config.py
[2024-08-10 01:03:34,253] {logging_mixin.py:104} INFO - [2024-08-10 01:03:34,253] {dag.py:1824} INFO - Sync 1 DAGs
[2024-08-10 01:03:34,281] {logging_mixin.py:104} INFO - [2024-08-10 01:03:34,281] {dag.py:2280} INFO - Setting next_dagrun for example_kubernetes_executor_config to None
[2024-08-10 01:03:34,296] {scheduler_job.py:190} INFO - Processing /home/airflow/.local/lib/python3.6/site-packages/airflow/example_dags/example_kubernetes_executor_config.py took 0.137 seconds
[2024-08-10 01:14:31,013] {scheduler_job.py:182} INFO - Started process (PID=60982) to work on /home/airflow/.local/lib/python3.6/site-packages/airflow/example_dags/example_kubernetes_executor_config.py
[2024-08-10 01:14:31,014] {scheduler_job.py:629} INFO - Processing file /home/airflow/.local/lib/python3.6/site-packages/airflow/example_dags/example_kubernetes_executor_config.py for tasks to queue
[2024-08-10 01:14:31,014] {logging_mixin.py:104} INFO - [2024-08-10 01:14:31,014] {dagbag.py:451} INFO - Filling up the DagBag from /home/airflow/.local/lib/python3.6/site-packages/airflow/example_dags/example_kubernetes_executor_config.py
[2024-08-10 01:14:31,022] {scheduler_job.py:639} INFO - DAG(s) dict_keys(['example_kubernetes_executor_config']) retrieved from /home/airflow/.local/lib/python3.6/site-packages/airflow/example_dags/example_kubernetes_executor_config.py
[2024-08-10 01:14:31,081] {logging_mixin.py:104} INFO - [2024-08-10 01:14:31,081] {dag.py:1824} INFO - Sync 1 DAGs
[2024-08-10 01:14:31,097] {logging_mixin.py:104} INFO - [2024-08-10 01:14:31,097] {dag.py:2280} INFO - Setting next_dagrun for example_kubernetes_executor_config to None
[2024-08-10 01:14:31,113] {scheduler_job.py:190} INFO - Processing /home/airflow/.local/lib/python3.6/site-packages/airflow/example_dags/example_kubernetes_executor_config.py took 0.102 seconds
[2024-08-10 01:47:59,271] {scheduler_job.py:182} INFO - Started process (PID=61011) to work on /home/airflow/.local/lib/python3.6/site-packages/airflow/example_dags/example_kubernetes_executor_config.py
[2024-08-10 01:47:59,272] {scheduler_job.py:629} INFO - Processing file /home/airflow/.local/lib/python3.6/site-packages/airflow/example_dags/example_kubernetes_executor_config.py for tasks to queue
[2024-08-10 01:47:59,273] {logging_mixin.py:104} INFO - [2024-08-10 01:47:59,272] {dagbag.py:451} INFO - Filling up the DagBag from /home/airflow/.local/lib/python3.6/site-packages/airflow/example_dags/example_kubernetes_executor_config.py
[2024-08-10 01:47:59,281] {scheduler_job.py:639} INFO - DAG(s) dict_keys(['example_kubernetes_executor_config']) retrieved from /home/airflow/.local/lib/python3.6/site-packages/airflow/example_dags/example_kubernetes_executor_config.py
[2024-08-10 01:47:59,352] {logging_mixin.py:104} INFO - [2024-08-10 01:47:59,351] {dag.py:1824} INFO - Sync 1 DAGs
[2024-08-10 01:47:59,381] {logging_mixin.py:104} INFO - [2024-08-10 01:47:59,381] {dag.py:2280} INFO - Setting next_dagrun for example_kubernetes_executor_config to None
[2024-08-10 01:47:59,396] {scheduler_job.py:190} INFO - Processing /home/airflow/.local/lib/python3.6/site-packages/airflow/example_dags/example_kubernetes_executor_config.py took 0.126 seconds
[2024-08-10 02:15:27,717] {scheduler_job.py:182} INFO - Started process (PID=61040) to work on /home/airflow/.local/lib/python3.6/site-packages/airflow/example_dags/example_kubernetes_executor_config.py
[2024-08-10 02:15:27,719] {scheduler_job.py:629} INFO - Processing file /home/airflow/.local/lib/python3.6/site-packages/airflow/example_dags/example_kubernetes_executor_config.py for tasks to queue
[2024-08-10 02:15:27,721] {logging_mixin.py:104} INFO - [2024-08-10 02:15:27,721] {dagbag.py:451} INFO - Filling up the DagBag from /home/airflow/.local/lib/python3.6/site-packages/airflow/example_dags/example_kubernetes_executor_config.py
[2024-08-10 02:15:27,731] {scheduler_job.py:639} INFO - DAG(s) dict_keys(['example_kubernetes_executor_config']) retrieved from /home/airflow/.local/lib/python3.6/site-packages/airflow/example_dags/example_kubernetes_executor_config.py
[2024-08-10 02:15:27,805] {logging_mixin.py:104} INFO - [2024-08-10 02:15:27,805] {dag.py:1824} INFO - Sync 1 DAGs
[2024-08-10 02:15:27,822] {logging_mixin.py:104} INFO - [2024-08-10 02:15:27,822] {dag.py:2280} INFO - Setting next_dagrun for example_kubernetes_executor_config to None
[2024-08-10 02:15:27,839] {scheduler_job.py:190} INFO - Processing /home/airflow/.local/lib/python3.6/site-packages/airflow/example_dags/example_kubernetes_executor_config.py took 0.123 seconds
[2024-08-10 02:21:41,480] {scheduler_job.py:182} INFO - Started process (PID=61069) to work on /home/airflow/.local/lib/python3.6/site-packages/airflow/example_dags/example_kubernetes_executor_config.py
[2024-08-10 02:21:41,480] {scheduler_job.py:629} INFO - Processing file /home/airflow/.local/lib/python3.6/site-packages/airflow/example_dags/example_kubernetes_executor_config.py for tasks to queue
[2024-08-10 02:21:41,481] {logging_mixin.py:104} INFO - [2024-08-10 02:21:41,481] {dagbag.py:451} INFO - Filling up the DagBag from /home/airflow/.local/lib/python3.6/site-packages/airflow/example_dags/example_kubernetes_executor_config.py
[2024-08-10 02:21:41,492] {scheduler_job.py:639} INFO - DAG(s) dict_keys(['example_kubernetes_executor_config']) retrieved from /home/airflow/.local/lib/python3.6/site-packages/airflow/example_dags/example_kubernetes_executor_config.py
[2024-08-10 02:21:41,554] {logging_mixin.py:104} INFO - [2024-08-10 02:21:41,554] {dag.py:1824} INFO - Sync 1 DAGs
[2024-08-10 02:21:41,575] {logging_mixin.py:104} INFO - [2024-08-10 02:21:41,575] {dag.py:2280} INFO - Setting next_dagrun for example_kubernetes_executor_config to None
[2024-08-10 02:21:41,588] {scheduler_job.py:190} INFO - Processing /home/airflow/.local/lib/python3.6/site-packages/airflow/example_dags/example_kubernetes_executor_config.py took 0.111 seconds
[2024-08-10 02:22:11,955] {scheduler_job.py:182} INFO - Started process (PID=61093) to work on /home/airflow/.local/lib/python3.6/site-packages/airflow/example_dags/example_kubernetes_executor_config.py
[2024-08-10 02:22:11,956] {scheduler_job.py:629} INFO - Processing file /home/airflow/.local/lib/python3.6/site-packages/airflow/example_dags/example_kubernetes_executor_config.py for tasks to queue
[2024-08-10 02:22:11,956] {logging_mixin.py:104} INFO - [2024-08-10 02:22:11,956] {dagbag.py:451} INFO - Filling up the DagBag from /home/airflow/.local/lib/python3.6/site-packages/airflow/example_dags/example_kubernetes_executor_config.py
[2024-08-10 02:22:11,964] {scheduler_job.py:639} INFO - DAG(s) dict_keys(['example_kubernetes_executor_config']) retrieved from /home/airflow/.local/lib/python3.6/site-packages/airflow/example_dags/example_kubernetes_executor_config.py
[2024-08-10 02:22:12,024] {logging_mixin.py:104} INFO - [2024-08-10 02:22:12,024] {dag.py:1824} INFO - Sync 1 DAGs
[2024-08-10 02:22:12,041] {logging_mixin.py:104} INFO - [2024-08-10 02:22:12,040] {dag.py:2280} INFO - Setting next_dagrun for example_kubernetes_executor_config to None
[2024-08-10 02:22:12,051] {scheduler_job.py:190} INFO - Processing /home/airflow/.local/lib/python3.6/site-packages/airflow/example_dags/example_kubernetes_executor_config.py took 0.097 seconds
[2024-08-10 03:16:06,570] {scheduler_job.py:182} INFO - Started process (PID=61127) to work on /home/airflow/.local/lib/python3.6/site-packages/airflow/example_dags/example_kubernetes_executor_config.py
[2024-08-10 03:16:06,572] {scheduler_job.py:629} INFO - Processing file /home/airflow/.local/lib/python3.6/site-packages/airflow/example_dags/example_kubernetes_executor_config.py for tasks to queue
[2024-08-10 03:16:06,572] {logging_mixin.py:104} INFO - [2024-08-10 03:16:06,572] {dagbag.py:451} INFO - Filling up the DagBag from /home/airflow/.local/lib/python3.6/site-packages/airflow/example_dags/example_kubernetes_executor_config.py
[2024-08-10 03:16:06,582] {scheduler_job.py:639} INFO - DAG(s) dict_keys(['example_kubernetes_executor_config']) retrieved from /home/airflow/.local/lib/python3.6/site-packages/airflow/example_dags/example_kubernetes_executor_config.py
[2024-08-10 03:16:06,696] {logging_mixin.py:104} INFO - [2024-08-10 03:16:06,695] {dag.py:1824} INFO - Sync 1 DAGs
[2024-08-10 03:16:06,715] {logging_mixin.py:104} INFO - [2024-08-10 03:16:06,715] {dag.py:2280} INFO - Setting next_dagrun for example_kubernetes_executor_config to None
[2024-08-10 03:16:06,728] {scheduler_job.py:190} INFO - Processing /home/airflow/.local/lib/python3.6/site-packages/airflow/example_dags/example_kubernetes_executor_config.py took 0.160 seconds
[2024-08-10 03:16:36,747] {scheduler_job.py:182} INFO - Started process (PID=61155) to work on /home/airflow/.local/lib/python3.6/site-packages/airflow/example_dags/example_kubernetes_executor_config.py
[2024-08-10 03:16:36,747] {scheduler_job.py:629} INFO - Processing file /home/airflow/.local/lib/python3.6/site-packages/airflow/example_dags/example_kubernetes_executor_config.py for tasks to queue
[2024-08-10 03:16:36,748] {logging_mixin.py:104} INFO - [2024-08-10 03:16:36,748] {dagbag.py:451} INFO - Filling up the DagBag from /home/airflow/.local/lib/python3.6/site-packages/airflow/example_dags/example_kubernetes_executor_config.py
[2024-08-10 03:16:36,756] {scheduler_job.py:639} INFO - DAG(s) dict_keys(['example_kubernetes_executor_config']) retrieved from /home/airflow/.local/lib/python3.6/site-packages/airflow/example_dags/example_kubernetes_executor_config.py
[2024-08-10 03:16:36,816] {logging_mixin.py:104} INFO - [2024-08-10 03:16:36,816] {dag.py:1824} INFO - Sync 1 DAGs
[2024-08-10 03:16:36,833] {logging_mixin.py:104} INFO - [2024-08-10 03:16:36,833] {dag.py:2280} INFO - Setting next_dagrun for example_kubernetes_executor_config to None
[2024-08-10 03:16:36,844] {scheduler_job.py:190} INFO - Processing /home/airflow/.local/lib/python3.6/site-packages/airflow/example_dags/example_kubernetes_executor_config.py took 0.099 seconds
[2024-08-10 04:06:31,213] {scheduler_job.py:182} INFO - Started process (PID=61185) to work on /home/airflow/.local/lib/python3.6/site-packages/airflow/example_dags/example_kubernetes_executor_config.py
[2024-08-10 04:06:31,214] {scheduler_job.py:629} INFO - Processing file /home/airflow/.local/lib/python3.6/site-packages/airflow/example_dags/example_kubernetes_executor_config.py for tasks to queue
[2024-08-10 04:06:31,214] {logging_mixin.py:104} INFO - [2024-08-10 04:06:31,214] {dagbag.py:451} INFO - Filling up the DagBag from /home/airflow/.local/lib/python3.6/site-packages/airflow/example_dags/example_kubernetes_executor_config.py
[2024-08-10 04:06:31,224] {scheduler_job.py:639} INFO - DAG(s) dict_keys(['example_kubernetes_executor_config']) retrieved from /home/airflow/.local/lib/python3.6/site-packages/airflow/example_dags/example_kubernetes_executor_config.py
[2024-08-10 04:06:31,289] {logging_mixin.py:104} INFO - [2024-08-10 04:06:31,289] {dag.py:1824} INFO - Sync 1 DAGs
[2024-08-10 04:06:31,308] {logging_mixin.py:104} INFO - [2024-08-10 04:06:31,307] {dag.py:2280} INFO - Setting next_dagrun for example_kubernetes_executor_config to None
[2024-08-10 04:06:31,320] {scheduler_job.py:190} INFO - Processing /home/airflow/.local/lib/python3.6/site-packages/airflow/example_dags/example_kubernetes_executor_config.py took 0.109 seconds
[2024-08-10 04:17:33,053] {scheduler_job.py:182} INFO - Started process (PID=61214) to work on /home/airflow/.local/lib/python3.6/site-packages/airflow/example_dags/example_kubernetes_executor_config.py
[2024-08-10 04:17:33,055] {scheduler_job.py:629} INFO - Processing file /home/airflow/.local/lib/python3.6/site-packages/airflow/example_dags/example_kubernetes_executor_config.py for tasks to queue
[2024-08-10 04:17:33,056] {logging_mixin.py:104} INFO - [2024-08-10 04:17:33,056] {dagbag.py:451} INFO - Filling up the DagBag from /home/airflow/.local/lib/python3.6/site-packages/airflow/example_dags/example_kubernetes_executor_config.py
[2024-08-10 04:17:33,070] {scheduler_job.py:639} INFO - DAG(s) dict_keys(['example_kubernetes_executor_config']) retrieved from /home/airflow/.local/lib/python3.6/site-packages/airflow/example_dags/example_kubernetes_executor_config.py
[2024-08-10 04:17:33,130] {logging_mixin.py:104} INFO - [2024-08-10 04:17:33,130] {dag.py:1824} INFO - Sync 1 DAGs
[2024-08-10 04:17:33,147] {logging_mixin.py:104} INFO - [2024-08-10 04:17:33,147] {dag.py:2280} INFO - Setting next_dagrun for example_kubernetes_executor_config to None
[2024-08-10 04:17:33,159] {scheduler_job.py:190} INFO - Processing /home/airflow/.local/lib/python3.6/site-packages/airflow/example_dags/example_kubernetes_executor_config.py took 0.108 seconds
[2024-08-10 05:08:48,342] {scheduler_job.py:182} INFO - Started process (PID=61243) to work on /home/airflow/.local/lib/python3.6/site-packages/airflow/example_dags/example_kubernetes_executor_config.py
[2024-08-10 05:08:48,343] {scheduler_job.py:629} INFO - Processing file /home/airflow/.local/lib/python3.6/site-packages/airflow/example_dags/example_kubernetes_executor_config.py for tasks to queue
[2024-08-10 05:08:48,343] {logging_mixin.py:104} INFO - [2024-08-10 05:08:48,343] {dagbag.py:451} INFO - Filling up the DagBag from /home/airflow/.local/lib/python3.6/site-packages/airflow/example_dags/example_kubernetes_executor_config.py
[2024-08-10 05:08:48,352] {scheduler_job.py:639} INFO - DAG(s) dict_keys(['example_kubernetes_executor_config']) retrieved from /home/airflow/.local/lib/python3.6/site-packages/airflow/example_dags/example_kubernetes_executor_config.py
[2024-08-10 05:08:48,425] {logging_mixin.py:104} INFO - [2024-08-10 05:08:48,425] {dag.py:1824} INFO - Sync 1 DAGs
[2024-08-10 05:08:48,445] {logging_mixin.py:104} INFO - [2024-08-10 05:08:48,445] {dag.py:2280} INFO - Setting next_dagrun for example_kubernetes_executor_config to None
[2024-08-10 05:08:48,459] {scheduler_job.py:190} INFO - Processing /home/airflow/.local/lib/python3.6/site-packages/airflow/example_dags/example_kubernetes_executor_config.py took 0.119 seconds
[2024-08-10 05:18:30,046] {scheduler_job.py:182} INFO - Started process (PID=61272) to work on /home/airflow/.local/lib/python3.6/site-packages/airflow/example_dags/example_kubernetes_executor_config.py
[2024-08-10 05:18:30,048] {scheduler_job.py:629} INFO - Processing file /home/airflow/.local/lib/python3.6/site-packages/airflow/example_dags/example_kubernetes_executor_config.py for tasks to queue
[2024-08-10 05:18:30,048] {logging_mixin.py:104} INFO - [2024-08-10 05:18:30,048] {dagbag.py:451} INFO - Filling up the DagBag from /home/airflow/.local/lib/python3.6/site-packages/airflow/example_dags/example_kubernetes_executor_config.py
[2024-08-10 05:18:30,057] {scheduler_job.py:639} INFO - DAG(s) dict_keys(['example_kubernetes_executor_config']) retrieved from /home/airflow/.local/lib/python3.6/site-packages/airflow/example_dags/example_kubernetes_executor_config.py
[2024-08-10 05:18:30,123] {logging_mixin.py:104} INFO - [2024-08-10 05:18:30,123] {dag.py:1824} INFO - Sync 1 DAGs
[2024-08-10 05:18:30,140] {logging_mixin.py:104} INFO - [2024-08-10 05:18:30,140] {dag.py:2280} INFO - Setting next_dagrun for example_kubernetes_executor_config to None
[2024-08-10 05:18:30,151] {scheduler_job.py:190} INFO - Processing /home/airflow/.local/lib/python3.6/site-packages/airflow/example_dags/example_kubernetes_executor_config.py took 0.107 seconds
[2024-08-10 05:52:11,830] {scheduler_job.py:182} INFO - Started process (PID=61301) to work on /home/airflow/.local/lib/python3.6/site-packages/airflow/example_dags/example_kubernetes_executor_config.py
[2024-08-10 05:52:11,831] {scheduler_job.py:629} INFO - Processing file /home/airflow/.local/lib/python3.6/site-packages/airflow/example_dags/example_kubernetes_executor_config.py for tasks to queue
[2024-08-10 05:52:11,832] {logging_mixin.py:104} INFO - [2024-08-10 05:52:11,832] {dagbag.py:451} INFO - Filling up the DagBag from /home/airflow/.local/lib/python3.6/site-packages/airflow/example_dags/example_kubernetes_executor_config.py
[2024-08-10 05:52:11,842] {scheduler_job.py:639} INFO - DAG(s) dict_keys(['example_kubernetes_executor_config']) retrieved from /home/airflow/.local/lib/python3.6/site-packages/airflow/example_dags/example_kubernetes_executor_config.py
[2024-08-10 05:52:11,902] {logging_mixin.py:104} INFO - [2024-08-10 05:52:11,902] {dag.py:1824} INFO - Sync 1 DAGs
[2024-08-10 05:52:11,918] {logging_mixin.py:104} INFO - [2024-08-10 05:52:11,918] {dag.py:2280} INFO - Setting next_dagrun for example_kubernetes_executor_config to None
[2024-08-10 05:52:11,930] {scheduler_job.py:190} INFO - Processing /home/airflow/.local/lib/python3.6/site-packages/airflow/example_dags/example_kubernetes_executor_config.py took 0.102 seconds
[2024-08-10 06:01:21,354] {scheduler_job.py:182} INFO - Started process (PID=61330) to work on /home/airflow/.local/lib/python3.6/site-packages/airflow/example_dags/example_kubernetes_executor_config.py
[2024-08-10 06:01:21,355] {scheduler_job.py:629} INFO - Processing file /home/airflow/.local/lib/python3.6/site-packages/airflow/example_dags/example_kubernetes_executor_config.py for tasks to queue
[2024-08-10 06:01:21,355] {logging_mixin.py:104} INFO - [2024-08-10 06:01:21,355] {dagbag.py:451} INFO - Filling up the DagBag from /home/airflow/.local/lib/python3.6/site-packages/airflow/example_dags/example_kubernetes_executor_config.py
[2024-08-10 06:01:21,363] {scheduler_job.py:639} INFO - DAG(s) dict_keys(['example_kubernetes_executor_config']) retrieved from /home/airflow/.local/lib/python3.6/site-packages/airflow/example_dags/example_kubernetes_executor_config.py
[2024-08-10 06:01:21,430] {logging_mixin.py:104} INFO - [2024-08-10 06:01:21,430] {dag.py:1824} INFO - Sync 1 DAGs
[2024-08-10 06:01:21,460] {logging_mixin.py:104} INFO - [2024-08-10 06:01:21,460] {dag.py:2280} INFO - Setting next_dagrun for example_kubernetes_executor_config to None
[2024-08-10 06:01:21,471] {scheduler_job.py:190} INFO - Processing /home/airflow/.local/lib/python3.6/site-packages/airflow/example_dags/example_kubernetes_executor_config.py took 0.119 seconds
[2024-08-10 06:09:13,191] {scheduler_job.py:182} INFO - Started process (PID=61359) to work on /home/airflow/.local/lib/python3.6/site-packages/airflow/example_dags/example_kubernetes_executor_config.py
[2024-08-10 06:09:13,192] {scheduler_job.py:629} INFO - Processing file /home/airflow/.local/lib/python3.6/site-packages/airflow/example_dags/example_kubernetes_executor_config.py for tasks to queue
[2024-08-10 06:09:13,192] {logging_mixin.py:104} INFO - [2024-08-10 06:09:13,192] {dagbag.py:451} INFO - Filling up the DagBag from /home/airflow/.local/lib/python3.6/site-packages/airflow/example_dags/example_kubernetes_executor_config.py
[2024-08-10 06:09:13,201] {scheduler_job.py:639} INFO - DAG(s) dict_keys(['example_kubernetes_executor_config']) retrieved from /home/airflow/.local/lib/python3.6/site-packages/airflow/example_dags/example_kubernetes_executor_config.py
[2024-08-10 06:09:13,299] {logging_mixin.py:104} INFO - [2024-08-10 06:09:13,298] {dag.py:1824} INFO - Sync 1 DAGs
[2024-08-10 06:09:13,335] {logging_mixin.py:104} INFO - [2024-08-10 06:09:13,335] {dag.py:2280} INFO - Setting next_dagrun for example_kubernetes_executor_config to None
[2024-08-10 06:09:13,351] {scheduler_job.py:190} INFO - Processing /home/airflow/.local/lib/python3.6/site-packages/airflow/example_dags/example_kubernetes_executor_config.py took 0.162 seconds
[2024-08-10 06:09:43,831] {scheduler_job.py:182} INFO - Started process (PID=61383) to work on /home/airflow/.local/lib/python3.6/site-packages/airflow/example_dags/example_kubernetes_executor_config.py
[2024-08-10 06:09:43,832] {scheduler_job.py:629} INFO - Processing file /home/airflow/.local/lib/python3.6/site-packages/airflow/example_dags/example_kubernetes_executor_config.py for tasks to queue
[2024-08-10 06:09:43,832] {logging_mixin.py:104} INFO - [2024-08-10 06:09:43,832] {dagbag.py:451} INFO - Filling up the DagBag from /home/airflow/.local/lib/python3.6/site-packages/airflow/example_dags/example_kubernetes_executor_config.py
[2024-08-10 06:09:43,840] {scheduler_job.py:639} INFO - DAG(s) dict_keys(['example_kubernetes_executor_config']) retrieved from /home/airflow/.local/lib/python3.6/site-packages/airflow/example_dags/example_kubernetes_executor_config.py
[2024-08-10 06:09:43,909] {logging_mixin.py:104} INFO - [2024-08-10 06:09:43,909] {dag.py:1824} INFO - Sync 1 DAGs
[2024-08-10 06:09:43,927] {logging_mixin.py:104} INFO - [2024-08-10 06:09:43,927] {dag.py:2280} INFO - Setting next_dagrun for example_kubernetes_executor_config to None
[2024-08-10 06:09:43,940] {scheduler_job.py:190} INFO - Processing /home/airflow/.local/lib/python3.6/site-packages/airflow/example_dags/example_kubernetes_executor_config.py took 0.112 seconds
[2024-08-10 06:19:27,203] {scheduler_job.py:182} INFO - Started process (PID=61417) to work on /home/airflow/.local/lib/python3.6/site-packages/airflow/example_dags/example_kubernetes_executor_config.py
[2024-08-10 06:19:27,203] {scheduler_job.py:629} INFO - Processing file /home/airflow/.local/lib/python3.6/site-packages/airflow/example_dags/example_kubernetes_executor_config.py for tasks to queue
[2024-08-10 06:19:27,205] {logging_mixin.py:104} INFO - [2024-08-10 06:19:27,205] {dagbag.py:451} INFO - Filling up the DagBag from /home/airflow/.local/lib/python3.6/site-packages/airflow/example_dags/example_kubernetes_executor_config.py
[2024-08-10 06:19:27,228] {scheduler_job.py:639} INFO - DAG(s) dict_keys(['example_kubernetes_executor_config']) retrieved from /home/airflow/.local/lib/python3.6/site-packages/airflow/example_dags/example_kubernetes_executor_config.py
[2024-08-10 06:19:27,310] {logging_mixin.py:104} INFO - [2024-08-10 06:19:27,310] {dag.py:1824} INFO - Sync 1 DAGs
[2024-08-10 06:19:27,333] {logging_mixin.py:104} INFO - [2024-08-10 06:19:27,333] {dag.py:2280} INFO - Setting next_dagrun for example_kubernetes_executor_config to None
[2024-08-10 06:19:27,346] {scheduler_job.py:190} INFO - Processing /home/airflow/.local/lib/python3.6/site-packages/airflow/example_dags/example_kubernetes_executor_config.py took 0.148 seconds
[2024-08-10 06:53:16,016] {scheduler_job.py:182} INFO - Started process (PID=61446) to work on /home/airflow/.local/lib/python3.6/site-packages/airflow/example_dags/example_kubernetes_executor_config.py
[2024-08-10 06:53:16,017] {scheduler_job.py:629} INFO - Processing file /home/airflow/.local/lib/python3.6/site-packages/airflow/example_dags/example_kubernetes_executor_config.py for tasks to queue
[2024-08-10 06:53:16,017] {logging_mixin.py:104} INFO - [2024-08-10 06:53:16,017] {dagbag.py:451} INFO - Filling up the DagBag from /home/airflow/.local/lib/python3.6/site-packages/airflow/example_dags/example_kubernetes_executor_config.py
[2024-08-10 06:53:16,027] {scheduler_job.py:639} INFO - DAG(s) dict_keys(['example_kubernetes_executor_config']) retrieved from /home/airflow/.local/lib/python3.6/site-packages/airflow/example_dags/example_kubernetes_executor_config.py
[2024-08-10 06:53:16,097] {logging_mixin.py:104} INFO - [2024-08-10 06:53:16,097] {dag.py:1824} INFO - Sync 1 DAGs
[2024-08-10 06:53:16,117] {logging_mixin.py:104} INFO - [2024-08-10 06:53:16,117] {dag.py:2280} INFO - Setting next_dagrun for example_kubernetes_executor_config to None
[2024-08-10 06:53:16,131] {scheduler_job.py:190} INFO - Processing /home/airflow/.local/lib/python3.6/site-packages/airflow/example_dags/example_kubernetes_executor_config.py took 0.118 seconds
[2024-08-10 07:20:24,642] {scheduler_job.py:182} INFO - Started process (PID=61475) to work on /home/airflow/.local/lib/python3.6/site-packages/airflow/example_dags/example_kubernetes_executor_config.py
[2024-08-10 07:20:24,642] {scheduler_job.py:629} INFO - Processing file /home/airflow/.local/lib/python3.6/site-packages/airflow/example_dags/example_kubernetes_executor_config.py for tasks to queue
[2024-08-10 07:20:24,643] {logging_mixin.py:104} INFO - [2024-08-10 07:20:24,643] {dagbag.py:451} INFO - Filling up the DagBag from /home/airflow/.local/lib/python3.6/site-packages/airflow/example_dags/example_kubernetes_executor_config.py
[2024-08-10 07:20:24,651] {scheduler_job.py:639} INFO - DAG(s) dict_keys(['example_kubernetes_executor_config']) retrieved from /home/airflow/.local/lib/python3.6/site-packages/airflow/example_dags/example_kubernetes_executor_config.py
[2024-08-10 07:20:24,711] {logging_mixin.py:104} INFO - [2024-08-10 07:20:24,711] {dag.py:1824} INFO - Sync 1 DAGs
[2024-08-10 07:20:24,728] {logging_mixin.py:104} INFO - [2024-08-10 07:20:24,728] {dag.py:2280} INFO - Setting next_dagrun for example_kubernetes_executor_config to None
[2024-08-10 07:20:24,740] {scheduler_job.py:190} INFO - Processing /home/airflow/.local/lib/python3.6/site-packages/airflow/example_dags/example_kubernetes_executor_config.py took 0.100 seconds
[2024-08-10 07:36:32,746] {scheduler_job.py:182} INFO - Started process (PID=61504) to work on /home/airflow/.local/lib/python3.6/site-packages/airflow/example_dags/example_kubernetes_executor_config.py
[2024-08-10 07:36:32,747] {scheduler_job.py:629} INFO - Processing file /home/airflow/.local/lib/python3.6/site-packages/airflow/example_dags/example_kubernetes_executor_config.py for tasks to queue
[2024-08-10 07:36:32,748] {logging_mixin.py:104} INFO - [2024-08-10 07:36:32,748] {dagbag.py:451} INFO - Filling up the DagBag from /home/airflow/.local/lib/python3.6/site-packages/airflow/example_dags/example_kubernetes_executor_config.py
[2024-08-10 07:36:32,759] {scheduler_job.py:639} INFO - DAG(s) dict_keys(['example_kubernetes_executor_config']) retrieved from /home/airflow/.local/lib/python3.6/site-packages/airflow/example_dags/example_kubernetes_executor_config.py
[2024-08-10 07:36:32,845] {logging_mixin.py:104} INFO - [2024-08-10 07:36:32,845] {dag.py:1824} INFO - Sync 1 DAGs
[2024-08-10 07:36:32,867] {logging_mixin.py:104} INFO - [2024-08-10 07:36:32,867] {dag.py:2280} INFO - Setting next_dagrun for example_kubernetes_executor_config to None
[2024-08-10 07:36:32,881] {scheduler_job.py:190} INFO - Processing /home/airflow/.local/lib/python3.6/site-packages/airflow/example_dags/example_kubernetes_executor_config.py took 0.137 seconds
[2024-08-10 07:40:23,985] {scheduler_job.py:182} INFO - Started process (PID=61533) to work on /home/airflow/.local/lib/python3.6/site-packages/airflow/example_dags/example_kubernetes_executor_config.py
[2024-08-10 07:40:23,985] {scheduler_job.py:629} INFO - Processing file /home/airflow/.local/lib/python3.6/site-packages/airflow/example_dags/example_kubernetes_executor_config.py for tasks to queue
[2024-08-10 07:40:23,986] {logging_mixin.py:104} INFO - [2024-08-10 07:40:23,986] {dagbag.py:451} INFO - Filling up the DagBag from /home/airflow/.local/lib/python3.6/site-packages/airflow/example_dags/example_kubernetes_executor_config.py
[2024-08-10 07:40:23,994] {scheduler_job.py:639} INFO - DAG(s) dict_keys(['example_kubernetes_executor_config']) retrieved from /home/airflow/.local/lib/python3.6/site-packages/airflow/example_dags/example_kubernetes_executor_config.py
[2024-08-10 07:40:24,060] {logging_mixin.py:104} INFO - [2024-08-10 07:40:24,060] {dag.py:1824} INFO - Sync 1 DAGs
[2024-08-10 07:40:24,077] {logging_mixin.py:104} INFO - [2024-08-10 07:40:24,076] {dag.py:2280} INFO - Setting next_dagrun for example_kubernetes_executor_config to None
[2024-08-10 07:40:24,088] {scheduler_job.py:190} INFO - Processing /home/airflow/.local/lib/python3.6/site-packages/airflow/example_dags/example_kubernetes_executor_config.py took 0.105 seconds
[2024-08-10 08:13:24,519] {scheduler_job.py:182} INFO - Started process (PID=61562) to work on /home/airflow/.local/lib/python3.6/site-packages/airflow/example_dags/example_kubernetes_executor_config.py
[2024-08-10 08:13:24,519] {scheduler_job.py:629} INFO - Processing file /home/airflow/.local/lib/python3.6/site-packages/airflow/example_dags/example_kubernetes_executor_config.py for tasks to queue
[2024-08-10 08:13:24,520] {logging_mixin.py:104} INFO - [2024-08-10 08:13:24,520] {dagbag.py:451} INFO - Filling up the DagBag from /home/airflow/.local/lib/python3.6/site-packages/airflow/example_dags/example_kubernetes_executor_config.py
[2024-08-10 08:13:24,529] {scheduler_job.py:639} INFO - DAG(s) dict_keys(['example_kubernetes_executor_config']) retrieved from /home/airflow/.local/lib/python3.6/site-packages/airflow/example_dags/example_kubernetes_executor_config.py
[2024-08-10 08:13:24,592] {logging_mixin.py:104} INFO - [2024-08-10 08:13:24,592] {dag.py:1824} INFO - Sync 1 DAGs
[2024-08-10 08:13:24,614] {logging_mixin.py:104} INFO - [2024-08-10 08:13:24,614] {dag.py:2280} INFO - Setting next_dagrun for example_kubernetes_executor_config to None
[2024-08-10 08:13:24,634] {scheduler_job.py:190} INFO - Processing /home/airflow/.local/lib/python3.6/site-packages/airflow/example_dags/example_kubernetes_executor_config.py took 0.117 seconds
[2024-08-10 08:16:04,597] {scheduler_job.py:182} INFO - Started process (PID=61591) to work on /home/airflow/.local/lib/python3.6/site-packages/airflow/example_dags/example_kubernetes_executor_config.py
[2024-08-10 08:16:04,599] {scheduler_job.py:629} INFO - Processing file /home/airflow/.local/lib/python3.6/site-packages/airflow/example_dags/example_kubernetes_executor_config.py for tasks to queue
[2024-08-10 08:16:04,600] {logging_mixin.py:104} INFO - [2024-08-10 08:16:04,600] {dagbag.py:451} INFO - Filling up the DagBag from /home/airflow/.local/lib/python3.6/site-packages/airflow/example_dags/example_kubernetes_executor_config.py
[2024-08-10 08:16:04,617] {scheduler_job.py:639} INFO - DAG(s) dict_keys(['example_kubernetes_executor_config']) retrieved from /home/airflow/.local/lib/python3.6/site-packages/airflow/example_dags/example_kubernetes_executor_config.py
[2024-08-10 08:16:04,723] {logging_mixin.py:104} INFO - [2024-08-10 08:16:04,723] {dag.py:1824} INFO - Sync 1 DAGs
[2024-08-10 08:16:04,745] {logging_mixin.py:104} INFO - [2024-08-10 08:16:04,744] {dag.py:2280} INFO - Setting next_dagrun for example_kubernetes_executor_config to None
[2024-08-10 08:16:04,757] {scheduler_job.py:190} INFO - Processing /home/airflow/.local/lib/python3.6/site-packages/airflow/example_dags/example_kubernetes_executor_config.py took 0.163 seconds
[2024-08-10 08:16:35,442] {scheduler_job.py:182} INFO - Started process (PID=61617) to work on /home/airflow/.local/lib/python3.6/site-packages/airflow/example_dags/example_kubernetes_executor_config.py
[2024-08-10 08:16:35,443] {scheduler_job.py:629} INFO - Processing file /home/airflow/.local/lib/python3.6/site-packages/airflow/example_dags/example_kubernetes_executor_config.py for tasks to queue
[2024-08-10 08:16:35,444] {logging_mixin.py:104} INFO - [2024-08-10 08:16:35,444] {dagbag.py:451} INFO - Filling up the DagBag from /home/airflow/.local/lib/python3.6/site-packages/airflow/example_dags/example_kubernetes_executor_config.py
[2024-08-10 08:16:35,454] {scheduler_job.py:639} INFO - DAG(s) dict_keys(['example_kubernetes_executor_config']) retrieved from /home/airflow/.local/lib/python3.6/site-packages/airflow/example_dags/example_kubernetes_executor_config.py
[2024-08-10 08:16:35,518] {logging_mixin.py:104} INFO - [2024-08-10 08:16:35,518] {dag.py:1824} INFO - Sync 1 DAGs
[2024-08-10 08:16:35,534] {logging_mixin.py:104} INFO - [2024-08-10 08:16:35,534] {dag.py:2280} INFO - Setting next_dagrun for example_kubernetes_executor_config to None
[2024-08-10 08:16:35,545] {scheduler_job.py:190} INFO - Processing /home/airflow/.local/lib/python3.6/site-packages/airflow/example_dags/example_kubernetes_executor_config.py took 0.106 seconds
[2024-08-10 08:17:06,165] {scheduler_job.py:182} INFO - Started process (PID=61646) to work on /home/airflow/.local/lib/python3.6/site-packages/airflow/example_dags/example_kubernetes_executor_config.py
[2024-08-10 08:17:06,166] {scheduler_job.py:629} INFO - Processing file /home/airflow/.local/lib/python3.6/site-packages/airflow/example_dags/example_kubernetes_executor_config.py for tasks to queue
[2024-08-10 08:17:06,167] {logging_mixin.py:104} INFO - [2024-08-10 08:17:06,166] {dagbag.py:451} INFO - Filling up the DagBag from /home/airflow/.local/lib/python3.6/site-packages/airflow/example_dags/example_kubernetes_executor_config.py
[2024-08-10 08:17:06,177] {scheduler_job.py:639} INFO - DAG(s) dict_keys(['example_kubernetes_executor_config']) retrieved from /home/airflow/.local/lib/python3.6/site-packages/airflow/example_dags/example_kubernetes_executor_config.py
[2024-08-10 08:17:06,247] {logging_mixin.py:104} INFO - [2024-08-10 08:17:06,246] {dag.py:1824} INFO - Sync 1 DAGs
[2024-08-10 08:17:06,264] {logging_mixin.py:104} INFO - [2024-08-10 08:17:06,264] {dag.py:2280} INFO - Setting next_dagrun for example_kubernetes_executor_config to None
[2024-08-10 08:17:06,275] {scheduler_job.py:190} INFO - Processing /home/airflow/.local/lib/python3.6/site-packages/airflow/example_dags/example_kubernetes_executor_config.py took 0.114 seconds
[2024-08-10 08:17:37,095] {scheduler_job.py:182} INFO - Started process (PID=61675) to work on /home/airflow/.local/lib/python3.6/site-packages/airflow/example_dags/example_kubernetes_executor_config.py
[2024-08-10 08:17:37,097] {scheduler_job.py:629} INFO - Processing file /home/airflow/.local/lib/python3.6/site-packages/airflow/example_dags/example_kubernetes_executor_config.py for tasks to queue
[2024-08-10 08:17:37,098] {logging_mixin.py:104} INFO - [2024-08-10 08:17:37,098] {dagbag.py:451} INFO - Filling up the DagBag from /home/airflow/.local/lib/python3.6/site-packages/airflow/example_dags/example_kubernetes_executor_config.py
[2024-08-10 08:17:37,111] {scheduler_job.py:639} INFO - DAG(s) dict_keys(['example_kubernetes_executor_config']) retrieved from /home/airflow/.local/lib/python3.6/site-packages/airflow/example_dags/example_kubernetes_executor_config.py
[2024-08-10 08:17:37,180] {logging_mixin.py:104} INFO - [2024-08-10 08:17:37,180] {dag.py:1824} INFO - Sync 1 DAGs
[2024-08-10 08:17:37,197] {logging_mixin.py:104} INFO - [2024-08-10 08:17:37,197] {dag.py:2280} INFO - Setting next_dagrun for example_kubernetes_executor_config to None
[2024-08-10 08:17:37,208] {scheduler_job.py:190} INFO - Processing /home/airflow/.local/lib/python3.6/site-packages/airflow/example_dags/example_kubernetes_executor_config.py took 0.117 seconds
[2024-08-10 08:18:07,791] {scheduler_job.py:182} INFO - Started process (PID=61704) to work on /home/airflow/.local/lib/python3.6/site-packages/airflow/example_dags/example_kubernetes_executor_config.py
[2024-08-10 08:18:07,792] {scheduler_job.py:629} INFO - Processing file /home/airflow/.local/lib/python3.6/site-packages/airflow/example_dags/example_kubernetes_executor_config.py for tasks to queue
[2024-08-10 08:18:07,793] {logging_mixin.py:104} INFO - [2024-08-10 08:18:07,793] {dagbag.py:451} INFO - Filling up the DagBag from /home/airflow/.local/lib/python3.6/site-packages/airflow/example_dags/example_kubernetes_executor_config.py
[2024-08-10 08:18:07,808] {scheduler_job.py:639} INFO - DAG(s) dict_keys(['example_kubernetes_executor_config']) retrieved from /home/airflow/.local/lib/python3.6/site-packages/airflow/example_dags/example_kubernetes_executor_config.py
[2024-08-10 08:18:07,887] {logging_mixin.py:104} INFO - [2024-08-10 08:18:07,887] {dag.py:1824} INFO - Sync 1 DAGs
[2024-08-10 08:18:07,905] {logging_mixin.py:104} INFO - [2024-08-10 08:18:07,904] {dag.py:2280} INFO - Setting next_dagrun for example_kubernetes_executor_config to None
[2024-08-10 08:18:07,918] {scheduler_job.py:190} INFO - Processing /home/airflow/.local/lib/python3.6/site-packages/airflow/example_dags/example_kubernetes_executor_config.py took 0.130 seconds
[2024-08-10 08:18:38,567] {scheduler_job.py:182} INFO - Started process (PID=61733) to work on /home/airflow/.local/lib/python3.6/site-packages/airflow/example_dags/example_kubernetes_executor_config.py
[2024-08-10 08:18:38,569] {scheduler_job.py:629} INFO - Processing file /home/airflow/.local/lib/python3.6/site-packages/airflow/example_dags/example_kubernetes_executor_config.py for tasks to queue
[2024-08-10 08:18:38,570] {logging_mixin.py:104} INFO - [2024-08-10 08:18:38,570] {dagbag.py:451} INFO - Filling up the DagBag from /home/airflow/.local/lib/python3.6/site-packages/airflow/example_dags/example_kubernetes_executor_config.py
[2024-08-10 08:18:38,580] {scheduler_job.py:639} INFO - DAG(s) dict_keys(['example_kubernetes_executor_config']) retrieved from /home/airflow/.local/lib/python3.6/site-packages/airflow/example_dags/example_kubernetes_executor_config.py
[2024-08-10 08:18:38,665] {logging_mixin.py:104} INFO - [2024-08-10 08:18:38,665] {dag.py:1824} INFO - Sync 1 DAGs
[2024-08-10 08:18:38,683] {logging_mixin.py:104} INFO - [2024-08-10 08:18:38,683] {dag.py:2280} INFO - Setting next_dagrun for example_kubernetes_executor_config to None
[2024-08-10 08:18:38,695] {scheduler_job.py:190} INFO - Processing /home/airflow/.local/lib/python3.6/site-packages/airflow/example_dags/example_kubernetes_executor_config.py took 0.130 seconds
[2024-08-10 08:19:09,382] {scheduler_job.py:182} INFO - Started process (PID=61762) to work on /home/airflow/.local/lib/python3.6/site-packages/airflow/example_dags/example_kubernetes_executor_config.py
[2024-08-10 08:19:09,384] {scheduler_job.py:629} INFO - Processing file /home/airflow/.local/lib/python3.6/site-packages/airflow/example_dags/example_kubernetes_executor_config.py for tasks to queue
[2024-08-10 08:19:09,386] {logging_mixin.py:104} INFO - [2024-08-10 08:19:09,385] {dagbag.py:451} INFO - Filling up the DagBag from /home/airflow/.local/lib/python3.6/site-packages/airflow/example_dags/example_kubernetes_executor_config.py
[2024-08-10 08:19:09,400] {scheduler_job.py:639} INFO - DAG(s) dict_keys(['example_kubernetes_executor_config']) retrieved from /home/airflow/.local/lib/python3.6/site-packages/airflow/example_dags/example_kubernetes_executor_config.py
[2024-08-10 08:19:09,471] {logging_mixin.py:104} INFO - [2024-08-10 08:19:09,471] {dag.py:1824} INFO - Sync 1 DAGs
[2024-08-10 08:19:09,489] {logging_mixin.py:104} INFO - [2024-08-10 08:19:09,489] {dag.py:2280} INFO - Setting next_dagrun for example_kubernetes_executor_config to None
[2024-08-10 08:19:09,500] {scheduler_job.py:190} INFO - Processing /home/airflow/.local/lib/python3.6/site-packages/airflow/example_dags/example_kubernetes_executor_config.py took 0.123 seconds
[2024-08-10 08:19:40,113] {scheduler_job.py:182} INFO - Started process (PID=61791) to work on /home/airflow/.local/lib/python3.6/site-packages/airflow/example_dags/example_kubernetes_executor_config.py
[2024-08-10 08:19:40,114] {scheduler_job.py:629} INFO - Processing file /home/airflow/.local/lib/python3.6/site-packages/airflow/example_dags/example_kubernetes_executor_config.py for tasks to queue
[2024-08-10 08:19:40,115] {logging_mixin.py:104} INFO - [2024-08-10 08:19:40,115] {dagbag.py:451} INFO - Filling up the DagBag from /home/airflow/.local/lib/python3.6/site-packages/airflow/example_dags/example_kubernetes_executor_config.py
[2024-08-10 08:19:40,129] {scheduler_job.py:639} INFO - DAG(s) dict_keys(['example_kubernetes_executor_config']) retrieved from /home/airflow/.local/lib/python3.6/site-packages/airflow/example_dags/example_kubernetes_executor_config.py
[2024-08-10 08:19:40,198] {logging_mixin.py:104} INFO - [2024-08-10 08:19:40,197] {dag.py:1824} INFO - Sync 1 DAGs
[2024-08-10 08:19:40,214] {logging_mixin.py:104} INFO - [2024-08-10 08:19:40,214] {dag.py:2280} INFO - Setting next_dagrun for example_kubernetes_executor_config to None
[2024-08-10 08:19:40,225] {scheduler_job.py:190} INFO - Processing /home/airflow/.local/lib/python3.6/site-packages/airflow/example_dags/example_kubernetes_executor_config.py took 0.117 seconds
[2024-08-10 08:20:10,934] {scheduler_job.py:182} INFO - Started process (PID=61820) to work on /home/airflow/.local/lib/python3.6/site-packages/airflow/example_dags/example_kubernetes_executor_config.py
[2024-08-10 08:20:10,936] {scheduler_job.py:629} INFO - Processing file /home/airflow/.local/lib/python3.6/site-packages/airflow/example_dags/example_kubernetes_executor_config.py for tasks to queue
[2024-08-10 08:20:10,937] {logging_mixin.py:104} INFO - [2024-08-10 08:20:10,937] {dagbag.py:451} INFO - Filling up the DagBag from /home/airflow/.local/lib/python3.6/site-packages/airflow/example_dags/example_kubernetes_executor_config.py
[2024-08-10 08:20:10,951] {scheduler_job.py:639} INFO - DAG(s) dict_keys(['example_kubernetes_executor_config']) retrieved from /home/airflow/.local/lib/python3.6/site-packages/airflow/example_dags/example_kubernetes_executor_config.py
[2024-08-10 08:20:11,021] {logging_mixin.py:104} INFO - [2024-08-10 08:20:11,021] {dag.py:1824} INFO - Sync 1 DAGs
[2024-08-10 08:20:11,038] {logging_mixin.py:104} INFO - [2024-08-10 08:20:11,037] {dag.py:2280} INFO - Setting next_dagrun for example_kubernetes_executor_config to None
[2024-08-10 08:20:11,049] {scheduler_job.py:190} INFO - Processing /home/airflow/.local/lib/python3.6/site-packages/airflow/example_dags/example_kubernetes_executor_config.py took 0.119 seconds
[2024-08-10 08:20:41,650] {scheduler_job.py:182} INFO - Started process (PID=61849) to work on /home/airflow/.local/lib/python3.6/site-packages/airflow/example_dags/example_kubernetes_executor_config.py
[2024-08-10 08:20:41,652] {scheduler_job.py:629} INFO - Processing file /home/airflow/.local/lib/python3.6/site-packages/airflow/example_dags/example_kubernetes_executor_config.py for tasks to queue
[2024-08-10 08:20:41,653] {logging_mixin.py:104} INFO - [2024-08-10 08:20:41,653] {dagbag.py:451} INFO - Filling up the DagBag from /home/airflow/.local/lib/python3.6/site-packages/airflow/example_dags/example_kubernetes_executor_config.py
[2024-08-10 08:20:41,668] {scheduler_job.py:639} INFO - DAG(s) dict_keys(['example_kubernetes_executor_config']) retrieved from /home/airflow/.local/lib/python3.6/site-packages/airflow/example_dags/example_kubernetes_executor_config.py
[2024-08-10 08:20:41,763] {logging_mixin.py:104} INFO - [2024-08-10 08:20:41,763] {dag.py:1824} INFO - Sync 1 DAGs
[2024-08-10 08:20:41,782] {logging_mixin.py:104} INFO - [2024-08-10 08:20:41,781] {dag.py:2280} INFO - Setting next_dagrun for example_kubernetes_executor_config to None
[2024-08-10 08:20:41,792] {scheduler_job.py:190} INFO - Processing /home/airflow/.local/lib/python3.6/site-packages/airflow/example_dags/example_kubernetes_executor_config.py took 0.146 seconds
[2024-08-10 08:21:12,407] {scheduler_job.py:182} INFO - Started process (PID=61878) to work on /home/airflow/.local/lib/python3.6/site-packages/airflow/example_dags/example_kubernetes_executor_config.py
[2024-08-10 08:21:12,408] {scheduler_job.py:629} INFO - Processing file /home/airflow/.local/lib/python3.6/site-packages/airflow/example_dags/example_kubernetes_executor_config.py for tasks to queue
[2024-08-10 08:21:12,409] {logging_mixin.py:104} INFO - [2024-08-10 08:21:12,409] {dagbag.py:451} INFO - Filling up the DagBag from /home/airflow/.local/lib/python3.6/site-packages/airflow/example_dags/example_kubernetes_executor_config.py
[2024-08-10 08:21:12,424] {scheduler_job.py:639} INFO - DAG(s) dict_keys(['example_kubernetes_executor_config']) retrieved from /home/airflow/.local/lib/python3.6/site-packages/airflow/example_dags/example_kubernetes_executor_config.py
[2024-08-10 08:21:12,497] {logging_mixin.py:104} INFO - [2024-08-10 08:21:12,497] {dag.py:1824} INFO - Sync 1 DAGs
[2024-08-10 08:21:12,515] {logging_mixin.py:104} INFO - [2024-08-10 08:21:12,515] {dag.py:2280} INFO - Setting next_dagrun for example_kubernetes_executor_config to None
[2024-08-10 08:21:12,527] {scheduler_job.py:190} INFO - Processing /home/airflow/.local/lib/python3.6/site-packages/airflow/example_dags/example_kubernetes_executor_config.py took 0.125 seconds
[2024-08-10 08:21:43,171] {scheduler_job.py:182} INFO - Started process (PID=61907) to work on /home/airflow/.local/lib/python3.6/site-packages/airflow/example_dags/example_kubernetes_executor_config.py
[2024-08-10 08:21:43,172] {scheduler_job.py:629} INFO - Processing file /home/airflow/.local/lib/python3.6/site-packages/airflow/example_dags/example_kubernetes_executor_config.py for tasks to queue
[2024-08-10 08:21:43,173] {logging_mixin.py:104} INFO - [2024-08-10 08:21:43,173] {dagbag.py:451} INFO - Filling up the DagBag from /home/airflow/.local/lib/python3.6/site-packages/airflow/example_dags/example_kubernetes_executor_config.py
[2024-08-10 08:21:43,182] {scheduler_job.py:639} INFO - DAG(s) dict_keys(['example_kubernetes_executor_config']) retrieved from /home/airflow/.local/lib/python3.6/site-packages/airflow/example_dags/example_kubernetes_executor_config.py
[2024-08-10 08:21:43,247] {logging_mixin.py:104} INFO - [2024-08-10 08:21:43,247] {dag.py:1824} INFO - Sync 1 DAGs
[2024-08-10 08:21:43,263] {logging_mixin.py:104} INFO - [2024-08-10 08:21:43,263] {dag.py:2280} INFO - Setting next_dagrun for example_kubernetes_executor_config to None
[2024-08-10 08:21:43,275] {scheduler_job.py:190} INFO - Processing /home/airflow/.local/lib/python3.6/site-packages/airflow/example_dags/example_kubernetes_executor_config.py took 0.106 seconds
[2024-08-10 08:22:13,971] {scheduler_job.py:182} INFO - Started process (PID=61936) to work on /home/airflow/.local/lib/python3.6/site-packages/airflow/example_dags/example_kubernetes_executor_config.py
[2024-08-10 08:22:13,972] {scheduler_job.py:629} INFO - Processing file /home/airflow/.local/lib/python3.6/site-packages/airflow/example_dags/example_kubernetes_executor_config.py for tasks to queue
[2024-08-10 08:22:13,973] {logging_mixin.py:104} INFO - [2024-08-10 08:22:13,973] {dagbag.py:451} INFO - Filling up the DagBag from /home/airflow/.local/lib/python3.6/site-packages/airflow/example_dags/example_kubernetes_executor_config.py
[2024-08-10 08:22:13,986] {scheduler_job.py:639} INFO - DAG(s) dict_keys(['example_kubernetes_executor_config']) retrieved from /home/airflow/.local/lib/python3.6/site-packages/airflow/example_dags/example_kubernetes_executor_config.py
[2024-08-10 08:22:14,057] {logging_mixin.py:104} INFO - [2024-08-10 08:22:14,057] {dag.py:1824} INFO - Sync 1 DAGs
[2024-08-10 08:22:14,073] {logging_mixin.py:104} INFO - [2024-08-10 08:22:14,073] {dag.py:2280} INFO - Setting next_dagrun for example_kubernetes_executor_config to None
[2024-08-10 08:22:14,084] {scheduler_job.py:190} INFO - Processing /home/airflow/.local/lib/python3.6/site-packages/airflow/example_dags/example_kubernetes_executor_config.py took 0.117 seconds
[2024-08-10 08:22:44,744] {scheduler_job.py:182} INFO - Started process (PID=61965) to work on /home/airflow/.local/lib/python3.6/site-packages/airflow/example_dags/example_kubernetes_executor_config.py
[2024-08-10 08:22:44,745] {scheduler_job.py:629} INFO - Processing file /home/airflow/.local/lib/python3.6/site-packages/airflow/example_dags/example_kubernetes_executor_config.py for tasks to queue
[2024-08-10 08:22:44,745] {logging_mixin.py:104} INFO - [2024-08-10 08:22:44,745] {dagbag.py:451} INFO - Filling up the DagBag from /home/airflow/.local/lib/python3.6/site-packages/airflow/example_dags/example_kubernetes_executor_config.py
[2024-08-10 08:22:44,758] {scheduler_job.py:639} INFO - DAG(s) dict_keys(['example_kubernetes_executor_config']) retrieved from /home/airflow/.local/lib/python3.6/site-packages/airflow/example_dags/example_kubernetes_executor_config.py
[2024-08-10 08:22:44,827] {logging_mixin.py:104} INFO - [2024-08-10 08:22:44,827] {dag.py:1824} INFO - Sync 1 DAGs
[2024-08-10 08:22:44,846] {logging_mixin.py:104} INFO - [2024-08-10 08:22:44,846] {dag.py:2280} INFO - Setting next_dagrun for example_kubernetes_executor_config to None
[2024-08-10 08:22:44,857] {scheduler_job.py:190} INFO - Processing /home/airflow/.local/lib/python3.6/site-packages/airflow/example_dags/example_kubernetes_executor_config.py took 0.117 seconds
[2024-08-10 19:59:43,973] {scheduler_job.py:182} INFO - Started process (PID=43) to work on /home/airflow/.local/lib/python3.6/site-packages/airflow/example_dags/example_kubernetes_executor_config.py
[2024-08-10 19:59:43,974] {scheduler_job.py:629} INFO - Processing file /home/airflow/.local/lib/python3.6/site-packages/airflow/example_dags/example_kubernetes_executor_config.py for tasks to queue
[2024-08-10 19:59:43,974] {logging_mixin.py:104} INFO - [2024-08-10 19:59:43,974] {dagbag.py:451} INFO - Filling up the DagBag from /home/airflow/.local/lib/python3.6/site-packages/airflow/example_dags/example_kubernetes_executor_config.py
[2024-08-10 19:59:43,984] {scheduler_job.py:639} INFO - DAG(s) dict_keys(['example_kubernetes_executor_config']) retrieved from /home/airflow/.local/lib/python3.6/site-packages/airflow/example_dags/example_kubernetes_executor_config.py
[2024-08-10 19:59:44,062] {logging_mixin.py:104} INFO - [2024-08-10 19:59:44,062] {dag.py:1824} INFO - Sync 1 DAGs
[2024-08-10 19:59:44,087] {logging_mixin.py:104} INFO - [2024-08-10 19:59:44,087] {dag.py:2280} INFO - Setting next_dagrun for example_kubernetes_executor_config to None
[2024-08-10 19:59:44,103] {scheduler_job.py:190} INFO - Processing /home/airflow/.local/lib/python3.6/site-packages/airflow/example_dags/example_kubernetes_executor_config.py took 0.132 seconds
[2024-08-10 20:00:14,920] {scheduler_job.py:182} INFO - Started process (PID=72) to work on /home/airflow/.local/lib/python3.6/site-packages/airflow/example_dags/example_kubernetes_executor_config.py
[2024-08-10 20:00:14,920] {scheduler_job.py:629} INFO - Processing file /home/airflow/.local/lib/python3.6/site-packages/airflow/example_dags/example_kubernetes_executor_config.py for tasks to queue
[2024-08-10 20:00:14,922] {logging_mixin.py:104} INFO - [2024-08-10 20:00:14,922] {dagbag.py:451} INFO - Filling up the DagBag from /home/airflow/.local/lib/python3.6/site-packages/airflow/example_dags/example_kubernetes_executor_config.py
[2024-08-10 20:00:14,929] {scheduler_job.py:639} INFO - DAG(s) dict_keys(['example_kubernetes_executor_config']) retrieved from /home/airflow/.local/lib/python3.6/site-packages/airflow/example_dags/example_kubernetes_executor_config.py
[2024-08-10 20:00:14,989] {logging_mixin.py:104} INFO - [2024-08-10 20:00:14,989] {dag.py:1824} INFO - Sync 1 DAGs
[2024-08-10 20:00:15,005] {logging_mixin.py:104} INFO - [2024-08-10 20:00:15,005] {dag.py:2280} INFO - Setting next_dagrun for example_kubernetes_executor_config to None
[2024-08-10 20:00:15,016] {scheduler_job.py:190} INFO - Processing /home/airflow/.local/lib/python3.6/site-packages/airflow/example_dags/example_kubernetes_executor_config.py took 0.098 seconds
[2024-08-10 21:00:36,973] {scheduler_job.py:182} INFO - Started process (PID=101) to work on /home/airflow/.local/lib/python3.6/site-packages/airflow/example_dags/example_kubernetes_executor_config.py
[2024-08-10 21:00:36,975] {scheduler_job.py:629} INFO - Processing file /home/airflow/.local/lib/python3.6/site-packages/airflow/example_dags/example_kubernetes_executor_config.py for tasks to queue
[2024-08-10 21:00:36,975] {logging_mixin.py:104} INFO - [2024-08-10 21:00:36,975] {dagbag.py:451} INFO - Filling up the DagBag from /home/airflow/.local/lib/python3.6/site-packages/airflow/example_dags/example_kubernetes_executor_config.py
[2024-08-10 21:00:36,986] {scheduler_job.py:639} INFO - DAG(s) dict_keys(['example_kubernetes_executor_config']) retrieved from /home/airflow/.local/lib/python3.6/site-packages/airflow/example_dags/example_kubernetes_executor_config.py
[2024-08-10 21:00:37,052] {logging_mixin.py:104} INFO - [2024-08-10 21:00:37,051] {dag.py:1824} INFO - Sync 1 DAGs
[2024-08-10 21:00:37,069] {logging_mixin.py:104} INFO - [2024-08-10 21:00:37,069] {dag.py:2280} INFO - Setting next_dagrun for example_kubernetes_executor_config to None
[2024-08-10 21:00:37,088] {scheduler_job.py:190} INFO - Processing /home/airflow/.local/lib/python3.6/site-packages/airflow/example_dags/example_kubernetes_executor_config.py took 0.116 seconds
[2024-08-10 21:01:07,934] {scheduler_job.py:182} INFO - Started process (PID=130) to work on /home/airflow/.local/lib/python3.6/site-packages/airflow/example_dags/example_kubernetes_executor_config.py
[2024-08-10 21:01:07,935] {scheduler_job.py:629} INFO - Processing file /home/airflow/.local/lib/python3.6/site-packages/airflow/example_dags/example_kubernetes_executor_config.py for tasks to queue
[2024-08-10 21:01:07,936] {logging_mixin.py:104} INFO - [2024-08-10 21:01:07,936] {dagbag.py:451} INFO - Filling up the DagBag from /home/airflow/.local/lib/python3.6/site-packages/airflow/example_dags/example_kubernetes_executor_config.py
[2024-08-10 21:01:07,943] {scheduler_job.py:639} INFO - DAG(s) dict_keys(['example_kubernetes_executor_config']) retrieved from /home/airflow/.local/lib/python3.6/site-packages/airflow/example_dags/example_kubernetes_executor_config.py
[2024-08-10 21:01:08,003] {logging_mixin.py:104} INFO - [2024-08-10 21:01:08,003] {dag.py:1824} INFO - Sync 1 DAGs
[2024-08-10 21:01:08,019] {logging_mixin.py:104} INFO - [2024-08-10 21:01:08,019] {dag.py:2280} INFO - Setting next_dagrun for example_kubernetes_executor_config to None
[2024-08-10 21:01:08,030] {scheduler_job.py:190} INFO - Processing /home/airflow/.local/lib/python3.6/site-packages/airflow/example_dags/example_kubernetes_executor_config.py took 0.098 seconds
[2024-08-10 21:16:45,328] {scheduler_job.py:182} INFO - Started process (PID=159) to work on /home/airflow/.local/lib/python3.6/site-packages/airflow/example_dags/example_kubernetes_executor_config.py
[2024-08-10 21:16:45,331] {scheduler_job.py:629} INFO - Processing file /home/airflow/.local/lib/python3.6/site-packages/airflow/example_dags/example_kubernetes_executor_config.py for tasks to queue
[2024-08-10 21:16:45,331] {logging_mixin.py:104} INFO - [2024-08-10 21:16:45,331] {dagbag.py:451} INFO - Filling up the DagBag from /home/airflow/.local/lib/python3.6/site-packages/airflow/example_dags/example_kubernetes_executor_config.py
[2024-08-10 21:16:45,341] {scheduler_job.py:639} INFO - DAG(s) dict_keys(['example_kubernetes_executor_config']) retrieved from /home/airflow/.local/lib/python3.6/site-packages/airflow/example_dags/example_kubernetes_executor_config.py
[2024-08-10 21:16:45,446] {logging_mixin.py:104} INFO - [2024-08-10 21:16:45,446] {dag.py:1824} INFO - Sync 1 DAGs
[2024-08-10 21:16:45,469] {logging_mixin.py:104} INFO - [2024-08-10 21:16:45,469] {dag.py:2280} INFO - Setting next_dagrun for example_kubernetes_executor_config to None
[2024-08-10 21:16:45,487] {scheduler_job.py:190} INFO - Processing /home/airflow/.local/lib/python3.6/site-packages/airflow/example_dags/example_kubernetes_executor_config.py took 0.160 seconds
[2024-08-10 21:21:47,952] {scheduler_job.py:182} INFO - Started process (PID=188) to work on /home/airflow/.local/lib/python3.6/site-packages/airflow/example_dags/example_kubernetes_executor_config.py
[2024-08-10 21:21:47,954] {scheduler_job.py:629} INFO - Processing file /home/airflow/.local/lib/python3.6/site-packages/airflow/example_dags/example_kubernetes_executor_config.py for tasks to queue
[2024-08-10 21:21:47,956] {logging_mixin.py:104} INFO - [2024-08-10 21:21:47,956] {dagbag.py:451} INFO - Filling up the DagBag from /home/airflow/.local/lib/python3.6/site-packages/airflow/example_dags/example_kubernetes_executor_config.py
[2024-08-10 21:21:47,970] {scheduler_job.py:639} INFO - DAG(s) dict_keys(['example_kubernetes_executor_config']) retrieved from /home/airflow/.local/lib/python3.6/site-packages/airflow/example_dags/example_kubernetes_executor_config.py
[2024-08-10 21:21:48,043] {logging_mixin.py:104} INFO - [2024-08-10 21:21:48,043] {dag.py:1824} INFO - Sync 1 DAGs
[2024-08-10 21:21:48,065] {logging_mixin.py:104} INFO - [2024-08-10 21:21:48,065] {dag.py:2280} INFO - Setting next_dagrun for example_kubernetes_executor_config to None
[2024-08-10 21:21:48,079] {scheduler_job.py:190} INFO - Processing /home/airflow/.local/lib/python3.6/site-packages/airflow/example_dags/example_kubernetes_executor_config.py took 0.131 seconds
[2024-08-10 21:22:18,935] {scheduler_job.py:182} INFO - Started process (PID=217) to work on /home/airflow/.local/lib/python3.6/site-packages/airflow/example_dags/example_kubernetes_executor_config.py
[2024-08-10 21:22:18,935] {scheduler_job.py:629} INFO - Processing file /home/airflow/.local/lib/python3.6/site-packages/airflow/example_dags/example_kubernetes_executor_config.py for tasks to queue
[2024-08-10 21:22:18,936] {logging_mixin.py:104} INFO - [2024-08-10 21:22:18,936] {dagbag.py:451} INFO - Filling up the DagBag from /home/airflow/.local/lib/python3.6/site-packages/airflow/example_dags/example_kubernetes_executor_config.py
[2024-08-10 21:22:18,943] {scheduler_job.py:639} INFO - DAG(s) dict_keys(['example_kubernetes_executor_config']) retrieved from /home/airflow/.local/lib/python3.6/site-packages/airflow/example_dags/example_kubernetes_executor_config.py
[2024-08-10 21:22:19,003] {logging_mixin.py:104} INFO - [2024-08-10 21:22:19,003] {dag.py:1824} INFO - Sync 1 DAGs
[2024-08-10 21:22:19,019] {logging_mixin.py:104} INFO - [2024-08-10 21:22:19,019] {dag.py:2280} INFO - Setting next_dagrun for example_kubernetes_executor_config to None
[2024-08-10 21:22:19,031] {scheduler_job.py:190} INFO - Processing /home/airflow/.local/lib/python3.6/site-packages/airflow/example_dags/example_kubernetes_executor_config.py took 0.098 seconds
[2024-08-10 21:45:45,564] {scheduler_job.py:182} INFO - Started process (PID=246) to work on /home/airflow/.local/lib/python3.6/site-packages/airflow/example_dags/example_kubernetes_executor_config.py
[2024-08-10 21:45:45,565] {scheduler_job.py:629} INFO - Processing file /home/airflow/.local/lib/python3.6/site-packages/airflow/example_dags/example_kubernetes_executor_config.py for tasks to queue
[2024-08-10 21:45:45,565] {logging_mixin.py:104} INFO - [2024-08-10 21:45:45,565] {dagbag.py:451} INFO - Filling up the DagBag from /home/airflow/.local/lib/python3.6/site-packages/airflow/example_dags/example_kubernetes_executor_config.py
[2024-08-10 21:45:45,576] {scheduler_job.py:639} INFO - DAG(s) dict_keys(['example_kubernetes_executor_config']) retrieved from /home/airflow/.local/lib/python3.6/site-packages/airflow/example_dags/example_kubernetes_executor_config.py
[2024-08-10 21:45:45,655] {logging_mixin.py:104} INFO - [2024-08-10 21:45:45,655] {dag.py:1824} INFO - Sync 1 DAGs
[2024-08-10 21:45:45,677] {logging_mixin.py:104} INFO - [2024-08-10 21:45:45,677] {dag.py:2280} INFO - Setting next_dagrun for example_kubernetes_executor_config to None
[2024-08-10 21:45:45,692] {scheduler_job.py:190} INFO - Processing /home/airflow/.local/lib/python3.6/site-packages/airflow/example_dags/example_kubernetes_executor_config.py took 0.130 seconds
[2024-08-10 21:46:16,620] {scheduler_job.py:182} INFO - Started process (PID=275) to work on /home/airflow/.local/lib/python3.6/site-packages/airflow/example_dags/example_kubernetes_executor_config.py
[2024-08-10 21:46:16,621] {scheduler_job.py:629} INFO - Processing file /home/airflow/.local/lib/python3.6/site-packages/airflow/example_dags/example_kubernetes_executor_config.py for tasks to queue
[2024-08-10 21:46:16,621] {logging_mixin.py:104} INFO - [2024-08-10 21:46:16,621] {dagbag.py:451} INFO - Filling up the DagBag from /home/airflow/.local/lib/python3.6/site-packages/airflow/example_dags/example_kubernetes_executor_config.py
[2024-08-10 21:46:16,628] {scheduler_job.py:639} INFO - DAG(s) dict_keys(['example_kubernetes_executor_config']) retrieved from /home/airflow/.local/lib/python3.6/site-packages/airflow/example_dags/example_kubernetes_executor_config.py
[2024-08-10 21:46:16,686] {logging_mixin.py:104} INFO - [2024-08-10 21:46:16,686] {dag.py:1824} INFO - Sync 1 DAGs
[2024-08-10 21:46:16,703] {logging_mixin.py:104} INFO - [2024-08-10 21:46:16,703] {dag.py:2280} INFO - Setting next_dagrun for example_kubernetes_executor_config to None
[2024-08-10 21:46:16,715] {scheduler_job.py:190} INFO - Processing /home/airflow/.local/lib/python3.6/site-packages/airflow/example_dags/example_kubernetes_executor_config.py took 0.096 seconds
[2024-08-10 22:01:47,003] {scheduler_job.py:182} INFO - Started process (PID=304) to work on /home/airflow/.local/lib/python3.6/site-packages/airflow/example_dags/example_kubernetes_executor_config.py
[2024-08-10 22:01:47,004] {scheduler_job.py:629} INFO - Processing file /home/airflow/.local/lib/python3.6/site-packages/airflow/example_dags/example_kubernetes_executor_config.py for tasks to queue
[2024-08-10 22:01:47,006] {logging_mixin.py:104} INFO - [2024-08-10 22:01:47,005] {dagbag.py:451} INFO - Filling up the DagBag from /home/airflow/.local/lib/python3.6/site-packages/airflow/example_dags/example_kubernetes_executor_config.py
[2024-08-10 22:01:47,014] {scheduler_job.py:639} INFO - DAG(s) dict_keys(['example_kubernetes_executor_config']) retrieved from /home/airflow/.local/lib/python3.6/site-packages/airflow/example_dags/example_kubernetes_executor_config.py
[2024-08-10 22:01:47,076] {logging_mixin.py:104} INFO - [2024-08-10 22:01:47,076] {dag.py:1824} INFO - Sync 1 DAGs
[2024-08-10 22:01:47,094] {logging_mixin.py:104} INFO - [2024-08-10 22:01:47,094] {dag.py:2280} INFO - Setting next_dagrun for example_kubernetes_executor_config to None
[2024-08-10 22:01:47,106] {scheduler_job.py:190} INFO - Processing /home/airflow/.local/lib/python3.6/site-packages/airflow/example_dags/example_kubernetes_executor_config.py took 0.105 seconds
[2024-08-10 22:08:19,820] {scheduler_job.py:182} INFO - Started process (PID=333) to work on /home/airflow/.local/lib/python3.6/site-packages/airflow/example_dags/example_kubernetes_executor_config.py
[2024-08-10 22:08:19,821] {scheduler_job.py:629} INFO - Processing file /home/airflow/.local/lib/python3.6/site-packages/airflow/example_dags/example_kubernetes_executor_config.py for tasks to queue
[2024-08-10 22:08:19,824] {logging_mixin.py:104} INFO - [2024-08-10 22:08:19,824] {dagbag.py:451} INFO - Filling up the DagBag from /home/airflow/.local/lib/python3.6/site-packages/airflow/example_dags/example_kubernetes_executor_config.py
[2024-08-10 22:08:19,836] {scheduler_job.py:639} INFO - DAG(s) dict_keys(['example_kubernetes_executor_config']) retrieved from /home/airflow/.local/lib/python3.6/site-packages/airflow/example_dags/example_kubernetes_executor_config.py
[2024-08-10 22:08:19,917] {logging_mixin.py:104} INFO - [2024-08-10 22:08:19,917] {dag.py:1824} INFO - Sync 1 DAGs
[2024-08-10 22:08:19,946] {logging_mixin.py:104} INFO - [2024-08-10 22:08:19,946] {dag.py:2280} INFO - Setting next_dagrun for example_kubernetes_executor_config to None
[2024-08-10 22:08:19,962] {scheduler_job.py:190} INFO - Processing /home/airflow/.local/lib/python3.6/site-packages/airflow/example_dags/example_kubernetes_executor_config.py took 0.144 seconds
[2024-08-10 22:08:49,984] {scheduler_job.py:182} INFO - Started process (PID=362) to work on /home/airflow/.local/lib/python3.6/site-packages/airflow/example_dags/example_kubernetes_executor_config.py
[2024-08-10 22:08:49,985] {scheduler_job.py:629} INFO - Processing file /home/airflow/.local/lib/python3.6/site-packages/airflow/example_dags/example_kubernetes_executor_config.py for tasks to queue
[2024-08-10 22:08:49,985] {logging_mixin.py:104} INFO - [2024-08-10 22:08:49,985] {dagbag.py:451} INFO - Filling up the DagBag from /home/airflow/.local/lib/python3.6/site-packages/airflow/example_dags/example_kubernetes_executor_config.py
[2024-08-10 22:08:49,992] {scheduler_job.py:639} INFO - DAG(s) dict_keys(['example_kubernetes_executor_config']) retrieved from /home/airflow/.local/lib/python3.6/site-packages/airflow/example_dags/example_kubernetes_executor_config.py
[2024-08-10 22:08:50,048] {logging_mixin.py:104} INFO - [2024-08-10 22:08:50,048] {dag.py:1824} INFO - Sync 1 DAGs
[2024-08-10 22:08:50,064] {logging_mixin.py:104} INFO - [2024-08-10 22:08:50,064] {dag.py:2280} INFO - Setting next_dagrun for example_kubernetes_executor_config to None
[2024-08-10 22:08:50,074] {scheduler_job.py:190} INFO - Processing /home/airflow/.local/lib/python3.6/site-packages/airflow/example_dags/example_kubernetes_executor_config.py took 0.092 seconds
[2024-08-10 22:13:48,542] {scheduler_job.py:182} INFO - Started process (PID=391) to work on /home/airflow/.local/lib/python3.6/site-packages/airflow/example_dags/example_kubernetes_executor_config.py
[2024-08-10 22:13:48,543] {scheduler_job.py:629} INFO - Processing file /home/airflow/.local/lib/python3.6/site-packages/airflow/example_dags/example_kubernetes_executor_config.py for tasks to queue
[2024-08-10 22:13:48,543] {logging_mixin.py:104} INFO - [2024-08-10 22:13:48,543] {dagbag.py:451} INFO - Filling up the DagBag from /home/airflow/.local/lib/python3.6/site-packages/airflow/example_dags/example_kubernetes_executor_config.py
[2024-08-10 22:13:48,553] {scheduler_job.py:639} INFO - DAG(s) dict_keys(['example_kubernetes_executor_config']) retrieved from /home/airflow/.local/lib/python3.6/site-packages/airflow/example_dags/example_kubernetes_executor_config.py
[2024-08-10 22:13:48,622] {logging_mixin.py:104} INFO - [2024-08-10 22:13:48,622] {dag.py:1824} INFO - Sync 1 DAGs
[2024-08-10 22:13:48,642] {logging_mixin.py:104} INFO - [2024-08-10 22:13:48,641] {dag.py:2280} INFO - Setting next_dagrun for example_kubernetes_executor_config to None
[2024-08-10 22:13:48,663] {scheduler_job.py:190} INFO - Processing /home/airflow/.local/lib/python3.6/site-packages/airflow/example_dags/example_kubernetes_executor_config.py took 0.123 seconds
[2024-08-10 22:17:45,850] {scheduler_job.py:182} INFO - Started process (PID=420) to work on /home/airflow/.local/lib/python3.6/site-packages/airflow/example_dags/example_kubernetes_executor_config.py
[2024-08-10 22:17:45,851] {scheduler_job.py:629} INFO - Processing file /home/airflow/.local/lib/python3.6/site-packages/airflow/example_dags/example_kubernetes_executor_config.py for tasks to queue
[2024-08-10 22:17:45,851] {logging_mixin.py:104} INFO - [2024-08-10 22:17:45,851] {dagbag.py:451} INFO - Filling up the DagBag from /home/airflow/.local/lib/python3.6/site-packages/airflow/example_dags/example_kubernetes_executor_config.py
[2024-08-10 22:17:45,862] {scheduler_job.py:639} INFO - DAG(s) dict_keys(['example_kubernetes_executor_config']) retrieved from /home/airflow/.local/lib/python3.6/site-packages/airflow/example_dags/example_kubernetes_executor_config.py
[2024-08-10 22:17:45,930] {logging_mixin.py:104} INFO - [2024-08-10 22:17:45,930] {dag.py:1824} INFO - Sync 1 DAGs
[2024-08-10 22:17:45,948] {logging_mixin.py:104} INFO - [2024-08-10 22:17:45,948] {dag.py:2280} INFO - Setting next_dagrun for example_kubernetes_executor_config to None
[2024-08-10 22:17:45,959] {scheduler_job.py:190} INFO - Processing /home/airflow/.local/lib/python3.6/site-packages/airflow/example_dags/example_kubernetes_executor_config.py took 0.110 seconds
[2024-08-10 22:18:16,689] {scheduler_job.py:182} INFO - Started process (PID=449) to work on /home/airflow/.local/lib/python3.6/site-packages/airflow/example_dags/example_kubernetes_executor_config.py
[2024-08-10 22:18:16,690] {scheduler_job.py:629} INFO - Processing file /home/airflow/.local/lib/python3.6/site-packages/airflow/example_dags/example_kubernetes_executor_config.py for tasks to queue
[2024-08-10 22:18:16,692] {logging_mixin.py:104} INFO - [2024-08-10 22:18:16,692] {dagbag.py:451} INFO - Filling up the DagBag from /home/airflow/.local/lib/python3.6/site-packages/airflow/example_dags/example_kubernetes_executor_config.py
[2024-08-10 22:18:16,703] {scheduler_job.py:639} INFO - DAG(s) dict_keys(['example_kubernetes_executor_config']) retrieved from /home/airflow/.local/lib/python3.6/site-packages/airflow/example_dags/example_kubernetes_executor_config.py
[2024-08-10 22:18:16,763] {logging_mixin.py:104} INFO - [2024-08-10 22:18:16,763] {dag.py:1824} INFO - Sync 1 DAGs
[2024-08-10 22:18:16,778] {logging_mixin.py:104} INFO - [2024-08-10 22:18:16,778] {dag.py:2280} INFO - Setting next_dagrun for example_kubernetes_executor_config to None
[2024-08-10 22:18:16,790] {scheduler_job.py:190} INFO - Processing /home/airflow/.local/lib/python3.6/site-packages/airflow/example_dags/example_kubernetes_executor_config.py took 0.102 seconds
[2024-08-10 22:18:47,391] {scheduler_job.py:182} INFO - Started process (PID=478) to work on /home/airflow/.local/lib/python3.6/site-packages/airflow/example_dags/example_kubernetes_executor_config.py
[2024-08-10 22:18:47,392] {scheduler_job.py:629} INFO - Processing file /home/airflow/.local/lib/python3.6/site-packages/airflow/example_dags/example_kubernetes_executor_config.py for tasks to queue
[2024-08-10 22:18:47,393] {logging_mixin.py:104} INFO - [2024-08-10 22:18:47,392] {dagbag.py:451} INFO - Filling up the DagBag from /home/airflow/.local/lib/python3.6/site-packages/airflow/example_dags/example_kubernetes_executor_config.py
[2024-08-10 22:18:47,400] {scheduler_job.py:639} INFO - DAG(s) dict_keys(['example_kubernetes_executor_config']) retrieved from /home/airflow/.local/lib/python3.6/site-packages/airflow/example_dags/example_kubernetes_executor_config.py
[2024-08-10 22:18:47,462] {logging_mixin.py:104} INFO - [2024-08-10 22:18:47,461] {dag.py:1824} INFO - Sync 1 DAGs
[2024-08-10 22:18:47,480] {logging_mixin.py:104} INFO - [2024-08-10 22:18:47,480] {dag.py:2280} INFO - Setting next_dagrun for example_kubernetes_executor_config to None
[2024-08-10 22:18:47,493] {scheduler_job.py:190} INFO - Processing /home/airflow/.local/lib/python3.6/site-packages/airflow/example_dags/example_kubernetes_executor_config.py took 0.104 seconds
[2024-08-10 22:19:18,717] {scheduler_job.py:182} INFO - Started process (PID=511) to work on /home/airflow/.local/lib/python3.6/site-packages/airflow/example_dags/example_kubernetes_executor_config.py
[2024-08-10 22:19:18,717] {scheduler_job.py:629} INFO - Processing file /home/airflow/.local/lib/python3.6/site-packages/airflow/example_dags/example_kubernetes_executor_config.py for tasks to queue
[2024-08-10 22:19:18,717] {logging_mixin.py:104} INFO - [2024-08-10 22:19:18,717] {dagbag.py:451} INFO - Filling up the DagBag from /home/airflow/.local/lib/python3.6/site-packages/airflow/example_dags/example_kubernetes_executor_config.py
[2024-08-10 22:19:18,725] {scheduler_job.py:639} INFO - DAG(s) dict_keys(['example_kubernetes_executor_config']) retrieved from /home/airflow/.local/lib/python3.6/site-packages/airflow/example_dags/example_kubernetes_executor_config.py
[2024-08-10 22:19:18,785] {logging_mixin.py:104} INFO - [2024-08-10 22:19:18,785] {dag.py:1824} INFO - Sync 1 DAGs
[2024-08-10 22:19:18,801] {logging_mixin.py:104} INFO - [2024-08-10 22:19:18,801] {dag.py:2280} INFO - Setting next_dagrun for example_kubernetes_executor_config to None
[2024-08-10 22:19:18,812] {scheduler_job.py:190} INFO - Processing /home/airflow/.local/lib/python3.6/site-packages/airflow/example_dags/example_kubernetes_executor_config.py took 0.097 seconds
[2024-08-10 22:27:20,630] {scheduler_job.py:182} INFO - Started process (PID=536) to work on /home/airflow/.local/lib/python3.6/site-packages/airflow/example_dags/example_kubernetes_executor_config.py
[2024-08-10 22:27:20,634] {scheduler_job.py:629} INFO - Processing file /home/airflow/.local/lib/python3.6/site-packages/airflow/example_dags/example_kubernetes_executor_config.py for tasks to queue
[2024-08-10 22:27:20,635] {logging_mixin.py:104} INFO - [2024-08-10 22:27:20,635] {dagbag.py:451} INFO - Filling up the DagBag from /home/airflow/.local/lib/python3.6/site-packages/airflow/example_dags/example_kubernetes_executor_config.py
[2024-08-10 22:27:20,649] {scheduler_job.py:639} INFO - DAG(s) dict_keys(['example_kubernetes_executor_config']) retrieved from /home/airflow/.local/lib/python3.6/site-packages/airflow/example_dags/example_kubernetes_executor_config.py
[2024-08-10 22:27:20,717] {logging_mixin.py:104} INFO - [2024-08-10 22:27:20,717] {dag.py:1824} INFO - Sync 1 DAGs
[2024-08-10 22:27:20,737] {logging_mixin.py:104} INFO - [2024-08-10 22:27:20,737] {dag.py:2280} INFO - Setting next_dagrun for example_kubernetes_executor_config to None
[2024-08-10 22:27:20,748] {scheduler_job.py:190} INFO - Processing /home/airflow/.local/lib/python3.6/site-packages/airflow/example_dags/example_kubernetes_executor_config.py took 0.120 seconds
[2024-08-10 23:00:13,565] {scheduler_job.py:182} INFO - Started process (PID=565) to work on /home/airflow/.local/lib/python3.6/site-packages/airflow/example_dags/example_kubernetes_executor_config.py
[2024-08-10 23:00:13,566] {scheduler_job.py:629} INFO - Processing file /home/airflow/.local/lib/python3.6/site-packages/airflow/example_dags/example_kubernetes_executor_config.py for tasks to queue
[2024-08-10 23:00:13,569] {logging_mixin.py:104} INFO - [2024-08-10 23:00:13,569] {dagbag.py:451} INFO - Filling up the DagBag from /home/airflow/.local/lib/python3.6/site-packages/airflow/example_dags/example_kubernetes_executor_config.py
[2024-08-10 23:00:13,583] {scheduler_job.py:639} INFO - DAG(s) dict_keys(['example_kubernetes_executor_config']) retrieved from /home/airflow/.local/lib/python3.6/site-packages/airflow/example_dags/example_kubernetes_executor_config.py
[2024-08-10 23:00:13,696] {logging_mixin.py:104} INFO - [2024-08-10 23:00:13,696] {dag.py:1824} INFO - Sync 1 DAGs
[2024-08-10 23:00:13,729] {logging_mixin.py:104} INFO - [2024-08-10 23:00:13,728] {dag.py:2280} INFO - Setting next_dagrun for example_kubernetes_executor_config to None
[2024-08-10 23:00:13,762] {scheduler_job.py:190} INFO - Processing /home/airflow/.local/lib/python3.6/site-packages/airflow/example_dags/example_kubernetes_executor_config.py took 0.199 seconds
[2024-08-10 23:02:54,160] {scheduler_job.py:182} INFO - Started process (PID=594) to work on /home/airflow/.local/lib/python3.6/site-packages/airflow/example_dags/example_kubernetes_executor_config.py
[2024-08-10 23:02:54,161] {scheduler_job.py:629} INFO - Processing file /home/airflow/.local/lib/python3.6/site-packages/airflow/example_dags/example_kubernetes_executor_config.py for tasks to queue
[2024-08-10 23:02:54,161] {logging_mixin.py:104} INFO - [2024-08-10 23:02:54,161] {dagbag.py:451} INFO - Filling up the DagBag from /home/airflow/.local/lib/python3.6/site-packages/airflow/example_dags/example_kubernetes_executor_config.py
[2024-08-10 23:02:54,170] {scheduler_job.py:639} INFO - DAG(s) dict_keys(['example_kubernetes_executor_config']) retrieved from /home/airflow/.local/lib/python3.6/site-packages/airflow/example_dags/example_kubernetes_executor_config.py
[2024-08-10 23:02:54,246] {logging_mixin.py:104} INFO - [2024-08-10 23:02:54,246] {dag.py:1824} INFO - Sync 1 DAGs
[2024-08-10 23:02:54,277] {logging_mixin.py:104} INFO - [2024-08-10 23:02:54,277] {dag.py:2280} INFO - Setting next_dagrun for example_kubernetes_executor_config to None
[2024-08-10 23:02:54,293] {scheduler_job.py:190} INFO - Processing /home/airflow/.local/lib/python3.6/site-packages/airflow/example_dags/example_kubernetes_executor_config.py took 0.135 seconds
[2024-08-10 23:14:08,511] {scheduler_job.py:182} INFO - Started process (PID=623) to work on /home/airflow/.local/lib/python3.6/site-packages/airflow/example_dags/example_kubernetes_executor_config.py
[2024-08-10 23:14:08,513] {scheduler_job.py:629} INFO - Processing file /home/airflow/.local/lib/python3.6/site-packages/airflow/example_dags/example_kubernetes_executor_config.py for tasks to queue
[2024-08-10 23:14:08,514] {logging_mixin.py:104} INFO - [2024-08-10 23:14:08,514] {dagbag.py:451} INFO - Filling up the DagBag from /home/airflow/.local/lib/python3.6/site-packages/airflow/example_dags/example_kubernetes_executor_config.py
[2024-08-10 23:14:08,521] {scheduler_job.py:639} INFO - DAG(s) dict_keys(['example_kubernetes_executor_config']) retrieved from /home/airflow/.local/lib/python3.6/site-packages/airflow/example_dags/example_kubernetes_executor_config.py
[2024-08-10 23:14:08,586] {logging_mixin.py:104} INFO - [2024-08-10 23:14:08,586] {dag.py:1824} INFO - Sync 1 DAGs
[2024-08-10 23:14:08,602] {logging_mixin.py:104} INFO - [2024-08-10 23:14:08,602] {dag.py:2280} INFO - Setting next_dagrun for example_kubernetes_executor_config to None
[2024-08-10 23:14:08,615] {scheduler_job.py:190} INFO - Processing /home/airflow/.local/lib/python3.6/site-packages/airflow/example_dags/example_kubernetes_executor_config.py took 0.106 seconds
[2024-08-10 23:14:39,381] {scheduler_job.py:182} INFO - Started process (PID=652) to work on /home/airflow/.local/lib/python3.6/site-packages/airflow/example_dags/example_kubernetes_executor_config.py
[2024-08-10 23:14:39,382] {scheduler_job.py:629} INFO - Processing file /home/airflow/.local/lib/python3.6/site-packages/airflow/example_dags/example_kubernetes_executor_config.py for tasks to queue
[2024-08-10 23:14:39,382] {logging_mixin.py:104} INFO - [2024-08-10 23:14:39,382] {dagbag.py:451} INFO - Filling up the DagBag from /home/airflow/.local/lib/python3.6/site-packages/airflow/example_dags/example_kubernetes_executor_config.py
[2024-08-10 23:14:39,389] {scheduler_job.py:639} INFO - DAG(s) dict_keys(['example_kubernetes_executor_config']) retrieved from /home/airflow/.local/lib/python3.6/site-packages/airflow/example_dags/example_kubernetes_executor_config.py
[2024-08-10 23:14:39,447] {logging_mixin.py:104} INFO - [2024-08-10 23:14:39,447] {dag.py:1824} INFO - Sync 1 DAGs
[2024-08-10 23:14:39,464] {logging_mixin.py:104} INFO - [2024-08-10 23:14:39,464] {dag.py:2280} INFO - Setting next_dagrun for example_kubernetes_executor_config to None
[2024-08-10 23:14:39,475] {scheduler_job.py:190} INFO - Processing /home/airflow/.local/lib/python3.6/site-packages/airflow/example_dags/example_kubernetes_executor_config.py took 0.096 seconds
