[2024-08-10 00:13:05,183] {scheduler_job.py:182} INFO - Started process (PID=60902) to work on /home/airflow/.local/lib/python3.6/site-packages/airflow/example_dags/example_dag_decorator.py
[2024-08-10 00:13:05,184] {scheduler_job.py:629} INFO - Processing file /home/airflow/.local/lib/python3.6/site-packages/airflow/example_dags/example_dag_decorator.py for tasks to queue
[2024-08-10 00:13:05,184] {logging_mixin.py:104} INFO - [2024-08-10 00:13:05,184] {dagbag.py:451} INFO - Filling up the DagBag from /home/airflow/.local/lib/python3.6/site-packages/airflow/example_dags/example_dag_decorator.py
[2024-08-10 00:13:05,197] {scheduler_job.py:639} INFO - DAG(s) dict_keys(['example_dag_decorator']) retrieved from /home/airflow/.local/lib/python3.6/site-packages/airflow/example_dags/example_dag_decorator.py
[2024-08-10 00:13:05,276] {logging_mixin.py:104} INFO - [2024-08-10 00:13:05,276] {dag.py:1824} INFO - Sync 1 DAGs
[2024-08-10 00:13:05,295] {logging_mixin.py:104} INFO - [2024-08-10 00:13:05,295] {dag.py:2280} INFO - Setting next_dagrun for example_dag_decorator to None
[2024-08-10 00:13:05,312] {scheduler_job.py:190} INFO - Processing /home/airflow/.local/lib/python3.6/site-packages/airflow/example_dags/example_dag_decorator.py took 0.131 seconds
[2024-08-10 00:13:35,360] {scheduler_job.py:182} INFO - Started process (PID=60931) to work on /home/airflow/.local/lib/python3.6/site-packages/airflow/example_dags/example_dag_decorator.py
[2024-08-10 00:13:35,360] {scheduler_job.py:629} INFO - Processing file /home/airflow/.local/lib/python3.6/site-packages/airflow/example_dags/example_dag_decorator.py for tasks to queue
[2024-08-10 00:13:35,361] {logging_mixin.py:104} INFO - [2024-08-10 00:13:35,361] {dagbag.py:451} INFO - Filling up the DagBag from /home/airflow/.local/lib/python3.6/site-packages/airflow/example_dags/example_dag_decorator.py
[2024-08-10 00:13:35,369] {scheduler_job.py:639} INFO - DAG(s) dict_keys(['example_dag_decorator']) retrieved from /home/airflow/.local/lib/python3.6/site-packages/airflow/example_dags/example_dag_decorator.py
[2024-08-10 00:13:35,430] {logging_mixin.py:104} INFO - [2024-08-10 00:13:35,430] {dag.py:1824} INFO - Sync 1 DAGs
[2024-08-10 00:13:35,447] {logging_mixin.py:104} INFO - [2024-08-10 00:13:35,447] {dag.py:2280} INFO - Setting next_dagrun for example_dag_decorator to None
[2024-08-10 00:13:35,459] {scheduler_job.py:190} INFO - Processing /home/airflow/.local/lib/python3.6/site-packages/airflow/example_dags/example_dag_decorator.py took 0.101 seconds
[2024-08-10 01:03:34,649] {scheduler_job.py:182} INFO - Started process (PID=60960) to work on /home/airflow/.local/lib/python3.6/site-packages/airflow/example_dags/example_dag_decorator.py
[2024-08-10 01:03:34,650] {scheduler_job.py:629} INFO - Processing file /home/airflow/.local/lib/python3.6/site-packages/airflow/example_dags/example_dag_decorator.py for tasks to queue
[2024-08-10 01:03:34,650] {logging_mixin.py:104} INFO - [2024-08-10 01:03:34,650] {dagbag.py:451} INFO - Filling up the DagBag from /home/airflow/.local/lib/python3.6/site-packages/airflow/example_dags/example_dag_decorator.py
[2024-08-10 01:03:34,662] {scheduler_job.py:639} INFO - DAG(s) dict_keys(['example_dag_decorator']) retrieved from /home/airflow/.local/lib/python3.6/site-packages/airflow/example_dags/example_dag_decorator.py
[2024-08-10 01:03:34,743] {logging_mixin.py:104} INFO - [2024-08-10 01:03:34,743] {dag.py:1824} INFO - Sync 1 DAGs
[2024-08-10 01:03:34,759] {logging_mixin.py:104} INFO - [2024-08-10 01:03:34,759] {dag.py:2280} INFO - Setting next_dagrun for example_dag_decorator to None
[2024-08-10 01:03:34,772] {scheduler_job.py:190} INFO - Processing /home/airflow/.local/lib/python3.6/site-packages/airflow/example_dags/example_dag_decorator.py took 0.125 seconds
[2024-08-10 01:14:31,482] {scheduler_job.py:182} INFO - Started process (PID=60989) to work on /home/airflow/.local/lib/python3.6/site-packages/airflow/example_dags/example_dag_decorator.py
[2024-08-10 01:14:31,483] {scheduler_job.py:629} INFO - Processing file /home/airflow/.local/lib/python3.6/site-packages/airflow/example_dags/example_dag_decorator.py for tasks to queue
[2024-08-10 01:14:31,483] {logging_mixin.py:104} INFO - [2024-08-10 01:14:31,483] {dagbag.py:451} INFO - Filling up the DagBag from /home/airflow/.local/lib/python3.6/site-packages/airflow/example_dags/example_dag_decorator.py
[2024-08-10 01:14:31,495] {scheduler_job.py:639} INFO - DAG(s) dict_keys(['example_dag_decorator']) retrieved from /home/airflow/.local/lib/python3.6/site-packages/airflow/example_dags/example_dag_decorator.py
[2024-08-10 01:14:31,557] {logging_mixin.py:104} INFO - [2024-08-10 01:14:31,557] {dag.py:1824} INFO - Sync 1 DAGs
[2024-08-10 01:14:31,577] {logging_mixin.py:104} INFO - [2024-08-10 01:14:31,577] {dag.py:2280} INFO - Setting next_dagrun for example_dag_decorator to None
[2024-08-10 01:14:31,590] {scheduler_job.py:190} INFO - Processing /home/airflow/.local/lib/python3.6/site-packages/airflow/example_dags/example_dag_decorator.py took 0.110 seconds
[2024-08-10 01:47:59,833] {scheduler_job.py:182} INFO - Started process (PID=61018) to work on /home/airflow/.local/lib/python3.6/site-packages/airflow/example_dags/example_dag_decorator.py
[2024-08-10 01:47:59,835] {scheduler_job.py:629} INFO - Processing file /home/airflow/.local/lib/python3.6/site-packages/airflow/example_dags/example_dag_decorator.py for tasks to queue
[2024-08-10 01:47:59,836] {logging_mixin.py:104} INFO - [2024-08-10 01:47:59,836] {dagbag.py:451} INFO - Filling up the DagBag from /home/airflow/.local/lib/python3.6/site-packages/airflow/example_dags/example_dag_decorator.py
[2024-08-10 01:47:59,852] {scheduler_job.py:639} INFO - DAG(s) dict_keys(['example_dag_decorator']) retrieved from /home/airflow/.local/lib/python3.6/site-packages/airflow/example_dags/example_dag_decorator.py
[2024-08-10 01:47:59,921] {logging_mixin.py:104} INFO - [2024-08-10 01:47:59,921] {dag.py:1824} INFO - Sync 1 DAGs
[2024-08-10 01:47:59,936] {logging_mixin.py:104} INFO - [2024-08-10 01:47:59,936] {dag.py:2280} INFO - Setting next_dagrun for example_dag_decorator to None
[2024-08-10 01:47:59,948] {scheduler_job.py:190} INFO - Processing /home/airflow/.local/lib/python3.6/site-packages/airflow/example_dags/example_dag_decorator.py took 0.117 seconds
[2024-08-10 02:15:28,241] {scheduler_job.py:182} INFO - Started process (PID=61047) to work on /home/airflow/.local/lib/python3.6/site-packages/airflow/example_dags/example_dag_decorator.py
[2024-08-10 02:15:28,241] {scheduler_job.py:629} INFO - Processing file /home/airflow/.local/lib/python3.6/site-packages/airflow/example_dags/example_dag_decorator.py for tasks to queue
[2024-08-10 02:15:28,242] {logging_mixin.py:104} INFO - [2024-08-10 02:15:28,242] {dagbag.py:451} INFO - Filling up the DagBag from /home/airflow/.local/lib/python3.6/site-packages/airflow/example_dags/example_dag_decorator.py
[2024-08-10 02:15:28,251] {scheduler_job.py:639} INFO - DAG(s) dict_keys(['example_dag_decorator']) retrieved from /home/airflow/.local/lib/python3.6/site-packages/airflow/example_dags/example_dag_decorator.py
[2024-08-10 02:15:28,316] {logging_mixin.py:104} INFO - [2024-08-10 02:15:28,316] {dag.py:1824} INFO - Sync 1 DAGs
[2024-08-10 02:15:28,334] {logging_mixin.py:104} INFO - [2024-08-10 02:15:28,334] {dag.py:2280} INFO - Setting next_dagrun for example_dag_decorator to None
[2024-08-10 02:15:28,348] {scheduler_job.py:190} INFO - Processing /home/airflow/.local/lib/python3.6/site-packages/airflow/example_dags/example_dag_decorator.py took 0.109 seconds
[2024-08-10 02:21:41,904] {scheduler_job.py:182} INFO - Started process (PID=61076) to work on /home/airflow/.local/lib/python3.6/site-packages/airflow/example_dags/example_dag_decorator.py
[2024-08-10 02:21:41,905] {scheduler_job.py:629} INFO - Processing file /home/airflow/.local/lib/python3.6/site-packages/airflow/example_dags/example_dag_decorator.py for tasks to queue
[2024-08-10 02:21:41,905] {logging_mixin.py:104} INFO - [2024-08-10 02:21:41,905] {dagbag.py:451} INFO - Filling up the DagBag from /home/airflow/.local/lib/python3.6/site-packages/airflow/example_dags/example_dag_decorator.py
[2024-08-10 02:21:41,915] {scheduler_job.py:639} INFO - DAG(s) dict_keys(['example_dag_decorator']) retrieved from /home/airflow/.local/lib/python3.6/site-packages/airflow/example_dags/example_dag_decorator.py
[2024-08-10 02:21:41,979] {logging_mixin.py:104} INFO - [2024-08-10 02:21:41,979] {dag.py:1824} INFO - Sync 1 DAGs
[2024-08-10 02:21:41,997] {logging_mixin.py:104} INFO - [2024-08-10 02:21:41,997] {dag.py:2280} INFO - Setting next_dagrun for example_dag_decorator to None
[2024-08-10 02:21:42,010] {scheduler_job.py:190} INFO - Processing /home/airflow/.local/lib/python3.6/site-packages/airflow/example_dags/example_dag_decorator.py took 0.107 seconds
[2024-08-10 02:22:12,615] {scheduler_job.py:182} INFO - Started process (PID=61105) to work on /home/airflow/.local/lib/python3.6/site-packages/airflow/example_dags/example_dag_decorator.py
[2024-08-10 02:22:12,617] {scheduler_job.py:629} INFO - Processing file /home/airflow/.local/lib/python3.6/site-packages/airflow/example_dags/example_dag_decorator.py for tasks to queue
[2024-08-10 02:22:12,617] {logging_mixin.py:104} INFO - [2024-08-10 02:22:12,617] {dagbag.py:451} INFO - Filling up the DagBag from /home/airflow/.local/lib/python3.6/site-packages/airflow/example_dags/example_dag_decorator.py
[2024-08-10 02:22:12,627] {scheduler_job.py:639} INFO - DAG(s) dict_keys(['example_dag_decorator']) retrieved from /home/airflow/.local/lib/python3.6/site-packages/airflow/example_dags/example_dag_decorator.py
[2024-08-10 02:22:12,685] {logging_mixin.py:104} INFO - [2024-08-10 02:22:12,685] {dag.py:1824} INFO - Sync 1 DAGs
[2024-08-10 02:22:12,701] {logging_mixin.py:104} INFO - [2024-08-10 02:22:12,701] {dag.py:2280} INFO - Setting next_dagrun for example_dag_decorator to None
[2024-08-10 02:22:12,712] {scheduler_job.py:190} INFO - Processing /home/airflow/.local/lib/python3.6/site-packages/airflow/example_dags/example_dag_decorator.py took 0.099 seconds
[2024-08-10 03:16:07,049] {scheduler_job.py:182} INFO - Started process (PID=61134) to work on /home/airflow/.local/lib/python3.6/site-packages/airflow/example_dags/example_dag_decorator.py
[2024-08-10 03:16:07,050] {scheduler_job.py:629} INFO - Processing file /home/airflow/.local/lib/python3.6/site-packages/airflow/example_dags/example_dag_decorator.py for tasks to queue
[2024-08-10 03:16:07,050] {logging_mixin.py:104} INFO - [2024-08-10 03:16:07,050] {dagbag.py:451} INFO - Filling up the DagBag from /home/airflow/.local/lib/python3.6/site-packages/airflow/example_dags/example_dag_decorator.py
[2024-08-10 03:16:07,059] {scheduler_job.py:639} INFO - DAG(s) dict_keys(['example_dag_decorator']) retrieved from /home/airflow/.local/lib/python3.6/site-packages/airflow/example_dags/example_dag_decorator.py
[2024-08-10 03:16:07,121] {logging_mixin.py:104} INFO - [2024-08-10 03:16:07,120] {dag.py:1824} INFO - Sync 1 DAGs
[2024-08-10 03:16:07,137] {logging_mixin.py:104} INFO - [2024-08-10 03:16:07,137] {dag.py:2280} INFO - Setting next_dagrun for example_dag_decorator to None
[2024-08-10 03:16:07,150] {scheduler_job.py:190} INFO - Processing /home/airflow/.local/lib/python3.6/site-packages/airflow/example_dags/example_dag_decorator.py took 0.103 seconds
[2024-08-10 03:16:37,272] {scheduler_job.py:182} INFO - Started process (PID=61163) to work on /home/airflow/.local/lib/python3.6/site-packages/airflow/example_dags/example_dag_decorator.py
[2024-08-10 03:16:37,273] {scheduler_job.py:629} INFO - Processing file /home/airflow/.local/lib/python3.6/site-packages/airflow/example_dags/example_dag_decorator.py for tasks to queue
[2024-08-10 03:16:37,276] {logging_mixin.py:104} INFO - [2024-08-10 03:16:37,276] {dagbag.py:451} INFO - Filling up the DagBag from /home/airflow/.local/lib/python3.6/site-packages/airflow/example_dags/example_dag_decorator.py
[2024-08-10 03:16:37,284] {scheduler_job.py:639} INFO - DAG(s) dict_keys(['example_dag_decorator']) retrieved from /home/airflow/.local/lib/python3.6/site-packages/airflow/example_dags/example_dag_decorator.py
[2024-08-10 03:16:37,343] {logging_mixin.py:104} INFO - [2024-08-10 03:16:37,343] {dag.py:1824} INFO - Sync 1 DAGs
[2024-08-10 03:16:37,358] {logging_mixin.py:104} INFO - [2024-08-10 03:16:37,358] {dag.py:2280} INFO - Setting next_dagrun for example_dag_decorator to None
[2024-08-10 03:16:37,372] {scheduler_job.py:190} INFO - Processing /home/airflow/.local/lib/python3.6/site-packages/airflow/example_dags/example_dag_decorator.py took 0.101 seconds
[2024-08-10 04:06:31,638] {scheduler_job.py:182} INFO - Started process (PID=61192) to work on /home/airflow/.local/lib/python3.6/site-packages/airflow/example_dags/example_dag_decorator.py
[2024-08-10 04:06:31,638] {scheduler_job.py:629} INFO - Processing file /home/airflow/.local/lib/python3.6/site-packages/airflow/example_dags/example_dag_decorator.py for tasks to queue
[2024-08-10 04:06:31,639] {logging_mixin.py:104} INFO - [2024-08-10 04:06:31,639] {dagbag.py:451} INFO - Filling up the DagBag from /home/airflow/.local/lib/python3.6/site-packages/airflow/example_dags/example_dag_decorator.py
[2024-08-10 04:06:31,648] {scheduler_job.py:639} INFO - DAG(s) dict_keys(['example_dag_decorator']) retrieved from /home/airflow/.local/lib/python3.6/site-packages/airflow/example_dags/example_dag_decorator.py
[2024-08-10 04:06:31,709] {logging_mixin.py:104} INFO - [2024-08-10 04:06:31,709] {dag.py:1824} INFO - Sync 1 DAGs
[2024-08-10 04:06:31,726] {logging_mixin.py:104} INFO - [2024-08-10 04:06:31,726] {dag.py:2280} INFO - Setting next_dagrun for example_dag_decorator to None
[2024-08-10 04:06:31,739] {scheduler_job.py:190} INFO - Processing /home/airflow/.local/lib/python3.6/site-packages/airflow/example_dags/example_dag_decorator.py took 0.103 seconds
[2024-08-10 04:17:33,493] {scheduler_job.py:182} INFO - Started process (PID=61221) to work on /home/airflow/.local/lib/python3.6/site-packages/airflow/example_dags/example_dag_decorator.py
[2024-08-10 04:17:33,494] {scheduler_job.py:629} INFO - Processing file /home/airflow/.local/lib/python3.6/site-packages/airflow/example_dags/example_dag_decorator.py for tasks to queue
[2024-08-10 04:17:33,494] {logging_mixin.py:104} INFO - [2024-08-10 04:17:33,494] {dagbag.py:451} INFO - Filling up the DagBag from /home/airflow/.local/lib/python3.6/site-packages/airflow/example_dags/example_dag_decorator.py
[2024-08-10 04:17:33,503] {scheduler_job.py:639} INFO - DAG(s) dict_keys(['example_dag_decorator']) retrieved from /home/airflow/.local/lib/python3.6/site-packages/airflow/example_dags/example_dag_decorator.py
[2024-08-10 04:17:33,567] {logging_mixin.py:104} INFO - [2024-08-10 04:17:33,567] {dag.py:1824} INFO - Sync 1 DAGs
[2024-08-10 04:17:33,586] {logging_mixin.py:104} INFO - [2024-08-10 04:17:33,586] {dag.py:2280} INFO - Setting next_dagrun for example_dag_decorator to None
[2024-08-10 04:17:33,601] {scheduler_job.py:190} INFO - Processing /home/airflow/.local/lib/python3.6/site-packages/airflow/example_dags/example_dag_decorator.py took 0.109 seconds
[2024-08-10 05:08:48,781] {scheduler_job.py:182} INFO - Started process (PID=61250) to work on /home/airflow/.local/lib/python3.6/site-packages/airflow/example_dags/example_dag_decorator.py
[2024-08-10 05:08:48,781] {scheduler_job.py:629} INFO - Processing file /home/airflow/.local/lib/python3.6/site-packages/airflow/example_dags/example_dag_decorator.py for tasks to queue
[2024-08-10 05:08:48,782] {logging_mixin.py:104} INFO - [2024-08-10 05:08:48,782] {dagbag.py:451} INFO - Filling up the DagBag from /home/airflow/.local/lib/python3.6/site-packages/airflow/example_dags/example_dag_decorator.py
[2024-08-10 05:08:48,791] {scheduler_job.py:639} INFO - DAG(s) dict_keys(['example_dag_decorator']) retrieved from /home/airflow/.local/lib/python3.6/site-packages/airflow/example_dags/example_dag_decorator.py
[2024-08-10 05:08:48,859] {logging_mixin.py:104} INFO - [2024-08-10 05:08:48,859] {dag.py:1824} INFO - Sync 1 DAGs
[2024-08-10 05:08:48,877] {logging_mixin.py:104} INFO - [2024-08-10 05:08:48,877] {dag.py:2280} INFO - Setting next_dagrun for example_dag_decorator to None
[2024-08-10 05:08:48,894] {scheduler_job.py:190} INFO - Processing /home/airflow/.local/lib/python3.6/site-packages/airflow/example_dags/example_dag_decorator.py took 0.116 seconds
[2024-08-10 05:18:30,478] {scheduler_job.py:182} INFO - Started process (PID=61279) to work on /home/airflow/.local/lib/python3.6/site-packages/airflow/example_dags/example_dag_decorator.py
[2024-08-10 05:18:30,479] {scheduler_job.py:629} INFO - Processing file /home/airflow/.local/lib/python3.6/site-packages/airflow/example_dags/example_dag_decorator.py for tasks to queue
[2024-08-10 05:18:30,479] {logging_mixin.py:104} INFO - [2024-08-10 05:18:30,479] {dagbag.py:451} INFO - Filling up the DagBag from /home/airflow/.local/lib/python3.6/site-packages/airflow/example_dags/example_dag_decorator.py
[2024-08-10 05:18:30,491] {scheduler_job.py:639} INFO - DAG(s) dict_keys(['example_dag_decorator']) retrieved from /home/airflow/.local/lib/python3.6/site-packages/airflow/example_dags/example_dag_decorator.py
[2024-08-10 05:18:30,559] {logging_mixin.py:104} INFO - [2024-08-10 05:18:30,559] {dag.py:1824} INFO - Sync 1 DAGs
[2024-08-10 05:18:30,577] {logging_mixin.py:104} INFO - [2024-08-10 05:18:30,577] {dag.py:2280} INFO - Setting next_dagrun for example_dag_decorator to None
[2024-08-10 05:18:30,593] {scheduler_job.py:190} INFO - Processing /home/airflow/.local/lib/python3.6/site-packages/airflow/example_dags/example_dag_decorator.py took 0.117 seconds
[2024-08-10 05:52:12,303] {scheduler_job.py:182} INFO - Started process (PID=61308) to work on /home/airflow/.local/lib/python3.6/site-packages/airflow/example_dags/example_dag_decorator.py
[2024-08-10 05:52:12,306] {scheduler_job.py:629} INFO - Processing file /home/airflow/.local/lib/python3.6/site-packages/airflow/example_dags/example_dag_decorator.py for tasks to queue
[2024-08-10 05:52:12,306] {logging_mixin.py:104} INFO - [2024-08-10 05:52:12,306] {dagbag.py:451} INFO - Filling up the DagBag from /home/airflow/.local/lib/python3.6/site-packages/airflow/example_dags/example_dag_decorator.py
[2024-08-10 05:52:12,317] {scheduler_job.py:639} INFO - DAG(s) dict_keys(['example_dag_decorator']) retrieved from /home/airflow/.local/lib/python3.6/site-packages/airflow/example_dags/example_dag_decorator.py
[2024-08-10 05:52:12,376] {logging_mixin.py:104} INFO - [2024-08-10 05:52:12,376] {dag.py:1824} INFO - Sync 1 DAGs
[2024-08-10 05:52:12,394] {logging_mixin.py:104} INFO - [2024-08-10 05:52:12,394] {dag.py:2280} INFO - Setting next_dagrun for example_dag_decorator to None
[2024-08-10 05:52:12,407] {scheduler_job.py:190} INFO - Processing /home/airflow/.local/lib/python3.6/site-packages/airflow/example_dags/example_dag_decorator.py took 0.105 seconds
[2024-08-10 06:01:21,859] {scheduler_job.py:182} INFO - Started process (PID=61337) to work on /home/airflow/.local/lib/python3.6/site-packages/airflow/example_dags/example_dag_decorator.py
[2024-08-10 06:01:21,861] {scheduler_job.py:629} INFO - Processing file /home/airflow/.local/lib/python3.6/site-packages/airflow/example_dags/example_dag_decorator.py for tasks to queue
[2024-08-10 06:01:21,862] {logging_mixin.py:104} INFO - [2024-08-10 06:01:21,862] {dagbag.py:451} INFO - Filling up the DagBag from /home/airflow/.local/lib/python3.6/site-packages/airflow/example_dags/example_dag_decorator.py
[2024-08-10 06:01:21,872] {scheduler_job.py:639} INFO - DAG(s) dict_keys(['example_dag_decorator']) retrieved from /home/airflow/.local/lib/python3.6/site-packages/airflow/example_dags/example_dag_decorator.py
[2024-08-10 06:01:21,952] {logging_mixin.py:104} INFO - [2024-08-10 06:01:21,952] {dag.py:1824} INFO - Sync 1 DAGs
[2024-08-10 06:01:21,972] {logging_mixin.py:104} INFO - [2024-08-10 06:01:21,972] {dag.py:2280} INFO - Setting next_dagrun for example_dag_decorator to None
[2024-08-10 06:01:21,986] {scheduler_job.py:190} INFO - Processing /home/airflow/.local/lib/python3.6/site-packages/airflow/example_dags/example_dag_decorator.py took 0.130 seconds
[2024-08-10 06:09:13,633] {scheduler_job.py:182} INFO - Started process (PID=61366) to work on /home/airflow/.local/lib/python3.6/site-packages/airflow/example_dags/example_dag_decorator.py
[2024-08-10 06:09:13,634] {scheduler_job.py:629} INFO - Processing file /home/airflow/.local/lib/python3.6/site-packages/airflow/example_dags/example_dag_decorator.py for tasks to queue
[2024-08-10 06:09:13,637] {logging_mixin.py:104} INFO - [2024-08-10 06:09:13,637] {dagbag.py:451} INFO - Filling up the DagBag from /home/airflow/.local/lib/python3.6/site-packages/airflow/example_dags/example_dag_decorator.py
[2024-08-10 06:09:13,646] {scheduler_job.py:639} INFO - DAG(s) dict_keys(['example_dag_decorator']) retrieved from /home/airflow/.local/lib/python3.6/site-packages/airflow/example_dags/example_dag_decorator.py
[2024-08-10 06:09:13,707] {logging_mixin.py:104} INFO - [2024-08-10 06:09:13,707] {dag.py:1824} INFO - Sync 1 DAGs
[2024-08-10 06:09:13,724] {logging_mixin.py:104} INFO - [2024-08-10 06:09:13,724] {dag.py:2280} INFO - Setting next_dagrun for example_dag_decorator to None
[2024-08-10 06:09:13,737] {scheduler_job.py:190} INFO - Processing /home/airflow/.local/lib/python3.6/site-packages/airflow/example_dags/example_dag_decorator.py took 0.106 seconds
[2024-08-10 06:09:44,471] {scheduler_job.py:182} INFO - Started process (PID=61394) to work on /home/airflow/.local/lib/python3.6/site-packages/airflow/example_dags/example_dag_decorator.py
[2024-08-10 06:09:44,472] {scheduler_job.py:629} INFO - Processing file /home/airflow/.local/lib/python3.6/site-packages/airflow/example_dags/example_dag_decorator.py for tasks to queue
[2024-08-10 06:09:44,472] {logging_mixin.py:104} INFO - [2024-08-10 06:09:44,472] {dagbag.py:451} INFO - Filling up the DagBag from /home/airflow/.local/lib/python3.6/site-packages/airflow/example_dags/example_dag_decorator.py
[2024-08-10 06:09:44,480] {scheduler_job.py:639} INFO - DAG(s) dict_keys(['example_dag_decorator']) retrieved from /home/airflow/.local/lib/python3.6/site-packages/airflow/example_dags/example_dag_decorator.py
[2024-08-10 06:09:44,540] {logging_mixin.py:104} INFO - [2024-08-10 06:09:44,540] {dag.py:1824} INFO - Sync 1 DAGs
[2024-08-10 06:09:44,557] {logging_mixin.py:104} INFO - [2024-08-10 06:09:44,557] {dag.py:2280} INFO - Setting next_dagrun for example_dag_decorator to None
[2024-08-10 06:09:44,570] {scheduler_job.py:190} INFO - Processing /home/airflow/.local/lib/python3.6/site-packages/airflow/example_dags/example_dag_decorator.py took 0.101 seconds
[2024-08-10 06:19:27,673] {scheduler_job.py:182} INFO - Started process (PID=61424) to work on /home/airflow/.local/lib/python3.6/site-packages/airflow/example_dags/example_dag_decorator.py
[2024-08-10 06:19:27,674] {scheduler_job.py:629} INFO - Processing file /home/airflow/.local/lib/python3.6/site-packages/airflow/example_dags/example_dag_decorator.py for tasks to queue
[2024-08-10 06:19:27,674] {logging_mixin.py:104} INFO - [2024-08-10 06:19:27,674] {dagbag.py:451} INFO - Filling up the DagBag from /home/airflow/.local/lib/python3.6/site-packages/airflow/example_dags/example_dag_decorator.py
[2024-08-10 06:19:27,683] {scheduler_job.py:639} INFO - DAG(s) dict_keys(['example_dag_decorator']) retrieved from /home/airflow/.local/lib/python3.6/site-packages/airflow/example_dags/example_dag_decorator.py
[2024-08-10 06:19:27,749] {logging_mixin.py:104} INFO - [2024-08-10 06:19:27,749] {dag.py:1824} INFO - Sync 1 DAGs
[2024-08-10 06:19:27,765] {logging_mixin.py:104} INFO - [2024-08-10 06:19:27,765] {dag.py:2280} INFO - Setting next_dagrun for example_dag_decorator to None
[2024-08-10 06:19:27,779] {scheduler_job.py:190} INFO - Processing /home/airflow/.local/lib/python3.6/site-packages/airflow/example_dags/example_dag_decorator.py took 0.108 seconds
[2024-08-10 06:53:16,479] {scheduler_job.py:182} INFO - Started process (PID=61453) to work on /home/airflow/.local/lib/python3.6/site-packages/airflow/example_dags/example_dag_decorator.py
[2024-08-10 06:53:16,480] {scheduler_job.py:629} INFO - Processing file /home/airflow/.local/lib/python3.6/site-packages/airflow/example_dags/example_dag_decorator.py for tasks to queue
[2024-08-10 06:53:16,480] {logging_mixin.py:104} INFO - [2024-08-10 06:53:16,480] {dagbag.py:451} INFO - Filling up the DagBag from /home/airflow/.local/lib/python3.6/site-packages/airflow/example_dags/example_dag_decorator.py
[2024-08-10 06:53:16,489] {scheduler_job.py:639} INFO - DAG(s) dict_keys(['example_dag_decorator']) retrieved from /home/airflow/.local/lib/python3.6/site-packages/airflow/example_dags/example_dag_decorator.py
[2024-08-10 06:53:16,551] {logging_mixin.py:104} INFO - [2024-08-10 06:53:16,551] {dag.py:1824} INFO - Sync 1 DAGs
[2024-08-10 06:53:16,566] {logging_mixin.py:104} INFO - [2024-08-10 06:53:16,566] {dag.py:2280} INFO - Setting next_dagrun for example_dag_decorator to None
[2024-08-10 06:53:16,578] {scheduler_job.py:190} INFO - Processing /home/airflow/.local/lib/python3.6/site-packages/airflow/example_dags/example_dag_decorator.py took 0.101 seconds
[2024-08-10 07:20:25,031] {scheduler_job.py:182} INFO - Started process (PID=61482) to work on /home/airflow/.local/lib/python3.6/site-packages/airflow/example_dags/example_dag_decorator.py
[2024-08-10 07:20:25,033] {scheduler_job.py:629} INFO - Processing file /home/airflow/.local/lib/python3.6/site-packages/airflow/example_dags/example_dag_decorator.py for tasks to queue
[2024-08-10 07:20:25,034] {logging_mixin.py:104} INFO - [2024-08-10 07:20:25,033] {dagbag.py:451} INFO - Filling up the DagBag from /home/airflow/.local/lib/python3.6/site-packages/airflow/example_dags/example_dag_decorator.py
[2024-08-10 07:20:25,043] {scheduler_job.py:639} INFO - DAG(s) dict_keys(['example_dag_decorator']) retrieved from /home/airflow/.local/lib/python3.6/site-packages/airflow/example_dags/example_dag_decorator.py
[2024-08-10 07:20:25,105] {logging_mixin.py:104} INFO - [2024-08-10 07:20:25,105] {dag.py:1824} INFO - Sync 1 DAGs
[2024-08-10 07:20:25,121] {logging_mixin.py:104} INFO - [2024-08-10 07:20:25,120] {dag.py:2280} INFO - Setting next_dagrun for example_dag_decorator to None
[2024-08-10 07:20:25,134] {scheduler_job.py:190} INFO - Processing /home/airflow/.local/lib/python3.6/site-packages/airflow/example_dags/example_dag_decorator.py took 0.106 seconds
[2024-08-10 07:36:33,227] {scheduler_job.py:182} INFO - Started process (PID=61511) to work on /home/airflow/.local/lib/python3.6/site-packages/airflow/example_dags/example_dag_decorator.py
[2024-08-10 07:36:33,228] {scheduler_job.py:629} INFO - Processing file /home/airflow/.local/lib/python3.6/site-packages/airflow/example_dags/example_dag_decorator.py for tasks to queue
[2024-08-10 07:36:33,229] {logging_mixin.py:104} INFO - [2024-08-10 07:36:33,229] {dagbag.py:451} INFO - Filling up the DagBag from /home/airflow/.local/lib/python3.6/site-packages/airflow/example_dags/example_dag_decorator.py
[2024-08-10 07:36:33,238] {scheduler_job.py:639} INFO - DAG(s) dict_keys(['example_dag_decorator']) retrieved from /home/airflow/.local/lib/python3.6/site-packages/airflow/example_dags/example_dag_decorator.py
[2024-08-10 07:36:33,302] {logging_mixin.py:104} INFO - [2024-08-10 07:36:33,302] {dag.py:1824} INFO - Sync 1 DAGs
[2024-08-10 07:36:33,318] {logging_mixin.py:104} INFO - [2024-08-10 07:36:33,318] {dag.py:2280} INFO - Setting next_dagrun for example_dag_decorator to None
[2024-08-10 07:36:33,331] {scheduler_job.py:190} INFO - Processing /home/airflow/.local/lib/python3.6/site-packages/airflow/example_dags/example_dag_decorator.py took 0.105 seconds
[2024-08-10 07:40:24,370] {scheduler_job.py:182} INFO - Started process (PID=61540) to work on /home/airflow/.local/lib/python3.6/site-packages/airflow/example_dags/example_dag_decorator.py
[2024-08-10 07:40:24,371] {scheduler_job.py:629} INFO - Processing file /home/airflow/.local/lib/python3.6/site-packages/airflow/example_dags/example_dag_decorator.py for tasks to queue
[2024-08-10 07:40:24,372] {logging_mixin.py:104} INFO - [2024-08-10 07:40:24,371] {dagbag.py:451} INFO - Filling up the DagBag from /home/airflow/.local/lib/python3.6/site-packages/airflow/example_dags/example_dag_decorator.py
[2024-08-10 07:40:24,382] {scheduler_job.py:639} INFO - DAG(s) dict_keys(['example_dag_decorator']) retrieved from /home/airflow/.local/lib/python3.6/site-packages/airflow/example_dags/example_dag_decorator.py
[2024-08-10 07:40:24,445] {logging_mixin.py:104} INFO - [2024-08-10 07:40:24,445] {dag.py:1824} INFO - Sync 1 DAGs
[2024-08-10 07:40:24,462] {logging_mixin.py:104} INFO - [2024-08-10 07:40:24,462] {dag.py:2280} INFO - Setting next_dagrun for example_dag_decorator to None
[2024-08-10 07:40:24,479] {scheduler_job.py:190} INFO - Processing /home/airflow/.local/lib/python3.6/site-packages/airflow/example_dags/example_dag_decorator.py took 0.112 seconds
[2024-08-10 08:13:25,037] {scheduler_job.py:182} INFO - Started process (PID=61569) to work on /home/airflow/.local/lib/python3.6/site-packages/airflow/example_dags/example_dag_decorator.py
[2024-08-10 08:13:25,039] {scheduler_job.py:629} INFO - Processing file /home/airflow/.local/lib/python3.6/site-packages/airflow/example_dags/example_dag_decorator.py for tasks to queue
[2024-08-10 08:13:25,039] {logging_mixin.py:104} INFO - [2024-08-10 08:13:25,039] {dagbag.py:451} INFO - Filling up the DagBag from /home/airflow/.local/lib/python3.6/site-packages/airflow/example_dags/example_dag_decorator.py
[2024-08-10 08:13:25,050] {scheduler_job.py:639} INFO - DAG(s) dict_keys(['example_dag_decorator']) retrieved from /home/airflow/.local/lib/python3.6/site-packages/airflow/example_dags/example_dag_decorator.py
[2024-08-10 08:13:25,123] {logging_mixin.py:104} INFO - [2024-08-10 08:13:25,123] {dag.py:1824} INFO - Sync 1 DAGs
[2024-08-10 08:13:25,142] {logging_mixin.py:104} INFO - [2024-08-10 08:13:25,142] {dag.py:2280} INFO - Setting next_dagrun for example_dag_decorator to None
[2024-08-10 08:13:25,158] {scheduler_job.py:190} INFO - Processing /home/airflow/.local/lib/python3.6/site-packages/airflow/example_dags/example_dag_decorator.py took 0.124 seconds
[2024-08-10 08:16:05,106] {scheduler_job.py:182} INFO - Started process (PID=61598) to work on /home/airflow/.local/lib/python3.6/site-packages/airflow/example_dags/example_dag_decorator.py
[2024-08-10 08:16:05,107] {scheduler_job.py:629} INFO - Processing file /home/airflow/.local/lib/python3.6/site-packages/airflow/example_dags/example_dag_decorator.py for tasks to queue
[2024-08-10 08:16:05,108] {logging_mixin.py:104} INFO - [2024-08-10 08:16:05,108] {dagbag.py:451} INFO - Filling up the DagBag from /home/airflow/.local/lib/python3.6/site-packages/airflow/example_dags/example_dag_decorator.py
[2024-08-10 08:16:05,125] {scheduler_job.py:639} INFO - DAG(s) dict_keys(['example_dag_decorator']) retrieved from /home/airflow/.local/lib/python3.6/site-packages/airflow/example_dags/example_dag_decorator.py
[2024-08-10 08:16:05,191] {logging_mixin.py:104} INFO - [2024-08-10 08:16:05,191] {dag.py:1824} INFO - Sync 1 DAGs
[2024-08-10 08:16:05,208] {logging_mixin.py:104} INFO - [2024-08-10 08:16:05,208] {dag.py:2280} INFO - Setting next_dagrun for example_dag_decorator to None
[2024-08-10 08:16:05,227] {scheduler_job.py:190} INFO - Processing /home/airflow/.local/lib/python3.6/site-packages/airflow/example_dags/example_dag_decorator.py took 0.125 seconds
[2024-08-10 08:16:35,909] {scheduler_job.py:182} INFO - Started process (PID=61626) to work on /home/airflow/.local/lib/python3.6/site-packages/airflow/example_dags/example_dag_decorator.py
[2024-08-10 08:16:35,910] {scheduler_job.py:629} INFO - Processing file /home/airflow/.local/lib/python3.6/site-packages/airflow/example_dags/example_dag_decorator.py for tasks to queue
[2024-08-10 08:16:35,910] {logging_mixin.py:104} INFO - [2024-08-10 08:16:35,910] {dagbag.py:451} INFO - Filling up the DagBag from /home/airflow/.local/lib/python3.6/site-packages/airflow/example_dags/example_dag_decorator.py
[2024-08-10 08:16:35,918] {scheduler_job.py:639} INFO - DAG(s) dict_keys(['example_dag_decorator']) retrieved from /home/airflow/.local/lib/python3.6/site-packages/airflow/example_dags/example_dag_decorator.py
[2024-08-10 08:16:35,987] {logging_mixin.py:104} INFO - [2024-08-10 08:16:35,987] {dag.py:1824} INFO - Sync 1 DAGs
[2024-08-10 08:16:36,003] {logging_mixin.py:104} INFO - [2024-08-10 08:16:36,003] {dag.py:2280} INFO - Setting next_dagrun for example_dag_decorator to None
[2024-08-10 08:16:36,014] {scheduler_job.py:190} INFO - Processing /home/airflow/.local/lib/python3.6/site-packages/airflow/example_dags/example_dag_decorator.py took 0.107 seconds
[2024-08-10 08:17:06,725] {scheduler_job.py:182} INFO - Started process (PID=61655) to work on /home/airflow/.local/lib/python3.6/site-packages/airflow/example_dags/example_dag_decorator.py
[2024-08-10 08:17:06,726] {scheduler_job.py:629} INFO - Processing file /home/airflow/.local/lib/python3.6/site-packages/airflow/example_dags/example_dag_decorator.py for tasks to queue
[2024-08-10 08:17:06,726] {logging_mixin.py:104} INFO - [2024-08-10 08:17:06,726] {dagbag.py:451} INFO - Filling up the DagBag from /home/airflow/.local/lib/python3.6/site-packages/airflow/example_dags/example_dag_decorator.py
[2024-08-10 08:17:06,735] {scheduler_job.py:639} INFO - DAG(s) dict_keys(['example_dag_decorator']) retrieved from /home/airflow/.local/lib/python3.6/site-packages/airflow/example_dags/example_dag_decorator.py
[2024-08-10 08:17:06,798] {logging_mixin.py:104} INFO - [2024-08-10 08:17:06,797] {dag.py:1824} INFO - Sync 1 DAGs
[2024-08-10 08:17:06,815] {logging_mixin.py:104} INFO - [2024-08-10 08:17:06,815] {dag.py:2280} INFO - Setting next_dagrun for example_dag_decorator to None
[2024-08-10 08:17:06,828] {scheduler_job.py:190} INFO - Processing /home/airflow/.local/lib/python3.6/site-packages/airflow/example_dags/example_dag_decorator.py took 0.104 seconds
[2024-08-10 08:17:37,547] {scheduler_job.py:182} INFO - Started process (PID=61684) to work on /home/airflow/.local/lib/python3.6/site-packages/airflow/example_dags/example_dag_decorator.py
[2024-08-10 08:17:37,547] {scheduler_job.py:629} INFO - Processing file /home/airflow/.local/lib/python3.6/site-packages/airflow/example_dags/example_dag_decorator.py for tasks to queue
[2024-08-10 08:17:37,548] {logging_mixin.py:104} INFO - [2024-08-10 08:17:37,548] {dagbag.py:451} INFO - Filling up the DagBag from /home/airflow/.local/lib/python3.6/site-packages/airflow/example_dags/example_dag_decorator.py
[2024-08-10 08:17:37,556] {scheduler_job.py:639} INFO - DAG(s) dict_keys(['example_dag_decorator']) retrieved from /home/airflow/.local/lib/python3.6/site-packages/airflow/example_dags/example_dag_decorator.py
[2024-08-10 08:17:37,615] {logging_mixin.py:104} INFO - [2024-08-10 08:17:37,615] {dag.py:1824} INFO - Sync 1 DAGs
[2024-08-10 08:17:37,630] {logging_mixin.py:104} INFO - [2024-08-10 08:17:37,630] {dag.py:2280} INFO - Setting next_dagrun for example_dag_decorator to None
[2024-08-10 08:17:37,643] {scheduler_job.py:190} INFO - Processing /home/airflow/.local/lib/python3.6/site-packages/airflow/example_dags/example_dag_decorator.py took 0.098 seconds
[2024-08-10 08:18:08,286] {scheduler_job.py:182} INFO - Started process (PID=61713) to work on /home/airflow/.local/lib/python3.6/site-packages/airflow/example_dags/example_dag_decorator.py
[2024-08-10 08:18:08,286] {scheduler_job.py:629} INFO - Processing file /home/airflow/.local/lib/python3.6/site-packages/airflow/example_dags/example_dag_decorator.py for tasks to queue
[2024-08-10 08:18:08,287] {logging_mixin.py:104} INFO - [2024-08-10 08:18:08,287] {dagbag.py:451} INFO - Filling up the DagBag from /home/airflow/.local/lib/python3.6/site-packages/airflow/example_dags/example_dag_decorator.py
[2024-08-10 08:18:08,296] {scheduler_job.py:639} INFO - DAG(s) dict_keys(['example_dag_decorator']) retrieved from /home/airflow/.local/lib/python3.6/site-packages/airflow/example_dags/example_dag_decorator.py
[2024-08-10 08:18:08,358] {logging_mixin.py:104} INFO - [2024-08-10 08:18:08,358] {dag.py:1824} INFO - Sync 1 DAGs
[2024-08-10 08:18:08,375] {logging_mixin.py:104} INFO - [2024-08-10 08:18:08,375] {dag.py:2280} INFO - Setting next_dagrun for example_dag_decorator to None
[2024-08-10 08:18:08,389] {scheduler_job.py:190} INFO - Processing /home/airflow/.local/lib/python3.6/site-packages/airflow/example_dags/example_dag_decorator.py took 0.105 seconds
[2024-08-10 08:18:39,155] {scheduler_job.py:182} INFO - Started process (PID=61742) to work on /home/airflow/.local/lib/python3.6/site-packages/airflow/example_dags/example_dag_decorator.py
[2024-08-10 08:18:39,156] {scheduler_job.py:629} INFO - Processing file /home/airflow/.local/lib/python3.6/site-packages/airflow/example_dags/example_dag_decorator.py for tasks to queue
[2024-08-10 08:18:39,156] {logging_mixin.py:104} INFO - [2024-08-10 08:18:39,156] {dagbag.py:451} INFO - Filling up the DagBag from /home/airflow/.local/lib/python3.6/site-packages/airflow/example_dags/example_dag_decorator.py
[2024-08-10 08:18:39,164] {scheduler_job.py:639} INFO - DAG(s) dict_keys(['example_dag_decorator']) retrieved from /home/airflow/.local/lib/python3.6/site-packages/airflow/example_dags/example_dag_decorator.py
[2024-08-10 08:18:39,224] {logging_mixin.py:104} INFO - [2024-08-10 08:18:39,224] {dag.py:1824} INFO - Sync 1 DAGs
[2024-08-10 08:18:39,240] {logging_mixin.py:104} INFO - [2024-08-10 08:18:39,240] {dag.py:2280} INFO - Setting next_dagrun for example_dag_decorator to None
[2024-08-10 08:18:39,252] {scheduler_job.py:190} INFO - Processing /home/airflow/.local/lib/python3.6/site-packages/airflow/example_dags/example_dag_decorator.py took 0.099 seconds
[2024-08-10 08:19:09,846] {scheduler_job.py:182} INFO - Started process (PID=61770) to work on /home/airflow/.local/lib/python3.6/site-packages/airflow/example_dags/example_dag_decorator.py
[2024-08-10 08:19:09,847] {scheduler_job.py:629} INFO - Processing file /home/airflow/.local/lib/python3.6/site-packages/airflow/example_dags/example_dag_decorator.py for tasks to queue
[2024-08-10 08:19:09,847] {logging_mixin.py:104} INFO - [2024-08-10 08:19:09,847] {dagbag.py:451} INFO - Filling up the DagBag from /home/airflow/.local/lib/python3.6/site-packages/airflow/example_dags/example_dag_decorator.py
[2024-08-10 08:19:09,856] {scheduler_job.py:639} INFO - DAG(s) dict_keys(['example_dag_decorator']) retrieved from /home/airflow/.local/lib/python3.6/site-packages/airflow/example_dags/example_dag_decorator.py
[2024-08-10 08:19:09,917] {logging_mixin.py:104} INFO - [2024-08-10 08:19:09,917] {dag.py:1824} INFO - Sync 1 DAGs
[2024-08-10 08:19:09,933] {logging_mixin.py:104} INFO - [2024-08-10 08:19:09,933] {dag.py:2280} INFO - Setting next_dagrun for example_dag_decorator to None
[2024-08-10 08:19:09,946] {scheduler_job.py:190} INFO - Processing /home/airflow/.local/lib/python3.6/site-packages/airflow/example_dags/example_dag_decorator.py took 0.102 seconds
[2024-08-10 08:19:40,572] {scheduler_job.py:182} INFO - Started process (PID=61800) to work on /home/airflow/.local/lib/python3.6/site-packages/airflow/example_dags/example_dag_decorator.py
[2024-08-10 08:19:40,572] {scheduler_job.py:629} INFO - Processing file /home/airflow/.local/lib/python3.6/site-packages/airflow/example_dags/example_dag_decorator.py for tasks to queue
[2024-08-10 08:19:40,573] {logging_mixin.py:104} INFO - [2024-08-10 08:19:40,573] {dagbag.py:451} INFO - Filling up the DagBag from /home/airflow/.local/lib/python3.6/site-packages/airflow/example_dags/example_dag_decorator.py
[2024-08-10 08:19:40,582] {scheduler_job.py:639} INFO - DAG(s) dict_keys(['example_dag_decorator']) retrieved from /home/airflow/.local/lib/python3.6/site-packages/airflow/example_dags/example_dag_decorator.py
[2024-08-10 08:19:40,643] {logging_mixin.py:104} INFO - [2024-08-10 08:19:40,643] {dag.py:1824} INFO - Sync 1 DAGs
[2024-08-10 08:19:40,660] {logging_mixin.py:104} INFO - [2024-08-10 08:19:40,660] {dag.py:2280} INFO - Setting next_dagrun for example_dag_decorator to None
[2024-08-10 08:19:40,675] {scheduler_job.py:190} INFO - Processing /home/airflow/.local/lib/python3.6/site-packages/airflow/example_dags/example_dag_decorator.py took 0.106 seconds
[2024-08-10 08:20:11,414] {scheduler_job.py:182} INFO - Started process (PID=61829) to work on /home/airflow/.local/lib/python3.6/site-packages/airflow/example_dags/example_dag_decorator.py
[2024-08-10 08:20:11,414] {scheduler_job.py:629} INFO - Processing file /home/airflow/.local/lib/python3.6/site-packages/airflow/example_dags/example_dag_decorator.py for tasks to queue
[2024-08-10 08:20:11,415] {logging_mixin.py:104} INFO - [2024-08-10 08:20:11,415] {dagbag.py:451} INFO - Filling up the DagBag from /home/airflow/.local/lib/python3.6/site-packages/airflow/example_dags/example_dag_decorator.py
[2024-08-10 08:20:11,423] {scheduler_job.py:639} INFO - DAG(s) dict_keys(['example_dag_decorator']) retrieved from /home/airflow/.local/lib/python3.6/site-packages/airflow/example_dags/example_dag_decorator.py
[2024-08-10 08:20:11,482] {logging_mixin.py:104} INFO - [2024-08-10 08:20:11,482] {dag.py:1824} INFO - Sync 1 DAGs
[2024-08-10 08:20:11,497] {logging_mixin.py:104} INFO - [2024-08-10 08:20:11,497] {dag.py:2280} INFO - Setting next_dagrun for example_dag_decorator to None
[2024-08-10 08:20:11,509] {scheduler_job.py:190} INFO - Processing /home/airflow/.local/lib/python3.6/site-packages/airflow/example_dags/example_dag_decorator.py took 0.097 seconds
[2024-08-10 08:20:42,138] {scheduler_job.py:182} INFO - Started process (PID=61858) to work on /home/airflow/.local/lib/python3.6/site-packages/airflow/example_dags/example_dag_decorator.py
[2024-08-10 08:20:42,139] {scheduler_job.py:629} INFO - Processing file /home/airflow/.local/lib/python3.6/site-packages/airflow/example_dags/example_dag_decorator.py for tasks to queue
[2024-08-10 08:20:42,139] {logging_mixin.py:104} INFO - [2024-08-10 08:20:42,139] {dagbag.py:451} INFO - Filling up the DagBag from /home/airflow/.local/lib/python3.6/site-packages/airflow/example_dags/example_dag_decorator.py
[2024-08-10 08:20:42,147] {scheduler_job.py:639} INFO - DAG(s) dict_keys(['example_dag_decorator']) retrieved from /home/airflow/.local/lib/python3.6/site-packages/airflow/example_dags/example_dag_decorator.py
[2024-08-10 08:20:42,207] {logging_mixin.py:104} INFO - [2024-08-10 08:20:42,207] {dag.py:1824} INFO - Sync 1 DAGs
[2024-08-10 08:20:42,222] {logging_mixin.py:104} INFO - [2024-08-10 08:20:42,222] {dag.py:2280} INFO - Setting next_dagrun for example_dag_decorator to None
[2024-08-10 08:20:42,235] {scheduler_job.py:190} INFO - Processing /home/airflow/.local/lib/python3.6/site-packages/airflow/example_dags/example_dag_decorator.py took 0.099 seconds
[2024-08-10 08:21:12,879] {scheduler_job.py:182} INFO - Started process (PID=61887) to work on /home/airflow/.local/lib/python3.6/site-packages/airflow/example_dags/example_dag_decorator.py
[2024-08-10 08:21:12,880] {scheduler_job.py:629} INFO - Processing file /home/airflow/.local/lib/python3.6/site-packages/airflow/example_dags/example_dag_decorator.py for tasks to queue
[2024-08-10 08:21:12,880] {logging_mixin.py:104} INFO - [2024-08-10 08:21:12,880] {dagbag.py:451} INFO - Filling up the DagBag from /home/airflow/.local/lib/python3.6/site-packages/airflow/example_dags/example_dag_decorator.py
[2024-08-10 08:21:12,889] {scheduler_job.py:639} INFO - DAG(s) dict_keys(['example_dag_decorator']) retrieved from /home/airflow/.local/lib/python3.6/site-packages/airflow/example_dags/example_dag_decorator.py
[2024-08-10 08:21:12,948] {logging_mixin.py:104} INFO - [2024-08-10 08:21:12,948] {dag.py:1824} INFO - Sync 1 DAGs
[2024-08-10 08:21:12,964] {logging_mixin.py:104} INFO - [2024-08-10 08:21:12,964] {dag.py:2280} INFO - Setting next_dagrun for example_dag_decorator to None
[2024-08-10 08:21:12,977] {scheduler_job.py:190} INFO - Processing /home/airflow/.local/lib/python3.6/site-packages/airflow/example_dags/example_dag_decorator.py took 0.100 seconds
[2024-08-10 08:21:43,642] {scheduler_job.py:182} INFO - Started process (PID=61916) to work on /home/airflow/.local/lib/python3.6/site-packages/airflow/example_dags/example_dag_decorator.py
[2024-08-10 08:21:43,644] {scheduler_job.py:629} INFO - Processing file /home/airflow/.local/lib/python3.6/site-packages/airflow/example_dags/example_dag_decorator.py for tasks to queue
[2024-08-10 08:21:43,644] {logging_mixin.py:104} INFO - [2024-08-10 08:21:43,644] {dagbag.py:451} INFO - Filling up the DagBag from /home/airflow/.local/lib/python3.6/site-packages/airflow/example_dags/example_dag_decorator.py
[2024-08-10 08:21:43,652] {scheduler_job.py:639} INFO - DAG(s) dict_keys(['example_dag_decorator']) retrieved from /home/airflow/.local/lib/python3.6/site-packages/airflow/example_dags/example_dag_decorator.py
[2024-08-10 08:21:43,713] {logging_mixin.py:104} INFO - [2024-08-10 08:21:43,713] {dag.py:1824} INFO - Sync 1 DAGs
[2024-08-10 08:21:43,730] {logging_mixin.py:104} INFO - [2024-08-10 08:21:43,730] {dag.py:2280} INFO - Setting next_dagrun for example_dag_decorator to None
[2024-08-10 08:21:43,741] {scheduler_job.py:190} INFO - Processing /home/airflow/.local/lib/python3.6/site-packages/airflow/example_dags/example_dag_decorator.py took 0.100 seconds
[2024-08-10 08:22:14,440] {scheduler_job.py:182} INFO - Started process (PID=61945) to work on /home/airflow/.local/lib/python3.6/site-packages/airflow/example_dags/example_dag_decorator.py
[2024-08-10 08:22:14,441] {scheduler_job.py:629} INFO - Processing file /home/airflow/.local/lib/python3.6/site-packages/airflow/example_dags/example_dag_decorator.py for tasks to queue
[2024-08-10 08:22:14,442] {logging_mixin.py:104} INFO - [2024-08-10 08:22:14,442] {dagbag.py:451} INFO - Filling up the DagBag from /home/airflow/.local/lib/python3.6/site-packages/airflow/example_dags/example_dag_decorator.py
[2024-08-10 08:22:14,451] {scheduler_job.py:639} INFO - DAG(s) dict_keys(['example_dag_decorator']) retrieved from /home/airflow/.local/lib/python3.6/site-packages/airflow/example_dags/example_dag_decorator.py
[2024-08-10 08:22:14,515] {logging_mixin.py:104} INFO - [2024-08-10 08:22:14,515] {dag.py:1824} INFO - Sync 1 DAGs
[2024-08-10 08:22:14,532] {logging_mixin.py:104} INFO - [2024-08-10 08:22:14,532] {dag.py:2280} INFO - Setting next_dagrun for example_dag_decorator to None
[2024-08-10 08:22:14,546] {scheduler_job.py:190} INFO - Processing /home/airflow/.local/lib/python3.6/site-packages/airflow/example_dags/example_dag_decorator.py took 0.108 seconds
[2024-08-10 08:22:45,214] {scheduler_job.py:182} INFO - Started process (PID=61974) to work on /home/airflow/.local/lib/python3.6/site-packages/airflow/example_dags/example_dag_decorator.py
[2024-08-10 08:22:45,215] {scheduler_job.py:629} INFO - Processing file /home/airflow/.local/lib/python3.6/site-packages/airflow/example_dags/example_dag_decorator.py for tasks to queue
[2024-08-10 08:22:45,215] {logging_mixin.py:104} INFO - [2024-08-10 08:22:45,215] {dagbag.py:451} INFO - Filling up the DagBag from /home/airflow/.local/lib/python3.6/site-packages/airflow/example_dags/example_dag_decorator.py
[2024-08-10 08:22:45,224] {scheduler_job.py:639} INFO - DAG(s) dict_keys(['example_dag_decorator']) retrieved from /home/airflow/.local/lib/python3.6/site-packages/airflow/example_dags/example_dag_decorator.py
[2024-08-10 08:22:45,288] {logging_mixin.py:104} INFO - [2024-08-10 08:22:45,288] {dag.py:1824} INFO - Sync 1 DAGs
[2024-08-10 08:22:45,306] {logging_mixin.py:104} INFO - [2024-08-10 08:22:45,306] {dag.py:2280} INFO - Setting next_dagrun for example_dag_decorator to None
[2024-08-10 08:22:45,320] {scheduler_job.py:190} INFO - Processing /home/airflow/.local/lib/python3.6/site-packages/airflow/example_dags/example_dag_decorator.py took 0.108 seconds
[2024-08-10 19:59:43,790] {scheduler_job.py:182} INFO - Started process (PID=40) to work on /home/airflow/.local/lib/python3.6/site-packages/airflow/example_dags/example_dag_decorator.py
[2024-08-10 19:59:43,791] {scheduler_job.py:629} INFO - Processing file /home/airflow/.local/lib/python3.6/site-packages/airflow/example_dags/example_dag_decorator.py for tasks to queue
[2024-08-10 19:59:43,791] {logging_mixin.py:104} INFO - [2024-08-10 19:59:43,791] {dagbag.py:451} INFO - Filling up the DagBag from /home/airflow/.local/lib/python3.6/site-packages/airflow/example_dags/example_dag_decorator.py
[2024-08-10 19:59:43,803] {scheduler_job.py:639} INFO - DAG(s) dict_keys(['example_dag_decorator']) retrieved from /home/airflow/.local/lib/python3.6/site-packages/airflow/example_dags/example_dag_decorator.py
[2024-08-10 19:59:43,884] {logging_mixin.py:104} INFO - [2024-08-10 19:59:43,884] {dag.py:1824} INFO - Sync 1 DAGs
[2024-08-10 19:59:43,910] {logging_mixin.py:104} INFO - [2024-08-10 19:59:43,910] {dag.py:2280} INFO - Setting next_dagrun for example_dag_decorator to None
[2024-08-10 19:59:43,931] {scheduler_job.py:190} INFO - Processing /home/airflow/.local/lib/python3.6/site-packages/airflow/example_dags/example_dag_decorator.py took 0.142 seconds
[2024-08-10 20:00:14,743] {scheduler_job.py:182} INFO - Started process (PID=69) to work on /home/airflow/.local/lib/python3.6/site-packages/airflow/example_dags/example_dag_decorator.py
[2024-08-10 20:00:14,743] {scheduler_job.py:629} INFO - Processing file /home/airflow/.local/lib/python3.6/site-packages/airflow/example_dags/example_dag_decorator.py for tasks to queue
[2024-08-10 20:00:14,744] {logging_mixin.py:104} INFO - [2024-08-10 20:00:14,744] {dagbag.py:451} INFO - Filling up the DagBag from /home/airflow/.local/lib/python3.6/site-packages/airflow/example_dags/example_dag_decorator.py
[2024-08-10 20:00:14,752] {scheduler_job.py:639} INFO - DAG(s) dict_keys(['example_dag_decorator']) retrieved from /home/airflow/.local/lib/python3.6/site-packages/airflow/example_dags/example_dag_decorator.py
[2024-08-10 20:00:14,811] {logging_mixin.py:104} INFO - [2024-08-10 20:00:14,811] {dag.py:1824} INFO - Sync 1 DAGs
[2024-08-10 20:00:14,828] {logging_mixin.py:104} INFO - [2024-08-10 20:00:14,828] {dag.py:2280} INFO - Setting next_dagrun for example_dag_decorator to None
[2024-08-10 20:00:14,840] {scheduler_job.py:190} INFO - Processing /home/airflow/.local/lib/python3.6/site-packages/airflow/example_dags/example_dag_decorator.py took 0.099 seconds
[2024-08-10 21:00:36,819] {scheduler_job.py:182} INFO - Started process (PID=98) to work on /home/airflow/.local/lib/python3.6/site-packages/airflow/example_dags/example_dag_decorator.py
[2024-08-10 21:00:36,819] {scheduler_job.py:629} INFO - Processing file /home/airflow/.local/lib/python3.6/site-packages/airflow/example_dags/example_dag_decorator.py for tasks to queue
[2024-08-10 21:00:36,820] {logging_mixin.py:104} INFO - [2024-08-10 21:00:36,820] {dagbag.py:451} INFO - Filling up the DagBag from /home/airflow/.local/lib/python3.6/site-packages/airflow/example_dags/example_dag_decorator.py
[2024-08-10 21:00:36,828] {scheduler_job.py:639} INFO - DAG(s) dict_keys(['example_dag_decorator']) retrieved from /home/airflow/.local/lib/python3.6/site-packages/airflow/example_dags/example_dag_decorator.py
[2024-08-10 21:00:36,908] {logging_mixin.py:104} INFO - [2024-08-10 21:00:36,908] {dag.py:1824} INFO - Sync 1 DAGs
[2024-08-10 21:00:36,926] {logging_mixin.py:104} INFO - [2024-08-10 21:00:36,926] {dag.py:2280} INFO - Setting next_dagrun for example_dag_decorator to None
[2024-08-10 21:00:36,940] {scheduler_job.py:190} INFO - Processing /home/airflow/.local/lib/python3.6/site-packages/airflow/example_dags/example_dag_decorator.py took 0.123 seconds
[2024-08-10 21:01:07,750] {scheduler_job.py:182} INFO - Started process (PID=127) to work on /home/airflow/.local/lib/python3.6/site-packages/airflow/example_dags/example_dag_decorator.py
[2024-08-10 21:01:07,750] {scheduler_job.py:629} INFO - Processing file /home/airflow/.local/lib/python3.6/site-packages/airflow/example_dags/example_dag_decorator.py for tasks to queue
[2024-08-10 21:01:07,751] {logging_mixin.py:104} INFO - [2024-08-10 21:01:07,751] {dagbag.py:451} INFO - Filling up the DagBag from /home/airflow/.local/lib/python3.6/site-packages/airflow/example_dags/example_dag_decorator.py
[2024-08-10 21:01:07,759] {scheduler_job.py:639} INFO - DAG(s) dict_keys(['example_dag_decorator']) retrieved from /home/airflow/.local/lib/python3.6/site-packages/airflow/example_dags/example_dag_decorator.py
[2024-08-10 21:01:07,818] {logging_mixin.py:104} INFO - [2024-08-10 21:01:07,818] {dag.py:1824} INFO - Sync 1 DAGs
[2024-08-10 21:01:07,835] {logging_mixin.py:104} INFO - [2024-08-10 21:01:07,835] {dag.py:2280} INFO - Setting next_dagrun for example_dag_decorator to None
[2024-08-10 21:01:07,848] {scheduler_job.py:190} INFO - Processing /home/airflow/.local/lib/python3.6/site-packages/airflow/example_dags/example_dag_decorator.py took 0.099 seconds
[2024-08-10 21:16:45,150] {scheduler_job.py:182} INFO - Started process (PID=156) to work on /home/airflow/.local/lib/python3.6/site-packages/airflow/example_dags/example_dag_decorator.py
[2024-08-10 21:16:45,152] {scheduler_job.py:629} INFO - Processing file /home/airflow/.local/lib/python3.6/site-packages/airflow/example_dags/example_dag_decorator.py for tasks to queue
[2024-08-10 21:16:45,152] {logging_mixin.py:104} INFO - [2024-08-10 21:16:45,152] {dagbag.py:451} INFO - Filling up the DagBag from /home/airflow/.local/lib/python3.6/site-packages/airflow/example_dags/example_dag_decorator.py
[2024-08-10 21:16:45,161] {scheduler_job.py:639} INFO - DAG(s) dict_keys(['example_dag_decorator']) retrieved from /home/airflow/.local/lib/python3.6/site-packages/airflow/example_dags/example_dag_decorator.py
[2024-08-10 21:16:45,224] {logging_mixin.py:104} INFO - [2024-08-10 21:16:45,224] {dag.py:1824} INFO - Sync 1 DAGs
[2024-08-10 21:16:45,244] {logging_mixin.py:104} INFO - [2024-08-10 21:16:45,244] {dag.py:2280} INFO - Setting next_dagrun for example_dag_decorator to None
[2024-08-10 21:16:45,259] {scheduler_job.py:190} INFO - Processing /home/airflow/.local/lib/python3.6/site-packages/airflow/example_dags/example_dag_decorator.py took 0.110 seconds
[2024-08-10 21:21:47,688] {scheduler_job.py:182} INFO - Started process (PID=185) to work on /home/airflow/.local/lib/python3.6/site-packages/airflow/example_dags/example_dag_decorator.py
[2024-08-10 21:21:47,689] {scheduler_job.py:629} INFO - Processing file /home/airflow/.local/lib/python3.6/site-packages/airflow/example_dags/example_dag_decorator.py for tasks to queue
[2024-08-10 21:21:47,690] {logging_mixin.py:104} INFO - [2024-08-10 21:21:47,690] {dagbag.py:451} INFO - Filling up the DagBag from /home/airflow/.local/lib/python3.6/site-packages/airflow/example_dags/example_dag_decorator.py
[2024-08-10 21:21:47,700] {scheduler_job.py:639} INFO - DAG(s) dict_keys(['example_dag_decorator']) retrieved from /home/airflow/.local/lib/python3.6/site-packages/airflow/example_dags/example_dag_decorator.py
[2024-08-10 21:21:47,772] {logging_mixin.py:104} INFO - [2024-08-10 21:21:47,772] {dag.py:1824} INFO - Sync 1 DAGs
[2024-08-10 21:21:47,799] {logging_mixin.py:104} INFO - [2024-08-10 21:21:47,799] {dag.py:2280} INFO - Setting next_dagrun for example_dag_decorator to None
[2024-08-10 21:21:47,817] {scheduler_job.py:190} INFO - Processing /home/airflow/.local/lib/python3.6/site-packages/airflow/example_dags/example_dag_decorator.py took 0.131 seconds
[2024-08-10 21:22:18,752] {scheduler_job.py:182} INFO - Started process (PID=214) to work on /home/airflow/.local/lib/python3.6/site-packages/airflow/example_dags/example_dag_decorator.py
[2024-08-10 21:22:18,753] {scheduler_job.py:629} INFO - Processing file /home/airflow/.local/lib/python3.6/site-packages/airflow/example_dags/example_dag_decorator.py for tasks to queue
[2024-08-10 21:22:18,753] {logging_mixin.py:104} INFO - [2024-08-10 21:22:18,753] {dagbag.py:451} INFO - Filling up the DagBag from /home/airflow/.local/lib/python3.6/site-packages/airflow/example_dags/example_dag_decorator.py
[2024-08-10 21:22:18,761] {scheduler_job.py:639} INFO - DAG(s) dict_keys(['example_dag_decorator']) retrieved from /home/airflow/.local/lib/python3.6/site-packages/airflow/example_dags/example_dag_decorator.py
[2024-08-10 21:22:18,821] {logging_mixin.py:104} INFO - [2024-08-10 21:22:18,821] {dag.py:1824} INFO - Sync 1 DAGs
[2024-08-10 21:22:18,838] {logging_mixin.py:104} INFO - [2024-08-10 21:22:18,838] {dag.py:2280} INFO - Setting next_dagrun for example_dag_decorator to None
[2024-08-10 21:22:18,850] {scheduler_job.py:190} INFO - Processing /home/airflow/.local/lib/python3.6/site-packages/airflow/example_dags/example_dag_decorator.py took 0.100 seconds
[2024-08-10 21:45:45,316] {scheduler_job.py:182} INFO - Started process (PID=243) to work on /home/airflow/.local/lib/python3.6/site-packages/airflow/example_dags/example_dag_decorator.py
[2024-08-10 21:45:45,320] {scheduler_job.py:629} INFO - Processing file /home/airflow/.local/lib/python3.6/site-packages/airflow/example_dags/example_dag_decorator.py for tasks to queue
[2024-08-10 21:45:45,322] {logging_mixin.py:104} INFO - [2024-08-10 21:45:45,322] {dagbag.py:451} INFO - Filling up the DagBag from /home/airflow/.local/lib/python3.6/site-packages/airflow/example_dags/example_dag_decorator.py
[2024-08-10 21:45:45,334] {scheduler_job.py:639} INFO - DAG(s) dict_keys(['example_dag_decorator']) retrieved from /home/airflow/.local/lib/python3.6/site-packages/airflow/example_dags/example_dag_decorator.py
[2024-08-10 21:45:45,430] {logging_mixin.py:104} INFO - [2024-08-10 21:45:45,430] {dag.py:1824} INFO - Sync 1 DAGs
[2024-08-10 21:45:45,448] {logging_mixin.py:104} INFO - [2024-08-10 21:45:45,448] {dag.py:2280} INFO - Setting next_dagrun for example_dag_decorator to None
[2024-08-10 21:45:45,463] {scheduler_job.py:190} INFO - Processing /home/airflow/.local/lib/python3.6/site-packages/airflow/example_dags/example_dag_decorator.py took 0.149 seconds
[2024-08-10 21:46:16,493] {scheduler_job.py:182} INFO - Started process (PID=272) to work on /home/airflow/.local/lib/python3.6/site-packages/airflow/example_dags/example_dag_decorator.py
[2024-08-10 21:46:16,493] {scheduler_job.py:629} INFO - Processing file /home/airflow/.local/lib/python3.6/site-packages/airflow/example_dags/example_dag_decorator.py for tasks to queue
[2024-08-10 21:46:16,494] {logging_mixin.py:104} INFO - [2024-08-10 21:46:16,494] {dagbag.py:451} INFO - Filling up the DagBag from /home/airflow/.local/lib/python3.6/site-packages/airflow/example_dags/example_dag_decorator.py
[2024-08-10 21:46:16,502] {scheduler_job.py:639} INFO - DAG(s) dict_keys(['example_dag_decorator']) retrieved from /home/airflow/.local/lib/python3.6/site-packages/airflow/example_dags/example_dag_decorator.py
[2024-08-10 21:46:16,564] {logging_mixin.py:104} INFO - [2024-08-10 21:46:16,564] {dag.py:1824} INFO - Sync 1 DAGs
[2024-08-10 21:46:16,581] {logging_mixin.py:104} INFO - [2024-08-10 21:46:16,581] {dag.py:2280} INFO - Setting next_dagrun for example_dag_decorator to None
[2024-08-10 21:46:16,595] {scheduler_job.py:190} INFO - Processing /home/airflow/.local/lib/python3.6/site-packages/airflow/example_dags/example_dag_decorator.py took 0.104 seconds
[2024-08-10 22:01:46,817] {scheduler_job.py:182} INFO - Started process (PID=301) to work on /home/airflow/.local/lib/python3.6/site-packages/airflow/example_dags/example_dag_decorator.py
[2024-08-10 22:01:46,819] {scheduler_job.py:629} INFO - Processing file /home/airflow/.local/lib/python3.6/site-packages/airflow/example_dags/example_dag_decorator.py for tasks to queue
[2024-08-10 22:01:46,824] {logging_mixin.py:104} INFO - [2024-08-10 22:01:46,823] {dagbag.py:451} INFO - Filling up the DagBag from /home/airflow/.local/lib/python3.6/site-packages/airflow/example_dags/example_dag_decorator.py
[2024-08-10 22:01:46,842] {scheduler_job.py:639} INFO - DAG(s) dict_keys(['example_dag_decorator']) retrieved from /home/airflow/.local/lib/python3.6/site-packages/airflow/example_dags/example_dag_decorator.py
[2024-08-10 22:01:46,913] {logging_mixin.py:104} INFO - [2024-08-10 22:01:46,913] {dag.py:1824} INFO - Sync 1 DAGs
[2024-08-10 22:01:46,938] {logging_mixin.py:104} INFO - [2024-08-10 22:01:46,938] {dag.py:2280} INFO - Setting next_dagrun for example_dag_decorator to None
[2024-08-10 22:01:46,963] {scheduler_job.py:190} INFO - Processing /home/airflow/.local/lib/python3.6/site-packages/airflow/example_dags/example_dag_decorator.py took 0.149 seconds
[2024-08-10 22:08:19,577] {scheduler_job.py:182} INFO - Started process (PID=330) to work on /home/airflow/.local/lib/python3.6/site-packages/airflow/example_dags/example_dag_decorator.py
[2024-08-10 22:08:19,577] {scheduler_job.py:629} INFO - Processing file /home/airflow/.local/lib/python3.6/site-packages/airflow/example_dags/example_dag_decorator.py for tasks to queue
[2024-08-10 22:08:19,578] {logging_mixin.py:104} INFO - [2024-08-10 22:08:19,578] {dagbag.py:451} INFO - Filling up the DagBag from /home/airflow/.local/lib/python3.6/site-packages/airflow/example_dags/example_dag_decorator.py
[2024-08-10 22:08:19,587] {scheduler_job.py:639} INFO - DAG(s) dict_keys(['example_dag_decorator']) retrieved from /home/airflow/.local/lib/python3.6/site-packages/airflow/example_dags/example_dag_decorator.py
[2024-08-10 22:08:19,661] {logging_mixin.py:104} INFO - [2024-08-10 22:08:19,661] {dag.py:1824} INFO - Sync 1 DAGs
[2024-08-10 22:08:19,689] {logging_mixin.py:104} INFO - [2024-08-10 22:08:19,689] {dag.py:2280} INFO - Setting next_dagrun for example_dag_decorator to None
[2024-08-10 22:08:19,705] {scheduler_job.py:190} INFO - Processing /home/airflow/.local/lib/python3.6/site-packages/airflow/example_dags/example_dag_decorator.py took 0.130 seconds
[2024-08-10 22:08:49,778] {scheduler_job.py:182} INFO - Started process (PID=359) to work on /home/airflow/.local/lib/python3.6/site-packages/airflow/example_dags/example_dag_decorator.py
[2024-08-10 22:08:49,780] {scheduler_job.py:629} INFO - Processing file /home/airflow/.local/lib/python3.6/site-packages/airflow/example_dags/example_dag_decorator.py for tasks to queue
[2024-08-10 22:08:49,780] {logging_mixin.py:104} INFO - [2024-08-10 22:08:49,780] {dagbag.py:451} INFO - Filling up the DagBag from /home/airflow/.local/lib/python3.6/site-packages/airflow/example_dags/example_dag_decorator.py
[2024-08-10 22:08:49,789] {scheduler_job.py:639} INFO - DAG(s) dict_keys(['example_dag_decorator']) retrieved from /home/airflow/.local/lib/python3.6/site-packages/airflow/example_dags/example_dag_decorator.py
[2024-08-10 22:08:49,848] {logging_mixin.py:104} INFO - [2024-08-10 22:08:49,848] {dag.py:1824} INFO - Sync 1 DAGs
[2024-08-10 22:08:49,865] {logging_mixin.py:104} INFO - [2024-08-10 22:08:49,865] {dag.py:2280} INFO - Setting next_dagrun for example_dag_decorator to None
[2024-08-10 22:08:49,877] {scheduler_job.py:190} INFO - Processing /home/airflow/.local/lib/python3.6/site-packages/airflow/example_dags/example_dag_decorator.py took 0.101 seconds
[2024-08-10 22:13:48,282] {scheduler_job.py:182} INFO - Started process (PID=388) to work on /home/airflow/.local/lib/python3.6/site-packages/airflow/example_dags/example_dag_decorator.py
[2024-08-10 22:13:48,283] {scheduler_job.py:629} INFO - Processing file /home/airflow/.local/lib/python3.6/site-packages/airflow/example_dags/example_dag_decorator.py for tasks to queue
[2024-08-10 22:13:48,283] {logging_mixin.py:104} INFO - [2024-08-10 22:13:48,283] {dagbag.py:451} INFO - Filling up the DagBag from /home/airflow/.local/lib/python3.6/site-packages/airflow/example_dags/example_dag_decorator.py
[2024-08-10 22:13:48,293] {scheduler_job.py:639} INFO - DAG(s) dict_keys(['example_dag_decorator']) retrieved from /home/airflow/.local/lib/python3.6/site-packages/airflow/example_dags/example_dag_decorator.py
[2024-08-10 22:13:48,368] {logging_mixin.py:104} INFO - [2024-08-10 22:13:48,368] {dag.py:1824} INFO - Sync 1 DAGs
[2024-08-10 22:13:48,389] {logging_mixin.py:104} INFO - [2024-08-10 22:13:48,389] {dag.py:2280} INFO - Setting next_dagrun for example_dag_decorator to None
[2024-08-10 22:13:48,407] {scheduler_job.py:190} INFO - Processing /home/airflow/.local/lib/python3.6/site-packages/airflow/example_dags/example_dag_decorator.py took 0.127 seconds
[2024-08-10 22:17:45,657] {scheduler_job.py:182} INFO - Started process (PID=417) to work on /home/airflow/.local/lib/python3.6/site-packages/airflow/example_dags/example_dag_decorator.py
[2024-08-10 22:17:45,658] {scheduler_job.py:629} INFO - Processing file /home/airflow/.local/lib/python3.6/site-packages/airflow/example_dags/example_dag_decorator.py for tasks to queue
[2024-08-10 22:17:45,659] {logging_mixin.py:104} INFO - [2024-08-10 22:17:45,659] {dagbag.py:451} INFO - Filling up the DagBag from /home/airflow/.local/lib/python3.6/site-packages/airflow/example_dags/example_dag_decorator.py
[2024-08-10 22:17:45,672] {scheduler_job.py:639} INFO - DAG(s) dict_keys(['example_dag_decorator']) retrieved from /home/airflow/.local/lib/python3.6/site-packages/airflow/example_dags/example_dag_decorator.py
[2024-08-10 22:17:45,752] {logging_mixin.py:104} INFO - [2024-08-10 22:17:45,752] {dag.py:1824} INFO - Sync 1 DAGs
[2024-08-10 22:17:45,772] {logging_mixin.py:104} INFO - [2024-08-10 22:17:45,772] {dag.py:2280} INFO - Setting next_dagrun for example_dag_decorator to None
[2024-08-10 22:17:45,787] {scheduler_job.py:190} INFO - Processing /home/airflow/.local/lib/python3.6/site-packages/airflow/example_dags/example_dag_decorator.py took 0.132 seconds
[2024-08-10 22:18:16,563] {scheduler_job.py:182} INFO - Started process (PID=446) to work on /home/airflow/.local/lib/python3.6/site-packages/airflow/example_dags/example_dag_decorator.py
[2024-08-10 22:18:16,564] {scheduler_job.py:629} INFO - Processing file /home/airflow/.local/lib/python3.6/site-packages/airflow/example_dags/example_dag_decorator.py for tasks to queue
[2024-08-10 22:18:16,564] {logging_mixin.py:104} INFO - [2024-08-10 22:18:16,564] {dagbag.py:451} INFO - Filling up the DagBag from /home/airflow/.local/lib/python3.6/site-packages/airflow/example_dags/example_dag_decorator.py
[2024-08-10 22:18:16,572] {scheduler_job.py:639} INFO - DAG(s) dict_keys(['example_dag_decorator']) retrieved from /home/airflow/.local/lib/python3.6/site-packages/airflow/example_dags/example_dag_decorator.py
[2024-08-10 22:18:16,634] {logging_mixin.py:104} INFO - [2024-08-10 22:18:16,634] {dag.py:1824} INFO - Sync 1 DAGs
[2024-08-10 22:18:16,650] {logging_mixin.py:104} INFO - [2024-08-10 22:18:16,650] {dag.py:2280} INFO - Setting next_dagrun for example_dag_decorator to None
[2024-08-10 22:18:16,665] {scheduler_job.py:190} INFO - Processing /home/airflow/.local/lib/python3.6/site-packages/airflow/example_dags/example_dag_decorator.py took 0.103 seconds
[2024-08-10 22:18:47,260] {scheduler_job.py:182} INFO - Started process (PID=475) to work on /home/airflow/.local/lib/python3.6/site-packages/airflow/example_dags/example_dag_decorator.py
[2024-08-10 22:18:47,262] {scheduler_job.py:629} INFO - Processing file /home/airflow/.local/lib/python3.6/site-packages/airflow/example_dags/example_dag_decorator.py for tasks to queue
[2024-08-10 22:18:47,262] {logging_mixin.py:104} INFO - [2024-08-10 22:18:47,262] {dagbag.py:451} INFO - Filling up the DagBag from /home/airflow/.local/lib/python3.6/site-packages/airflow/example_dags/example_dag_decorator.py
[2024-08-10 22:18:47,271] {scheduler_job.py:639} INFO - DAG(s) dict_keys(['example_dag_decorator']) retrieved from /home/airflow/.local/lib/python3.6/site-packages/airflow/example_dags/example_dag_decorator.py
[2024-08-10 22:18:47,334] {logging_mixin.py:104} INFO - [2024-08-10 22:18:47,334] {dag.py:1824} INFO - Sync 1 DAGs
[2024-08-10 22:18:47,351] {logging_mixin.py:104} INFO - [2024-08-10 22:18:47,351] {dag.py:2280} INFO - Setting next_dagrun for example_dag_decorator to None
[2024-08-10 22:18:47,364] {scheduler_job.py:190} INFO - Processing /home/airflow/.local/lib/python3.6/site-packages/airflow/example_dags/example_dag_decorator.py took 0.105 seconds
[2024-08-10 22:19:18,510] {scheduler_job.py:182} INFO - Started process (PID=508) to work on /home/airflow/.local/lib/python3.6/site-packages/airflow/example_dags/example_dag_decorator.py
[2024-08-10 22:19:18,510] {scheduler_job.py:629} INFO - Processing file /home/airflow/.local/lib/python3.6/site-packages/airflow/example_dags/example_dag_decorator.py for tasks to queue
[2024-08-10 22:19:18,511] {logging_mixin.py:104} INFO - [2024-08-10 22:19:18,511] {dagbag.py:451} INFO - Filling up the DagBag from /home/airflow/.local/lib/python3.6/site-packages/airflow/example_dags/example_dag_decorator.py
[2024-08-10 22:19:18,520] {scheduler_job.py:639} INFO - DAG(s) dict_keys(['example_dag_decorator']) retrieved from /home/airflow/.local/lib/python3.6/site-packages/airflow/example_dags/example_dag_decorator.py
[2024-08-10 22:19:18,580] {logging_mixin.py:104} INFO - [2024-08-10 22:19:18,580] {dag.py:1824} INFO - Sync 1 DAGs
[2024-08-10 22:19:18,596] {logging_mixin.py:104} INFO - [2024-08-10 22:19:18,595] {dag.py:2280} INFO - Setting next_dagrun for example_dag_decorator to None
[2024-08-10 22:19:18,609] {scheduler_job.py:190} INFO - Processing /home/airflow/.local/lib/python3.6/site-packages/airflow/example_dags/example_dag_decorator.py took 0.101 seconds
[2024-08-10 22:27:20,405] {scheduler_job.py:182} INFO - Started process (PID=533) to work on /home/airflow/.local/lib/python3.6/site-packages/airflow/example_dags/example_dag_decorator.py
[2024-08-10 22:27:20,406] {scheduler_job.py:629} INFO - Processing file /home/airflow/.local/lib/python3.6/site-packages/airflow/example_dags/example_dag_decorator.py for tasks to queue
[2024-08-10 22:27:20,407] {logging_mixin.py:104} INFO - [2024-08-10 22:27:20,407] {dagbag.py:451} INFO - Filling up the DagBag from /home/airflow/.local/lib/python3.6/site-packages/airflow/example_dags/example_dag_decorator.py
[2024-08-10 22:27:20,418] {scheduler_job.py:639} INFO - DAG(s) dict_keys(['example_dag_decorator']) retrieved from /home/airflow/.local/lib/python3.6/site-packages/airflow/example_dags/example_dag_decorator.py
[2024-08-10 22:27:20,495] {logging_mixin.py:104} INFO - [2024-08-10 22:27:20,495] {dag.py:1824} INFO - Sync 1 DAGs
[2024-08-10 22:27:20,514] {logging_mixin.py:104} INFO - [2024-08-10 22:27:20,514] {dag.py:2280} INFO - Setting next_dagrun for example_dag_decorator to None
[2024-08-10 22:27:20,529] {scheduler_job.py:190} INFO - Processing /home/airflow/.local/lib/python3.6/site-packages/airflow/example_dags/example_dag_decorator.py took 0.126 seconds
[2024-08-10 23:00:13,251] {scheduler_job.py:182} INFO - Started process (PID=562) to work on /home/airflow/.local/lib/python3.6/site-packages/airflow/example_dags/example_dag_decorator.py
[2024-08-10 23:00:13,252] {scheduler_job.py:629} INFO - Processing file /home/airflow/.local/lib/python3.6/site-packages/airflow/example_dags/example_dag_decorator.py for tasks to queue
[2024-08-10 23:00:13,253] {logging_mixin.py:104} INFO - [2024-08-10 23:00:13,253] {dagbag.py:451} INFO - Filling up the DagBag from /home/airflow/.local/lib/python3.6/site-packages/airflow/example_dags/example_dag_decorator.py
[2024-08-10 23:00:13,264] {scheduler_job.py:639} INFO - DAG(s) dict_keys(['example_dag_decorator']) retrieved from /home/airflow/.local/lib/python3.6/site-packages/airflow/example_dags/example_dag_decorator.py
[2024-08-10 23:00:13,331] {logging_mixin.py:104} INFO - [2024-08-10 23:00:13,331] {dag.py:1824} INFO - Sync 1 DAGs
[2024-08-10 23:00:13,351] {logging_mixin.py:104} INFO - [2024-08-10 23:00:13,351] {dag.py:2280} INFO - Setting next_dagrun for example_dag_decorator to None
[2024-08-10 23:00:13,368] {scheduler_job.py:190} INFO - Processing /home/airflow/.local/lib/python3.6/site-packages/airflow/example_dags/example_dag_decorator.py took 0.119 seconds
[2024-08-10 23:02:53,941] {scheduler_job.py:182} INFO - Started process (PID=591) to work on /home/airflow/.local/lib/python3.6/site-packages/airflow/example_dags/example_dag_decorator.py
[2024-08-10 23:02:53,944] {scheduler_job.py:629} INFO - Processing file /home/airflow/.local/lib/python3.6/site-packages/airflow/example_dags/example_dag_decorator.py for tasks to queue
[2024-08-10 23:02:53,945] {logging_mixin.py:104} INFO - [2024-08-10 23:02:53,945] {dagbag.py:451} INFO - Filling up the DagBag from /home/airflow/.local/lib/python3.6/site-packages/airflow/example_dags/example_dag_decorator.py
[2024-08-10 23:02:53,954] {scheduler_job.py:639} INFO - DAG(s) dict_keys(['example_dag_decorator']) retrieved from /home/airflow/.local/lib/python3.6/site-packages/airflow/example_dags/example_dag_decorator.py
[2024-08-10 23:02:54,033] {logging_mixin.py:104} INFO - [2024-08-10 23:02:54,033] {dag.py:1824} INFO - Sync 1 DAGs
[2024-08-10 23:02:54,054] {logging_mixin.py:104} INFO - [2024-08-10 23:02:54,054] {dag.py:2280} INFO - Setting next_dagrun for example_dag_decorator to None
[2024-08-10 23:02:54,070] {scheduler_job.py:190} INFO - Processing /home/airflow/.local/lib/python3.6/site-packages/airflow/example_dags/example_dag_decorator.py took 0.130 seconds
[2024-08-10 23:14:08,307] {scheduler_job.py:182} INFO - Started process (PID=620) to work on /home/airflow/.local/lib/python3.6/site-packages/airflow/example_dags/example_dag_decorator.py
[2024-08-10 23:14:08,309] {scheduler_job.py:629} INFO - Processing file /home/airflow/.local/lib/python3.6/site-packages/airflow/example_dags/example_dag_decorator.py for tasks to queue
[2024-08-10 23:14:08,309] {logging_mixin.py:104} INFO - [2024-08-10 23:14:08,309] {dagbag.py:451} INFO - Filling up the DagBag from /home/airflow/.local/lib/python3.6/site-packages/airflow/example_dags/example_dag_decorator.py
[2024-08-10 23:14:08,317] {scheduler_job.py:639} INFO - DAG(s) dict_keys(['example_dag_decorator']) retrieved from /home/airflow/.local/lib/python3.6/site-packages/airflow/example_dags/example_dag_decorator.py
[2024-08-10 23:14:08,381] {logging_mixin.py:104} INFO - [2024-08-10 23:14:08,381] {dag.py:1824} INFO - Sync 1 DAGs
[2024-08-10 23:14:08,397] {logging_mixin.py:104} INFO - [2024-08-10 23:14:08,397] {dag.py:2280} INFO - Setting next_dagrun for example_dag_decorator to None
[2024-08-10 23:14:08,410] {scheduler_job.py:190} INFO - Processing /home/airflow/.local/lib/python3.6/site-packages/airflow/example_dags/example_dag_decorator.py took 0.105 seconds
[2024-08-10 23:14:39,253] {scheduler_job.py:182} INFO - Started process (PID=649) to work on /home/airflow/.local/lib/python3.6/site-packages/airflow/example_dags/example_dag_decorator.py
[2024-08-10 23:14:39,253] {scheduler_job.py:629} INFO - Processing file /home/airflow/.local/lib/python3.6/site-packages/airflow/example_dags/example_dag_decorator.py for tasks to queue
[2024-08-10 23:14:39,254] {logging_mixin.py:104} INFO - [2024-08-10 23:14:39,254] {dagbag.py:451} INFO - Filling up the DagBag from /home/airflow/.local/lib/python3.6/site-packages/airflow/example_dags/example_dag_decorator.py
[2024-08-10 23:14:39,262] {scheduler_job.py:639} INFO - DAG(s) dict_keys(['example_dag_decorator']) retrieved from /home/airflow/.local/lib/python3.6/site-packages/airflow/example_dags/example_dag_decorator.py
[2024-08-10 23:14:39,323] {logging_mixin.py:104} INFO - [2024-08-10 23:14:39,323] {dag.py:1824} INFO - Sync 1 DAGs
[2024-08-10 23:14:39,339] {logging_mixin.py:104} INFO - [2024-08-10 23:14:39,339] {dag.py:2280} INFO - Setting next_dagrun for example_dag_decorator to None
[2024-08-10 23:14:39,353] {scheduler_job.py:190} INFO - Processing /home/airflow/.local/lib/python3.6/site-packages/airflow/example_dags/example_dag_decorator.py took 0.102 seconds
