[2024-08-10 00:13:03,933] {scheduler_job.py:182} INFO - Started process (PID=60883) to work on /home/airflow/.local/lib/python3.6/site-packages/airflow/example_dags/example_trigger_controller_dag.py
[2024-08-10 00:13:03,935] {scheduler_job.py:629} INFO - Processing file /home/airflow/.local/lib/python3.6/site-packages/airflow/example_dags/example_trigger_controller_dag.py for tasks to queue
[2024-08-10 00:13:03,935] {logging_mixin.py:104} INFO - [2024-08-10 00:13:03,935] {dagbag.py:451} INFO - Filling up the DagBag from /home/airflow/.local/lib/python3.6/site-packages/airflow/example_dags/example_trigger_controller_dag.py
[2024-08-10 00:13:03,942] {scheduler_job.py:639} INFO - DAG(s) dict_keys(['example_trigger_controller_dag']) retrieved from /home/airflow/.local/lib/python3.6/site-packages/airflow/example_dags/example_trigger_controller_dag.py
[2024-08-10 00:13:04,028] {logging_mixin.py:104} INFO - [2024-08-10 00:13:04,028] {dag.py:1824} INFO - Sync 1 DAGs
[2024-08-10 00:13:04,051] {logging_mixin.py:104} INFO - [2024-08-10 00:13:04,051] {dag.py:2280} INFO - Setting next_dagrun for example_trigger_controller_dag to 2024-08-08 00:00:00+00:00
[2024-08-10 00:13:04,065] {scheduler_job.py:190} INFO - Processing /home/airflow/.local/lib/python3.6/site-packages/airflow/example_dags/example_trigger_controller_dag.py took 0.133 seconds
[2024-08-10 00:13:34,113] {scheduler_job.py:182} INFO - Started process (PID=60912) to work on /home/airflow/.local/lib/python3.6/site-packages/airflow/example_dags/example_trigger_controller_dag.py
[2024-08-10 00:13:34,114] {scheduler_job.py:629} INFO - Processing file /home/airflow/.local/lib/python3.6/site-packages/airflow/example_dags/example_trigger_controller_dag.py for tasks to queue
[2024-08-10 00:13:34,114] {logging_mixin.py:104} INFO - [2024-08-10 00:13:34,114] {dagbag.py:451} INFO - Filling up the DagBag from /home/airflow/.local/lib/python3.6/site-packages/airflow/example_dags/example_trigger_controller_dag.py
[2024-08-10 00:13:34,120] {scheduler_job.py:639} INFO - DAG(s) dict_keys(['example_trigger_controller_dag']) retrieved from /home/airflow/.local/lib/python3.6/site-packages/airflow/example_dags/example_trigger_controller_dag.py
[2024-08-10 00:13:34,179] {logging_mixin.py:104} INFO - [2024-08-10 00:13:34,179] {dag.py:1824} INFO - Sync 1 DAGs
[2024-08-10 00:13:34,196] {logging_mixin.py:104} INFO - [2024-08-10 00:13:34,196] {dag.py:2280} INFO - Setting next_dagrun for example_trigger_controller_dag to 2024-08-08 00:00:00+00:00
[2024-08-10 00:13:34,206] {scheduler_job.py:190} INFO - Processing /home/airflow/.local/lib/python3.6/site-packages/airflow/example_dags/example_trigger_controller_dag.py took 0.095 seconds
[2024-08-10 01:03:33,325] {scheduler_job.py:182} INFO - Started process (PID=60941) to work on /home/airflow/.local/lib/python3.6/site-packages/airflow/example_dags/example_trigger_controller_dag.py
[2024-08-10 01:03:33,329] {scheduler_job.py:629} INFO - Processing file /home/airflow/.local/lib/python3.6/site-packages/airflow/example_dags/example_trigger_controller_dag.py for tasks to queue
[2024-08-10 01:03:33,330] {logging_mixin.py:104} INFO - [2024-08-10 01:03:33,330] {dagbag.py:451} INFO - Filling up the DagBag from /home/airflow/.local/lib/python3.6/site-packages/airflow/example_dags/example_trigger_controller_dag.py
[2024-08-10 01:03:33,337] {scheduler_job.py:639} INFO - DAG(s) dict_keys(['example_trigger_controller_dag']) retrieved from /home/airflow/.local/lib/python3.6/site-packages/airflow/example_dags/example_trigger_controller_dag.py
[2024-08-10 01:03:33,427] {logging_mixin.py:104} INFO - [2024-08-10 01:03:33,427] {dag.py:1824} INFO - Sync 1 DAGs
[2024-08-10 01:03:33,450] {logging_mixin.py:104} INFO - [2024-08-10 01:03:33,450] {dag.py:2280} INFO - Setting next_dagrun for example_trigger_controller_dag to 2024-08-08 00:00:00+00:00
[2024-08-10 01:03:33,464] {scheduler_job.py:190} INFO - Processing /home/airflow/.local/lib/python3.6/site-packages/airflow/example_dags/example_trigger_controller_dag.py took 0.141 seconds
[2024-08-10 01:14:30,203] {scheduler_job.py:182} INFO - Started process (PID=60970) to work on /home/airflow/.local/lib/python3.6/site-packages/airflow/example_dags/example_trigger_controller_dag.py
[2024-08-10 01:14:30,205] {scheduler_job.py:629} INFO - Processing file /home/airflow/.local/lib/python3.6/site-packages/airflow/example_dags/example_trigger_controller_dag.py for tasks to queue
[2024-08-10 01:14:30,206] {logging_mixin.py:104} INFO - [2024-08-10 01:14:30,206] {dagbag.py:451} INFO - Filling up the DagBag from /home/airflow/.local/lib/python3.6/site-packages/airflow/example_dags/example_trigger_controller_dag.py
[2024-08-10 01:14:30,217] {scheduler_job.py:639} INFO - DAG(s) dict_keys(['example_trigger_controller_dag']) retrieved from /home/airflow/.local/lib/python3.6/site-packages/airflow/example_dags/example_trigger_controller_dag.py
[2024-08-10 01:14:30,303] {logging_mixin.py:104} INFO - [2024-08-10 01:14:30,303] {dag.py:1824} INFO - Sync 1 DAGs
[2024-08-10 01:14:30,320] {logging_mixin.py:104} INFO - [2024-08-10 01:14:30,319] {dag.py:2280} INFO - Setting next_dagrun for example_trigger_controller_dag to 2024-08-08 00:00:00+00:00
[2024-08-10 01:14:30,340] {scheduler_job.py:190} INFO - Processing /home/airflow/.local/lib/python3.6/site-packages/airflow/example_dags/example_trigger_controller_dag.py took 0.138 seconds
[2024-08-10 01:47:57,965] {scheduler_job.py:182} INFO - Started process (PID=60999) to work on /home/airflow/.local/lib/python3.6/site-packages/airflow/example_dags/example_trigger_controller_dag.py
[2024-08-10 01:47:57,969] {scheduler_job.py:629} INFO - Processing file /home/airflow/.local/lib/python3.6/site-packages/airflow/example_dags/example_trigger_controller_dag.py for tasks to queue
[2024-08-10 01:47:57,969] {logging_mixin.py:104} INFO - [2024-08-10 01:47:57,969] {dagbag.py:451} INFO - Filling up the DagBag from /home/airflow/.local/lib/python3.6/site-packages/airflow/example_dags/example_trigger_controller_dag.py
[2024-08-10 01:47:57,977] {scheduler_job.py:639} INFO - DAG(s) dict_keys(['example_trigger_controller_dag']) retrieved from /home/airflow/.local/lib/python3.6/site-packages/airflow/example_dags/example_trigger_controller_dag.py
[2024-08-10 01:47:58,050] {logging_mixin.py:104} INFO - [2024-08-10 01:47:58,050] {dag.py:1824} INFO - Sync 1 DAGs
[2024-08-10 01:47:58,079] {logging_mixin.py:104} INFO - [2024-08-10 01:47:58,078] {dag.py:2280} INFO - Setting next_dagrun for example_trigger_controller_dag to 2024-08-08 00:00:00+00:00
[2024-08-10 01:47:58,095] {scheduler_job.py:190} INFO - Processing /home/airflow/.local/lib/python3.6/site-packages/airflow/example_dags/example_trigger_controller_dag.py took 0.133 seconds
[2024-08-10 02:15:26,944] {scheduler_job.py:182} INFO - Started process (PID=61028) to work on /home/airflow/.local/lib/python3.6/site-packages/airflow/example_dags/example_trigger_controller_dag.py
[2024-08-10 02:15:26,946] {scheduler_job.py:629} INFO - Processing file /home/airflow/.local/lib/python3.6/site-packages/airflow/example_dags/example_trigger_controller_dag.py for tasks to queue
[2024-08-10 02:15:26,946] {logging_mixin.py:104} INFO - [2024-08-10 02:15:26,946] {dagbag.py:451} INFO - Filling up the DagBag from /home/airflow/.local/lib/python3.6/site-packages/airflow/example_dags/example_trigger_controller_dag.py
[2024-08-10 02:15:26,954] {scheduler_job.py:639} INFO - DAG(s) dict_keys(['example_trigger_controller_dag']) retrieved from /home/airflow/.local/lib/python3.6/site-packages/airflow/example_dags/example_trigger_controller_dag.py
[2024-08-10 02:15:27,020] {logging_mixin.py:104} INFO - [2024-08-10 02:15:27,020] {dag.py:1824} INFO - Sync 1 DAGs
[2024-08-10 02:15:27,039] {logging_mixin.py:104} INFO - [2024-08-10 02:15:27,038] {dag.py:2280} INFO - Setting next_dagrun for example_trigger_controller_dag to 2024-08-08 00:00:00+00:00
[2024-08-10 02:15:27,051] {scheduler_job.py:190} INFO - Processing /home/airflow/.local/lib/python3.6/site-packages/airflow/example_dags/example_trigger_controller_dag.py took 0.109 seconds
[2024-08-10 02:21:40,558] {scheduler_job.py:182} INFO - Started process (PID=61057) to work on /home/airflow/.local/lib/python3.6/site-packages/airflow/example_dags/example_trigger_controller_dag.py
[2024-08-10 02:21:40,559] {scheduler_job.py:629} INFO - Processing file /home/airflow/.local/lib/python3.6/site-packages/airflow/example_dags/example_trigger_controller_dag.py for tasks to queue
[2024-08-10 02:21:40,560] {logging_mixin.py:104} INFO - [2024-08-10 02:21:40,560] {dagbag.py:451} INFO - Filling up the DagBag from /home/airflow/.local/lib/python3.6/site-packages/airflow/example_dags/example_trigger_controller_dag.py
[2024-08-10 02:21:40,567] {scheduler_job.py:639} INFO - DAG(s) dict_keys(['example_trigger_controller_dag']) retrieved from /home/airflow/.local/lib/python3.6/site-packages/airflow/example_dags/example_trigger_controller_dag.py
[2024-08-10 02:21:40,644] {logging_mixin.py:104} INFO - [2024-08-10 02:21:40,644] {dag.py:1824} INFO - Sync 1 DAGs
[2024-08-10 02:21:40,664] {logging_mixin.py:104} INFO - [2024-08-10 02:21:40,664] {dag.py:2280} INFO - Setting next_dagrun for example_trigger_controller_dag to 2024-08-08 00:00:00+00:00
[2024-08-10 02:21:40,680] {scheduler_job.py:190} INFO - Processing /home/airflow/.local/lib/python3.6/site-packages/airflow/example_dags/example_trigger_controller_dag.py took 0.124 seconds
[2024-08-10 02:22:11,588] {scheduler_job.py:182} INFO - Started process (PID=61086) to work on /home/airflow/.local/lib/python3.6/site-packages/airflow/example_dags/example_trigger_controller_dag.py
[2024-08-10 02:22:11,588] {scheduler_job.py:629} INFO - Processing file /home/airflow/.local/lib/python3.6/site-packages/airflow/example_dags/example_trigger_controller_dag.py for tasks to queue
[2024-08-10 02:22:11,589] {logging_mixin.py:104} INFO - [2024-08-10 02:22:11,589] {dagbag.py:451} INFO - Filling up the DagBag from /home/airflow/.local/lib/python3.6/site-packages/airflow/example_dags/example_trigger_controller_dag.py
[2024-08-10 02:22:11,594] {scheduler_job.py:639} INFO - DAG(s) dict_keys(['example_trigger_controller_dag']) retrieved from /home/airflow/.local/lib/python3.6/site-packages/airflow/example_dags/example_trigger_controller_dag.py
[2024-08-10 02:22:11,653] {logging_mixin.py:104} INFO - [2024-08-10 02:22:11,653] {dag.py:1824} INFO - Sync 1 DAGs
[2024-08-10 02:22:11,669] {logging_mixin.py:104} INFO - [2024-08-10 02:22:11,669] {dag.py:2280} INFO - Setting next_dagrun for example_trigger_controller_dag to 2024-08-08 00:00:00+00:00
[2024-08-10 02:22:11,679] {scheduler_job.py:190} INFO - Processing /home/airflow/.local/lib/python3.6/site-packages/airflow/example_dags/example_trigger_controller_dag.py took 0.093 seconds
[2024-08-10 03:16:05,831] {scheduler_job.py:182} INFO - Started process (PID=61115) to work on /home/airflow/.local/lib/python3.6/site-packages/airflow/example_dags/example_trigger_controller_dag.py
[2024-08-10 03:16:05,832] {scheduler_job.py:629} INFO - Processing file /home/airflow/.local/lib/python3.6/site-packages/airflow/example_dags/example_trigger_controller_dag.py for tasks to queue
[2024-08-10 03:16:05,832] {logging_mixin.py:104} INFO - [2024-08-10 03:16:05,832] {dagbag.py:451} INFO - Filling up the DagBag from /home/airflow/.local/lib/python3.6/site-packages/airflow/example_dags/example_trigger_controller_dag.py
[2024-08-10 03:16:05,839] {scheduler_job.py:639} INFO - DAG(s) dict_keys(['example_trigger_controller_dag']) retrieved from /home/airflow/.local/lib/python3.6/site-packages/airflow/example_dags/example_trigger_controller_dag.py
[2024-08-10 03:16:05,902] {logging_mixin.py:104} INFO - [2024-08-10 03:16:05,902] {dag.py:1824} INFO - Sync 1 DAGs
[2024-08-10 03:16:05,920] {logging_mixin.py:104} INFO - [2024-08-10 03:16:05,920] {dag.py:2280} INFO - Setting next_dagrun for example_trigger_controller_dag to 2024-08-08 00:00:00+00:00
[2024-08-10 03:16:05,932] {scheduler_job.py:190} INFO - Processing /home/airflow/.local/lib/python3.6/site-packages/airflow/example_dags/example_trigger_controller_dag.py took 0.103 seconds
[2024-08-10 03:16:35,943] {scheduler_job.py:182} INFO - Started process (PID=61143) to work on /home/airflow/.local/lib/python3.6/site-packages/airflow/example_dags/example_trigger_controller_dag.py
[2024-08-10 03:16:35,944] {scheduler_job.py:629} INFO - Processing file /home/airflow/.local/lib/python3.6/site-packages/airflow/example_dags/example_trigger_controller_dag.py for tasks to queue
[2024-08-10 03:16:35,944] {logging_mixin.py:104} INFO - [2024-08-10 03:16:35,944] {dagbag.py:451} INFO - Filling up the DagBag from /home/airflow/.local/lib/python3.6/site-packages/airflow/example_dags/example_trigger_controller_dag.py
[2024-08-10 03:16:35,950] {scheduler_job.py:639} INFO - DAG(s) dict_keys(['example_trigger_controller_dag']) retrieved from /home/airflow/.local/lib/python3.6/site-packages/airflow/example_dags/example_trigger_controller_dag.py
[2024-08-10 03:16:36,010] {logging_mixin.py:104} INFO - [2024-08-10 03:16:36,010] {dag.py:1824} INFO - Sync 1 DAGs
[2024-08-10 03:16:36,027] {logging_mixin.py:104} INFO - [2024-08-10 03:16:36,027] {dag.py:2280} INFO - Setting next_dagrun for example_trigger_controller_dag to 2024-08-08 00:00:00+00:00
[2024-08-10 03:16:36,037] {scheduler_job.py:190} INFO - Processing /home/airflow/.local/lib/python3.6/site-packages/airflow/example_dags/example_trigger_controller_dag.py took 0.096 seconds
[2024-08-10 04:06:30,489] {scheduler_job.py:182} INFO - Started process (PID=61173) to work on /home/airflow/.local/lib/python3.6/site-packages/airflow/example_dags/example_trigger_controller_dag.py
[2024-08-10 04:06:30,491] {scheduler_job.py:629} INFO - Processing file /home/airflow/.local/lib/python3.6/site-packages/airflow/example_dags/example_trigger_controller_dag.py for tasks to queue
[2024-08-10 04:06:30,492] {logging_mixin.py:104} INFO - [2024-08-10 04:06:30,492] {dagbag.py:451} INFO - Filling up the DagBag from /home/airflow/.local/lib/python3.6/site-packages/airflow/example_dags/example_trigger_controller_dag.py
[2024-08-10 04:06:30,499] {scheduler_job.py:639} INFO - DAG(s) dict_keys(['example_trigger_controller_dag']) retrieved from /home/airflow/.local/lib/python3.6/site-packages/airflow/example_dags/example_trigger_controller_dag.py
[2024-08-10 04:06:30,563] {logging_mixin.py:104} INFO - [2024-08-10 04:06:30,563] {dag.py:1824} INFO - Sync 1 DAGs
[2024-08-10 04:06:30,581] {logging_mixin.py:104} INFO - [2024-08-10 04:06:30,581] {dag.py:2280} INFO - Setting next_dagrun for example_trigger_controller_dag to 2024-08-08 00:00:00+00:00
[2024-08-10 04:06:30,593] {scheduler_job.py:190} INFO - Processing /home/airflow/.local/lib/python3.6/site-packages/airflow/example_dags/example_trigger_controller_dag.py took 0.106 seconds
[2024-08-10 04:17:32,211] {scheduler_job.py:182} INFO - Started process (PID=61202) to work on /home/airflow/.local/lib/python3.6/site-packages/airflow/example_dags/example_trigger_controller_dag.py
[2024-08-10 04:17:32,213] {scheduler_job.py:629} INFO - Processing file /home/airflow/.local/lib/python3.6/site-packages/airflow/example_dags/example_trigger_controller_dag.py for tasks to queue
[2024-08-10 04:17:32,213] {logging_mixin.py:104} INFO - [2024-08-10 04:17:32,213] {dagbag.py:451} INFO - Filling up the DagBag from /home/airflow/.local/lib/python3.6/site-packages/airflow/example_dags/example_trigger_controller_dag.py
[2024-08-10 04:17:32,222] {scheduler_job.py:639} INFO - DAG(s) dict_keys(['example_trigger_controller_dag']) retrieved from /home/airflow/.local/lib/python3.6/site-packages/airflow/example_dags/example_trigger_controller_dag.py
[2024-08-10 04:17:32,291] {logging_mixin.py:104} INFO - [2024-08-10 04:17:32,291] {dag.py:1824} INFO - Sync 1 DAGs
[2024-08-10 04:17:32,315] {logging_mixin.py:104} INFO - [2024-08-10 04:17:32,315] {dag.py:2280} INFO - Setting next_dagrun for example_trigger_controller_dag to 2024-08-08 00:00:00+00:00
[2024-08-10 04:17:32,329] {scheduler_job.py:190} INFO - Processing /home/airflow/.local/lib/python3.6/site-packages/airflow/example_dags/example_trigger_controller_dag.py took 0.119 seconds
[2024-08-10 05:08:47,529] {scheduler_job.py:182} INFO - Started process (PID=61231) to work on /home/airflow/.local/lib/python3.6/site-packages/airflow/example_dags/example_trigger_controller_dag.py
[2024-08-10 05:08:47,530] {scheduler_job.py:629} INFO - Processing file /home/airflow/.local/lib/python3.6/site-packages/airflow/example_dags/example_trigger_controller_dag.py for tasks to queue
[2024-08-10 05:08:47,531] {logging_mixin.py:104} INFO - [2024-08-10 05:08:47,531] {dagbag.py:451} INFO - Filling up the DagBag from /home/airflow/.local/lib/python3.6/site-packages/airflow/example_dags/example_trigger_controller_dag.py
[2024-08-10 05:08:47,538] {scheduler_job.py:639} INFO - DAG(s) dict_keys(['example_trigger_controller_dag']) retrieved from /home/airflow/.local/lib/python3.6/site-packages/airflow/example_dags/example_trigger_controller_dag.py
[2024-08-10 05:08:47,629] {logging_mixin.py:104} INFO - [2024-08-10 05:08:47,629] {dag.py:1824} INFO - Sync 1 DAGs
[2024-08-10 05:08:47,661] {logging_mixin.py:104} INFO - [2024-08-10 05:08:47,661] {dag.py:2280} INFO - Setting next_dagrun for example_trigger_controller_dag to 2024-08-08 00:00:00+00:00
[2024-08-10 05:08:47,679] {scheduler_job.py:190} INFO - Processing /home/airflow/.local/lib/python3.6/site-packages/airflow/example_dags/example_trigger_controller_dag.py took 0.151 seconds
[2024-08-10 05:18:29,331] {scheduler_job.py:182} INFO - Started process (PID=61260) to work on /home/airflow/.local/lib/python3.6/site-packages/airflow/example_dags/example_trigger_controller_dag.py
[2024-08-10 05:18:29,337] {scheduler_job.py:629} INFO - Processing file /home/airflow/.local/lib/python3.6/site-packages/airflow/example_dags/example_trigger_controller_dag.py for tasks to queue
[2024-08-10 05:18:29,346] {logging_mixin.py:104} INFO - [2024-08-10 05:18:29,346] {dagbag.py:451} INFO - Filling up the DagBag from /home/airflow/.local/lib/python3.6/site-packages/airflow/example_dags/example_trigger_controller_dag.py
[2024-08-10 05:18:29,362] {scheduler_job.py:639} INFO - DAG(s) dict_keys(['example_trigger_controller_dag']) retrieved from /home/airflow/.local/lib/python3.6/site-packages/airflow/example_dags/example_trigger_controller_dag.py
[2024-08-10 05:18:29,423] {logging_mixin.py:104} INFO - [2024-08-10 05:18:29,423] {dag.py:1824} INFO - Sync 1 DAGs
[2024-08-10 05:18:29,440] {logging_mixin.py:104} INFO - [2024-08-10 05:18:29,440] {dag.py:2280} INFO - Setting next_dagrun for example_trigger_controller_dag to 2024-08-08 00:00:00+00:00
[2024-08-10 05:18:29,450] {scheduler_job.py:190} INFO - Processing /home/airflow/.local/lib/python3.6/site-packages/airflow/example_dags/example_trigger_controller_dag.py took 0.121 seconds
[2024-08-10 05:52:11,076] {scheduler_job.py:182} INFO - Started process (PID=61289) to work on /home/airflow/.local/lib/python3.6/site-packages/airflow/example_dags/example_trigger_controller_dag.py
[2024-08-10 05:52:11,079] {scheduler_job.py:629} INFO - Processing file /home/airflow/.local/lib/python3.6/site-packages/airflow/example_dags/example_trigger_controller_dag.py for tasks to queue
[2024-08-10 05:52:11,080] {logging_mixin.py:104} INFO - [2024-08-10 05:52:11,080] {dagbag.py:451} INFO - Filling up the DagBag from /home/airflow/.local/lib/python3.6/site-packages/airflow/example_dags/example_trigger_controller_dag.py
[2024-08-10 05:52:11,088] {scheduler_job.py:639} INFO - DAG(s) dict_keys(['example_trigger_controller_dag']) retrieved from /home/airflow/.local/lib/python3.6/site-packages/airflow/example_dags/example_trigger_controller_dag.py
[2024-08-10 05:52:11,165] {logging_mixin.py:104} INFO - [2024-08-10 05:52:11,165] {dag.py:1824} INFO - Sync 1 DAGs
[2024-08-10 05:52:11,193] {logging_mixin.py:104} INFO - [2024-08-10 05:52:11,192] {dag.py:2280} INFO - Setting next_dagrun for example_trigger_controller_dag to 2024-08-08 00:00:00+00:00
[2024-08-10 05:52:11,204] {scheduler_job.py:190} INFO - Processing /home/airflow/.local/lib/python3.6/site-packages/airflow/example_dags/example_trigger_controller_dag.py took 0.130 seconds
[2024-08-10 06:01:20,613] {scheduler_job.py:182} INFO - Started process (PID=61318) to work on /home/airflow/.local/lib/python3.6/site-packages/airflow/example_dags/example_trigger_controller_dag.py
[2024-08-10 06:01:20,616] {scheduler_job.py:629} INFO - Processing file /home/airflow/.local/lib/python3.6/site-packages/airflow/example_dags/example_trigger_controller_dag.py for tasks to queue
[2024-08-10 06:01:20,616] {logging_mixin.py:104} INFO - [2024-08-10 06:01:20,616] {dagbag.py:451} INFO - Filling up the DagBag from /home/airflow/.local/lib/python3.6/site-packages/airflow/example_dags/example_trigger_controller_dag.py
[2024-08-10 06:01:20,622] {scheduler_job.py:639} INFO - DAG(s) dict_keys(['example_trigger_controller_dag']) retrieved from /home/airflow/.local/lib/python3.6/site-packages/airflow/example_dags/example_trigger_controller_dag.py
[2024-08-10 06:01:20,681] {logging_mixin.py:104} INFO - [2024-08-10 06:01:20,681] {dag.py:1824} INFO - Sync 1 DAGs
[2024-08-10 06:01:20,698] {logging_mixin.py:104} INFO - [2024-08-10 06:01:20,698] {dag.py:2280} INFO - Setting next_dagrun for example_trigger_controller_dag to 2024-08-08 00:00:00+00:00
[2024-08-10 06:01:20,708] {scheduler_job.py:190} INFO - Processing /home/airflow/.local/lib/python3.6/site-packages/airflow/example_dags/example_trigger_controller_dag.py took 0.097 seconds
[2024-08-10 06:09:12,406] {scheduler_job.py:182} INFO - Started process (PID=61347) to work on /home/airflow/.local/lib/python3.6/site-packages/airflow/example_dags/example_trigger_controller_dag.py
[2024-08-10 06:09:12,408] {scheduler_job.py:629} INFO - Processing file /home/airflow/.local/lib/python3.6/site-packages/airflow/example_dags/example_trigger_controller_dag.py for tasks to queue
[2024-08-10 06:09:12,409] {logging_mixin.py:104} INFO - [2024-08-10 06:09:12,409] {dagbag.py:451} INFO - Filling up the DagBag from /home/airflow/.local/lib/python3.6/site-packages/airflow/example_dags/example_trigger_controller_dag.py
[2024-08-10 06:09:12,421] {scheduler_job.py:639} INFO - DAG(s) dict_keys(['example_trigger_controller_dag']) retrieved from /home/airflow/.local/lib/python3.6/site-packages/airflow/example_dags/example_trigger_controller_dag.py
[2024-08-10 06:09:12,495] {logging_mixin.py:104} INFO - [2024-08-10 06:09:12,495] {dag.py:1824} INFO - Sync 1 DAGs
[2024-08-10 06:09:12,519] {logging_mixin.py:104} INFO - [2024-08-10 06:09:12,519] {dag.py:2280} INFO - Setting next_dagrun for example_trigger_controller_dag to 2024-08-08 00:00:00+00:00
[2024-08-10 06:09:12,534] {scheduler_job.py:190} INFO - Processing /home/airflow/.local/lib/python3.6/site-packages/airflow/example_dags/example_trigger_controller_dag.py took 0.131 seconds
[2024-08-10 06:09:43,489] {scheduler_job.py:182} INFO - Started process (PID=61376) to work on /home/airflow/.local/lib/python3.6/site-packages/airflow/example_dags/example_trigger_controller_dag.py
[2024-08-10 06:09:43,490] {scheduler_job.py:629} INFO - Processing file /home/airflow/.local/lib/python3.6/site-packages/airflow/example_dags/example_trigger_controller_dag.py for tasks to queue
[2024-08-10 06:09:43,491] {logging_mixin.py:104} INFO - [2024-08-10 06:09:43,490] {dagbag.py:451} INFO - Filling up the DagBag from /home/airflow/.local/lib/python3.6/site-packages/airflow/example_dags/example_trigger_controller_dag.py
[2024-08-10 06:09:43,496] {scheduler_job.py:639} INFO - DAG(s) dict_keys(['example_trigger_controller_dag']) retrieved from /home/airflow/.local/lib/python3.6/site-packages/airflow/example_dags/example_trigger_controller_dag.py
[2024-08-10 06:09:43,555] {logging_mixin.py:104} INFO - [2024-08-10 06:09:43,555] {dag.py:1824} INFO - Sync 1 DAGs
[2024-08-10 06:09:43,572] {logging_mixin.py:104} INFO - [2024-08-10 06:09:43,572] {dag.py:2280} INFO - Setting next_dagrun for example_trigger_controller_dag to 2024-08-08 00:00:00+00:00
[2024-08-10 06:09:43,585] {scheduler_job.py:190} INFO - Processing /home/airflow/.local/lib/python3.6/site-packages/airflow/example_dags/example_trigger_controller_dag.py took 0.098 seconds
[2024-08-10 06:19:26,425] {scheduler_job.py:182} INFO - Started process (PID=61405) to work on /home/airflow/.local/lib/python3.6/site-packages/airflow/example_dags/example_trigger_controller_dag.py
[2024-08-10 06:19:26,426] {scheduler_job.py:629} INFO - Processing file /home/airflow/.local/lib/python3.6/site-packages/airflow/example_dags/example_trigger_controller_dag.py for tasks to queue
[2024-08-10 06:19:26,427] {logging_mixin.py:104} INFO - [2024-08-10 06:19:26,427] {dagbag.py:451} INFO - Filling up the DagBag from /home/airflow/.local/lib/python3.6/site-packages/airflow/example_dags/example_trigger_controller_dag.py
[2024-08-10 06:19:26,432] {scheduler_job.py:639} INFO - DAG(s) dict_keys(['example_trigger_controller_dag']) retrieved from /home/airflow/.local/lib/python3.6/site-packages/airflow/example_dags/example_trigger_controller_dag.py
[2024-08-10 06:19:26,492] {logging_mixin.py:104} INFO - [2024-08-10 06:19:26,492] {dag.py:1824} INFO - Sync 1 DAGs
[2024-08-10 06:19:26,508] {logging_mixin.py:104} INFO - [2024-08-10 06:19:26,508] {dag.py:2280} INFO - Setting next_dagrun for example_trigger_controller_dag to 2024-08-08 00:00:00+00:00
[2024-08-10 06:19:26,518] {scheduler_job.py:190} INFO - Processing /home/airflow/.local/lib/python3.6/site-packages/airflow/example_dags/example_trigger_controller_dag.py took 0.094 seconds
[2024-08-10 06:53:15,167] {scheduler_job.py:182} INFO - Started process (PID=61434) to work on /home/airflow/.local/lib/python3.6/site-packages/airflow/example_dags/example_trigger_controller_dag.py
[2024-08-10 06:53:15,171] {scheduler_job.py:629} INFO - Processing file /home/airflow/.local/lib/python3.6/site-packages/airflow/example_dags/example_trigger_controller_dag.py for tasks to queue
[2024-08-10 06:53:15,172] {logging_mixin.py:104} INFO - [2024-08-10 06:53:15,172] {dagbag.py:451} INFO - Filling up the DagBag from /home/airflow/.local/lib/python3.6/site-packages/airflow/example_dags/example_trigger_controller_dag.py
[2024-08-10 06:53:15,186] {scheduler_job.py:639} INFO - DAG(s) dict_keys(['example_trigger_controller_dag']) retrieved from /home/airflow/.local/lib/python3.6/site-packages/airflow/example_dags/example_trigger_controller_dag.py
[2024-08-10 06:53:15,275] {logging_mixin.py:104} INFO - [2024-08-10 06:53:15,275] {dag.py:1824} INFO - Sync 1 DAGs
[2024-08-10 06:53:15,322] {logging_mixin.py:104} INFO - [2024-08-10 06:53:15,322] {dag.py:2280} INFO - Setting next_dagrun for example_trigger_controller_dag to 2024-08-08 00:00:00+00:00
[2024-08-10 06:53:15,345] {scheduler_job.py:190} INFO - Processing /home/airflow/.local/lib/python3.6/site-packages/airflow/example_dags/example_trigger_controller_dag.py took 0.181 seconds
[2024-08-10 07:20:23,718] {scheduler_job.py:182} INFO - Started process (PID=61463) to work on /home/airflow/.local/lib/python3.6/site-packages/airflow/example_dags/example_trigger_controller_dag.py
[2024-08-10 07:20:23,718] {scheduler_job.py:629} INFO - Processing file /home/airflow/.local/lib/python3.6/site-packages/airflow/example_dags/example_trigger_controller_dag.py for tasks to queue
[2024-08-10 07:20:23,719] {logging_mixin.py:104} INFO - [2024-08-10 07:20:23,719] {dagbag.py:451} INFO - Filling up the DagBag from /home/airflow/.local/lib/python3.6/site-packages/airflow/example_dags/example_trigger_controller_dag.py
[2024-08-10 07:20:23,725] {scheduler_job.py:639} INFO - DAG(s) dict_keys(['example_trigger_controller_dag']) retrieved from /home/airflow/.local/lib/python3.6/site-packages/airflow/example_dags/example_trigger_controller_dag.py
[2024-08-10 07:20:23,798] {logging_mixin.py:104} INFO - [2024-08-10 07:20:23,797] {dag.py:1824} INFO - Sync 1 DAGs
[2024-08-10 07:20:23,821] {logging_mixin.py:104} INFO - [2024-08-10 07:20:23,821] {dag.py:2280} INFO - Setting next_dagrun for example_trigger_controller_dag to 2024-08-08 00:00:00+00:00
[2024-08-10 07:20:23,834] {scheduler_job.py:190} INFO - Processing /home/airflow/.local/lib/python3.6/site-packages/airflow/example_dags/example_trigger_controller_dag.py took 0.118 seconds
[2024-08-10 07:36:31,991] {scheduler_job.py:182} INFO - Started process (PID=61492) to work on /home/airflow/.local/lib/python3.6/site-packages/airflow/example_dags/example_trigger_controller_dag.py
[2024-08-10 07:36:31,993] {scheduler_job.py:629} INFO - Processing file /home/airflow/.local/lib/python3.6/site-packages/airflow/example_dags/example_trigger_controller_dag.py for tasks to queue
[2024-08-10 07:36:31,994] {logging_mixin.py:104} INFO - [2024-08-10 07:36:31,993] {dagbag.py:451} INFO - Filling up the DagBag from /home/airflow/.local/lib/python3.6/site-packages/airflow/example_dags/example_trigger_controller_dag.py
[2024-08-10 07:36:32,002] {scheduler_job.py:639} INFO - DAG(s) dict_keys(['example_trigger_controller_dag']) retrieved from /home/airflow/.local/lib/python3.6/site-packages/airflow/example_dags/example_trigger_controller_dag.py
[2024-08-10 07:36:32,080] {logging_mixin.py:104} INFO - [2024-08-10 07:36:32,080] {dag.py:1824} INFO - Sync 1 DAGs
[2024-08-10 07:36:32,102] {logging_mixin.py:104} INFO - [2024-08-10 07:36:32,102] {dag.py:2280} INFO - Setting next_dagrun for example_trigger_controller_dag to 2024-08-08 00:00:00+00:00
[2024-08-10 07:36:32,114] {scheduler_job.py:190} INFO - Processing /home/airflow/.local/lib/python3.6/site-packages/airflow/example_dags/example_trigger_controller_dag.py took 0.125 seconds
[2024-08-10 07:40:23,152] {scheduler_job.py:182} INFO - Started process (PID=61521) to work on /home/airflow/.local/lib/python3.6/site-packages/airflow/example_dags/example_trigger_controller_dag.py
[2024-08-10 07:40:23,152] {scheduler_job.py:629} INFO - Processing file /home/airflow/.local/lib/python3.6/site-packages/airflow/example_dags/example_trigger_controller_dag.py for tasks to queue
[2024-08-10 07:40:23,153] {logging_mixin.py:104} INFO - [2024-08-10 07:40:23,153] {dagbag.py:451} INFO - Filling up the DagBag from /home/airflow/.local/lib/python3.6/site-packages/airflow/example_dags/example_trigger_controller_dag.py
[2024-08-10 07:40:23,160] {scheduler_job.py:639} INFO - DAG(s) dict_keys(['example_trigger_controller_dag']) retrieved from /home/airflow/.local/lib/python3.6/site-packages/airflow/example_dags/example_trigger_controller_dag.py
[2024-08-10 07:40:23,267] {logging_mixin.py:104} INFO - [2024-08-10 07:40:23,267] {dag.py:1824} INFO - Sync 1 DAGs
[2024-08-10 07:40:23,288] {logging_mixin.py:104} INFO - [2024-08-10 07:40:23,288] {dag.py:2280} INFO - Setting next_dagrun for example_trigger_controller_dag to 2024-08-08 00:00:00+00:00
[2024-08-10 07:40:23,299] {scheduler_job.py:190} INFO - Processing /home/airflow/.local/lib/python3.6/site-packages/airflow/example_dags/example_trigger_controller_dag.py took 0.149 seconds
[2024-08-10 08:13:23,709] {scheduler_job.py:182} INFO - Started process (PID=61550) to work on /home/airflow/.local/lib/python3.6/site-packages/airflow/example_dags/example_trigger_controller_dag.py
[2024-08-10 08:13:23,710] {scheduler_job.py:629} INFO - Processing file /home/airflow/.local/lib/python3.6/site-packages/airflow/example_dags/example_trigger_controller_dag.py for tasks to queue
[2024-08-10 08:13:23,711] {logging_mixin.py:104} INFO - [2024-08-10 08:13:23,711] {dagbag.py:451} INFO - Filling up the DagBag from /home/airflow/.local/lib/python3.6/site-packages/airflow/example_dags/example_trigger_controller_dag.py
[2024-08-10 08:13:23,718] {scheduler_job.py:639} INFO - DAG(s) dict_keys(['example_trigger_controller_dag']) retrieved from /home/airflow/.local/lib/python3.6/site-packages/airflow/example_dags/example_trigger_controller_dag.py
[2024-08-10 08:13:23,795] {logging_mixin.py:104} INFO - [2024-08-10 08:13:23,795] {dag.py:1824} INFO - Sync 1 DAGs
[2024-08-10 08:13:23,824] {logging_mixin.py:104} INFO - [2024-08-10 08:13:23,824] {dag.py:2280} INFO - Setting next_dagrun for example_trigger_controller_dag to 2024-08-08 00:00:00+00:00
[2024-08-10 08:13:23,838] {scheduler_job.py:190} INFO - Processing /home/airflow/.local/lib/python3.6/site-packages/airflow/example_dags/example_trigger_controller_dag.py took 0.131 seconds
[2024-08-10 08:16:03,643] {scheduler_job.py:182} INFO - Started process (PID=61579) to work on /home/airflow/.local/lib/python3.6/site-packages/airflow/example_dags/example_trigger_controller_dag.py
[2024-08-10 08:16:03,645] {scheduler_job.py:629} INFO - Processing file /home/airflow/.local/lib/python3.6/site-packages/airflow/example_dags/example_trigger_controller_dag.py for tasks to queue
[2024-08-10 08:16:03,647] {logging_mixin.py:104} INFO - [2024-08-10 08:16:03,647] {dagbag.py:451} INFO - Filling up the DagBag from /home/airflow/.local/lib/python3.6/site-packages/airflow/example_dags/example_trigger_controller_dag.py
[2024-08-10 08:16:03,656] {scheduler_job.py:639} INFO - DAG(s) dict_keys(['example_trigger_controller_dag']) retrieved from /home/airflow/.local/lib/python3.6/site-packages/airflow/example_dags/example_trigger_controller_dag.py
[2024-08-10 08:16:03,728] {logging_mixin.py:104} INFO - [2024-08-10 08:16:03,728] {dag.py:1824} INFO - Sync 1 DAGs
[2024-08-10 08:16:03,745] {logging_mixin.py:104} INFO - [2024-08-10 08:16:03,745] {dag.py:2280} INFO - Setting next_dagrun for example_trigger_controller_dag to 2024-08-08 00:00:00+00:00
[2024-08-10 08:16:03,758] {scheduler_job.py:190} INFO - Processing /home/airflow/.local/lib/python3.6/site-packages/airflow/example_dags/example_trigger_controller_dag.py took 0.118 seconds
[2024-08-10 08:16:33,912] {scheduler_job.py:182} INFO - Started process (PID=61608) to work on /home/airflow/.local/lib/python3.6/site-packages/airflow/example_dags/example_trigger_controller_dag.py
[2024-08-10 08:16:33,913] {scheduler_job.py:629} INFO - Processing file /home/airflow/.local/lib/python3.6/site-packages/airflow/example_dags/example_trigger_controller_dag.py for tasks to queue
[2024-08-10 08:16:33,913] {logging_mixin.py:104} INFO - [2024-08-10 08:16:33,913] {dagbag.py:451} INFO - Filling up the DagBag from /home/airflow/.local/lib/python3.6/site-packages/airflow/example_dags/example_trigger_controller_dag.py
[2024-08-10 08:16:33,919] {scheduler_job.py:639} INFO - DAG(s) dict_keys(['example_trigger_controller_dag']) retrieved from /home/airflow/.local/lib/python3.6/site-packages/airflow/example_dags/example_trigger_controller_dag.py
[2024-08-10 08:16:33,979] {logging_mixin.py:104} INFO - [2024-08-10 08:16:33,979] {dag.py:1824} INFO - Sync 1 DAGs
[2024-08-10 08:16:33,995] {logging_mixin.py:104} INFO - [2024-08-10 08:16:33,995] {dag.py:2280} INFO - Setting next_dagrun for example_trigger_controller_dag to 2024-08-08 00:00:00+00:00
[2024-08-10 08:16:34,006] {scheduler_job.py:190} INFO - Processing /home/airflow/.local/lib/python3.6/site-packages/airflow/example_dags/example_trigger_controller_dag.py took 0.095 seconds
[2024-08-10 08:17:04,690] {scheduler_job.py:182} INFO - Started process (PID=61637) to work on /home/airflow/.local/lib/python3.6/site-packages/airflow/example_dags/example_trigger_controller_dag.py
[2024-08-10 08:17:04,691] {scheduler_job.py:629} INFO - Processing file /home/airflow/.local/lib/python3.6/site-packages/airflow/example_dags/example_trigger_controller_dag.py for tasks to queue
[2024-08-10 08:17:04,691] {logging_mixin.py:104} INFO - [2024-08-10 08:17:04,691] {dagbag.py:451} INFO - Filling up the DagBag from /home/airflow/.local/lib/python3.6/site-packages/airflow/example_dags/example_trigger_controller_dag.py
[2024-08-10 08:17:04,698] {scheduler_job.py:639} INFO - DAG(s) dict_keys(['example_trigger_controller_dag']) retrieved from /home/airflow/.local/lib/python3.6/site-packages/airflow/example_dags/example_trigger_controller_dag.py
[2024-08-10 08:17:04,757] {logging_mixin.py:104} INFO - [2024-08-10 08:17:04,757] {dag.py:1824} INFO - Sync 1 DAGs
[2024-08-10 08:17:04,775] {logging_mixin.py:104} INFO - [2024-08-10 08:17:04,775] {dag.py:2280} INFO - Setting next_dagrun for example_trigger_controller_dag to 2024-08-08 00:00:00+00:00
[2024-08-10 08:17:04,787] {scheduler_job.py:190} INFO - Processing /home/airflow/.local/lib/python3.6/site-packages/airflow/example_dags/example_trigger_controller_dag.py took 0.098 seconds
[2024-08-10 08:17:35,619] {scheduler_job.py:182} INFO - Started process (PID=61666) to work on /home/airflow/.local/lib/python3.6/site-packages/airflow/example_dags/example_trigger_controller_dag.py
[2024-08-10 08:17:35,620] {scheduler_job.py:629} INFO - Processing file /home/airflow/.local/lib/python3.6/site-packages/airflow/example_dags/example_trigger_controller_dag.py for tasks to queue
[2024-08-10 08:17:35,621] {logging_mixin.py:104} INFO - [2024-08-10 08:17:35,621] {dagbag.py:451} INFO - Filling up the DagBag from /home/airflow/.local/lib/python3.6/site-packages/airflow/example_dags/example_trigger_controller_dag.py
[2024-08-10 08:17:35,628] {scheduler_job.py:639} INFO - DAG(s) dict_keys(['example_trigger_controller_dag']) retrieved from /home/airflow/.local/lib/python3.6/site-packages/airflow/example_dags/example_trigger_controller_dag.py
[2024-08-10 08:17:35,689] {logging_mixin.py:104} INFO - [2024-08-10 08:17:35,689] {dag.py:1824} INFO - Sync 1 DAGs
[2024-08-10 08:17:35,706] {logging_mixin.py:104} INFO - [2024-08-10 08:17:35,706] {dag.py:2280} INFO - Setting next_dagrun for example_trigger_controller_dag to 2024-08-08 00:00:00+00:00
[2024-08-10 08:17:35,717] {scheduler_job.py:190} INFO - Processing /home/airflow/.local/lib/python3.6/site-packages/airflow/example_dags/example_trigger_controller_dag.py took 0.100 seconds
[2024-08-10 08:18:06,327] {scheduler_job.py:182} INFO - Started process (PID=61695) to work on /home/airflow/.local/lib/python3.6/site-packages/airflow/example_dags/example_trigger_controller_dag.py
[2024-08-10 08:18:06,328] {scheduler_job.py:629} INFO - Processing file /home/airflow/.local/lib/python3.6/site-packages/airflow/example_dags/example_trigger_controller_dag.py for tasks to queue
[2024-08-10 08:18:06,329] {logging_mixin.py:104} INFO - [2024-08-10 08:18:06,329] {dagbag.py:451} INFO - Filling up the DagBag from /home/airflow/.local/lib/python3.6/site-packages/airflow/example_dags/example_trigger_controller_dag.py
[2024-08-10 08:18:06,335] {scheduler_job.py:639} INFO - DAG(s) dict_keys(['example_trigger_controller_dag']) retrieved from /home/airflow/.local/lib/python3.6/site-packages/airflow/example_dags/example_trigger_controller_dag.py
[2024-08-10 08:18:06,398] {logging_mixin.py:104} INFO - [2024-08-10 08:18:06,398] {dag.py:1824} INFO - Sync 1 DAGs
[2024-08-10 08:18:06,414] {logging_mixin.py:104} INFO - [2024-08-10 08:18:06,414] {dag.py:2280} INFO - Setting next_dagrun for example_trigger_controller_dag to 2024-08-08 00:00:00+00:00
[2024-08-10 08:18:06,424] {scheduler_job.py:190} INFO - Processing /home/airflow/.local/lib/python3.6/site-packages/airflow/example_dags/example_trigger_controller_dag.py took 0.099 seconds
[2024-08-10 08:18:37,107] {scheduler_job.py:182} INFO - Started process (PID=61724) to work on /home/airflow/.local/lib/python3.6/site-packages/airflow/example_dags/example_trigger_controller_dag.py
[2024-08-10 08:18:37,109] {scheduler_job.py:629} INFO - Processing file /home/airflow/.local/lib/python3.6/site-packages/airflow/example_dags/example_trigger_controller_dag.py for tasks to queue
[2024-08-10 08:18:37,109] {logging_mixin.py:104} INFO - [2024-08-10 08:18:37,109] {dagbag.py:451} INFO - Filling up the DagBag from /home/airflow/.local/lib/python3.6/site-packages/airflow/example_dags/example_trigger_controller_dag.py
[2024-08-10 08:18:37,115] {scheduler_job.py:639} INFO - DAG(s) dict_keys(['example_trigger_controller_dag']) retrieved from /home/airflow/.local/lib/python3.6/site-packages/airflow/example_dags/example_trigger_controller_dag.py
[2024-08-10 08:18:37,177] {logging_mixin.py:104} INFO - [2024-08-10 08:18:37,177] {dag.py:1824} INFO - Sync 1 DAGs
[2024-08-10 08:18:37,193] {logging_mixin.py:104} INFO - [2024-08-10 08:18:37,193] {dag.py:2280} INFO - Setting next_dagrun for example_trigger_controller_dag to 2024-08-08 00:00:00+00:00
[2024-08-10 08:18:37,203] {scheduler_job.py:190} INFO - Processing /home/airflow/.local/lib/python3.6/site-packages/airflow/example_dags/example_trigger_controller_dag.py took 0.098 seconds
[2024-08-10 08:19:07,922] {scheduler_job.py:182} INFO - Started process (PID=61753) to work on /home/airflow/.local/lib/python3.6/site-packages/airflow/example_dags/example_trigger_controller_dag.py
[2024-08-10 08:19:07,923] {scheduler_job.py:629} INFO - Processing file /home/airflow/.local/lib/python3.6/site-packages/airflow/example_dags/example_trigger_controller_dag.py for tasks to queue
[2024-08-10 08:19:07,924] {logging_mixin.py:104} INFO - [2024-08-10 08:19:07,924] {dagbag.py:451} INFO - Filling up the DagBag from /home/airflow/.local/lib/python3.6/site-packages/airflow/example_dags/example_trigger_controller_dag.py
[2024-08-10 08:19:07,930] {scheduler_job.py:639} INFO - DAG(s) dict_keys(['example_trigger_controller_dag']) retrieved from /home/airflow/.local/lib/python3.6/site-packages/airflow/example_dags/example_trigger_controller_dag.py
[2024-08-10 08:19:07,990] {logging_mixin.py:104} INFO - [2024-08-10 08:19:07,990] {dag.py:1824} INFO - Sync 1 DAGs
[2024-08-10 08:19:08,007] {logging_mixin.py:104} INFO - [2024-08-10 08:19:08,007] {dag.py:2280} INFO - Setting next_dagrun for example_trigger_controller_dag to 2024-08-08 00:00:00+00:00
[2024-08-10 08:19:08,017] {scheduler_job.py:190} INFO - Processing /home/airflow/.local/lib/python3.6/site-packages/airflow/example_dags/example_trigger_controller_dag.py took 0.096 seconds
[2024-08-10 08:19:38,635] {scheduler_job.py:182} INFO - Started process (PID=61782) to work on /home/airflow/.local/lib/python3.6/site-packages/airflow/example_dags/example_trigger_controller_dag.py
[2024-08-10 08:19:38,636] {scheduler_job.py:629} INFO - Processing file /home/airflow/.local/lib/python3.6/site-packages/airflow/example_dags/example_trigger_controller_dag.py for tasks to queue
[2024-08-10 08:19:38,637] {logging_mixin.py:104} INFO - [2024-08-10 08:19:38,637] {dagbag.py:451} INFO - Filling up the DagBag from /home/airflow/.local/lib/python3.6/site-packages/airflow/example_dags/example_trigger_controller_dag.py
[2024-08-10 08:19:38,643] {scheduler_job.py:639} INFO - DAG(s) dict_keys(['example_trigger_controller_dag']) retrieved from /home/airflow/.local/lib/python3.6/site-packages/airflow/example_dags/example_trigger_controller_dag.py
[2024-08-10 08:19:38,703] {logging_mixin.py:104} INFO - [2024-08-10 08:19:38,703] {dag.py:1824} INFO - Sync 1 DAGs
[2024-08-10 08:19:38,719] {logging_mixin.py:104} INFO - [2024-08-10 08:19:38,719] {dag.py:2280} INFO - Setting next_dagrun for example_trigger_controller_dag to 2024-08-08 00:00:00+00:00
[2024-08-10 08:19:38,729] {scheduler_job.py:190} INFO - Processing /home/airflow/.local/lib/python3.6/site-packages/airflow/example_dags/example_trigger_controller_dag.py took 0.096 seconds
[2024-08-10 08:20:09,409] {scheduler_job.py:182} INFO - Started process (PID=61811) to work on /home/airflow/.local/lib/python3.6/site-packages/airflow/example_dags/example_trigger_controller_dag.py
[2024-08-10 08:20:09,411] {scheduler_job.py:629} INFO - Processing file /home/airflow/.local/lib/python3.6/site-packages/airflow/example_dags/example_trigger_controller_dag.py for tasks to queue
[2024-08-10 08:20:09,411] {logging_mixin.py:104} INFO - [2024-08-10 08:20:09,411] {dagbag.py:451} INFO - Filling up the DagBag from /home/airflow/.local/lib/python3.6/site-packages/airflow/example_dags/example_trigger_controller_dag.py
[2024-08-10 08:20:09,418] {scheduler_job.py:639} INFO - DAG(s) dict_keys(['example_trigger_controller_dag']) retrieved from /home/airflow/.local/lib/python3.6/site-packages/airflow/example_dags/example_trigger_controller_dag.py
[2024-08-10 08:20:09,477] {logging_mixin.py:104} INFO - [2024-08-10 08:20:09,477] {dag.py:1824} INFO - Sync 1 DAGs
[2024-08-10 08:20:09,493] {logging_mixin.py:104} INFO - [2024-08-10 08:20:09,493] {dag.py:2280} INFO - Setting next_dagrun for example_trigger_controller_dag to 2024-08-08 00:00:00+00:00
[2024-08-10 08:20:09,504] {scheduler_job.py:190} INFO - Processing /home/airflow/.local/lib/python3.6/site-packages/airflow/example_dags/example_trigger_controller_dag.py took 0.096 seconds
[2024-08-10 08:20:40,185] {scheduler_job.py:182} INFO - Started process (PID=61840) to work on /home/airflow/.local/lib/python3.6/site-packages/airflow/example_dags/example_trigger_controller_dag.py
[2024-08-10 08:20:40,185] {scheduler_job.py:629} INFO - Processing file /home/airflow/.local/lib/python3.6/site-packages/airflow/example_dags/example_trigger_controller_dag.py for tasks to queue
[2024-08-10 08:20:40,186] {logging_mixin.py:104} INFO - [2024-08-10 08:20:40,186] {dagbag.py:451} INFO - Filling up the DagBag from /home/airflow/.local/lib/python3.6/site-packages/airflow/example_dags/example_trigger_controller_dag.py
[2024-08-10 08:20:40,192] {scheduler_job.py:639} INFO - DAG(s) dict_keys(['example_trigger_controller_dag']) retrieved from /home/airflow/.local/lib/python3.6/site-packages/airflow/example_dags/example_trigger_controller_dag.py
[2024-08-10 08:20:40,251] {logging_mixin.py:104} INFO - [2024-08-10 08:20:40,251] {dag.py:1824} INFO - Sync 1 DAGs
[2024-08-10 08:20:40,267] {logging_mixin.py:104} INFO - [2024-08-10 08:20:40,267] {dag.py:2280} INFO - Setting next_dagrun for example_trigger_controller_dag to 2024-08-08 00:00:00+00:00
[2024-08-10 08:20:40,277] {scheduler_job.py:190} INFO - Processing /home/airflow/.local/lib/python3.6/site-packages/airflow/example_dags/example_trigger_controller_dag.py took 0.095 seconds
[2024-08-10 08:21:10,903] {scheduler_job.py:182} INFO - Started process (PID=61869) to work on /home/airflow/.local/lib/python3.6/site-packages/airflow/example_dags/example_trigger_controller_dag.py
[2024-08-10 08:21:10,904] {scheduler_job.py:629} INFO - Processing file /home/airflow/.local/lib/python3.6/site-packages/airflow/example_dags/example_trigger_controller_dag.py for tasks to queue
[2024-08-10 08:21:10,904] {logging_mixin.py:104} INFO - [2024-08-10 08:21:10,904] {dagbag.py:451} INFO - Filling up the DagBag from /home/airflow/.local/lib/python3.6/site-packages/airflow/example_dags/example_trigger_controller_dag.py
[2024-08-10 08:21:10,910] {scheduler_job.py:639} INFO - DAG(s) dict_keys(['example_trigger_controller_dag']) retrieved from /home/airflow/.local/lib/python3.6/site-packages/airflow/example_dags/example_trigger_controller_dag.py
[2024-08-10 08:21:10,970] {logging_mixin.py:104} INFO - [2024-08-10 08:21:10,970] {dag.py:1824} INFO - Sync 1 DAGs
[2024-08-10 08:21:10,987] {logging_mixin.py:104} INFO - [2024-08-10 08:21:10,987] {dag.py:2280} INFO - Setting next_dagrun for example_trigger_controller_dag to 2024-08-08 00:00:00+00:00
[2024-08-10 08:21:10,997] {scheduler_job.py:190} INFO - Processing /home/airflow/.local/lib/python3.6/site-packages/airflow/example_dags/example_trigger_controller_dag.py took 0.096 seconds
[2024-08-10 08:21:41,723] {scheduler_job.py:182} INFO - Started process (PID=61898) to work on /home/airflow/.local/lib/python3.6/site-packages/airflow/example_dags/example_trigger_controller_dag.py
[2024-08-10 08:21:41,724] {scheduler_job.py:629} INFO - Processing file /home/airflow/.local/lib/python3.6/site-packages/airflow/example_dags/example_trigger_controller_dag.py for tasks to queue
[2024-08-10 08:21:41,725] {logging_mixin.py:104} INFO - [2024-08-10 08:21:41,725] {dagbag.py:451} INFO - Filling up the DagBag from /home/airflow/.local/lib/python3.6/site-packages/airflow/example_dags/example_trigger_controller_dag.py
[2024-08-10 08:21:41,732] {scheduler_job.py:639} INFO - DAG(s) dict_keys(['example_trigger_controller_dag']) retrieved from /home/airflow/.local/lib/python3.6/site-packages/airflow/example_dags/example_trigger_controller_dag.py
[2024-08-10 08:21:41,793] {logging_mixin.py:104} INFO - [2024-08-10 08:21:41,793] {dag.py:1824} INFO - Sync 1 DAGs
[2024-08-10 08:21:41,811] {logging_mixin.py:104} INFO - [2024-08-10 08:21:41,811] {dag.py:2280} INFO - Setting next_dagrun for example_trigger_controller_dag to 2024-08-08 00:00:00+00:00
[2024-08-10 08:21:41,821] {scheduler_job.py:190} INFO - Processing /home/airflow/.local/lib/python3.6/site-packages/airflow/example_dags/example_trigger_controller_dag.py took 0.100 seconds
[2024-08-10 08:22:12,512] {scheduler_job.py:182} INFO - Started process (PID=61927) to work on /home/airflow/.local/lib/python3.6/site-packages/airflow/example_dags/example_trigger_controller_dag.py
[2024-08-10 08:22:12,512] {scheduler_job.py:629} INFO - Processing file /home/airflow/.local/lib/python3.6/site-packages/airflow/example_dags/example_trigger_controller_dag.py for tasks to queue
[2024-08-10 08:22:12,513] {logging_mixin.py:104} INFO - [2024-08-10 08:22:12,513] {dagbag.py:451} INFO - Filling up the DagBag from /home/airflow/.local/lib/python3.6/site-packages/airflow/example_dags/example_trigger_controller_dag.py
[2024-08-10 08:22:12,519] {scheduler_job.py:639} INFO - DAG(s) dict_keys(['example_trigger_controller_dag']) retrieved from /home/airflow/.local/lib/python3.6/site-packages/airflow/example_dags/example_trigger_controller_dag.py
[2024-08-10 08:22:12,579] {logging_mixin.py:104} INFO - [2024-08-10 08:22:12,579] {dag.py:1824} INFO - Sync 1 DAGs
[2024-08-10 08:22:12,595] {logging_mixin.py:104} INFO - [2024-08-10 08:22:12,595] {dag.py:2280} INFO - Setting next_dagrun for example_trigger_controller_dag to 2024-08-08 00:00:00+00:00
[2024-08-10 08:22:12,605] {scheduler_job.py:190} INFO - Processing /home/airflow/.local/lib/python3.6/site-packages/airflow/example_dags/example_trigger_controller_dag.py took 0.095 seconds
[2024-08-10 08:22:43,242] {scheduler_job.py:182} INFO - Started process (PID=61956) to work on /home/airflow/.local/lib/python3.6/site-packages/airflow/example_dags/example_trigger_controller_dag.py
[2024-08-10 08:22:43,242] {scheduler_job.py:629} INFO - Processing file /home/airflow/.local/lib/python3.6/site-packages/airflow/example_dags/example_trigger_controller_dag.py for tasks to queue
[2024-08-10 08:22:43,243] {logging_mixin.py:104} INFO - [2024-08-10 08:22:43,243] {dagbag.py:451} INFO - Filling up the DagBag from /home/airflow/.local/lib/python3.6/site-packages/airflow/example_dags/example_trigger_controller_dag.py
[2024-08-10 08:22:43,249] {scheduler_job.py:639} INFO - DAG(s) dict_keys(['example_trigger_controller_dag']) retrieved from /home/airflow/.local/lib/python3.6/site-packages/airflow/example_dags/example_trigger_controller_dag.py
[2024-08-10 08:22:43,311] {logging_mixin.py:104} INFO - [2024-08-10 08:22:43,311] {dag.py:1824} INFO - Sync 1 DAGs
[2024-08-10 08:22:43,327] {logging_mixin.py:104} INFO - [2024-08-10 08:22:43,327] {dag.py:2280} INFO - Setting next_dagrun for example_trigger_controller_dag to 2024-08-08 00:00:00+00:00
[2024-08-10 08:22:43,338] {scheduler_job.py:190} INFO - Processing /home/airflow/.local/lib/python3.6/site-packages/airflow/example_dags/example_trigger_controller_dag.py took 0.098 seconds
[2024-08-10 19:59:44,531] {scheduler_job.py:182} INFO - Started process (PID=51) to work on /home/airflow/.local/lib/python3.6/site-packages/airflow/example_dags/example_trigger_controller_dag.py
[2024-08-10 19:59:44,532] {scheduler_job.py:629} INFO - Processing file /home/airflow/.local/lib/python3.6/site-packages/airflow/example_dags/example_trigger_controller_dag.py for tasks to queue
[2024-08-10 19:59:44,532] {logging_mixin.py:104} INFO - [2024-08-10 19:59:44,532] {dagbag.py:451} INFO - Filling up the DagBag from /home/airflow/.local/lib/python3.6/site-packages/airflow/example_dags/example_trigger_controller_dag.py
[2024-08-10 19:59:44,539] {scheduler_job.py:639} INFO - DAG(s) dict_keys(['example_trigger_controller_dag']) retrieved from /home/airflow/.local/lib/python3.6/site-packages/airflow/example_dags/example_trigger_controller_dag.py
[2024-08-10 19:59:44,603] {logging_mixin.py:104} INFO - [2024-08-10 19:59:44,603] {dag.py:1824} INFO - Sync 1 DAGs
[2024-08-10 19:59:44,620] {logging_mixin.py:104} INFO - [2024-08-10 19:59:44,620] {dag.py:2280} INFO - Setting next_dagrun for example_trigger_controller_dag to 2024-08-08 00:00:00+00:00
[2024-08-10 19:59:44,634] {scheduler_job.py:190} INFO - Processing /home/airflow/.local/lib/python3.6/site-packages/airflow/example_dags/example_trigger_controller_dag.py took 0.105 seconds
[2024-08-10 20:00:16,073] {scheduler_job.py:182} INFO - Started process (PID=86) to work on /home/airflow/.local/lib/python3.6/site-packages/airflow/example_dags/example_trigger_controller_dag.py
[2024-08-10 20:00:16,074] {scheduler_job.py:629} INFO - Processing file /home/airflow/.local/lib/python3.6/site-packages/airflow/example_dags/example_trigger_controller_dag.py for tasks to queue
[2024-08-10 20:00:16,074] {logging_mixin.py:104} INFO - [2024-08-10 20:00:16,074] {dagbag.py:451} INFO - Filling up the DagBag from /home/airflow/.local/lib/python3.6/site-packages/airflow/example_dags/example_trigger_controller_dag.py
[2024-08-10 20:00:16,080] {scheduler_job.py:639} INFO - DAG(s) dict_keys(['example_trigger_controller_dag']) retrieved from /home/airflow/.local/lib/python3.6/site-packages/airflow/example_dags/example_trigger_controller_dag.py
[2024-08-10 20:00:16,138] {logging_mixin.py:104} INFO - [2024-08-10 20:00:16,138] {dag.py:1824} INFO - Sync 1 DAGs
[2024-08-10 20:00:16,154] {logging_mixin.py:104} INFO - [2024-08-10 20:00:16,154] {dag.py:2280} INFO - Setting next_dagrun for example_trigger_controller_dag to 2024-08-08 00:00:00+00:00
[2024-08-10 20:00:16,164] {scheduler_job.py:190} INFO - Processing /home/airflow/.local/lib/python3.6/site-packages/airflow/example_dags/example_trigger_controller_dag.py took 0.093 seconds
[2024-08-10 21:00:37,583] {scheduler_job.py:182} INFO - Started process (PID=109) to work on /home/airflow/.local/lib/python3.6/site-packages/airflow/example_dags/example_trigger_controller_dag.py
[2024-08-10 21:00:37,584] {scheduler_job.py:629} INFO - Processing file /home/airflow/.local/lib/python3.6/site-packages/airflow/example_dags/example_trigger_controller_dag.py for tasks to queue
[2024-08-10 21:00:37,585] {logging_mixin.py:104} INFO - [2024-08-10 21:00:37,585] {dagbag.py:451} INFO - Filling up the DagBag from /home/airflow/.local/lib/python3.6/site-packages/airflow/example_dags/example_trigger_controller_dag.py
[2024-08-10 21:00:37,592] {scheduler_job.py:639} INFO - DAG(s) dict_keys(['example_trigger_controller_dag']) retrieved from /home/airflow/.local/lib/python3.6/site-packages/airflow/example_dags/example_trigger_controller_dag.py
[2024-08-10 21:00:37,656] {logging_mixin.py:104} INFO - [2024-08-10 21:00:37,656] {dag.py:1824} INFO - Sync 1 DAGs
[2024-08-10 21:00:37,677] {logging_mixin.py:104} INFO - [2024-08-10 21:00:37,677] {dag.py:2280} INFO - Setting next_dagrun for example_trigger_controller_dag to 2024-08-08 00:00:00+00:00
[2024-08-10 21:00:37,689] {scheduler_job.py:190} INFO - Processing /home/airflow/.local/lib/python3.6/site-packages/airflow/example_dags/example_trigger_controller_dag.py took 0.107 seconds
[2024-08-10 21:01:08,707] {scheduler_job.py:182} INFO - Started process (PID=144) to work on /home/airflow/.local/lib/python3.6/site-packages/airflow/example_dags/example_trigger_controller_dag.py
[2024-08-10 21:01:08,708] {scheduler_job.py:629} INFO - Processing file /home/airflow/.local/lib/python3.6/site-packages/airflow/example_dags/example_trigger_controller_dag.py for tasks to queue
[2024-08-10 21:01:08,709] {logging_mixin.py:104} INFO - [2024-08-10 21:01:08,709] {dagbag.py:451} INFO - Filling up the DagBag from /home/airflow/.local/lib/python3.6/site-packages/airflow/example_dags/example_trigger_controller_dag.py
[2024-08-10 21:01:08,715] {scheduler_job.py:639} INFO - DAG(s) dict_keys(['example_trigger_controller_dag']) retrieved from /home/airflow/.local/lib/python3.6/site-packages/airflow/example_dags/example_trigger_controller_dag.py
[2024-08-10 21:01:08,773] {logging_mixin.py:104} INFO - [2024-08-10 21:01:08,773] {dag.py:1824} INFO - Sync 1 DAGs
[2024-08-10 21:01:08,789] {logging_mixin.py:104} INFO - [2024-08-10 21:01:08,789] {dag.py:2280} INFO - Setting next_dagrun for example_trigger_controller_dag to 2024-08-08 00:00:00+00:00
[2024-08-10 21:01:08,799] {scheduler_job.py:190} INFO - Processing /home/airflow/.local/lib/python3.6/site-packages/airflow/example_dags/example_trigger_controller_dag.py took 0.094 seconds
[2024-08-10 21:16:45,963] {scheduler_job.py:182} INFO - Started process (PID=167) to work on /home/airflow/.local/lib/python3.6/site-packages/airflow/example_dags/example_trigger_controller_dag.py
[2024-08-10 21:16:45,966] {scheduler_job.py:629} INFO - Processing file /home/airflow/.local/lib/python3.6/site-packages/airflow/example_dags/example_trigger_controller_dag.py for tasks to queue
[2024-08-10 21:16:45,967] {logging_mixin.py:104} INFO - [2024-08-10 21:16:45,967] {dagbag.py:451} INFO - Filling up the DagBag from /home/airflow/.local/lib/python3.6/site-packages/airflow/example_dags/example_trigger_controller_dag.py
[2024-08-10 21:16:45,973] {scheduler_job.py:639} INFO - DAG(s) dict_keys(['example_trigger_controller_dag']) retrieved from /home/airflow/.local/lib/python3.6/site-packages/airflow/example_dags/example_trigger_controller_dag.py
[2024-08-10 21:16:46,033] {logging_mixin.py:104} INFO - [2024-08-10 21:16:46,033] {dag.py:1824} INFO - Sync 1 DAGs
[2024-08-10 21:16:46,051] {logging_mixin.py:104} INFO - [2024-08-10 21:16:46,050] {dag.py:2280} INFO - Setting next_dagrun for example_trigger_controller_dag to 2024-08-08 00:00:00+00:00
[2024-08-10 21:16:46,061] {scheduler_job.py:190} INFO - Processing /home/airflow/.local/lib/python3.6/site-packages/airflow/example_dags/example_trigger_controller_dag.py took 0.099 seconds
[2024-08-10 21:21:48,456] {scheduler_job.py:182} INFO - Started process (PID=196) to work on /home/airflow/.local/lib/python3.6/site-packages/airflow/example_dags/example_trigger_controller_dag.py
[2024-08-10 21:21:48,457] {scheduler_job.py:629} INFO - Processing file /home/airflow/.local/lib/python3.6/site-packages/airflow/example_dags/example_trigger_controller_dag.py for tasks to queue
[2024-08-10 21:21:48,458] {logging_mixin.py:104} INFO - [2024-08-10 21:21:48,458] {dagbag.py:451} INFO - Filling up the DagBag from /home/airflow/.local/lib/python3.6/site-packages/airflow/example_dags/example_trigger_controller_dag.py
[2024-08-10 21:21:48,466] {scheduler_job.py:639} INFO - DAG(s) dict_keys(['example_trigger_controller_dag']) retrieved from /home/airflow/.local/lib/python3.6/site-packages/airflow/example_dags/example_trigger_controller_dag.py
[2024-08-10 21:21:48,532] {logging_mixin.py:104} INFO - [2024-08-10 21:21:48,532] {dag.py:1824} INFO - Sync 1 DAGs
[2024-08-10 21:21:48,551] {logging_mixin.py:104} INFO - [2024-08-10 21:21:48,551] {dag.py:2280} INFO - Setting next_dagrun for example_trigger_controller_dag to 2024-08-08 00:00:00+00:00
[2024-08-10 21:21:48,561] {scheduler_job.py:190} INFO - Processing /home/airflow/.local/lib/python3.6/site-packages/airflow/example_dags/example_trigger_controller_dag.py took 0.107 seconds
[2024-08-10 21:22:19,702] {scheduler_job.py:182} INFO - Started process (PID=232) to work on /home/airflow/.local/lib/python3.6/site-packages/airflow/example_dags/example_trigger_controller_dag.py
[2024-08-10 21:22:19,703] {scheduler_job.py:629} INFO - Processing file /home/airflow/.local/lib/python3.6/site-packages/airflow/example_dags/example_trigger_controller_dag.py for tasks to queue
[2024-08-10 21:22:19,703] {logging_mixin.py:104} INFO - [2024-08-10 21:22:19,703] {dagbag.py:451} INFO - Filling up the DagBag from /home/airflow/.local/lib/python3.6/site-packages/airflow/example_dags/example_trigger_controller_dag.py
[2024-08-10 21:22:19,708] {scheduler_job.py:639} INFO - DAG(s) dict_keys(['example_trigger_controller_dag']) retrieved from /home/airflow/.local/lib/python3.6/site-packages/airflow/example_dags/example_trigger_controller_dag.py
[2024-08-10 21:22:19,766] {logging_mixin.py:104} INFO - [2024-08-10 21:22:19,766] {dag.py:1824} INFO - Sync 1 DAGs
[2024-08-10 21:22:19,784] {logging_mixin.py:104} INFO - [2024-08-10 21:22:19,783] {dag.py:2280} INFO - Setting next_dagrun for example_trigger_controller_dag to 2024-08-08 00:00:00+00:00
[2024-08-10 21:22:19,793] {scheduler_job.py:190} INFO - Processing /home/airflow/.local/lib/python3.6/site-packages/airflow/example_dags/example_trigger_controller_dag.py took 0.093 seconds
[2024-08-10 21:45:46,141] {scheduler_job.py:182} INFO - Started process (PID=254) to work on /home/airflow/.local/lib/python3.6/site-packages/airflow/example_dags/example_trigger_controller_dag.py
[2024-08-10 21:45:46,142] {scheduler_job.py:629} INFO - Processing file /home/airflow/.local/lib/python3.6/site-packages/airflow/example_dags/example_trigger_controller_dag.py for tasks to queue
[2024-08-10 21:45:46,142] {logging_mixin.py:104} INFO - [2024-08-10 21:45:46,142] {dagbag.py:451} INFO - Filling up the DagBag from /home/airflow/.local/lib/python3.6/site-packages/airflow/example_dags/example_trigger_controller_dag.py
[2024-08-10 21:45:46,149] {scheduler_job.py:639} INFO - DAG(s) dict_keys(['example_trigger_controller_dag']) retrieved from /home/airflow/.local/lib/python3.6/site-packages/airflow/example_dags/example_trigger_controller_dag.py
[2024-08-10 21:45:46,212] {logging_mixin.py:104} INFO - [2024-08-10 21:45:46,212] {dag.py:1824} INFO - Sync 1 DAGs
[2024-08-10 21:45:46,230] {logging_mixin.py:104} INFO - [2024-08-10 21:45:46,229] {dag.py:2280} INFO - Setting next_dagrun for example_trigger_controller_dag to 2024-08-08 00:00:00+00:00
[2024-08-10 21:45:46,244] {scheduler_job.py:190} INFO - Processing /home/airflow/.local/lib/python3.6/site-packages/airflow/example_dags/example_trigger_controller_dag.py took 0.104 seconds
[2024-08-10 21:46:17,462] {scheduler_job.py:182} INFO - Started process (PID=290) to work on /home/airflow/.local/lib/python3.6/site-packages/airflow/example_dags/example_trigger_controller_dag.py
[2024-08-10 21:46:17,463] {scheduler_job.py:629} INFO - Processing file /home/airflow/.local/lib/python3.6/site-packages/airflow/example_dags/example_trigger_controller_dag.py for tasks to queue
[2024-08-10 21:46:17,463] {logging_mixin.py:104} INFO - [2024-08-10 21:46:17,463] {dagbag.py:451} INFO - Filling up the DagBag from /home/airflow/.local/lib/python3.6/site-packages/airflow/example_dags/example_trigger_controller_dag.py
[2024-08-10 21:46:17,469] {scheduler_job.py:639} INFO - DAG(s) dict_keys(['example_trigger_controller_dag']) retrieved from /home/airflow/.local/lib/python3.6/site-packages/airflow/example_dags/example_trigger_controller_dag.py
[2024-08-10 21:46:17,527] {logging_mixin.py:104} INFO - [2024-08-10 21:46:17,527] {dag.py:1824} INFO - Sync 1 DAGs
[2024-08-10 21:46:17,544] {logging_mixin.py:104} INFO - [2024-08-10 21:46:17,544] {dag.py:2280} INFO - Setting next_dagrun for example_trigger_controller_dag to 2024-08-08 00:00:00+00:00
[2024-08-10 21:46:17,555] {scheduler_job.py:190} INFO - Processing /home/airflow/.local/lib/python3.6/site-packages/airflow/example_dags/example_trigger_controller_dag.py took 0.094 seconds
[2024-08-10 22:01:47,591] {scheduler_job.py:182} INFO - Started process (PID=312) to work on /home/airflow/.local/lib/python3.6/site-packages/airflow/example_dags/example_trigger_controller_dag.py
[2024-08-10 22:01:47,592] {scheduler_job.py:629} INFO - Processing file /home/airflow/.local/lib/python3.6/site-packages/airflow/example_dags/example_trigger_controller_dag.py for tasks to queue
[2024-08-10 22:01:47,593] {logging_mixin.py:104} INFO - [2024-08-10 22:01:47,593] {dagbag.py:451} INFO - Filling up the DagBag from /home/airflow/.local/lib/python3.6/site-packages/airflow/example_dags/example_trigger_controller_dag.py
[2024-08-10 22:01:47,601] {scheduler_job.py:639} INFO - DAG(s) dict_keys(['example_trigger_controller_dag']) retrieved from /home/airflow/.local/lib/python3.6/site-packages/airflow/example_dags/example_trigger_controller_dag.py
[2024-08-10 22:01:47,664] {logging_mixin.py:104} INFO - [2024-08-10 22:01:47,664] {dag.py:1824} INFO - Sync 1 DAGs
[2024-08-10 22:01:47,689] {logging_mixin.py:104} INFO - [2024-08-10 22:01:47,688] {dag.py:2280} INFO - Setting next_dagrun for example_trigger_controller_dag to 2024-08-08 00:00:00+00:00
[2024-08-10 22:01:47,707] {scheduler_job.py:190} INFO - Processing /home/airflow/.local/lib/python3.6/site-packages/airflow/example_dags/example_trigger_controller_dag.py took 0.117 seconds
[2024-08-10 22:08:20,415] {scheduler_job.py:182} INFO - Started process (PID=341) to work on /home/airflow/.local/lib/python3.6/site-packages/airflow/example_dags/example_trigger_controller_dag.py
[2024-08-10 22:08:20,416] {scheduler_job.py:629} INFO - Processing file /home/airflow/.local/lib/python3.6/site-packages/airflow/example_dags/example_trigger_controller_dag.py for tasks to queue
[2024-08-10 22:08:20,417] {logging_mixin.py:104} INFO - [2024-08-10 22:08:20,417] {dagbag.py:451} INFO - Filling up the DagBag from /home/airflow/.local/lib/python3.6/site-packages/airflow/example_dags/example_trigger_controller_dag.py
[2024-08-10 22:08:20,423] {scheduler_job.py:639} INFO - DAG(s) dict_keys(['example_trigger_controller_dag']) retrieved from /home/airflow/.local/lib/python3.6/site-packages/airflow/example_dags/example_trigger_controller_dag.py
[2024-08-10 22:08:20,492] {logging_mixin.py:104} INFO - [2024-08-10 22:08:20,492] {dag.py:1824} INFO - Sync 1 DAGs
[2024-08-10 22:08:20,512] {logging_mixin.py:104} INFO - [2024-08-10 22:08:20,511] {dag.py:2280} INFO - Setting next_dagrun for example_trigger_controller_dag to 2024-08-08 00:00:00+00:00
[2024-08-10 22:08:20,525] {scheduler_job.py:190} INFO - Processing /home/airflow/.local/lib/python3.6/site-packages/airflow/example_dags/example_trigger_controller_dag.py took 0.111 seconds
[2024-08-10 22:08:50,597] {scheduler_job.py:182} INFO - Started process (PID=370) to work on /home/airflow/.local/lib/python3.6/site-packages/airflow/example_dags/example_trigger_controller_dag.py
[2024-08-10 22:08:50,598] {scheduler_job.py:629} INFO - Processing file /home/airflow/.local/lib/python3.6/site-packages/airflow/example_dags/example_trigger_controller_dag.py for tasks to queue
[2024-08-10 22:08:50,598] {logging_mixin.py:104} INFO - [2024-08-10 22:08:50,598] {dagbag.py:451} INFO - Filling up the DagBag from /home/airflow/.local/lib/python3.6/site-packages/airflow/example_dags/example_trigger_controller_dag.py
[2024-08-10 22:08:50,604] {scheduler_job.py:639} INFO - DAG(s) dict_keys(['example_trigger_controller_dag']) retrieved from /home/airflow/.local/lib/python3.6/site-packages/airflow/example_dags/example_trigger_controller_dag.py
[2024-08-10 22:08:50,662] {logging_mixin.py:104} INFO - [2024-08-10 22:08:50,662] {dag.py:1824} INFO - Sync 1 DAGs
[2024-08-10 22:08:50,679] {logging_mixin.py:104} INFO - [2024-08-10 22:08:50,679] {dag.py:2280} INFO - Setting next_dagrun for example_trigger_controller_dag to 2024-08-08 00:00:00+00:00
[2024-08-10 22:08:50,690] {scheduler_job.py:190} INFO - Processing /home/airflow/.local/lib/python3.6/site-packages/airflow/example_dags/example_trigger_controller_dag.py took 0.094 seconds
[2024-08-10 22:13:49,059] {scheduler_job.py:182} INFO - Started process (PID=399) to work on /home/airflow/.local/lib/python3.6/site-packages/airflow/example_dags/example_trigger_controller_dag.py
[2024-08-10 22:13:49,060] {scheduler_job.py:629} INFO - Processing file /home/airflow/.local/lib/python3.6/site-packages/airflow/example_dags/example_trigger_controller_dag.py for tasks to queue
[2024-08-10 22:13:49,060] {logging_mixin.py:104} INFO - [2024-08-10 22:13:49,060] {dagbag.py:451} INFO - Filling up the DagBag from /home/airflow/.local/lib/python3.6/site-packages/airflow/example_dags/example_trigger_controller_dag.py
[2024-08-10 22:13:49,066] {scheduler_job.py:639} INFO - DAG(s) dict_keys(['example_trigger_controller_dag']) retrieved from /home/airflow/.local/lib/python3.6/site-packages/airflow/example_dags/example_trigger_controller_dag.py
[2024-08-10 22:13:49,123] {logging_mixin.py:104} INFO - [2024-08-10 22:13:49,122] {dag.py:1824} INFO - Sync 1 DAGs
[2024-08-10 22:13:49,142] {logging_mixin.py:104} INFO - [2024-08-10 22:13:49,142] {dag.py:2280} INFO - Setting next_dagrun for example_trigger_controller_dag to 2024-08-08 00:00:00+00:00
[2024-08-10 22:13:49,154] {scheduler_job.py:190} INFO - Processing /home/airflow/.local/lib/python3.6/site-packages/airflow/example_dags/example_trigger_controller_dag.py took 0.097 seconds
[2024-08-10 22:17:46,333] {scheduler_job.py:182} INFO - Started process (PID=428) to work on /home/airflow/.local/lib/python3.6/site-packages/airflow/example_dags/example_trigger_controller_dag.py
[2024-08-10 22:17:46,334] {scheduler_job.py:629} INFO - Processing file /home/airflow/.local/lib/python3.6/site-packages/airflow/example_dags/example_trigger_controller_dag.py for tasks to queue
[2024-08-10 22:17:46,334] {logging_mixin.py:104} INFO - [2024-08-10 22:17:46,334] {dagbag.py:451} INFO - Filling up the DagBag from /home/airflow/.local/lib/python3.6/site-packages/airflow/example_dags/example_trigger_controller_dag.py
[2024-08-10 22:17:46,341] {scheduler_job.py:639} INFO - DAG(s) dict_keys(['example_trigger_controller_dag']) retrieved from /home/airflow/.local/lib/python3.6/site-packages/airflow/example_dags/example_trigger_controller_dag.py
[2024-08-10 22:17:46,407] {logging_mixin.py:104} INFO - [2024-08-10 22:17:46,407] {dag.py:1824} INFO - Sync 1 DAGs
[2024-08-10 22:17:46,428] {logging_mixin.py:104} INFO - [2024-08-10 22:17:46,428] {dag.py:2280} INFO - Setting next_dagrun for example_trigger_controller_dag to 2024-08-08 00:00:00+00:00
[2024-08-10 22:17:46,440] {scheduler_job.py:190} INFO - Processing /home/airflow/.local/lib/python3.6/site-packages/airflow/example_dags/example_trigger_controller_dag.py took 0.109 seconds
[2024-08-10 22:18:17,115] {scheduler_job.py:182} INFO - Started process (PID=456) to work on /home/airflow/.local/lib/python3.6/site-packages/airflow/example_dags/example_trigger_controller_dag.py
[2024-08-10 22:18:17,116] {scheduler_job.py:629} INFO - Processing file /home/airflow/.local/lib/python3.6/site-packages/airflow/example_dags/example_trigger_controller_dag.py for tasks to queue
[2024-08-10 22:18:17,116] {logging_mixin.py:104} INFO - [2024-08-10 22:18:17,116] {dagbag.py:451} INFO - Filling up the DagBag from /home/airflow/.local/lib/python3.6/site-packages/airflow/example_dags/example_trigger_controller_dag.py
[2024-08-10 22:18:17,122] {scheduler_job.py:639} INFO - DAG(s) dict_keys(['example_trigger_controller_dag']) retrieved from /home/airflow/.local/lib/python3.6/site-packages/airflow/example_dags/example_trigger_controller_dag.py
[2024-08-10 22:18:17,176] {logging_mixin.py:104} INFO - [2024-08-10 22:18:17,176] {dag.py:1824} INFO - Sync 1 DAGs
[2024-08-10 22:18:17,193] {logging_mixin.py:104} INFO - [2024-08-10 22:18:17,193] {dag.py:2280} INFO - Setting next_dagrun for example_trigger_controller_dag to 2024-08-08 00:00:00+00:00
[2024-08-10 22:18:17,202] {scheduler_job.py:190} INFO - Processing /home/airflow/.local/lib/python3.6/site-packages/airflow/example_dags/example_trigger_controller_dag.py took 0.088 seconds
[2024-08-10 22:18:48,066] {scheduler_job.py:182} INFO - Started process (PID=489) to work on /home/airflow/.local/lib/python3.6/site-packages/airflow/example_dags/example_trigger_controller_dag.py
[2024-08-10 22:18:48,066] {scheduler_job.py:629} INFO - Processing file /home/airflow/.local/lib/python3.6/site-packages/airflow/example_dags/example_trigger_controller_dag.py for tasks to queue
[2024-08-10 22:18:48,069] {logging_mixin.py:104} INFO - [2024-08-10 22:18:48,069] {dagbag.py:451} INFO - Filling up the DagBag from /home/airflow/.local/lib/python3.6/site-packages/airflow/example_dags/example_trigger_controller_dag.py
[2024-08-10 22:18:48,075] {scheduler_job.py:639} INFO - DAG(s) dict_keys(['example_trigger_controller_dag']) retrieved from /home/airflow/.local/lib/python3.6/site-packages/airflow/example_dags/example_trigger_controller_dag.py
[2024-08-10 22:18:48,135] {logging_mixin.py:104} INFO - [2024-08-10 22:18:48,135] {dag.py:1824} INFO - Sync 1 DAGs
[2024-08-10 22:18:48,153] {logging_mixin.py:104} INFO - [2024-08-10 22:18:48,153] {dag.py:2280} INFO - Setting next_dagrun for example_trigger_controller_dag to 2024-08-08 00:00:00+00:00
[2024-08-10 22:18:48,163] {scheduler_job.py:190} INFO - Processing /home/airflow/.local/lib/python3.6/site-packages/airflow/example_dags/example_trigger_controller_dag.py took 0.099 seconds
[2024-08-10 22:19:19,267] {scheduler_job.py:182} INFO - Started process (PID=522) to work on /home/airflow/.local/lib/python3.6/site-packages/airflow/example_dags/example_trigger_controller_dag.py
[2024-08-10 22:19:19,267] {scheduler_job.py:629} INFO - Processing file /home/airflow/.local/lib/python3.6/site-packages/airflow/example_dags/example_trigger_controller_dag.py for tasks to queue
[2024-08-10 22:19:19,267] {logging_mixin.py:104} INFO - [2024-08-10 22:19:19,267] {dagbag.py:451} INFO - Filling up the DagBag from /home/airflow/.local/lib/python3.6/site-packages/airflow/example_dags/example_trigger_controller_dag.py
[2024-08-10 22:19:19,273] {scheduler_job.py:639} INFO - DAG(s) dict_keys(['example_trigger_controller_dag']) retrieved from /home/airflow/.local/lib/python3.6/site-packages/airflow/example_dags/example_trigger_controller_dag.py
[2024-08-10 22:19:19,330] {logging_mixin.py:104} INFO - [2024-08-10 22:19:19,330] {dag.py:1824} INFO - Sync 1 DAGs
[2024-08-10 22:19:19,346] {logging_mixin.py:104} INFO - [2024-08-10 22:19:19,346] {dag.py:2280} INFO - Setting next_dagrun for example_trigger_controller_dag to 2024-08-08 00:00:00+00:00
[2024-08-10 22:19:19,356] {scheduler_job.py:190} INFO - Processing /home/airflow/.local/lib/python3.6/site-packages/airflow/example_dags/example_trigger_controller_dag.py took 0.091 seconds
[2024-08-10 22:27:21,156] {scheduler_job.py:182} INFO - Started process (PID=544) to work on /home/airflow/.local/lib/python3.6/site-packages/airflow/example_dags/example_trigger_controller_dag.py
[2024-08-10 22:27:21,157] {scheduler_job.py:629} INFO - Processing file /home/airflow/.local/lib/python3.6/site-packages/airflow/example_dags/example_trigger_controller_dag.py for tasks to queue
[2024-08-10 22:27:21,158] {logging_mixin.py:104} INFO - [2024-08-10 22:27:21,158] {dagbag.py:451} INFO - Filling up the DagBag from /home/airflow/.local/lib/python3.6/site-packages/airflow/example_dags/example_trigger_controller_dag.py
[2024-08-10 22:27:21,164] {scheduler_job.py:639} INFO - DAG(s) dict_keys(['example_trigger_controller_dag']) retrieved from /home/airflow/.local/lib/python3.6/site-packages/airflow/example_dags/example_trigger_controller_dag.py
[2024-08-10 22:27:21,235] {logging_mixin.py:104} INFO - [2024-08-10 22:27:21,235] {dag.py:1824} INFO - Sync 1 DAGs
[2024-08-10 22:27:21,259] {logging_mixin.py:104} INFO - [2024-08-10 22:27:21,259] {dag.py:2280} INFO - Setting next_dagrun for example_trigger_controller_dag to 2024-08-08 00:00:00+00:00
[2024-08-10 22:27:21,270] {scheduler_job.py:190} INFO - Processing /home/airflow/.local/lib/python3.6/site-packages/airflow/example_dags/example_trigger_controller_dag.py took 0.115 seconds
[2024-08-10 23:00:14,155] {scheduler_job.py:182} INFO - Started process (PID=573) to work on /home/airflow/.local/lib/python3.6/site-packages/airflow/example_dags/example_trigger_controller_dag.py
[2024-08-10 23:00:14,159] {scheduler_job.py:629} INFO - Processing file /home/airflow/.local/lib/python3.6/site-packages/airflow/example_dags/example_trigger_controller_dag.py for tasks to queue
[2024-08-10 23:00:14,162] {logging_mixin.py:104} INFO - [2024-08-10 23:00:14,162] {dagbag.py:451} INFO - Filling up the DagBag from /home/airflow/.local/lib/python3.6/site-packages/airflow/example_dags/example_trigger_controller_dag.py
[2024-08-10 23:00:14,170] {scheduler_job.py:639} INFO - DAG(s) dict_keys(['example_trigger_controller_dag']) retrieved from /home/airflow/.local/lib/python3.6/site-packages/airflow/example_dags/example_trigger_controller_dag.py
[2024-08-10 23:00:14,237] {logging_mixin.py:104} INFO - [2024-08-10 23:00:14,237] {dag.py:1824} INFO - Sync 1 DAGs
[2024-08-10 23:00:14,265] {logging_mixin.py:104} INFO - [2024-08-10 23:00:14,265] {dag.py:2280} INFO - Setting next_dagrun for example_trigger_controller_dag to 2024-08-08 00:00:00+00:00
[2024-08-10 23:00:14,276] {scheduler_job.py:190} INFO - Processing /home/airflow/.local/lib/python3.6/site-packages/airflow/example_dags/example_trigger_controller_dag.py took 0.122 seconds
[2024-08-10 23:02:54,705] {scheduler_job.py:182} INFO - Started process (PID=602) to work on /home/airflow/.local/lib/python3.6/site-packages/airflow/example_dags/example_trigger_controller_dag.py
[2024-08-10 23:02:54,706] {scheduler_job.py:629} INFO - Processing file /home/airflow/.local/lib/python3.6/site-packages/airflow/example_dags/example_trigger_controller_dag.py for tasks to queue
[2024-08-10 23:02:54,706] {logging_mixin.py:104} INFO - [2024-08-10 23:02:54,706] {dagbag.py:451} INFO - Filling up the DagBag from /home/airflow/.local/lib/python3.6/site-packages/airflow/example_dags/example_trigger_controller_dag.py
[2024-08-10 23:02:54,714] {scheduler_job.py:639} INFO - DAG(s) dict_keys(['example_trigger_controller_dag']) retrieved from /home/airflow/.local/lib/python3.6/site-packages/airflow/example_dags/example_trigger_controller_dag.py
[2024-08-10 23:02:54,777] {logging_mixin.py:104} INFO - [2024-08-10 23:02:54,777] {dag.py:1824} INFO - Sync 1 DAGs
[2024-08-10 23:02:54,795] {logging_mixin.py:104} INFO - [2024-08-10 23:02:54,795] {dag.py:2280} INFO - Setting next_dagrun for example_trigger_controller_dag to 2024-08-08 00:00:00+00:00
[2024-08-10 23:02:54,807] {scheduler_job.py:190} INFO - Processing /home/airflow/.local/lib/python3.6/site-packages/airflow/example_dags/example_trigger_controller_dag.py took 0.103 seconds
[2024-08-10 23:14:09,025] {scheduler_job.py:182} INFO - Started process (PID=631) to work on /home/airflow/.local/lib/python3.6/site-packages/airflow/example_dags/example_trigger_controller_dag.py
[2024-08-10 23:14:09,030] {scheduler_job.py:629} INFO - Processing file /home/airflow/.local/lib/python3.6/site-packages/airflow/example_dags/example_trigger_controller_dag.py for tasks to queue
[2024-08-10 23:14:09,031] {logging_mixin.py:104} INFO - [2024-08-10 23:14:09,031] {dagbag.py:451} INFO - Filling up the DagBag from /home/airflow/.local/lib/python3.6/site-packages/airflow/example_dags/example_trigger_controller_dag.py
[2024-08-10 23:14:09,038] {scheduler_job.py:639} INFO - DAG(s) dict_keys(['example_trigger_controller_dag']) retrieved from /home/airflow/.local/lib/python3.6/site-packages/airflow/example_dags/example_trigger_controller_dag.py
[2024-08-10 23:14:09,102] {logging_mixin.py:104} INFO - [2024-08-10 23:14:09,102] {dag.py:1824} INFO - Sync 1 DAGs
[2024-08-10 23:14:09,125] {logging_mixin.py:104} INFO - [2024-08-10 23:14:09,125] {dag.py:2280} INFO - Setting next_dagrun for example_trigger_controller_dag to 2024-08-08 00:00:00+00:00
[2024-08-10 23:14:09,144] {scheduler_job.py:190} INFO - Processing /home/airflow/.local/lib/python3.6/site-packages/airflow/example_dags/example_trigger_controller_dag.py took 0.121 seconds
[2024-08-10 23:14:40,022] {scheduler_job.py:182} INFO - Started process (PID=664) to work on /home/airflow/.local/lib/python3.6/site-packages/airflow/example_dags/example_trigger_controller_dag.py
[2024-08-10 23:14:40,023] {scheduler_job.py:629} INFO - Processing file /home/airflow/.local/lib/python3.6/site-packages/airflow/example_dags/example_trigger_controller_dag.py for tasks to queue
[2024-08-10 23:14:40,023] {logging_mixin.py:104} INFO - [2024-08-10 23:14:40,023] {dagbag.py:451} INFO - Filling up the DagBag from /home/airflow/.local/lib/python3.6/site-packages/airflow/example_dags/example_trigger_controller_dag.py
[2024-08-10 23:14:40,028] {scheduler_job.py:639} INFO - DAG(s) dict_keys(['example_trigger_controller_dag']) retrieved from /home/airflow/.local/lib/python3.6/site-packages/airflow/example_dags/example_trigger_controller_dag.py
[2024-08-10 23:14:40,086] {logging_mixin.py:104} INFO - [2024-08-10 23:14:40,086] {dag.py:1824} INFO - Sync 1 DAGs
[2024-08-10 23:14:40,101] {logging_mixin.py:104} INFO - [2024-08-10 23:14:40,101] {dag.py:2280} INFO - Setting next_dagrun for example_trigger_controller_dag to 2024-08-08 00:00:00+00:00
[2024-08-10 23:14:40,113] {scheduler_job.py:190} INFO - Processing /home/airflow/.local/lib/python3.6/site-packages/airflow/example_dags/example_trigger_controller_dag.py took 0.093 seconds
