[2024-08-10 00:13:04,365] {scheduler_job.py:182} INFO - Started process (PID=60889) to work on /home/airflow/.local/lib/python3.6/site-packages/airflow/example_dags/example_skip_dag.py
[2024-08-10 00:13:04,366] {scheduler_job.py:629} INFO - Processing file /home/airflow/.local/lib/python3.6/site-packages/airflow/example_dags/example_skip_dag.py for tasks to queue
[2024-08-10 00:13:04,366] {logging_mixin.py:104} INFO - [2024-08-10 00:13:04,366] {dagbag.py:451} INFO - Filling up the DagBag from /home/airflow/.local/lib/python3.6/site-packages/airflow/example_dags/example_skip_dag.py
[2024-08-10 00:13:04,378] {scheduler_job.py:639} INFO - DAG(s) dict_keys(['example_skip_dag']) retrieved from /home/airflow/.local/lib/python3.6/site-packages/airflow/example_dags/example_skip_dag.py
[2024-08-10 00:13:04,461] {logging_mixin.py:104} INFO - [2024-08-10 00:13:04,460] {dag.py:1824} INFO - Sync 1 DAGs
[2024-08-10 00:13:04,481] {logging_mixin.py:104} INFO - [2024-08-10 00:13:04,480] {dag.py:2280} INFO - Setting next_dagrun for example_skip_dag to 2024-08-08 00:00:00+00:00
[2024-08-10 00:13:04,500] {scheduler_job.py:190} INFO - Processing /home/airflow/.local/lib/python3.6/site-packages/airflow/example_dags/example_skip_dag.py took 0.137 seconds
[2024-08-10 00:13:34,519] {scheduler_job.py:182} INFO - Started process (PID=60918) to work on /home/airflow/.local/lib/python3.6/site-packages/airflow/example_dags/example_skip_dag.py
[2024-08-10 00:13:34,520] {scheduler_job.py:629} INFO - Processing file /home/airflow/.local/lib/python3.6/site-packages/airflow/example_dags/example_skip_dag.py for tasks to queue
[2024-08-10 00:13:34,521] {logging_mixin.py:104} INFO - [2024-08-10 00:13:34,520] {dagbag.py:451} INFO - Filling up the DagBag from /home/airflow/.local/lib/python3.6/site-packages/airflow/example_dags/example_skip_dag.py
[2024-08-10 00:13:34,527] {scheduler_job.py:639} INFO - DAG(s) dict_keys(['example_skip_dag']) retrieved from /home/airflow/.local/lib/python3.6/site-packages/airflow/example_dags/example_skip_dag.py
[2024-08-10 00:13:34,583] {logging_mixin.py:104} INFO - [2024-08-10 00:13:34,583] {dag.py:1824} INFO - Sync 1 DAGs
[2024-08-10 00:13:34,598] {logging_mixin.py:104} INFO - [2024-08-10 00:13:34,597] {dag.py:2280} INFO - Setting next_dagrun for example_skip_dag to 2024-08-08 00:00:00+00:00
[2024-08-10 00:13:34,607] {scheduler_job.py:190} INFO - Processing /home/airflow/.local/lib/python3.6/site-packages/airflow/example_dags/example_skip_dag.py took 0.089 seconds
[2024-08-10 01:03:33,790] {scheduler_job.py:182} INFO - Started process (PID=60947) to work on /home/airflow/.local/lib/python3.6/site-packages/airflow/example_dags/example_skip_dag.py
[2024-08-10 01:03:33,792] {scheduler_job.py:629} INFO - Processing file /home/airflow/.local/lib/python3.6/site-packages/airflow/example_dags/example_skip_dag.py for tasks to queue
[2024-08-10 01:03:33,792] {logging_mixin.py:104} INFO - [2024-08-10 01:03:33,792] {dagbag.py:451} INFO - Filling up the DagBag from /home/airflow/.local/lib/python3.6/site-packages/airflow/example_dags/example_skip_dag.py
[2024-08-10 01:03:33,800] {scheduler_job.py:639} INFO - DAG(s) dict_keys(['example_skip_dag']) retrieved from /home/airflow/.local/lib/python3.6/site-packages/airflow/example_dags/example_skip_dag.py
[2024-08-10 01:03:33,866] {logging_mixin.py:104} INFO - [2024-08-10 01:03:33,866] {dag.py:1824} INFO - Sync 1 DAGs
[2024-08-10 01:03:33,883] {logging_mixin.py:104} INFO - [2024-08-10 01:03:33,883] {dag.py:2280} INFO - Setting next_dagrun for example_skip_dag to 2024-08-08 00:00:00+00:00
[2024-08-10 01:03:33,895] {scheduler_job.py:190} INFO - Processing /home/airflow/.local/lib/python3.6/site-packages/airflow/example_dags/example_skip_dag.py took 0.107 seconds
[2024-08-10 01:14:30,653] {scheduler_job.py:182} INFO - Started process (PID=60976) to work on /home/airflow/.local/lib/python3.6/site-packages/airflow/example_dags/example_skip_dag.py
[2024-08-10 01:14:30,655] {scheduler_job.py:629} INFO - Processing file /home/airflow/.local/lib/python3.6/site-packages/airflow/example_dags/example_skip_dag.py for tasks to queue
[2024-08-10 01:14:30,656] {logging_mixin.py:104} INFO - [2024-08-10 01:14:30,656] {dagbag.py:451} INFO - Filling up the DagBag from /home/airflow/.local/lib/python3.6/site-packages/airflow/example_dags/example_skip_dag.py
[2024-08-10 01:14:30,662] {scheduler_job.py:639} INFO - DAG(s) dict_keys(['example_skip_dag']) retrieved from /home/airflow/.local/lib/python3.6/site-packages/airflow/example_dags/example_skip_dag.py
[2024-08-10 01:14:30,740] {logging_mixin.py:104} INFO - [2024-08-10 01:14:30,740] {dag.py:1824} INFO - Sync 1 DAGs
[2024-08-10 01:14:30,761] {logging_mixin.py:104} INFO - [2024-08-10 01:14:30,761] {dag.py:2280} INFO - Setting next_dagrun for example_skip_dag to 2024-08-08 00:00:00+00:00
[2024-08-10 01:14:30,774] {scheduler_job.py:190} INFO - Processing /home/airflow/.local/lib/python3.6/site-packages/airflow/example_dags/example_skip_dag.py took 0.122 seconds
[2024-08-10 01:47:58,496] {scheduler_job.py:182} INFO - Started process (PID=61005) to work on /home/airflow/.local/lib/python3.6/site-packages/airflow/example_dags/example_skip_dag.py
[2024-08-10 01:47:58,498] {scheduler_job.py:629} INFO - Processing file /home/airflow/.local/lib/python3.6/site-packages/airflow/example_dags/example_skip_dag.py for tasks to queue
[2024-08-10 01:47:58,499] {logging_mixin.py:104} INFO - [2024-08-10 01:47:58,498] {dagbag.py:451} INFO - Filling up the DagBag from /home/airflow/.local/lib/python3.6/site-packages/airflow/example_dags/example_skip_dag.py
[2024-08-10 01:47:58,508] {scheduler_job.py:639} INFO - DAG(s) dict_keys(['example_skip_dag']) retrieved from /home/airflow/.local/lib/python3.6/site-packages/airflow/example_dags/example_skip_dag.py
[2024-08-10 01:47:58,877] {logging_mixin.py:104} INFO - [2024-08-10 01:47:58,877] {dag.py:1824} INFO - Sync 1 DAGs
[2024-08-10 01:47:58,961] {logging_mixin.py:104} INFO - [2024-08-10 01:47:58,960] {dag.py:2280} INFO - Setting next_dagrun for example_skip_dag to 2024-08-08 00:00:00+00:00
[2024-08-10 01:47:58,973] {scheduler_job.py:190} INFO - Processing /home/airflow/.local/lib/python3.6/site-packages/airflow/example_dags/example_skip_dag.py took 0.481 seconds
[2024-08-10 02:15:27,365] {scheduler_job.py:182} INFO - Started process (PID=61034) to work on /home/airflow/.local/lib/python3.6/site-packages/airflow/example_dags/example_skip_dag.py
[2024-08-10 02:15:27,369] {scheduler_job.py:629} INFO - Processing file /home/airflow/.local/lib/python3.6/site-packages/airflow/example_dags/example_skip_dag.py for tasks to queue
[2024-08-10 02:15:27,370] {logging_mixin.py:104} INFO - [2024-08-10 02:15:27,370] {dagbag.py:451} INFO - Filling up the DagBag from /home/airflow/.local/lib/python3.6/site-packages/airflow/example_dags/example_skip_dag.py
[2024-08-10 02:15:27,376] {scheduler_job.py:639} INFO - DAG(s) dict_keys(['example_skip_dag']) retrieved from /home/airflow/.local/lib/python3.6/site-packages/airflow/example_dags/example_skip_dag.py
[2024-08-10 02:15:27,441] {logging_mixin.py:104} INFO - [2024-08-10 02:15:27,441] {dag.py:1824} INFO - Sync 1 DAGs
[2024-08-10 02:15:27,460] {logging_mixin.py:104} INFO - [2024-08-10 02:15:27,460] {dag.py:2280} INFO - Setting next_dagrun for example_skip_dag to 2024-08-08 00:00:00+00:00
[2024-08-10 02:15:27,473] {scheduler_job.py:190} INFO - Processing /home/airflow/.local/lib/python3.6/site-packages/airflow/example_dags/example_skip_dag.py took 0.109 seconds
[2024-08-10 02:21:40,960] {scheduler_job.py:182} INFO - Started process (PID=61063) to work on /home/airflow/.local/lib/python3.6/site-packages/airflow/example_dags/example_skip_dag.py
[2024-08-10 02:21:40,964] {scheduler_job.py:629} INFO - Processing file /home/airflow/.local/lib/python3.6/site-packages/airflow/example_dags/example_skip_dag.py for tasks to queue
[2024-08-10 02:21:40,964] {logging_mixin.py:104} INFO - [2024-08-10 02:21:40,964] {dagbag.py:451} INFO - Filling up the DagBag from /home/airflow/.local/lib/python3.6/site-packages/airflow/example_dags/example_skip_dag.py
[2024-08-10 02:21:40,970] {scheduler_job.py:639} INFO - DAG(s) dict_keys(['example_skip_dag']) retrieved from /home/airflow/.local/lib/python3.6/site-packages/airflow/example_dags/example_skip_dag.py
[2024-08-10 02:21:41,037] {logging_mixin.py:104} INFO - [2024-08-10 02:21:41,037] {dag.py:1824} INFO - Sync 1 DAGs
[2024-08-10 02:21:41,060] {logging_mixin.py:104} INFO - [2024-08-10 02:21:41,060] {dag.py:2280} INFO - Setting next_dagrun for example_skip_dag to 2024-08-08 00:00:00+00:00
[2024-08-10 02:21:41,073] {scheduler_job.py:190} INFO - Processing /home/airflow/.local/lib/python3.6/site-packages/airflow/example_dags/example_skip_dag.py took 0.115 seconds
[2024-08-10 02:22:11,907] {scheduler_job.py:182} INFO - Started process (PID=61092) to work on /home/airflow/.local/lib/python3.6/site-packages/airflow/example_dags/example_skip_dag.py
[2024-08-10 02:22:11,908] {scheduler_job.py:629} INFO - Processing file /home/airflow/.local/lib/python3.6/site-packages/airflow/example_dags/example_skip_dag.py for tasks to queue
[2024-08-10 02:22:11,909] {logging_mixin.py:104} INFO - [2024-08-10 02:22:11,908] {dagbag.py:451} INFO - Filling up the DagBag from /home/airflow/.local/lib/python3.6/site-packages/airflow/example_dags/example_skip_dag.py
[2024-08-10 02:22:11,915] {scheduler_job.py:639} INFO - DAG(s) dict_keys(['example_skip_dag']) retrieved from /home/airflow/.local/lib/python3.6/site-packages/airflow/example_dags/example_skip_dag.py
[2024-08-10 02:22:11,975] {logging_mixin.py:104} INFO - [2024-08-10 02:22:11,975] {dag.py:1824} INFO - Sync 1 DAGs
[2024-08-10 02:22:11,992] {logging_mixin.py:104} INFO - [2024-08-10 02:22:11,992] {dag.py:2280} INFO - Setting next_dagrun for example_skip_dag to 2024-08-08 00:00:00+00:00
[2024-08-10 02:22:12,002] {scheduler_job.py:190} INFO - Processing /home/airflow/.local/lib/python3.6/site-packages/airflow/example_dags/example_skip_dag.py took 0.096 seconds
[2024-08-10 03:16:06,219] {scheduler_job.py:182} INFO - Started process (PID=61121) to work on /home/airflow/.local/lib/python3.6/site-packages/airflow/example_dags/example_skip_dag.py
[2024-08-10 03:16:06,221] {scheduler_job.py:629} INFO - Processing file /home/airflow/.local/lib/python3.6/site-packages/airflow/example_dags/example_skip_dag.py for tasks to queue
[2024-08-10 03:16:06,222] {logging_mixin.py:104} INFO - [2024-08-10 03:16:06,222] {dagbag.py:451} INFO - Filling up the DagBag from /home/airflow/.local/lib/python3.6/site-packages/airflow/example_dags/example_skip_dag.py
[2024-08-10 03:16:06,229] {scheduler_job.py:639} INFO - DAG(s) dict_keys(['example_skip_dag']) retrieved from /home/airflow/.local/lib/python3.6/site-packages/airflow/example_dags/example_skip_dag.py
[2024-08-10 03:16:06,290] {logging_mixin.py:104} INFO - [2024-08-10 03:16:06,290] {dag.py:1824} INFO - Sync 1 DAGs
[2024-08-10 03:16:06,309] {logging_mixin.py:104} INFO - [2024-08-10 03:16:06,309] {dag.py:2280} INFO - Setting next_dagrun for example_skip_dag to 2024-08-08 00:00:00+00:00
[2024-08-10 03:16:06,321] {scheduler_job.py:190} INFO - Processing /home/airflow/.local/lib/python3.6/site-packages/airflow/example_dags/example_skip_dag.py took 0.104 seconds
[2024-08-10 03:16:36,456] {scheduler_job.py:182} INFO - Started process (PID=61151) to work on /home/airflow/.local/lib/python3.6/site-packages/airflow/example_dags/example_skip_dag.py
[2024-08-10 03:16:36,456] {scheduler_job.py:629} INFO - Processing file /home/airflow/.local/lib/python3.6/site-packages/airflow/example_dags/example_skip_dag.py for tasks to queue
[2024-08-10 03:16:36,457] {logging_mixin.py:104} INFO - [2024-08-10 03:16:36,457] {dagbag.py:451} INFO - Filling up the DagBag from /home/airflow/.local/lib/python3.6/site-packages/airflow/example_dags/example_skip_dag.py
[2024-08-10 03:16:36,464] {scheduler_job.py:639} INFO - DAG(s) dict_keys(['example_skip_dag']) retrieved from /home/airflow/.local/lib/python3.6/site-packages/airflow/example_dags/example_skip_dag.py
[2024-08-10 03:16:36,524] {logging_mixin.py:104} INFO - [2024-08-10 03:16:36,523] {dag.py:1824} INFO - Sync 1 DAGs
[2024-08-10 03:16:36,541] {logging_mixin.py:104} INFO - [2024-08-10 03:16:36,541] {dag.py:2280} INFO - Setting next_dagrun for example_skip_dag to 2024-08-08 00:00:00+00:00
[2024-08-10 03:16:36,554] {scheduler_job.py:190} INFO - Processing /home/airflow/.local/lib/python3.6/site-packages/airflow/example_dags/example_skip_dag.py took 0.100 seconds
[2024-08-10 04:06:30,859] {scheduler_job.py:182} INFO - Started process (PID=61179) to work on /home/airflow/.local/lib/python3.6/site-packages/airflow/example_dags/example_skip_dag.py
[2024-08-10 04:06:30,860] {scheduler_job.py:629} INFO - Processing file /home/airflow/.local/lib/python3.6/site-packages/airflow/example_dags/example_skip_dag.py for tasks to queue
[2024-08-10 04:06:30,861] {logging_mixin.py:104} INFO - [2024-08-10 04:06:30,861] {dagbag.py:451} INFO - Filling up the DagBag from /home/airflow/.local/lib/python3.6/site-packages/airflow/example_dags/example_skip_dag.py
[2024-08-10 04:06:30,870] {scheduler_job.py:639} INFO - DAG(s) dict_keys(['example_skip_dag']) retrieved from /home/airflow/.local/lib/python3.6/site-packages/airflow/example_dags/example_skip_dag.py
[2024-08-10 04:06:30,937] {logging_mixin.py:104} INFO - [2024-08-10 04:06:30,937] {dag.py:1824} INFO - Sync 1 DAGs
[2024-08-10 04:06:30,956] {logging_mixin.py:104} INFO - [2024-08-10 04:06:30,956] {dag.py:2280} INFO - Setting next_dagrun for example_skip_dag to 2024-08-08 00:00:00+00:00
[2024-08-10 04:06:30,969] {scheduler_job.py:190} INFO - Processing /home/airflow/.local/lib/python3.6/site-packages/airflow/example_dags/example_skip_dag.py took 0.112 seconds
[2024-08-10 04:17:32,637] {scheduler_job.py:182} INFO - Started process (PID=61208) to work on /home/airflow/.local/lib/python3.6/site-packages/airflow/example_dags/example_skip_dag.py
[2024-08-10 04:17:32,639] {scheduler_job.py:629} INFO - Processing file /home/airflow/.local/lib/python3.6/site-packages/airflow/example_dags/example_skip_dag.py for tasks to queue
[2024-08-10 04:17:32,639] {logging_mixin.py:104} INFO - [2024-08-10 04:17:32,639] {dagbag.py:451} INFO - Filling up the DagBag from /home/airflow/.local/lib/python3.6/site-packages/airflow/example_dags/example_skip_dag.py
[2024-08-10 04:17:32,647] {scheduler_job.py:639} INFO - DAG(s) dict_keys(['example_skip_dag']) retrieved from /home/airflow/.local/lib/python3.6/site-packages/airflow/example_dags/example_skip_dag.py
[2024-08-10 04:17:32,715] {logging_mixin.py:104} INFO - [2024-08-10 04:17:32,715] {dag.py:1824} INFO - Sync 1 DAGs
[2024-08-10 04:17:32,739] {logging_mixin.py:104} INFO - [2024-08-10 04:17:32,739] {dag.py:2280} INFO - Setting next_dagrun for example_skip_dag to 2024-08-08 00:00:00+00:00
[2024-08-10 04:17:32,752] {scheduler_job.py:190} INFO - Processing /home/airflow/.local/lib/python3.6/site-packages/airflow/example_dags/example_skip_dag.py took 0.116 seconds
[2024-08-10 05:08:47,982] {scheduler_job.py:182} INFO - Started process (PID=61237) to work on /home/airflow/.local/lib/python3.6/site-packages/airflow/example_dags/example_skip_dag.py
[2024-08-10 05:08:47,982] {scheduler_job.py:629} INFO - Processing file /home/airflow/.local/lib/python3.6/site-packages/airflow/example_dags/example_skip_dag.py for tasks to queue
[2024-08-10 05:08:47,983] {logging_mixin.py:104} INFO - [2024-08-10 05:08:47,983] {dagbag.py:451} INFO - Filling up the DagBag from /home/airflow/.local/lib/python3.6/site-packages/airflow/example_dags/example_skip_dag.py
[2024-08-10 05:08:47,990] {scheduler_job.py:639} INFO - DAG(s) dict_keys(['example_skip_dag']) retrieved from /home/airflow/.local/lib/python3.6/site-packages/airflow/example_dags/example_skip_dag.py
[2024-08-10 05:08:48,054] {logging_mixin.py:104} INFO - [2024-08-10 05:08:48,054] {dag.py:1824} INFO - Sync 1 DAGs
[2024-08-10 05:08:48,073] {logging_mixin.py:104} INFO - [2024-08-10 05:08:48,073] {dag.py:2280} INFO - Setting next_dagrun for example_skip_dag to 2024-08-08 00:00:00+00:00
[2024-08-10 05:08:48,083] {scheduler_job.py:190} INFO - Processing /home/airflow/.local/lib/python3.6/site-packages/airflow/example_dags/example_skip_dag.py took 0.104 seconds
[2024-08-10 05:18:29,706] {scheduler_job.py:182} INFO - Started process (PID=61266) to work on /home/airflow/.local/lib/python3.6/site-packages/airflow/example_dags/example_skip_dag.py
[2024-08-10 05:18:29,709] {scheduler_job.py:629} INFO - Processing file /home/airflow/.local/lib/python3.6/site-packages/airflow/example_dags/example_skip_dag.py for tasks to queue
[2024-08-10 05:18:29,710] {logging_mixin.py:104} INFO - [2024-08-10 05:18:29,710] {dagbag.py:451} INFO - Filling up the DagBag from /home/airflow/.local/lib/python3.6/site-packages/airflow/example_dags/example_skip_dag.py
[2024-08-10 05:18:29,722] {scheduler_job.py:639} INFO - DAG(s) dict_keys(['example_skip_dag']) retrieved from /home/airflow/.local/lib/python3.6/site-packages/airflow/example_dags/example_skip_dag.py
[2024-08-10 05:18:29,789] {logging_mixin.py:104} INFO - [2024-08-10 05:18:29,789] {dag.py:1824} INFO - Sync 1 DAGs
[2024-08-10 05:18:29,806] {logging_mixin.py:104} INFO - [2024-08-10 05:18:29,806] {dag.py:2280} INFO - Setting next_dagrun for example_skip_dag to 2024-08-08 00:00:00+00:00
[2024-08-10 05:18:29,818] {scheduler_job.py:190} INFO - Processing /home/airflow/.local/lib/python3.6/site-packages/airflow/example_dags/example_skip_dag.py took 0.114 seconds
[2024-08-10 05:52:11,497] {scheduler_job.py:182} INFO - Started process (PID=61295) to work on /home/airflow/.local/lib/python3.6/site-packages/airflow/example_dags/example_skip_dag.py
[2024-08-10 05:52:11,498] {scheduler_job.py:629} INFO - Processing file /home/airflow/.local/lib/python3.6/site-packages/airflow/example_dags/example_skip_dag.py for tasks to queue
[2024-08-10 05:52:11,498] {logging_mixin.py:104} INFO - [2024-08-10 05:52:11,498] {dagbag.py:451} INFO - Filling up the DagBag from /home/airflow/.local/lib/python3.6/site-packages/airflow/example_dags/example_skip_dag.py
[2024-08-10 05:52:11,507] {scheduler_job.py:639} INFO - DAG(s) dict_keys(['example_skip_dag']) retrieved from /home/airflow/.local/lib/python3.6/site-packages/airflow/example_dags/example_skip_dag.py
[2024-08-10 05:52:11,574] {logging_mixin.py:104} INFO - [2024-08-10 05:52:11,573] {dag.py:1824} INFO - Sync 1 DAGs
[2024-08-10 05:52:11,592] {logging_mixin.py:104} INFO - [2024-08-10 05:52:11,592] {dag.py:2280} INFO - Setting next_dagrun for example_skip_dag to 2024-08-08 00:00:00+00:00
[2024-08-10 05:52:11,605] {scheduler_job.py:190} INFO - Processing /home/airflow/.local/lib/python3.6/site-packages/airflow/example_dags/example_skip_dag.py took 0.110 seconds
[2024-08-10 06:01:20,978] {scheduler_job.py:182} INFO - Started process (PID=61324) to work on /home/airflow/.local/lib/python3.6/site-packages/airflow/example_dags/example_skip_dag.py
[2024-08-10 06:01:20,982] {scheduler_job.py:629} INFO - Processing file /home/airflow/.local/lib/python3.6/site-packages/airflow/example_dags/example_skip_dag.py for tasks to queue
[2024-08-10 06:01:20,983] {logging_mixin.py:104} INFO - [2024-08-10 06:01:20,982] {dagbag.py:451} INFO - Filling up the DagBag from /home/airflow/.local/lib/python3.6/site-packages/airflow/example_dags/example_skip_dag.py
[2024-08-10 06:01:20,995] {scheduler_job.py:639} INFO - DAG(s) dict_keys(['example_skip_dag']) retrieved from /home/airflow/.local/lib/python3.6/site-packages/airflow/example_dags/example_skip_dag.py
[2024-08-10 06:01:21,074] {logging_mixin.py:104} INFO - [2024-08-10 06:01:21,074] {dag.py:1824} INFO - Sync 1 DAGs
[2024-08-10 06:01:21,098] {logging_mixin.py:104} INFO - [2024-08-10 06:01:21,098] {dag.py:2280} INFO - Setting next_dagrun for example_skip_dag to 2024-08-08 00:00:00+00:00
[2024-08-10 06:01:21,113] {scheduler_job.py:190} INFO - Processing /home/airflow/.local/lib/python3.6/site-packages/airflow/example_dags/example_skip_dag.py took 0.139 seconds
[2024-08-10 06:09:12,829] {scheduler_job.py:182} INFO - Started process (PID=61353) to work on /home/airflow/.local/lib/python3.6/site-packages/airflow/example_dags/example_skip_dag.py
[2024-08-10 06:09:12,830] {scheduler_job.py:629} INFO - Processing file /home/airflow/.local/lib/python3.6/site-packages/airflow/example_dags/example_skip_dag.py for tasks to queue
[2024-08-10 06:09:12,831] {logging_mixin.py:104} INFO - [2024-08-10 06:09:12,831] {dagbag.py:451} INFO - Filling up the DagBag from /home/airflow/.local/lib/python3.6/site-packages/airflow/example_dags/example_skip_dag.py
[2024-08-10 06:09:12,837] {scheduler_job.py:639} INFO - DAG(s) dict_keys(['example_skip_dag']) retrieved from /home/airflow/.local/lib/python3.6/site-packages/airflow/example_dags/example_skip_dag.py
[2024-08-10 06:09:12,902] {logging_mixin.py:104} INFO - [2024-08-10 06:09:12,902] {dag.py:1824} INFO - Sync 1 DAGs
[2024-08-10 06:09:12,923] {logging_mixin.py:104} INFO - [2024-08-10 06:09:12,923] {dag.py:2280} INFO - Setting next_dagrun for example_skip_dag to 2024-08-08 00:00:00+00:00
[2024-08-10 06:09:12,934] {scheduler_job.py:190} INFO - Processing /home/airflow/.local/lib/python3.6/site-packages/airflow/example_dags/example_skip_dag.py took 0.106 seconds
[2024-08-10 06:09:43,810] {scheduler_job.py:182} INFO - Started process (PID=61382) to work on /home/airflow/.local/lib/python3.6/site-packages/airflow/example_dags/example_skip_dag.py
[2024-08-10 06:09:43,811] {scheduler_job.py:629} INFO - Processing file /home/airflow/.local/lib/python3.6/site-packages/airflow/example_dags/example_skip_dag.py for tasks to queue
[2024-08-10 06:09:43,812] {logging_mixin.py:104} INFO - [2024-08-10 06:09:43,812] {dagbag.py:451} INFO - Filling up the DagBag from /home/airflow/.local/lib/python3.6/site-packages/airflow/example_dags/example_skip_dag.py
[2024-08-10 06:09:43,818] {scheduler_job.py:639} INFO - DAG(s) dict_keys(['example_skip_dag']) retrieved from /home/airflow/.local/lib/python3.6/site-packages/airflow/example_dags/example_skip_dag.py
[2024-08-10 06:09:43,879] {logging_mixin.py:104} INFO - [2024-08-10 06:09:43,879] {dag.py:1824} INFO - Sync 1 DAGs
[2024-08-10 06:09:43,905] {logging_mixin.py:104} INFO - [2024-08-10 06:09:43,905] {dag.py:2280} INFO - Setting next_dagrun for example_skip_dag to 2024-08-08 00:00:00+00:00
[2024-08-10 06:09:43,920] {scheduler_job.py:190} INFO - Processing /home/airflow/.local/lib/python3.6/site-packages/airflow/example_dags/example_skip_dag.py took 0.112 seconds
[2024-08-10 06:19:26,843] {scheduler_job.py:182} INFO - Started process (PID=61411) to work on /home/airflow/.local/lib/python3.6/site-packages/airflow/example_dags/example_skip_dag.py
[2024-08-10 06:19:26,845] {scheduler_job.py:629} INFO - Processing file /home/airflow/.local/lib/python3.6/site-packages/airflow/example_dags/example_skip_dag.py for tasks to queue
[2024-08-10 06:19:26,846] {logging_mixin.py:104} INFO - [2024-08-10 06:19:26,846] {dagbag.py:451} INFO - Filling up the DagBag from /home/airflow/.local/lib/python3.6/site-packages/airflow/example_dags/example_skip_dag.py
[2024-08-10 06:19:26,855] {scheduler_job.py:639} INFO - DAG(s) dict_keys(['example_skip_dag']) retrieved from /home/airflow/.local/lib/python3.6/site-packages/airflow/example_dags/example_skip_dag.py
[2024-08-10 06:19:26,926] {logging_mixin.py:104} INFO - [2024-08-10 06:19:26,926] {dag.py:1824} INFO - Sync 1 DAGs
[2024-08-10 06:19:26,947] {logging_mixin.py:104} INFO - [2024-08-10 06:19:26,947] {dag.py:2280} INFO - Setting next_dagrun for example_skip_dag to 2024-08-08 00:00:00+00:00
[2024-08-10 06:19:26,962] {scheduler_job.py:190} INFO - Processing /home/airflow/.local/lib/python3.6/site-packages/airflow/example_dags/example_skip_dag.py took 0.124 seconds
[2024-08-10 06:53:15,604] {scheduler_job.py:182} INFO - Started process (PID=61440) to work on /home/airflow/.local/lib/python3.6/site-packages/airflow/example_dags/example_skip_dag.py
[2024-08-10 06:53:15,605] {scheduler_job.py:629} INFO - Processing file /home/airflow/.local/lib/python3.6/site-packages/airflow/example_dags/example_skip_dag.py for tasks to queue
[2024-08-10 06:53:15,605] {logging_mixin.py:104} INFO - [2024-08-10 06:53:15,605] {dagbag.py:451} INFO - Filling up the DagBag from /home/airflow/.local/lib/python3.6/site-packages/airflow/example_dags/example_skip_dag.py
[2024-08-10 06:53:15,611] {scheduler_job.py:639} INFO - DAG(s) dict_keys(['example_skip_dag']) retrieved from /home/airflow/.local/lib/python3.6/site-packages/airflow/example_dags/example_skip_dag.py
[2024-08-10 06:53:15,672] {logging_mixin.py:104} INFO - [2024-08-10 06:53:15,672] {dag.py:1824} INFO - Sync 1 DAGs
[2024-08-10 06:53:15,690] {logging_mixin.py:104} INFO - [2024-08-10 06:53:15,689] {dag.py:2280} INFO - Setting next_dagrun for example_skip_dag to 2024-08-08 00:00:00+00:00
[2024-08-10 06:53:15,703] {scheduler_job.py:190} INFO - Processing /home/airflow/.local/lib/python3.6/site-packages/airflow/example_dags/example_skip_dag.py took 0.101 seconds
[2024-08-10 07:20:24,136] {scheduler_job.py:182} INFO - Started process (PID=61469) to work on /home/airflow/.local/lib/python3.6/site-packages/airflow/example_dags/example_skip_dag.py
[2024-08-10 07:20:24,137] {scheduler_job.py:629} INFO - Processing file /home/airflow/.local/lib/python3.6/site-packages/airflow/example_dags/example_skip_dag.py for tasks to queue
[2024-08-10 07:20:24,138] {logging_mixin.py:104} INFO - [2024-08-10 07:20:24,138] {dagbag.py:451} INFO - Filling up the DagBag from /home/airflow/.local/lib/python3.6/site-packages/airflow/example_dags/example_skip_dag.py
[2024-08-10 07:20:24,146] {scheduler_job.py:639} INFO - DAG(s) dict_keys(['example_skip_dag']) retrieved from /home/airflow/.local/lib/python3.6/site-packages/airflow/example_dags/example_skip_dag.py
[2024-08-10 07:20:24,238] {logging_mixin.py:104} INFO - [2024-08-10 07:20:24,238] {dag.py:1824} INFO - Sync 1 DAGs
[2024-08-10 07:20:24,259] {logging_mixin.py:104} INFO - [2024-08-10 07:20:24,259] {dag.py:2280} INFO - Setting next_dagrun for example_skip_dag to 2024-08-08 00:00:00+00:00
[2024-08-10 07:20:24,273] {scheduler_job.py:190} INFO - Processing /home/airflow/.local/lib/python3.6/site-packages/airflow/example_dags/example_skip_dag.py took 0.139 seconds
[2024-08-10 07:36:32,387] {scheduler_job.py:182} INFO - Started process (PID=61498) to work on /home/airflow/.local/lib/python3.6/site-packages/airflow/example_dags/example_skip_dag.py
[2024-08-10 07:36:32,388] {scheduler_job.py:629} INFO - Processing file /home/airflow/.local/lib/python3.6/site-packages/airflow/example_dags/example_skip_dag.py for tasks to queue
[2024-08-10 07:36:32,389] {logging_mixin.py:104} INFO - [2024-08-10 07:36:32,389] {dagbag.py:451} INFO - Filling up the DagBag from /home/airflow/.local/lib/python3.6/site-packages/airflow/example_dags/example_skip_dag.py
[2024-08-10 07:36:32,396] {scheduler_job.py:639} INFO - DAG(s) dict_keys(['example_skip_dag']) retrieved from /home/airflow/.local/lib/python3.6/site-packages/airflow/example_dags/example_skip_dag.py
[2024-08-10 07:36:32,462] {logging_mixin.py:104} INFO - [2024-08-10 07:36:32,462] {dag.py:1824} INFO - Sync 1 DAGs
[2024-08-10 07:36:32,485] {logging_mixin.py:104} INFO - [2024-08-10 07:36:32,485] {dag.py:2280} INFO - Setting next_dagrun for example_skip_dag to 2024-08-08 00:00:00+00:00
[2024-08-10 07:36:32,497] {scheduler_job.py:190} INFO - Processing /home/airflow/.local/lib/python3.6/site-packages/airflow/example_dags/example_skip_dag.py took 0.112 seconds
[2024-08-10 07:40:23,594] {scheduler_job.py:182} INFO - Started process (PID=61527) to work on /home/airflow/.local/lib/python3.6/site-packages/airflow/example_dags/example_skip_dag.py
[2024-08-10 07:40:23,595] {scheduler_job.py:629} INFO - Processing file /home/airflow/.local/lib/python3.6/site-packages/airflow/example_dags/example_skip_dag.py for tasks to queue
[2024-08-10 07:40:23,595] {logging_mixin.py:104} INFO - [2024-08-10 07:40:23,595] {dagbag.py:451} INFO - Filling up the DagBag from /home/airflow/.local/lib/python3.6/site-packages/airflow/example_dags/example_skip_dag.py
[2024-08-10 07:40:23,604] {scheduler_job.py:639} INFO - DAG(s) dict_keys(['example_skip_dag']) retrieved from /home/airflow/.local/lib/python3.6/site-packages/airflow/example_dags/example_skip_dag.py
[2024-08-10 07:40:23,680] {logging_mixin.py:104} INFO - [2024-08-10 07:40:23,680] {dag.py:1824} INFO - Sync 1 DAGs
[2024-08-10 07:40:23,699] {logging_mixin.py:104} INFO - [2024-08-10 07:40:23,699] {dag.py:2280} INFO - Setting next_dagrun for example_skip_dag to 2024-08-08 00:00:00+00:00
[2024-08-10 07:40:23,718] {scheduler_job.py:190} INFO - Processing /home/airflow/.local/lib/python3.6/site-packages/airflow/example_dags/example_skip_dag.py took 0.126 seconds
[2024-08-10 08:13:24,134] {scheduler_job.py:182} INFO - Started process (PID=61556) to work on /home/airflow/.local/lib/python3.6/site-packages/airflow/example_dags/example_skip_dag.py
[2024-08-10 08:13:24,138] {scheduler_job.py:629} INFO - Processing file /home/airflow/.local/lib/python3.6/site-packages/airflow/example_dags/example_skip_dag.py for tasks to queue
[2024-08-10 08:13:24,138] {logging_mixin.py:104} INFO - [2024-08-10 08:13:24,138] {dagbag.py:451} INFO - Filling up the DagBag from /home/airflow/.local/lib/python3.6/site-packages/airflow/example_dags/example_skip_dag.py
[2024-08-10 08:13:24,148] {scheduler_job.py:639} INFO - DAG(s) dict_keys(['example_skip_dag']) retrieved from /home/airflow/.local/lib/python3.6/site-packages/airflow/example_dags/example_skip_dag.py
[2024-08-10 08:13:24,216] {logging_mixin.py:104} INFO - [2024-08-10 08:13:24,216] {dag.py:1824} INFO - Sync 1 DAGs
[2024-08-10 08:13:24,237] {logging_mixin.py:104} INFO - [2024-08-10 08:13:24,237] {dag.py:2280} INFO - Setting next_dagrun for example_skip_dag to 2024-08-08 00:00:00+00:00
[2024-08-10 08:13:24,254] {scheduler_job.py:190} INFO - Processing /home/airflow/.local/lib/python3.6/site-packages/airflow/example_dags/example_skip_dag.py took 0.122 seconds
[2024-08-10 08:16:04,069] {scheduler_job.py:182} INFO - Started process (PID=61585) to work on /home/airflow/.local/lib/python3.6/site-packages/airflow/example_dags/example_skip_dag.py
[2024-08-10 08:16:04,073] {scheduler_job.py:629} INFO - Processing file /home/airflow/.local/lib/python3.6/site-packages/airflow/example_dags/example_skip_dag.py for tasks to queue
[2024-08-10 08:16:04,073] {logging_mixin.py:104} INFO - [2024-08-10 08:16:04,073] {dagbag.py:451} INFO - Filling up the DagBag from /home/airflow/.local/lib/python3.6/site-packages/airflow/example_dags/example_skip_dag.py
[2024-08-10 08:16:04,081] {scheduler_job.py:639} INFO - DAG(s) dict_keys(['example_skip_dag']) retrieved from /home/airflow/.local/lib/python3.6/site-packages/airflow/example_dags/example_skip_dag.py
[2024-08-10 08:16:04,153] {logging_mixin.py:104} INFO - [2024-08-10 08:16:04,153] {dag.py:1824} INFO - Sync 1 DAGs
[2024-08-10 08:16:04,174] {logging_mixin.py:104} INFO - [2024-08-10 08:16:04,174] {dag.py:2280} INFO - Setting next_dagrun for example_skip_dag to 2024-08-08 00:00:00+00:00
[2024-08-10 08:16:04,193] {scheduler_job.py:190} INFO - Processing /home/airflow/.local/lib/python3.6/site-packages/airflow/example_dags/example_skip_dag.py took 0.128 seconds
[2024-08-10 08:16:34,229] {scheduler_job.py:182} INFO - Started process (PID=61614) to work on /home/airflow/.local/lib/python3.6/site-packages/airflow/example_dags/example_skip_dag.py
[2024-08-10 08:16:34,230] {scheduler_job.py:629} INFO - Processing file /home/airflow/.local/lib/python3.6/site-packages/airflow/example_dags/example_skip_dag.py for tasks to queue
[2024-08-10 08:16:34,230] {logging_mixin.py:104} INFO - [2024-08-10 08:16:34,230] {dagbag.py:451} INFO - Filling up the DagBag from /home/airflow/.local/lib/python3.6/site-packages/airflow/example_dags/example_skip_dag.py
[2024-08-10 08:16:34,237] {scheduler_job.py:639} INFO - DAG(s) dict_keys(['example_skip_dag']) retrieved from /home/airflow/.local/lib/python3.6/site-packages/airflow/example_dags/example_skip_dag.py
[2024-08-10 08:16:34,297] {logging_mixin.py:104} INFO - [2024-08-10 08:16:34,297] {dag.py:1824} INFO - Sync 1 DAGs
[2024-08-10 08:16:34,313] {logging_mixin.py:104} INFO - [2024-08-10 08:16:34,313] {dag.py:2280} INFO - Setting next_dagrun for example_skip_dag to 2024-08-08 00:00:00+00:00
[2024-08-10 08:16:34,324] {scheduler_job.py:190} INFO - Processing /home/airflow/.local/lib/python3.6/site-packages/airflow/example_dags/example_skip_dag.py took 0.097 seconds
[2024-08-10 08:17:05,125] {scheduler_job.py:182} INFO - Started process (PID=61645) to work on /home/airflow/.local/lib/python3.6/site-packages/airflow/example_dags/example_skip_dag.py
[2024-08-10 08:17:05,126] {scheduler_job.py:629} INFO - Processing file /home/airflow/.local/lib/python3.6/site-packages/airflow/example_dags/example_skip_dag.py for tasks to queue
[2024-08-10 08:17:05,126] {logging_mixin.py:104} INFO - [2024-08-10 08:17:05,126] {dagbag.py:451} INFO - Filling up the DagBag from /home/airflow/.local/lib/python3.6/site-packages/airflow/example_dags/example_skip_dag.py
[2024-08-10 08:17:05,132] {scheduler_job.py:639} INFO - DAG(s) dict_keys(['example_skip_dag']) retrieved from /home/airflow/.local/lib/python3.6/site-packages/airflow/example_dags/example_skip_dag.py
[2024-08-10 08:17:05,189] {logging_mixin.py:104} INFO - [2024-08-10 08:17:05,189] {dag.py:1824} INFO - Sync 1 DAGs
[2024-08-10 08:17:05,205] {logging_mixin.py:104} INFO - [2024-08-10 08:17:05,204] {dag.py:2280} INFO - Setting next_dagrun for example_skip_dag to 2024-08-08 00:00:00+00:00
[2024-08-10 08:17:05,216] {scheduler_job.py:190} INFO - Processing /home/airflow/.local/lib/python3.6/site-packages/airflow/example_dags/example_skip_dag.py took 0.092 seconds
[2024-08-10 08:17:35,932] {scheduler_job.py:182} INFO - Started process (PID=61672) to work on /home/airflow/.local/lib/python3.6/site-packages/airflow/example_dags/example_skip_dag.py
[2024-08-10 08:17:35,936] {scheduler_job.py:629} INFO - Processing file /home/airflow/.local/lib/python3.6/site-packages/airflow/example_dags/example_skip_dag.py for tasks to queue
[2024-08-10 08:17:35,937] {logging_mixin.py:104} INFO - [2024-08-10 08:17:35,937] {dagbag.py:451} INFO - Filling up the DagBag from /home/airflow/.local/lib/python3.6/site-packages/airflow/example_dags/example_skip_dag.py
[2024-08-10 08:17:35,949] {scheduler_job.py:639} INFO - DAG(s) dict_keys(['example_skip_dag']) retrieved from /home/airflow/.local/lib/python3.6/site-packages/airflow/example_dags/example_skip_dag.py
[2024-08-10 08:17:36,012] {logging_mixin.py:104} INFO - [2024-08-10 08:17:36,012] {dag.py:1824} INFO - Sync 1 DAGs
[2024-08-10 08:17:36,030] {logging_mixin.py:104} INFO - [2024-08-10 08:17:36,030] {dag.py:2280} INFO - Setting next_dagrun for example_skip_dag to 2024-08-08 00:00:00+00:00
[2024-08-10 08:17:36,040] {scheduler_job.py:190} INFO - Processing /home/airflow/.local/lib/python3.6/site-packages/airflow/example_dags/example_skip_dag.py took 0.112 seconds
[2024-08-10 08:18:06,658] {scheduler_job.py:182} INFO - Started process (PID=61701) to work on /home/airflow/.local/lib/python3.6/site-packages/airflow/example_dags/example_skip_dag.py
[2024-08-10 08:18:06,661] {scheduler_job.py:629} INFO - Processing file /home/airflow/.local/lib/python3.6/site-packages/airflow/example_dags/example_skip_dag.py for tasks to queue
[2024-08-10 08:18:06,661] {logging_mixin.py:104} INFO - [2024-08-10 08:18:06,661] {dagbag.py:451} INFO - Filling up the DagBag from /home/airflow/.local/lib/python3.6/site-packages/airflow/example_dags/example_skip_dag.py
[2024-08-10 08:18:06,667] {scheduler_job.py:639} INFO - DAG(s) dict_keys(['example_skip_dag']) retrieved from /home/airflow/.local/lib/python3.6/site-packages/airflow/example_dags/example_skip_dag.py
[2024-08-10 08:18:06,727] {logging_mixin.py:104} INFO - [2024-08-10 08:18:06,727] {dag.py:1824} INFO - Sync 1 DAGs
[2024-08-10 08:18:06,743] {logging_mixin.py:104} INFO - [2024-08-10 08:18:06,743] {dag.py:2280} INFO - Setting next_dagrun for example_skip_dag to 2024-08-08 00:00:00+00:00
[2024-08-10 08:18:06,754] {scheduler_job.py:190} INFO - Processing /home/airflow/.local/lib/python3.6/site-packages/airflow/example_dags/example_skip_dag.py took 0.098 seconds
[2024-08-10 08:18:37,435] {scheduler_job.py:182} INFO - Started process (PID=61730) to work on /home/airflow/.local/lib/python3.6/site-packages/airflow/example_dags/example_skip_dag.py
[2024-08-10 08:18:37,437] {scheduler_job.py:629} INFO - Processing file /home/airflow/.local/lib/python3.6/site-packages/airflow/example_dags/example_skip_dag.py for tasks to queue
[2024-08-10 08:18:37,438] {logging_mixin.py:104} INFO - [2024-08-10 08:18:37,438] {dagbag.py:451} INFO - Filling up the DagBag from /home/airflow/.local/lib/python3.6/site-packages/airflow/example_dags/example_skip_dag.py
[2024-08-10 08:18:37,444] {scheduler_job.py:639} INFO - DAG(s) dict_keys(['example_skip_dag']) retrieved from /home/airflow/.local/lib/python3.6/site-packages/airflow/example_dags/example_skip_dag.py
[2024-08-10 08:18:37,505] {logging_mixin.py:104} INFO - [2024-08-10 08:18:37,504] {dag.py:1824} INFO - Sync 1 DAGs
[2024-08-10 08:18:37,521] {logging_mixin.py:104} INFO - [2024-08-10 08:18:37,521] {dag.py:2280} INFO - Setting next_dagrun for example_skip_dag to 2024-08-08 00:00:00+00:00
[2024-08-10 08:18:37,532] {scheduler_job.py:190} INFO - Processing /home/airflow/.local/lib/python3.6/site-packages/airflow/example_dags/example_skip_dag.py took 0.098 seconds
[2024-08-10 08:19:08,355] {scheduler_job.py:182} INFO - Started process (PID=61761) to work on /home/airflow/.local/lib/python3.6/site-packages/airflow/example_dags/example_skip_dag.py
[2024-08-10 08:19:08,356] {scheduler_job.py:629} INFO - Processing file /home/airflow/.local/lib/python3.6/site-packages/airflow/example_dags/example_skip_dag.py for tasks to queue
[2024-08-10 08:19:08,357] {logging_mixin.py:104} INFO - [2024-08-10 08:19:08,357] {dagbag.py:451} INFO - Filling up the DagBag from /home/airflow/.local/lib/python3.6/site-packages/airflow/example_dags/example_skip_dag.py
[2024-08-10 08:19:08,363] {scheduler_job.py:639} INFO - DAG(s) dict_keys(['example_skip_dag']) retrieved from /home/airflow/.local/lib/python3.6/site-packages/airflow/example_dags/example_skip_dag.py
[2024-08-10 08:19:08,419] {logging_mixin.py:104} INFO - [2024-08-10 08:19:08,419] {dag.py:1824} INFO - Sync 1 DAGs
[2024-08-10 08:19:08,434] {logging_mixin.py:104} INFO - [2024-08-10 08:19:08,434] {dag.py:2280} INFO - Setting next_dagrun for example_skip_dag to 2024-08-08 00:00:00+00:00
[2024-08-10 08:19:08,444] {scheduler_job.py:190} INFO - Processing /home/airflow/.local/lib/python3.6/site-packages/airflow/example_dags/example_skip_dag.py took 0.090 seconds
[2024-08-10 08:19:38,961] {scheduler_job.py:182} INFO - Started process (PID=61788) to work on /home/airflow/.local/lib/python3.6/site-packages/airflow/example_dags/example_skip_dag.py
[2024-08-10 08:19:38,962] {scheduler_job.py:629} INFO - Processing file /home/airflow/.local/lib/python3.6/site-packages/airflow/example_dags/example_skip_dag.py for tasks to queue
[2024-08-10 08:19:38,963] {logging_mixin.py:104} INFO - [2024-08-10 08:19:38,963] {dagbag.py:451} INFO - Filling up the DagBag from /home/airflow/.local/lib/python3.6/site-packages/airflow/example_dags/example_skip_dag.py
[2024-08-10 08:19:38,969] {scheduler_job.py:639} INFO - DAG(s) dict_keys(['example_skip_dag']) retrieved from /home/airflow/.local/lib/python3.6/site-packages/airflow/example_dags/example_skip_dag.py
[2024-08-10 08:19:39,032] {logging_mixin.py:104} INFO - [2024-08-10 08:19:39,032] {dag.py:1824} INFO - Sync 1 DAGs
[2024-08-10 08:19:39,048] {logging_mixin.py:104} INFO - [2024-08-10 08:19:39,048] {dag.py:2280} INFO - Setting next_dagrun for example_skip_dag to 2024-08-08 00:00:00+00:00
[2024-08-10 08:19:39,059] {scheduler_job.py:190} INFO - Processing /home/airflow/.local/lib/python3.6/site-packages/airflow/example_dags/example_skip_dag.py took 0.099 seconds
[2024-08-10 08:20:09,719] {scheduler_job.py:182} INFO - Started process (PID=61816) to work on /home/airflow/.local/lib/python3.6/site-packages/airflow/example_dags/example_skip_dag.py
[2024-08-10 08:20:09,720] {scheduler_job.py:629} INFO - Processing file /home/airflow/.local/lib/python3.6/site-packages/airflow/example_dags/example_skip_dag.py for tasks to queue
[2024-08-10 08:20:09,720] {logging_mixin.py:104} INFO - [2024-08-10 08:20:09,720] {dagbag.py:451} INFO - Filling up the DagBag from /home/airflow/.local/lib/python3.6/site-packages/airflow/example_dags/example_skip_dag.py
[2024-08-10 08:20:09,727] {scheduler_job.py:639} INFO - DAG(s) dict_keys(['example_skip_dag']) retrieved from /home/airflow/.local/lib/python3.6/site-packages/airflow/example_dags/example_skip_dag.py
[2024-08-10 08:20:09,785] {logging_mixin.py:104} INFO - [2024-08-10 08:20:09,785] {dag.py:1824} INFO - Sync 1 DAGs
[2024-08-10 08:20:09,802] {logging_mixin.py:104} INFO - [2024-08-10 08:20:09,802] {dag.py:2280} INFO - Setting next_dagrun for example_skip_dag to 2024-08-08 00:00:00+00:00
[2024-08-10 08:20:09,813] {scheduler_job.py:190} INFO - Processing /home/airflow/.local/lib/python3.6/site-packages/airflow/example_dags/example_skip_dag.py took 0.096 seconds
[2024-08-10 08:20:40,624] {scheduler_job.py:182} INFO - Started process (PID=61848) to work on /home/airflow/.local/lib/python3.6/site-packages/airflow/example_dags/example_skip_dag.py
[2024-08-10 08:20:40,625] {scheduler_job.py:629} INFO - Processing file /home/airflow/.local/lib/python3.6/site-packages/airflow/example_dags/example_skip_dag.py for tasks to queue
[2024-08-10 08:20:40,625] {logging_mixin.py:104} INFO - [2024-08-10 08:20:40,625] {dagbag.py:451} INFO - Filling up the DagBag from /home/airflow/.local/lib/python3.6/site-packages/airflow/example_dags/example_skip_dag.py
[2024-08-10 08:20:40,631] {scheduler_job.py:639} INFO - DAG(s) dict_keys(['example_skip_dag']) retrieved from /home/airflow/.local/lib/python3.6/site-packages/airflow/example_dags/example_skip_dag.py
[2024-08-10 08:20:40,688] {logging_mixin.py:104} INFO - [2024-08-10 08:20:40,688] {dag.py:1824} INFO - Sync 1 DAGs
[2024-08-10 08:20:40,703] {logging_mixin.py:104} INFO - [2024-08-10 08:20:40,703] {dag.py:2280} INFO - Setting next_dagrun for example_skip_dag to 2024-08-08 00:00:00+00:00
[2024-08-10 08:20:40,713] {scheduler_job.py:190} INFO - Processing /home/airflow/.local/lib/python3.6/site-packages/airflow/example_dags/example_skip_dag.py took 0.091 seconds
[2024-08-10 08:21:11,162] {scheduler_job.py:182} INFO - Started process (PID=61874) to work on /home/airflow/.local/lib/python3.6/site-packages/airflow/example_dags/example_skip_dag.py
[2024-08-10 08:21:11,163] {scheduler_job.py:629} INFO - Processing file /home/airflow/.local/lib/python3.6/site-packages/airflow/example_dags/example_skip_dag.py for tasks to queue
[2024-08-10 08:21:11,163] {logging_mixin.py:104} INFO - [2024-08-10 08:21:11,163] {dagbag.py:451} INFO - Filling up the DagBag from /home/airflow/.local/lib/python3.6/site-packages/airflow/example_dags/example_skip_dag.py
[2024-08-10 08:21:11,171] {scheduler_job.py:639} INFO - DAG(s) dict_keys(['example_skip_dag']) retrieved from /home/airflow/.local/lib/python3.6/site-packages/airflow/example_dags/example_skip_dag.py
[2024-08-10 08:21:11,234] {logging_mixin.py:104} INFO - [2024-08-10 08:21:11,233] {dag.py:1824} INFO - Sync 1 DAGs
[2024-08-10 08:21:11,252] {logging_mixin.py:104} INFO - [2024-08-10 08:21:11,252] {dag.py:2280} INFO - Setting next_dagrun for example_skip_dag to 2024-08-08 00:00:00+00:00
[2024-08-10 08:21:11,264] {scheduler_job.py:190} INFO - Processing /home/airflow/.local/lib/python3.6/site-packages/airflow/example_dags/example_skip_dag.py took 0.104 seconds
[2024-08-10 08:21:41,951] {scheduler_job.py:182} INFO - Started process (PID=61903) to work on /home/airflow/.local/lib/python3.6/site-packages/airflow/example_dags/example_skip_dag.py
[2024-08-10 08:21:41,952] {scheduler_job.py:629} INFO - Processing file /home/airflow/.local/lib/python3.6/site-packages/airflow/example_dags/example_skip_dag.py for tasks to queue
[2024-08-10 08:21:41,952] {logging_mixin.py:104} INFO - [2024-08-10 08:21:41,952] {dagbag.py:451} INFO - Filling up the DagBag from /home/airflow/.local/lib/python3.6/site-packages/airflow/example_dags/example_skip_dag.py
[2024-08-10 08:21:41,960] {scheduler_job.py:639} INFO - DAG(s) dict_keys(['example_skip_dag']) retrieved from /home/airflow/.local/lib/python3.6/site-packages/airflow/example_dags/example_skip_dag.py
[2024-08-10 08:21:42,017] {logging_mixin.py:104} INFO - [2024-08-10 08:21:42,017] {dag.py:1824} INFO - Sync 1 DAGs
[2024-08-10 08:21:42,032] {logging_mixin.py:104} INFO - [2024-08-10 08:21:42,032] {dag.py:2280} INFO - Setting next_dagrun for example_skip_dag to 2024-08-08 00:00:00+00:00
[2024-08-10 08:21:42,043] {scheduler_job.py:190} INFO - Processing /home/airflow/.local/lib/python3.6/site-packages/airflow/example_dags/example_skip_dag.py took 0.093 seconds
[2024-08-10 08:22:12,742] {scheduler_job.py:182} INFO - Started process (PID=61932) to work on /home/airflow/.local/lib/python3.6/site-packages/airflow/example_dags/example_skip_dag.py
[2024-08-10 08:22:12,743] {scheduler_job.py:629} INFO - Processing file /home/airflow/.local/lib/python3.6/site-packages/airflow/example_dags/example_skip_dag.py for tasks to queue
[2024-08-10 08:22:12,743] {logging_mixin.py:104} INFO - [2024-08-10 08:22:12,743] {dagbag.py:451} INFO - Filling up the DagBag from /home/airflow/.local/lib/python3.6/site-packages/airflow/example_dags/example_skip_dag.py
[2024-08-10 08:22:12,749] {scheduler_job.py:639} INFO - DAG(s) dict_keys(['example_skip_dag']) retrieved from /home/airflow/.local/lib/python3.6/site-packages/airflow/example_dags/example_skip_dag.py
[2024-08-10 08:22:12,807] {logging_mixin.py:104} INFO - [2024-08-10 08:22:12,807] {dag.py:1824} INFO - Sync 1 DAGs
[2024-08-10 08:22:12,824] {logging_mixin.py:104} INFO - [2024-08-10 08:22:12,824] {dag.py:2280} INFO - Setting next_dagrun for example_skip_dag to 2024-08-08 00:00:00+00:00
[2024-08-10 08:22:12,835] {scheduler_job.py:190} INFO - Processing /home/airflow/.local/lib/python3.6/site-packages/airflow/example_dags/example_skip_dag.py took 0.095 seconds
[2024-08-10 08:22:43,517] {scheduler_job.py:182} INFO - Started process (PID=61961) to work on /home/airflow/.local/lib/python3.6/site-packages/airflow/example_dags/example_skip_dag.py
[2024-08-10 08:22:43,517] {scheduler_job.py:629} INFO - Processing file /home/airflow/.local/lib/python3.6/site-packages/airflow/example_dags/example_skip_dag.py for tasks to queue
[2024-08-10 08:22:43,518] {logging_mixin.py:104} INFO - [2024-08-10 08:22:43,518] {dagbag.py:451} INFO - Filling up the DagBag from /home/airflow/.local/lib/python3.6/site-packages/airflow/example_dags/example_skip_dag.py
[2024-08-10 08:22:43,524] {scheduler_job.py:639} INFO - DAG(s) dict_keys(['example_skip_dag']) retrieved from /home/airflow/.local/lib/python3.6/site-packages/airflow/example_dags/example_skip_dag.py
[2024-08-10 08:22:43,585] {logging_mixin.py:104} INFO - [2024-08-10 08:22:43,584] {dag.py:1824} INFO - Sync 1 DAGs
[2024-08-10 08:22:43,602] {logging_mixin.py:104} INFO - [2024-08-10 08:22:43,602] {dag.py:2280} INFO - Setting next_dagrun for example_skip_dag to 2024-08-08 00:00:00+00:00
[2024-08-10 08:22:43,613] {scheduler_job.py:190} INFO - Processing /home/airflow/.local/lib/python3.6/site-packages/airflow/example_dags/example_skip_dag.py took 0.098 seconds
[2024-08-10 19:59:43,286] {scheduler_job.py:182} INFO - Started process (PID=33) to work on /home/airflow/.local/lib/python3.6/site-packages/airflow/example_dags/example_skip_dag.py
[2024-08-10 19:59:43,287] {scheduler_job.py:629} INFO - Processing file /home/airflow/.local/lib/python3.6/site-packages/airflow/example_dags/example_skip_dag.py for tasks to queue
[2024-08-10 19:59:43,289] {logging_mixin.py:104} INFO - [2024-08-10 19:59:43,288] {dagbag.py:451} INFO - Filling up the DagBag from /home/airflow/.local/lib/python3.6/site-packages/airflow/example_dags/example_skip_dag.py
[2024-08-10 19:59:43,303] {scheduler_job.py:639} INFO - DAG(s) dict_keys(['example_skip_dag']) retrieved from /home/airflow/.local/lib/python3.6/site-packages/airflow/example_dags/example_skip_dag.py
[2024-08-10 19:59:43,375] {logging_mixin.py:104} INFO - [2024-08-10 19:59:43,375] {dag.py:1824} INFO - Sync 1 DAGs
[2024-08-10 19:59:43,405] {logging_mixin.py:104} INFO - [2024-08-10 19:59:43,405] {dag.py:2280} INFO - Setting next_dagrun for example_skip_dag to 2024-08-08 00:00:00+00:00
[2024-08-10 19:59:43,419] {scheduler_job.py:190} INFO - Processing /home/airflow/.local/lib/python3.6/site-packages/airflow/example_dags/example_skip_dag.py took 0.136 seconds
[2024-08-10 20:00:14,409] {scheduler_job.py:182} INFO - Started process (PID=62) to work on /home/airflow/.local/lib/python3.6/site-packages/airflow/example_dags/example_skip_dag.py
[2024-08-10 20:00:14,410] {scheduler_job.py:629} INFO - Processing file /home/airflow/.local/lib/python3.6/site-packages/airflow/example_dags/example_skip_dag.py for tasks to queue
[2024-08-10 20:00:14,412] {logging_mixin.py:104} INFO - [2024-08-10 20:00:14,412] {dagbag.py:451} INFO - Filling up the DagBag from /home/airflow/.local/lib/python3.6/site-packages/airflow/example_dags/example_skip_dag.py
[2024-08-10 20:00:14,424] {scheduler_job.py:639} INFO - DAG(s) dict_keys(['example_skip_dag']) retrieved from /home/airflow/.local/lib/python3.6/site-packages/airflow/example_dags/example_skip_dag.py
[2024-08-10 20:00:14,492] {logging_mixin.py:104} INFO - [2024-08-10 20:00:14,492] {dag.py:1824} INFO - Sync 1 DAGs
[2024-08-10 20:00:14,511] {logging_mixin.py:104} INFO - [2024-08-10 20:00:14,511] {dag.py:2280} INFO - Setting next_dagrun for example_skip_dag to 2024-08-08 00:00:00+00:00
[2024-08-10 20:00:14,523] {scheduler_job.py:190} INFO - Processing /home/airflow/.local/lib/python3.6/site-packages/airflow/example_dags/example_skip_dag.py took 0.117 seconds
[2024-08-10 21:00:36,321] {scheduler_job.py:182} INFO - Started process (PID=91) to work on /home/airflow/.local/lib/python3.6/site-packages/airflow/example_dags/example_skip_dag.py
[2024-08-10 21:00:36,323] {scheduler_job.py:629} INFO - Processing file /home/airflow/.local/lib/python3.6/site-packages/airflow/example_dags/example_skip_dag.py for tasks to queue
[2024-08-10 21:00:36,323] {logging_mixin.py:104} INFO - [2024-08-10 21:00:36,323] {dagbag.py:451} INFO - Filling up the DagBag from /home/airflow/.local/lib/python3.6/site-packages/airflow/example_dags/example_skip_dag.py
[2024-08-10 21:00:36,338] {scheduler_job.py:639} INFO - DAG(s) dict_keys(['example_skip_dag']) retrieved from /home/airflow/.local/lib/python3.6/site-packages/airflow/example_dags/example_skip_dag.py
[2024-08-10 21:00:36,423] {logging_mixin.py:104} INFO - [2024-08-10 21:00:36,423] {dag.py:1824} INFO - Sync 1 DAGs
[2024-08-10 21:00:36,447] {logging_mixin.py:104} INFO - [2024-08-10 21:00:36,447] {dag.py:2280} INFO - Setting next_dagrun for example_skip_dag to 2024-08-08 00:00:00+00:00
[2024-08-10 21:00:36,470] {scheduler_job.py:190} INFO - Processing /home/airflow/.local/lib/python3.6/site-packages/airflow/example_dags/example_skip_dag.py took 0.151 seconds
[2024-08-10 21:01:07,422] {scheduler_job.py:182} INFO - Started process (PID=120) to work on /home/airflow/.local/lib/python3.6/site-packages/airflow/example_dags/example_skip_dag.py
[2024-08-10 21:01:07,423] {scheduler_job.py:629} INFO - Processing file /home/airflow/.local/lib/python3.6/site-packages/airflow/example_dags/example_skip_dag.py for tasks to queue
[2024-08-10 21:01:07,424] {logging_mixin.py:104} INFO - [2024-08-10 21:01:07,424] {dagbag.py:451} INFO - Filling up the DagBag from /home/airflow/.local/lib/python3.6/site-packages/airflow/example_dags/example_skip_dag.py
[2024-08-10 21:01:07,433] {scheduler_job.py:639} INFO - DAG(s) dict_keys(['example_skip_dag']) retrieved from /home/airflow/.local/lib/python3.6/site-packages/airflow/example_dags/example_skip_dag.py
[2024-08-10 21:01:07,501] {logging_mixin.py:104} INFO - [2024-08-10 21:01:07,500] {dag.py:1824} INFO - Sync 1 DAGs
[2024-08-10 21:01:07,519] {logging_mixin.py:104} INFO - [2024-08-10 21:01:07,519] {dag.py:2280} INFO - Setting next_dagrun for example_skip_dag to 2024-08-08 00:00:00+00:00
[2024-08-10 21:01:07,530] {scheduler_job.py:190} INFO - Processing /home/airflow/.local/lib/python3.6/site-packages/airflow/example_dags/example_skip_dag.py took 0.111 seconds
[2024-08-10 21:16:44,664] {scheduler_job.py:182} INFO - Started process (PID=149) to work on /home/airflow/.local/lib/python3.6/site-packages/airflow/example_dags/example_skip_dag.py
[2024-08-10 21:16:44,666] {scheduler_job.py:629} INFO - Processing file /home/airflow/.local/lib/python3.6/site-packages/airflow/example_dags/example_skip_dag.py for tasks to queue
[2024-08-10 21:16:44,667] {logging_mixin.py:104} INFO - [2024-08-10 21:16:44,667] {dagbag.py:451} INFO - Filling up the DagBag from /home/airflow/.local/lib/python3.6/site-packages/airflow/example_dags/example_skip_dag.py
[2024-08-10 21:16:44,678] {scheduler_job.py:639} INFO - DAG(s) dict_keys(['example_skip_dag']) retrieved from /home/airflow/.local/lib/python3.6/site-packages/airflow/example_dags/example_skip_dag.py
[2024-08-10 21:16:44,750] {logging_mixin.py:104} INFO - [2024-08-10 21:16:44,750] {dag.py:1824} INFO - Sync 1 DAGs
[2024-08-10 21:16:44,773] {logging_mixin.py:104} INFO - [2024-08-10 21:16:44,773] {dag.py:2280} INFO - Setting next_dagrun for example_skip_dag to 2024-08-08 00:00:00+00:00
[2024-08-10 21:16:44,788] {scheduler_job.py:190} INFO - Processing /home/airflow/.local/lib/python3.6/site-packages/airflow/example_dags/example_skip_dag.py took 0.127 seconds
[2024-08-10 21:21:47,358] {scheduler_job.py:182} INFO - Started process (PID=178) to work on /home/airflow/.local/lib/python3.6/site-packages/airflow/example_dags/example_skip_dag.py
[2024-08-10 21:21:47,359] {scheduler_job.py:629} INFO - Processing file /home/airflow/.local/lib/python3.6/site-packages/airflow/example_dags/example_skip_dag.py for tasks to queue
[2024-08-10 21:21:47,359] {logging_mixin.py:104} INFO - [2024-08-10 21:21:47,359] {dagbag.py:451} INFO - Filling up the DagBag from /home/airflow/.local/lib/python3.6/site-packages/airflow/example_dags/example_skip_dag.py
[2024-08-10 21:21:47,368] {scheduler_job.py:639} INFO - DAG(s) dict_keys(['example_skip_dag']) retrieved from /home/airflow/.local/lib/python3.6/site-packages/airflow/example_dags/example_skip_dag.py
[2024-08-10 21:21:47,431] {logging_mixin.py:104} INFO - [2024-08-10 21:21:47,431] {dag.py:1824} INFO - Sync 1 DAGs
[2024-08-10 21:21:47,447] {logging_mixin.py:104} INFO - [2024-08-10 21:21:47,447] {dag.py:2280} INFO - Setting next_dagrun for example_skip_dag to 2024-08-08 00:00:00+00:00
[2024-08-10 21:21:47,458] {scheduler_job.py:190} INFO - Processing /home/airflow/.local/lib/python3.6/site-packages/airflow/example_dags/example_skip_dag.py took 0.102 seconds
[2024-08-10 21:22:18,427] {scheduler_job.py:182} INFO - Started process (PID=207) to work on /home/airflow/.local/lib/python3.6/site-packages/airflow/example_dags/example_skip_dag.py
[2024-08-10 21:22:18,429] {scheduler_job.py:629} INFO - Processing file /home/airflow/.local/lib/python3.6/site-packages/airflow/example_dags/example_skip_dag.py for tasks to queue
[2024-08-10 21:22:18,429] {logging_mixin.py:104} INFO - [2024-08-10 21:22:18,429] {dagbag.py:451} INFO - Filling up the DagBag from /home/airflow/.local/lib/python3.6/site-packages/airflow/example_dags/example_skip_dag.py
[2024-08-10 21:22:18,438] {scheduler_job.py:639} INFO - DAG(s) dict_keys(['example_skip_dag']) retrieved from /home/airflow/.local/lib/python3.6/site-packages/airflow/example_dags/example_skip_dag.py
[2024-08-10 21:22:18,506] {logging_mixin.py:104} INFO - [2024-08-10 21:22:18,506] {dag.py:1824} INFO - Sync 1 DAGs
[2024-08-10 21:22:18,523] {logging_mixin.py:104} INFO - [2024-08-10 21:22:18,523] {dag.py:2280} INFO - Setting next_dagrun for example_skip_dag to 2024-08-08 00:00:00+00:00
[2024-08-10 21:22:18,535] {scheduler_job.py:190} INFO - Processing /home/airflow/.local/lib/python3.6/site-packages/airflow/example_dags/example_skip_dag.py took 0.111 seconds
[2024-08-10 21:45:45,003] {scheduler_job.py:182} INFO - Started process (PID=236) to work on /home/airflow/.local/lib/python3.6/site-packages/airflow/example_dags/example_skip_dag.py
[2024-08-10 21:45:45,004] {scheduler_job.py:629} INFO - Processing file /home/airflow/.local/lib/python3.6/site-packages/airflow/example_dags/example_skip_dag.py for tasks to queue
[2024-08-10 21:45:45,004] {logging_mixin.py:104} INFO - [2024-08-10 21:45:45,004] {dagbag.py:451} INFO - Filling up the DagBag from /home/airflow/.local/lib/python3.6/site-packages/airflow/example_dags/example_skip_dag.py
[2024-08-10 21:45:45,010] {scheduler_job.py:639} INFO - DAG(s) dict_keys(['example_skip_dag']) retrieved from /home/airflow/.local/lib/python3.6/site-packages/airflow/example_dags/example_skip_dag.py
[2024-08-10 21:45:45,067] {logging_mixin.py:104} INFO - [2024-08-10 21:45:45,067] {dag.py:1824} INFO - Sync 1 DAGs
[2024-08-10 21:45:45,085] {logging_mixin.py:104} INFO - [2024-08-10 21:45:45,085] {dag.py:2280} INFO - Setting next_dagrun for example_skip_dag to 2024-08-08 00:00:00+00:00
[2024-08-10 21:45:45,095] {scheduler_job.py:190} INFO - Processing /home/airflow/.local/lib/python3.6/site-packages/airflow/example_dags/example_skip_dag.py took 0.094 seconds
[2024-08-10 21:46:16,102] {scheduler_job.py:182} INFO - Started process (PID=265) to work on /home/airflow/.local/lib/python3.6/site-packages/airflow/example_dags/example_skip_dag.py
[2024-08-10 21:46:16,103] {scheduler_job.py:629} INFO - Processing file /home/airflow/.local/lib/python3.6/site-packages/airflow/example_dags/example_skip_dag.py for tasks to queue
[2024-08-10 21:46:16,104] {logging_mixin.py:104} INFO - [2024-08-10 21:46:16,104] {dagbag.py:451} INFO - Filling up the DagBag from /home/airflow/.local/lib/python3.6/site-packages/airflow/example_dags/example_skip_dag.py
[2024-08-10 21:46:16,112] {scheduler_job.py:639} INFO - DAG(s) dict_keys(['example_skip_dag']) retrieved from /home/airflow/.local/lib/python3.6/site-packages/airflow/example_dags/example_skip_dag.py
[2024-08-10 21:46:16,177] {logging_mixin.py:104} INFO - [2024-08-10 21:46:16,177] {dag.py:1824} INFO - Sync 1 DAGs
[2024-08-10 21:46:16,193] {logging_mixin.py:104} INFO - [2024-08-10 21:46:16,193] {dag.py:2280} INFO - Setting next_dagrun for example_skip_dag to 2024-08-08 00:00:00+00:00
[2024-08-10 21:46:16,205] {scheduler_job.py:190} INFO - Processing /home/airflow/.local/lib/python3.6/site-packages/airflow/example_dags/example_skip_dag.py took 0.105 seconds
[2024-08-10 22:01:46,358] {scheduler_job.py:182} INFO - Started process (PID=294) to work on /home/airflow/.local/lib/python3.6/site-packages/airflow/example_dags/example_skip_dag.py
[2024-08-10 22:01:46,359] {scheduler_job.py:629} INFO - Processing file /home/airflow/.local/lib/python3.6/site-packages/airflow/example_dags/example_skip_dag.py for tasks to queue
[2024-08-10 22:01:46,360] {logging_mixin.py:104} INFO - [2024-08-10 22:01:46,360] {dagbag.py:451} INFO - Filling up the DagBag from /home/airflow/.local/lib/python3.6/site-packages/airflow/example_dags/example_skip_dag.py
[2024-08-10 22:01:46,367] {scheduler_job.py:639} INFO - DAG(s) dict_keys(['example_skip_dag']) retrieved from /home/airflow/.local/lib/python3.6/site-packages/airflow/example_dags/example_skip_dag.py
[2024-08-10 22:01:46,433] {logging_mixin.py:104} INFO - [2024-08-10 22:01:46,432] {dag.py:1824} INFO - Sync 1 DAGs
[2024-08-10 22:01:46,452] {logging_mixin.py:104} INFO - [2024-08-10 22:01:46,452] {dag.py:2280} INFO - Setting next_dagrun for example_skip_dag to 2024-08-08 00:00:00+00:00
[2024-08-10 22:01:46,464] {scheduler_job.py:190} INFO - Processing /home/airflow/.local/lib/python3.6/site-packages/airflow/example_dags/example_skip_dag.py took 0.107 seconds
[2024-08-10 22:08:19,175] {scheduler_job.py:182} INFO - Started process (PID=323) to work on /home/airflow/.local/lib/python3.6/site-packages/airflow/example_dags/example_skip_dag.py
[2024-08-10 22:08:19,177] {scheduler_job.py:629} INFO - Processing file /home/airflow/.local/lib/python3.6/site-packages/airflow/example_dags/example_skip_dag.py for tasks to queue
[2024-08-10 22:08:19,179] {logging_mixin.py:104} INFO - [2024-08-10 22:08:19,179] {dagbag.py:451} INFO - Filling up the DagBag from /home/airflow/.local/lib/python3.6/site-packages/airflow/example_dags/example_skip_dag.py
[2024-08-10 22:08:19,193] {scheduler_job.py:639} INFO - DAG(s) dict_keys(['example_skip_dag']) retrieved from /home/airflow/.local/lib/python3.6/site-packages/airflow/example_dags/example_skip_dag.py
[2024-08-10 22:08:19,266] {logging_mixin.py:104} INFO - [2024-08-10 22:08:19,266] {dag.py:1824} INFO - Sync 1 DAGs
[2024-08-10 22:08:19,286] {logging_mixin.py:104} INFO - [2024-08-10 22:08:19,285] {dag.py:2280} INFO - Setting next_dagrun for example_skip_dag to 2024-08-08 00:00:00+00:00
[2024-08-10 22:08:19,300] {scheduler_job.py:190} INFO - Processing /home/airflow/.local/lib/python3.6/site-packages/airflow/example_dags/example_skip_dag.py took 0.129 seconds
[2024-08-10 22:08:49,357] {scheduler_job.py:182} INFO - Started process (PID=352) to work on /home/airflow/.local/lib/python3.6/site-packages/airflow/example_dags/example_skip_dag.py
[2024-08-10 22:08:49,360] {scheduler_job.py:629} INFO - Processing file /home/airflow/.local/lib/python3.6/site-packages/airflow/example_dags/example_skip_dag.py for tasks to queue
[2024-08-10 22:08:49,362] {logging_mixin.py:104} INFO - [2024-08-10 22:08:49,362] {dagbag.py:451} INFO - Filling up the DagBag from /home/airflow/.local/lib/python3.6/site-packages/airflow/example_dags/example_skip_dag.py
[2024-08-10 22:08:49,370] {scheduler_job.py:639} INFO - DAG(s) dict_keys(['example_skip_dag']) retrieved from /home/airflow/.local/lib/python3.6/site-packages/airflow/example_dags/example_skip_dag.py
[2024-08-10 22:08:49,435] {logging_mixin.py:104} INFO - [2024-08-10 22:08:49,435] {dag.py:1824} INFO - Sync 1 DAGs
[2024-08-10 22:08:49,454] {logging_mixin.py:104} INFO - [2024-08-10 22:08:49,453] {dag.py:2280} INFO - Setting next_dagrun for example_skip_dag to 2024-08-08 00:00:00+00:00
[2024-08-10 22:08:49,466] {scheduler_job.py:190} INFO - Processing /home/airflow/.local/lib/python3.6/site-packages/airflow/example_dags/example_skip_dag.py took 0.113 seconds
[2024-08-10 22:13:47,919] {scheduler_job.py:182} INFO - Started process (PID=381) to work on /home/airflow/.local/lib/python3.6/site-packages/airflow/example_dags/example_skip_dag.py
[2024-08-10 22:13:47,920] {scheduler_job.py:629} INFO - Processing file /home/airflow/.local/lib/python3.6/site-packages/airflow/example_dags/example_skip_dag.py for tasks to queue
[2024-08-10 22:13:47,920] {logging_mixin.py:104} INFO - [2024-08-10 22:13:47,920] {dagbag.py:451} INFO - Filling up the DagBag from /home/airflow/.local/lib/python3.6/site-packages/airflow/example_dags/example_skip_dag.py
[2024-08-10 22:13:47,927] {scheduler_job.py:639} INFO - DAG(s) dict_keys(['example_skip_dag']) retrieved from /home/airflow/.local/lib/python3.6/site-packages/airflow/example_dags/example_skip_dag.py
[2024-08-10 22:13:47,988] {logging_mixin.py:104} INFO - [2024-08-10 22:13:47,988] {dag.py:1824} INFO - Sync 1 DAGs
[2024-08-10 22:13:48,006] {logging_mixin.py:104} INFO - [2024-08-10 22:13:48,006] {dag.py:2280} INFO - Setting next_dagrun for example_skip_dag to 2024-08-08 00:00:00+00:00
[2024-08-10 22:13:48,018] {scheduler_job.py:190} INFO - Processing /home/airflow/.local/lib/python3.6/site-packages/airflow/example_dags/example_skip_dag.py took 0.100 seconds
[2024-08-10 22:17:45,210] {scheduler_job.py:182} INFO - Started process (PID=410) to work on /home/airflow/.local/lib/python3.6/site-packages/airflow/example_dags/example_skip_dag.py
[2024-08-10 22:17:45,211] {scheduler_job.py:629} INFO - Processing file /home/airflow/.local/lib/python3.6/site-packages/airflow/example_dags/example_skip_dag.py for tasks to queue
[2024-08-10 22:17:45,211] {logging_mixin.py:104} INFO - [2024-08-10 22:17:45,211] {dagbag.py:451} INFO - Filling up the DagBag from /home/airflow/.local/lib/python3.6/site-packages/airflow/example_dags/example_skip_dag.py
[2024-08-10 22:17:45,218] {scheduler_job.py:639} INFO - DAG(s) dict_keys(['example_skip_dag']) retrieved from /home/airflow/.local/lib/python3.6/site-packages/airflow/example_dags/example_skip_dag.py
[2024-08-10 22:17:45,281] {logging_mixin.py:104} INFO - [2024-08-10 22:17:45,281] {dag.py:1824} INFO - Sync 1 DAGs
[2024-08-10 22:17:45,301] {logging_mixin.py:104} INFO - [2024-08-10 22:17:45,301] {dag.py:2280} INFO - Setting next_dagrun for example_skip_dag to 2024-08-08 00:00:00+00:00
[2024-08-10 22:17:45,315] {scheduler_job.py:190} INFO - Processing /home/airflow/.local/lib/python3.6/site-packages/airflow/example_dags/example_skip_dag.py took 0.107 seconds
[2024-08-10 22:18:16,170] {scheduler_job.py:182} INFO - Started process (PID=439) to work on /home/airflow/.local/lib/python3.6/site-packages/airflow/example_dags/example_skip_dag.py
[2024-08-10 22:18:16,171] {scheduler_job.py:629} INFO - Processing file /home/airflow/.local/lib/python3.6/site-packages/airflow/example_dags/example_skip_dag.py for tasks to queue
[2024-08-10 22:18:16,171] {logging_mixin.py:104} INFO - [2024-08-10 22:18:16,171] {dagbag.py:451} INFO - Filling up the DagBag from /home/airflow/.local/lib/python3.6/site-packages/airflow/example_dags/example_skip_dag.py
[2024-08-10 22:18:16,181] {scheduler_job.py:639} INFO - DAG(s) dict_keys(['example_skip_dag']) retrieved from /home/airflow/.local/lib/python3.6/site-packages/airflow/example_dags/example_skip_dag.py
[2024-08-10 22:18:16,244] {logging_mixin.py:104} INFO - [2024-08-10 22:18:16,244] {dag.py:1824} INFO - Sync 1 DAGs
[2024-08-10 22:18:16,261] {logging_mixin.py:104} INFO - [2024-08-10 22:18:16,261] {dag.py:2280} INFO - Setting next_dagrun for example_skip_dag to 2024-08-08 00:00:00+00:00
[2024-08-10 22:18:16,272] {scheduler_job.py:190} INFO - Processing /home/airflow/.local/lib/python3.6/site-packages/airflow/example_dags/example_skip_dag.py took 0.104 seconds
[2024-08-10 22:18:46,840] {scheduler_job.py:182} INFO - Started process (PID=468) to work on /home/airflow/.local/lib/python3.6/site-packages/airflow/example_dags/example_skip_dag.py
[2024-08-10 22:18:46,843] {scheduler_job.py:629} INFO - Processing file /home/airflow/.local/lib/python3.6/site-packages/airflow/example_dags/example_skip_dag.py for tasks to queue
[2024-08-10 22:18:46,844] {logging_mixin.py:104} INFO - [2024-08-10 22:18:46,843] {dagbag.py:451} INFO - Filling up the DagBag from /home/airflow/.local/lib/python3.6/site-packages/airflow/example_dags/example_skip_dag.py
[2024-08-10 22:18:46,854] {scheduler_job.py:639} INFO - DAG(s) dict_keys(['example_skip_dag']) retrieved from /home/airflow/.local/lib/python3.6/site-packages/airflow/example_dags/example_skip_dag.py
[2024-08-10 22:18:46,924] {logging_mixin.py:104} INFO - [2024-08-10 22:18:46,924] {dag.py:1824} INFO - Sync 1 DAGs
[2024-08-10 22:18:46,942] {logging_mixin.py:104} INFO - [2024-08-10 22:18:46,942] {dag.py:2280} INFO - Setting next_dagrun for example_skip_dag to 2024-08-08 00:00:00+00:00
[2024-08-10 22:18:46,955] {scheduler_job.py:190} INFO - Processing /home/airflow/.local/lib/python3.6/site-packages/airflow/example_dags/example_skip_dag.py took 0.118 seconds
[2024-08-10 22:19:17,806] {scheduler_job.py:182} INFO - Started process (PID=497) to work on /home/airflow/.local/lib/python3.6/site-packages/airflow/example_dags/example_skip_dag.py
[2024-08-10 22:19:17,899] {scheduler_job.py:629} INFO - Processing file /home/airflow/.local/lib/python3.6/site-packages/airflow/example_dags/example_skip_dag.py for tasks to queue
[2024-08-10 22:19:17,900] {logging_mixin.py:104} INFO - [2024-08-10 22:19:17,900] {dagbag.py:451} INFO - Filling up the DagBag from /home/airflow/.local/lib/python3.6/site-packages/airflow/example_dags/example_skip_dag.py
[2024-08-10 22:19:17,909] {scheduler_job.py:639} INFO - DAG(s) dict_keys(['example_skip_dag']) retrieved from /home/airflow/.local/lib/python3.6/site-packages/airflow/example_dags/example_skip_dag.py
[2024-08-10 22:19:17,973] {logging_mixin.py:104} INFO - [2024-08-10 22:19:17,972] {dag.py:1824} INFO - Sync 1 DAGs
[2024-08-10 22:19:17,990] {logging_mixin.py:104} INFO - [2024-08-10 22:19:17,990] {dag.py:2280} INFO - Setting next_dagrun for example_skip_dag to 2024-08-08 00:00:00+00:00
[2024-08-10 22:19:18,002] {scheduler_job.py:190} INFO - Processing /home/airflow/.local/lib/python3.6/site-packages/airflow/example_dags/example_skip_dag.py took 0.199 seconds
[2024-08-10 22:27:20,049] {scheduler_job.py:182} INFO - Started process (PID=526) to work on /home/airflow/.local/lib/python3.6/site-packages/airflow/example_dags/example_skip_dag.py
[2024-08-10 22:27:20,050] {scheduler_job.py:629} INFO - Processing file /home/airflow/.local/lib/python3.6/site-packages/airflow/example_dags/example_skip_dag.py for tasks to queue
[2024-08-10 22:27:20,050] {logging_mixin.py:104} INFO - [2024-08-10 22:27:20,050] {dagbag.py:451} INFO - Filling up the DagBag from /home/airflow/.local/lib/python3.6/site-packages/airflow/example_dags/example_skip_dag.py
[2024-08-10 22:27:20,058] {scheduler_job.py:639} INFO - DAG(s) dict_keys(['example_skip_dag']) retrieved from /home/airflow/.local/lib/python3.6/site-packages/airflow/example_dags/example_skip_dag.py
[2024-08-10 22:27:20,121] {logging_mixin.py:104} INFO - [2024-08-10 22:27:20,121] {dag.py:1824} INFO - Sync 1 DAGs
[2024-08-10 22:27:20,137] {logging_mixin.py:104} INFO - [2024-08-10 22:27:20,137] {dag.py:2280} INFO - Setting next_dagrun for example_skip_dag to 2024-08-08 00:00:00+00:00
[2024-08-10 22:27:20,147] {scheduler_job.py:190} INFO - Processing /home/airflow/.local/lib/python3.6/site-packages/airflow/example_dags/example_skip_dag.py took 0.100 seconds
[2024-08-10 23:00:12,790] {scheduler_job.py:182} INFO - Started process (PID=555) to work on /home/airflow/.local/lib/python3.6/site-packages/airflow/example_dags/example_skip_dag.py
[2024-08-10 23:00:12,793] {scheduler_job.py:629} INFO - Processing file /home/airflow/.local/lib/python3.6/site-packages/airflow/example_dags/example_skip_dag.py for tasks to queue
[2024-08-10 23:00:12,794] {logging_mixin.py:104} INFO - [2024-08-10 23:00:12,794] {dagbag.py:451} INFO - Filling up the DagBag from /home/airflow/.local/lib/python3.6/site-packages/airflow/example_dags/example_skip_dag.py
[2024-08-10 23:00:12,810] {scheduler_job.py:639} INFO - DAG(s) dict_keys(['example_skip_dag']) retrieved from /home/airflow/.local/lib/python3.6/site-packages/airflow/example_dags/example_skip_dag.py
[2024-08-10 23:00:12,876] {logging_mixin.py:104} INFO - [2024-08-10 23:00:12,876] {dag.py:1824} INFO - Sync 1 DAGs
[2024-08-10 23:00:12,895] {logging_mixin.py:104} INFO - [2024-08-10 23:00:12,895] {dag.py:2280} INFO - Setting next_dagrun for example_skip_dag to 2024-08-08 00:00:00+00:00
[2024-08-10 23:00:12,915] {scheduler_job.py:190} INFO - Processing /home/airflow/.local/lib/python3.6/site-packages/airflow/example_dags/example_skip_dag.py took 0.130 seconds
[2024-08-10 23:02:53,547] {scheduler_job.py:182} INFO - Started process (PID=584) to work on /home/airflow/.local/lib/python3.6/site-packages/airflow/example_dags/example_skip_dag.py
[2024-08-10 23:02:53,547] {scheduler_job.py:629} INFO - Processing file /home/airflow/.local/lib/python3.6/site-packages/airflow/example_dags/example_skip_dag.py for tasks to queue
[2024-08-10 23:02:53,548] {logging_mixin.py:104} INFO - [2024-08-10 23:02:53,548] {dagbag.py:451} INFO - Filling up the DagBag from /home/airflow/.local/lib/python3.6/site-packages/airflow/example_dags/example_skip_dag.py
[2024-08-10 23:02:53,558] {scheduler_job.py:639} INFO - DAG(s) dict_keys(['example_skip_dag']) retrieved from /home/airflow/.local/lib/python3.6/site-packages/airflow/example_dags/example_skip_dag.py
[2024-08-10 23:02:53,628] {logging_mixin.py:104} INFO - [2024-08-10 23:02:53,628] {dag.py:1824} INFO - Sync 1 DAGs
[2024-08-10 23:02:53,647] {logging_mixin.py:104} INFO - [2024-08-10 23:02:53,647] {dag.py:2280} INFO - Setting next_dagrun for example_skip_dag to 2024-08-08 00:00:00+00:00
[2024-08-10 23:02:53,658] {scheduler_job.py:190} INFO - Processing /home/airflow/.local/lib/python3.6/site-packages/airflow/example_dags/example_skip_dag.py took 0.113 seconds
[2024-08-10 23:14:07,960] {scheduler_job.py:182} INFO - Started process (PID=613) to work on /home/airflow/.local/lib/python3.6/site-packages/airflow/example_dags/example_skip_dag.py
[2024-08-10 23:14:07,962] {scheduler_job.py:629} INFO - Processing file /home/airflow/.local/lib/python3.6/site-packages/airflow/example_dags/example_skip_dag.py for tasks to queue
[2024-08-10 23:14:07,963] {logging_mixin.py:104} INFO - [2024-08-10 23:14:07,963] {dagbag.py:451} INFO - Filling up the DagBag from /home/airflow/.local/lib/python3.6/site-packages/airflow/example_dags/example_skip_dag.py
[2024-08-10 23:14:07,970] {scheduler_job.py:639} INFO - DAG(s) dict_keys(['example_skip_dag']) retrieved from /home/airflow/.local/lib/python3.6/site-packages/airflow/example_dags/example_skip_dag.py
[2024-08-10 23:14:08,038] {logging_mixin.py:104} INFO - [2024-08-10 23:14:08,038] {dag.py:1824} INFO - Sync 1 DAGs
[2024-08-10 23:14:08,055] {logging_mixin.py:104} INFO - [2024-08-10 23:14:08,055] {dag.py:2280} INFO - Setting next_dagrun for example_skip_dag to 2024-08-08 00:00:00+00:00
[2024-08-10 23:14:08,071] {scheduler_job.py:190} INFO - Processing /home/airflow/.local/lib/python3.6/site-packages/airflow/example_dags/example_skip_dag.py took 0.113 seconds
[2024-08-10 23:14:38,863] {scheduler_job.py:182} INFO - Started process (PID=642) to work on /home/airflow/.local/lib/python3.6/site-packages/airflow/example_dags/example_skip_dag.py
[2024-08-10 23:14:38,864] {scheduler_job.py:629} INFO - Processing file /home/airflow/.local/lib/python3.6/site-packages/airflow/example_dags/example_skip_dag.py for tasks to queue
[2024-08-10 23:14:38,865] {logging_mixin.py:104} INFO - [2024-08-10 23:14:38,865] {dagbag.py:451} INFO - Filling up the DagBag from /home/airflow/.local/lib/python3.6/site-packages/airflow/example_dags/example_skip_dag.py
[2024-08-10 23:14:38,872] {scheduler_job.py:639} INFO - DAG(s) dict_keys(['example_skip_dag']) retrieved from /home/airflow/.local/lib/python3.6/site-packages/airflow/example_dags/example_skip_dag.py
[2024-08-10 23:14:38,935] {logging_mixin.py:104} INFO - [2024-08-10 23:14:38,935] {dag.py:1824} INFO - Sync 1 DAGs
[2024-08-10 23:14:38,952] {logging_mixin.py:104} INFO - [2024-08-10 23:14:38,952] {dag.py:2280} INFO - Setting next_dagrun for example_skip_dag to 2024-08-08 00:00:00+00:00
[2024-08-10 23:14:38,962] {scheduler_job.py:190} INFO - Processing /home/airflow/.local/lib/python3.6/site-packages/airflow/example_dags/example_skip_dag.py took 0.100 seconds
