[2024-08-10 00:13:03,642] {scheduler_job.py:182} INFO - Started process (PID=60878) to work on /home/airflow/.local/lib/python3.6/site-packages/airflow/example_dags/example_latest_only.py
[2024-08-10 00:13:03,644] {scheduler_job.py:629} INFO - Processing file /home/airflow/.local/lib/python3.6/site-packages/airflow/example_dags/example_latest_only.py for tasks to queue
[2024-08-10 00:13:03,645] {logging_mixin.py:104} INFO - [2024-08-10 00:13:03,645] {dagbag.py:451} INFO - Filling up the DagBag from /home/airflow/.local/lib/python3.6/site-packages/airflow/example_dags/example_latest_only.py
[2024-08-10 00:13:03,653] {scheduler_job.py:639} INFO - DAG(s) dict_keys(['latest_only']) retrieved from /home/airflow/.local/lib/python3.6/site-packages/airflow/example_dags/example_latest_only.py
[2024-08-10 00:13:03,721] {logging_mixin.py:104} INFO - [2024-08-10 00:13:03,721] {dag.py:1824} INFO - Sync 1 DAGs
[2024-08-10 00:13:03,738] {logging_mixin.py:104} INFO - [2024-08-10 00:13:03,738] {dag.py:2280} INFO - Setting next_dagrun for latest_only to 2024-08-08 00:00:00+00:00
[2024-08-10 00:13:03,752] {scheduler_job.py:190} INFO - Processing /home/airflow/.local/lib/python3.6/site-packages/airflow/example_dags/example_latest_only.py took 0.112 seconds
[2024-08-10 00:13:33,912] {scheduler_job.py:182} INFO - Started process (PID=60909) to work on /home/airflow/.local/lib/python3.6/site-packages/airflow/example_dags/example_latest_only.py
[2024-08-10 00:13:33,912] {scheduler_job.py:629} INFO - Processing file /home/airflow/.local/lib/python3.6/site-packages/airflow/example_dags/example_latest_only.py for tasks to queue
[2024-08-10 00:13:33,913] {logging_mixin.py:104} INFO - [2024-08-10 00:13:33,913] {dagbag.py:451} INFO - Filling up the DagBag from /home/airflow/.local/lib/python3.6/site-packages/airflow/example_dags/example_latest_only.py
[2024-08-10 00:13:33,918] {scheduler_job.py:639} INFO - DAG(s) dict_keys(['latest_only']) retrieved from /home/airflow/.local/lib/python3.6/site-packages/airflow/example_dags/example_latest_only.py
[2024-08-10 00:13:33,978] {logging_mixin.py:104} INFO - [2024-08-10 00:13:33,978] {dag.py:1824} INFO - Sync 1 DAGs
[2024-08-10 00:13:33,995] {logging_mixin.py:104} INFO - [2024-08-10 00:13:33,995] {dag.py:2280} INFO - Setting next_dagrun for latest_only to 2024-08-08 00:00:00+00:00
[2024-08-10 00:13:34,005] {scheduler_job.py:190} INFO - Processing /home/airflow/.local/lib/python3.6/site-packages/airflow/example_dags/example_latest_only.py took 0.095 seconds
[2024-08-10 01:03:33,025] {scheduler_job.py:182} INFO - Started process (PID=60936) to work on /home/airflow/.local/lib/python3.6/site-packages/airflow/example_dags/example_latest_only.py
[2024-08-10 01:03:33,026] {scheduler_job.py:629} INFO - Processing file /home/airflow/.local/lib/python3.6/site-packages/airflow/example_dags/example_latest_only.py for tasks to queue
[2024-08-10 01:03:33,027] {logging_mixin.py:104} INFO - [2024-08-10 01:03:33,027] {dagbag.py:451} INFO - Filling up the DagBag from /home/airflow/.local/lib/python3.6/site-packages/airflow/example_dags/example_latest_only.py
[2024-08-10 01:03:33,042] {scheduler_job.py:639} INFO - DAG(s) dict_keys(['latest_only']) retrieved from /home/airflow/.local/lib/python3.6/site-packages/airflow/example_dags/example_latest_only.py
[2024-08-10 01:03:33,103] {logging_mixin.py:104} INFO - [2024-08-10 01:03:33,103] {dag.py:1824} INFO - Sync 1 DAGs
[2024-08-10 01:03:33,120] {logging_mixin.py:104} INFO - [2024-08-10 01:03:33,120] {dag.py:2280} INFO - Setting next_dagrun for latest_only to 2024-08-08 00:00:00+00:00
[2024-08-10 01:03:33,132] {scheduler_job.py:190} INFO - Processing /home/airflow/.local/lib/python3.6/site-packages/airflow/example_dags/example_latest_only.py took 0.108 seconds
[2024-08-10 01:14:29,946] {scheduler_job.py:182} INFO - Started process (PID=60965) to work on /home/airflow/.local/lib/python3.6/site-packages/airflow/example_dags/example_latest_only.py
[2024-08-10 01:14:29,947] {scheduler_job.py:629} INFO - Processing file /home/airflow/.local/lib/python3.6/site-packages/airflow/example_dags/example_latest_only.py for tasks to queue
[2024-08-10 01:14:29,949] {logging_mixin.py:104} INFO - [2024-08-10 01:14:29,948] {dagbag.py:451} INFO - Filling up the DagBag from /home/airflow/.local/lib/python3.6/site-packages/airflow/example_dags/example_latest_only.py
[2024-08-10 01:14:29,957] {scheduler_job.py:639} INFO - DAG(s) dict_keys(['latest_only']) retrieved from /home/airflow/.local/lib/python3.6/site-packages/airflow/example_dags/example_latest_only.py
[2024-08-10 01:14:30,026] {logging_mixin.py:104} INFO - [2024-08-10 01:14:30,026] {dag.py:1824} INFO - Sync 1 DAGs
[2024-08-10 01:14:30,046] {logging_mixin.py:104} INFO - [2024-08-10 01:14:30,046] {dag.py:2280} INFO - Setting next_dagrun for latest_only to 2024-08-08 00:00:00+00:00
[2024-08-10 01:14:30,058] {scheduler_job.py:190} INFO - Processing /home/airflow/.local/lib/python3.6/site-packages/airflow/example_dags/example_latest_only.py took 0.115 seconds
[2024-08-10 01:47:57,727] {scheduler_job.py:182} INFO - Started process (PID=60994) to work on /home/airflow/.local/lib/python3.6/site-packages/airflow/example_dags/example_latest_only.py
[2024-08-10 01:47:57,728] {scheduler_job.py:629} INFO - Processing file /home/airflow/.local/lib/python3.6/site-packages/airflow/example_dags/example_latest_only.py for tasks to queue
[2024-08-10 01:47:57,728] {logging_mixin.py:104} INFO - [2024-08-10 01:47:57,728] {dagbag.py:451} INFO - Filling up the DagBag from /home/airflow/.local/lib/python3.6/site-packages/airflow/example_dags/example_latest_only.py
[2024-08-10 01:47:57,734] {scheduler_job.py:639} INFO - DAG(s) dict_keys(['latest_only']) retrieved from /home/airflow/.local/lib/python3.6/site-packages/airflow/example_dags/example_latest_only.py
[2024-08-10 01:47:57,794] {logging_mixin.py:104} INFO - [2024-08-10 01:47:57,794] {dag.py:1824} INFO - Sync 1 DAGs
[2024-08-10 01:47:57,811] {logging_mixin.py:104} INFO - [2024-08-10 01:47:57,811] {dag.py:2280} INFO - Setting next_dagrun for latest_only to 2024-08-08 00:00:00+00:00
[2024-08-10 01:47:57,824] {scheduler_job.py:190} INFO - Processing /home/airflow/.local/lib/python3.6/site-packages/airflow/example_dags/example_latest_only.py took 0.099 seconds
[2024-08-10 02:15:26,578] {scheduler_job.py:182} INFO - Started process (PID=61023) to work on /home/airflow/.local/lib/python3.6/site-packages/airflow/example_dags/example_latest_only.py
[2024-08-10 02:15:26,579] {scheduler_job.py:629} INFO - Processing file /home/airflow/.local/lib/python3.6/site-packages/airflow/example_dags/example_latest_only.py for tasks to queue
[2024-08-10 02:15:26,580] {logging_mixin.py:104} INFO - [2024-08-10 02:15:26,580] {dagbag.py:451} INFO - Filling up the DagBag from /home/airflow/.local/lib/python3.6/site-packages/airflow/example_dags/example_latest_only.py
[2024-08-10 02:15:26,588] {scheduler_job.py:639} INFO - DAG(s) dict_keys(['latest_only']) retrieved from /home/airflow/.local/lib/python3.6/site-packages/airflow/example_dags/example_latest_only.py
[2024-08-10 02:15:26,657] {logging_mixin.py:104} INFO - [2024-08-10 02:15:26,657] {dag.py:1824} INFO - Sync 1 DAGs
[2024-08-10 02:15:26,676] {logging_mixin.py:104} INFO - [2024-08-10 02:15:26,676] {dag.py:2280} INFO - Setting next_dagrun for latest_only to 2024-08-08 00:00:00+00:00
[2024-08-10 02:15:26,689] {scheduler_job.py:190} INFO - Processing /home/airflow/.local/lib/python3.6/site-packages/airflow/example_dags/example_latest_only.py took 0.115 seconds
[2024-08-10 02:21:40,291] {scheduler_job.py:182} INFO - Started process (PID=61052) to work on /home/airflow/.local/lib/python3.6/site-packages/airflow/example_dags/example_latest_only.py
[2024-08-10 02:21:40,293] {scheduler_job.py:629} INFO - Processing file /home/airflow/.local/lib/python3.6/site-packages/airflow/example_dags/example_latest_only.py for tasks to queue
[2024-08-10 02:21:40,294] {logging_mixin.py:104} INFO - [2024-08-10 02:21:40,294] {dagbag.py:451} INFO - Filling up the DagBag from /home/airflow/.local/lib/python3.6/site-packages/airflow/example_dags/example_latest_only.py
[2024-08-10 02:21:40,301] {scheduler_job.py:639} INFO - DAG(s) dict_keys(['latest_only']) retrieved from /home/airflow/.local/lib/python3.6/site-packages/airflow/example_dags/example_latest_only.py
[2024-08-10 02:21:40,363] {logging_mixin.py:104} INFO - [2024-08-10 02:21:40,363] {dag.py:1824} INFO - Sync 1 DAGs
[2024-08-10 02:21:40,380] {logging_mixin.py:104} INFO - [2024-08-10 02:21:40,380] {dag.py:2280} INFO - Setting next_dagrun for latest_only to 2024-08-08 00:00:00+00:00
[2024-08-10 02:21:40,391] {scheduler_job.py:190} INFO - Processing /home/airflow/.local/lib/python3.6/site-packages/airflow/example_dags/example_latest_only.py took 0.101 seconds
[2024-08-10 02:22:11,266] {scheduler_job.py:182} INFO - Started process (PID=61080) to work on /home/airflow/.local/lib/python3.6/site-packages/airflow/example_dags/example_latest_only.py
[2024-08-10 02:22:11,268] {scheduler_job.py:629} INFO - Processing file /home/airflow/.local/lib/python3.6/site-packages/airflow/example_dags/example_latest_only.py for tasks to queue
[2024-08-10 02:22:11,268] {logging_mixin.py:104} INFO - [2024-08-10 02:22:11,268] {dagbag.py:451} INFO - Filling up the DagBag from /home/airflow/.local/lib/python3.6/site-packages/airflow/example_dags/example_latest_only.py
[2024-08-10 02:22:11,274] {scheduler_job.py:639} INFO - DAG(s) dict_keys(['latest_only']) retrieved from /home/airflow/.local/lib/python3.6/site-packages/airflow/example_dags/example_latest_only.py
[2024-08-10 02:22:11,330] {logging_mixin.py:104} INFO - [2024-08-10 02:22:11,330] {dag.py:1824} INFO - Sync 1 DAGs
[2024-08-10 02:22:11,349] {logging_mixin.py:104} INFO - [2024-08-10 02:22:11,349] {dag.py:2280} INFO - Setting next_dagrun for latest_only to 2024-08-08 00:00:00+00:00
[2024-08-10 02:22:11,360] {scheduler_job.py:190} INFO - Processing /home/airflow/.local/lib/python3.6/site-packages/airflow/example_dags/example_latest_only.py took 0.096 seconds
[2024-08-10 03:16:05,399] {scheduler_job.py:182} INFO - Started process (PID=61110) to work on /home/airflow/.local/lib/python3.6/site-packages/airflow/example_dags/example_latest_only.py
[2024-08-10 03:16:05,401] {scheduler_job.py:629} INFO - Processing file /home/airflow/.local/lib/python3.6/site-packages/airflow/example_dags/example_latest_only.py for tasks to queue
[2024-08-10 03:16:05,401] {logging_mixin.py:104} INFO - [2024-08-10 03:16:05,401] {dagbag.py:451} INFO - Filling up the DagBag from /home/airflow/.local/lib/python3.6/site-packages/airflow/example_dags/example_latest_only.py
[2024-08-10 03:16:05,411] {scheduler_job.py:639} INFO - DAG(s) dict_keys(['latest_only']) retrieved from /home/airflow/.local/lib/python3.6/site-packages/airflow/example_dags/example_latest_only.py
[2024-08-10 03:16:05,479] {logging_mixin.py:104} INFO - [2024-08-10 03:16:05,479] {dag.py:1824} INFO - Sync 1 DAGs
[2024-08-10 03:16:05,500] {logging_mixin.py:104} INFO - [2024-08-10 03:16:05,500] {dag.py:2280} INFO - Setting next_dagrun for latest_only to 2024-08-08 00:00:00+00:00
[2024-08-10 03:16:05,511] {scheduler_job.py:190} INFO - Processing /home/airflow/.local/lib/python3.6/site-packages/airflow/example_dags/example_latest_only.py took 0.114 seconds
[2024-08-10 03:16:35,542] {scheduler_job.py:182} INFO - Started process (PID=61138) to work on /home/airflow/.local/lib/python3.6/site-packages/airflow/example_dags/example_latest_only.py
[2024-08-10 03:16:35,543] {scheduler_job.py:629} INFO - Processing file /home/airflow/.local/lib/python3.6/site-packages/airflow/example_dags/example_latest_only.py for tasks to queue
[2024-08-10 03:16:35,543] {logging_mixin.py:104} INFO - [2024-08-10 03:16:35,543] {dagbag.py:451} INFO - Filling up the DagBag from /home/airflow/.local/lib/python3.6/site-packages/airflow/example_dags/example_latest_only.py
[2024-08-10 03:16:35,549] {scheduler_job.py:639} INFO - DAG(s) dict_keys(['latest_only']) retrieved from /home/airflow/.local/lib/python3.6/site-packages/airflow/example_dags/example_latest_only.py
[2024-08-10 03:16:35,604] {logging_mixin.py:104} INFO - [2024-08-10 03:16:35,604] {dag.py:1824} INFO - Sync 1 DAGs
[2024-08-10 03:16:35,620] {logging_mixin.py:104} INFO - [2024-08-10 03:16:35,620] {dag.py:2280} INFO - Setting next_dagrun for latest_only to 2024-08-08 00:00:00+00:00
[2024-08-10 03:16:35,630] {scheduler_job.py:190} INFO - Processing /home/airflow/.local/lib/python3.6/site-packages/airflow/example_dags/example_latest_only.py took 0.089 seconds
[2024-08-10 04:06:30,250] {scheduler_job.py:182} INFO - Started process (PID=61168) to work on /home/airflow/.local/lib/python3.6/site-packages/airflow/example_dags/example_latest_only.py
[2024-08-10 04:06:30,251] {scheduler_job.py:629} INFO - Processing file /home/airflow/.local/lib/python3.6/site-packages/airflow/example_dags/example_latest_only.py for tasks to queue
[2024-08-10 04:06:30,251] {logging_mixin.py:104} INFO - [2024-08-10 04:06:30,251] {dagbag.py:451} INFO - Filling up the DagBag from /home/airflow/.local/lib/python3.6/site-packages/airflow/example_dags/example_latest_only.py
[2024-08-10 04:06:30,258] {scheduler_job.py:639} INFO - DAG(s) dict_keys(['latest_only']) retrieved from /home/airflow/.local/lib/python3.6/site-packages/airflow/example_dags/example_latest_only.py
[2024-08-10 04:06:30,322] {logging_mixin.py:104} INFO - [2024-08-10 04:06:30,322] {dag.py:1824} INFO - Sync 1 DAGs
[2024-08-10 04:06:30,339] {logging_mixin.py:104} INFO - [2024-08-10 04:06:30,339] {dag.py:2280} INFO - Setting next_dagrun for latest_only to 2024-08-08 00:00:00+00:00
[2024-08-10 04:06:30,350] {scheduler_job.py:190} INFO - Processing /home/airflow/.local/lib/python3.6/site-packages/airflow/example_dags/example_latest_only.py took 0.102 seconds
[2024-08-10 04:17:31,832] {scheduler_job.py:182} INFO - Started process (PID=61197) to work on /home/airflow/.local/lib/python3.6/site-packages/airflow/example_dags/example_latest_only.py
[2024-08-10 04:17:31,837] {scheduler_job.py:629} INFO - Processing file /home/airflow/.local/lib/python3.6/site-packages/airflow/example_dags/example_latest_only.py for tasks to queue
[2024-08-10 04:17:31,837] {logging_mixin.py:104} INFO - [2024-08-10 04:17:31,837] {dagbag.py:451} INFO - Filling up the DagBag from /home/airflow/.local/lib/python3.6/site-packages/airflow/example_dags/example_latest_only.py
[2024-08-10 04:17:31,845] {scheduler_job.py:639} INFO - DAG(s) dict_keys(['latest_only']) retrieved from /home/airflow/.local/lib/python3.6/site-packages/airflow/example_dags/example_latest_only.py
[2024-08-10 04:17:31,916] {logging_mixin.py:104} INFO - [2024-08-10 04:17:31,916] {dag.py:1824} INFO - Sync 1 DAGs
[2024-08-10 04:17:31,937] {logging_mixin.py:104} INFO - [2024-08-10 04:17:31,937] {dag.py:2280} INFO - Setting next_dagrun for latest_only to 2024-08-08 00:00:00+00:00
[2024-08-10 04:17:31,951] {scheduler_job.py:190} INFO - Processing /home/airflow/.local/lib/python3.6/site-packages/airflow/example_dags/example_latest_only.py took 0.121 seconds
[2024-08-10 05:08:47,153] {scheduler_job.py:182} INFO - Started process (PID=61226) to work on /home/airflow/.local/lib/python3.6/site-packages/airflow/example_dags/example_latest_only.py
[2024-08-10 05:08:47,153] {scheduler_job.py:629} INFO - Processing file /home/airflow/.local/lib/python3.6/site-packages/airflow/example_dags/example_latest_only.py for tasks to queue
[2024-08-10 05:08:47,154] {logging_mixin.py:104} INFO - [2024-08-10 05:08:47,154] {dagbag.py:451} INFO - Filling up the DagBag from /home/airflow/.local/lib/python3.6/site-packages/airflow/example_dags/example_latest_only.py
[2024-08-10 05:08:47,164] {scheduler_job.py:639} INFO - DAG(s) dict_keys(['latest_only']) retrieved from /home/airflow/.local/lib/python3.6/site-packages/airflow/example_dags/example_latest_only.py
[2024-08-10 05:08:47,240] {logging_mixin.py:104} INFO - [2024-08-10 05:08:47,240] {dag.py:1824} INFO - Sync 1 DAGs
[2024-08-10 05:08:47,262] {logging_mixin.py:104} INFO - [2024-08-10 05:08:47,262] {dag.py:2280} INFO - Setting next_dagrun for latest_only to 2024-08-08 00:00:00+00:00
[2024-08-10 05:08:47,281] {scheduler_job.py:190} INFO - Processing /home/airflow/.local/lib/python3.6/site-packages/airflow/example_dags/example_latest_only.py took 0.131 seconds
[2024-08-10 05:18:29,030] {scheduler_job.py:182} INFO - Started process (PID=61255) to work on /home/airflow/.local/lib/python3.6/site-packages/airflow/example_dags/example_latest_only.py
[2024-08-10 05:18:29,031] {scheduler_job.py:629} INFO - Processing file /home/airflow/.local/lib/python3.6/site-packages/airflow/example_dags/example_latest_only.py for tasks to queue
[2024-08-10 05:18:29,031] {logging_mixin.py:104} INFO - [2024-08-10 05:18:29,031] {dagbag.py:451} INFO - Filling up the DagBag from /home/airflow/.local/lib/python3.6/site-packages/airflow/example_dags/example_latest_only.py
[2024-08-10 05:18:29,039] {scheduler_job.py:639} INFO - DAG(s) dict_keys(['latest_only']) retrieved from /home/airflow/.local/lib/python3.6/site-packages/airflow/example_dags/example_latest_only.py
[2024-08-10 05:18:29,104] {logging_mixin.py:104} INFO - [2024-08-10 05:18:29,104] {dag.py:1824} INFO - Sync 1 DAGs
[2024-08-10 05:18:29,122] {logging_mixin.py:104} INFO - [2024-08-10 05:18:29,122] {dag.py:2280} INFO - Setting next_dagrun for latest_only to 2024-08-08 00:00:00+00:00
[2024-08-10 05:18:29,133] {scheduler_job.py:190} INFO - Processing /home/airflow/.local/lib/python3.6/site-packages/airflow/example_dags/example_latest_only.py took 0.105 seconds
[2024-08-10 05:52:10,818] {scheduler_job.py:182} INFO - Started process (PID=61284) to work on /home/airflow/.local/lib/python3.6/site-packages/airflow/example_dags/example_latest_only.py
[2024-08-10 05:52:10,819] {scheduler_job.py:629} INFO - Processing file /home/airflow/.local/lib/python3.6/site-packages/airflow/example_dags/example_latest_only.py for tasks to queue
[2024-08-10 05:52:10,820] {logging_mixin.py:104} INFO - [2024-08-10 05:52:10,820] {dagbag.py:451} INFO - Filling up the DagBag from /home/airflow/.local/lib/python3.6/site-packages/airflow/example_dags/example_latest_only.py
[2024-08-10 05:52:10,828] {scheduler_job.py:639} INFO - DAG(s) dict_keys(['latest_only']) retrieved from /home/airflow/.local/lib/python3.6/site-packages/airflow/example_dags/example_latest_only.py
[2024-08-10 05:52:10,891] {logging_mixin.py:104} INFO - [2024-08-10 05:52:10,890] {dag.py:1824} INFO - Sync 1 DAGs
[2024-08-10 05:52:10,911] {logging_mixin.py:104} INFO - [2024-08-10 05:52:10,911] {dag.py:2280} INFO - Setting next_dagrun for latest_only to 2024-08-08 00:00:00+00:00
[2024-08-10 05:52:10,922] {scheduler_job.py:190} INFO - Processing /home/airflow/.local/lib/python3.6/site-packages/airflow/example_dags/example_latest_only.py took 0.106 seconds
[2024-08-10 06:01:20,380] {scheduler_job.py:182} INFO - Started process (PID=61313) to work on /home/airflow/.local/lib/python3.6/site-packages/airflow/example_dags/example_latest_only.py
[2024-08-10 06:01:20,381] {scheduler_job.py:629} INFO - Processing file /home/airflow/.local/lib/python3.6/site-packages/airflow/example_dags/example_latest_only.py for tasks to queue
[2024-08-10 06:01:20,381] {logging_mixin.py:104} INFO - [2024-08-10 06:01:20,381] {dagbag.py:451} INFO - Filling up the DagBag from /home/airflow/.local/lib/python3.6/site-packages/airflow/example_dags/example_latest_only.py
[2024-08-10 06:01:20,388] {scheduler_job.py:639} INFO - DAG(s) dict_keys(['latest_only']) retrieved from /home/airflow/.local/lib/python3.6/site-packages/airflow/example_dags/example_latest_only.py
[2024-08-10 06:01:20,447] {logging_mixin.py:104} INFO - [2024-08-10 06:01:20,447] {dag.py:1824} INFO - Sync 1 DAGs
[2024-08-10 06:01:20,464] {logging_mixin.py:104} INFO - [2024-08-10 06:01:20,464] {dag.py:2280} INFO - Setting next_dagrun for latest_only to 2024-08-08 00:00:00+00:00
[2024-08-10 06:01:20,476] {scheduler_job.py:190} INFO - Processing /home/airflow/.local/lib/python3.6/site-packages/airflow/example_dags/example_latest_only.py took 0.098 seconds
[2024-08-10 06:09:12,162] {scheduler_job.py:182} INFO - Started process (PID=61342) to work on /home/airflow/.local/lib/python3.6/site-packages/airflow/example_dags/example_latest_only.py
[2024-08-10 06:09:12,163] {scheduler_job.py:629} INFO - Processing file /home/airflow/.local/lib/python3.6/site-packages/airflow/example_dags/example_latest_only.py for tasks to queue
[2024-08-10 06:09:12,163] {logging_mixin.py:104} INFO - [2024-08-10 06:09:12,163] {dagbag.py:451} INFO - Filling up the DagBag from /home/airflow/.local/lib/python3.6/site-packages/airflow/example_dags/example_latest_only.py
[2024-08-10 06:09:12,169] {scheduler_job.py:639} INFO - DAG(s) dict_keys(['latest_only']) retrieved from /home/airflow/.local/lib/python3.6/site-packages/airflow/example_dags/example_latest_only.py
[2024-08-10 06:09:12,228] {logging_mixin.py:104} INFO - [2024-08-10 06:09:12,228] {dag.py:1824} INFO - Sync 1 DAGs
[2024-08-10 06:09:12,245] {logging_mixin.py:104} INFO - [2024-08-10 06:09:12,245] {dag.py:2280} INFO - Setting next_dagrun for latest_only to 2024-08-08 00:00:00+00:00
[2024-08-10 06:09:12,257] {scheduler_job.py:190} INFO - Processing /home/airflow/.local/lib/python3.6/site-packages/airflow/example_dags/example_latest_only.py took 0.096 seconds
[2024-08-10 06:09:43,199] {scheduler_job.py:182} INFO - Started process (PID=61370) to work on /home/airflow/.local/lib/python3.6/site-packages/airflow/example_dags/example_latest_only.py
[2024-08-10 06:09:43,200] {scheduler_job.py:629} INFO - Processing file /home/airflow/.local/lib/python3.6/site-packages/airflow/example_dags/example_latest_only.py for tasks to queue
[2024-08-10 06:09:43,200] {logging_mixin.py:104} INFO - [2024-08-10 06:09:43,200] {dagbag.py:451} INFO - Filling up the DagBag from /home/airflow/.local/lib/python3.6/site-packages/airflow/example_dags/example_latest_only.py
[2024-08-10 06:09:43,206] {scheduler_job.py:639} INFO - DAG(s) dict_keys(['latest_only']) retrieved from /home/airflow/.local/lib/python3.6/site-packages/airflow/example_dags/example_latest_only.py
[2024-08-10 06:09:43,264] {logging_mixin.py:104} INFO - [2024-08-10 06:09:43,263] {dag.py:1824} INFO - Sync 1 DAGs
[2024-08-10 06:09:43,280] {logging_mixin.py:104} INFO - [2024-08-10 06:09:43,280] {dag.py:2280} INFO - Setting next_dagrun for latest_only to 2024-08-08 00:00:00+00:00
[2024-08-10 06:09:43,290] {scheduler_job.py:190} INFO - Processing /home/airflow/.local/lib/python3.6/site-packages/airflow/example_dags/example_latest_only.py took 0.093 seconds
[2024-08-10 06:19:26,202] {scheduler_job.py:182} INFO - Started process (PID=61400) to work on /home/airflow/.local/lib/python3.6/site-packages/airflow/example_dags/example_latest_only.py
[2024-08-10 06:19:26,203] {scheduler_job.py:629} INFO - Processing file /home/airflow/.local/lib/python3.6/site-packages/airflow/example_dags/example_latest_only.py for tasks to queue
[2024-08-10 06:19:26,203] {logging_mixin.py:104} INFO - [2024-08-10 06:19:26,203] {dagbag.py:451} INFO - Filling up the DagBag from /home/airflow/.local/lib/python3.6/site-packages/airflow/example_dags/example_latest_only.py
[2024-08-10 06:19:26,209] {scheduler_job.py:639} INFO - DAG(s) dict_keys(['latest_only']) retrieved from /home/airflow/.local/lib/python3.6/site-packages/airflow/example_dags/example_latest_only.py
[2024-08-10 06:19:26,268] {logging_mixin.py:104} INFO - [2024-08-10 06:19:26,268] {dag.py:1824} INFO - Sync 1 DAGs
[2024-08-10 06:19:26,284] {logging_mixin.py:104} INFO - [2024-08-10 06:19:26,284] {dag.py:2280} INFO - Setting next_dagrun for latest_only to 2024-08-08 00:00:00+00:00
[2024-08-10 06:19:26,296] {scheduler_job.py:190} INFO - Processing /home/airflow/.local/lib/python3.6/site-packages/airflow/example_dags/example_latest_only.py took 0.095 seconds
[2024-08-10 06:53:14,827] {scheduler_job.py:182} INFO - Started process (PID=61429) to work on /home/airflow/.local/lib/python3.6/site-packages/airflow/example_dags/example_latest_only.py
[2024-08-10 06:53:14,828] {scheduler_job.py:629} INFO - Processing file /home/airflow/.local/lib/python3.6/site-packages/airflow/example_dags/example_latest_only.py for tasks to queue
[2024-08-10 06:53:14,830] {logging_mixin.py:104} INFO - [2024-08-10 06:53:14,830] {dagbag.py:451} INFO - Filling up the DagBag from /home/airflow/.local/lib/python3.6/site-packages/airflow/example_dags/example_latest_only.py
[2024-08-10 06:53:14,835] {scheduler_job.py:639} INFO - DAG(s) dict_keys(['latest_only']) retrieved from /home/airflow/.local/lib/python3.6/site-packages/airflow/example_dags/example_latest_only.py
[2024-08-10 06:53:14,893] {logging_mixin.py:104} INFO - [2024-08-10 06:53:14,893] {dag.py:1824} INFO - Sync 1 DAGs
[2024-08-10 06:53:14,911] {logging_mixin.py:104} INFO - [2024-08-10 06:53:14,910] {dag.py:2280} INFO - Setting next_dagrun for latest_only to 2024-08-08 00:00:00+00:00
[2024-08-10 06:53:14,923] {scheduler_job.py:190} INFO - Processing /home/airflow/.local/lib/python3.6/site-packages/airflow/example_dags/example_latest_only.py took 0.098 seconds
[2024-08-10 07:20:23,408] {scheduler_job.py:182} INFO - Started process (PID=61458) to work on /home/airflow/.local/lib/python3.6/site-packages/airflow/example_dags/example_latest_only.py
[2024-08-10 07:20:23,409] {scheduler_job.py:629} INFO - Processing file /home/airflow/.local/lib/python3.6/site-packages/airflow/example_dags/example_latest_only.py for tasks to queue
[2024-08-10 07:20:23,409] {logging_mixin.py:104} INFO - [2024-08-10 07:20:23,409] {dagbag.py:451} INFO - Filling up the DagBag from /home/airflow/.local/lib/python3.6/site-packages/airflow/example_dags/example_latest_only.py
[2024-08-10 07:20:23,416] {scheduler_job.py:639} INFO - DAG(s) dict_keys(['latest_only']) retrieved from /home/airflow/.local/lib/python3.6/site-packages/airflow/example_dags/example_latest_only.py
[2024-08-10 07:20:23,479] {logging_mixin.py:104} INFO - [2024-08-10 07:20:23,479] {dag.py:1824} INFO - Sync 1 DAGs
[2024-08-10 07:20:23,498] {logging_mixin.py:104} INFO - [2024-08-10 07:20:23,498] {dag.py:2280} INFO - Setting next_dagrun for latest_only to 2024-08-08 00:00:00+00:00
[2024-08-10 07:20:23,511] {scheduler_job.py:190} INFO - Processing /home/airflow/.local/lib/python3.6/site-packages/airflow/example_dags/example_latest_only.py took 0.105 seconds
[2024-08-10 07:36:31,625] {scheduler_job.py:182} INFO - Started process (PID=61487) to work on /home/airflow/.local/lib/python3.6/site-packages/airflow/example_dags/example_latest_only.py
[2024-08-10 07:36:31,626] {scheduler_job.py:629} INFO - Processing file /home/airflow/.local/lib/python3.6/site-packages/airflow/example_dags/example_latest_only.py for tasks to queue
[2024-08-10 07:36:31,629] {logging_mixin.py:104} INFO - [2024-08-10 07:36:31,629] {dagbag.py:451} INFO - Filling up the DagBag from /home/airflow/.local/lib/python3.6/site-packages/airflow/example_dags/example_latest_only.py
[2024-08-10 07:36:31,635] {scheduler_job.py:639} INFO - DAG(s) dict_keys(['latest_only']) retrieved from /home/airflow/.local/lib/python3.6/site-packages/airflow/example_dags/example_latest_only.py
[2024-08-10 07:36:31,695] {logging_mixin.py:104} INFO - [2024-08-10 07:36:31,695] {dag.py:1824} INFO - Sync 1 DAGs
[2024-08-10 07:36:31,714] {logging_mixin.py:104} INFO - [2024-08-10 07:36:31,714] {dag.py:2280} INFO - Setting next_dagrun for latest_only to 2024-08-08 00:00:00+00:00
[2024-08-10 07:36:31,729] {scheduler_job.py:190} INFO - Processing /home/airflow/.local/lib/python3.6/site-packages/airflow/example_dags/example_latest_only.py took 0.106 seconds
[2024-08-10 07:40:22,878] {scheduler_job.py:182} INFO - Started process (PID=61516) to work on /home/airflow/.local/lib/python3.6/site-packages/airflow/example_dags/example_latest_only.py
[2024-08-10 07:40:22,879] {scheduler_job.py:629} INFO - Processing file /home/airflow/.local/lib/python3.6/site-packages/airflow/example_dags/example_latest_only.py for tasks to queue
[2024-08-10 07:40:22,880] {logging_mixin.py:104} INFO - [2024-08-10 07:40:22,880] {dagbag.py:451} INFO - Filling up the DagBag from /home/airflow/.local/lib/python3.6/site-packages/airflow/example_dags/example_latest_only.py
[2024-08-10 07:40:22,889] {scheduler_job.py:639} INFO - DAG(s) dict_keys(['latest_only']) retrieved from /home/airflow/.local/lib/python3.6/site-packages/airflow/example_dags/example_latest_only.py
[2024-08-10 07:40:22,965] {logging_mixin.py:104} INFO - [2024-08-10 07:40:22,965] {dag.py:1824} INFO - Sync 1 DAGs
[2024-08-10 07:40:22,985] {logging_mixin.py:104} INFO - [2024-08-10 07:40:22,985] {dag.py:2280} INFO - Setting next_dagrun for latest_only to 2024-08-08 00:00:00+00:00
[2024-08-10 07:40:22,996] {scheduler_job.py:190} INFO - Processing /home/airflow/.local/lib/python3.6/site-packages/airflow/example_dags/example_latest_only.py took 0.124 seconds
[2024-08-10 08:13:23,290] {scheduler_job.py:182} INFO - Started process (PID=61545) to work on /home/airflow/.local/lib/python3.6/site-packages/airflow/example_dags/example_latest_only.py
[2024-08-10 08:13:23,291] {scheduler_job.py:629} INFO - Processing file /home/airflow/.local/lib/python3.6/site-packages/airflow/example_dags/example_latest_only.py for tasks to queue
[2024-08-10 08:13:23,294] {logging_mixin.py:104} INFO - [2024-08-10 08:13:23,294] {dagbag.py:451} INFO - Filling up the DagBag from /home/airflow/.local/lib/python3.6/site-packages/airflow/example_dags/example_latest_only.py
[2024-08-10 08:13:23,302] {scheduler_job.py:639} INFO - DAG(s) dict_keys(['latest_only']) retrieved from /home/airflow/.local/lib/python3.6/site-packages/airflow/example_dags/example_latest_only.py
[2024-08-10 08:13:23,370] {logging_mixin.py:104} INFO - [2024-08-10 08:13:23,370] {dag.py:1824} INFO - Sync 1 DAGs
[2024-08-10 08:13:23,392] {logging_mixin.py:104} INFO - [2024-08-10 08:13:23,392] {dag.py:2280} INFO - Setting next_dagrun for latest_only to 2024-08-08 00:00:00+00:00
[2024-08-10 08:13:23,406] {scheduler_job.py:190} INFO - Processing /home/airflow/.local/lib/python3.6/site-packages/airflow/example_dags/example_latest_only.py took 0.119 seconds
[2024-08-10 08:16:03,174] {scheduler_job.py:182} INFO - Started process (PID=61574) to work on /home/airflow/.local/lib/python3.6/site-packages/airflow/example_dags/example_latest_only.py
[2024-08-10 08:16:03,175] {scheduler_job.py:629} INFO - Processing file /home/airflow/.local/lib/python3.6/site-packages/airflow/example_dags/example_latest_only.py for tasks to queue
[2024-08-10 08:16:03,176] {logging_mixin.py:104} INFO - [2024-08-10 08:16:03,176] {dagbag.py:451} INFO - Filling up the DagBag from /home/airflow/.local/lib/python3.6/site-packages/airflow/example_dags/example_latest_only.py
[2024-08-10 08:16:03,194] {scheduler_job.py:639} INFO - DAG(s) dict_keys(['latest_only']) retrieved from /home/airflow/.local/lib/python3.6/site-packages/airflow/example_dags/example_latest_only.py
[2024-08-10 08:16:03,276] {logging_mixin.py:104} INFO - [2024-08-10 08:16:03,276] {dag.py:1824} INFO - Sync 1 DAGs
[2024-08-10 08:16:03,306] {logging_mixin.py:104} INFO - [2024-08-10 08:16:03,305] {dag.py:2280} INFO - Setting next_dagrun for latest_only to 2024-08-08 00:00:00+00:00
[2024-08-10 08:16:03,322] {scheduler_job.py:190} INFO - Processing /home/airflow/.local/lib/python3.6/site-packages/airflow/example_dags/example_latest_only.py took 0.151 seconds
[2024-08-10 08:16:33,531] {scheduler_job.py:182} INFO - Started process (PID=61602) to work on /home/airflow/.local/lib/python3.6/site-packages/airflow/example_dags/example_latest_only.py
[2024-08-10 08:16:33,533] {scheduler_job.py:629} INFO - Processing file /home/airflow/.local/lib/python3.6/site-packages/airflow/example_dags/example_latest_only.py for tasks to queue
[2024-08-10 08:16:33,535] {logging_mixin.py:104} INFO - [2024-08-10 08:16:33,535] {dagbag.py:451} INFO - Filling up the DagBag from /home/airflow/.local/lib/python3.6/site-packages/airflow/example_dags/example_latest_only.py
[2024-08-10 08:16:33,541] {scheduler_job.py:639} INFO - DAG(s) dict_keys(['latest_only']) retrieved from /home/airflow/.local/lib/python3.6/site-packages/airflow/example_dags/example_latest_only.py
[2024-08-10 08:16:33,598] {logging_mixin.py:104} INFO - [2024-08-10 08:16:33,598] {dag.py:1824} INFO - Sync 1 DAGs
[2024-08-10 08:16:33,615] {logging_mixin.py:104} INFO - [2024-08-10 08:16:33,615] {dag.py:2280} INFO - Setting next_dagrun for latest_only to 2024-08-08 00:00:00+00:00
[2024-08-10 08:16:33,626] {scheduler_job.py:190} INFO - Processing /home/airflow/.local/lib/python3.6/site-packages/airflow/example_dags/example_latest_only.py took 0.096 seconds
[2024-08-10 08:17:04,367] {scheduler_job.py:182} INFO - Started process (PID=61631) to work on /home/airflow/.local/lib/python3.6/site-packages/airflow/example_dags/example_latest_only.py
[2024-08-10 08:17:04,370] {scheduler_job.py:629} INFO - Processing file /home/airflow/.local/lib/python3.6/site-packages/airflow/example_dags/example_latest_only.py for tasks to queue
[2024-08-10 08:17:04,370] {logging_mixin.py:104} INFO - [2024-08-10 08:17:04,370] {dagbag.py:451} INFO - Filling up the DagBag from /home/airflow/.local/lib/python3.6/site-packages/airflow/example_dags/example_latest_only.py
[2024-08-10 08:17:04,376] {scheduler_job.py:639} INFO - DAG(s) dict_keys(['latest_only']) retrieved from /home/airflow/.local/lib/python3.6/site-packages/airflow/example_dags/example_latest_only.py
[2024-08-10 08:17:04,434] {logging_mixin.py:104} INFO - [2024-08-10 08:17:04,434] {dag.py:1824} INFO - Sync 1 DAGs
[2024-08-10 08:17:04,449] {logging_mixin.py:104} INFO - [2024-08-10 08:17:04,449] {dag.py:2280} INFO - Setting next_dagrun for latest_only to 2024-08-08 00:00:00+00:00
[2024-08-10 08:17:04,461] {scheduler_job.py:190} INFO - Processing /home/airflow/.local/lib/python3.6/site-packages/airflow/example_dags/example_latest_only.py took 0.095 seconds
[2024-08-10 08:17:35,311] {scheduler_job.py:182} INFO - Started process (PID=61660) to work on /home/airflow/.local/lib/python3.6/site-packages/airflow/example_dags/example_latest_only.py
[2024-08-10 08:17:35,312] {scheduler_job.py:629} INFO - Processing file /home/airflow/.local/lib/python3.6/site-packages/airflow/example_dags/example_latest_only.py for tasks to queue
[2024-08-10 08:17:35,312] {logging_mixin.py:104} INFO - [2024-08-10 08:17:35,312] {dagbag.py:451} INFO - Filling up the DagBag from /home/airflow/.local/lib/python3.6/site-packages/airflow/example_dags/example_latest_only.py
[2024-08-10 08:17:35,319] {scheduler_job.py:639} INFO - DAG(s) dict_keys(['latest_only']) retrieved from /home/airflow/.local/lib/python3.6/site-packages/airflow/example_dags/example_latest_only.py
[2024-08-10 08:17:35,380] {logging_mixin.py:104} INFO - [2024-08-10 08:17:35,380] {dag.py:1824} INFO - Sync 1 DAGs
[2024-08-10 08:17:35,400] {logging_mixin.py:104} INFO - [2024-08-10 08:17:35,400] {dag.py:2280} INFO - Setting next_dagrun for latest_only to 2024-08-08 00:00:00+00:00
[2024-08-10 08:17:35,411] {scheduler_job.py:190} INFO - Processing /home/airflow/.local/lib/python3.6/site-packages/airflow/example_dags/example_latest_only.py took 0.101 seconds
[2024-08-10 08:18:06,001] {scheduler_job.py:182} INFO - Started process (PID=61689) to work on /home/airflow/.local/lib/python3.6/site-packages/airflow/example_dags/example_latest_only.py
[2024-08-10 08:18:06,002] {scheduler_job.py:629} INFO - Processing file /home/airflow/.local/lib/python3.6/site-packages/airflow/example_dags/example_latest_only.py for tasks to queue
[2024-08-10 08:18:06,002] {logging_mixin.py:104} INFO - [2024-08-10 08:18:06,002] {dagbag.py:451} INFO - Filling up the DagBag from /home/airflow/.local/lib/python3.6/site-packages/airflow/example_dags/example_latest_only.py
[2024-08-10 08:18:06,008] {scheduler_job.py:639} INFO - DAG(s) dict_keys(['latest_only']) retrieved from /home/airflow/.local/lib/python3.6/site-packages/airflow/example_dags/example_latest_only.py
[2024-08-10 08:18:06,067] {logging_mixin.py:104} INFO - [2024-08-10 08:18:06,067] {dag.py:1824} INFO - Sync 1 DAGs
[2024-08-10 08:18:06,084] {logging_mixin.py:104} INFO - [2024-08-10 08:18:06,084] {dag.py:2280} INFO - Setting next_dagrun for latest_only to 2024-08-08 00:00:00+00:00
[2024-08-10 08:18:06,095] {scheduler_job.py:190} INFO - Processing /home/airflow/.local/lib/python3.6/site-packages/airflow/example_dags/example_latest_only.py took 0.096 seconds
[2024-08-10 08:18:36,776] {scheduler_job.py:182} INFO - Started process (PID=61718) to work on /home/airflow/.local/lib/python3.6/site-packages/airflow/example_dags/example_latest_only.py
[2024-08-10 08:18:36,777] {scheduler_job.py:629} INFO - Processing file /home/airflow/.local/lib/python3.6/site-packages/airflow/example_dags/example_latest_only.py for tasks to queue
[2024-08-10 08:18:36,779] {logging_mixin.py:104} INFO - [2024-08-10 08:18:36,779] {dagbag.py:451} INFO - Filling up the DagBag from /home/airflow/.local/lib/python3.6/site-packages/airflow/example_dags/example_latest_only.py
[2024-08-10 08:18:36,785] {scheduler_job.py:639} INFO - DAG(s) dict_keys(['latest_only']) retrieved from /home/airflow/.local/lib/python3.6/site-packages/airflow/example_dags/example_latest_only.py
[2024-08-10 08:18:36,842] {logging_mixin.py:104} INFO - [2024-08-10 08:18:36,842] {dag.py:1824} INFO - Sync 1 DAGs
[2024-08-10 08:18:36,859] {logging_mixin.py:104} INFO - [2024-08-10 08:18:36,858] {dag.py:2280} INFO - Setting next_dagrun for latest_only to 2024-08-08 00:00:00+00:00
[2024-08-10 08:18:36,869] {scheduler_job.py:190} INFO - Processing /home/airflow/.local/lib/python3.6/site-packages/airflow/example_dags/example_latest_only.py took 0.095 seconds
[2024-08-10 08:19:07,590] {scheduler_job.py:182} INFO - Started process (PID=61747) to work on /home/airflow/.local/lib/python3.6/site-packages/airflow/example_dags/example_latest_only.py
[2024-08-10 08:19:07,594] {scheduler_job.py:629} INFO - Processing file /home/airflow/.local/lib/python3.6/site-packages/airflow/example_dags/example_latest_only.py for tasks to queue
[2024-08-10 08:19:07,594] {logging_mixin.py:104} INFO - [2024-08-10 08:19:07,594] {dagbag.py:451} INFO - Filling up the DagBag from /home/airflow/.local/lib/python3.6/site-packages/airflow/example_dags/example_latest_only.py
[2024-08-10 08:19:07,600] {scheduler_job.py:639} INFO - DAG(s) dict_keys(['latest_only']) retrieved from /home/airflow/.local/lib/python3.6/site-packages/airflow/example_dags/example_latest_only.py
[2024-08-10 08:19:07,657] {logging_mixin.py:104} INFO - [2024-08-10 08:19:07,657] {dag.py:1824} INFO - Sync 1 DAGs
[2024-08-10 08:19:07,675] {logging_mixin.py:104} INFO - [2024-08-10 08:19:07,675] {dag.py:2280} INFO - Setting next_dagrun for latest_only to 2024-08-08 00:00:00+00:00
[2024-08-10 08:19:07,686] {scheduler_job.py:190} INFO - Processing /home/airflow/.local/lib/python3.6/site-packages/airflow/example_dags/example_latest_only.py took 0.097 seconds
[2024-08-10 08:19:38,310] {scheduler_job.py:182} INFO - Started process (PID=61776) to work on /home/airflow/.local/lib/python3.6/site-packages/airflow/example_dags/example_latest_only.py
[2024-08-10 08:19:38,311] {scheduler_job.py:629} INFO - Processing file /home/airflow/.local/lib/python3.6/site-packages/airflow/example_dags/example_latest_only.py for tasks to queue
[2024-08-10 08:19:38,314] {logging_mixin.py:104} INFO - [2024-08-10 08:19:38,313] {dagbag.py:451} INFO - Filling up the DagBag from /home/airflow/.local/lib/python3.6/site-packages/airflow/example_dags/example_latest_only.py
[2024-08-10 08:19:38,319] {scheduler_job.py:639} INFO - DAG(s) dict_keys(['latest_only']) retrieved from /home/airflow/.local/lib/python3.6/site-packages/airflow/example_dags/example_latest_only.py
[2024-08-10 08:19:38,376] {logging_mixin.py:104} INFO - [2024-08-10 08:19:38,376] {dag.py:1824} INFO - Sync 1 DAGs
[2024-08-10 08:19:38,395] {logging_mixin.py:104} INFO - [2024-08-10 08:19:38,395] {dag.py:2280} INFO - Setting next_dagrun for latest_only to 2024-08-08 00:00:00+00:00
[2024-08-10 08:19:38,408] {scheduler_job.py:190} INFO - Processing /home/airflow/.local/lib/python3.6/site-packages/airflow/example_dags/example_latest_only.py took 0.099 seconds
[2024-08-10 08:20:09,110] {scheduler_job.py:182} INFO - Started process (PID=61805) to work on /home/airflow/.local/lib/python3.6/site-packages/airflow/example_dags/example_latest_only.py
[2024-08-10 08:20:09,110] {scheduler_job.py:629} INFO - Processing file /home/airflow/.local/lib/python3.6/site-packages/airflow/example_dags/example_latest_only.py for tasks to queue
[2024-08-10 08:20:09,111] {logging_mixin.py:104} INFO - [2024-08-10 08:20:09,111] {dagbag.py:451} INFO - Filling up the DagBag from /home/airflow/.local/lib/python3.6/site-packages/airflow/example_dags/example_latest_only.py
[2024-08-10 08:20:09,117] {scheduler_job.py:639} INFO - DAG(s) dict_keys(['latest_only']) retrieved from /home/airflow/.local/lib/python3.6/site-packages/airflow/example_dags/example_latest_only.py
[2024-08-10 08:20:09,177] {logging_mixin.py:104} INFO - [2024-08-10 08:20:09,177] {dag.py:1824} INFO - Sync 1 DAGs
[2024-08-10 08:20:09,195] {logging_mixin.py:104} INFO - [2024-08-10 08:20:09,195] {dag.py:2280} INFO - Setting next_dagrun for latest_only to 2024-08-08 00:00:00+00:00
[2024-08-10 08:20:09,206] {scheduler_job.py:190} INFO - Processing /home/airflow/.local/lib/python3.6/site-packages/airflow/example_dags/example_latest_only.py took 0.098 seconds
[2024-08-10 08:20:39,855] {scheduler_job.py:182} INFO - Started process (PID=61834) to work on /home/airflow/.local/lib/python3.6/site-packages/airflow/example_dags/example_latest_only.py
[2024-08-10 08:20:39,858] {scheduler_job.py:629} INFO - Processing file /home/airflow/.local/lib/python3.6/site-packages/airflow/example_dags/example_latest_only.py for tasks to queue
[2024-08-10 08:20:39,858] {logging_mixin.py:104} INFO - [2024-08-10 08:20:39,858] {dagbag.py:451} INFO - Filling up the DagBag from /home/airflow/.local/lib/python3.6/site-packages/airflow/example_dags/example_latest_only.py
[2024-08-10 08:20:39,864] {scheduler_job.py:639} INFO - DAG(s) dict_keys(['latest_only']) retrieved from /home/airflow/.local/lib/python3.6/site-packages/airflow/example_dags/example_latest_only.py
[2024-08-10 08:20:39,921] {logging_mixin.py:104} INFO - [2024-08-10 08:20:39,921] {dag.py:1824} INFO - Sync 1 DAGs
[2024-08-10 08:20:39,939] {logging_mixin.py:104} INFO - [2024-08-10 08:20:39,939] {dag.py:2280} INFO - Setting next_dagrun for latest_only to 2024-08-08 00:00:00+00:00
[2024-08-10 08:20:39,951] {scheduler_job.py:190} INFO - Processing /home/airflow/.local/lib/python3.6/site-packages/airflow/example_dags/example_latest_only.py took 0.098 seconds
[2024-08-10 08:21:10,574] {scheduler_job.py:182} INFO - Started process (PID=61863) to work on /home/airflow/.local/lib/python3.6/site-packages/airflow/example_dags/example_latest_only.py
[2024-08-10 08:21:10,575] {scheduler_job.py:629} INFO - Processing file /home/airflow/.local/lib/python3.6/site-packages/airflow/example_dags/example_latest_only.py for tasks to queue
[2024-08-10 08:21:10,575] {logging_mixin.py:104} INFO - [2024-08-10 08:21:10,575] {dagbag.py:451} INFO - Filling up the DagBag from /home/airflow/.local/lib/python3.6/site-packages/airflow/example_dags/example_latest_only.py
[2024-08-10 08:21:10,583] {scheduler_job.py:639} INFO - DAG(s) dict_keys(['latest_only']) retrieved from /home/airflow/.local/lib/python3.6/site-packages/airflow/example_dags/example_latest_only.py
[2024-08-10 08:21:10,642] {logging_mixin.py:104} INFO - [2024-08-10 08:21:10,641] {dag.py:1824} INFO - Sync 1 DAGs
[2024-08-10 08:21:10,658] {logging_mixin.py:104} INFO - [2024-08-10 08:21:10,658] {dag.py:2280} INFO - Setting next_dagrun for latest_only to 2024-08-08 00:00:00+00:00
[2024-08-10 08:21:10,669] {scheduler_job.py:190} INFO - Processing /home/airflow/.local/lib/python3.6/site-packages/airflow/example_dags/example_latest_only.py took 0.096 seconds
[2024-08-10 08:21:41,407] {scheduler_job.py:182} INFO - Started process (PID=61892) to work on /home/airflow/.local/lib/python3.6/site-packages/airflow/example_dags/example_latest_only.py
[2024-08-10 08:21:41,409] {scheduler_job.py:629} INFO - Processing file /home/airflow/.local/lib/python3.6/site-packages/airflow/example_dags/example_latest_only.py for tasks to queue
[2024-08-10 08:21:41,409] {logging_mixin.py:104} INFO - [2024-08-10 08:21:41,409] {dagbag.py:451} INFO - Filling up the DagBag from /home/airflow/.local/lib/python3.6/site-packages/airflow/example_dags/example_latest_only.py
[2024-08-10 08:21:41,415] {scheduler_job.py:639} INFO - DAG(s) dict_keys(['latest_only']) retrieved from /home/airflow/.local/lib/python3.6/site-packages/airflow/example_dags/example_latest_only.py
[2024-08-10 08:21:41,473] {logging_mixin.py:104} INFO - [2024-08-10 08:21:41,473] {dag.py:1824} INFO - Sync 1 DAGs
[2024-08-10 08:21:41,490] {logging_mixin.py:104} INFO - [2024-08-10 08:21:41,490] {dag.py:2280} INFO - Setting next_dagrun for latest_only to 2024-08-08 00:00:00+00:00
[2024-08-10 08:21:41,500] {scheduler_job.py:190} INFO - Processing /home/airflow/.local/lib/python3.6/site-packages/airflow/example_dags/example_latest_only.py took 0.095 seconds
[2024-08-10 08:22:12,112] {scheduler_job.py:182} INFO - Started process (PID=61921) to work on /home/airflow/.local/lib/python3.6/site-packages/airflow/example_dags/example_latest_only.py
[2024-08-10 08:22:12,112] {scheduler_job.py:629} INFO - Processing file /home/airflow/.local/lib/python3.6/site-packages/airflow/example_dags/example_latest_only.py for tasks to queue
[2024-08-10 08:22:12,113] {logging_mixin.py:104} INFO - [2024-08-10 08:22:12,113] {dagbag.py:451} INFO - Filling up the DagBag from /home/airflow/.local/lib/python3.6/site-packages/airflow/example_dags/example_latest_only.py
[2024-08-10 08:22:12,120] {scheduler_job.py:639} INFO - DAG(s) dict_keys(['latest_only']) retrieved from /home/airflow/.local/lib/python3.6/site-packages/airflow/example_dags/example_latest_only.py
[2024-08-10 08:22:12,178] {logging_mixin.py:104} INFO - [2024-08-10 08:22:12,177] {dag.py:1824} INFO - Sync 1 DAGs
[2024-08-10 08:22:12,194] {logging_mixin.py:104} INFO - [2024-08-10 08:22:12,194] {dag.py:2280} INFO - Setting next_dagrun for latest_only to 2024-08-08 00:00:00+00:00
[2024-08-10 08:22:12,207] {scheduler_job.py:190} INFO - Processing /home/airflow/.local/lib/python3.6/site-packages/airflow/example_dags/example_latest_only.py took 0.097 seconds
[2024-08-10 08:22:42,897] {scheduler_job.py:182} INFO - Started process (PID=61950) to work on /home/airflow/.local/lib/python3.6/site-packages/airflow/example_dags/example_latest_only.py
[2024-08-10 08:22:42,898] {scheduler_job.py:629} INFO - Processing file /home/airflow/.local/lib/python3.6/site-packages/airflow/example_dags/example_latest_only.py for tasks to queue
[2024-08-10 08:22:42,900] {logging_mixin.py:104} INFO - [2024-08-10 08:22:42,900] {dagbag.py:451} INFO - Filling up the DagBag from /home/airflow/.local/lib/python3.6/site-packages/airflow/example_dags/example_latest_only.py
[2024-08-10 08:22:42,905] {scheduler_job.py:639} INFO - DAG(s) dict_keys(['latest_only']) retrieved from /home/airflow/.local/lib/python3.6/site-packages/airflow/example_dags/example_latest_only.py
[2024-08-10 08:22:42,964] {logging_mixin.py:104} INFO - [2024-08-10 08:22:42,964] {dag.py:1824} INFO - Sync 1 DAGs
[2024-08-10 08:22:42,980] {logging_mixin.py:104} INFO - [2024-08-10 08:22:42,980] {dag.py:2280} INFO - Setting next_dagrun for latest_only to 2024-08-08 00:00:00+00:00
[2024-08-10 08:22:42,991] {scheduler_job.py:190} INFO - Processing /home/airflow/.local/lib/python3.6/site-packages/airflow/example_dags/example_latest_only.py took 0.096 seconds
[2024-08-10 19:59:44,645] {scheduler_job.py:182} INFO - Started process (PID=53) to work on /home/airflow/.local/lib/python3.6/site-packages/airflow/example_dags/example_latest_only.py
[2024-08-10 19:59:44,646] {scheduler_job.py:629} INFO - Processing file /home/airflow/.local/lib/python3.6/site-packages/airflow/example_dags/example_latest_only.py for tasks to queue
[2024-08-10 19:59:44,646] {logging_mixin.py:104} INFO - [2024-08-10 19:59:44,646] {dagbag.py:451} INFO - Filling up the DagBag from /home/airflow/.local/lib/python3.6/site-packages/airflow/example_dags/example_latest_only.py
[2024-08-10 19:59:44,652] {scheduler_job.py:639} INFO - DAG(s) dict_keys(['latest_only']) retrieved from /home/airflow/.local/lib/python3.6/site-packages/airflow/example_dags/example_latest_only.py
[2024-08-10 19:59:44,712] {logging_mixin.py:104} INFO - [2024-08-10 19:59:44,712] {dag.py:1824} INFO - Sync 1 DAGs
[2024-08-10 19:59:44,729] {logging_mixin.py:104} INFO - [2024-08-10 19:59:44,729] {dag.py:2280} INFO - Setting next_dagrun for latest_only to 2024-08-08 00:00:00+00:00
[2024-08-10 19:59:44,741] {scheduler_job.py:190} INFO - Processing /home/airflow/.local/lib/python3.6/site-packages/airflow/example_dags/example_latest_only.py took 0.097 seconds
[2024-08-10 20:00:16,172] {scheduler_job.py:182} INFO - Started process (PID=88) to work on /home/airflow/.local/lib/python3.6/site-packages/airflow/example_dags/example_latest_only.py
[2024-08-10 20:00:16,174] {scheduler_job.py:629} INFO - Processing file /home/airflow/.local/lib/python3.6/site-packages/airflow/example_dags/example_latest_only.py for tasks to queue
[2024-08-10 20:00:16,175] {logging_mixin.py:104} INFO - [2024-08-10 20:00:16,175] {dagbag.py:451} INFO - Filling up the DagBag from /home/airflow/.local/lib/python3.6/site-packages/airflow/example_dags/example_latest_only.py
[2024-08-10 20:00:16,181] {scheduler_job.py:639} INFO - DAG(s) dict_keys(['latest_only']) retrieved from /home/airflow/.local/lib/python3.6/site-packages/airflow/example_dags/example_latest_only.py
[2024-08-10 20:00:16,241] {logging_mixin.py:104} INFO - [2024-08-10 20:00:16,241] {dag.py:1824} INFO - Sync 1 DAGs
[2024-08-10 20:00:16,258] {logging_mixin.py:104} INFO - [2024-08-10 20:00:16,258] {dag.py:2280} INFO - Setting next_dagrun for latest_only to 2024-08-08 00:00:00+00:00
[2024-08-10 20:00:16,269] {scheduler_job.py:190} INFO - Processing /home/airflow/.local/lib/python3.6/site-packages/airflow/example_dags/example_latest_only.py took 0.098 seconds
[2024-08-10 21:00:37,702] {scheduler_job.py:182} INFO - Started process (PID=111) to work on /home/airflow/.local/lib/python3.6/site-packages/airflow/example_dags/example_latest_only.py
[2024-08-10 21:00:37,703] {scheduler_job.py:629} INFO - Processing file /home/airflow/.local/lib/python3.6/site-packages/airflow/example_dags/example_latest_only.py for tasks to queue
[2024-08-10 21:00:37,703] {logging_mixin.py:104} INFO - [2024-08-10 21:00:37,703] {dagbag.py:451} INFO - Filling up the DagBag from /home/airflow/.local/lib/python3.6/site-packages/airflow/example_dags/example_latest_only.py
[2024-08-10 21:00:37,710] {scheduler_job.py:639} INFO - DAG(s) dict_keys(['latest_only']) retrieved from /home/airflow/.local/lib/python3.6/site-packages/airflow/example_dags/example_latest_only.py
[2024-08-10 21:00:37,773] {logging_mixin.py:104} INFO - [2024-08-10 21:00:37,772] {dag.py:1824} INFO - Sync 1 DAGs
[2024-08-10 21:00:37,789] {logging_mixin.py:104} INFO - [2024-08-10 21:00:37,789] {dag.py:2280} INFO - Setting next_dagrun for latest_only to 2024-08-08 00:00:00+00:00
[2024-08-10 21:00:37,800] {scheduler_job.py:190} INFO - Processing /home/airflow/.local/lib/python3.6/site-packages/airflow/example_dags/example_latest_only.py took 0.099 seconds
[2024-08-10 21:01:08,807] {scheduler_job.py:182} INFO - Started process (PID=146) to work on /home/airflow/.local/lib/python3.6/site-packages/airflow/example_dags/example_latest_only.py
[2024-08-10 21:01:08,807] {scheduler_job.py:629} INFO - Processing file /home/airflow/.local/lib/python3.6/site-packages/airflow/example_dags/example_latest_only.py for tasks to queue
[2024-08-10 21:01:08,808] {logging_mixin.py:104} INFO - [2024-08-10 21:01:08,808] {dagbag.py:451} INFO - Filling up the DagBag from /home/airflow/.local/lib/python3.6/site-packages/airflow/example_dags/example_latest_only.py
[2024-08-10 21:01:08,813] {scheduler_job.py:639} INFO - DAG(s) dict_keys(['latest_only']) retrieved from /home/airflow/.local/lib/python3.6/site-packages/airflow/example_dags/example_latest_only.py
[2024-08-10 21:01:08,872] {logging_mixin.py:104} INFO - [2024-08-10 21:01:08,871] {dag.py:1824} INFO - Sync 1 DAGs
[2024-08-10 21:01:08,888] {logging_mixin.py:104} INFO - [2024-08-10 21:01:08,887] {dag.py:2280} INFO - Setting next_dagrun for latest_only to 2024-08-08 00:00:00+00:00
[2024-08-10 21:01:08,898] {scheduler_job.py:190} INFO - Processing /home/airflow/.local/lib/python3.6/site-packages/airflow/example_dags/example_latest_only.py took 0.093 seconds
[2024-08-10 21:16:46,071] {scheduler_job.py:182} INFO - Started process (PID=169) to work on /home/airflow/.local/lib/python3.6/site-packages/airflow/example_dags/example_latest_only.py
[2024-08-10 21:16:46,071] {scheduler_job.py:629} INFO - Processing file /home/airflow/.local/lib/python3.6/site-packages/airflow/example_dags/example_latest_only.py for tasks to queue
[2024-08-10 21:16:46,072] {logging_mixin.py:104} INFO - [2024-08-10 21:16:46,072] {dagbag.py:451} INFO - Filling up the DagBag from /home/airflow/.local/lib/python3.6/site-packages/airflow/example_dags/example_latest_only.py
[2024-08-10 21:16:46,078] {scheduler_job.py:639} INFO - DAG(s) dict_keys(['latest_only']) retrieved from /home/airflow/.local/lib/python3.6/site-packages/airflow/example_dags/example_latest_only.py
[2024-08-10 21:16:46,140] {logging_mixin.py:104} INFO - [2024-08-10 21:16:46,140] {dag.py:1824} INFO - Sync 1 DAGs
[2024-08-10 21:16:46,157] {logging_mixin.py:104} INFO - [2024-08-10 21:16:46,157] {dag.py:2280} INFO - Setting next_dagrun for latest_only to 2024-08-08 00:00:00+00:00
[2024-08-10 21:16:46,172] {scheduler_job.py:190} INFO - Processing /home/airflow/.local/lib/python3.6/site-packages/airflow/example_dags/example_latest_only.py took 0.103 seconds
[2024-08-10 21:21:48,575] {scheduler_job.py:182} INFO - Started process (PID=198) to work on /home/airflow/.local/lib/python3.6/site-packages/airflow/example_dags/example_latest_only.py
[2024-08-10 21:21:48,579] {scheduler_job.py:629} INFO - Processing file /home/airflow/.local/lib/python3.6/site-packages/airflow/example_dags/example_latest_only.py for tasks to queue
[2024-08-10 21:21:48,579] {logging_mixin.py:104} INFO - [2024-08-10 21:21:48,579] {dagbag.py:451} INFO - Filling up the DagBag from /home/airflow/.local/lib/python3.6/site-packages/airflow/example_dags/example_latest_only.py
[2024-08-10 21:21:48,585] {scheduler_job.py:639} INFO - DAG(s) dict_keys(['latest_only']) retrieved from /home/airflow/.local/lib/python3.6/site-packages/airflow/example_dags/example_latest_only.py
[2024-08-10 21:21:48,682] {logging_mixin.py:104} INFO - [2024-08-10 21:21:48,682] {dag.py:1824} INFO - Sync 1 DAGs
[2024-08-10 21:21:48,712] {logging_mixin.py:104} INFO - [2024-08-10 21:21:48,712] {dag.py:2280} INFO - Setting next_dagrun for latest_only to 2024-08-08 00:00:00+00:00
[2024-08-10 21:21:48,732] {scheduler_job.py:190} INFO - Processing /home/airflow/.local/lib/python3.6/site-packages/airflow/example_dags/example_latest_only.py took 0.159 seconds
[2024-08-10 21:22:19,838] {scheduler_job.py:182} INFO - Started process (PID=235) to work on /home/airflow/.local/lib/python3.6/site-packages/airflow/example_dags/example_latest_only.py
[2024-08-10 21:22:19,839] {scheduler_job.py:629} INFO - Processing file /home/airflow/.local/lib/python3.6/site-packages/airflow/example_dags/example_latest_only.py for tasks to queue
[2024-08-10 21:22:19,839] {logging_mixin.py:104} INFO - [2024-08-10 21:22:19,839] {dagbag.py:451} INFO - Filling up the DagBag from /home/airflow/.local/lib/python3.6/site-packages/airflow/example_dags/example_latest_only.py
[2024-08-10 21:22:19,844] {scheduler_job.py:639} INFO - DAG(s) dict_keys(['latest_only']) retrieved from /home/airflow/.local/lib/python3.6/site-packages/airflow/example_dags/example_latest_only.py
[2024-08-10 21:22:19,902] {logging_mixin.py:104} INFO - [2024-08-10 21:22:19,902] {dag.py:1824} INFO - Sync 1 DAGs
[2024-08-10 21:22:19,918] {logging_mixin.py:104} INFO - [2024-08-10 21:22:19,918] {dag.py:2280} INFO - Setting next_dagrun for latest_only to 2024-08-08 00:00:00+00:00
[2024-08-10 21:22:19,928] {scheduler_job.py:190} INFO - Processing /home/airflow/.local/lib/python3.6/site-packages/airflow/example_dags/example_latest_only.py took 0.092 seconds
[2024-08-10 21:45:46,263] {scheduler_job.py:182} INFO - Started process (PID=256) to work on /home/airflow/.local/lib/python3.6/site-packages/airflow/example_dags/example_latest_only.py
[2024-08-10 21:45:46,264] {scheduler_job.py:629} INFO - Processing file /home/airflow/.local/lib/python3.6/site-packages/airflow/example_dags/example_latest_only.py for tasks to queue
[2024-08-10 21:45:46,267] {logging_mixin.py:104} INFO - [2024-08-10 21:45:46,267] {dagbag.py:451} INFO - Filling up the DagBag from /home/airflow/.local/lib/python3.6/site-packages/airflow/example_dags/example_latest_only.py
[2024-08-10 21:45:46,282] {scheduler_job.py:639} INFO - DAG(s) dict_keys(['latest_only']) retrieved from /home/airflow/.local/lib/python3.6/site-packages/airflow/example_dags/example_latest_only.py
[2024-08-10 21:45:46,341] {logging_mixin.py:104} INFO - [2024-08-10 21:45:46,341] {dag.py:1824} INFO - Sync 1 DAGs
[2024-08-10 21:45:46,359] {logging_mixin.py:104} INFO - [2024-08-10 21:45:46,359] {dag.py:2280} INFO - Setting next_dagrun for latest_only to 2024-08-08 00:00:00+00:00
[2024-08-10 21:45:46,371] {scheduler_job.py:190} INFO - Processing /home/airflow/.local/lib/python3.6/site-packages/airflow/example_dags/example_latest_only.py took 0.112 seconds
[2024-08-10 21:46:17,606] {scheduler_job.py:182} INFO - Started process (PID=293) to work on /home/airflow/.local/lib/python3.6/site-packages/airflow/example_dags/example_latest_only.py
[2024-08-10 21:46:17,607] {scheduler_job.py:629} INFO - Processing file /home/airflow/.local/lib/python3.6/site-packages/airflow/example_dags/example_latest_only.py for tasks to queue
[2024-08-10 21:46:17,607] {logging_mixin.py:104} INFO - [2024-08-10 21:46:17,607] {dagbag.py:451} INFO - Filling up the DagBag from /home/airflow/.local/lib/python3.6/site-packages/airflow/example_dags/example_latest_only.py
[2024-08-10 21:46:17,613] {scheduler_job.py:639} INFO - DAG(s) dict_keys(['latest_only']) retrieved from /home/airflow/.local/lib/python3.6/site-packages/airflow/example_dags/example_latest_only.py
[2024-08-10 21:46:17,670] {logging_mixin.py:104} INFO - [2024-08-10 21:46:17,670] {dag.py:1824} INFO - Sync 1 DAGs
[2024-08-10 21:46:17,685] {logging_mixin.py:104} INFO - [2024-08-10 21:46:17,685] {dag.py:2280} INFO - Setting next_dagrun for latest_only to 2024-08-08 00:00:00+00:00
[2024-08-10 21:46:17,695] {scheduler_job.py:190} INFO - Processing /home/airflow/.local/lib/python3.6/site-packages/airflow/example_dags/example_latest_only.py took 0.090 seconds
[2024-08-10 22:01:47,718] {scheduler_job.py:182} INFO - Started process (PID=314) to work on /home/airflow/.local/lib/python3.6/site-packages/airflow/example_dags/example_latest_only.py
[2024-08-10 22:01:47,720] {scheduler_job.py:629} INFO - Processing file /home/airflow/.local/lib/python3.6/site-packages/airflow/example_dags/example_latest_only.py for tasks to queue
[2024-08-10 22:01:47,722] {logging_mixin.py:104} INFO - [2024-08-10 22:01:47,722] {dagbag.py:451} INFO - Filling up the DagBag from /home/airflow/.local/lib/python3.6/site-packages/airflow/example_dags/example_latest_only.py
[2024-08-10 22:01:47,731] {scheduler_job.py:639} INFO - DAG(s) dict_keys(['latest_only']) retrieved from /home/airflow/.local/lib/python3.6/site-packages/airflow/example_dags/example_latest_only.py
[2024-08-10 22:01:47,801] {logging_mixin.py:104} INFO - [2024-08-10 22:01:47,801] {dag.py:1824} INFO - Sync 1 DAGs
[2024-08-10 22:01:47,824] {logging_mixin.py:104} INFO - [2024-08-10 22:01:47,824] {dag.py:2280} INFO - Setting next_dagrun for latest_only to 2024-08-08 00:00:00+00:00
[2024-08-10 22:01:47,840] {scheduler_job.py:190} INFO - Processing /home/airflow/.local/lib/python3.6/site-packages/airflow/example_dags/example_latest_only.py took 0.124 seconds
[2024-08-10 22:08:20,538] {scheduler_job.py:182} INFO - Started process (PID=343) to work on /home/airflow/.local/lib/python3.6/site-packages/airflow/example_dags/example_latest_only.py
[2024-08-10 22:08:20,539] {scheduler_job.py:629} INFO - Processing file /home/airflow/.local/lib/python3.6/site-packages/airflow/example_dags/example_latest_only.py for tasks to queue
[2024-08-10 22:08:20,539] {logging_mixin.py:104} INFO - [2024-08-10 22:08:20,539] {dagbag.py:451} INFO - Filling up the DagBag from /home/airflow/.local/lib/python3.6/site-packages/airflow/example_dags/example_latest_only.py
[2024-08-10 22:08:20,545] {scheduler_job.py:639} INFO - DAG(s) dict_keys(['latest_only']) retrieved from /home/airflow/.local/lib/python3.6/site-packages/airflow/example_dags/example_latest_only.py
[2024-08-10 22:08:20,607] {logging_mixin.py:104} INFO - [2024-08-10 22:08:20,607] {dag.py:1824} INFO - Sync 1 DAGs
[2024-08-10 22:08:20,630] {logging_mixin.py:104} INFO - [2024-08-10 22:08:20,630] {dag.py:2280} INFO - Setting next_dagrun for latest_only to 2024-08-08 00:00:00+00:00
[2024-08-10 22:08:20,643] {scheduler_job.py:190} INFO - Processing /home/airflow/.local/lib/python3.6/site-packages/airflow/example_dags/example_latest_only.py took 0.107 seconds
[2024-08-10 22:08:50,697] {scheduler_job.py:182} INFO - Started process (PID=372) to work on /home/airflow/.local/lib/python3.6/site-packages/airflow/example_dags/example_latest_only.py
[2024-08-10 22:08:50,698] {scheduler_job.py:629} INFO - Processing file /home/airflow/.local/lib/python3.6/site-packages/airflow/example_dags/example_latest_only.py for tasks to queue
[2024-08-10 22:08:50,699] {logging_mixin.py:104} INFO - [2024-08-10 22:08:50,699] {dagbag.py:451} INFO - Filling up the DagBag from /home/airflow/.local/lib/python3.6/site-packages/airflow/example_dags/example_latest_only.py
[2024-08-10 22:08:50,704] {scheduler_job.py:639} INFO - DAG(s) dict_keys(['latest_only']) retrieved from /home/airflow/.local/lib/python3.6/site-packages/airflow/example_dags/example_latest_only.py
[2024-08-10 22:08:50,765] {logging_mixin.py:104} INFO - [2024-08-10 22:08:50,765] {dag.py:1824} INFO - Sync 1 DAGs
[2024-08-10 22:08:50,781] {logging_mixin.py:104} INFO - [2024-08-10 22:08:50,781] {dag.py:2280} INFO - Setting next_dagrun for latest_only to 2024-08-08 00:00:00+00:00
[2024-08-10 22:08:50,792] {scheduler_job.py:190} INFO - Processing /home/airflow/.local/lib/python3.6/site-packages/airflow/example_dags/example_latest_only.py took 0.096 seconds
[2024-08-10 22:13:49,166] {scheduler_job.py:182} INFO - Started process (PID=401) to work on /home/airflow/.local/lib/python3.6/site-packages/airflow/example_dags/example_latest_only.py
[2024-08-10 22:13:49,167] {scheduler_job.py:629} INFO - Processing file /home/airflow/.local/lib/python3.6/site-packages/airflow/example_dags/example_latest_only.py for tasks to queue
[2024-08-10 22:13:49,168] {logging_mixin.py:104} INFO - [2024-08-10 22:13:49,168] {dagbag.py:451} INFO - Filling up the DagBag from /home/airflow/.local/lib/python3.6/site-packages/airflow/example_dags/example_latest_only.py
[2024-08-10 22:13:49,179] {scheduler_job.py:639} INFO - DAG(s) dict_keys(['latest_only']) retrieved from /home/airflow/.local/lib/python3.6/site-packages/airflow/example_dags/example_latest_only.py
[2024-08-10 22:13:49,241] {logging_mixin.py:104} INFO - [2024-08-10 22:13:49,241] {dag.py:1824} INFO - Sync 1 DAGs
[2024-08-10 22:13:49,262] {logging_mixin.py:104} INFO - [2024-08-10 22:13:49,262] {dag.py:2280} INFO - Setting next_dagrun for latest_only to 2024-08-08 00:00:00+00:00
[2024-08-10 22:13:49,274] {scheduler_job.py:190} INFO - Processing /home/airflow/.local/lib/python3.6/site-packages/airflow/example_dags/example_latest_only.py took 0.109 seconds
[2024-08-10 22:17:46,452] {scheduler_job.py:182} INFO - Started process (PID=430) to work on /home/airflow/.local/lib/python3.6/site-packages/airflow/example_dags/example_latest_only.py
[2024-08-10 22:17:46,452] {scheduler_job.py:629} INFO - Processing file /home/airflow/.local/lib/python3.6/site-packages/airflow/example_dags/example_latest_only.py for tasks to queue
[2024-08-10 22:17:46,453] {logging_mixin.py:104} INFO - [2024-08-10 22:17:46,453] {dagbag.py:451} INFO - Filling up the DagBag from /home/airflow/.local/lib/python3.6/site-packages/airflow/example_dags/example_latest_only.py
[2024-08-10 22:17:46,460] {scheduler_job.py:639} INFO - DAG(s) dict_keys(['latest_only']) retrieved from /home/airflow/.local/lib/python3.6/site-packages/airflow/example_dags/example_latest_only.py
[2024-08-10 22:17:46,528] {logging_mixin.py:104} INFO - [2024-08-10 22:17:46,528] {dag.py:1824} INFO - Sync 1 DAGs
[2024-08-10 22:17:46,554] {logging_mixin.py:104} INFO - [2024-08-10 22:17:46,554] {dag.py:2280} INFO - Setting next_dagrun for latest_only to 2024-08-08 00:00:00+00:00
[2024-08-10 22:17:46,567] {scheduler_job.py:190} INFO - Processing /home/airflow/.local/lib/python3.6/site-packages/airflow/example_dags/example_latest_only.py took 0.117 seconds
[2024-08-10 22:18:17,541] {scheduler_job.py:182} INFO - Started process (PID=463) to work on /home/airflow/.local/lib/python3.6/site-packages/airflow/example_dags/example_latest_only.py
[2024-08-10 22:18:17,542] {scheduler_job.py:629} INFO - Processing file /home/airflow/.local/lib/python3.6/site-packages/airflow/example_dags/example_latest_only.py for tasks to queue
[2024-08-10 22:18:17,542] {logging_mixin.py:104} INFO - [2024-08-10 22:18:17,542] {dagbag.py:451} INFO - Filling up the DagBag from /home/airflow/.local/lib/python3.6/site-packages/airflow/example_dags/example_latest_only.py
[2024-08-10 22:18:17,549] {scheduler_job.py:639} INFO - DAG(s) dict_keys(['latest_only']) retrieved from /home/airflow/.local/lib/python3.6/site-packages/airflow/example_dags/example_latest_only.py
[2024-08-10 22:18:17,609] {logging_mixin.py:104} INFO - [2024-08-10 22:18:17,609] {dag.py:1824} INFO - Sync 1 DAGs
[2024-08-10 22:18:17,628] {logging_mixin.py:104} INFO - [2024-08-10 22:18:17,628] {dag.py:2280} INFO - Setting next_dagrun for latest_only to 2024-08-08 00:00:00+00:00
[2024-08-10 22:18:17,639] {scheduler_job.py:190} INFO - Processing /home/airflow/.local/lib/python3.6/site-packages/airflow/example_dags/example_latest_only.py took 0.099 seconds
[2024-08-10 22:18:48,477] {scheduler_job.py:182} INFO - Started process (PID=496) to work on /home/airflow/.local/lib/python3.6/site-packages/airflow/example_dags/example_latest_only.py
[2024-08-10 22:18:48,478] {scheduler_job.py:629} INFO - Processing file /home/airflow/.local/lib/python3.6/site-packages/airflow/example_dags/example_latest_only.py for tasks to queue
[2024-08-10 22:18:48,478] {logging_mixin.py:104} INFO - [2024-08-10 22:18:48,478] {dagbag.py:451} INFO - Filling up the DagBag from /home/airflow/.local/lib/python3.6/site-packages/airflow/example_dags/example_latest_only.py
[2024-08-10 22:18:48,484] {scheduler_job.py:639} INFO - DAG(s) dict_keys(['latest_only']) retrieved from /home/airflow/.local/lib/python3.6/site-packages/airflow/example_dags/example_latest_only.py
[2024-08-10 22:18:48,545] {logging_mixin.py:104} INFO - [2024-08-10 22:18:48,544] {dag.py:1824} INFO - Sync 1 DAGs
[2024-08-10 22:18:48,561] {logging_mixin.py:104} INFO - [2024-08-10 22:18:48,560] {dag.py:2280} INFO - Setting next_dagrun for latest_only to 2024-08-08 00:00:00+00:00
[2024-08-10 22:18:48,571] {scheduler_job.py:190} INFO - Processing /home/airflow/.local/lib/python3.6/site-packages/airflow/example_dags/example_latest_only.py took 0.095 seconds
[2024-08-10 22:19:19,412] {scheduler_job.py:182} INFO - Started process (PID=525) to work on /home/airflow/.local/lib/python3.6/site-packages/airflow/example_dags/example_latest_only.py
[2024-08-10 22:19:19,413] {scheduler_job.py:629} INFO - Processing file /home/airflow/.local/lib/python3.6/site-packages/airflow/example_dags/example_latest_only.py for tasks to queue
[2024-08-10 22:19:19,413] {logging_mixin.py:104} INFO - [2024-08-10 22:19:19,413] {dagbag.py:451} INFO - Filling up the DagBag from /home/airflow/.local/lib/python3.6/site-packages/airflow/example_dags/example_latest_only.py
[2024-08-10 22:19:19,419] {scheduler_job.py:639} INFO - DAG(s) dict_keys(['latest_only']) retrieved from /home/airflow/.local/lib/python3.6/site-packages/airflow/example_dags/example_latest_only.py
[2024-08-10 22:19:19,477] {logging_mixin.py:104} INFO - [2024-08-10 22:19:19,477] {dag.py:1824} INFO - Sync 1 DAGs
[2024-08-10 22:19:19,494] {logging_mixin.py:104} INFO - [2024-08-10 22:19:19,494] {dag.py:2280} INFO - Setting next_dagrun for latest_only to 2024-08-08 00:00:00+00:00
[2024-08-10 22:19:19,503] {scheduler_job.py:190} INFO - Processing /home/airflow/.local/lib/python3.6/site-packages/airflow/example_dags/example_latest_only.py took 0.093 seconds
[2024-08-10 22:27:21,284] {scheduler_job.py:182} INFO - Started process (PID=546) to work on /home/airflow/.local/lib/python3.6/site-packages/airflow/example_dags/example_latest_only.py
[2024-08-10 22:27:21,285] {scheduler_job.py:629} INFO - Processing file /home/airflow/.local/lib/python3.6/site-packages/airflow/example_dags/example_latest_only.py for tasks to queue
[2024-08-10 22:27:21,285] {logging_mixin.py:104} INFO - [2024-08-10 22:27:21,285] {dagbag.py:451} INFO - Filling up the DagBag from /home/airflow/.local/lib/python3.6/site-packages/airflow/example_dags/example_latest_only.py
[2024-08-10 22:27:21,293] {scheduler_job.py:639} INFO - DAG(s) dict_keys(['latest_only']) retrieved from /home/airflow/.local/lib/python3.6/site-packages/airflow/example_dags/example_latest_only.py
[2024-08-10 22:27:21,365] {logging_mixin.py:104} INFO - [2024-08-10 22:27:21,365] {dag.py:1824} INFO - Sync 1 DAGs
[2024-08-10 22:27:21,384] {logging_mixin.py:104} INFO - [2024-08-10 22:27:21,384] {dag.py:2280} INFO - Setting next_dagrun for latest_only to 2024-08-08 00:00:00+00:00
[2024-08-10 22:27:21,399] {scheduler_job.py:190} INFO - Processing /home/airflow/.local/lib/python3.6/site-packages/airflow/example_dags/example_latest_only.py took 0.117 seconds
[2024-08-10 23:00:14,287] {scheduler_job.py:182} INFO - Started process (PID=575) to work on /home/airflow/.local/lib/python3.6/site-packages/airflow/example_dags/example_latest_only.py
[2024-08-10 23:00:14,288] {scheduler_job.py:629} INFO - Processing file /home/airflow/.local/lib/python3.6/site-packages/airflow/example_dags/example_latest_only.py for tasks to queue
[2024-08-10 23:00:14,289] {logging_mixin.py:104} INFO - [2024-08-10 23:00:14,289] {dagbag.py:451} INFO - Filling up the DagBag from /home/airflow/.local/lib/python3.6/site-packages/airflow/example_dags/example_latest_only.py
[2024-08-10 23:00:14,297] {scheduler_job.py:639} INFO - DAG(s) dict_keys(['latest_only']) retrieved from /home/airflow/.local/lib/python3.6/site-packages/airflow/example_dags/example_latest_only.py
[2024-08-10 23:00:14,371] {logging_mixin.py:104} INFO - [2024-08-10 23:00:14,371] {dag.py:1824} INFO - Sync 1 DAGs
[2024-08-10 23:00:14,389] {logging_mixin.py:104} INFO - [2024-08-10 23:00:14,389] {dag.py:2280} INFO - Setting next_dagrun for latest_only to 2024-08-08 00:00:00+00:00
[2024-08-10 23:00:14,400] {scheduler_job.py:190} INFO - Processing /home/airflow/.local/lib/python3.6/site-packages/airflow/example_dags/example_latest_only.py took 0.115 seconds
[2024-08-10 23:02:54,819] {scheduler_job.py:182} INFO - Started process (PID=604) to work on /home/airflow/.local/lib/python3.6/site-packages/airflow/example_dags/example_latest_only.py
[2024-08-10 23:02:54,820] {scheduler_job.py:629} INFO - Processing file /home/airflow/.local/lib/python3.6/site-packages/airflow/example_dags/example_latest_only.py for tasks to queue
[2024-08-10 23:02:54,820] {logging_mixin.py:104} INFO - [2024-08-10 23:02:54,820] {dagbag.py:451} INFO - Filling up the DagBag from /home/airflow/.local/lib/python3.6/site-packages/airflow/example_dags/example_latest_only.py
[2024-08-10 23:02:54,827] {scheduler_job.py:639} INFO - DAG(s) dict_keys(['latest_only']) retrieved from /home/airflow/.local/lib/python3.6/site-packages/airflow/example_dags/example_latest_only.py
[2024-08-10 23:02:54,890] {logging_mixin.py:104} INFO - [2024-08-10 23:02:54,890] {dag.py:1824} INFO - Sync 1 DAGs
[2024-08-10 23:02:54,908] {logging_mixin.py:104} INFO - [2024-08-10 23:02:54,907] {dag.py:2280} INFO - Setting next_dagrun for latest_only to 2024-08-08 00:00:00+00:00
[2024-08-10 23:02:54,919] {scheduler_job.py:190} INFO - Processing /home/airflow/.local/lib/python3.6/site-packages/airflow/example_dags/example_latest_only.py took 0.102 seconds
[2024-08-10 23:14:09,160] {scheduler_job.py:182} INFO - Started process (PID=633) to work on /home/airflow/.local/lib/python3.6/site-packages/airflow/example_dags/example_latest_only.py
[2024-08-10 23:14:09,166] {scheduler_job.py:629} INFO - Processing file /home/airflow/.local/lib/python3.6/site-packages/airflow/example_dags/example_latest_only.py for tasks to queue
[2024-08-10 23:14:09,167] {logging_mixin.py:104} INFO - [2024-08-10 23:14:09,167] {dagbag.py:451} INFO - Filling up the DagBag from /home/airflow/.local/lib/python3.6/site-packages/airflow/example_dags/example_latest_only.py
[2024-08-10 23:14:09,173] {scheduler_job.py:639} INFO - DAG(s) dict_keys(['latest_only']) retrieved from /home/airflow/.local/lib/python3.6/site-packages/airflow/example_dags/example_latest_only.py
[2024-08-10 23:14:09,235] {logging_mixin.py:104} INFO - [2024-08-10 23:14:09,235] {dag.py:1824} INFO - Sync 1 DAGs
[2024-08-10 23:14:09,253] {logging_mixin.py:104} INFO - [2024-08-10 23:14:09,253] {dag.py:2280} INFO - Setting next_dagrun for latest_only to 2024-08-08 00:00:00+00:00
[2024-08-10 23:14:09,264] {scheduler_job.py:190} INFO - Processing /home/airflow/.local/lib/python3.6/site-packages/airflow/example_dags/example_latest_only.py took 0.106 seconds
[2024-08-10 23:14:40,217] {scheduler_job.py:182} INFO - Started process (PID=667) to work on /home/airflow/.local/lib/python3.6/site-packages/airflow/example_dags/example_latest_only.py
[2024-08-10 23:14:40,217] {scheduler_job.py:629} INFO - Processing file /home/airflow/.local/lib/python3.6/site-packages/airflow/example_dags/example_latest_only.py for tasks to queue
[2024-08-10 23:14:40,218] {logging_mixin.py:104} INFO - [2024-08-10 23:14:40,218] {dagbag.py:451} INFO - Filling up the DagBag from /home/airflow/.local/lib/python3.6/site-packages/airflow/example_dags/example_latest_only.py
[2024-08-10 23:14:40,224] {scheduler_job.py:639} INFO - DAG(s) dict_keys(['latest_only']) retrieved from /home/airflow/.local/lib/python3.6/site-packages/airflow/example_dags/example_latest_only.py
[2024-08-10 23:14:40,282] {logging_mixin.py:104} INFO - [2024-08-10 23:14:40,282] {dag.py:1824} INFO - Sync 1 DAGs
[2024-08-10 23:14:40,299] {logging_mixin.py:104} INFO - [2024-08-10 23:14:40,299] {dag.py:2280} INFO - Setting next_dagrun for latest_only to 2024-08-08 00:00:00+00:00
[2024-08-10 23:14:40,310] {scheduler_job.py:190} INFO - Processing /home/airflow/.local/lib/python3.6/site-packages/airflow/example_dags/example_latest_only.py took 0.095 seconds
