[2024-08-10 00:13:05,057] {scheduler_job.py:182} INFO - Started process (PID=60900) to work on /home/airflow/.local/lib/python3.6/site-packages/airflow/example_dags/example_kubernetes_executor.py
[2024-08-10 00:13:05,058] {scheduler_job.py:629} INFO - Processing file /home/airflow/.local/lib/python3.6/site-packages/airflow/example_dags/example_kubernetes_executor.py for tasks to queue
[2024-08-10 00:13:05,059] {logging_mixin.py:104} INFO - [2024-08-10 00:13:05,059] {dagbag.py:451} INFO - Filling up the DagBag from /home/airflow/.local/lib/python3.6/site-packages/airflow/example_dags/example_kubernetes_executor.py
[2024-08-10 00:13:05,066] {scheduler_job.py:639} INFO - DAG(s) dict_keys(['example_kubernetes_executor']) retrieved from /home/airflow/.local/lib/python3.6/site-packages/airflow/example_dags/example_kubernetes_executor.py
[2024-08-10 00:13:05,128] {logging_mixin.py:104} INFO - [2024-08-10 00:13:05,128] {dag.py:1824} INFO - Sync 1 DAGs
[2024-08-10 00:13:05,147] {logging_mixin.py:104} INFO - [2024-08-10 00:13:05,146] {dag.py:2280} INFO - Setting next_dagrun for example_kubernetes_executor to None
[2024-08-10 00:13:05,162] {scheduler_job.py:190} INFO - Processing /home/airflow/.local/lib/python3.6/site-packages/airflow/example_dags/example_kubernetes_executor.py took 0.107 seconds
[2024-08-10 00:13:35,224] {scheduler_job.py:182} INFO - Started process (PID=60928) to work on /home/airflow/.local/lib/python3.6/site-packages/airflow/example_dags/example_kubernetes_executor.py
[2024-08-10 00:13:35,225] {scheduler_job.py:629} INFO - Processing file /home/airflow/.local/lib/python3.6/site-packages/airflow/example_dags/example_kubernetes_executor.py for tasks to queue
[2024-08-10 00:13:35,225] {logging_mixin.py:104} INFO - [2024-08-10 00:13:35,225] {dagbag.py:451} INFO - Filling up the DagBag from /home/airflow/.local/lib/python3.6/site-packages/airflow/example_dags/example_kubernetes_executor.py
[2024-08-10 00:13:35,233] {scheduler_job.py:639} INFO - DAG(s) dict_keys(['example_kubernetes_executor']) retrieved from /home/airflow/.local/lib/python3.6/site-packages/airflow/example_dags/example_kubernetes_executor.py
[2024-08-10 00:13:35,302] {logging_mixin.py:104} INFO - [2024-08-10 00:13:35,302] {dag.py:1824} INFO - Sync 1 DAGs
[2024-08-10 00:13:35,318] {logging_mixin.py:104} INFO - [2024-08-10 00:13:35,318] {dag.py:2280} INFO - Setting next_dagrun for example_kubernetes_executor to None
[2024-08-10 00:13:35,329] {scheduler_job.py:190} INFO - Processing /home/airflow/.local/lib/python3.6/site-packages/airflow/example_dags/example_kubernetes_executor.py took 0.107 seconds
[2024-08-10 01:03:34,515] {scheduler_job.py:182} INFO - Started process (PID=60958) to work on /home/airflow/.local/lib/python3.6/site-packages/airflow/example_dags/example_kubernetes_executor.py
[2024-08-10 01:03:34,518] {scheduler_job.py:629} INFO - Processing file /home/airflow/.local/lib/python3.6/site-packages/airflow/example_dags/example_kubernetes_executor.py for tasks to queue
[2024-08-10 01:03:34,518] {logging_mixin.py:104} INFO - [2024-08-10 01:03:34,518] {dagbag.py:451} INFO - Filling up the DagBag from /home/airflow/.local/lib/python3.6/site-packages/airflow/example_dags/example_kubernetes_executor.py
[2024-08-10 01:03:34,529] {scheduler_job.py:639} INFO - DAG(s) dict_keys(['example_kubernetes_executor']) retrieved from /home/airflow/.local/lib/python3.6/site-packages/airflow/example_dags/example_kubernetes_executor.py
[2024-08-10 01:03:34,598] {logging_mixin.py:104} INFO - [2024-08-10 01:03:34,598] {dag.py:1824} INFO - Sync 1 DAGs
[2024-08-10 01:03:34,615] {logging_mixin.py:104} INFO - [2024-08-10 01:03:34,615] {dag.py:2280} INFO - Setting next_dagrun for example_kubernetes_executor to None
[2024-08-10 01:03:34,633] {scheduler_job.py:190} INFO - Processing /home/airflow/.local/lib/python3.6/site-packages/airflow/example_dags/example_kubernetes_executor.py took 0.120 seconds
[2024-08-10 01:14:31,349] {scheduler_job.py:182} INFO - Started process (PID=60987) to work on /home/airflow/.local/lib/python3.6/site-packages/airflow/example_dags/example_kubernetes_executor.py
[2024-08-10 01:14:31,351] {scheduler_job.py:629} INFO - Processing file /home/airflow/.local/lib/python3.6/site-packages/airflow/example_dags/example_kubernetes_executor.py for tasks to queue
[2024-08-10 01:14:31,351] {logging_mixin.py:104} INFO - [2024-08-10 01:14:31,351] {dagbag.py:451} INFO - Filling up the DagBag from /home/airflow/.local/lib/python3.6/site-packages/airflow/example_dags/example_kubernetes_executor.py
[2024-08-10 01:14:31,358] {scheduler_job.py:639} INFO - DAG(s) dict_keys(['example_kubernetes_executor']) retrieved from /home/airflow/.local/lib/python3.6/site-packages/airflow/example_dags/example_kubernetes_executor.py
[2024-08-10 01:14:31,429] {logging_mixin.py:104} INFO - [2024-08-10 01:14:31,428] {dag.py:1824} INFO - Sync 1 DAGs
[2024-08-10 01:14:31,446] {logging_mixin.py:104} INFO - [2024-08-10 01:14:31,446] {dag.py:2280} INFO - Setting next_dagrun for example_kubernetes_executor to None
[2024-08-10 01:14:31,458] {scheduler_job.py:190} INFO - Processing /home/airflow/.local/lib/python3.6/site-packages/airflow/example_dags/example_kubernetes_executor.py took 0.111 seconds
[2024-08-10 01:47:59,702] {scheduler_job.py:182} INFO - Started process (PID=61016) to work on /home/airflow/.local/lib/python3.6/site-packages/airflow/example_dags/example_kubernetes_executor.py
[2024-08-10 01:47:59,708] {scheduler_job.py:629} INFO - Processing file /home/airflow/.local/lib/python3.6/site-packages/airflow/example_dags/example_kubernetes_executor.py for tasks to queue
[2024-08-10 01:47:59,709] {logging_mixin.py:104} INFO - [2024-08-10 01:47:59,709] {dagbag.py:451} INFO - Filling up the DagBag from /home/airflow/.local/lib/python3.6/site-packages/airflow/example_dags/example_kubernetes_executor.py
[2024-08-10 01:47:59,720] {scheduler_job.py:639} INFO - DAG(s) dict_keys(['example_kubernetes_executor']) retrieved from /home/airflow/.local/lib/python3.6/site-packages/airflow/example_dags/example_kubernetes_executor.py
[2024-08-10 01:47:59,787] {logging_mixin.py:104} INFO - [2024-08-10 01:47:59,787] {dag.py:1824} INFO - Sync 1 DAGs
[2024-08-10 01:47:59,808] {logging_mixin.py:104} INFO - [2024-08-10 01:47:59,808] {dag.py:2280} INFO - Setting next_dagrun for example_kubernetes_executor to None
[2024-08-10 01:47:59,820] {scheduler_job.py:190} INFO - Processing /home/airflow/.local/lib/python3.6/site-packages/airflow/example_dags/example_kubernetes_executor.py took 0.121 seconds
[2024-08-10 02:15:28,084] {scheduler_job.py:182} INFO - Started process (PID=61045) to work on /home/airflow/.local/lib/python3.6/site-packages/airflow/example_dags/example_kubernetes_executor.py
[2024-08-10 02:15:28,085] {scheduler_job.py:629} INFO - Processing file /home/airflow/.local/lib/python3.6/site-packages/airflow/example_dags/example_kubernetes_executor.py for tasks to queue
[2024-08-10 02:15:28,087] {logging_mixin.py:104} INFO - [2024-08-10 02:15:28,087] {dagbag.py:451} INFO - Filling up the DagBag from /home/airflow/.local/lib/python3.6/site-packages/airflow/example_dags/example_kubernetes_executor.py
[2024-08-10 02:15:28,096] {scheduler_job.py:639} INFO - DAG(s) dict_keys(['example_kubernetes_executor']) retrieved from /home/airflow/.local/lib/python3.6/site-packages/airflow/example_dags/example_kubernetes_executor.py
[2024-08-10 02:15:28,169] {logging_mixin.py:104} INFO - [2024-08-10 02:15:28,169] {dag.py:1824} INFO - Sync 1 DAGs
[2024-08-10 02:15:28,192] {logging_mixin.py:104} INFO - [2024-08-10 02:15:28,192] {dag.py:2280} INFO - Setting next_dagrun for example_kubernetes_executor to None
[2024-08-10 02:15:28,207] {scheduler_job.py:190} INFO - Processing /home/airflow/.local/lib/python3.6/site-packages/airflow/example_dags/example_kubernetes_executor.py took 0.124 seconds
[2024-08-10 02:21:41,795] {scheduler_job.py:182} INFO - Started process (PID=61074) to work on /home/airflow/.local/lib/python3.6/site-packages/airflow/example_dags/example_kubernetes_executor.py
[2024-08-10 02:21:41,796] {scheduler_job.py:629} INFO - Processing file /home/airflow/.local/lib/python3.6/site-packages/airflow/example_dags/example_kubernetes_executor.py for tasks to queue
[2024-08-10 02:21:41,797] {logging_mixin.py:104} INFO - [2024-08-10 02:21:41,796] {dagbag.py:451} INFO - Filling up the DagBag from /home/airflow/.local/lib/python3.6/site-packages/airflow/example_dags/example_kubernetes_executor.py
[2024-08-10 02:21:41,803] {scheduler_job.py:639} INFO - DAG(s) dict_keys(['example_kubernetes_executor']) retrieved from /home/airflow/.local/lib/python3.6/site-packages/airflow/example_dags/example_kubernetes_executor.py
[2024-08-10 02:21:41,863] {logging_mixin.py:104} INFO - [2024-08-10 02:21:41,863] {dag.py:1824} INFO - Sync 1 DAGs
[2024-08-10 02:21:41,880] {logging_mixin.py:104} INFO - [2024-08-10 02:21:41,880] {dag.py:2280} INFO - Setting next_dagrun for example_kubernetes_executor to None
[2024-08-10 02:21:41,893] {scheduler_job.py:190} INFO - Processing /home/airflow/.local/lib/python3.6/site-packages/airflow/example_dags/example_kubernetes_executor.py took 0.099 seconds
[2024-08-10 02:22:12,396] {scheduler_job.py:182} INFO - Started process (PID=61101) to work on /home/airflow/.local/lib/python3.6/site-packages/airflow/example_dags/example_kubernetes_executor.py
[2024-08-10 02:22:12,396] {scheduler_job.py:629} INFO - Processing file /home/airflow/.local/lib/python3.6/site-packages/airflow/example_dags/example_kubernetes_executor.py for tasks to queue
[2024-08-10 02:22:12,397] {logging_mixin.py:104} INFO - [2024-08-10 02:22:12,397] {dagbag.py:451} INFO - Filling up the DagBag from /home/airflow/.local/lib/python3.6/site-packages/airflow/example_dags/example_kubernetes_executor.py
[2024-08-10 02:22:12,404] {scheduler_job.py:639} INFO - DAG(s) dict_keys(['example_kubernetes_executor']) retrieved from /home/airflow/.local/lib/python3.6/site-packages/airflow/example_dags/example_kubernetes_executor.py
[2024-08-10 02:22:12,464] {logging_mixin.py:104} INFO - [2024-08-10 02:22:12,464] {dag.py:1824} INFO - Sync 1 DAGs
[2024-08-10 02:22:12,482] {logging_mixin.py:104} INFO - [2024-08-10 02:22:12,482] {dag.py:2280} INFO - Setting next_dagrun for example_kubernetes_executor to None
[2024-08-10 02:22:12,493] {scheduler_job.py:190} INFO - Processing /home/airflow/.local/lib/python3.6/site-packages/airflow/example_dags/example_kubernetes_executor.py took 0.099 seconds
[2024-08-10 03:16:06,938] {scheduler_job.py:182} INFO - Started process (PID=61132) to work on /home/airflow/.local/lib/python3.6/site-packages/airflow/example_dags/example_kubernetes_executor.py
[2024-08-10 03:16:06,939] {scheduler_job.py:629} INFO - Processing file /home/airflow/.local/lib/python3.6/site-packages/airflow/example_dags/example_kubernetes_executor.py for tasks to queue
[2024-08-10 03:16:06,939] {logging_mixin.py:104} INFO - [2024-08-10 03:16:06,939] {dagbag.py:451} INFO - Filling up the DagBag from /home/airflow/.local/lib/python3.6/site-packages/airflow/example_dags/example_kubernetes_executor.py
[2024-08-10 03:16:06,946] {scheduler_job.py:639} INFO - DAG(s) dict_keys(['example_kubernetes_executor']) retrieved from /home/airflow/.local/lib/python3.6/site-packages/airflow/example_dags/example_kubernetes_executor.py
[2024-08-10 03:16:07,008] {logging_mixin.py:104} INFO - [2024-08-10 03:16:07,007] {dag.py:1824} INFO - Sync 1 DAGs
[2024-08-10 03:16:07,024] {logging_mixin.py:104} INFO - [2024-08-10 03:16:07,024] {dag.py:2280} INFO - Setting next_dagrun for example_kubernetes_executor to None
[2024-08-10 03:16:07,036] {scheduler_job.py:190} INFO - Processing /home/airflow/.local/lib/python3.6/site-packages/airflow/example_dags/example_kubernetes_executor.py took 0.100 seconds
[2024-08-10 03:16:37,061] {scheduler_job.py:182} INFO - Started process (PID=61160) to work on /home/airflow/.local/lib/python3.6/site-packages/airflow/example_dags/example_kubernetes_executor.py
[2024-08-10 03:16:37,061] {scheduler_job.py:629} INFO - Processing file /home/airflow/.local/lib/python3.6/site-packages/airflow/example_dags/example_kubernetes_executor.py for tasks to queue
[2024-08-10 03:16:37,062] {logging_mixin.py:104} INFO - [2024-08-10 03:16:37,062] {dagbag.py:451} INFO - Filling up the DagBag from /home/airflow/.local/lib/python3.6/site-packages/airflow/example_dags/example_kubernetes_executor.py
[2024-08-10 03:16:37,069] {scheduler_job.py:639} INFO - DAG(s) dict_keys(['example_kubernetes_executor']) retrieved from /home/airflow/.local/lib/python3.6/site-packages/airflow/example_dags/example_kubernetes_executor.py
[2024-08-10 03:16:37,127] {logging_mixin.py:104} INFO - [2024-08-10 03:16:37,126] {dag.py:1824} INFO - Sync 1 DAGs
[2024-08-10 03:16:37,142] {logging_mixin.py:104} INFO - [2024-08-10 03:16:37,142] {dag.py:2280} INFO - Setting next_dagrun for example_kubernetes_executor to None
[2024-08-10 03:16:37,151] {scheduler_job.py:190} INFO - Processing /home/airflow/.local/lib/python3.6/site-packages/airflow/example_dags/example_kubernetes_executor.py took 0.092 seconds
[2024-08-10 04:06:31,528] {scheduler_job.py:182} INFO - Started process (PID=61190) to work on /home/airflow/.local/lib/python3.6/site-packages/airflow/example_dags/example_kubernetes_executor.py
[2024-08-10 04:06:31,529] {scheduler_job.py:629} INFO - Processing file /home/airflow/.local/lib/python3.6/site-packages/airflow/example_dags/example_kubernetes_executor.py for tasks to queue
[2024-08-10 04:06:31,529] {logging_mixin.py:104} INFO - [2024-08-10 04:06:31,529] {dagbag.py:451} INFO - Filling up the DagBag from /home/airflow/.local/lib/python3.6/site-packages/airflow/example_dags/example_kubernetes_executor.py
[2024-08-10 04:06:31,538] {scheduler_job.py:639} INFO - DAG(s) dict_keys(['example_kubernetes_executor']) retrieved from /home/airflow/.local/lib/python3.6/site-packages/airflow/example_dags/example_kubernetes_executor.py
[2024-08-10 04:06:31,601] {logging_mixin.py:104} INFO - [2024-08-10 04:06:31,601] {dag.py:1824} INFO - Sync 1 DAGs
[2024-08-10 04:06:31,618] {logging_mixin.py:104} INFO - [2024-08-10 04:06:31,618] {dag.py:2280} INFO - Setting next_dagrun for example_kubernetes_executor to None
[2024-08-10 04:06:31,629] {scheduler_job.py:190} INFO - Processing /home/airflow/.local/lib/python3.6/site-packages/airflow/example_dags/example_kubernetes_executor.py took 0.103 seconds
[2024-08-10 04:17:33,382] {scheduler_job.py:182} INFO - Started process (PID=61219) to work on /home/airflow/.local/lib/python3.6/site-packages/airflow/example_dags/example_kubernetes_executor.py
[2024-08-10 04:17:33,383] {scheduler_job.py:629} INFO - Processing file /home/airflow/.local/lib/python3.6/site-packages/airflow/example_dags/example_kubernetes_executor.py for tasks to queue
[2024-08-10 04:17:33,383] {logging_mixin.py:104} INFO - [2024-08-10 04:17:33,383] {dagbag.py:451} INFO - Filling up the DagBag from /home/airflow/.local/lib/python3.6/site-packages/airflow/example_dags/example_kubernetes_executor.py
[2024-08-10 04:17:33,390] {scheduler_job.py:639} INFO - DAG(s) dict_keys(['example_kubernetes_executor']) retrieved from /home/airflow/.local/lib/python3.6/site-packages/airflow/example_dags/example_kubernetes_executor.py
[2024-08-10 04:17:33,452] {logging_mixin.py:104} INFO - [2024-08-10 04:17:33,452] {dag.py:1824} INFO - Sync 1 DAGs
[2024-08-10 04:17:33,469] {logging_mixin.py:104} INFO - [2024-08-10 04:17:33,469] {dag.py:2280} INFO - Setting next_dagrun for example_kubernetes_executor to None
[2024-08-10 04:17:33,480] {scheduler_job.py:190} INFO - Processing /home/airflow/.local/lib/python3.6/site-packages/airflow/example_dags/example_kubernetes_executor.py took 0.100 seconds
[2024-08-10 05:08:48,650] {scheduler_job.py:182} INFO - Started process (PID=61248) to work on /home/airflow/.local/lib/python3.6/site-packages/airflow/example_dags/example_kubernetes_executor.py
[2024-08-10 05:08:48,651] {scheduler_job.py:629} INFO - Processing file /home/airflow/.local/lib/python3.6/site-packages/airflow/example_dags/example_kubernetes_executor.py for tasks to queue
[2024-08-10 05:08:48,651] {logging_mixin.py:104} INFO - [2024-08-10 05:08:48,651] {dagbag.py:451} INFO - Filling up the DagBag from /home/airflow/.local/lib/python3.6/site-packages/airflow/example_dags/example_kubernetes_executor.py
[2024-08-10 05:08:48,660] {scheduler_job.py:639} INFO - DAG(s) dict_keys(['example_kubernetes_executor']) retrieved from /home/airflow/.local/lib/python3.6/site-packages/airflow/example_dags/example_kubernetes_executor.py
[2024-08-10 05:08:48,733] {logging_mixin.py:104} INFO - [2024-08-10 05:08:48,733] {dag.py:1824} INFO - Sync 1 DAGs
[2024-08-10 05:08:48,751] {logging_mixin.py:104} INFO - [2024-08-10 05:08:48,751] {dag.py:2280} INFO - Setting next_dagrun for example_kubernetes_executor to None
[2024-08-10 05:08:48,765] {scheduler_job.py:190} INFO - Processing /home/airflow/.local/lib/python3.6/site-packages/airflow/example_dags/example_kubernetes_executor.py took 0.117 seconds
[2024-08-10 05:18:30,353] {scheduler_job.py:182} INFO - Started process (PID=61277) to work on /home/airflow/.local/lib/python3.6/site-packages/airflow/example_dags/example_kubernetes_executor.py
[2024-08-10 05:18:30,354] {scheduler_job.py:629} INFO - Processing file /home/airflow/.local/lib/python3.6/site-packages/airflow/example_dags/example_kubernetes_executor.py for tasks to queue
[2024-08-10 05:18:30,354] {logging_mixin.py:104} INFO - [2024-08-10 05:18:30,354] {dagbag.py:451} INFO - Filling up the DagBag from /home/airflow/.local/lib/python3.6/site-packages/airflow/example_dags/example_kubernetes_executor.py
[2024-08-10 05:18:30,363] {scheduler_job.py:639} INFO - DAG(s) dict_keys(['example_kubernetes_executor']) retrieved from /home/airflow/.local/lib/python3.6/site-packages/airflow/example_dags/example_kubernetes_executor.py
[2024-08-10 05:18:30,430] {logging_mixin.py:104} INFO - [2024-08-10 05:18:30,430] {dag.py:1824} INFO - Sync 1 DAGs
[2024-08-10 05:18:30,451] {logging_mixin.py:104} INFO - [2024-08-10 05:18:30,451] {dag.py:2280} INFO - Setting next_dagrun for example_kubernetes_executor to None
[2024-08-10 05:18:30,464] {scheduler_job.py:190} INFO - Processing /home/airflow/.local/lib/python3.6/site-packages/airflow/example_dags/example_kubernetes_executor.py took 0.113 seconds
[2024-08-10 05:52:12,184] {scheduler_job.py:182} INFO - Started process (PID=61306) to work on /home/airflow/.local/lib/python3.6/site-packages/airflow/example_dags/example_kubernetes_executor.py
[2024-08-10 05:52:12,185] {scheduler_job.py:629} INFO - Processing file /home/airflow/.local/lib/python3.6/site-packages/airflow/example_dags/example_kubernetes_executor.py for tasks to queue
[2024-08-10 05:52:12,185] {logging_mixin.py:104} INFO - [2024-08-10 05:52:12,185] {dagbag.py:451} INFO - Filling up the DagBag from /home/airflow/.local/lib/python3.6/site-packages/airflow/example_dags/example_kubernetes_executor.py
[2024-08-10 05:52:12,194] {scheduler_job.py:639} INFO - DAG(s) dict_keys(['example_kubernetes_executor']) retrieved from /home/airflow/.local/lib/python3.6/site-packages/airflow/example_dags/example_kubernetes_executor.py
[2024-08-10 05:52:12,256] {logging_mixin.py:104} INFO - [2024-08-10 05:52:12,256] {dag.py:1824} INFO - Sync 1 DAGs
[2024-08-10 05:52:12,277] {logging_mixin.py:104} INFO - [2024-08-10 05:52:12,277] {dag.py:2280} INFO - Setting next_dagrun for example_kubernetes_executor to None
[2024-08-10 05:52:12,290] {scheduler_job.py:190} INFO - Processing /home/airflow/.local/lib/python3.6/site-packages/airflow/example_dags/example_kubernetes_executor.py took 0.108 seconds
[2024-08-10 06:01:21,724] {scheduler_job.py:182} INFO - Started process (PID=61335) to work on /home/airflow/.local/lib/python3.6/site-packages/airflow/example_dags/example_kubernetes_executor.py
[2024-08-10 06:01:21,725] {scheduler_job.py:629} INFO - Processing file /home/airflow/.local/lib/python3.6/site-packages/airflow/example_dags/example_kubernetes_executor.py for tasks to queue
[2024-08-10 06:01:21,725] {logging_mixin.py:104} INFO - [2024-08-10 06:01:21,725] {dagbag.py:451} INFO - Filling up the DagBag from /home/airflow/.local/lib/python3.6/site-packages/airflow/example_dags/example_kubernetes_executor.py
[2024-08-10 06:01:21,735] {scheduler_job.py:639} INFO - DAG(s) dict_keys(['example_kubernetes_executor']) retrieved from /home/airflow/.local/lib/python3.6/site-packages/airflow/example_dags/example_kubernetes_executor.py
[2024-08-10 06:01:21,814] {logging_mixin.py:104} INFO - [2024-08-10 06:01:21,814] {dag.py:1824} INFO - Sync 1 DAGs
[2024-08-10 06:01:21,831] {logging_mixin.py:104} INFO - [2024-08-10 06:01:21,831] {dag.py:2280} INFO - Setting next_dagrun for example_kubernetes_executor to None
[2024-08-10 06:01:21,844] {scheduler_job.py:190} INFO - Processing /home/airflow/.local/lib/python3.6/site-packages/airflow/example_dags/example_kubernetes_executor.py took 0.122 seconds
[2024-08-10 06:09:13,505] {scheduler_job.py:182} INFO - Started process (PID=61364) to work on /home/airflow/.local/lib/python3.6/site-packages/airflow/example_dags/example_kubernetes_executor.py
[2024-08-10 06:09:13,506] {scheduler_job.py:629} INFO - Processing file /home/airflow/.local/lib/python3.6/site-packages/airflow/example_dags/example_kubernetes_executor.py for tasks to queue
[2024-08-10 06:09:13,507] {logging_mixin.py:104} INFO - [2024-08-10 06:09:13,507] {dagbag.py:451} INFO - Filling up the DagBag from /home/airflow/.local/lib/python3.6/site-packages/airflow/example_dags/example_kubernetes_executor.py
[2024-08-10 06:09:13,517] {scheduler_job.py:639} INFO - DAG(s) dict_keys(['example_kubernetes_executor']) retrieved from /home/airflow/.local/lib/python3.6/site-packages/airflow/example_dags/example_kubernetes_executor.py
[2024-08-10 06:09:13,577] {logging_mixin.py:104} INFO - [2024-08-10 06:09:13,577] {dag.py:1824} INFO - Sync 1 DAGs
[2024-08-10 06:09:13,597] {logging_mixin.py:104} INFO - [2024-08-10 06:09:13,597] {dag.py:2280} INFO - Setting next_dagrun for example_kubernetes_executor to None
[2024-08-10 06:09:13,608] {scheduler_job.py:190} INFO - Processing /home/airflow/.local/lib/python3.6/site-packages/airflow/example_dags/example_kubernetes_executor.py took 0.104 seconds
[2024-08-10 06:09:44,362] {scheduler_job.py:182} INFO - Started process (PID=61391) to work on /home/airflow/.local/lib/python3.6/site-packages/airflow/example_dags/example_kubernetes_executor.py
[2024-08-10 06:09:44,363] {scheduler_job.py:629} INFO - Processing file /home/airflow/.local/lib/python3.6/site-packages/airflow/example_dags/example_kubernetes_executor.py for tasks to queue
[2024-08-10 06:09:44,366] {logging_mixin.py:104} INFO - [2024-08-10 06:09:44,366] {dagbag.py:451} INFO - Filling up the DagBag from /home/airflow/.local/lib/python3.6/site-packages/airflow/example_dags/example_kubernetes_executor.py
[2024-08-10 06:09:44,374] {scheduler_job.py:639} INFO - DAG(s) dict_keys(['example_kubernetes_executor']) retrieved from /home/airflow/.local/lib/python3.6/site-packages/airflow/example_dags/example_kubernetes_executor.py
[2024-08-10 06:09:44,433] {logging_mixin.py:104} INFO - [2024-08-10 06:09:44,433] {dag.py:1824} INFO - Sync 1 DAGs
[2024-08-10 06:09:44,450] {logging_mixin.py:104} INFO - [2024-08-10 06:09:44,450] {dag.py:2280} INFO - Setting next_dagrun for example_kubernetes_executor to None
[2024-08-10 06:09:44,463] {scheduler_job.py:190} INFO - Processing /home/airflow/.local/lib/python3.6/site-packages/airflow/example_dags/example_kubernetes_executor.py took 0.103 seconds
[2024-08-10 06:19:27,549] {scheduler_job.py:182} INFO - Started process (PID=61422) to work on /home/airflow/.local/lib/python3.6/site-packages/airflow/example_dags/example_kubernetes_executor.py
[2024-08-10 06:19:27,551] {scheduler_job.py:629} INFO - Processing file /home/airflow/.local/lib/python3.6/site-packages/airflow/example_dags/example_kubernetes_executor.py for tasks to queue
[2024-08-10 06:19:27,552] {logging_mixin.py:104} INFO - [2024-08-10 06:19:27,552] {dagbag.py:451} INFO - Filling up the DagBag from /home/airflow/.local/lib/python3.6/site-packages/airflow/example_dags/example_kubernetes_executor.py
[2024-08-10 06:19:27,562] {scheduler_job.py:639} INFO - DAG(s) dict_keys(['example_kubernetes_executor']) retrieved from /home/airflow/.local/lib/python3.6/site-packages/airflow/example_dags/example_kubernetes_executor.py
[2024-08-10 06:19:27,628] {logging_mixin.py:104} INFO - [2024-08-10 06:19:27,628] {dag.py:1824} INFO - Sync 1 DAGs
[2024-08-10 06:19:27,646] {logging_mixin.py:104} INFO - [2024-08-10 06:19:27,646] {dag.py:2280} INFO - Setting next_dagrun for example_kubernetes_executor to None
[2024-08-10 06:19:27,660] {scheduler_job.py:190} INFO - Processing /home/airflow/.local/lib/python3.6/site-packages/airflow/example_dags/example_kubernetes_executor.py took 0.113 seconds
[2024-08-10 06:53:16,362] {scheduler_job.py:182} INFO - Started process (PID=61451) to work on /home/airflow/.local/lib/python3.6/site-packages/airflow/example_dags/example_kubernetes_executor.py
[2024-08-10 06:53:16,363] {scheduler_job.py:629} INFO - Processing file /home/airflow/.local/lib/python3.6/site-packages/airflow/example_dags/example_kubernetes_executor.py for tasks to queue
[2024-08-10 06:53:16,364] {logging_mixin.py:104} INFO - [2024-08-10 06:53:16,364] {dagbag.py:451} INFO - Filling up the DagBag from /home/airflow/.local/lib/python3.6/site-packages/airflow/example_dags/example_kubernetes_executor.py
[2024-08-10 06:53:16,371] {scheduler_job.py:639} INFO - DAG(s) dict_keys(['example_kubernetes_executor']) retrieved from /home/airflow/.local/lib/python3.6/site-packages/airflow/example_dags/example_kubernetes_executor.py
[2024-08-10 06:53:16,440] {logging_mixin.py:104} INFO - [2024-08-10 06:53:16,440] {dag.py:1824} INFO - Sync 1 DAGs
[2024-08-10 06:53:16,456] {logging_mixin.py:104} INFO - [2024-08-10 06:53:16,456] {dag.py:2280} INFO - Setting next_dagrun for example_kubernetes_executor to None
[2024-08-10 06:53:16,467] {scheduler_job.py:190} INFO - Processing /home/airflow/.local/lib/python3.6/site-packages/airflow/example_dags/example_kubernetes_executor.py took 0.107 seconds
[2024-08-10 07:20:24,897] {scheduler_job.py:182} INFO - Started process (PID=61480) to work on /home/airflow/.local/lib/python3.6/site-packages/airflow/example_dags/example_kubernetes_executor.py
[2024-08-10 07:20:24,898] {scheduler_job.py:629} INFO - Processing file /home/airflow/.local/lib/python3.6/site-packages/airflow/example_dags/example_kubernetes_executor.py for tasks to queue
[2024-08-10 07:20:24,899] {logging_mixin.py:104} INFO - [2024-08-10 07:20:24,899] {dagbag.py:451} INFO - Filling up the DagBag from /home/airflow/.local/lib/python3.6/site-packages/airflow/example_dags/example_kubernetes_executor.py
[2024-08-10 07:20:24,906] {scheduler_job.py:639} INFO - DAG(s) dict_keys(['example_kubernetes_executor']) retrieved from /home/airflow/.local/lib/python3.6/site-packages/airflow/example_dags/example_kubernetes_executor.py
[2024-08-10 07:20:24,966] {logging_mixin.py:104} INFO - [2024-08-10 07:20:24,966] {dag.py:1824} INFO - Sync 1 DAGs
[2024-08-10 07:20:24,984] {logging_mixin.py:104} INFO - [2024-08-10 07:20:24,984] {dag.py:2280} INFO - Setting next_dagrun for example_kubernetes_executor to None
[2024-08-10 07:20:24,999] {scheduler_job.py:190} INFO - Processing /home/airflow/.local/lib/python3.6/site-packages/airflow/example_dags/example_kubernetes_executor.py took 0.104 seconds
[2024-08-10 07:36:33,096] {scheduler_job.py:182} INFO - Started process (PID=61509) to work on /home/airflow/.local/lib/python3.6/site-packages/airflow/example_dags/example_kubernetes_executor.py
[2024-08-10 07:36:33,097] {scheduler_job.py:629} INFO - Processing file /home/airflow/.local/lib/python3.6/site-packages/airflow/example_dags/example_kubernetes_executor.py for tasks to queue
[2024-08-10 07:36:33,098] {logging_mixin.py:104} INFO - [2024-08-10 07:36:33,098] {dagbag.py:451} INFO - Filling up the DagBag from /home/airflow/.local/lib/python3.6/site-packages/airflow/example_dags/example_kubernetes_executor.py
[2024-08-10 07:36:33,107] {scheduler_job.py:639} INFO - DAG(s) dict_keys(['example_kubernetes_executor']) retrieved from /home/airflow/.local/lib/python3.6/site-packages/airflow/example_dags/example_kubernetes_executor.py
[2024-08-10 07:36:33,175] {logging_mixin.py:104} INFO - [2024-08-10 07:36:33,175] {dag.py:1824} INFO - Sync 1 DAGs
[2024-08-10 07:36:33,203] {logging_mixin.py:104} INFO - [2024-08-10 07:36:33,203] {dag.py:2280} INFO - Setting next_dagrun for example_kubernetes_executor to None
[2024-08-10 07:36:33,214] {scheduler_job.py:190} INFO - Processing /home/airflow/.local/lib/python3.6/site-packages/airflow/example_dags/example_kubernetes_executor.py took 0.121 seconds
[2024-08-10 07:40:24,255] {scheduler_job.py:182} INFO - Started process (PID=61538) to work on /home/airflow/.local/lib/python3.6/site-packages/airflow/example_dags/example_kubernetes_executor.py
[2024-08-10 07:40:24,256] {scheduler_job.py:629} INFO - Processing file /home/airflow/.local/lib/python3.6/site-packages/airflow/example_dags/example_kubernetes_executor.py for tasks to queue
[2024-08-10 07:40:24,257] {logging_mixin.py:104} INFO - [2024-08-10 07:40:24,256] {dagbag.py:451} INFO - Filling up the DagBag from /home/airflow/.local/lib/python3.6/site-packages/airflow/example_dags/example_kubernetes_executor.py
[2024-08-10 07:40:24,264] {scheduler_job.py:639} INFO - DAG(s) dict_keys(['example_kubernetes_executor']) retrieved from /home/airflow/.local/lib/python3.6/site-packages/airflow/example_dags/example_kubernetes_executor.py
[2024-08-10 07:40:24,323] {logging_mixin.py:104} INFO - [2024-08-10 07:40:24,323] {dag.py:1824} INFO - Sync 1 DAGs
[2024-08-10 07:40:24,340] {logging_mixin.py:104} INFO - [2024-08-10 07:40:24,340] {dag.py:2280} INFO - Setting next_dagrun for example_kubernetes_executor to None
[2024-08-10 07:40:24,353] {scheduler_job.py:190} INFO - Processing /home/airflow/.local/lib/python3.6/site-packages/airflow/example_dags/example_kubernetes_executor.py took 0.099 seconds
[2024-08-10 08:13:24,910] {scheduler_job.py:182} INFO - Started process (PID=61567) to work on /home/airflow/.local/lib/python3.6/site-packages/airflow/example_dags/example_kubernetes_executor.py
[2024-08-10 08:13:24,912] {scheduler_job.py:629} INFO - Processing file /home/airflow/.local/lib/python3.6/site-packages/airflow/example_dags/example_kubernetes_executor.py for tasks to queue
[2024-08-10 08:13:24,913] {logging_mixin.py:104} INFO - [2024-08-10 08:13:24,913] {dagbag.py:451} INFO - Filling up the DagBag from /home/airflow/.local/lib/python3.6/site-packages/airflow/example_dags/example_kubernetes_executor.py
[2024-08-10 08:13:24,923] {scheduler_job.py:639} INFO - DAG(s) dict_keys(['example_kubernetes_executor']) retrieved from /home/airflow/.local/lib/python3.6/site-packages/airflow/example_dags/example_kubernetes_executor.py
[2024-08-10 08:13:24,990] {logging_mixin.py:104} INFO - [2024-08-10 08:13:24,990] {dag.py:1824} INFO - Sync 1 DAGs
[2024-08-10 08:13:25,009] {logging_mixin.py:104} INFO - [2024-08-10 08:13:25,009] {dag.py:2280} INFO - Setting next_dagrun for example_kubernetes_executor to None
[2024-08-10 08:13:25,022] {scheduler_job.py:190} INFO - Processing /home/airflow/.local/lib/python3.6/site-packages/airflow/example_dags/example_kubernetes_executor.py took 0.114 seconds
[2024-08-10 08:16:04,976] {scheduler_job.py:182} INFO - Started process (PID=61596) to work on /home/airflow/.local/lib/python3.6/site-packages/airflow/example_dags/example_kubernetes_executor.py
[2024-08-10 08:16:04,977] {scheduler_job.py:629} INFO - Processing file /home/airflow/.local/lib/python3.6/site-packages/airflow/example_dags/example_kubernetes_executor.py for tasks to queue
[2024-08-10 08:16:04,977] {logging_mixin.py:104} INFO - [2024-08-10 08:16:04,977] {dagbag.py:451} INFO - Filling up the DagBag from /home/airflow/.local/lib/python3.6/site-packages/airflow/example_dags/example_kubernetes_executor.py
[2024-08-10 08:16:04,988] {scheduler_job.py:639} INFO - DAG(s) dict_keys(['example_kubernetes_executor']) retrieved from /home/airflow/.local/lib/python3.6/site-packages/airflow/example_dags/example_kubernetes_executor.py
[2024-08-10 08:16:05,059] {logging_mixin.py:104} INFO - [2024-08-10 08:16:05,059] {dag.py:1824} INFO - Sync 1 DAGs
[2024-08-10 08:16:05,079] {logging_mixin.py:104} INFO - [2024-08-10 08:16:05,079] {dag.py:2280} INFO - Setting next_dagrun for example_kubernetes_executor to None
[2024-08-10 08:16:05,091] {scheduler_job.py:190} INFO - Processing /home/airflow/.local/lib/python3.6/site-packages/airflow/example_dags/example_kubernetes_executor.py took 0.120 seconds
[2024-08-10 08:16:35,796] {scheduler_job.py:182} INFO - Started process (PID=61624) to work on /home/airflow/.local/lib/python3.6/site-packages/airflow/example_dags/example_kubernetes_executor.py
[2024-08-10 08:16:35,797] {scheduler_job.py:629} INFO - Processing file /home/airflow/.local/lib/python3.6/site-packages/airflow/example_dags/example_kubernetes_executor.py for tasks to queue
[2024-08-10 08:16:35,797] {logging_mixin.py:104} INFO - [2024-08-10 08:16:35,797] {dagbag.py:451} INFO - Filling up the DagBag from /home/airflow/.local/lib/python3.6/site-packages/airflow/example_dags/example_kubernetes_executor.py
[2024-08-10 08:16:35,804] {scheduler_job.py:639} INFO - DAG(s) dict_keys(['example_kubernetes_executor']) retrieved from /home/airflow/.local/lib/python3.6/site-packages/airflow/example_dags/example_kubernetes_executor.py
[2024-08-10 08:16:35,862] {logging_mixin.py:104} INFO - [2024-08-10 08:16:35,862] {dag.py:1824} INFO - Sync 1 DAGs
[2024-08-10 08:16:35,878] {logging_mixin.py:104} INFO - [2024-08-10 08:16:35,878] {dag.py:2280} INFO - Setting next_dagrun for example_kubernetes_executor to None
[2024-08-10 08:16:35,890] {scheduler_job.py:190} INFO - Processing /home/airflow/.local/lib/python3.6/site-packages/airflow/example_dags/example_kubernetes_executor.py took 0.096 seconds
[2024-08-10 08:17:06,616] {scheduler_job.py:182} INFO - Started process (PID=61653) to work on /home/airflow/.local/lib/python3.6/site-packages/airflow/example_dags/example_kubernetes_executor.py
[2024-08-10 08:17:06,617] {scheduler_job.py:629} INFO - Processing file /home/airflow/.local/lib/python3.6/site-packages/airflow/example_dags/example_kubernetes_executor.py for tasks to queue
[2024-08-10 08:17:06,617] {logging_mixin.py:104} INFO - [2024-08-10 08:17:06,617] {dagbag.py:451} INFO - Filling up the DagBag from /home/airflow/.local/lib/python3.6/site-packages/airflow/example_dags/example_kubernetes_executor.py
[2024-08-10 08:17:06,627] {scheduler_job.py:639} INFO - DAG(s) dict_keys(['example_kubernetes_executor']) retrieved from /home/airflow/.local/lib/python3.6/site-packages/airflow/example_dags/example_kubernetes_executor.py
[2024-08-10 08:17:06,687] {logging_mixin.py:104} INFO - [2024-08-10 08:17:06,687] {dag.py:1824} INFO - Sync 1 DAGs
[2024-08-10 08:17:06,705] {logging_mixin.py:104} INFO - [2024-08-10 08:17:06,705] {dag.py:2280} INFO - Setting next_dagrun for example_kubernetes_executor to None
[2024-08-10 08:17:06,716] {scheduler_job.py:190} INFO - Processing /home/airflow/.local/lib/python3.6/site-packages/airflow/example_dags/example_kubernetes_executor.py took 0.102 seconds
[2024-08-10 08:17:37,435] {scheduler_job.py:182} INFO - Started process (PID=61682) to work on /home/airflow/.local/lib/python3.6/site-packages/airflow/example_dags/example_kubernetes_executor.py
[2024-08-10 08:17:37,435] {scheduler_job.py:629} INFO - Processing file /home/airflow/.local/lib/python3.6/site-packages/airflow/example_dags/example_kubernetes_executor.py for tasks to queue
[2024-08-10 08:17:37,436] {logging_mixin.py:104} INFO - [2024-08-10 08:17:37,436] {dagbag.py:451} INFO - Filling up the DagBag from /home/airflow/.local/lib/python3.6/site-packages/airflow/example_dags/example_kubernetes_executor.py
[2024-08-10 08:17:37,443] {scheduler_job.py:639} INFO - DAG(s) dict_keys(['example_kubernetes_executor']) retrieved from /home/airflow/.local/lib/python3.6/site-packages/airflow/example_dags/example_kubernetes_executor.py
[2024-08-10 08:17:37,501] {logging_mixin.py:104} INFO - [2024-08-10 08:17:37,501] {dag.py:1824} INFO - Sync 1 DAGs
[2024-08-10 08:17:37,516] {logging_mixin.py:104} INFO - [2024-08-10 08:17:37,516] {dag.py:2280} INFO - Setting next_dagrun for example_kubernetes_executor to None
[2024-08-10 08:17:37,528] {scheduler_job.py:190} INFO - Processing /home/airflow/.local/lib/python3.6/site-packages/airflow/example_dags/example_kubernetes_executor.py took 0.095 seconds
[2024-08-10 08:18:08,168] {scheduler_job.py:182} INFO - Started process (PID=61711) to work on /home/airflow/.local/lib/python3.6/site-packages/airflow/example_dags/example_kubernetes_executor.py
[2024-08-10 08:18:08,168] {scheduler_job.py:629} INFO - Processing file /home/airflow/.local/lib/python3.6/site-packages/airflow/example_dags/example_kubernetes_executor.py for tasks to queue
[2024-08-10 08:18:08,169] {logging_mixin.py:104} INFO - [2024-08-10 08:18:08,169] {dagbag.py:451} INFO - Filling up the DagBag from /home/airflow/.local/lib/python3.6/site-packages/airflow/example_dags/example_kubernetes_executor.py
[2024-08-10 08:18:08,175] {scheduler_job.py:639} INFO - DAG(s) dict_keys(['example_kubernetes_executor']) retrieved from /home/airflow/.local/lib/python3.6/site-packages/airflow/example_dags/example_kubernetes_executor.py
[2024-08-10 08:18:08,236] {logging_mixin.py:104} INFO - [2024-08-10 08:18:08,235] {dag.py:1824} INFO - Sync 1 DAGs
[2024-08-10 08:18:08,252] {logging_mixin.py:104} INFO - [2024-08-10 08:18:08,252] {dag.py:2280} INFO - Setting next_dagrun for example_kubernetes_executor to None
[2024-08-10 08:18:08,264] {scheduler_job.py:190} INFO - Processing /home/airflow/.local/lib/python3.6/site-packages/airflow/example_dags/example_kubernetes_executor.py took 0.098 seconds
[2024-08-10 08:18:39,043] {scheduler_job.py:182} INFO - Started process (PID=61740) to work on /home/airflow/.local/lib/python3.6/site-packages/airflow/example_dags/example_kubernetes_executor.py
[2024-08-10 08:18:39,045] {scheduler_job.py:629} INFO - Processing file /home/airflow/.local/lib/python3.6/site-packages/airflow/example_dags/example_kubernetes_executor.py for tasks to queue
[2024-08-10 08:18:39,045] {logging_mixin.py:104} INFO - [2024-08-10 08:18:39,045] {dagbag.py:451} INFO - Filling up the DagBag from /home/airflow/.local/lib/python3.6/site-packages/airflow/example_dags/example_kubernetes_executor.py
[2024-08-10 08:18:39,053] {scheduler_job.py:639} INFO - DAG(s) dict_keys(['example_kubernetes_executor']) retrieved from /home/airflow/.local/lib/python3.6/site-packages/airflow/example_dags/example_kubernetes_executor.py
[2024-08-10 08:18:39,115] {logging_mixin.py:104} INFO - [2024-08-10 08:18:39,115] {dag.py:1824} INFO - Sync 1 DAGs
[2024-08-10 08:18:39,134] {logging_mixin.py:104} INFO - [2024-08-10 08:18:39,134] {dag.py:2280} INFO - Setting next_dagrun for example_kubernetes_executor to None
[2024-08-10 08:18:39,146] {scheduler_job.py:190} INFO - Processing /home/airflow/.local/lib/python3.6/site-packages/airflow/example_dags/example_kubernetes_executor.py took 0.105 seconds
[2024-08-10 08:19:09,739] {scheduler_job.py:182} INFO - Started process (PID=61768) to work on /home/airflow/.local/lib/python3.6/site-packages/airflow/example_dags/example_kubernetes_executor.py
[2024-08-10 08:19:09,740] {scheduler_job.py:629} INFO - Processing file /home/airflow/.local/lib/python3.6/site-packages/airflow/example_dags/example_kubernetes_executor.py for tasks to queue
[2024-08-10 08:19:09,741] {logging_mixin.py:104} INFO - [2024-08-10 08:19:09,740] {dagbag.py:451} INFO - Filling up the DagBag from /home/airflow/.local/lib/python3.6/site-packages/airflow/example_dags/example_kubernetes_executor.py
[2024-08-10 08:19:09,748] {scheduler_job.py:639} INFO - DAG(s) dict_keys(['example_kubernetes_executor']) retrieved from /home/airflow/.local/lib/python3.6/site-packages/airflow/example_dags/example_kubernetes_executor.py
[2024-08-10 08:19:09,808] {logging_mixin.py:104} INFO - [2024-08-10 08:19:09,808] {dag.py:1824} INFO - Sync 1 DAGs
[2024-08-10 08:19:09,825] {logging_mixin.py:104} INFO - [2024-08-10 08:19:09,825] {dag.py:2280} INFO - Setting next_dagrun for example_kubernetes_executor to None
[2024-08-10 08:19:09,836] {scheduler_job.py:190} INFO - Processing /home/airflow/.local/lib/python3.6/site-packages/airflow/example_dags/example_kubernetes_executor.py took 0.099 seconds
[2024-08-10 08:19:40,458] {scheduler_job.py:182} INFO - Started process (PID=61798) to work on /home/airflow/.local/lib/python3.6/site-packages/airflow/example_dags/example_kubernetes_executor.py
[2024-08-10 08:19:40,458] {scheduler_job.py:629} INFO - Processing file /home/airflow/.local/lib/python3.6/site-packages/airflow/example_dags/example_kubernetes_executor.py for tasks to queue
[2024-08-10 08:19:40,459] {logging_mixin.py:104} INFO - [2024-08-10 08:19:40,459] {dagbag.py:451} INFO - Filling up the DagBag from /home/airflow/.local/lib/python3.6/site-packages/airflow/example_dags/example_kubernetes_executor.py
[2024-08-10 08:19:40,465] {scheduler_job.py:639} INFO - DAG(s) dict_keys(['example_kubernetes_executor']) retrieved from /home/airflow/.local/lib/python3.6/site-packages/airflow/example_dags/example_kubernetes_executor.py
[2024-08-10 08:19:40,523] {logging_mixin.py:104} INFO - [2024-08-10 08:19:40,523] {dag.py:1824} INFO - Sync 1 DAGs
[2024-08-10 08:19:40,540] {logging_mixin.py:104} INFO - [2024-08-10 08:19:40,540] {dag.py:2280} INFO - Setting next_dagrun for example_kubernetes_executor to None
[2024-08-10 08:19:40,550] {scheduler_job.py:190} INFO - Processing /home/airflow/.local/lib/python3.6/site-packages/airflow/example_dags/example_kubernetes_executor.py took 0.094 seconds
[2024-08-10 08:20:11,301] {scheduler_job.py:182} INFO - Started process (PID=61827) to work on /home/airflow/.local/lib/python3.6/site-packages/airflow/example_dags/example_kubernetes_executor.py
[2024-08-10 08:20:11,301] {scheduler_job.py:629} INFO - Processing file /home/airflow/.local/lib/python3.6/site-packages/airflow/example_dags/example_kubernetes_executor.py for tasks to queue
[2024-08-10 08:20:11,302] {logging_mixin.py:104} INFO - [2024-08-10 08:20:11,302] {dagbag.py:451} INFO - Filling up the DagBag from /home/airflow/.local/lib/python3.6/site-packages/airflow/example_dags/example_kubernetes_executor.py
[2024-08-10 08:20:11,308] {scheduler_job.py:639} INFO - DAG(s) dict_keys(['example_kubernetes_executor']) retrieved from /home/airflow/.local/lib/python3.6/site-packages/airflow/example_dags/example_kubernetes_executor.py
[2024-08-10 08:20:11,367] {logging_mixin.py:104} INFO - [2024-08-10 08:20:11,367] {dag.py:1824} INFO - Sync 1 DAGs
[2024-08-10 08:20:11,384] {logging_mixin.py:104} INFO - [2024-08-10 08:20:11,384] {dag.py:2280} INFO - Setting next_dagrun for example_kubernetes_executor to None
[2024-08-10 08:20:11,395] {scheduler_job.py:190} INFO - Processing /home/airflow/.local/lib/python3.6/site-packages/airflow/example_dags/example_kubernetes_executor.py took 0.096 seconds
[2024-08-10 08:20:42,023] {scheduler_job.py:182} INFO - Started process (PID=61856) to work on /home/airflow/.local/lib/python3.6/site-packages/airflow/example_dags/example_kubernetes_executor.py
[2024-08-10 08:20:42,024] {scheduler_job.py:629} INFO - Processing file /home/airflow/.local/lib/python3.6/site-packages/airflow/example_dags/example_kubernetes_executor.py for tasks to queue
[2024-08-10 08:20:42,024] {logging_mixin.py:104} INFO - [2024-08-10 08:20:42,024] {dagbag.py:451} INFO - Filling up the DagBag from /home/airflow/.local/lib/python3.6/site-packages/airflow/example_dags/example_kubernetes_executor.py
[2024-08-10 08:20:42,031] {scheduler_job.py:639} INFO - DAG(s) dict_keys(['example_kubernetes_executor']) retrieved from /home/airflow/.local/lib/python3.6/site-packages/airflow/example_dags/example_kubernetes_executor.py
[2024-08-10 08:20:42,089] {logging_mixin.py:104} INFO - [2024-08-10 08:20:42,088] {dag.py:1824} INFO - Sync 1 DAGs
[2024-08-10 08:20:42,109] {logging_mixin.py:104} INFO - [2024-08-10 08:20:42,108] {dag.py:2280} INFO - Setting next_dagrun for example_kubernetes_executor to None
[2024-08-10 08:20:42,119] {scheduler_job.py:190} INFO - Processing /home/airflow/.local/lib/python3.6/site-packages/airflow/example_dags/example_kubernetes_executor.py took 0.098 seconds
[2024-08-10 08:21:12,765] {scheduler_job.py:182} INFO - Started process (PID=61885) to work on /home/airflow/.local/lib/python3.6/site-packages/airflow/example_dags/example_kubernetes_executor.py
[2024-08-10 08:21:12,765] {scheduler_job.py:629} INFO - Processing file /home/airflow/.local/lib/python3.6/site-packages/airflow/example_dags/example_kubernetes_executor.py for tasks to queue
[2024-08-10 08:21:12,766] {logging_mixin.py:104} INFO - [2024-08-10 08:21:12,765] {dagbag.py:451} INFO - Filling up the DagBag from /home/airflow/.local/lib/python3.6/site-packages/airflow/example_dags/example_kubernetes_executor.py
[2024-08-10 08:21:12,772] {scheduler_job.py:639} INFO - DAG(s) dict_keys(['example_kubernetes_executor']) retrieved from /home/airflow/.local/lib/python3.6/site-packages/airflow/example_dags/example_kubernetes_executor.py
[2024-08-10 08:21:12,830] {logging_mixin.py:104} INFO - [2024-08-10 08:21:12,830] {dag.py:1824} INFO - Sync 1 DAGs
[2024-08-10 08:21:12,846] {logging_mixin.py:104} INFO - [2024-08-10 08:21:12,846] {dag.py:2280} INFO - Setting next_dagrun for example_kubernetes_executor to None
[2024-08-10 08:21:12,856] {scheduler_job.py:190} INFO - Processing /home/airflow/.local/lib/python3.6/site-packages/airflow/example_dags/example_kubernetes_executor.py took 0.094 seconds
[2024-08-10 08:21:43,528] {scheduler_job.py:182} INFO - Started process (PID=61914) to work on /home/airflow/.local/lib/python3.6/site-packages/airflow/example_dags/example_kubernetes_executor.py
[2024-08-10 08:21:43,529] {scheduler_job.py:629} INFO - Processing file /home/airflow/.local/lib/python3.6/site-packages/airflow/example_dags/example_kubernetes_executor.py for tasks to queue
[2024-08-10 08:21:43,529] {logging_mixin.py:104} INFO - [2024-08-10 08:21:43,529] {dagbag.py:451} INFO - Filling up the DagBag from /home/airflow/.local/lib/python3.6/site-packages/airflow/example_dags/example_kubernetes_executor.py
[2024-08-10 08:21:43,537] {scheduler_job.py:639} INFO - DAG(s) dict_keys(['example_kubernetes_executor']) retrieved from /home/airflow/.local/lib/python3.6/site-packages/airflow/example_dags/example_kubernetes_executor.py
[2024-08-10 08:21:43,597] {logging_mixin.py:104} INFO - [2024-08-10 08:21:43,597] {dag.py:1824} INFO - Sync 1 DAGs
[2024-08-10 08:21:43,614] {logging_mixin.py:104} INFO - [2024-08-10 08:21:43,614] {dag.py:2280} INFO - Setting next_dagrun for example_kubernetes_executor to None
[2024-08-10 08:21:43,626] {scheduler_job.py:190} INFO - Processing /home/airflow/.local/lib/python3.6/site-packages/airflow/example_dags/example_kubernetes_executor.py took 0.100 seconds
[2024-08-10 08:22:14,324] {scheduler_job.py:182} INFO - Started process (PID=61943) to work on /home/airflow/.local/lib/python3.6/site-packages/airflow/example_dags/example_kubernetes_executor.py
[2024-08-10 08:22:14,325] {scheduler_job.py:629} INFO - Processing file /home/airflow/.local/lib/python3.6/site-packages/airflow/example_dags/example_kubernetes_executor.py for tasks to queue
[2024-08-10 08:22:14,325] {logging_mixin.py:104} INFO - [2024-08-10 08:22:14,325] {dagbag.py:451} INFO - Filling up the DagBag from /home/airflow/.local/lib/python3.6/site-packages/airflow/example_dags/example_kubernetes_executor.py
[2024-08-10 08:22:14,333] {scheduler_job.py:639} INFO - DAG(s) dict_keys(['example_kubernetes_executor']) retrieved from /home/airflow/.local/lib/python3.6/site-packages/airflow/example_dags/example_kubernetes_executor.py
[2024-08-10 08:22:14,393] {logging_mixin.py:104} INFO - [2024-08-10 08:22:14,393] {dag.py:1824} INFO - Sync 1 DAGs
[2024-08-10 08:22:14,410] {logging_mixin.py:104} INFO - [2024-08-10 08:22:14,410] {dag.py:2280} INFO - Setting next_dagrun for example_kubernetes_executor to None
[2024-08-10 08:22:14,422] {scheduler_job.py:190} INFO - Processing /home/airflow/.local/lib/python3.6/site-packages/airflow/example_dags/example_kubernetes_executor.py took 0.101 seconds
[2024-08-10 08:22:45,095] {scheduler_job.py:182} INFO - Started process (PID=61972) to work on /home/airflow/.local/lib/python3.6/site-packages/airflow/example_dags/example_kubernetes_executor.py
[2024-08-10 08:22:45,096] {scheduler_job.py:629} INFO - Processing file /home/airflow/.local/lib/python3.6/site-packages/airflow/example_dags/example_kubernetes_executor.py for tasks to queue
[2024-08-10 08:22:45,097] {logging_mixin.py:104} INFO - [2024-08-10 08:22:45,097] {dagbag.py:451} INFO - Filling up the DagBag from /home/airflow/.local/lib/python3.6/site-packages/airflow/example_dags/example_kubernetes_executor.py
[2024-08-10 08:22:45,104] {scheduler_job.py:639} INFO - DAG(s) dict_keys(['example_kubernetes_executor']) retrieved from /home/airflow/.local/lib/python3.6/site-packages/airflow/example_dags/example_kubernetes_executor.py
[2024-08-10 08:22:45,164] {logging_mixin.py:104} INFO - [2024-08-10 08:22:45,163] {dag.py:1824} INFO - Sync 1 DAGs
[2024-08-10 08:22:45,182] {logging_mixin.py:104} INFO - [2024-08-10 08:22:45,182] {dag.py:2280} INFO - Setting next_dagrun for example_kubernetes_executor to None
[2024-08-10 08:22:45,193] {scheduler_job.py:190} INFO - Processing /home/airflow/.local/lib/python3.6/site-packages/airflow/example_dags/example_kubernetes_executor.py took 0.100 seconds
[2024-08-10 19:59:43,694] {scheduler_job.py:182} INFO - Started process (PID=39) to work on /home/airflow/.local/lib/python3.6/site-packages/airflow/example_dags/example_kubernetes_executor.py
[2024-08-10 19:59:43,695] {scheduler_job.py:629} INFO - Processing file /home/airflow/.local/lib/python3.6/site-packages/airflow/example_dags/example_kubernetes_executor.py for tasks to queue
[2024-08-10 19:59:43,696] {logging_mixin.py:104} INFO - [2024-08-10 19:59:43,696] {dagbag.py:451} INFO - Filling up the DagBag from /home/airflow/.local/lib/python3.6/site-packages/airflow/example_dags/example_kubernetes_executor.py
[2024-08-10 19:59:43,706] {scheduler_job.py:639} INFO - DAG(s) dict_keys(['example_kubernetes_executor']) retrieved from /home/airflow/.local/lib/python3.6/site-packages/airflow/example_dags/example_kubernetes_executor.py
[2024-08-10 19:59:43,784] {logging_mixin.py:104} INFO - [2024-08-10 19:59:43,784] {dag.py:1824} INFO - Sync 1 DAGs
[2024-08-10 19:59:43,804] {logging_mixin.py:104} INFO - [2024-08-10 19:59:43,804] {dag.py:2280} INFO - Setting next_dagrun for example_kubernetes_executor to None
[2024-08-10 19:59:43,820] {scheduler_job.py:190} INFO - Processing /home/airflow/.local/lib/python3.6/site-packages/airflow/example_dags/example_kubernetes_executor.py took 0.128 seconds
[2024-08-10 20:00:14,716] {scheduler_job.py:182} INFO - Started process (PID=68) to work on /home/airflow/.local/lib/python3.6/site-packages/airflow/example_dags/example_kubernetes_executor.py
[2024-08-10 20:00:14,717] {scheduler_job.py:629} INFO - Processing file /home/airflow/.local/lib/python3.6/site-packages/airflow/example_dags/example_kubernetes_executor.py for tasks to queue
[2024-08-10 20:00:14,717] {logging_mixin.py:104} INFO - [2024-08-10 20:00:14,717] {dagbag.py:451} INFO - Filling up the DagBag from /home/airflow/.local/lib/python3.6/site-packages/airflow/example_dags/example_kubernetes_executor.py
[2024-08-10 20:00:14,724] {scheduler_job.py:639} INFO - DAG(s) dict_keys(['example_kubernetes_executor']) retrieved from /home/airflow/.local/lib/python3.6/site-packages/airflow/example_dags/example_kubernetes_executor.py
[2024-08-10 20:00:14,783] {logging_mixin.py:104} INFO - [2024-08-10 20:00:14,783] {dag.py:1824} INFO - Sync 1 DAGs
[2024-08-10 20:00:14,799] {logging_mixin.py:104} INFO - [2024-08-10 20:00:14,799] {dag.py:2280} INFO - Setting next_dagrun for example_kubernetes_executor to None
[2024-08-10 20:00:14,810] {scheduler_job.py:190} INFO - Processing /home/airflow/.local/lib/python3.6/site-packages/airflow/example_dags/example_kubernetes_executor.py took 0.095 seconds
[2024-08-10 21:00:36,736] {scheduler_job.py:182} INFO - Started process (PID=97) to work on /home/airflow/.local/lib/python3.6/site-packages/airflow/example_dags/example_kubernetes_executor.py
[2024-08-10 21:00:36,738] {scheduler_job.py:629} INFO - Processing file /home/airflow/.local/lib/python3.6/site-packages/airflow/example_dags/example_kubernetes_executor.py for tasks to queue
[2024-08-10 21:00:36,739] {logging_mixin.py:104} INFO - [2024-08-10 21:00:36,738] {dagbag.py:451} INFO - Filling up the DagBag from /home/airflow/.local/lib/python3.6/site-packages/airflow/example_dags/example_kubernetes_executor.py
[2024-08-10 21:00:36,746] {scheduler_job.py:639} INFO - DAG(s) dict_keys(['example_kubernetes_executor']) retrieved from /home/airflow/.local/lib/python3.6/site-packages/airflow/example_dags/example_kubernetes_executor.py
[2024-08-10 21:00:36,806] {logging_mixin.py:104} INFO - [2024-08-10 21:00:36,806] {dag.py:1824} INFO - Sync 1 DAGs
[2024-08-10 21:00:36,829] {logging_mixin.py:104} INFO - [2024-08-10 21:00:36,829] {dag.py:2280} INFO - Setting next_dagrun for example_kubernetes_executor to None
[2024-08-10 21:00:36,842] {scheduler_job.py:190} INFO - Processing /home/airflow/.local/lib/python3.6/site-packages/airflow/example_dags/example_kubernetes_executor.py took 0.108 seconds
[2024-08-10 21:01:07,730] {scheduler_job.py:182} INFO - Started process (PID=126) to work on /home/airflow/.local/lib/python3.6/site-packages/airflow/example_dags/example_kubernetes_executor.py
[2024-08-10 21:01:07,732] {scheduler_job.py:629} INFO - Processing file /home/airflow/.local/lib/python3.6/site-packages/airflow/example_dags/example_kubernetes_executor.py for tasks to queue
[2024-08-10 21:01:07,732] {logging_mixin.py:104} INFO - [2024-08-10 21:01:07,732] {dagbag.py:451} INFO - Filling up the DagBag from /home/airflow/.local/lib/python3.6/site-packages/airflow/example_dags/example_kubernetes_executor.py
[2024-08-10 21:01:07,740] {scheduler_job.py:639} INFO - DAG(s) dict_keys(['example_kubernetes_executor']) retrieved from /home/airflow/.local/lib/python3.6/site-packages/airflow/example_dags/example_kubernetes_executor.py
[2024-08-10 21:01:07,799] {logging_mixin.py:104} INFO - [2024-08-10 21:01:07,799] {dag.py:1824} INFO - Sync 1 DAGs
[2024-08-10 21:01:07,815] {logging_mixin.py:104} INFO - [2024-08-10 21:01:07,815] {dag.py:2280} INFO - Setting next_dagrun for example_kubernetes_executor to None
[2024-08-10 21:01:07,827] {scheduler_job.py:190} INFO - Processing /home/airflow/.local/lib/python3.6/site-packages/airflow/example_dags/example_kubernetes_executor.py took 0.099 seconds
[2024-08-10 21:16:45,065] {scheduler_job.py:182} INFO - Started process (PID=155) to work on /home/airflow/.local/lib/python3.6/site-packages/airflow/example_dags/example_kubernetes_executor.py
[2024-08-10 21:16:45,065] {scheduler_job.py:629} INFO - Processing file /home/airflow/.local/lib/python3.6/site-packages/airflow/example_dags/example_kubernetes_executor.py for tasks to queue
[2024-08-10 21:16:45,067] {logging_mixin.py:104} INFO - [2024-08-10 21:16:45,066] {dagbag.py:451} INFO - Filling up the DagBag from /home/airflow/.local/lib/python3.6/site-packages/airflow/example_dags/example_kubernetes_executor.py
[2024-08-10 21:16:45,077] {scheduler_job.py:639} INFO - DAG(s) dict_keys(['example_kubernetes_executor']) retrieved from /home/airflow/.local/lib/python3.6/site-packages/airflow/example_dags/example_kubernetes_executor.py
[2024-08-10 21:16:45,139] {logging_mixin.py:104} INFO - [2024-08-10 21:16:45,139] {dag.py:1824} INFO - Sync 1 DAGs
[2024-08-10 21:16:45,165] {logging_mixin.py:104} INFO - [2024-08-10 21:16:45,165] {dag.py:2280} INFO - Setting next_dagrun for example_kubernetes_executor to None
[2024-08-10 21:16:45,176] {scheduler_job.py:190} INFO - Processing /home/airflow/.local/lib/python3.6/site-packages/airflow/example_dags/example_kubernetes_executor.py took 0.113 seconds
[2024-08-10 21:21:47,648] {scheduler_job.py:182} INFO - Started process (PID=184) to work on /home/airflow/.local/lib/python3.6/site-packages/airflow/example_dags/example_kubernetes_executor.py
[2024-08-10 21:21:47,649] {scheduler_job.py:629} INFO - Processing file /home/airflow/.local/lib/python3.6/site-packages/airflow/example_dags/example_kubernetes_executor.py for tasks to queue
[2024-08-10 21:21:47,650] {logging_mixin.py:104} INFO - [2024-08-10 21:21:47,650] {dagbag.py:451} INFO - Filling up the DagBag from /home/airflow/.local/lib/python3.6/site-packages/airflow/example_dags/example_kubernetes_executor.py
[2024-08-10 21:21:47,658] {scheduler_job.py:639} INFO - DAG(s) dict_keys(['example_kubernetes_executor']) retrieved from /home/airflow/.local/lib/python3.6/site-packages/airflow/example_dags/example_kubernetes_executor.py
[2024-08-10 21:21:47,732] {logging_mixin.py:104} INFO - [2024-08-10 21:21:47,732] {dag.py:1824} INFO - Sync 1 DAGs
[2024-08-10 21:21:47,756] {logging_mixin.py:104} INFO - [2024-08-10 21:21:47,756] {dag.py:2280} INFO - Setting next_dagrun for example_kubernetes_executor to None
[2024-08-10 21:21:47,777] {scheduler_job.py:190} INFO - Processing /home/airflow/.local/lib/python3.6/site-packages/airflow/example_dags/example_kubernetes_executor.py took 0.131 seconds
[2024-08-10 21:22:18,729] {scheduler_job.py:182} INFO - Started process (PID=213) to work on /home/airflow/.local/lib/python3.6/site-packages/airflow/example_dags/example_kubernetes_executor.py
[2024-08-10 21:22:18,730] {scheduler_job.py:629} INFO - Processing file /home/airflow/.local/lib/python3.6/site-packages/airflow/example_dags/example_kubernetes_executor.py for tasks to queue
[2024-08-10 21:22:18,731] {logging_mixin.py:104} INFO - [2024-08-10 21:22:18,730] {dagbag.py:451} INFO - Filling up the DagBag from /home/airflow/.local/lib/python3.6/site-packages/airflow/example_dags/example_kubernetes_executor.py
[2024-08-10 21:22:18,737] {scheduler_job.py:639} INFO - DAG(s) dict_keys(['example_kubernetes_executor']) retrieved from /home/airflow/.local/lib/python3.6/site-packages/airflow/example_dags/example_kubernetes_executor.py
[2024-08-10 21:22:18,797] {logging_mixin.py:104} INFO - [2024-08-10 21:22:18,797] {dag.py:1824} INFO - Sync 1 DAGs
[2024-08-10 21:22:18,813] {logging_mixin.py:104} INFO - [2024-08-10 21:22:18,813] {dag.py:2280} INFO - Setting next_dagrun for example_kubernetes_executor to None
[2024-08-10 21:22:18,824] {scheduler_job.py:190} INFO - Processing /home/airflow/.local/lib/python3.6/site-packages/airflow/example_dags/example_kubernetes_executor.py took 0.097 seconds
[2024-08-10 21:45:45,284] {scheduler_job.py:182} INFO - Started process (PID=242) to work on /home/airflow/.local/lib/python3.6/site-packages/airflow/example_dags/example_kubernetes_executor.py
[2024-08-10 21:45:45,285] {scheduler_job.py:629} INFO - Processing file /home/airflow/.local/lib/python3.6/site-packages/airflow/example_dags/example_kubernetes_executor.py for tasks to queue
[2024-08-10 21:45:45,286] {logging_mixin.py:104} INFO - [2024-08-10 21:45:45,286] {dagbag.py:451} INFO - Filling up the DagBag from /home/airflow/.local/lib/python3.6/site-packages/airflow/example_dags/example_kubernetes_executor.py
[2024-08-10 21:45:45,292] {scheduler_job.py:639} INFO - DAG(s) dict_keys(['example_kubernetes_executor']) retrieved from /home/airflow/.local/lib/python3.6/site-packages/airflow/example_dags/example_kubernetes_executor.py
[2024-08-10 21:45:45,359] {logging_mixin.py:104} INFO - [2024-08-10 21:45:45,358] {dag.py:1824} INFO - Sync 1 DAGs
[2024-08-10 21:45:45,379] {logging_mixin.py:104} INFO - [2024-08-10 21:45:45,379] {dag.py:2280} INFO - Setting next_dagrun for example_kubernetes_executor to None
[2024-08-10 21:45:45,398] {scheduler_job.py:190} INFO - Processing /home/airflow/.local/lib/python3.6/site-packages/airflow/example_dags/example_kubernetes_executor.py took 0.116 seconds
[2024-08-10 21:46:16,415] {scheduler_job.py:182} INFO - Started process (PID=271) to work on /home/airflow/.local/lib/python3.6/site-packages/airflow/example_dags/example_kubernetes_executor.py
[2024-08-10 21:46:16,416] {scheduler_job.py:629} INFO - Processing file /home/airflow/.local/lib/python3.6/site-packages/airflow/example_dags/example_kubernetes_executor.py for tasks to queue
[2024-08-10 21:46:16,416] {logging_mixin.py:104} INFO - [2024-08-10 21:46:16,416] {dagbag.py:451} INFO - Filling up the DagBag from /home/airflow/.local/lib/python3.6/site-packages/airflow/example_dags/example_kubernetes_executor.py
[2024-08-10 21:46:16,423] {scheduler_job.py:639} INFO - DAG(s) dict_keys(['example_kubernetes_executor']) retrieved from /home/airflow/.local/lib/python3.6/site-packages/airflow/example_dags/example_kubernetes_executor.py
[2024-08-10 21:46:16,481] {logging_mixin.py:104} INFO - [2024-08-10 21:46:16,481] {dag.py:1824} INFO - Sync 1 DAGs
[2024-08-10 21:46:16,498] {logging_mixin.py:104} INFO - [2024-08-10 21:46:16,498] {dag.py:2280} INFO - Setting next_dagrun for example_kubernetes_executor to None
[2024-08-10 21:46:16,511] {scheduler_job.py:190} INFO - Processing /home/airflow/.local/lib/python3.6/site-packages/airflow/example_dags/example_kubernetes_executor.py took 0.097 seconds
[2024-08-10 22:01:46,705] {scheduler_job.py:182} INFO - Started process (PID=300) to work on /home/airflow/.local/lib/python3.6/site-packages/airflow/example_dags/example_kubernetes_executor.py
[2024-08-10 22:01:46,707] {scheduler_job.py:629} INFO - Processing file /home/airflow/.local/lib/python3.6/site-packages/airflow/example_dags/example_kubernetes_executor.py for tasks to queue
[2024-08-10 22:01:46,708] {logging_mixin.py:104} INFO - [2024-08-10 22:01:46,708] {dagbag.py:451} INFO - Filling up the DagBag from /home/airflow/.local/lib/python3.6/site-packages/airflow/example_dags/example_kubernetes_executor.py
[2024-08-10 22:01:46,717] {scheduler_job.py:639} INFO - DAG(s) dict_keys(['example_kubernetes_executor']) retrieved from /home/airflow/.local/lib/python3.6/site-packages/airflow/example_dags/example_kubernetes_executor.py
[2024-08-10 22:01:46,783] {logging_mixin.py:104} INFO - [2024-08-10 22:01:46,783] {dag.py:1824} INFO - Sync 1 DAGs
[2024-08-10 22:01:46,808] {logging_mixin.py:104} INFO - [2024-08-10 22:01:46,808] {dag.py:2280} INFO - Setting next_dagrun for example_kubernetes_executor to None
[2024-08-10 22:01:46,827] {scheduler_job.py:190} INFO - Processing /home/airflow/.local/lib/python3.6/site-packages/airflow/example_dags/example_kubernetes_executor.py took 0.125 seconds
[2024-08-10 22:08:19,535] {scheduler_job.py:182} INFO - Started process (PID=329) to work on /home/airflow/.local/lib/python3.6/site-packages/airflow/example_dags/example_kubernetes_executor.py
[2024-08-10 22:08:19,536] {scheduler_job.py:629} INFO - Processing file /home/airflow/.local/lib/python3.6/site-packages/airflow/example_dags/example_kubernetes_executor.py for tasks to queue
[2024-08-10 22:08:19,536] {logging_mixin.py:104} INFO - [2024-08-10 22:08:19,536] {dagbag.py:451} INFO - Filling up the DagBag from /home/airflow/.local/lib/python3.6/site-packages/airflow/example_dags/example_kubernetes_executor.py
[2024-08-10 22:08:19,550] {scheduler_job.py:639} INFO - DAG(s) dict_keys(['example_kubernetes_executor']) retrieved from /home/airflow/.local/lib/python3.6/site-packages/airflow/example_dags/example_kubernetes_executor.py
[2024-08-10 22:08:19,611] {logging_mixin.py:104} INFO - [2024-08-10 22:08:19,611] {dag.py:1824} INFO - Sync 1 DAGs
[2024-08-10 22:08:19,633] {logging_mixin.py:104} INFO - [2024-08-10 22:08:19,632] {dag.py:2280} INFO - Setting next_dagrun for example_kubernetes_executor to None
[2024-08-10 22:08:19,648] {scheduler_job.py:190} INFO - Processing /home/airflow/.local/lib/python3.6/site-packages/airflow/example_dags/example_kubernetes_executor.py took 0.115 seconds
[2024-08-10 22:08:49,670] {scheduler_job.py:182} INFO - Started process (PID=356) to work on /home/airflow/.local/lib/python3.6/site-packages/airflow/example_dags/example_kubernetes_executor.py
[2024-08-10 22:08:49,671] {scheduler_job.py:629} INFO - Processing file /home/airflow/.local/lib/python3.6/site-packages/airflow/example_dags/example_kubernetes_executor.py for tasks to queue
[2024-08-10 22:08:49,671] {logging_mixin.py:104} INFO - [2024-08-10 22:08:49,671] {dagbag.py:451} INFO - Filling up the DagBag from /home/airflow/.local/lib/python3.6/site-packages/airflow/example_dags/example_kubernetes_executor.py
[2024-08-10 22:08:49,678] {scheduler_job.py:639} INFO - DAG(s) dict_keys(['example_kubernetes_executor']) retrieved from /home/airflow/.local/lib/python3.6/site-packages/airflow/example_dags/example_kubernetes_executor.py
[2024-08-10 22:08:49,736] {logging_mixin.py:104} INFO - [2024-08-10 22:08:49,736] {dag.py:1824} INFO - Sync 1 DAGs
[2024-08-10 22:08:49,752] {logging_mixin.py:104} INFO - [2024-08-10 22:08:49,752] {dag.py:2280} INFO - Setting next_dagrun for example_kubernetes_executor to None
[2024-08-10 22:08:49,763] {scheduler_job.py:190} INFO - Processing /home/airflow/.local/lib/python3.6/site-packages/airflow/example_dags/example_kubernetes_executor.py took 0.095 seconds
[2024-08-10 22:13:48,265] {scheduler_job.py:182} INFO - Started process (PID=387) to work on /home/airflow/.local/lib/python3.6/site-packages/airflow/example_dags/example_kubernetes_executor.py
[2024-08-10 22:13:48,266] {scheduler_job.py:629} INFO - Processing file /home/airflow/.local/lib/python3.6/site-packages/airflow/example_dags/example_kubernetes_executor.py for tasks to queue
[2024-08-10 22:13:48,266] {logging_mixin.py:104} INFO - [2024-08-10 22:13:48,266] {dagbag.py:451} INFO - Filling up the DagBag from /home/airflow/.local/lib/python3.6/site-packages/airflow/example_dags/example_kubernetes_executor.py
[2024-08-10 22:13:48,280] {scheduler_job.py:639} INFO - DAG(s) dict_keys(['example_kubernetes_executor']) retrieved from /home/airflow/.local/lib/python3.6/site-packages/airflow/example_dags/example_kubernetes_executor.py
[2024-08-10 22:13:48,354] {logging_mixin.py:104} INFO - [2024-08-10 22:13:48,354] {dag.py:1824} INFO - Sync 1 DAGs
[2024-08-10 22:13:48,386] {logging_mixin.py:104} INFO - [2024-08-10 22:13:48,386] {dag.py:2280} INFO - Setting next_dagrun for example_kubernetes_executor to None
[2024-08-10 22:13:48,398] {scheduler_job.py:190} INFO - Processing /home/airflow/.local/lib/python3.6/site-packages/airflow/example_dags/example_kubernetes_executor.py took 0.135 seconds
[2024-08-10 22:17:45,617] {scheduler_job.py:182} INFO - Started process (PID=416) to work on /home/airflow/.local/lib/python3.6/site-packages/airflow/example_dags/example_kubernetes_executor.py
[2024-08-10 22:17:45,618] {scheduler_job.py:629} INFO - Processing file /home/airflow/.local/lib/python3.6/site-packages/airflow/example_dags/example_kubernetes_executor.py for tasks to queue
[2024-08-10 22:17:45,618] {logging_mixin.py:104} INFO - [2024-08-10 22:17:45,618] {dagbag.py:451} INFO - Filling up the DagBag from /home/airflow/.local/lib/python3.6/site-packages/airflow/example_dags/example_kubernetes_executor.py
[2024-08-10 22:17:45,626] {scheduler_job.py:639} INFO - DAG(s) dict_keys(['example_kubernetes_executor']) retrieved from /home/airflow/.local/lib/python3.6/site-packages/airflow/example_dags/example_kubernetes_executor.py
[2024-08-10 22:17:45,688] {logging_mixin.py:104} INFO - [2024-08-10 22:17:45,688] {dag.py:1824} INFO - Sync 1 DAGs
[2024-08-10 22:17:45,708] {logging_mixin.py:104} INFO - [2024-08-10 22:17:45,708] {dag.py:2280} INFO - Setting next_dagrun for example_kubernetes_executor to None
[2024-08-10 22:17:45,719] {scheduler_job.py:190} INFO - Processing /home/airflow/.local/lib/python3.6/site-packages/airflow/example_dags/example_kubernetes_executor.py took 0.103 seconds
[2024-08-10 22:18:16,486] {scheduler_job.py:182} INFO - Started process (PID=445) to work on /home/airflow/.local/lib/python3.6/site-packages/airflow/example_dags/example_kubernetes_executor.py
[2024-08-10 22:18:16,486] {scheduler_job.py:629} INFO - Processing file /home/airflow/.local/lib/python3.6/site-packages/airflow/example_dags/example_kubernetes_executor.py for tasks to queue
[2024-08-10 22:18:16,487] {logging_mixin.py:104} INFO - [2024-08-10 22:18:16,487] {dagbag.py:451} INFO - Filling up the DagBag from /home/airflow/.local/lib/python3.6/site-packages/airflow/example_dags/example_kubernetes_executor.py
[2024-08-10 22:18:16,494] {scheduler_job.py:639} INFO - DAG(s) dict_keys(['example_kubernetes_executor']) retrieved from /home/airflow/.local/lib/python3.6/site-packages/airflow/example_dags/example_kubernetes_executor.py
[2024-08-10 22:18:16,553] {logging_mixin.py:104} INFO - [2024-08-10 22:18:16,553] {dag.py:1824} INFO - Sync 1 DAGs
[2024-08-10 22:18:16,570] {logging_mixin.py:104} INFO - [2024-08-10 22:18:16,569] {dag.py:2280} INFO - Setting next_dagrun for example_kubernetes_executor to None
[2024-08-10 22:18:16,580] {scheduler_job.py:190} INFO - Processing /home/airflow/.local/lib/python3.6/site-packages/airflow/example_dags/example_kubernetes_executor.py took 0.096 seconds
[2024-08-10 22:18:47,182] {scheduler_job.py:182} INFO - Started process (PID=474) to work on /home/airflow/.local/lib/python3.6/site-packages/airflow/example_dags/example_kubernetes_executor.py
[2024-08-10 22:18:47,183] {scheduler_job.py:629} INFO - Processing file /home/airflow/.local/lib/python3.6/site-packages/airflow/example_dags/example_kubernetes_executor.py for tasks to queue
[2024-08-10 22:18:47,183] {logging_mixin.py:104} INFO - [2024-08-10 22:18:47,183] {dagbag.py:451} INFO - Filling up the DagBag from /home/airflow/.local/lib/python3.6/site-packages/airflow/example_dags/example_kubernetes_executor.py
[2024-08-10 22:18:47,190] {scheduler_job.py:639} INFO - DAG(s) dict_keys(['example_kubernetes_executor']) retrieved from /home/airflow/.local/lib/python3.6/site-packages/airflow/example_dags/example_kubernetes_executor.py
[2024-08-10 22:18:47,250] {logging_mixin.py:104} INFO - [2024-08-10 22:18:47,250] {dag.py:1824} INFO - Sync 1 DAGs
[2024-08-10 22:18:47,268] {logging_mixin.py:104} INFO - [2024-08-10 22:18:47,268] {dag.py:2280} INFO - Setting next_dagrun for example_kubernetes_executor to None
[2024-08-10 22:18:47,279] {scheduler_job.py:190} INFO - Processing /home/airflow/.local/lib/python3.6/site-packages/airflow/example_dags/example_kubernetes_executor.py took 0.099 seconds
[2024-08-10 22:19:18,396] {scheduler_job.py:182} INFO - Started process (PID=506) to work on /home/airflow/.local/lib/python3.6/site-packages/airflow/example_dags/example_kubernetes_executor.py
[2024-08-10 22:19:18,397] {scheduler_job.py:629} INFO - Processing file /home/airflow/.local/lib/python3.6/site-packages/airflow/example_dags/example_kubernetes_executor.py for tasks to queue
[2024-08-10 22:19:18,400] {logging_mixin.py:104} INFO - [2024-08-10 22:19:18,400] {dagbag.py:451} INFO - Filling up the DagBag from /home/airflow/.local/lib/python3.6/site-packages/airflow/example_dags/example_kubernetes_executor.py
[2024-08-10 22:19:18,406] {scheduler_job.py:639} INFO - DAG(s) dict_keys(['example_kubernetes_executor']) retrieved from /home/airflow/.local/lib/python3.6/site-packages/airflow/example_dags/example_kubernetes_executor.py
[2024-08-10 22:19:18,466] {logging_mixin.py:104} INFO - [2024-08-10 22:19:18,466] {dag.py:1824} INFO - Sync 1 DAGs
[2024-08-10 22:19:18,483] {logging_mixin.py:104} INFO - [2024-08-10 22:19:18,483] {dag.py:2280} INFO - Setting next_dagrun for example_kubernetes_executor to None
[2024-08-10 22:19:18,494] {scheduler_job.py:190} INFO - Processing /home/airflow/.local/lib/python3.6/site-packages/airflow/example_dags/example_kubernetes_executor.py took 0.099 seconds
[2024-08-10 22:27:20,349] {scheduler_job.py:182} INFO - Started process (PID=532) to work on /home/airflow/.local/lib/python3.6/site-packages/airflow/example_dags/example_kubernetes_executor.py
[2024-08-10 22:27:20,353] {scheduler_job.py:629} INFO - Processing file /home/airflow/.local/lib/python3.6/site-packages/airflow/example_dags/example_kubernetes_executor.py for tasks to queue
[2024-08-10 22:27:20,353] {logging_mixin.py:104} INFO - [2024-08-10 22:27:20,353] {dagbag.py:451} INFO - Filling up the DagBag from /home/airflow/.local/lib/python3.6/site-packages/airflow/example_dags/example_kubernetes_executor.py
[2024-08-10 22:27:20,362] {scheduler_job.py:639} INFO - DAG(s) dict_keys(['example_kubernetes_executor']) retrieved from /home/airflow/.local/lib/python3.6/site-packages/airflow/example_dags/example_kubernetes_executor.py
[2024-08-10 22:27:20,433] {logging_mixin.py:104} INFO - [2024-08-10 22:27:20,433] {dag.py:1824} INFO - Sync 1 DAGs
[2024-08-10 22:27:20,456] {logging_mixin.py:104} INFO - [2024-08-10 22:27:20,456] {dag.py:2280} INFO - Setting next_dagrun for example_kubernetes_executor to None
[2024-08-10 22:27:20,471] {scheduler_job.py:190} INFO - Processing /home/airflow/.local/lib/python3.6/site-packages/airflow/example_dags/example_kubernetes_executor.py took 0.123 seconds
[2024-08-10 23:00:13,239] {scheduler_job.py:182} INFO - Started process (PID=561) to work on /home/airflow/.local/lib/python3.6/site-packages/airflow/example_dags/example_kubernetes_executor.py
[2024-08-10 23:00:13,239] {scheduler_job.py:629} INFO - Processing file /home/airflow/.local/lib/python3.6/site-packages/airflow/example_dags/example_kubernetes_executor.py for tasks to queue
[2024-08-10 23:00:13,241] {logging_mixin.py:104} INFO - [2024-08-10 23:00:13,241] {dagbag.py:451} INFO - Filling up the DagBag from /home/airflow/.local/lib/python3.6/site-packages/airflow/example_dags/example_kubernetes_executor.py
[2024-08-10 23:00:13,254] {scheduler_job.py:639} INFO - DAG(s) dict_keys(['example_kubernetes_executor']) retrieved from /home/airflow/.local/lib/python3.6/site-packages/airflow/example_dags/example_kubernetes_executor.py
[2024-08-10 23:00:13,324] {logging_mixin.py:104} INFO - [2024-08-10 23:00:13,324] {dag.py:1824} INFO - Sync 1 DAGs
[2024-08-10 23:00:13,342] {logging_mixin.py:104} INFO - [2024-08-10 23:00:13,342] {dag.py:2280} INFO - Setting next_dagrun for example_kubernetes_executor to None
[2024-08-10 23:00:13,354] {scheduler_job.py:190} INFO - Processing /home/airflow/.local/lib/python3.6/site-packages/airflow/example_dags/example_kubernetes_executor.py took 0.117 seconds
[2024-08-10 23:02:53,896] {scheduler_job.py:182} INFO - Started process (PID=590) to work on /home/airflow/.local/lib/python3.6/site-packages/airflow/example_dags/example_kubernetes_executor.py
[2024-08-10 23:02:53,896] {scheduler_job.py:629} INFO - Processing file /home/airflow/.local/lib/python3.6/site-packages/airflow/example_dags/example_kubernetes_executor.py for tasks to queue
[2024-08-10 23:02:53,898] {logging_mixin.py:104} INFO - [2024-08-10 23:02:53,898] {dagbag.py:451} INFO - Filling up the DagBag from /home/airflow/.local/lib/python3.6/site-packages/airflow/example_dags/example_kubernetes_executor.py
[2024-08-10 23:02:53,907] {scheduler_job.py:639} INFO - DAG(s) dict_keys(['example_kubernetes_executor']) retrieved from /home/airflow/.local/lib/python3.6/site-packages/airflow/example_dags/example_kubernetes_executor.py
[2024-08-10 23:02:53,977] {logging_mixin.py:104} INFO - [2024-08-10 23:02:53,977] {dag.py:1824} INFO - Sync 1 DAGs
[2024-08-10 23:02:53,999] {logging_mixin.py:104} INFO - [2024-08-10 23:02:53,998] {dag.py:2280} INFO - Setting next_dagrun for example_kubernetes_executor to None
[2024-08-10 23:02:54,011] {scheduler_job.py:190} INFO - Processing /home/airflow/.local/lib/python3.6/site-packages/airflow/example_dags/example_kubernetes_executor.py took 0.117 seconds
[2024-08-10 23:14:08,289] {scheduler_job.py:182} INFO - Started process (PID=619) to work on /home/airflow/.local/lib/python3.6/site-packages/airflow/example_dags/example_kubernetes_executor.py
[2024-08-10 23:14:08,291] {scheduler_job.py:629} INFO - Processing file /home/airflow/.local/lib/python3.6/site-packages/airflow/example_dags/example_kubernetes_executor.py for tasks to queue
[2024-08-10 23:14:08,292] {logging_mixin.py:104} INFO - [2024-08-10 23:14:08,291] {dagbag.py:451} INFO - Filling up the DagBag from /home/airflow/.local/lib/python3.6/site-packages/airflow/example_dags/example_kubernetes_executor.py
[2024-08-10 23:14:08,299] {scheduler_job.py:639} INFO - DAG(s) dict_keys(['example_kubernetes_executor']) retrieved from /home/airflow/.local/lib/python3.6/site-packages/airflow/example_dags/example_kubernetes_executor.py
[2024-08-10 23:14:08,358] {logging_mixin.py:104} INFO - [2024-08-10 23:14:08,358] {dag.py:1824} INFO - Sync 1 DAGs
[2024-08-10 23:14:08,376] {logging_mixin.py:104} INFO - [2024-08-10 23:14:08,376] {dag.py:2280} INFO - Setting next_dagrun for example_kubernetes_executor to None
[2024-08-10 23:14:08,388] {scheduler_job.py:190} INFO - Processing /home/airflow/.local/lib/python3.6/site-packages/airflow/example_dags/example_kubernetes_executor.py took 0.101 seconds
[2024-08-10 23:14:39,176] {scheduler_job.py:182} INFO - Started process (PID=648) to work on /home/airflow/.local/lib/python3.6/site-packages/airflow/example_dags/example_kubernetes_executor.py
[2024-08-10 23:14:39,176] {scheduler_job.py:629} INFO - Processing file /home/airflow/.local/lib/python3.6/site-packages/airflow/example_dags/example_kubernetes_executor.py for tasks to queue
[2024-08-10 23:14:39,177] {logging_mixin.py:104} INFO - [2024-08-10 23:14:39,177] {dagbag.py:451} INFO - Filling up the DagBag from /home/airflow/.local/lib/python3.6/site-packages/airflow/example_dags/example_kubernetes_executor.py
[2024-08-10 23:14:39,184] {scheduler_job.py:639} INFO - DAG(s) dict_keys(['example_kubernetes_executor']) retrieved from /home/airflow/.local/lib/python3.6/site-packages/airflow/example_dags/example_kubernetes_executor.py
[2024-08-10 23:14:39,241] {logging_mixin.py:104} INFO - [2024-08-10 23:14:39,241] {dag.py:1824} INFO - Sync 1 DAGs
[2024-08-10 23:14:39,258] {logging_mixin.py:104} INFO - [2024-08-10 23:14:39,258] {dag.py:2280} INFO - Setting next_dagrun for example_kubernetes_executor to None
[2024-08-10 23:14:39,270] {scheduler_job.py:190} INFO - Processing /home/airflow/.local/lib/python3.6/site-packages/airflow/example_dags/example_kubernetes_executor.py took 0.096 seconds
