[2024-08-10 00:13:04,613] {scheduler_job.py:182} INFO - Started process (PID=60893) to work on /home/airflow/.local/lib/python3.6/site-packages/airflow/example_dags/example_xcomargs.py
[2024-08-10 00:13:04,614] {scheduler_job.py:629} INFO - Processing file /home/airflow/.local/lib/python3.6/site-packages/airflow/example_dags/example_xcomargs.py for tasks to queue
[2024-08-10 00:13:04,614] {logging_mixin.py:104} INFO - [2024-08-10 00:13:04,614] {dagbag.py:451} INFO - Filling up the DagBag from /home/airflow/.local/lib/python3.6/site-packages/airflow/example_dags/example_xcomargs.py
[2024-08-10 00:13:04,624] {scheduler_job.py:639} INFO - DAG(s) dict_keys(['example_xcom_args', 'example_xcom_args_with_operators']) retrieved from /home/airflow/.local/lib/python3.6/site-packages/airflow/example_dags/example_xcomargs.py
[2024-08-10 00:13:04,698] {logging_mixin.py:104} INFO - [2024-08-10 00:13:04,698] {dag.py:1824} INFO - Sync 2 DAGs
[2024-08-10 00:13:04,737] {logging_mixin.py:104} INFO - [2024-08-10 00:13:04,737] {dag.py:2280} INFO - Setting next_dagrun for example_xcom_args to None
[2024-08-10 00:13:04,738] {logging_mixin.py:104} INFO - [2024-08-10 00:13:04,738] {dag.py:2280} INFO - Setting next_dagrun for example_xcom_args_with_operators to None
[2024-08-10 00:13:04,756] {scheduler_job.py:190} INFO - Processing /home/airflow/.local/lib/python3.6/site-packages/airflow/example_dags/example_xcomargs.py took 0.145 seconds
[2024-08-10 00:13:34,804] {scheduler_job.py:182} INFO - Started process (PID=60922) to work on /home/airflow/.local/lib/python3.6/site-packages/airflow/example_dags/example_xcomargs.py
[2024-08-10 00:13:34,805] {scheduler_job.py:629} INFO - Processing file /home/airflow/.local/lib/python3.6/site-packages/airflow/example_dags/example_xcomargs.py for tasks to queue
[2024-08-10 00:13:34,805] {logging_mixin.py:104} INFO - [2024-08-10 00:13:34,805] {dagbag.py:451} INFO - Filling up the DagBag from /home/airflow/.local/lib/python3.6/site-packages/airflow/example_dags/example_xcomargs.py
[2024-08-10 00:13:34,813] {scheduler_job.py:639} INFO - DAG(s) dict_keys(['example_xcom_args', 'example_xcom_args_with_operators']) retrieved from /home/airflow/.local/lib/python3.6/site-packages/airflow/example_dags/example_xcomargs.py
[2024-08-10 00:13:34,873] {logging_mixin.py:104} INFO - [2024-08-10 00:13:34,873] {dag.py:1824} INFO - Sync 2 DAGs
[2024-08-10 00:13:34,891] {logging_mixin.py:104} INFO - [2024-08-10 00:13:34,891] {dag.py:2280} INFO - Setting next_dagrun for example_xcom_args to None
[2024-08-10 00:13:34,891] {logging_mixin.py:104} INFO - [2024-08-10 00:13:34,891] {dag.py:2280} INFO - Setting next_dagrun for example_xcom_args_with_operators to None
[2024-08-10 00:13:34,904] {scheduler_job.py:190} INFO - Processing /home/airflow/.local/lib/python3.6/site-packages/airflow/example_dags/example_xcomargs.py took 0.102 seconds
[2024-08-10 01:03:34,028] {scheduler_job.py:182} INFO - Started process (PID=60951) to work on /home/airflow/.local/lib/python3.6/site-packages/airflow/example_dags/example_xcomargs.py
[2024-08-10 01:03:34,030] {scheduler_job.py:629} INFO - Processing file /home/airflow/.local/lib/python3.6/site-packages/airflow/example_dags/example_xcomargs.py for tasks to queue
[2024-08-10 01:03:34,030] {logging_mixin.py:104} INFO - [2024-08-10 01:03:34,030] {dagbag.py:451} INFO - Filling up the DagBag from /home/airflow/.local/lib/python3.6/site-packages/airflow/example_dags/example_xcomargs.py
[2024-08-10 01:03:34,040] {scheduler_job.py:639} INFO - DAG(s) dict_keys(['example_xcom_args', 'example_xcom_args_with_operators']) retrieved from /home/airflow/.local/lib/python3.6/site-packages/airflow/example_dags/example_xcomargs.py
[2024-08-10 01:03:34,109] {logging_mixin.py:104} INFO - [2024-08-10 01:03:34,109] {dag.py:1824} INFO - Sync 2 DAGs
[2024-08-10 01:03:34,133] {logging_mixin.py:104} INFO - [2024-08-10 01:03:34,133] {dag.py:2280} INFO - Setting next_dagrun for example_xcom_args to None
[2024-08-10 01:03:34,133] {logging_mixin.py:104} INFO - [2024-08-10 01:03:34,133] {dag.py:2280} INFO - Setting next_dagrun for example_xcom_args_with_operators to None
[2024-08-10 01:03:34,151] {scheduler_job.py:190} INFO - Processing /home/airflow/.local/lib/python3.6/site-packages/airflow/example_dags/example_xcomargs.py took 0.125 seconds
[2024-08-10 01:14:30,882] {scheduler_job.py:182} INFO - Started process (PID=60980) to work on /home/airflow/.local/lib/python3.6/site-packages/airflow/example_dags/example_xcomargs.py
[2024-08-10 01:14:30,883] {scheduler_job.py:629} INFO - Processing file /home/airflow/.local/lib/python3.6/site-packages/airflow/example_dags/example_xcomargs.py for tasks to queue
[2024-08-10 01:14:30,883] {logging_mixin.py:104} INFO - [2024-08-10 01:14:30,883] {dagbag.py:451} INFO - Filling up the DagBag from /home/airflow/.local/lib/python3.6/site-packages/airflow/example_dags/example_xcomargs.py
[2024-08-10 01:14:30,895] {scheduler_job.py:639} INFO - DAG(s) dict_keys(['example_xcom_args', 'example_xcom_args_with_operators']) retrieved from /home/airflow/.local/lib/python3.6/site-packages/airflow/example_dags/example_xcomargs.py
[2024-08-10 01:14:30,963] {logging_mixin.py:104} INFO - [2024-08-10 01:14:30,963] {dag.py:1824} INFO - Sync 2 DAGs
[2024-08-10 01:14:30,984] {logging_mixin.py:104} INFO - [2024-08-10 01:14:30,984] {dag.py:2280} INFO - Setting next_dagrun for example_xcom_args to None
[2024-08-10 01:14:30,985] {logging_mixin.py:104} INFO - [2024-08-10 01:14:30,985] {dag.py:2280} INFO - Setting next_dagrun for example_xcom_args_with_operators to None
[2024-08-10 01:14:30,999] {scheduler_job.py:190} INFO - Processing /home/airflow/.local/lib/python3.6/site-packages/airflow/example_dags/example_xcomargs.py took 0.119 seconds
[2024-08-10 01:47:59,102] {scheduler_job.py:182} INFO - Started process (PID=61009) to work on /home/airflow/.local/lib/python3.6/site-packages/airflow/example_dags/example_xcomargs.py
[2024-08-10 01:47:59,103] {scheduler_job.py:629} INFO - Processing file /home/airflow/.local/lib/python3.6/site-packages/airflow/example_dags/example_xcomargs.py for tasks to queue
[2024-08-10 01:47:59,104] {logging_mixin.py:104} INFO - [2024-08-10 01:47:59,104] {dagbag.py:451} INFO - Filling up the DagBag from /home/airflow/.local/lib/python3.6/site-packages/airflow/example_dags/example_xcomargs.py
[2024-08-10 01:47:59,120] {scheduler_job.py:639} INFO - DAG(s) dict_keys(['example_xcom_args', 'example_xcom_args_with_operators']) retrieved from /home/airflow/.local/lib/python3.6/site-packages/airflow/example_dags/example_xcomargs.py
[2024-08-10 01:47:59,204] {logging_mixin.py:104} INFO - [2024-08-10 01:47:59,204] {dag.py:1824} INFO - Sync 2 DAGs
[2024-08-10 01:47:59,242] {logging_mixin.py:104} INFO - [2024-08-10 01:47:59,242] {dag.py:2280} INFO - Setting next_dagrun for example_xcom_args to None
[2024-08-10 01:47:59,242] {logging_mixin.py:104} INFO - [2024-08-10 01:47:59,242] {dag.py:2280} INFO - Setting next_dagrun for example_xcom_args_with_operators to None
[2024-08-10 01:47:59,256] {scheduler_job.py:190} INFO - Processing /home/airflow/.local/lib/python3.6/site-packages/airflow/example_dags/example_xcomargs.py took 0.156 seconds
[2024-08-10 02:15:27,588] {scheduler_job.py:182} INFO - Started process (PID=61038) to work on /home/airflow/.local/lib/python3.6/site-packages/airflow/example_dags/example_xcomargs.py
[2024-08-10 02:15:27,589] {scheduler_job.py:629} INFO - Processing file /home/airflow/.local/lib/python3.6/site-packages/airflow/example_dags/example_xcomargs.py for tasks to queue
[2024-08-10 02:15:27,592] {logging_mixin.py:104} INFO - [2024-08-10 02:15:27,592] {dagbag.py:451} INFO - Filling up the DagBag from /home/airflow/.local/lib/python3.6/site-packages/airflow/example_dags/example_xcomargs.py
[2024-08-10 02:15:27,604] {scheduler_job.py:639} INFO - DAG(s) dict_keys(['example_xcom_args', 'example_xcom_args_with_operators']) retrieved from /home/airflow/.local/lib/python3.6/site-packages/airflow/example_dags/example_xcomargs.py
[2024-08-10 02:15:27,670] {logging_mixin.py:104} INFO - [2024-08-10 02:15:27,670] {dag.py:1824} INFO - Sync 2 DAGs
[2024-08-10 02:15:27,690] {logging_mixin.py:104} INFO - [2024-08-10 02:15:27,690] {dag.py:2280} INFO - Setting next_dagrun for example_xcom_args to None
[2024-08-10 02:15:27,690] {logging_mixin.py:104} INFO - [2024-08-10 02:15:27,690] {dag.py:2280} INFO - Setting next_dagrun for example_xcom_args_with_operators to None
[2024-08-10 02:15:27,703] {scheduler_job.py:190} INFO - Processing /home/airflow/.local/lib/python3.6/site-packages/airflow/example_dags/example_xcomargs.py took 0.116 seconds
[2024-08-10 02:21:41,317] {scheduler_job.py:182} INFO - Started process (PID=61067) to work on /home/airflow/.local/lib/python3.6/site-packages/airflow/example_dags/example_xcomargs.py
[2024-08-10 02:21:41,320] {scheduler_job.py:629} INFO - Processing file /home/airflow/.local/lib/python3.6/site-packages/airflow/example_dags/example_xcomargs.py for tasks to queue
[2024-08-10 02:21:41,321] {logging_mixin.py:104} INFO - [2024-08-10 02:21:41,321] {dagbag.py:451} INFO - Filling up the DagBag from /home/airflow/.local/lib/python3.6/site-packages/airflow/example_dags/example_xcomargs.py
[2024-08-10 02:21:41,335] {scheduler_job.py:639} INFO - DAG(s) dict_keys(['example_xcom_args', 'example_xcom_args_with_operators']) retrieved from /home/airflow/.local/lib/python3.6/site-packages/airflow/example_dags/example_xcomargs.py
[2024-08-10 02:21:41,416] {logging_mixin.py:104} INFO - [2024-08-10 02:21:41,416] {dag.py:1824} INFO - Sync 2 DAGs
[2024-08-10 02:21:41,449] {logging_mixin.py:104} INFO - [2024-08-10 02:21:41,449] {dag.py:2280} INFO - Setting next_dagrun for example_xcom_args to None
[2024-08-10 02:21:41,452] {logging_mixin.py:104} INFO - [2024-08-10 02:21:41,452] {dag.py:2280} INFO - Setting next_dagrun for example_xcom_args_with_operators to None
[2024-08-10 02:21:41,469] {scheduler_job.py:190} INFO - Processing /home/airflow/.local/lib/python3.6/site-packages/airflow/example_dags/example_xcomargs.py took 0.153 seconds
[2024-08-10 02:22:12,501] {scheduler_job.py:182} INFO - Started process (PID=61103) to work on /home/airflow/.local/lib/python3.6/site-packages/airflow/example_dags/example_xcomargs.py
[2024-08-10 02:22:12,502] {scheduler_job.py:629} INFO - Processing file /home/airflow/.local/lib/python3.6/site-packages/airflow/example_dags/example_xcomargs.py for tasks to queue
[2024-08-10 02:22:12,502] {logging_mixin.py:104} INFO - [2024-08-10 02:22:12,502] {dagbag.py:451} INFO - Filling up the DagBag from /home/airflow/.local/lib/python3.6/site-packages/airflow/example_dags/example_xcomargs.py
[2024-08-10 02:22:12,511] {scheduler_job.py:639} INFO - DAG(s) dict_keys(['example_xcom_args', 'example_xcom_args_with_operators']) retrieved from /home/airflow/.local/lib/python3.6/site-packages/airflow/example_dags/example_xcomargs.py
[2024-08-10 02:22:12,574] {logging_mixin.py:104} INFO - [2024-08-10 02:22:12,574] {dag.py:1824} INFO - Sync 2 DAGs
[2024-08-10 02:22:12,593] {logging_mixin.py:104} INFO - [2024-08-10 02:22:12,593] {dag.py:2280} INFO - Setting next_dagrun for example_xcom_args to None
[2024-08-10 02:22:12,594] {logging_mixin.py:104} INFO - [2024-08-10 02:22:12,594] {dag.py:2280} INFO - Setting next_dagrun for example_xcom_args_with_operators to None
[2024-08-10 02:22:12,606] {scheduler_job.py:190} INFO - Processing /home/airflow/.local/lib/python3.6/site-packages/airflow/example_dags/example_xcomargs.py took 0.106 seconds
[2024-08-10 03:16:06,417] {scheduler_job.py:182} INFO - Started process (PID=61125) to work on /home/airflow/.local/lib/python3.6/site-packages/airflow/example_dags/example_xcomargs.py
[2024-08-10 03:16:06,418] {scheduler_job.py:629} INFO - Processing file /home/airflow/.local/lib/python3.6/site-packages/airflow/example_dags/example_xcomargs.py for tasks to queue
[2024-08-10 03:16:06,419] {logging_mixin.py:104} INFO - [2024-08-10 03:16:06,419] {dagbag.py:451} INFO - Filling up the DagBag from /home/airflow/.local/lib/python3.6/site-packages/airflow/example_dags/example_xcomargs.py
[2024-08-10 03:16:06,436] {scheduler_job.py:639} INFO - DAG(s) dict_keys(['example_xcom_args', 'example_xcom_args_with_operators']) retrieved from /home/airflow/.local/lib/python3.6/site-packages/airflow/example_dags/example_xcomargs.py
[2024-08-10 03:16:06,514] {logging_mixin.py:104} INFO - [2024-08-10 03:16:06,514] {dag.py:1824} INFO - Sync 2 DAGs
[2024-08-10 03:16:06,537] {logging_mixin.py:104} INFO - [2024-08-10 03:16:06,537] {dag.py:2280} INFO - Setting next_dagrun for example_xcom_args to None
[2024-08-10 03:16:06,539] {logging_mixin.py:104} INFO - [2024-08-10 03:16:06,539] {dag.py:2280} INFO - Setting next_dagrun for example_xcom_args_with_operators to None
[2024-08-10 03:16:06,560] {scheduler_job.py:190} INFO - Processing /home/airflow/.local/lib/python3.6/site-packages/airflow/example_dags/example_xcomargs.py took 0.145 seconds
[2024-08-10 03:16:36,640] {scheduler_job.py:182} INFO - Started process (PID=61154) to work on /home/airflow/.local/lib/python3.6/site-packages/airflow/example_dags/example_xcomargs.py
[2024-08-10 03:16:36,640] {scheduler_job.py:629} INFO - Processing file /home/airflow/.local/lib/python3.6/site-packages/airflow/example_dags/example_xcomargs.py for tasks to queue
[2024-08-10 03:16:36,641] {logging_mixin.py:104} INFO - [2024-08-10 03:16:36,641] {dagbag.py:451} INFO - Filling up the DagBag from /home/airflow/.local/lib/python3.6/site-packages/airflow/example_dags/example_xcomargs.py
[2024-08-10 03:16:36,649] {scheduler_job.py:639} INFO - DAG(s) dict_keys(['example_xcom_args', 'example_xcom_args_with_operators']) retrieved from /home/airflow/.local/lib/python3.6/site-packages/airflow/example_dags/example_xcomargs.py
[2024-08-10 03:16:36,709] {logging_mixin.py:104} INFO - [2024-08-10 03:16:36,709] {dag.py:1824} INFO - Sync 2 DAGs
[2024-08-10 03:16:36,728] {logging_mixin.py:104} INFO - [2024-08-10 03:16:36,728] {dag.py:2280} INFO - Setting next_dagrun for example_xcom_args to None
[2024-08-10 03:16:36,728] {logging_mixin.py:104} INFO - [2024-08-10 03:16:36,728] {dag.py:2280} INFO - Setting next_dagrun for example_xcom_args_with_operators to None
[2024-08-10 03:16:36,739] {scheduler_job.py:190} INFO - Processing /home/airflow/.local/lib/python3.6/site-packages/airflow/example_dags/example_xcomargs.py took 0.101 seconds
[2024-08-10 04:06:31,074] {scheduler_job.py:182} INFO - Started process (PID=61183) to work on /home/airflow/.local/lib/python3.6/site-packages/airflow/example_dags/example_xcomargs.py
[2024-08-10 04:06:31,075] {scheduler_job.py:629} INFO - Processing file /home/airflow/.local/lib/python3.6/site-packages/airflow/example_dags/example_xcomargs.py for tasks to queue
[2024-08-10 04:06:31,076] {logging_mixin.py:104} INFO - [2024-08-10 04:06:31,076] {dagbag.py:451} INFO - Filling up the DagBag from /home/airflow/.local/lib/python3.6/site-packages/airflow/example_dags/example_xcomargs.py
[2024-08-10 04:06:31,086] {scheduler_job.py:639} INFO - DAG(s) dict_keys(['example_xcom_args', 'example_xcom_args_with_operators']) retrieved from /home/airflow/.local/lib/python3.6/site-packages/airflow/example_dags/example_xcomargs.py
[2024-08-10 04:06:31,166] {logging_mixin.py:104} INFO - [2024-08-10 04:06:31,166] {dag.py:1824} INFO - Sync 2 DAGs
[2024-08-10 04:06:31,189] {logging_mixin.py:104} INFO - [2024-08-10 04:06:31,189] {dag.py:2280} INFO - Setting next_dagrun for example_xcom_args to None
[2024-08-10 04:06:31,189] {logging_mixin.py:104} INFO - [2024-08-10 04:06:31,189] {dag.py:2280} INFO - Setting next_dagrun for example_xcom_args_with_operators to None
[2024-08-10 04:06:31,204] {scheduler_job.py:190} INFO - Processing /home/airflow/.local/lib/python3.6/site-packages/airflow/example_dags/example_xcomargs.py took 0.131 seconds
[2024-08-10 04:17:32,902] {scheduler_job.py:182} INFO - Started process (PID=61212) to work on /home/airflow/.local/lib/python3.6/site-packages/airflow/example_dags/example_xcomargs.py
[2024-08-10 04:17:32,906] {scheduler_job.py:629} INFO - Processing file /home/airflow/.local/lib/python3.6/site-packages/airflow/example_dags/example_xcomargs.py for tasks to queue
[2024-08-10 04:17:32,906] {logging_mixin.py:104} INFO - [2024-08-10 04:17:32,906] {dagbag.py:451} INFO - Filling up the DagBag from /home/airflow/.local/lib/python3.6/site-packages/airflow/example_dags/example_xcomargs.py
[2024-08-10 04:17:32,915] {scheduler_job.py:639} INFO - DAG(s) dict_keys(['example_xcom_args', 'example_xcom_args_with_operators']) retrieved from /home/airflow/.local/lib/python3.6/site-packages/airflow/example_dags/example_xcomargs.py
[2024-08-10 04:17:32,994] {logging_mixin.py:104} INFO - [2024-08-10 04:17:32,994] {dag.py:1824} INFO - Sync 2 DAGs
[2024-08-10 04:17:33,020] {logging_mixin.py:104} INFO - [2024-08-10 04:17:33,020] {dag.py:2280} INFO - Setting next_dagrun for example_xcom_args to None
[2024-08-10 04:17:33,022] {logging_mixin.py:104} INFO - [2024-08-10 04:17:33,022] {dag.py:2280} INFO - Setting next_dagrun for example_xcom_args_with_operators to None
[2024-08-10 04:17:33,041] {scheduler_job.py:190} INFO - Processing /home/airflow/.local/lib/python3.6/site-packages/airflow/example_dags/example_xcomargs.py took 0.141 seconds
[2024-08-10 05:08:48,201] {scheduler_job.py:182} INFO - Started process (PID=61241) to work on /home/airflow/.local/lib/python3.6/site-packages/airflow/example_dags/example_xcomargs.py
[2024-08-10 05:08:48,202] {scheduler_job.py:629} INFO - Processing file /home/airflow/.local/lib/python3.6/site-packages/airflow/example_dags/example_xcomargs.py for tasks to queue
[2024-08-10 05:08:48,202] {logging_mixin.py:104} INFO - [2024-08-10 05:08:48,202] {dagbag.py:451} INFO - Filling up the DagBag from /home/airflow/.local/lib/python3.6/site-packages/airflow/example_dags/example_xcomargs.py
[2024-08-10 05:08:48,217] {scheduler_job.py:639} INFO - DAG(s) dict_keys(['example_xcom_args', 'example_xcom_args_with_operators']) retrieved from /home/airflow/.local/lib/python3.6/site-packages/airflow/example_dags/example_xcomargs.py
[2024-08-10 05:08:48,283] {logging_mixin.py:104} INFO - [2024-08-10 05:08:48,283] {dag.py:1824} INFO - Sync 2 DAGs
[2024-08-10 05:08:48,308] {logging_mixin.py:104} INFO - [2024-08-10 05:08:48,308] {dag.py:2280} INFO - Setting next_dagrun for example_xcom_args to None
[2024-08-10 05:08:48,312] {logging_mixin.py:104} INFO - [2024-08-10 05:08:48,312] {dag.py:2280} INFO - Setting next_dagrun for example_xcom_args_with_operators to None
[2024-08-10 05:08:48,330] {scheduler_job.py:190} INFO - Processing /home/airflow/.local/lib/python3.6/site-packages/airflow/example_dags/example_xcomargs.py took 0.135 seconds
[2024-08-10 05:18:29,923] {scheduler_job.py:182} INFO - Started process (PID=61270) to work on /home/airflow/.local/lib/python3.6/site-packages/airflow/example_dags/example_xcomargs.py
[2024-08-10 05:18:29,924] {scheduler_job.py:629} INFO - Processing file /home/airflow/.local/lib/python3.6/site-packages/airflow/example_dags/example_xcomargs.py for tasks to queue
[2024-08-10 05:18:29,924] {logging_mixin.py:104} INFO - [2024-08-10 05:18:29,924] {dagbag.py:451} INFO - Filling up the DagBag from /home/airflow/.local/lib/python3.6/site-packages/airflow/example_dags/example_xcomargs.py
[2024-08-10 05:18:29,932] {scheduler_job.py:639} INFO - DAG(s) dict_keys(['example_xcom_args', 'example_xcom_args_with_operators']) retrieved from /home/airflow/.local/lib/python3.6/site-packages/airflow/example_dags/example_xcomargs.py
[2024-08-10 05:18:29,997] {logging_mixin.py:104} INFO - [2024-08-10 05:18:29,997] {dag.py:1824} INFO - Sync 2 DAGs
[2024-08-10 05:18:30,019] {logging_mixin.py:104} INFO - [2024-08-10 05:18:30,019] {dag.py:2280} INFO - Setting next_dagrun for example_xcom_args to None
[2024-08-10 05:18:30,020] {logging_mixin.py:104} INFO - [2024-08-10 05:18:30,020] {dag.py:2280} INFO - Setting next_dagrun for example_xcom_args_with_operators to None
[2024-08-10 05:18:30,033] {scheduler_job.py:190} INFO - Processing /home/airflow/.local/lib/python3.6/site-packages/airflow/example_dags/example_xcomargs.py took 0.112 seconds
[2024-08-10 05:52:11,709] {scheduler_job.py:182} INFO - Started process (PID=61299) to work on /home/airflow/.local/lib/python3.6/site-packages/airflow/example_dags/example_xcomargs.py
[2024-08-10 05:52:11,710] {scheduler_job.py:629} INFO - Processing file /home/airflow/.local/lib/python3.6/site-packages/airflow/example_dags/example_xcomargs.py for tasks to queue
[2024-08-10 05:52:11,711] {logging_mixin.py:104} INFO - [2024-08-10 05:52:11,711] {dagbag.py:451} INFO - Filling up the DagBag from /home/airflow/.local/lib/python3.6/site-packages/airflow/example_dags/example_xcomargs.py
[2024-08-10 05:52:11,721] {scheduler_job.py:639} INFO - DAG(s) dict_keys(['example_xcom_args', 'example_xcom_args_with_operators']) retrieved from /home/airflow/.local/lib/python3.6/site-packages/airflow/example_dags/example_xcomargs.py
[2024-08-10 05:52:11,785] {logging_mixin.py:104} INFO - [2024-08-10 05:52:11,785] {dag.py:1824} INFO - Sync 2 DAGs
[2024-08-10 05:52:11,806] {logging_mixin.py:104} INFO - [2024-08-10 05:52:11,805] {dag.py:2280} INFO - Setting next_dagrun for example_xcom_args to None
[2024-08-10 05:52:11,808] {logging_mixin.py:104} INFO - [2024-08-10 05:52:11,808] {dag.py:2280} INFO - Setting next_dagrun for example_xcom_args_with_operators to None
[2024-08-10 05:52:11,822] {scheduler_job.py:190} INFO - Processing /home/airflow/.local/lib/python3.6/site-packages/airflow/example_dags/example_xcomargs.py took 0.115 seconds
[2024-08-10 06:01:21,235] {scheduler_job.py:182} INFO - Started process (PID=61328) to work on /home/airflow/.local/lib/python3.6/site-packages/airflow/example_dags/example_xcomargs.py
[2024-08-10 06:01:21,236] {scheduler_job.py:629} INFO - Processing file /home/airflow/.local/lib/python3.6/site-packages/airflow/example_dags/example_xcomargs.py for tasks to queue
[2024-08-10 06:01:21,236] {logging_mixin.py:104} INFO - [2024-08-10 06:01:21,236] {dagbag.py:451} INFO - Filling up the DagBag from /home/airflow/.local/lib/python3.6/site-packages/airflow/example_dags/example_xcomargs.py
[2024-08-10 06:01:21,245] {scheduler_job.py:639} INFO - DAG(s) dict_keys(['example_xcom_args', 'example_xcom_args_with_operators']) retrieved from /home/airflow/.local/lib/python3.6/site-packages/airflow/example_dags/example_xcomargs.py
[2024-08-10 06:01:21,309] {logging_mixin.py:104} INFO - [2024-08-10 06:01:21,309] {dag.py:1824} INFO - Sync 2 DAGs
[2024-08-10 06:01:21,331] {logging_mixin.py:104} INFO - [2024-08-10 06:01:21,331] {dag.py:2280} INFO - Setting next_dagrun for example_xcom_args to None
[2024-08-10 06:01:21,332] {logging_mixin.py:104} INFO - [2024-08-10 06:01:21,332] {dag.py:2280} INFO - Setting next_dagrun for example_xcom_args_with_operators to None
[2024-08-10 06:01:21,346] {scheduler_job.py:190} INFO - Processing /home/airflow/.local/lib/python3.6/site-packages/airflow/example_dags/example_xcomargs.py took 0.113 seconds
[2024-08-10 06:09:13,054] {scheduler_job.py:182} INFO - Started process (PID=61357) to work on /home/airflow/.local/lib/python3.6/site-packages/airflow/example_dags/example_xcomargs.py
[2024-08-10 06:09:13,054] {scheduler_job.py:629} INFO - Processing file /home/airflow/.local/lib/python3.6/site-packages/airflow/example_dags/example_xcomargs.py for tasks to queue
[2024-08-10 06:09:13,055] {logging_mixin.py:104} INFO - [2024-08-10 06:09:13,055] {dagbag.py:451} INFO - Filling up the DagBag from /home/airflow/.local/lib/python3.6/site-packages/airflow/example_dags/example_xcomargs.py
[2024-08-10 06:09:13,065] {scheduler_job.py:639} INFO - DAG(s) dict_keys(['example_xcom_args', 'example_xcom_args_with_operators']) retrieved from /home/airflow/.local/lib/python3.6/site-packages/airflow/example_dags/example_xcomargs.py
[2024-08-10 06:09:13,144] {logging_mixin.py:104} INFO - [2024-08-10 06:09:13,144] {dag.py:1824} INFO - Sync 2 DAGs
[2024-08-10 06:09:13,168] {logging_mixin.py:104} INFO - [2024-08-10 06:09:13,168] {dag.py:2280} INFO - Setting next_dagrun for example_xcom_args to None
[2024-08-10 06:09:13,168] {logging_mixin.py:104} INFO - [2024-08-10 06:09:13,168] {dag.py:2280} INFO - Setting next_dagrun for example_xcom_args_with_operators to None
[2024-08-10 06:09:13,181] {scheduler_job.py:190} INFO - Processing /home/airflow/.local/lib/python3.6/site-packages/airflow/example_dags/example_xcomargs.py took 0.130 seconds
[2024-08-10 06:09:44,548] {scheduler_job.py:182} INFO - Started process (PID=61395) to work on /home/airflow/.local/lib/python3.6/site-packages/airflow/example_dags/example_xcomargs.py
[2024-08-10 06:09:44,549] {scheduler_job.py:629} INFO - Processing file /home/airflow/.local/lib/python3.6/site-packages/airflow/example_dags/example_xcomargs.py for tasks to queue
[2024-08-10 06:09:44,550] {logging_mixin.py:104} INFO - [2024-08-10 06:09:44,550] {dagbag.py:451} INFO - Filling up the DagBag from /home/airflow/.local/lib/python3.6/site-packages/airflow/example_dags/example_xcomargs.py
[2024-08-10 06:09:44,557] {scheduler_job.py:639} INFO - DAG(s) dict_keys(['example_xcom_args', 'example_xcom_args_with_operators']) retrieved from /home/airflow/.local/lib/python3.6/site-packages/airflow/example_dags/example_xcomargs.py
[2024-08-10 06:09:44,616] {logging_mixin.py:104} INFO - [2024-08-10 06:09:44,616] {dag.py:1824} INFO - Sync 2 DAGs
[2024-08-10 06:09:44,636] {logging_mixin.py:104} INFO - [2024-08-10 06:09:44,636] {dag.py:2280} INFO - Setting next_dagrun for example_xcom_args to None
[2024-08-10 06:09:44,636] {logging_mixin.py:104} INFO - [2024-08-10 06:09:44,636] {dag.py:2280} INFO - Setting next_dagrun for example_xcom_args_with_operators to None
[2024-08-10 06:09:44,647] {scheduler_job.py:190} INFO - Processing /home/airflow/.local/lib/python3.6/site-packages/airflow/example_dags/example_xcomargs.py took 0.100 seconds
[2024-08-10 06:19:27,059] {scheduler_job.py:182} INFO - Started process (PID=61415) to work on /home/airflow/.local/lib/python3.6/site-packages/airflow/example_dags/example_xcomargs.py
[2024-08-10 06:19:27,061] {scheduler_job.py:629} INFO - Processing file /home/airflow/.local/lib/python3.6/site-packages/airflow/example_dags/example_xcomargs.py for tasks to queue
[2024-08-10 06:19:27,062] {logging_mixin.py:104} INFO - [2024-08-10 06:19:27,062] {dagbag.py:451} INFO - Filling up the DagBag from /home/airflow/.local/lib/python3.6/site-packages/airflow/example_dags/example_xcomargs.py
[2024-08-10 06:19:27,071] {scheduler_job.py:639} INFO - DAG(s) dict_keys(['example_xcom_args', 'example_xcom_args_with_operators']) retrieved from /home/airflow/.local/lib/python3.6/site-packages/airflow/example_dags/example_xcomargs.py
[2024-08-10 06:19:27,136] {logging_mixin.py:104} INFO - [2024-08-10 06:19:27,136] {dag.py:1824} INFO - Sync 2 DAGs
[2024-08-10 06:19:27,156] {logging_mixin.py:104} INFO - [2024-08-10 06:19:27,156] {dag.py:2280} INFO - Setting next_dagrun for example_xcom_args to None
[2024-08-10 06:19:27,157] {logging_mixin.py:104} INFO - [2024-08-10 06:19:27,157] {dag.py:2280} INFO - Setting next_dagrun for example_xcom_args_with_operators to None
[2024-08-10 06:19:27,176] {scheduler_job.py:190} INFO - Processing /home/airflow/.local/lib/python3.6/site-packages/airflow/example_dags/example_xcomargs.py took 0.119 seconds
[2024-08-10 06:53:15,879] {scheduler_job.py:182} INFO - Started process (PID=61444) to work on /home/airflow/.local/lib/python3.6/site-packages/airflow/example_dags/example_xcomargs.py
[2024-08-10 06:53:15,880] {scheduler_job.py:629} INFO - Processing file /home/airflow/.local/lib/python3.6/site-packages/airflow/example_dags/example_xcomargs.py for tasks to queue
[2024-08-10 06:53:15,880] {logging_mixin.py:104} INFO - [2024-08-10 06:53:15,880] {dagbag.py:451} INFO - Filling up the DagBag from /home/airflow/.local/lib/python3.6/site-packages/airflow/example_dags/example_xcomargs.py
[2024-08-10 06:53:15,890] {scheduler_job.py:639} INFO - DAG(s) dict_keys(['example_xcom_args', 'example_xcom_args_with_operators']) retrieved from /home/airflow/.local/lib/python3.6/site-packages/airflow/example_dags/example_xcomargs.py
[2024-08-10 06:53:15,964] {logging_mixin.py:104} INFO - [2024-08-10 06:53:15,964] {dag.py:1824} INFO - Sync 2 DAGs
[2024-08-10 06:53:15,987] {logging_mixin.py:104} INFO - [2024-08-10 06:53:15,987] {dag.py:2280} INFO - Setting next_dagrun for example_xcom_args to None
[2024-08-10 06:53:15,989] {logging_mixin.py:104} INFO - [2024-08-10 06:53:15,989] {dag.py:2280} INFO - Setting next_dagrun for example_xcom_args_with_operators to None
[2024-08-10 06:53:16,004] {scheduler_job.py:190} INFO - Processing /home/airflow/.local/lib/python3.6/site-packages/airflow/example_dags/example_xcomargs.py took 0.127 seconds
[2024-08-10 07:20:24,502] {scheduler_job.py:182} INFO - Started process (PID=61473) to work on /home/airflow/.local/lib/python3.6/site-packages/airflow/example_dags/example_xcomargs.py
[2024-08-10 07:20:24,503] {scheduler_job.py:629} INFO - Processing file /home/airflow/.local/lib/python3.6/site-packages/airflow/example_dags/example_xcomargs.py for tasks to queue
[2024-08-10 07:20:24,503] {logging_mixin.py:104} INFO - [2024-08-10 07:20:24,503] {dagbag.py:451} INFO - Filling up the DagBag from /home/airflow/.local/lib/python3.6/site-packages/airflow/example_dags/example_xcomargs.py
[2024-08-10 07:20:24,512] {scheduler_job.py:639} INFO - DAG(s) dict_keys(['example_xcom_args', 'example_xcom_args_with_operators']) retrieved from /home/airflow/.local/lib/python3.6/site-packages/airflow/example_dags/example_xcomargs.py
[2024-08-10 07:20:24,608] {logging_mixin.py:104} INFO - [2024-08-10 07:20:24,608] {dag.py:1824} INFO - Sync 2 DAGs
[2024-08-10 07:20:24,635] {logging_mixin.py:104} INFO - [2024-08-10 07:20:24,635] {dag.py:2280} INFO - Setting next_dagrun for example_xcom_args to None
[2024-08-10 07:20:24,638] {logging_mixin.py:104} INFO - [2024-08-10 07:20:24,638] {dag.py:2280} INFO - Setting next_dagrun for example_xcom_args_with_operators to None
[2024-08-10 07:20:24,652] {scheduler_job.py:190} INFO - Processing /home/airflow/.local/lib/python3.6/site-packages/airflow/example_dags/example_xcomargs.py took 0.152 seconds
[2024-08-10 07:36:32,603] {scheduler_job.py:182} INFO - Started process (PID=61502) to work on /home/airflow/.local/lib/python3.6/site-packages/airflow/example_dags/example_xcomargs.py
[2024-08-10 07:36:32,605] {scheduler_job.py:629} INFO - Processing file /home/airflow/.local/lib/python3.6/site-packages/airflow/example_dags/example_xcomargs.py for tasks to queue
[2024-08-10 07:36:32,606] {logging_mixin.py:104} INFO - [2024-08-10 07:36:32,606] {dagbag.py:451} INFO - Filling up the DagBag from /home/airflow/.local/lib/python3.6/site-packages/airflow/example_dags/example_xcomargs.py
[2024-08-10 07:36:32,622] {scheduler_job.py:639} INFO - DAG(s) dict_keys(['example_xcom_args', 'example_xcom_args_with_operators']) retrieved from /home/airflow/.local/lib/python3.6/site-packages/airflow/example_dags/example_xcomargs.py
[2024-08-10 07:36:32,695] {logging_mixin.py:104} INFO - [2024-08-10 07:36:32,693] {dag.py:1824} INFO - Sync 2 DAGs
[2024-08-10 07:36:32,723] {logging_mixin.py:104} INFO - [2024-08-10 07:36:32,723] {dag.py:2280} INFO - Setting next_dagrun for example_xcom_args to None
[2024-08-10 07:36:32,724] {logging_mixin.py:104} INFO - [2024-08-10 07:36:32,723] {dag.py:2280} INFO - Setting next_dagrun for example_xcom_args_with_operators to None
[2024-08-10 07:36:32,737] {scheduler_job.py:190} INFO - Processing /home/airflow/.local/lib/python3.6/site-packages/airflow/example_dags/example_xcomargs.py took 0.136 seconds
[2024-08-10 07:40:23,851] {scheduler_job.py:182} INFO - Started process (PID=61531) to work on /home/airflow/.local/lib/python3.6/site-packages/airflow/example_dags/example_xcomargs.py
[2024-08-10 07:40:23,852] {scheduler_job.py:629} INFO - Processing file /home/airflow/.local/lib/python3.6/site-packages/airflow/example_dags/example_xcomargs.py for tasks to queue
[2024-08-10 07:40:23,853] {logging_mixin.py:104} INFO - [2024-08-10 07:40:23,853] {dagbag.py:451} INFO - Filling up the DagBag from /home/airflow/.local/lib/python3.6/site-packages/airflow/example_dags/example_xcomargs.py
[2024-08-10 07:40:23,862] {scheduler_job.py:639} INFO - DAG(s) dict_keys(['example_xcom_args', 'example_xcom_args_with_operators']) retrieved from /home/airflow/.local/lib/python3.6/site-packages/airflow/example_dags/example_xcomargs.py
[2024-08-10 07:40:23,935] {logging_mixin.py:104} INFO - [2024-08-10 07:40:23,935] {dag.py:1824} INFO - Sync 2 DAGs
[2024-08-10 07:40:23,958] {logging_mixin.py:104} INFO - [2024-08-10 07:40:23,958] {dag.py:2280} INFO - Setting next_dagrun for example_xcom_args to None
[2024-08-10 07:40:23,959] {logging_mixin.py:104} INFO - [2024-08-10 07:40:23,959] {dag.py:2280} INFO - Setting next_dagrun for example_xcom_args_with_operators to None
[2024-08-10 07:40:23,971] {scheduler_job.py:190} INFO - Processing /home/airflow/.local/lib/python3.6/site-packages/airflow/example_dags/example_xcomargs.py took 0.122 seconds
[2024-08-10 08:13:24,387] {scheduler_job.py:182} INFO - Started process (PID=61560) to work on /home/airflow/.local/lib/python3.6/site-packages/airflow/example_dags/example_xcomargs.py
[2024-08-10 08:13:24,388] {scheduler_job.py:629} INFO - Processing file /home/airflow/.local/lib/python3.6/site-packages/airflow/example_dags/example_xcomargs.py for tasks to queue
[2024-08-10 08:13:24,388] {logging_mixin.py:104} INFO - [2024-08-10 08:13:24,388] {dagbag.py:451} INFO - Filling up the DagBag from /home/airflow/.local/lib/python3.6/site-packages/airflow/example_dags/example_xcomargs.py
[2024-08-10 08:13:24,397] {scheduler_job.py:639} INFO - DAG(s) dict_keys(['example_xcom_args', 'example_xcom_args_with_operators']) retrieved from /home/airflow/.local/lib/python3.6/site-packages/airflow/example_dags/example_xcomargs.py
[2024-08-10 08:13:24,462] {logging_mixin.py:104} INFO - [2024-08-10 08:13:24,462] {dag.py:1824} INFO - Sync 2 DAGs
[2024-08-10 08:13:24,487] {logging_mixin.py:104} INFO - [2024-08-10 08:13:24,487] {dag.py:2280} INFO - Setting next_dagrun for example_xcom_args to None
[2024-08-10 08:13:24,488] {logging_mixin.py:104} INFO - [2024-08-10 08:13:24,488] {dag.py:2280} INFO - Setting next_dagrun for example_xcom_args_with_operators to None
[2024-08-10 08:13:24,504] {scheduler_job.py:190} INFO - Processing /home/airflow/.local/lib/python3.6/site-packages/airflow/example_dags/example_xcomargs.py took 0.119 seconds
[2024-08-10 08:16:04,367] {scheduler_job.py:182} INFO - Started process (PID=61589) to work on /home/airflow/.local/lib/python3.6/site-packages/airflow/example_dags/example_xcomargs.py
[2024-08-10 08:16:04,370] {scheduler_job.py:629} INFO - Processing file /home/airflow/.local/lib/python3.6/site-packages/airflow/example_dags/example_xcomargs.py for tasks to queue
[2024-08-10 08:16:04,371] {logging_mixin.py:104} INFO - [2024-08-10 08:16:04,371] {dagbag.py:451} INFO - Filling up the DagBag from /home/airflow/.local/lib/python3.6/site-packages/airflow/example_dags/example_xcomargs.py
[2024-08-10 08:16:04,389] {scheduler_job.py:639} INFO - DAG(s) dict_keys(['example_xcom_args', 'example_xcom_args_with_operators']) retrieved from /home/airflow/.local/lib/python3.6/site-packages/airflow/example_dags/example_xcomargs.py
[2024-08-10 08:16:04,514] {logging_mixin.py:104} INFO - [2024-08-10 08:16:04,514] {dag.py:1824} INFO - Sync 2 DAGs
[2024-08-10 08:16:04,553] {logging_mixin.py:104} INFO - [2024-08-10 08:16:04,553] {dag.py:2280} INFO - Setting next_dagrun for example_xcom_args to None
[2024-08-10 08:16:04,554] {logging_mixin.py:104} INFO - [2024-08-10 08:16:04,554] {dag.py:2280} INFO - Setting next_dagrun for example_xcom_args_with_operators to None
[2024-08-10 08:16:04,579] {scheduler_job.py:190} INFO - Processing /home/airflow/.local/lib/python3.6/site-packages/airflow/example_dags/example_xcomargs.py took 0.215 seconds
[2024-08-10 08:16:36,018] {scheduler_job.py:182} INFO - Started process (PID=61627) to work on /home/airflow/.local/lib/python3.6/site-packages/airflow/example_dags/example_xcomargs.py
[2024-08-10 08:16:36,019] {scheduler_job.py:629} INFO - Processing file /home/airflow/.local/lib/python3.6/site-packages/airflow/example_dags/example_xcomargs.py for tasks to queue
[2024-08-10 08:16:36,019] {logging_mixin.py:104} INFO - [2024-08-10 08:16:36,019] {dagbag.py:451} INFO - Filling up the DagBag from /home/airflow/.local/lib/python3.6/site-packages/airflow/example_dags/example_xcomargs.py
[2024-08-10 08:16:36,027] {scheduler_job.py:639} INFO - DAG(s) dict_keys(['example_xcom_args', 'example_xcom_args_with_operators']) retrieved from /home/airflow/.local/lib/python3.6/site-packages/airflow/example_dags/example_xcomargs.py
[2024-08-10 08:16:36,087] {logging_mixin.py:104} INFO - [2024-08-10 08:16:36,087] {dag.py:1824} INFO - Sync 2 DAGs
[2024-08-10 08:16:36,105] {logging_mixin.py:104} INFO - [2024-08-10 08:16:36,105] {dag.py:2280} INFO - Setting next_dagrun for example_xcom_args to None
[2024-08-10 08:16:36,106] {logging_mixin.py:104} INFO - [2024-08-10 08:16:36,106] {dag.py:2280} INFO - Setting next_dagrun for example_xcom_args_with_operators to None
[2024-08-10 08:16:36,118] {scheduler_job.py:190} INFO - Processing /home/airflow/.local/lib/python3.6/site-packages/airflow/example_dags/example_xcomargs.py took 0.102 seconds
[2024-08-10 08:17:06,731] {scheduler_job.py:182} INFO - Started process (PID=61656) to work on /home/airflow/.local/lib/python3.6/site-packages/airflow/example_dags/example_xcomargs.py
[2024-08-10 08:17:06,732] {scheduler_job.py:629} INFO - Processing file /home/airflow/.local/lib/python3.6/site-packages/airflow/example_dags/example_xcomargs.py for tasks to queue
[2024-08-10 08:17:06,732] {logging_mixin.py:104} INFO - [2024-08-10 08:17:06,732] {dagbag.py:451} INFO - Filling up the DagBag from /home/airflow/.local/lib/python3.6/site-packages/airflow/example_dags/example_xcomargs.py
[2024-08-10 08:17:06,740] {scheduler_job.py:639} INFO - DAG(s) dict_keys(['example_xcom_args', 'example_xcom_args_with_operators']) retrieved from /home/airflow/.local/lib/python3.6/site-packages/airflow/example_dags/example_xcomargs.py
[2024-08-10 08:17:06,804] {logging_mixin.py:104} INFO - [2024-08-10 08:17:06,804] {dag.py:1824} INFO - Sync 2 DAGs
[2024-08-10 08:17:06,822] {logging_mixin.py:104} INFO - [2024-08-10 08:17:06,822] {dag.py:2280} INFO - Setting next_dagrun for example_xcom_args to None
[2024-08-10 08:17:06,823] {logging_mixin.py:104} INFO - [2024-08-10 08:17:06,823] {dag.py:2280} INFO - Setting next_dagrun for example_xcom_args_with_operators to None
[2024-08-10 08:17:06,835] {scheduler_job.py:190} INFO - Processing /home/airflow/.local/lib/python3.6/site-packages/airflow/example_dags/example_xcomargs.py took 0.106 seconds
[2024-08-10 08:17:37,642] {scheduler_job.py:182} INFO - Started process (PID=61685) to work on /home/airflow/.local/lib/python3.6/site-packages/airflow/example_dags/example_xcomargs.py
[2024-08-10 08:17:37,642] {scheduler_job.py:629} INFO - Processing file /home/airflow/.local/lib/python3.6/site-packages/airflow/example_dags/example_xcomargs.py for tasks to queue
[2024-08-10 08:17:37,643] {logging_mixin.py:104} INFO - [2024-08-10 08:17:37,643] {dagbag.py:451} INFO - Filling up the DagBag from /home/airflow/.local/lib/python3.6/site-packages/airflow/example_dags/example_xcomargs.py
[2024-08-10 08:17:37,651] {scheduler_job.py:639} INFO - DAG(s) dict_keys(['example_xcom_args', 'example_xcom_args_with_operators']) retrieved from /home/airflow/.local/lib/python3.6/site-packages/airflow/example_dags/example_xcomargs.py
[2024-08-10 08:17:37,713] {logging_mixin.py:104} INFO - [2024-08-10 08:17:37,713] {dag.py:1824} INFO - Sync 2 DAGs
[2024-08-10 08:17:37,733] {logging_mixin.py:104} INFO - [2024-08-10 08:17:37,732] {dag.py:2280} INFO - Setting next_dagrun for example_xcom_args to None
[2024-08-10 08:17:37,733] {logging_mixin.py:104} INFO - [2024-08-10 08:17:37,733] {dag.py:2280} INFO - Setting next_dagrun for example_xcom_args_with_operators to None
[2024-08-10 08:17:37,746] {scheduler_job.py:190} INFO - Processing /home/airflow/.local/lib/python3.6/site-packages/airflow/example_dags/example_xcomargs.py took 0.106 seconds
[2024-08-10 08:18:08,380] {scheduler_job.py:182} INFO - Started process (PID=61714) to work on /home/airflow/.local/lib/python3.6/site-packages/airflow/example_dags/example_xcomargs.py
[2024-08-10 08:18:08,381] {scheduler_job.py:629} INFO - Processing file /home/airflow/.local/lib/python3.6/site-packages/airflow/example_dags/example_xcomargs.py for tasks to queue
[2024-08-10 08:18:08,381] {logging_mixin.py:104} INFO - [2024-08-10 08:18:08,381] {dagbag.py:451} INFO - Filling up the DagBag from /home/airflow/.local/lib/python3.6/site-packages/airflow/example_dags/example_xcomargs.py
[2024-08-10 08:18:08,390] {scheduler_job.py:639} INFO - DAG(s) dict_keys(['example_xcom_args', 'example_xcom_args_with_operators']) retrieved from /home/airflow/.local/lib/python3.6/site-packages/airflow/example_dags/example_xcomargs.py
[2024-08-10 08:18:08,456] {logging_mixin.py:104} INFO - [2024-08-10 08:18:08,456] {dag.py:1824} INFO - Sync 2 DAGs
[2024-08-10 08:18:08,511] {logging_mixin.py:104} INFO - [2024-08-10 08:18:08,511] {dag.py:2280} INFO - Setting next_dagrun for example_xcom_args to None
[2024-08-10 08:18:08,511] {logging_mixin.py:104} INFO - [2024-08-10 08:18:08,511] {dag.py:2280} INFO - Setting next_dagrun for example_xcom_args_with_operators to None
[2024-08-10 08:18:08,527] {scheduler_job.py:190} INFO - Processing /home/airflow/.local/lib/python3.6/site-packages/airflow/example_dags/example_xcomargs.py took 0.149 seconds
[2024-08-10 08:18:39,260] {scheduler_job.py:182} INFO - Started process (PID=61743) to work on /home/airflow/.local/lib/python3.6/site-packages/airflow/example_dags/example_xcomargs.py
[2024-08-10 08:18:39,261] {scheduler_job.py:629} INFO - Processing file /home/airflow/.local/lib/python3.6/site-packages/airflow/example_dags/example_xcomargs.py for tasks to queue
[2024-08-10 08:18:39,261] {logging_mixin.py:104} INFO - [2024-08-10 08:18:39,261] {dagbag.py:451} INFO - Filling up the DagBag from /home/airflow/.local/lib/python3.6/site-packages/airflow/example_dags/example_xcomargs.py
[2024-08-10 08:18:39,269] {scheduler_job.py:639} INFO - DAG(s) dict_keys(['example_xcom_args', 'example_xcom_args_with_operators']) retrieved from /home/airflow/.local/lib/python3.6/site-packages/airflow/example_dags/example_xcomargs.py
[2024-08-10 08:18:39,330] {logging_mixin.py:104} INFO - [2024-08-10 08:18:39,330] {dag.py:1824} INFO - Sync 2 DAGs
[2024-08-10 08:18:39,349] {logging_mixin.py:104} INFO - [2024-08-10 08:18:39,349] {dag.py:2280} INFO - Setting next_dagrun for example_xcom_args to None
[2024-08-10 08:18:39,350] {logging_mixin.py:104} INFO - [2024-08-10 08:18:39,350] {dag.py:2280} INFO - Setting next_dagrun for example_xcom_args_with_operators to None
[2024-08-10 08:18:39,362] {scheduler_job.py:190} INFO - Processing /home/airflow/.local/lib/python3.6/site-packages/airflow/example_dags/example_xcomargs.py took 0.104 seconds
[2024-08-10 08:19:09,955] {scheduler_job.py:182} INFO - Started process (PID=61772) to work on /home/airflow/.local/lib/python3.6/site-packages/airflow/example_dags/example_xcomargs.py
[2024-08-10 08:19:09,955] {scheduler_job.py:629} INFO - Processing file /home/airflow/.local/lib/python3.6/site-packages/airflow/example_dags/example_xcomargs.py for tasks to queue
[2024-08-10 08:19:09,956] {logging_mixin.py:104} INFO - [2024-08-10 08:19:09,956] {dagbag.py:451} INFO - Filling up the DagBag from /home/airflow/.local/lib/python3.6/site-packages/airflow/example_dags/example_xcomargs.py
[2024-08-10 08:19:09,963] {scheduler_job.py:639} INFO - DAG(s) dict_keys(['example_xcom_args', 'example_xcom_args_with_operators']) retrieved from /home/airflow/.local/lib/python3.6/site-packages/airflow/example_dags/example_xcomargs.py
[2024-08-10 08:19:10,023] {logging_mixin.py:104} INFO - [2024-08-10 08:19:10,023] {dag.py:1824} INFO - Sync 2 DAGs
[2024-08-10 08:19:10,042] {logging_mixin.py:104} INFO - [2024-08-10 08:19:10,042] {dag.py:2280} INFO - Setting next_dagrun for example_xcom_args to None
[2024-08-10 08:19:10,042] {logging_mixin.py:104} INFO - [2024-08-10 08:19:10,042] {dag.py:2280} INFO - Setting next_dagrun for example_xcom_args_with_operators to None
[2024-08-10 08:19:10,054] {scheduler_job.py:190} INFO - Processing /home/airflow/.local/lib/python3.6/site-packages/airflow/example_dags/example_xcomargs.py took 0.101 seconds
[2024-08-10 08:19:40,668] {scheduler_job.py:182} INFO - Started process (PID=61801) to work on /home/airflow/.local/lib/python3.6/site-packages/airflow/example_dags/example_xcomargs.py
[2024-08-10 08:19:40,668] {scheduler_job.py:629} INFO - Processing file /home/airflow/.local/lib/python3.6/site-packages/airflow/example_dags/example_xcomargs.py for tasks to queue
[2024-08-10 08:19:40,669] {logging_mixin.py:104} INFO - [2024-08-10 08:19:40,669] {dagbag.py:451} INFO - Filling up the DagBag from /home/airflow/.local/lib/python3.6/site-packages/airflow/example_dags/example_xcomargs.py
[2024-08-10 08:19:40,677] {scheduler_job.py:639} INFO - DAG(s) dict_keys(['example_xcom_args', 'example_xcom_args_with_operators']) retrieved from /home/airflow/.local/lib/python3.6/site-packages/airflow/example_dags/example_xcomargs.py
[2024-08-10 08:19:40,738] {logging_mixin.py:104} INFO - [2024-08-10 08:19:40,738] {dag.py:1824} INFO - Sync 2 DAGs
[2024-08-10 08:19:40,757] {logging_mixin.py:104} INFO - [2024-08-10 08:19:40,757] {dag.py:2280} INFO - Setting next_dagrun for example_xcom_args to None
[2024-08-10 08:19:40,757] {logging_mixin.py:104} INFO - [2024-08-10 08:19:40,757] {dag.py:2280} INFO - Setting next_dagrun for example_xcom_args_with_operators to None
[2024-08-10 08:19:40,771] {scheduler_job.py:190} INFO - Processing /home/airflow/.local/lib/python3.6/site-packages/airflow/example_dags/example_xcomargs.py took 0.105 seconds
[2024-08-10 08:20:11,514] {scheduler_job.py:182} INFO - Started process (PID=61830) to work on /home/airflow/.local/lib/python3.6/site-packages/airflow/example_dags/example_xcomargs.py
[2024-08-10 08:20:11,514] {scheduler_job.py:629} INFO - Processing file /home/airflow/.local/lib/python3.6/site-packages/airflow/example_dags/example_xcomargs.py for tasks to queue
[2024-08-10 08:20:11,515] {logging_mixin.py:104} INFO - [2024-08-10 08:20:11,515] {dagbag.py:451} INFO - Filling up the DagBag from /home/airflow/.local/lib/python3.6/site-packages/airflow/example_dags/example_xcomargs.py
[2024-08-10 08:20:11,523] {scheduler_job.py:639} INFO - DAG(s) dict_keys(['example_xcom_args', 'example_xcom_args_with_operators']) retrieved from /home/airflow/.local/lib/python3.6/site-packages/airflow/example_dags/example_xcomargs.py
[2024-08-10 08:20:11,583] {logging_mixin.py:104} INFO - [2024-08-10 08:20:11,583] {dag.py:1824} INFO - Sync 2 DAGs
[2024-08-10 08:20:11,601] {logging_mixin.py:104} INFO - [2024-08-10 08:20:11,601] {dag.py:2280} INFO - Setting next_dagrun for example_xcom_args to None
[2024-08-10 08:20:11,602] {logging_mixin.py:104} INFO - [2024-08-10 08:20:11,602] {dag.py:2280} INFO - Setting next_dagrun for example_xcom_args_with_operators to None
[2024-08-10 08:20:11,615] {scheduler_job.py:190} INFO - Processing /home/airflow/.local/lib/python3.6/site-packages/airflow/example_dags/example_xcomargs.py took 0.102 seconds
[2024-08-10 08:20:42,236] {scheduler_job.py:182} INFO - Started process (PID=61859) to work on /home/airflow/.local/lib/python3.6/site-packages/airflow/example_dags/example_xcomargs.py
[2024-08-10 08:20:42,238] {scheduler_job.py:629} INFO - Processing file /home/airflow/.local/lib/python3.6/site-packages/airflow/example_dags/example_xcomargs.py for tasks to queue
[2024-08-10 08:20:42,239] {logging_mixin.py:104} INFO - [2024-08-10 08:20:42,239] {dagbag.py:451} INFO - Filling up the DagBag from /home/airflow/.local/lib/python3.6/site-packages/airflow/example_dags/example_xcomargs.py
[2024-08-10 08:20:42,247] {scheduler_job.py:639} INFO - DAG(s) dict_keys(['example_xcom_args', 'example_xcom_args_with_operators']) retrieved from /home/airflow/.local/lib/python3.6/site-packages/airflow/example_dags/example_xcomargs.py
[2024-08-10 08:20:42,307] {logging_mixin.py:104} INFO - [2024-08-10 08:20:42,307] {dag.py:1824} INFO - Sync 2 DAGs
[2024-08-10 08:20:42,325] {logging_mixin.py:104} INFO - [2024-08-10 08:20:42,325] {dag.py:2280} INFO - Setting next_dagrun for example_xcom_args to None
[2024-08-10 08:20:42,326] {logging_mixin.py:104} INFO - [2024-08-10 08:20:42,326] {dag.py:2280} INFO - Setting next_dagrun for example_xcom_args_with_operators to None
[2024-08-10 08:20:42,338] {scheduler_job.py:190} INFO - Processing /home/airflow/.local/lib/python3.6/site-packages/airflow/example_dags/example_xcomargs.py took 0.103 seconds
[2024-08-10 08:21:12,970] {scheduler_job.py:182} INFO - Started process (PID=61888) to work on /home/airflow/.local/lib/python3.6/site-packages/airflow/example_dags/example_xcomargs.py
[2024-08-10 08:21:12,971] {scheduler_job.py:629} INFO - Processing file /home/airflow/.local/lib/python3.6/site-packages/airflow/example_dags/example_xcomargs.py for tasks to queue
[2024-08-10 08:21:12,972] {logging_mixin.py:104} INFO - [2024-08-10 08:21:12,972] {dagbag.py:451} INFO - Filling up the DagBag from /home/airflow/.local/lib/python3.6/site-packages/airflow/example_dags/example_xcomargs.py
[2024-08-10 08:21:12,980] {scheduler_job.py:639} INFO - DAG(s) dict_keys(['example_xcom_args', 'example_xcom_args_with_operators']) retrieved from /home/airflow/.local/lib/python3.6/site-packages/airflow/example_dags/example_xcomargs.py
[2024-08-10 08:21:13,041] {logging_mixin.py:104} INFO - [2024-08-10 08:21:13,041] {dag.py:1824} INFO - Sync 2 DAGs
[2024-08-10 08:21:13,059] {logging_mixin.py:104} INFO - [2024-08-10 08:21:13,059] {dag.py:2280} INFO - Setting next_dagrun for example_xcom_args to None
[2024-08-10 08:21:13,060] {logging_mixin.py:104} INFO - [2024-08-10 08:21:13,060] {dag.py:2280} INFO - Setting next_dagrun for example_xcom_args_with_operators to None
[2024-08-10 08:21:13,072] {scheduler_job.py:190} INFO - Processing /home/airflow/.local/lib/python3.6/site-packages/airflow/example_dags/example_xcomargs.py took 0.104 seconds
[2024-08-10 08:21:43,746] {scheduler_job.py:182} INFO - Started process (PID=61917) to work on /home/airflow/.local/lib/python3.6/site-packages/airflow/example_dags/example_xcomargs.py
[2024-08-10 08:21:43,747] {scheduler_job.py:629} INFO - Processing file /home/airflow/.local/lib/python3.6/site-packages/airflow/example_dags/example_xcomargs.py for tasks to queue
[2024-08-10 08:21:43,748] {logging_mixin.py:104} INFO - [2024-08-10 08:21:43,748] {dagbag.py:451} INFO - Filling up the DagBag from /home/airflow/.local/lib/python3.6/site-packages/airflow/example_dags/example_xcomargs.py
[2024-08-10 08:21:43,756] {scheduler_job.py:639} INFO - DAG(s) dict_keys(['example_xcom_args', 'example_xcom_args_with_operators']) retrieved from /home/airflow/.local/lib/python3.6/site-packages/airflow/example_dags/example_xcomargs.py
[2024-08-10 08:21:43,819] {logging_mixin.py:104} INFO - [2024-08-10 08:21:43,819] {dag.py:1824} INFO - Sync 2 DAGs
[2024-08-10 08:21:43,839] {logging_mixin.py:104} INFO - [2024-08-10 08:21:43,839] {dag.py:2280} INFO - Setting next_dagrun for example_xcom_args to None
[2024-08-10 08:21:43,840] {logging_mixin.py:104} INFO - [2024-08-10 08:21:43,840] {dag.py:2280} INFO - Setting next_dagrun for example_xcom_args_with_operators to None
[2024-08-10 08:21:43,852] {scheduler_job.py:190} INFO - Processing /home/airflow/.local/lib/python3.6/site-packages/airflow/example_dags/example_xcomargs.py took 0.107 seconds
[2024-08-10 08:22:14,546] {scheduler_job.py:182} INFO - Started process (PID=61946) to work on /home/airflow/.local/lib/python3.6/site-packages/airflow/example_dags/example_xcomargs.py
[2024-08-10 08:22:14,547] {scheduler_job.py:629} INFO - Processing file /home/airflow/.local/lib/python3.6/site-packages/airflow/example_dags/example_xcomargs.py for tasks to queue
[2024-08-10 08:22:14,547] {logging_mixin.py:104} INFO - [2024-08-10 08:22:14,547] {dagbag.py:451} INFO - Filling up the DagBag from /home/airflow/.local/lib/python3.6/site-packages/airflow/example_dags/example_xcomargs.py
[2024-08-10 08:22:14,556] {scheduler_job.py:639} INFO - DAG(s) dict_keys(['example_xcom_args', 'example_xcom_args_with_operators']) retrieved from /home/airflow/.local/lib/python3.6/site-packages/airflow/example_dags/example_xcomargs.py
[2024-08-10 08:22:14,620] {logging_mixin.py:104} INFO - [2024-08-10 08:22:14,620] {dag.py:1824} INFO - Sync 2 DAGs
[2024-08-10 08:22:14,642] {logging_mixin.py:104} INFO - [2024-08-10 08:22:14,642] {dag.py:2280} INFO - Setting next_dagrun for example_xcom_args to None
[2024-08-10 08:22:14,643] {logging_mixin.py:104} INFO - [2024-08-10 08:22:14,643] {dag.py:2280} INFO - Setting next_dagrun for example_xcom_args_with_operators to None
[2024-08-10 08:22:14,658] {scheduler_job.py:190} INFO - Processing /home/airflow/.local/lib/python3.6/site-packages/airflow/example_dags/example_xcomargs.py took 0.114 seconds
[2024-08-10 08:22:45,319] {scheduler_job.py:182} INFO - Started process (PID=61975) to work on /home/airflow/.local/lib/python3.6/site-packages/airflow/example_dags/example_xcomargs.py
[2024-08-10 08:22:45,320] {scheduler_job.py:629} INFO - Processing file /home/airflow/.local/lib/python3.6/site-packages/airflow/example_dags/example_xcomargs.py for tasks to queue
[2024-08-10 08:22:45,323] {logging_mixin.py:104} INFO - [2024-08-10 08:22:45,323] {dagbag.py:451} INFO - Filling up the DagBag from /home/airflow/.local/lib/python3.6/site-packages/airflow/example_dags/example_xcomargs.py
[2024-08-10 08:22:45,331] {scheduler_job.py:639} INFO - DAG(s) dict_keys(['example_xcom_args', 'example_xcom_args_with_operators']) retrieved from /home/airflow/.local/lib/python3.6/site-packages/airflow/example_dags/example_xcomargs.py
[2024-08-10 08:22:45,393] {logging_mixin.py:104} INFO - [2024-08-10 08:22:45,393] {dag.py:1824} INFO - Sync 2 DAGs
[2024-08-10 08:22:45,413] {logging_mixin.py:104} INFO - [2024-08-10 08:22:45,413] {dag.py:2280} INFO - Setting next_dagrun for example_xcom_args to None
[2024-08-10 08:22:45,413] {logging_mixin.py:104} INFO - [2024-08-10 08:22:45,413] {dag.py:2280} INFO - Setting next_dagrun for example_xcom_args_with_operators to None
[2024-08-10 08:22:45,427] {scheduler_job.py:190} INFO - Processing /home/airflow/.local/lib/python3.6/site-packages/airflow/example_dags/example_xcomargs.py took 0.110 seconds
[2024-08-10 19:59:44,859] {scheduler_job.py:182} INFO - Started process (PID=56) to work on /home/airflow/.local/lib/python3.6/site-packages/airflow/example_dags/example_xcomargs.py
[2024-08-10 19:59:44,860] {scheduler_job.py:629} INFO - Processing file /home/airflow/.local/lib/python3.6/site-packages/airflow/example_dags/example_xcomargs.py for tasks to queue
[2024-08-10 19:59:44,860] {logging_mixin.py:104} INFO - [2024-08-10 19:59:44,860] {dagbag.py:451} INFO - Filling up the DagBag from /home/airflow/.local/lib/python3.6/site-packages/airflow/example_dags/example_xcomargs.py
[2024-08-10 19:59:44,871] {scheduler_job.py:639} INFO - DAG(s) dict_keys(['example_xcom_args', 'example_xcom_args_with_operators']) retrieved from /home/airflow/.local/lib/python3.6/site-packages/airflow/example_dags/example_xcomargs.py
[2024-08-10 19:59:44,937] {logging_mixin.py:104} INFO - [2024-08-10 19:59:44,937] {dag.py:1824} INFO - Sync 2 DAGs
[2024-08-10 19:59:44,957] {logging_mixin.py:104} INFO - [2024-08-10 19:59:44,957] {dag.py:2280} INFO - Setting next_dagrun for example_xcom_args to None
[2024-08-10 19:59:44,958] {logging_mixin.py:104} INFO - [2024-08-10 19:59:44,958] {dag.py:2280} INFO - Setting next_dagrun for example_xcom_args_with_operators to None
[2024-08-10 19:59:44,970] {scheduler_job.py:190} INFO - Processing /home/airflow/.local/lib/python3.6/site-packages/airflow/example_dags/example_xcomargs.py took 0.113 seconds
[2024-08-10 20:00:15,262] {scheduler_job.py:182} INFO - Started process (PID=79) to work on /home/airflow/.local/lib/python3.6/site-packages/airflow/example_dags/example_xcomargs.py
[2024-08-10 20:00:15,262] {scheduler_job.py:629} INFO - Processing file /home/airflow/.local/lib/python3.6/site-packages/airflow/example_dags/example_xcomargs.py for tasks to queue
[2024-08-10 20:00:15,262] {logging_mixin.py:104} INFO - [2024-08-10 20:00:15,262] {dagbag.py:451} INFO - Filling up the DagBag from /home/airflow/.local/lib/python3.6/site-packages/airflow/example_dags/example_xcomargs.py
[2024-08-10 20:00:15,270] {scheduler_job.py:639} INFO - DAG(s) dict_keys(['example_xcom_args', 'example_xcom_args_with_operators']) retrieved from /home/airflow/.local/lib/python3.6/site-packages/airflow/example_dags/example_xcomargs.py
[2024-08-10 20:00:15,335] {logging_mixin.py:104} INFO - [2024-08-10 20:00:15,335] {dag.py:1824} INFO - Sync 2 DAGs
[2024-08-10 20:00:15,357] {logging_mixin.py:104} INFO - [2024-08-10 20:00:15,356] {dag.py:2280} INFO - Setting next_dagrun for example_xcom_args to None
[2024-08-10 20:00:15,357] {logging_mixin.py:104} INFO - [2024-08-10 20:00:15,357] {dag.py:2280} INFO - Setting next_dagrun for example_xcom_args_with_operators to None
[2024-08-10 20:00:15,376] {scheduler_job.py:190} INFO - Processing /home/airflow/.local/lib/python3.6/site-packages/airflow/example_dags/example_xcomargs.py took 0.116 seconds
[2024-08-10 21:00:37,839] {scheduler_job.py:182} INFO - Started process (PID=114) to work on /home/airflow/.local/lib/python3.6/site-packages/airflow/example_dags/example_xcomargs.py
[2024-08-10 21:00:37,840] {scheduler_job.py:629} INFO - Processing file /home/airflow/.local/lib/python3.6/site-packages/airflow/example_dags/example_xcomargs.py for tasks to queue
[2024-08-10 21:00:37,840] {logging_mixin.py:104} INFO - [2024-08-10 21:00:37,840] {dagbag.py:451} INFO - Filling up the DagBag from /home/airflow/.local/lib/python3.6/site-packages/airflow/example_dags/example_xcomargs.py
[2024-08-10 21:00:37,848] {scheduler_job.py:639} INFO - DAG(s) dict_keys(['example_xcom_args', 'example_xcom_args_with_operators']) retrieved from /home/airflow/.local/lib/python3.6/site-packages/airflow/example_dags/example_xcomargs.py
[2024-08-10 21:00:37,911] {logging_mixin.py:104} INFO - [2024-08-10 21:00:37,911] {dag.py:1824} INFO - Sync 2 DAGs
[2024-08-10 21:00:37,931] {logging_mixin.py:104} INFO - [2024-08-10 21:00:37,931] {dag.py:2280} INFO - Setting next_dagrun for example_xcom_args to None
[2024-08-10 21:00:37,932] {logging_mixin.py:104} INFO - [2024-08-10 21:00:37,932] {dag.py:2280} INFO - Setting next_dagrun for example_xcom_args_with_operators to None
[2024-08-10 21:00:37,947] {scheduler_job.py:190} INFO - Processing /home/airflow/.local/lib/python3.6/site-packages/airflow/example_dags/example_xcomargs.py took 0.111 seconds
[2024-08-10 21:01:08,290] {scheduler_job.py:182} INFO - Started process (PID=137) to work on /home/airflow/.local/lib/python3.6/site-packages/airflow/example_dags/example_xcomargs.py
[2024-08-10 21:01:08,290] {scheduler_job.py:629} INFO - Processing file /home/airflow/.local/lib/python3.6/site-packages/airflow/example_dags/example_xcomargs.py for tasks to queue
[2024-08-10 21:01:08,291] {logging_mixin.py:104} INFO - [2024-08-10 21:01:08,291] {dagbag.py:451} INFO - Filling up the DagBag from /home/airflow/.local/lib/python3.6/site-packages/airflow/example_dags/example_xcomargs.py
[2024-08-10 21:01:08,298] {scheduler_job.py:639} INFO - DAG(s) dict_keys(['example_xcom_args', 'example_xcom_args_with_operators']) retrieved from /home/airflow/.local/lib/python3.6/site-packages/airflow/example_dags/example_xcomargs.py
[2024-08-10 21:01:08,360] {logging_mixin.py:104} INFO - [2024-08-10 21:01:08,360] {dag.py:1824} INFO - Sync 2 DAGs
[2024-08-10 21:01:08,379] {logging_mixin.py:104} INFO - [2024-08-10 21:01:08,379] {dag.py:2280} INFO - Setting next_dagrun for example_xcom_args to None
[2024-08-10 21:01:08,380] {logging_mixin.py:104} INFO - [2024-08-10 21:01:08,380] {dag.py:2280} INFO - Setting next_dagrun for example_xcom_args_with_operators to None
[2024-08-10 21:01:08,391] {scheduler_job.py:190} INFO - Processing /home/airflow/.local/lib/python3.6/site-packages/airflow/example_dags/example_xcomargs.py took 0.103 seconds
[2024-08-10 21:16:46,257] {scheduler_job.py:182} INFO - Started process (PID=172) to work on /home/airflow/.local/lib/python3.6/site-packages/airflow/example_dags/example_xcomargs.py
[2024-08-10 21:16:46,257] {scheduler_job.py:629} INFO - Processing file /home/airflow/.local/lib/python3.6/site-packages/airflow/example_dags/example_xcomargs.py for tasks to queue
[2024-08-10 21:16:46,258] {logging_mixin.py:104} INFO - [2024-08-10 21:16:46,258] {dagbag.py:451} INFO - Filling up the DagBag from /home/airflow/.local/lib/python3.6/site-packages/airflow/example_dags/example_xcomargs.py
[2024-08-10 21:16:46,266] {scheduler_job.py:639} INFO - DAG(s) dict_keys(['example_xcom_args', 'example_xcom_args_with_operators']) retrieved from /home/airflow/.local/lib/python3.6/site-packages/airflow/example_dags/example_xcomargs.py
[2024-08-10 21:16:46,334] {logging_mixin.py:104} INFO - [2024-08-10 21:16:46,334] {dag.py:1824} INFO - Sync 2 DAGs
[2024-08-10 21:16:46,359] {logging_mixin.py:104} INFO - [2024-08-10 21:16:46,359] {dag.py:2280} INFO - Setting next_dagrun for example_xcom_args to None
[2024-08-10 21:16:46,361] {logging_mixin.py:104} INFO - [2024-08-10 21:16:46,361] {dag.py:2280} INFO - Setting next_dagrun for example_xcom_args_with_operators to None
[2024-08-10 21:16:46,376] {scheduler_job.py:190} INFO - Processing /home/airflow/.local/lib/python3.6/site-packages/airflow/example_dags/example_xcomargs.py took 0.120 seconds
[2024-08-10 21:21:48,821] {scheduler_job.py:182} INFO - Started process (PID=201) to work on /home/airflow/.local/lib/python3.6/site-packages/airflow/example_dags/example_xcomargs.py
[2024-08-10 21:21:48,821] {scheduler_job.py:629} INFO - Processing file /home/airflow/.local/lib/python3.6/site-packages/airflow/example_dags/example_xcomargs.py for tasks to queue
[2024-08-10 21:21:48,822] {logging_mixin.py:104} INFO - [2024-08-10 21:21:48,822] {dagbag.py:451} INFO - Filling up the DagBag from /home/airflow/.local/lib/python3.6/site-packages/airflow/example_dags/example_xcomargs.py
[2024-08-10 21:21:48,830] {scheduler_job.py:639} INFO - DAG(s) dict_keys(['example_xcom_args', 'example_xcom_args_with_operators']) retrieved from /home/airflow/.local/lib/python3.6/site-packages/airflow/example_dags/example_xcomargs.py
[2024-08-10 21:21:48,903] {logging_mixin.py:104} INFO - [2024-08-10 21:21:48,903] {dag.py:1824} INFO - Sync 2 DAGs
[2024-08-10 21:21:48,924] {logging_mixin.py:104} INFO - [2024-08-10 21:21:48,924] {dag.py:2280} INFO - Setting next_dagrun for example_xcom_args to None
[2024-08-10 21:21:48,925] {logging_mixin.py:104} INFO - [2024-08-10 21:21:48,925] {dag.py:2280} INFO - Setting next_dagrun for example_xcom_args_with_operators to None
[2024-08-10 21:21:48,938] {scheduler_job.py:190} INFO - Processing /home/airflow/.local/lib/python3.6/site-packages/airflow/example_dags/example_xcomargs.py took 0.119 seconds
[2024-08-10 21:22:19,355] {scheduler_job.py:182} INFO - Started process (PID=225) to work on /home/airflow/.local/lib/python3.6/site-packages/airflow/example_dags/example_xcomargs.py
[2024-08-10 21:22:19,356] {scheduler_job.py:629} INFO - Processing file /home/airflow/.local/lib/python3.6/site-packages/airflow/example_dags/example_xcomargs.py for tasks to queue
[2024-08-10 21:22:19,357] {logging_mixin.py:104} INFO - [2024-08-10 21:22:19,357] {dagbag.py:451} INFO - Filling up the DagBag from /home/airflow/.local/lib/python3.6/site-packages/airflow/example_dags/example_xcomargs.py
[2024-08-10 21:22:19,365] {scheduler_job.py:639} INFO - DAG(s) dict_keys(['example_xcom_args', 'example_xcom_args_with_operators']) retrieved from /home/airflow/.local/lib/python3.6/site-packages/airflow/example_dags/example_xcomargs.py
[2024-08-10 21:22:19,426] {logging_mixin.py:104} INFO - [2024-08-10 21:22:19,426] {dag.py:1824} INFO - Sync 2 DAGs
[2024-08-10 21:22:19,447] {logging_mixin.py:104} INFO - [2024-08-10 21:22:19,447] {dag.py:2280} INFO - Setting next_dagrun for example_xcom_args to None
[2024-08-10 21:22:19,448] {logging_mixin.py:104} INFO - [2024-08-10 21:22:19,448] {dag.py:2280} INFO - Setting next_dagrun for example_xcom_args_with_operators to None
[2024-08-10 21:22:19,462] {scheduler_job.py:190} INFO - Processing /home/airflow/.local/lib/python3.6/site-packages/airflow/example_dags/example_xcomargs.py took 0.109 seconds
[2024-08-10 21:45:46,528] {scheduler_job.py:182} INFO - Started process (PID=259) to work on /home/airflow/.local/lib/python3.6/site-packages/airflow/example_dags/example_xcomargs.py
[2024-08-10 21:45:46,530] {scheduler_job.py:629} INFO - Processing file /home/airflow/.local/lib/python3.6/site-packages/airflow/example_dags/example_xcomargs.py for tasks to queue
[2024-08-10 21:45:46,531] {logging_mixin.py:104} INFO - [2024-08-10 21:45:46,531] {dagbag.py:451} INFO - Filling up the DagBag from /home/airflow/.local/lib/python3.6/site-packages/airflow/example_dags/example_xcomargs.py
[2024-08-10 21:45:46,545] {scheduler_job.py:639} INFO - DAG(s) dict_keys(['example_xcom_args', 'example_xcom_args_with_operators']) retrieved from /home/airflow/.local/lib/python3.6/site-packages/airflow/example_dags/example_xcomargs.py
[2024-08-10 21:45:46,611] {logging_mixin.py:104} INFO - [2024-08-10 21:45:46,611] {dag.py:1824} INFO - Sync 2 DAGs
[2024-08-10 21:45:46,632] {logging_mixin.py:104} INFO - [2024-08-10 21:45:46,632] {dag.py:2280} INFO - Setting next_dagrun for example_xcom_args to None
[2024-08-10 21:45:46,634] {logging_mixin.py:104} INFO - [2024-08-10 21:45:46,634] {dag.py:2280} INFO - Setting next_dagrun for example_xcom_args_with_operators to None
[2024-08-10 21:45:46,654] {scheduler_job.py:190} INFO - Processing /home/airflow/.local/lib/python3.6/site-packages/airflow/example_dags/example_xcomargs.py took 0.128 seconds
[2024-08-10 21:46:17,032] {scheduler_job.py:182} INFO - Started process (PID=283) to work on /home/airflow/.local/lib/python3.6/site-packages/airflow/example_dags/example_xcomargs.py
[2024-08-10 21:46:17,033] {scheduler_job.py:629} INFO - Processing file /home/airflow/.local/lib/python3.6/site-packages/airflow/example_dags/example_xcomargs.py for tasks to queue
[2024-08-10 21:46:17,034] {logging_mixin.py:104} INFO - [2024-08-10 21:46:17,034] {dagbag.py:451} INFO - Filling up the DagBag from /home/airflow/.local/lib/python3.6/site-packages/airflow/example_dags/example_xcomargs.py
[2024-08-10 21:46:17,041] {scheduler_job.py:639} INFO - DAG(s) dict_keys(['example_xcom_args', 'example_xcom_args_with_operators']) retrieved from /home/airflow/.local/lib/python3.6/site-packages/airflow/example_dags/example_xcomargs.py
[2024-08-10 21:46:17,103] {logging_mixin.py:104} INFO - [2024-08-10 21:46:17,103] {dag.py:1824} INFO - Sync 2 DAGs
[2024-08-10 21:46:17,123] {logging_mixin.py:104} INFO - [2024-08-10 21:46:17,123] {dag.py:2280} INFO - Setting next_dagrun for example_xcom_args to None
[2024-08-10 21:46:17,124] {logging_mixin.py:104} INFO - [2024-08-10 21:46:17,124] {dag.py:2280} INFO - Setting next_dagrun for example_xcom_args_with_operators to None
[2024-08-10 21:46:17,137] {scheduler_job.py:190} INFO - Processing /home/airflow/.local/lib/python3.6/site-packages/airflow/example_dags/example_xcomargs.py took 0.106 seconds
[2024-08-10 22:01:47,988] {scheduler_job.py:182} INFO - Started process (PID=317) to work on /home/airflow/.local/lib/python3.6/site-packages/airflow/example_dags/example_xcomargs.py
[2024-08-10 22:01:47,991] {scheduler_job.py:629} INFO - Processing file /home/airflow/.local/lib/python3.6/site-packages/airflow/example_dags/example_xcomargs.py for tasks to queue
[2024-08-10 22:01:47,992] {logging_mixin.py:104} INFO - [2024-08-10 22:01:47,992] {dagbag.py:451} INFO - Filling up the DagBag from /home/airflow/.local/lib/python3.6/site-packages/airflow/example_dags/example_xcomargs.py
[2024-08-10 22:01:48,006] {scheduler_job.py:639} INFO - DAG(s) dict_keys(['example_xcom_args', 'example_xcom_args_with_operators']) retrieved from /home/airflow/.local/lib/python3.6/site-packages/airflow/example_dags/example_xcomargs.py
[2024-08-10 22:01:48,086] {logging_mixin.py:104} INFO - [2024-08-10 22:01:48,086] {dag.py:1824} INFO - Sync 2 DAGs
[2024-08-10 22:01:48,111] {logging_mixin.py:104} INFO - [2024-08-10 22:01:48,111] {dag.py:2280} INFO - Setting next_dagrun for example_xcom_args to None
[2024-08-10 22:01:48,116] {logging_mixin.py:104} INFO - [2024-08-10 22:01:48,116] {dag.py:2280} INFO - Setting next_dagrun for example_xcom_args_with_operators to None
[2024-08-10 22:01:48,130] {scheduler_job.py:190} INFO - Processing /home/airflow/.local/lib/python3.6/site-packages/airflow/example_dags/example_xcomargs.py took 0.145 seconds
[2024-08-10 22:08:20,726] {scheduler_job.py:182} INFO - Started process (PID=346) to work on /home/airflow/.local/lib/python3.6/site-packages/airflow/example_dags/example_xcomargs.py
[2024-08-10 22:08:20,727] {scheduler_job.py:629} INFO - Processing file /home/airflow/.local/lib/python3.6/site-packages/airflow/example_dags/example_xcomargs.py for tasks to queue
[2024-08-10 22:08:20,727] {logging_mixin.py:104} INFO - [2024-08-10 22:08:20,727] {dagbag.py:451} INFO - Filling up the DagBag from /home/airflow/.local/lib/python3.6/site-packages/airflow/example_dags/example_xcomargs.py
[2024-08-10 22:08:20,736] {scheduler_job.py:639} INFO - DAG(s) dict_keys(['example_xcom_args', 'example_xcom_args_with_operators']) retrieved from /home/airflow/.local/lib/python3.6/site-packages/airflow/example_dags/example_xcomargs.py
[2024-08-10 22:08:20,820] {logging_mixin.py:104} INFO - [2024-08-10 22:08:20,820] {dag.py:1824} INFO - Sync 2 DAGs
[2024-08-10 22:08:20,861] {logging_mixin.py:104} INFO - [2024-08-10 22:08:20,860] {dag.py:2280} INFO - Setting next_dagrun for example_xcom_args to None
[2024-08-10 22:08:20,861] {logging_mixin.py:104} INFO - [2024-08-10 22:08:20,861] {dag.py:2280} INFO - Setting next_dagrun for example_xcom_args_with_operators to None
[2024-08-10 22:08:20,891] {scheduler_job.py:190} INFO - Processing /home/airflow/.local/lib/python3.6/site-packages/airflow/example_dags/example_xcomargs.py took 0.167 seconds
[2024-08-10 22:08:50,908] {scheduler_job.py:182} INFO - Started process (PID=375) to work on /home/airflow/.local/lib/python3.6/site-packages/airflow/example_dags/example_xcomargs.py
[2024-08-10 22:08:50,909] {scheduler_job.py:629} INFO - Processing file /home/airflow/.local/lib/python3.6/site-packages/airflow/example_dags/example_xcomargs.py for tasks to queue
[2024-08-10 22:08:50,910] {logging_mixin.py:104} INFO - [2024-08-10 22:08:50,910] {dagbag.py:451} INFO - Filling up the DagBag from /home/airflow/.local/lib/python3.6/site-packages/airflow/example_dags/example_xcomargs.py
[2024-08-10 22:08:50,917] {scheduler_job.py:639} INFO - DAG(s) dict_keys(['example_xcom_args', 'example_xcom_args_with_operators']) retrieved from /home/airflow/.local/lib/python3.6/site-packages/airflow/example_dags/example_xcomargs.py
[2024-08-10 22:08:50,976] {logging_mixin.py:104} INFO - [2024-08-10 22:08:50,976] {dag.py:1824} INFO - Sync 2 DAGs
[2024-08-10 22:08:50,995] {logging_mixin.py:104} INFO - [2024-08-10 22:08:50,995] {dag.py:2280} INFO - Setting next_dagrun for example_xcom_args to None
[2024-08-10 22:08:50,995] {logging_mixin.py:104} INFO - [2024-08-10 22:08:50,995] {dag.py:2280} INFO - Setting next_dagrun for example_xcom_args_with_operators to None
[2024-08-10 22:08:51,006] {scheduler_job.py:190} INFO - Processing /home/airflow/.local/lib/python3.6/site-packages/airflow/example_dags/example_xcomargs.py took 0.099 seconds
[2024-08-10 22:13:49,404] {scheduler_job.py:182} INFO - Started process (PID=404) to work on /home/airflow/.local/lib/python3.6/site-packages/airflow/example_dags/example_xcomargs.py
[2024-08-10 22:13:49,405] {scheduler_job.py:629} INFO - Processing file /home/airflow/.local/lib/python3.6/site-packages/airflow/example_dags/example_xcomargs.py for tasks to queue
[2024-08-10 22:13:49,405] {logging_mixin.py:104} INFO - [2024-08-10 22:13:49,405] {dagbag.py:451} INFO - Filling up the DagBag from /home/airflow/.local/lib/python3.6/site-packages/airflow/example_dags/example_xcomargs.py
[2024-08-10 22:13:49,413] {scheduler_job.py:639} INFO - DAG(s) dict_keys(['example_xcom_args', 'example_xcom_args_with_operators']) retrieved from /home/airflow/.local/lib/python3.6/site-packages/airflow/example_dags/example_xcomargs.py
[2024-08-10 22:13:49,482] {logging_mixin.py:104} INFO - [2024-08-10 22:13:49,481] {dag.py:1824} INFO - Sync 2 DAGs
[2024-08-10 22:13:49,502] {logging_mixin.py:104} INFO - [2024-08-10 22:13:49,502] {dag.py:2280} INFO - Setting next_dagrun for example_xcom_args to None
[2024-08-10 22:13:49,505] {logging_mixin.py:104} INFO - [2024-08-10 22:13:49,505] {dag.py:2280} INFO - Setting next_dagrun for example_xcom_args_with_operators to None
[2024-08-10 22:13:49,518] {scheduler_job.py:190} INFO - Processing /home/airflow/.local/lib/python3.6/site-packages/airflow/example_dags/example_xcomargs.py took 0.115 seconds
[2024-08-10 22:17:46,666] {scheduler_job.py:182} INFO - Started process (PID=433) to work on /home/airflow/.local/lib/python3.6/site-packages/airflow/example_dags/example_xcomargs.py
[2024-08-10 22:17:46,667] {scheduler_job.py:629} INFO - Processing file /home/airflow/.local/lib/python3.6/site-packages/airflow/example_dags/example_xcomargs.py for tasks to queue
[2024-08-10 22:17:46,668] {logging_mixin.py:104} INFO - [2024-08-10 22:17:46,668] {dagbag.py:451} INFO - Filling up the DagBag from /home/airflow/.local/lib/python3.6/site-packages/airflow/example_dags/example_xcomargs.py
[2024-08-10 22:17:46,678] {scheduler_job.py:639} INFO - DAG(s) dict_keys(['example_xcom_args', 'example_xcom_args_with_operators']) retrieved from /home/airflow/.local/lib/python3.6/site-packages/airflow/example_dags/example_xcomargs.py
[2024-08-10 22:17:46,756] {logging_mixin.py:104} INFO - [2024-08-10 22:17:46,755] {dag.py:1824} INFO - Sync 2 DAGs
[2024-08-10 22:17:46,781] {logging_mixin.py:104} INFO - [2024-08-10 22:17:46,781] {dag.py:2280} INFO - Setting next_dagrun for example_xcom_args to None
[2024-08-10 22:17:46,782] {logging_mixin.py:104} INFO - [2024-08-10 22:17:46,782] {dag.py:2280} INFO - Setting next_dagrun for example_xcom_args_with_operators to None
[2024-08-10 22:17:46,797] {scheduler_job.py:190} INFO - Processing /home/airflow/.local/lib/python3.6/site-packages/airflow/example_dags/example_xcomargs.py took 0.133 seconds
[2024-08-10 22:18:17,001] {scheduler_job.py:182} INFO - Started process (PID=454) to work on /home/airflow/.local/lib/python3.6/site-packages/airflow/example_dags/example_xcomargs.py
[2024-08-10 22:18:17,001] {scheduler_job.py:629} INFO - Processing file /home/airflow/.local/lib/python3.6/site-packages/airflow/example_dags/example_xcomargs.py for tasks to queue
[2024-08-10 22:18:17,001] {logging_mixin.py:104} INFO - [2024-08-10 22:18:17,001] {dagbag.py:451} INFO - Filling up the DagBag from /home/airflow/.local/lib/python3.6/site-packages/airflow/example_dags/example_xcomargs.py
[2024-08-10 22:18:17,010] {scheduler_job.py:639} INFO - DAG(s) dict_keys(['example_xcom_args', 'example_xcom_args_with_operators']) retrieved from /home/airflow/.local/lib/python3.6/site-packages/airflow/example_dags/example_xcomargs.py
[2024-08-10 22:18:17,076] {logging_mixin.py:104} INFO - [2024-08-10 22:18:17,076] {dag.py:1824} INFO - Sync 2 DAGs
[2024-08-10 22:18:17,095] {logging_mixin.py:104} INFO - [2024-08-10 22:18:17,095] {dag.py:2280} INFO - Setting next_dagrun for example_xcom_args to None
[2024-08-10 22:18:17,096] {logging_mixin.py:104} INFO - [2024-08-10 22:18:17,096] {dag.py:2280} INFO - Setting next_dagrun for example_xcom_args_with_operators to None
[2024-08-10 22:18:17,108] {scheduler_job.py:190} INFO - Processing /home/airflow/.local/lib/python3.6/site-packages/airflow/example_dags/example_xcomargs.py took 0.109 seconds
[2024-08-10 22:18:47,581] {scheduler_job.py:182} INFO - Started process (PID=481) to work on /home/airflow/.local/lib/python3.6/site-packages/airflow/example_dags/example_xcomargs.py
[2024-08-10 22:18:47,582] {scheduler_job.py:629} INFO - Processing file /home/airflow/.local/lib/python3.6/site-packages/airflow/example_dags/example_xcomargs.py for tasks to queue
[2024-08-10 22:18:47,583] {logging_mixin.py:104} INFO - [2024-08-10 22:18:47,583] {dagbag.py:451} INFO - Filling up the DagBag from /home/airflow/.local/lib/python3.6/site-packages/airflow/example_dags/example_xcomargs.py
[2024-08-10 22:18:47,590] {scheduler_job.py:639} INFO - DAG(s) dict_keys(['example_xcom_args', 'example_xcom_args_with_operators']) retrieved from /home/airflow/.local/lib/python3.6/site-packages/airflow/example_dags/example_xcomargs.py
[2024-08-10 22:18:47,656] {logging_mixin.py:104} INFO - [2024-08-10 22:18:47,656] {dag.py:1824} INFO - Sync 2 DAGs
[2024-08-10 22:18:47,676] {logging_mixin.py:104} INFO - [2024-08-10 22:18:47,676] {dag.py:2280} INFO - Setting next_dagrun for example_xcom_args to None
[2024-08-10 22:18:47,677] {logging_mixin.py:104} INFO - [2024-08-10 22:18:47,677] {dag.py:2280} INFO - Setting next_dagrun for example_xcom_args_with_operators to None
[2024-08-10 22:18:47,690] {scheduler_job.py:190} INFO - Processing /home/airflow/.local/lib/python3.6/site-packages/airflow/example_dags/example_xcomargs.py took 0.110 seconds
[2024-08-10 22:19:18,396] {scheduler_job.py:182} INFO - Started process (PID=505) to work on /home/airflow/.local/lib/python3.6/site-packages/airflow/example_dags/example_xcomargs.py
[2024-08-10 22:19:18,396] {scheduler_job.py:629} INFO - Processing file /home/airflow/.local/lib/python3.6/site-packages/airflow/example_dags/example_xcomargs.py for tasks to queue
[2024-08-10 22:19:18,397] {logging_mixin.py:104} INFO - [2024-08-10 22:19:18,397] {dagbag.py:451} INFO - Filling up the DagBag from /home/airflow/.local/lib/python3.6/site-packages/airflow/example_dags/example_xcomargs.py
[2024-08-10 22:19:18,405] {scheduler_job.py:639} INFO - DAG(s) dict_keys(['example_xcom_args', 'example_xcom_args_with_operators']) retrieved from /home/airflow/.local/lib/python3.6/site-packages/airflow/example_dags/example_xcomargs.py
[2024-08-10 22:19:18,470] {logging_mixin.py:104} INFO - [2024-08-10 22:19:18,470] {dag.py:1824} INFO - Sync 2 DAGs
[2024-08-10 22:19:18,489] {logging_mixin.py:104} INFO - [2024-08-10 22:19:18,489] {dag.py:2280} INFO - Setting next_dagrun for example_xcom_args to None
[2024-08-10 22:19:18,489] {logging_mixin.py:104} INFO - [2024-08-10 22:19:18,489] {dag.py:2280} INFO - Setting next_dagrun for example_xcom_args_with_operators to None
[2024-08-10 22:19:18,502] {scheduler_job.py:190} INFO - Processing /home/airflow/.local/lib/python3.6/site-packages/airflow/example_dags/example_xcomargs.py took 0.108 seconds
[2024-08-10 22:27:21,482] {scheduler_job.py:182} INFO - Started process (PID=549) to work on /home/airflow/.local/lib/python3.6/site-packages/airflow/example_dags/example_xcomargs.py
[2024-08-10 22:27:21,484] {scheduler_job.py:629} INFO - Processing file /home/airflow/.local/lib/python3.6/site-packages/airflow/example_dags/example_xcomargs.py for tasks to queue
[2024-08-10 22:27:21,484] {logging_mixin.py:104} INFO - [2024-08-10 22:27:21,484] {dagbag.py:451} INFO - Filling up the DagBag from /home/airflow/.local/lib/python3.6/site-packages/airflow/example_dags/example_xcomargs.py
[2024-08-10 22:27:21,496] {scheduler_job.py:639} INFO - DAG(s) dict_keys(['example_xcom_args', 'example_xcom_args_with_operators']) retrieved from /home/airflow/.local/lib/python3.6/site-packages/airflow/example_dags/example_xcomargs.py
[2024-08-10 22:27:21,571] {logging_mixin.py:104} INFO - [2024-08-10 22:27:21,571] {dag.py:1824} INFO - Sync 2 DAGs
[2024-08-10 22:27:21,593] {logging_mixin.py:104} INFO - [2024-08-10 22:27:21,593] {dag.py:2280} INFO - Setting next_dagrun for example_xcom_args to None
[2024-08-10 22:27:21,593] {logging_mixin.py:104} INFO - [2024-08-10 22:27:21,593] {dag.py:2280} INFO - Setting next_dagrun for example_xcom_args_with_operators to None
[2024-08-10 22:27:21,607] {scheduler_job.py:190} INFO - Processing /home/airflow/.local/lib/python3.6/site-packages/airflow/example_dags/example_xcomargs.py took 0.126 seconds
[2024-08-10 23:00:14,424] {scheduler_job.py:182} INFO - Started process (PID=578) to work on /home/airflow/.local/lib/python3.6/site-packages/airflow/example_dags/example_xcomargs.py
[2024-08-10 23:00:14,425] {scheduler_job.py:629} INFO - Processing file /home/airflow/.local/lib/python3.6/site-packages/airflow/example_dags/example_xcomargs.py for tasks to queue
[2024-08-10 23:00:14,425] {logging_mixin.py:104} INFO - [2024-08-10 23:00:14,425] {dagbag.py:451} INFO - Filling up the DagBag from /home/airflow/.local/lib/python3.6/site-packages/airflow/example_dags/example_xcomargs.py
[2024-08-10 23:00:14,434] {scheduler_job.py:639} INFO - DAG(s) dict_keys(['example_xcom_args', 'example_xcom_args_with_operators']) retrieved from /home/airflow/.local/lib/python3.6/site-packages/airflow/example_dags/example_xcomargs.py
[2024-08-10 23:00:14,504] {logging_mixin.py:104} INFO - [2024-08-10 23:00:14,504] {dag.py:1824} INFO - Sync 2 DAGs
[2024-08-10 23:00:14,526] {logging_mixin.py:104} INFO - [2024-08-10 23:00:14,526] {dag.py:2280} INFO - Setting next_dagrun for example_xcom_args to None
[2024-08-10 23:00:14,527] {logging_mixin.py:104} INFO - [2024-08-10 23:00:14,527] {dag.py:2280} INFO - Setting next_dagrun for example_xcom_args_with_operators to None
[2024-08-10 23:00:14,540] {scheduler_job.py:190} INFO - Processing /home/airflow/.local/lib/python3.6/site-packages/airflow/example_dags/example_xcomargs.py took 0.118 seconds
[2024-08-10 23:02:54,952] {scheduler_job.py:182} INFO - Started process (PID=607) to work on /home/airflow/.local/lib/python3.6/site-packages/airflow/example_dags/example_xcomargs.py
[2024-08-10 23:02:54,953] {scheduler_job.py:629} INFO - Processing file /home/airflow/.local/lib/python3.6/site-packages/airflow/example_dags/example_xcomargs.py for tasks to queue
[2024-08-10 23:02:54,953] {logging_mixin.py:104} INFO - [2024-08-10 23:02:54,953] {dagbag.py:451} INFO - Filling up the DagBag from /home/airflow/.local/lib/python3.6/site-packages/airflow/example_dags/example_xcomargs.py
[2024-08-10 23:02:54,963] {scheduler_job.py:639} INFO - DAG(s) dict_keys(['example_xcom_args', 'example_xcom_args_with_operators']) retrieved from /home/airflow/.local/lib/python3.6/site-packages/airflow/example_dags/example_xcomargs.py
[2024-08-10 23:02:55,027] {logging_mixin.py:104} INFO - [2024-08-10 23:02:55,027] {dag.py:1824} INFO - Sync 2 DAGs
[2024-08-10 23:02:55,049] {logging_mixin.py:104} INFO - [2024-08-10 23:02:55,048] {dag.py:2280} INFO - Setting next_dagrun for example_xcom_args to None
[2024-08-10 23:02:55,050] {logging_mixin.py:104} INFO - [2024-08-10 23:02:55,050] {dag.py:2280} INFO - Setting next_dagrun for example_xcom_args_with_operators to None
[2024-08-10 23:02:55,068] {scheduler_job.py:190} INFO - Processing /home/airflow/.local/lib/python3.6/site-packages/airflow/example_dags/example_xcomargs.py took 0.118 seconds
[2024-08-10 23:14:09,289] {scheduler_job.py:182} INFO - Started process (PID=636) to work on /home/airflow/.local/lib/python3.6/site-packages/airflow/example_dags/example_xcomargs.py
[2024-08-10 23:14:09,291] {scheduler_job.py:629} INFO - Processing file /home/airflow/.local/lib/python3.6/site-packages/airflow/example_dags/example_xcomargs.py for tasks to queue
[2024-08-10 23:14:09,291] {logging_mixin.py:104} INFO - [2024-08-10 23:14:09,291] {dagbag.py:451} INFO - Filling up the DagBag from /home/airflow/.local/lib/python3.6/site-packages/airflow/example_dags/example_xcomargs.py
[2024-08-10 23:14:09,299] {scheduler_job.py:639} INFO - DAG(s) dict_keys(['example_xcom_args', 'example_xcom_args_with_operators']) retrieved from /home/airflow/.local/lib/python3.6/site-packages/airflow/example_dags/example_xcomargs.py
[2024-08-10 23:14:09,368] {logging_mixin.py:104} INFO - [2024-08-10 23:14:09,368] {dag.py:1824} INFO - Sync 2 DAGs
[2024-08-10 23:14:09,388] {logging_mixin.py:104} INFO - [2024-08-10 23:14:09,388] {dag.py:2280} INFO - Setting next_dagrun for example_xcom_args to None
[2024-08-10 23:14:09,389] {logging_mixin.py:104} INFO - [2024-08-10 23:14:09,389] {dag.py:2280} INFO - Setting next_dagrun for example_xcom_args_with_operators to None
[2024-08-10 23:14:09,403] {scheduler_job.py:190} INFO - Processing /home/airflow/.local/lib/python3.6/site-packages/airflow/example_dags/example_xcomargs.py took 0.116 seconds
[2024-08-10 23:14:39,691] {scheduler_job.py:182} INFO - Started process (PID=658) to work on /home/airflow/.local/lib/python3.6/site-packages/airflow/example_dags/example_xcomargs.py
[2024-08-10 23:14:39,692] {scheduler_job.py:629} INFO - Processing file /home/airflow/.local/lib/python3.6/site-packages/airflow/example_dags/example_xcomargs.py for tasks to queue
[2024-08-10 23:14:39,692] {logging_mixin.py:104} INFO - [2024-08-10 23:14:39,692] {dagbag.py:451} INFO - Filling up the DagBag from /home/airflow/.local/lib/python3.6/site-packages/airflow/example_dags/example_xcomargs.py
[2024-08-10 23:14:39,699] {scheduler_job.py:639} INFO - DAG(s) dict_keys(['example_xcom_args', 'example_xcom_args_with_operators']) retrieved from /home/airflow/.local/lib/python3.6/site-packages/airflow/example_dags/example_xcomargs.py
[2024-08-10 23:14:39,759] {logging_mixin.py:104} INFO - [2024-08-10 23:14:39,759] {dag.py:1824} INFO - Sync 2 DAGs
[2024-08-10 23:14:39,779] {logging_mixin.py:104} INFO - [2024-08-10 23:14:39,778] {dag.py:2280} INFO - Setting next_dagrun for example_xcom_args to None
[2024-08-10 23:14:39,779] {logging_mixin.py:104} INFO - [2024-08-10 23:14:39,779] {dag.py:2280} INFO - Setting next_dagrun for example_xcom_args_with_operators to None
[2024-08-10 23:14:39,792] {scheduler_job.py:190} INFO - Processing /home/airflow/.local/lib/python3.6/site-packages/airflow/example_dags/example_xcomargs.py took 0.103 seconds
