[2024-08-10 00:13:03,962] {scheduler_job.py:182} INFO - Started process (PID=60884) to work on /home/airflow/.local/lib/python3.6/site-packages/airflow/example_dags/example_task_group.py
[2024-08-10 00:13:03,965] {scheduler_job.py:629} INFO - Processing file /home/airflow/.local/lib/python3.6/site-packages/airflow/example_dags/example_task_group.py for tasks to queue
[2024-08-10 00:13:03,967] {logging_mixin.py:104} INFO - [2024-08-10 00:13:03,966] {dagbag.py:451} INFO - Filling up the DagBag from /home/airflow/.local/lib/python3.6/site-packages/airflow/example_dags/example_task_group.py
[2024-08-10 00:13:03,978] {scheduler_job.py:639} INFO - DAG(s) dict_keys(['example_task_group']) retrieved from /home/airflow/.local/lib/python3.6/site-packages/airflow/example_dags/example_task_group.py
[2024-08-10 00:13:04,040] {logging_mixin.py:104} INFO - [2024-08-10 00:13:04,040] {dag.py:1824} INFO - Sync 1 DAGs
[2024-08-10 00:13:04,057] {logging_mixin.py:104} INFO - [2024-08-10 00:13:04,057] {dag.py:2280} INFO - Setting next_dagrun for example_task_group to 2024-08-08 00:00:00+00:00
[2024-08-10 00:13:04,074] {scheduler_job.py:190} INFO - Processing /home/airflow/.local/lib/python3.6/site-packages/airflow/example_dags/example_task_group.py took 0.114 seconds
[2024-08-10 00:13:34,114] {scheduler_job.py:182} INFO - Started process (PID=60913) to work on /home/airflow/.local/lib/python3.6/site-packages/airflow/example_dags/example_task_group.py
[2024-08-10 00:13:34,114] {scheduler_job.py:629} INFO - Processing file /home/airflow/.local/lib/python3.6/site-packages/airflow/example_dags/example_task_group.py for tasks to queue
[2024-08-10 00:13:34,118] {logging_mixin.py:104} INFO - [2024-08-10 00:13:34,118] {dagbag.py:451} INFO - Filling up the DagBag from /home/airflow/.local/lib/python3.6/site-packages/airflow/example_dags/example_task_group.py
[2024-08-10 00:13:34,124] {scheduler_job.py:639} INFO - DAG(s) dict_keys(['example_task_group']) retrieved from /home/airflow/.local/lib/python3.6/site-packages/airflow/example_dags/example_task_group.py
[2024-08-10 00:13:34,182] {logging_mixin.py:104} INFO - [2024-08-10 00:13:34,182] {dag.py:1824} INFO - Sync 1 DAGs
[2024-08-10 00:13:34,199] {logging_mixin.py:104} INFO - [2024-08-10 00:13:34,199] {dag.py:2280} INFO - Setting next_dagrun for example_task_group to 2024-08-08 00:00:00+00:00
[2024-08-10 00:13:34,209] {scheduler_job.py:190} INFO - Processing /home/airflow/.local/lib/python3.6/site-packages/airflow/example_dags/example_task_group.py took 0.097 seconds
[2024-08-10 01:03:33,392] {scheduler_job.py:182} INFO - Started process (PID=60942) to work on /home/airflow/.local/lib/python3.6/site-packages/airflow/example_dags/example_task_group.py
[2024-08-10 01:03:33,395] {scheduler_job.py:629} INFO - Processing file /home/airflow/.local/lib/python3.6/site-packages/airflow/example_dags/example_task_group.py for tasks to queue
[2024-08-10 01:03:33,395] {logging_mixin.py:104} INFO - [2024-08-10 01:03:33,395] {dagbag.py:451} INFO - Filling up the DagBag from /home/airflow/.local/lib/python3.6/site-packages/airflow/example_dags/example_task_group.py
[2024-08-10 01:03:33,406] {scheduler_job.py:639} INFO - DAG(s) dict_keys(['example_task_group']) retrieved from /home/airflow/.local/lib/python3.6/site-packages/airflow/example_dags/example_task_group.py
[2024-08-10 01:03:33,475] {logging_mixin.py:104} INFO - [2024-08-10 01:03:33,475] {dag.py:1824} INFO - Sync 1 DAGs
[2024-08-10 01:03:33,509] {logging_mixin.py:104} INFO - [2024-08-10 01:03:33,509] {dag.py:2280} INFO - Setting next_dagrun for example_task_group to 2024-08-08 00:00:00+00:00
[2024-08-10 01:03:33,524] {scheduler_job.py:190} INFO - Processing /home/airflow/.local/lib/python3.6/site-packages/airflow/example_dags/example_task_group.py took 0.136 seconds
[2024-08-10 01:14:30,268] {scheduler_job.py:182} INFO - Started process (PID=60971) to work on /home/airflow/.local/lib/python3.6/site-packages/airflow/example_dags/example_task_group.py
[2024-08-10 01:14:30,269] {scheduler_job.py:629} INFO - Processing file /home/airflow/.local/lib/python3.6/site-packages/airflow/example_dags/example_task_group.py for tasks to queue
[2024-08-10 01:14:30,272] {logging_mixin.py:104} INFO - [2024-08-10 01:14:30,272] {dagbag.py:451} INFO - Filling up the DagBag from /home/airflow/.local/lib/python3.6/site-packages/airflow/example_dags/example_task_group.py
[2024-08-10 01:14:30,282] {scheduler_job.py:639} INFO - DAG(s) dict_keys(['example_task_group']) retrieved from /home/airflow/.local/lib/python3.6/site-packages/airflow/example_dags/example_task_group.py
[2024-08-10 01:14:30,374] {logging_mixin.py:104} INFO - [2024-08-10 01:14:30,374] {dag.py:1824} INFO - Sync 1 DAGs
[2024-08-10 01:14:30,403] {logging_mixin.py:104} INFO - [2024-08-10 01:14:30,403] {dag.py:2280} INFO - Setting next_dagrun for example_task_group to 2024-08-08 00:00:00+00:00
[2024-08-10 01:14:30,421] {scheduler_job.py:190} INFO - Processing /home/airflow/.local/lib/python3.6/site-packages/airflow/example_dags/example_task_group.py took 0.155 seconds
[2024-08-10 01:47:58,015] {scheduler_job.py:182} INFO - Started process (PID=61000) to work on /home/airflow/.local/lib/python3.6/site-packages/airflow/example_dags/example_task_group.py
[2024-08-10 01:47:58,017] {scheduler_job.py:629} INFO - Processing file /home/airflow/.local/lib/python3.6/site-packages/airflow/example_dags/example_task_group.py for tasks to queue
[2024-08-10 01:47:58,017] {logging_mixin.py:104} INFO - [2024-08-10 01:47:58,017] {dagbag.py:451} INFO - Filling up the DagBag from /home/airflow/.local/lib/python3.6/site-packages/airflow/example_dags/example_task_group.py
[2024-08-10 01:47:58,024] {scheduler_job.py:639} INFO - DAG(s) dict_keys(['example_task_group']) retrieved from /home/airflow/.local/lib/python3.6/site-packages/airflow/example_dags/example_task_group.py
[2024-08-10 01:47:58,102] {logging_mixin.py:104} INFO - [2024-08-10 01:47:58,102] {dag.py:1824} INFO - Sync 1 DAGs
[2024-08-10 01:47:58,130] {logging_mixin.py:104} INFO - [2024-08-10 01:47:58,130] {dag.py:2280} INFO - Setting next_dagrun for example_task_group to 2024-08-08 00:00:00+00:00
[2024-08-10 01:47:58,150] {scheduler_job.py:190} INFO - Processing /home/airflow/.local/lib/python3.6/site-packages/airflow/example_dags/example_task_group.py took 0.137 seconds
[2024-08-10 02:15:27,005] {scheduler_job.py:182} INFO - Started process (PID=61029) to work on /home/airflow/.local/lib/python3.6/site-packages/airflow/example_dags/example_task_group.py
[2024-08-10 02:15:27,005] {scheduler_job.py:629} INFO - Processing file /home/airflow/.local/lib/python3.6/site-packages/airflow/example_dags/example_task_group.py for tasks to queue
[2024-08-10 02:15:27,006] {logging_mixin.py:104} INFO - [2024-08-10 02:15:27,006] {dagbag.py:451} INFO - Filling up the DagBag from /home/airflow/.local/lib/python3.6/site-packages/airflow/example_dags/example_task_group.py
[2024-08-10 02:15:27,013] {scheduler_job.py:639} INFO - DAG(s) dict_keys(['example_task_group']) retrieved from /home/airflow/.local/lib/python3.6/site-packages/airflow/example_dags/example_task_group.py
[2024-08-10 02:15:27,097] {logging_mixin.py:104} INFO - [2024-08-10 02:15:27,097] {dag.py:1824} INFO - Sync 1 DAGs
[2024-08-10 02:15:27,123] {logging_mixin.py:104} INFO - [2024-08-10 02:15:27,123] {dag.py:2280} INFO - Setting next_dagrun for example_task_group to 2024-08-08 00:00:00+00:00
[2024-08-10 02:15:27,143] {scheduler_job.py:190} INFO - Processing /home/airflow/.local/lib/python3.6/site-packages/airflow/example_dags/example_task_group.py took 0.140 seconds
[2024-08-10 02:21:40,705] {scheduler_job.py:182} INFO - Started process (PID=61058) to work on /home/airflow/.local/lib/python3.6/site-packages/airflow/example_dags/example_task_group.py
[2024-08-10 02:21:40,708] {scheduler_job.py:629} INFO - Processing file /home/airflow/.local/lib/python3.6/site-packages/airflow/example_dags/example_task_group.py for tasks to queue
[2024-08-10 02:21:40,710] {logging_mixin.py:104} INFO - [2024-08-10 02:21:40,710] {dagbag.py:451} INFO - Filling up the DagBag from /home/airflow/.local/lib/python3.6/site-packages/airflow/example_dags/example_task_group.py
[2024-08-10 02:21:40,726] {scheduler_job.py:639} INFO - DAG(s) dict_keys(['example_task_group']) retrieved from /home/airflow/.local/lib/python3.6/site-packages/airflow/example_dags/example_task_group.py
[2024-08-10 02:21:40,794] {logging_mixin.py:104} INFO - [2024-08-10 02:21:40,794] {dag.py:1824} INFO - Sync 1 DAGs
[2024-08-10 02:21:40,811] {logging_mixin.py:104} INFO - [2024-08-10 02:21:40,811] {dag.py:2280} INFO - Setting next_dagrun for example_task_group to 2024-08-08 00:00:00+00:00
[2024-08-10 02:21:40,823] {scheduler_job.py:190} INFO - Processing /home/airflow/.local/lib/python3.6/site-packages/airflow/example_dags/example_task_group.py took 0.122 seconds
[2024-08-10 02:22:11,635] {scheduler_job.py:182} INFO - Started process (PID=61087) to work on /home/airflow/.local/lib/python3.6/site-packages/airflow/example_dags/example_task_group.py
[2024-08-10 02:22:11,636] {scheduler_job.py:629} INFO - Processing file /home/airflow/.local/lib/python3.6/site-packages/airflow/example_dags/example_task_group.py for tasks to queue
[2024-08-10 02:22:11,636] {logging_mixin.py:104} INFO - [2024-08-10 02:22:11,636] {dagbag.py:451} INFO - Filling up the DagBag from /home/airflow/.local/lib/python3.6/site-packages/airflow/example_dags/example_task_group.py
[2024-08-10 02:22:11,643] {scheduler_job.py:639} INFO - DAG(s) dict_keys(['example_task_group']) retrieved from /home/airflow/.local/lib/python3.6/site-packages/airflow/example_dags/example_task_group.py
[2024-08-10 02:22:11,702] {logging_mixin.py:104} INFO - [2024-08-10 02:22:11,702] {dag.py:1824} INFO - Sync 1 DAGs
[2024-08-10 02:22:11,718] {logging_mixin.py:104} INFO - [2024-08-10 02:22:11,718] {dag.py:2280} INFO - Setting next_dagrun for example_task_group to 2024-08-08 00:00:00+00:00
[2024-08-10 02:22:11,729] {scheduler_job.py:190} INFO - Processing /home/airflow/.local/lib/python3.6/site-packages/airflow/example_dags/example_task_group.py took 0.095 seconds
[2024-08-10 03:16:05,847] {scheduler_job.py:182} INFO - Started process (PID=61116) to work on /home/airflow/.local/lib/python3.6/site-packages/airflow/example_dags/example_task_group.py
[2024-08-10 03:16:05,848] {scheduler_job.py:629} INFO - Processing file /home/airflow/.local/lib/python3.6/site-packages/airflow/example_dags/example_task_group.py for tasks to queue
[2024-08-10 03:16:05,848] {logging_mixin.py:104} INFO - [2024-08-10 03:16:05,848] {dagbag.py:451} INFO - Filling up the DagBag from /home/airflow/.local/lib/python3.6/site-packages/airflow/example_dags/example_task_group.py
[2024-08-10 03:16:05,856] {scheduler_job.py:639} INFO - DAG(s) dict_keys(['example_task_group']) retrieved from /home/airflow/.local/lib/python3.6/site-packages/airflow/example_dags/example_task_group.py
[2024-08-10 03:16:05,917] {logging_mixin.py:104} INFO - [2024-08-10 03:16:05,917] {dag.py:1824} INFO - Sync 1 DAGs
[2024-08-10 03:16:05,934] {logging_mixin.py:104} INFO - [2024-08-10 03:16:05,934] {dag.py:2280} INFO - Setting next_dagrun for example_task_group to 2024-08-08 00:00:00+00:00
[2024-08-10 03:16:05,947] {scheduler_job.py:190} INFO - Processing /home/airflow/.local/lib/python3.6/site-packages/airflow/example_dags/example_task_group.py took 0.102 seconds
[2024-08-10 03:16:36,047] {scheduler_job.py:182} INFO - Started process (PID=61145) to work on /home/airflow/.local/lib/python3.6/site-packages/airflow/example_dags/example_task_group.py
[2024-08-10 03:16:36,047] {scheduler_job.py:629} INFO - Processing file /home/airflow/.local/lib/python3.6/site-packages/airflow/example_dags/example_task_group.py for tasks to queue
[2024-08-10 03:16:36,048] {logging_mixin.py:104} INFO - [2024-08-10 03:16:36,048] {dagbag.py:451} INFO - Filling up the DagBag from /home/airflow/.local/lib/python3.6/site-packages/airflow/example_dags/example_task_group.py
[2024-08-10 03:16:36,055] {scheduler_job.py:639} INFO - DAG(s) dict_keys(['example_task_group']) retrieved from /home/airflow/.local/lib/python3.6/site-packages/airflow/example_dags/example_task_group.py
[2024-08-10 03:16:36,112] {logging_mixin.py:104} INFO - [2024-08-10 03:16:36,112] {dag.py:1824} INFO - Sync 1 DAGs
[2024-08-10 03:16:36,128] {logging_mixin.py:104} INFO - [2024-08-10 03:16:36,127] {dag.py:2280} INFO - Setting next_dagrun for example_task_group to 2024-08-08 00:00:00+00:00
[2024-08-10 03:16:36,137] {scheduler_job.py:190} INFO - Processing /home/airflow/.local/lib/python3.6/site-packages/airflow/example_dags/example_task_group.py took 0.092 seconds
[2024-08-10 04:06:30,536] {scheduler_job.py:182} INFO - Started process (PID=61174) to work on /home/airflow/.local/lib/python3.6/site-packages/airflow/example_dags/example_task_group.py
[2024-08-10 04:06:30,537] {scheduler_job.py:629} INFO - Processing file /home/airflow/.local/lib/python3.6/site-packages/airflow/example_dags/example_task_group.py for tasks to queue
[2024-08-10 04:06:30,538] {logging_mixin.py:104} INFO - [2024-08-10 04:06:30,537] {dagbag.py:451} INFO - Filling up the DagBag from /home/airflow/.local/lib/python3.6/site-packages/airflow/example_dags/example_task_group.py
[2024-08-10 04:06:30,546] {scheduler_job.py:639} INFO - DAG(s) dict_keys(['example_task_group']) retrieved from /home/airflow/.local/lib/python3.6/site-packages/airflow/example_dags/example_task_group.py
[2024-08-10 04:06:30,611] {logging_mixin.py:104} INFO - [2024-08-10 04:06:30,610] {dag.py:1824} INFO - Sync 1 DAGs
[2024-08-10 04:06:30,631] {logging_mixin.py:104} INFO - [2024-08-10 04:06:30,630] {dag.py:2280} INFO - Setting next_dagrun for example_task_group to 2024-08-08 00:00:00+00:00
[2024-08-10 04:06:30,643] {scheduler_job.py:190} INFO - Processing /home/airflow/.local/lib/python3.6/site-packages/airflow/example_dags/example_task_group.py took 0.109 seconds
[2024-08-10 04:17:32,278] {scheduler_job.py:182} INFO - Started process (PID=61203) to work on /home/airflow/.local/lib/python3.6/site-packages/airflow/example_dags/example_task_group.py
[2024-08-10 04:17:32,281] {scheduler_job.py:629} INFO - Processing file /home/airflow/.local/lib/python3.6/site-packages/airflow/example_dags/example_task_group.py for tasks to queue
[2024-08-10 04:17:32,281] {logging_mixin.py:104} INFO - [2024-08-10 04:17:32,281] {dagbag.py:451} INFO - Filling up the DagBag from /home/airflow/.local/lib/python3.6/site-packages/airflow/example_dags/example_task_group.py
[2024-08-10 04:17:32,288] {scheduler_job.py:639} INFO - DAG(s) dict_keys(['example_task_group']) retrieved from /home/airflow/.local/lib/python3.6/site-packages/airflow/example_dags/example_task_group.py
[2024-08-10 04:17:32,383] {logging_mixin.py:104} INFO - [2024-08-10 04:17:32,381] {dag.py:1824} INFO - Sync 1 DAGs
[2024-08-10 04:17:32,413] {logging_mixin.py:104} INFO - [2024-08-10 04:17:32,413] {dag.py:2280} INFO - Setting next_dagrun for example_task_group to 2024-08-08 00:00:00+00:00
[2024-08-10 04:17:32,429] {scheduler_job.py:190} INFO - Processing /home/airflow/.local/lib/python3.6/site-packages/airflow/example_dags/example_task_group.py took 0.153 seconds
[2024-08-10 05:08:47,552] {scheduler_job.py:182} INFO - Started process (PID=61232) to work on /home/airflow/.local/lib/python3.6/site-packages/airflow/example_dags/example_task_group.py
[2024-08-10 05:08:47,553] {scheduler_job.py:629} INFO - Processing file /home/airflow/.local/lib/python3.6/site-packages/airflow/example_dags/example_task_group.py for tasks to queue
[2024-08-10 05:08:47,553] {logging_mixin.py:104} INFO - [2024-08-10 05:08:47,553] {dagbag.py:451} INFO - Filling up the DagBag from /home/airflow/.local/lib/python3.6/site-packages/airflow/example_dags/example_task_group.py
[2024-08-10 05:08:47,562] {scheduler_job.py:639} INFO - DAG(s) dict_keys(['example_task_group']) retrieved from /home/airflow/.local/lib/python3.6/site-packages/airflow/example_dags/example_task_group.py
[2024-08-10 05:08:47,672] {logging_mixin.py:104} INFO - [2024-08-10 05:08:47,672] {dag.py:1824} INFO - Sync 1 DAGs
[2024-08-10 05:08:47,694] {logging_mixin.py:104} INFO - [2024-08-10 05:08:47,694] {dag.py:2280} INFO - Setting next_dagrun for example_task_group to 2024-08-08 00:00:00+00:00
[2024-08-10 05:08:47,709] {scheduler_job.py:190} INFO - Processing /home/airflow/.local/lib/python3.6/site-packages/airflow/example_dags/example_task_group.py took 0.159 seconds
[2024-08-10 05:18:29,360] {scheduler_job.py:182} INFO - Started process (PID=61261) to work on /home/airflow/.local/lib/python3.6/site-packages/airflow/example_dags/example_task_group.py
[2024-08-10 05:18:29,361] {scheduler_job.py:629} INFO - Processing file /home/airflow/.local/lib/python3.6/site-packages/airflow/example_dags/example_task_group.py for tasks to queue
[2024-08-10 05:18:29,361] {logging_mixin.py:104} INFO - [2024-08-10 05:18:29,361] {dagbag.py:451} INFO - Filling up the DagBag from /home/airflow/.local/lib/python3.6/site-packages/airflow/example_dags/example_task_group.py
[2024-08-10 05:18:29,369] {scheduler_job.py:639} INFO - DAG(s) dict_keys(['example_task_group']) retrieved from /home/airflow/.local/lib/python3.6/site-packages/airflow/example_dags/example_task_group.py
[2024-08-10 05:18:29,430] {logging_mixin.py:104} INFO - [2024-08-10 05:18:29,430] {dag.py:1824} INFO - Sync 1 DAGs
[2024-08-10 05:18:29,448] {logging_mixin.py:104} INFO - [2024-08-10 05:18:29,448] {dag.py:2280} INFO - Setting next_dagrun for example_task_group to 2024-08-08 00:00:00+00:00
[2024-08-10 05:18:29,459] {scheduler_job.py:190} INFO - Processing /home/airflow/.local/lib/python3.6/site-packages/airflow/example_dags/example_task_group.py took 0.102 seconds
[2024-08-10 05:52:11,121] {scheduler_job.py:182} INFO - Started process (PID=61290) to work on /home/airflow/.local/lib/python3.6/site-packages/airflow/example_dags/example_task_group.py
[2024-08-10 05:52:11,122] {scheduler_job.py:629} INFO - Processing file /home/airflow/.local/lib/python3.6/site-packages/airflow/example_dags/example_task_group.py for tasks to queue
[2024-08-10 05:52:11,122] {logging_mixin.py:104} INFO - [2024-08-10 05:52:11,122] {dagbag.py:451} INFO - Filling up the DagBag from /home/airflow/.local/lib/python3.6/site-packages/airflow/example_dags/example_task_group.py
[2024-08-10 05:52:11,131] {scheduler_job.py:639} INFO - DAG(s) dict_keys(['example_task_group']) retrieved from /home/airflow/.local/lib/python3.6/site-packages/airflow/example_dags/example_task_group.py
[2024-08-10 05:52:11,229] {logging_mixin.py:104} INFO - [2024-08-10 05:52:11,229] {dag.py:1824} INFO - Sync 1 DAGs
[2024-08-10 05:52:11,265] {logging_mixin.py:104} INFO - [2024-08-10 05:52:11,265] {dag.py:2280} INFO - Setting next_dagrun for example_task_group to 2024-08-08 00:00:00+00:00
[2024-08-10 05:52:11,290] {scheduler_job.py:190} INFO - Processing /home/airflow/.local/lib/python3.6/site-packages/airflow/example_dags/example_task_group.py took 0.171 seconds
[2024-08-10 06:01:20,647] {scheduler_job.py:182} INFO - Started process (PID=61319) to work on /home/airflow/.local/lib/python3.6/site-packages/airflow/example_dags/example_task_group.py
[2024-08-10 06:01:20,648] {scheduler_job.py:629} INFO - Processing file /home/airflow/.local/lib/python3.6/site-packages/airflow/example_dags/example_task_group.py for tasks to queue
[2024-08-10 06:01:20,648] {logging_mixin.py:104} INFO - [2024-08-10 06:01:20,648] {dagbag.py:451} INFO - Filling up the DagBag from /home/airflow/.local/lib/python3.6/site-packages/airflow/example_dags/example_task_group.py
[2024-08-10 06:01:20,654] {scheduler_job.py:639} INFO - DAG(s) dict_keys(['example_task_group']) retrieved from /home/airflow/.local/lib/python3.6/site-packages/airflow/example_dags/example_task_group.py
[2024-08-10 06:01:20,714] {logging_mixin.py:104} INFO - [2024-08-10 06:01:20,714] {dag.py:1824} INFO - Sync 1 DAGs
[2024-08-10 06:01:20,733] {logging_mixin.py:104} INFO - [2024-08-10 06:01:20,733] {dag.py:2280} INFO - Setting next_dagrun for example_task_group to 2024-08-08 00:00:00+00:00
[2024-08-10 06:01:20,743] {scheduler_job.py:190} INFO - Processing /home/airflow/.local/lib/python3.6/site-packages/airflow/example_dags/example_task_group.py took 0.098 seconds
[2024-08-10 06:09:12,474] {scheduler_job.py:182} INFO - Started process (PID=61348) to work on /home/airflow/.local/lib/python3.6/site-packages/airflow/example_dags/example_task_group.py
[2024-08-10 06:09:12,475] {scheduler_job.py:629} INFO - Processing file /home/airflow/.local/lib/python3.6/site-packages/airflow/example_dags/example_task_group.py for tasks to queue
[2024-08-10 06:09:12,475] {logging_mixin.py:104} INFO - [2024-08-10 06:09:12,475] {dagbag.py:451} INFO - Filling up the DagBag from /home/airflow/.local/lib/python3.6/site-packages/airflow/example_dags/example_task_group.py
[2024-08-10 06:09:12,484] {scheduler_job.py:639} INFO - DAG(s) dict_keys(['example_task_group']) retrieved from /home/airflow/.local/lib/python3.6/site-packages/airflow/example_dags/example_task_group.py
[2024-08-10 06:09:12,564] {logging_mixin.py:104} INFO - [2024-08-10 06:09:12,564] {dag.py:1824} INFO - Sync 1 DAGs
[2024-08-10 06:09:12,585] {logging_mixin.py:104} INFO - [2024-08-10 06:09:12,585] {dag.py:2280} INFO - Setting next_dagrun for example_task_group to 2024-08-08 00:00:00+00:00
[2024-08-10 06:09:12,601] {scheduler_job.py:190} INFO - Processing /home/airflow/.local/lib/python3.6/site-packages/airflow/example_dags/example_task_group.py took 0.130 seconds
[2024-08-10 06:09:43,505] {scheduler_job.py:182} INFO - Started process (PID=61377) to work on /home/airflow/.local/lib/python3.6/site-packages/airflow/example_dags/example_task_group.py
[2024-08-10 06:09:43,506] {scheduler_job.py:629} INFO - Processing file /home/airflow/.local/lib/python3.6/site-packages/airflow/example_dags/example_task_group.py for tasks to queue
[2024-08-10 06:09:43,507] {logging_mixin.py:104} INFO - [2024-08-10 06:09:43,507] {dagbag.py:451} INFO - Filling up the DagBag from /home/airflow/.local/lib/python3.6/site-packages/airflow/example_dags/example_task_group.py
[2024-08-10 06:09:43,513] {scheduler_job.py:639} INFO - DAG(s) dict_keys(['example_task_group']) retrieved from /home/airflow/.local/lib/python3.6/site-packages/airflow/example_dags/example_task_group.py
[2024-08-10 06:09:43,571] {logging_mixin.py:104} INFO - [2024-08-10 06:09:43,571] {dag.py:1824} INFO - Sync 1 DAGs
[2024-08-10 06:09:43,587] {logging_mixin.py:104} INFO - [2024-08-10 06:09:43,587] {dag.py:2280} INFO - Setting next_dagrun for example_task_group to 2024-08-08 00:00:00+00:00
[2024-08-10 06:09:43,599] {scheduler_job.py:190} INFO - Processing /home/airflow/.local/lib/python3.6/site-packages/airflow/example_dags/example_task_group.py took 0.095 seconds
[2024-08-10 06:19:26,468] {scheduler_job.py:182} INFO - Started process (PID=61406) to work on /home/airflow/.local/lib/python3.6/site-packages/airflow/example_dags/example_task_group.py
[2024-08-10 06:19:26,469] {scheduler_job.py:629} INFO - Processing file /home/airflow/.local/lib/python3.6/site-packages/airflow/example_dags/example_task_group.py for tasks to queue
[2024-08-10 06:19:26,469] {logging_mixin.py:104} INFO - [2024-08-10 06:19:26,469] {dagbag.py:451} INFO - Filling up the DagBag from /home/airflow/.local/lib/python3.6/site-packages/airflow/example_dags/example_task_group.py
[2024-08-10 06:19:26,476] {scheduler_job.py:639} INFO - DAG(s) dict_keys(['example_task_group']) retrieved from /home/airflow/.local/lib/python3.6/site-packages/airflow/example_dags/example_task_group.py
[2024-08-10 06:19:26,555] {logging_mixin.py:104} INFO - [2024-08-10 06:19:26,555] {dag.py:1824} INFO - Sync 1 DAGs
[2024-08-10 06:19:26,579] {logging_mixin.py:104} INFO - [2024-08-10 06:19:26,579] {dag.py:2280} INFO - Setting next_dagrun for example_task_group to 2024-08-08 00:00:00+00:00
[2024-08-10 06:19:26,592] {scheduler_job.py:190} INFO - Processing /home/airflow/.local/lib/python3.6/site-packages/airflow/example_dags/example_task_group.py took 0.126 seconds
[2024-08-10 06:53:15,288] {scheduler_job.py:182} INFO - Started process (PID=61435) to work on /home/airflow/.local/lib/python3.6/site-packages/airflow/example_dags/example_task_group.py
[2024-08-10 06:53:15,290] {scheduler_job.py:629} INFO - Processing file /home/airflow/.local/lib/python3.6/site-packages/airflow/example_dags/example_task_group.py for tasks to queue
[2024-08-10 06:53:15,293] {logging_mixin.py:104} INFO - [2024-08-10 06:53:15,293] {dagbag.py:451} INFO - Filling up the DagBag from /home/airflow/.local/lib/python3.6/site-packages/airflow/example_dags/example_task_group.py
[2024-08-10 06:53:15,313] {scheduler_job.py:639} INFO - DAG(s) dict_keys(['example_task_group']) retrieved from /home/airflow/.local/lib/python3.6/site-packages/airflow/example_dags/example_task_group.py
[2024-08-10 06:53:15,412] {logging_mixin.py:104} INFO - [2024-08-10 06:53:15,412] {dag.py:1824} INFO - Sync 1 DAGs
[2024-08-10 06:53:15,430] {logging_mixin.py:104} INFO - [2024-08-10 06:53:15,430] {dag.py:2280} INFO - Setting next_dagrun for example_task_group to 2024-08-08 00:00:00+00:00
[2024-08-10 06:53:15,441] {scheduler_job.py:190} INFO - Processing /home/airflow/.local/lib/python3.6/site-packages/airflow/example_dags/example_task_group.py took 0.161 seconds
[2024-08-10 07:20:23,782] {scheduler_job.py:182} INFO - Started process (PID=61464) to work on /home/airflow/.local/lib/python3.6/site-packages/airflow/example_dags/example_task_group.py
[2024-08-10 07:20:23,783] {scheduler_job.py:629} INFO - Processing file /home/airflow/.local/lib/python3.6/site-packages/airflow/example_dags/example_task_group.py for tasks to queue
[2024-08-10 07:20:23,784] {logging_mixin.py:104} INFO - [2024-08-10 07:20:23,784] {dagbag.py:451} INFO - Filling up the DagBag from /home/airflow/.local/lib/python3.6/site-packages/airflow/example_dags/example_task_group.py
[2024-08-10 07:20:23,793] {scheduler_job.py:639} INFO - DAG(s) dict_keys(['example_task_group']) retrieved from /home/airflow/.local/lib/python3.6/site-packages/airflow/example_dags/example_task_group.py
[2024-08-10 07:20:23,871] {logging_mixin.py:104} INFO - [2024-08-10 07:20:23,871] {dag.py:1824} INFO - Sync 1 DAGs
[2024-08-10 07:20:23,898] {logging_mixin.py:104} INFO - [2024-08-10 07:20:23,898] {dag.py:2280} INFO - Setting next_dagrun for example_task_group to 2024-08-08 00:00:00+00:00
[2024-08-10 07:20:23,911] {scheduler_job.py:190} INFO - Processing /home/airflow/.local/lib/python3.6/site-packages/airflow/example_dags/example_task_group.py took 0.131 seconds
[2024-08-10 07:36:32,041] {scheduler_job.py:182} INFO - Started process (PID=61493) to work on /home/airflow/.local/lib/python3.6/site-packages/airflow/example_dags/example_task_group.py
[2024-08-10 07:36:32,042] {scheduler_job.py:629} INFO - Processing file /home/airflow/.local/lib/python3.6/site-packages/airflow/example_dags/example_task_group.py for tasks to queue
[2024-08-10 07:36:32,043] {logging_mixin.py:104} INFO - [2024-08-10 07:36:32,042] {dagbag.py:451} INFO - Filling up the DagBag from /home/airflow/.local/lib/python3.6/site-packages/airflow/example_dags/example_task_group.py
[2024-08-10 07:36:32,051] {scheduler_job.py:639} INFO - DAG(s) dict_keys(['example_task_group']) retrieved from /home/airflow/.local/lib/python3.6/site-packages/airflow/example_dags/example_task_group.py
[2024-08-10 07:36:32,123] {logging_mixin.py:104} INFO - [2024-08-10 07:36:32,123] {dag.py:1824} INFO - Sync 1 DAGs
[2024-08-10 07:36:32,145] {logging_mixin.py:104} INFO - [2024-08-10 07:36:32,145] {dag.py:2280} INFO - Setting next_dagrun for example_task_group to 2024-08-08 00:00:00+00:00
[2024-08-10 07:36:32,159] {scheduler_job.py:190} INFO - Processing /home/airflow/.local/lib/python3.6/site-packages/airflow/example_dags/example_task_group.py took 0.121 seconds
[2024-08-10 07:40:23,203] {scheduler_job.py:182} INFO - Started process (PID=61522) to work on /home/airflow/.local/lib/python3.6/site-packages/airflow/example_dags/example_task_group.py
[2024-08-10 07:40:23,204] {scheduler_job.py:629} INFO - Processing file /home/airflow/.local/lib/python3.6/site-packages/airflow/example_dags/example_task_group.py for tasks to queue
[2024-08-10 07:40:23,205] {logging_mixin.py:104} INFO - [2024-08-10 07:40:23,205] {dagbag.py:451} INFO - Filling up the DagBag from /home/airflow/.local/lib/python3.6/site-packages/airflow/example_dags/example_task_group.py
[2024-08-10 07:40:23,213] {scheduler_job.py:639} INFO - DAG(s) dict_keys(['example_task_group']) retrieved from /home/airflow/.local/lib/python3.6/site-packages/airflow/example_dags/example_task_group.py
[2024-08-10 07:40:23,298] {logging_mixin.py:104} INFO - [2024-08-10 07:40:23,298] {dag.py:1824} INFO - Sync 1 DAGs
[2024-08-10 07:40:23,319] {logging_mixin.py:104} INFO - [2024-08-10 07:40:23,319] {dag.py:2280} INFO - Setting next_dagrun for example_task_group to 2024-08-08 00:00:00+00:00
[2024-08-10 07:40:23,333] {scheduler_job.py:190} INFO - Processing /home/airflow/.local/lib/python3.6/site-packages/airflow/example_dags/example_task_group.py took 0.131 seconds
[2024-08-10 08:13:23,806] {scheduler_job.py:182} INFO - Started process (PID=61551) to work on /home/airflow/.local/lib/python3.6/site-packages/airflow/example_dags/example_task_group.py
[2024-08-10 08:13:23,807] {scheduler_job.py:629} INFO - Processing file /home/airflow/.local/lib/python3.6/site-packages/airflow/example_dags/example_task_group.py for tasks to queue
[2024-08-10 08:13:23,809] {logging_mixin.py:104} INFO - [2024-08-10 08:13:23,809] {dagbag.py:451} INFO - Filling up the DagBag from /home/airflow/.local/lib/python3.6/site-packages/airflow/example_dags/example_task_group.py
[2024-08-10 08:13:23,822] {scheduler_job.py:639} INFO - DAG(s) dict_keys(['example_task_group']) retrieved from /home/airflow/.local/lib/python3.6/site-packages/airflow/example_dags/example_task_group.py
[2024-08-10 08:13:23,919] {logging_mixin.py:104} INFO - [2024-08-10 08:13:23,919] {dag.py:1824} INFO - Sync 1 DAGs
[2024-08-10 08:13:23,952] {logging_mixin.py:104} INFO - [2024-08-10 08:13:23,951] {dag.py:2280} INFO - Setting next_dagrun for example_task_group to 2024-08-08 00:00:00+00:00
[2024-08-10 08:13:23,964] {scheduler_job.py:190} INFO - Processing /home/airflow/.local/lib/python3.6/site-packages/airflow/example_dags/example_task_group.py took 0.164 seconds
[2024-08-10 08:16:03,680] {scheduler_job.py:182} INFO - Started process (PID=61580) to work on /home/airflow/.local/lib/python3.6/site-packages/airflow/example_dags/example_task_group.py
[2024-08-10 08:16:03,682] {scheduler_job.py:629} INFO - Processing file /home/airflow/.local/lib/python3.6/site-packages/airflow/example_dags/example_task_group.py for tasks to queue
[2024-08-10 08:16:03,682] {logging_mixin.py:104} INFO - [2024-08-10 08:16:03,682] {dagbag.py:451} INFO - Filling up the DagBag from /home/airflow/.local/lib/python3.6/site-packages/airflow/example_dags/example_task_group.py
[2024-08-10 08:16:03,692] {scheduler_job.py:639} INFO - DAG(s) dict_keys(['example_task_group']) retrieved from /home/airflow/.local/lib/python3.6/site-packages/airflow/example_dags/example_task_group.py
[2024-08-10 08:16:03,754] {logging_mixin.py:104} INFO - [2024-08-10 08:16:03,754] {dag.py:1824} INFO - Sync 1 DAGs
[2024-08-10 08:16:03,774] {logging_mixin.py:104} INFO - [2024-08-10 08:16:03,774] {dag.py:2280} INFO - Setting next_dagrun for example_task_group to 2024-08-08 00:00:00+00:00
[2024-08-10 08:16:03,786] {scheduler_job.py:190} INFO - Processing /home/airflow/.local/lib/python3.6/site-packages/airflow/example_dags/example_task_group.py took 0.109 seconds
[2024-08-10 08:16:33,955] {scheduler_job.py:182} INFO - Started process (PID=61609) to work on /home/airflow/.local/lib/python3.6/site-packages/airflow/example_dags/example_task_group.py
[2024-08-10 08:16:33,956] {scheduler_job.py:629} INFO - Processing file /home/airflow/.local/lib/python3.6/site-packages/airflow/example_dags/example_task_group.py for tasks to queue
[2024-08-10 08:16:33,957] {logging_mixin.py:104} INFO - [2024-08-10 08:16:33,957] {dagbag.py:451} INFO - Filling up the DagBag from /home/airflow/.local/lib/python3.6/site-packages/airflow/example_dags/example_task_group.py
[2024-08-10 08:16:33,963] {scheduler_job.py:639} INFO - DAG(s) dict_keys(['example_task_group']) retrieved from /home/airflow/.local/lib/python3.6/site-packages/airflow/example_dags/example_task_group.py
[2024-08-10 08:16:34,023] {logging_mixin.py:104} INFO - [2024-08-10 08:16:34,023] {dag.py:1824} INFO - Sync 1 DAGs
[2024-08-10 08:16:34,040] {logging_mixin.py:104} INFO - [2024-08-10 08:16:34,040] {dag.py:2280} INFO - Setting next_dagrun for example_task_group to 2024-08-08 00:00:00+00:00
[2024-08-10 08:16:34,050] {scheduler_job.py:190} INFO - Processing /home/airflow/.local/lib/python3.6/site-packages/airflow/example_dags/example_task_group.py took 0.096 seconds
[2024-08-10 08:17:04,742] {scheduler_job.py:182} INFO - Started process (PID=61638) to work on /home/airflow/.local/lib/python3.6/site-packages/airflow/example_dags/example_task_group.py
[2024-08-10 08:17:04,742] {scheduler_job.py:629} INFO - Processing file /home/airflow/.local/lib/python3.6/site-packages/airflow/example_dags/example_task_group.py for tasks to queue
[2024-08-10 08:17:04,743] {logging_mixin.py:104} INFO - [2024-08-10 08:17:04,742] {dagbag.py:451} INFO - Filling up the DagBag from /home/airflow/.local/lib/python3.6/site-packages/airflow/example_dags/example_task_group.py
[2024-08-10 08:17:04,750] {scheduler_job.py:639} INFO - DAG(s) dict_keys(['example_task_group']) retrieved from /home/airflow/.local/lib/python3.6/site-packages/airflow/example_dags/example_task_group.py
[2024-08-10 08:17:04,814] {logging_mixin.py:104} INFO - [2024-08-10 08:17:04,814] {dag.py:1824} INFO - Sync 1 DAGs
[2024-08-10 08:17:04,833] {logging_mixin.py:104} INFO - [2024-08-10 08:17:04,832] {dag.py:2280} INFO - Setting next_dagrun for example_task_group to 2024-08-08 00:00:00+00:00
[2024-08-10 08:17:04,844] {scheduler_job.py:190} INFO - Processing /home/airflow/.local/lib/python3.6/site-packages/airflow/example_dags/example_task_group.py took 0.104 seconds
[2024-08-10 08:17:35,638] {scheduler_job.py:182} INFO - Started process (PID=61667) to work on /home/airflow/.local/lib/python3.6/site-packages/airflow/example_dags/example_task_group.py
[2024-08-10 08:17:35,638] {scheduler_job.py:629} INFO - Processing file /home/airflow/.local/lib/python3.6/site-packages/airflow/example_dags/example_task_group.py for tasks to queue
[2024-08-10 08:17:35,639] {logging_mixin.py:104} INFO - [2024-08-10 08:17:35,639] {dagbag.py:451} INFO - Filling up the DagBag from /home/airflow/.local/lib/python3.6/site-packages/airflow/example_dags/example_task_group.py
[2024-08-10 08:17:35,646] {scheduler_job.py:639} INFO - DAG(s) dict_keys(['example_task_group']) retrieved from /home/airflow/.local/lib/python3.6/site-packages/airflow/example_dags/example_task_group.py
[2024-08-10 08:17:35,706] {logging_mixin.py:104} INFO - [2024-08-10 08:17:35,706] {dag.py:1824} INFO - Sync 1 DAGs
[2024-08-10 08:17:35,724] {logging_mixin.py:104} INFO - [2024-08-10 08:17:35,724] {dag.py:2280} INFO - Setting next_dagrun for example_task_group to 2024-08-08 00:00:00+00:00
[2024-08-10 08:17:35,736] {scheduler_job.py:190} INFO - Processing /home/airflow/.local/lib/python3.6/site-packages/airflow/example_dags/example_task_group.py took 0.100 seconds
[2024-08-10 08:18:06,377] {scheduler_job.py:182} INFO - Started process (PID=61696) to work on /home/airflow/.local/lib/python3.6/site-packages/airflow/example_dags/example_task_group.py
[2024-08-10 08:18:06,378] {scheduler_job.py:629} INFO - Processing file /home/airflow/.local/lib/python3.6/site-packages/airflow/example_dags/example_task_group.py for tasks to queue
[2024-08-10 08:18:06,378] {logging_mixin.py:104} INFO - [2024-08-10 08:18:06,378] {dagbag.py:451} INFO - Filling up the DagBag from /home/airflow/.local/lib/python3.6/site-packages/airflow/example_dags/example_task_group.py
[2024-08-10 08:18:06,385] {scheduler_job.py:639} INFO - DAG(s) dict_keys(['example_task_group']) retrieved from /home/airflow/.local/lib/python3.6/site-packages/airflow/example_dags/example_task_group.py
[2024-08-10 08:18:06,446] {logging_mixin.py:104} INFO - [2024-08-10 08:18:06,446] {dag.py:1824} INFO - Sync 1 DAGs
[2024-08-10 08:18:06,463] {logging_mixin.py:104} INFO - [2024-08-10 08:18:06,463] {dag.py:2280} INFO - Setting next_dagrun for example_task_group to 2024-08-08 00:00:00+00:00
[2024-08-10 08:18:06,474] {scheduler_job.py:190} INFO - Processing /home/airflow/.local/lib/python3.6/site-packages/airflow/example_dags/example_task_group.py took 0.098 seconds
[2024-08-10 08:18:37,154] {scheduler_job.py:182} INFO - Started process (PID=61725) to work on /home/airflow/.local/lib/python3.6/site-packages/airflow/example_dags/example_task_group.py
[2024-08-10 08:18:37,155] {scheduler_job.py:629} INFO - Processing file /home/airflow/.local/lib/python3.6/site-packages/airflow/example_dags/example_task_group.py for tasks to queue
[2024-08-10 08:18:37,156] {logging_mixin.py:104} INFO - [2024-08-10 08:18:37,156] {dagbag.py:451} INFO - Filling up the DagBag from /home/airflow/.local/lib/python3.6/site-packages/airflow/example_dags/example_task_group.py
[2024-08-10 08:18:37,162] {scheduler_job.py:639} INFO - DAG(s) dict_keys(['example_task_group']) retrieved from /home/airflow/.local/lib/python3.6/site-packages/airflow/example_dags/example_task_group.py
[2024-08-10 08:18:37,222] {logging_mixin.py:104} INFO - [2024-08-10 08:18:37,222] {dag.py:1824} INFO - Sync 1 DAGs
[2024-08-10 08:18:37,239] {logging_mixin.py:104} INFO - [2024-08-10 08:18:37,239] {dag.py:2280} INFO - Setting next_dagrun for example_task_group to 2024-08-08 00:00:00+00:00
[2024-08-10 08:18:37,249] {scheduler_job.py:190} INFO - Processing /home/airflow/.local/lib/python3.6/site-packages/airflow/example_dags/example_task_group.py took 0.097 seconds
[2024-08-10 08:19:07,971] {scheduler_job.py:182} INFO - Started process (PID=61754) to work on /home/airflow/.local/lib/python3.6/site-packages/airflow/example_dags/example_task_group.py
[2024-08-10 08:19:07,971] {scheduler_job.py:629} INFO - Processing file /home/airflow/.local/lib/python3.6/site-packages/airflow/example_dags/example_task_group.py for tasks to queue
[2024-08-10 08:19:07,972] {logging_mixin.py:104} INFO - [2024-08-10 08:19:07,972] {dagbag.py:451} INFO - Filling up the DagBag from /home/airflow/.local/lib/python3.6/site-packages/airflow/example_dags/example_task_group.py
[2024-08-10 08:19:07,979] {scheduler_job.py:639} INFO - DAG(s) dict_keys(['example_task_group']) retrieved from /home/airflow/.local/lib/python3.6/site-packages/airflow/example_dags/example_task_group.py
[2024-08-10 08:19:08,038] {logging_mixin.py:104} INFO - [2024-08-10 08:19:08,038] {dag.py:1824} INFO - Sync 1 DAGs
[2024-08-10 08:19:08,054] {logging_mixin.py:104} INFO - [2024-08-10 08:19:08,054] {dag.py:2280} INFO - Setting next_dagrun for example_task_group to 2024-08-08 00:00:00+00:00
[2024-08-10 08:19:08,064] {scheduler_job.py:190} INFO - Processing /home/airflow/.local/lib/python3.6/site-packages/airflow/example_dags/example_task_group.py took 0.096 seconds
[2024-08-10 08:19:38,686] {scheduler_job.py:182} INFO - Started process (PID=61783) to work on /home/airflow/.local/lib/python3.6/site-packages/airflow/example_dags/example_task_group.py
[2024-08-10 08:19:38,687] {scheduler_job.py:629} INFO - Processing file /home/airflow/.local/lib/python3.6/site-packages/airflow/example_dags/example_task_group.py for tasks to queue
[2024-08-10 08:19:38,687] {logging_mixin.py:104} INFO - [2024-08-10 08:19:38,687] {dagbag.py:451} INFO - Filling up the DagBag from /home/airflow/.local/lib/python3.6/site-packages/airflow/example_dags/example_task_group.py
[2024-08-10 08:19:38,695] {scheduler_job.py:639} INFO - DAG(s) dict_keys(['example_task_group']) retrieved from /home/airflow/.local/lib/python3.6/site-packages/airflow/example_dags/example_task_group.py
[2024-08-10 08:19:38,755] {logging_mixin.py:104} INFO - [2024-08-10 08:19:38,755] {dag.py:1824} INFO - Sync 1 DAGs
[2024-08-10 08:19:38,771] {logging_mixin.py:104} INFO - [2024-08-10 08:19:38,770] {dag.py:2280} INFO - Setting next_dagrun for example_task_group to 2024-08-08 00:00:00+00:00
[2024-08-10 08:19:38,781] {scheduler_job.py:190} INFO - Processing /home/airflow/.local/lib/python3.6/site-packages/airflow/example_dags/example_task_group.py took 0.096 seconds
[2024-08-10 08:20:09,422] {scheduler_job.py:182} INFO - Started process (PID=61812) to work on /home/airflow/.local/lib/python3.6/site-packages/airflow/example_dags/example_task_group.py
[2024-08-10 08:20:09,423] {scheduler_job.py:629} INFO - Processing file /home/airflow/.local/lib/python3.6/site-packages/airflow/example_dags/example_task_group.py for tasks to queue
[2024-08-10 08:20:09,423] {logging_mixin.py:104} INFO - [2024-08-10 08:20:09,423] {dagbag.py:451} INFO - Filling up the DagBag from /home/airflow/.local/lib/python3.6/site-packages/airflow/example_dags/example_task_group.py
[2024-08-10 08:20:09,430] {scheduler_job.py:639} INFO - DAG(s) dict_keys(['example_task_group']) retrieved from /home/airflow/.local/lib/python3.6/site-packages/airflow/example_dags/example_task_group.py
[2024-08-10 08:20:09,488] {logging_mixin.py:104} INFO - [2024-08-10 08:20:09,488] {dag.py:1824} INFO - Sync 1 DAGs
[2024-08-10 08:20:09,503] {logging_mixin.py:104} INFO - [2024-08-10 08:20:09,503] {dag.py:2280} INFO - Setting next_dagrun for example_task_group to 2024-08-08 00:00:00+00:00
[2024-08-10 08:20:09,515] {scheduler_job.py:190} INFO - Processing /home/airflow/.local/lib/python3.6/site-packages/airflow/example_dags/example_task_group.py took 0.095 seconds
[2024-08-10 08:20:40,233] {scheduler_job.py:182} INFO - Started process (PID=61841) to work on /home/airflow/.local/lib/python3.6/site-packages/airflow/example_dags/example_task_group.py
[2024-08-10 08:20:40,234] {scheduler_job.py:629} INFO - Processing file /home/airflow/.local/lib/python3.6/site-packages/airflow/example_dags/example_task_group.py for tasks to queue
[2024-08-10 08:20:40,234] {logging_mixin.py:104} INFO - [2024-08-10 08:20:40,234] {dagbag.py:451} INFO - Filling up the DagBag from /home/airflow/.local/lib/python3.6/site-packages/airflow/example_dags/example_task_group.py
[2024-08-10 08:20:40,241] {scheduler_job.py:639} INFO - DAG(s) dict_keys(['example_task_group']) retrieved from /home/airflow/.local/lib/python3.6/site-packages/airflow/example_dags/example_task_group.py
[2024-08-10 08:20:40,301] {logging_mixin.py:104} INFO - [2024-08-10 08:20:40,300] {dag.py:1824} INFO - Sync 1 DAGs
[2024-08-10 08:20:40,317] {logging_mixin.py:104} INFO - [2024-08-10 08:20:40,317] {dag.py:2280} INFO - Setting next_dagrun for example_task_group to 2024-08-08 00:00:00+00:00
[2024-08-10 08:20:40,327] {scheduler_job.py:190} INFO - Processing /home/airflow/.local/lib/python3.6/site-packages/airflow/example_dags/example_task_group.py took 0.096 seconds
[2024-08-10 08:21:10,957] {scheduler_job.py:182} INFO - Started process (PID=61870) to work on /home/airflow/.local/lib/python3.6/site-packages/airflow/example_dags/example_task_group.py
[2024-08-10 08:21:10,957] {scheduler_job.py:629} INFO - Processing file /home/airflow/.local/lib/python3.6/site-packages/airflow/example_dags/example_task_group.py for tasks to queue
[2024-08-10 08:21:10,958] {logging_mixin.py:104} INFO - [2024-08-10 08:21:10,958] {dagbag.py:451} INFO - Filling up the DagBag from /home/airflow/.local/lib/python3.6/site-packages/airflow/example_dags/example_task_group.py
[2024-08-10 08:21:10,965] {scheduler_job.py:639} INFO - DAG(s) dict_keys(['example_task_group']) retrieved from /home/airflow/.local/lib/python3.6/site-packages/airflow/example_dags/example_task_group.py
[2024-08-10 08:21:11,024] {logging_mixin.py:104} INFO - [2024-08-10 08:21:11,024] {dag.py:1824} INFO - Sync 1 DAGs
[2024-08-10 08:21:11,041] {logging_mixin.py:104} INFO - [2024-08-10 08:21:11,041] {dag.py:2280} INFO - Setting next_dagrun for example_task_group to 2024-08-08 00:00:00+00:00
[2024-08-10 08:21:11,051] {scheduler_job.py:190} INFO - Processing /home/airflow/.local/lib/python3.6/site-packages/airflow/example_dags/example_task_group.py took 0.096 seconds
[2024-08-10 08:21:41,737] {scheduler_job.py:182} INFO - Started process (PID=61899) to work on /home/airflow/.local/lib/python3.6/site-packages/airflow/example_dags/example_task_group.py
[2024-08-10 08:21:41,738] {scheduler_job.py:629} INFO - Processing file /home/airflow/.local/lib/python3.6/site-packages/airflow/example_dags/example_task_group.py for tasks to queue
[2024-08-10 08:21:41,738] {logging_mixin.py:104} INFO - [2024-08-10 08:21:41,738] {dagbag.py:451} INFO - Filling up the DagBag from /home/airflow/.local/lib/python3.6/site-packages/airflow/example_dags/example_task_group.py
[2024-08-10 08:21:41,745] {scheduler_job.py:639} INFO - DAG(s) dict_keys(['example_task_group']) retrieved from /home/airflow/.local/lib/python3.6/site-packages/airflow/example_dags/example_task_group.py
[2024-08-10 08:21:41,805] {logging_mixin.py:104} INFO - [2024-08-10 08:21:41,805] {dag.py:1824} INFO - Sync 1 DAGs
[2024-08-10 08:21:41,822] {logging_mixin.py:104} INFO - [2024-08-10 08:21:41,821] {dag.py:2280} INFO - Setting next_dagrun for example_task_group to 2024-08-08 00:00:00+00:00
[2024-08-10 08:21:41,836] {scheduler_job.py:190} INFO - Processing /home/airflow/.local/lib/python3.6/site-packages/airflow/example_dags/example_task_group.py took 0.101 seconds
[2024-08-10 08:22:12,538] {scheduler_job.py:182} INFO - Started process (PID=61928) to work on /home/airflow/.local/lib/python3.6/site-packages/airflow/example_dags/example_task_group.py
[2024-08-10 08:22:12,538] {scheduler_job.py:629} INFO - Processing file /home/airflow/.local/lib/python3.6/site-packages/airflow/example_dags/example_task_group.py for tasks to queue
[2024-08-10 08:22:12,539] {logging_mixin.py:104} INFO - [2024-08-10 08:22:12,539] {dagbag.py:451} INFO - Filling up the DagBag from /home/airflow/.local/lib/python3.6/site-packages/airflow/example_dags/example_task_group.py
[2024-08-10 08:22:12,546] {scheduler_job.py:639} INFO - DAG(s) dict_keys(['example_task_group']) retrieved from /home/airflow/.local/lib/python3.6/site-packages/airflow/example_dags/example_task_group.py
[2024-08-10 08:22:12,605] {logging_mixin.py:104} INFO - [2024-08-10 08:22:12,604] {dag.py:1824} INFO - Sync 1 DAGs
[2024-08-10 08:22:12,622] {logging_mixin.py:104} INFO - [2024-08-10 08:22:12,622] {dag.py:2280} INFO - Setting next_dagrun for example_task_group to 2024-08-08 00:00:00+00:00
[2024-08-10 08:22:12,633] {scheduler_job.py:190} INFO - Processing /home/airflow/.local/lib/python3.6/site-packages/airflow/example_dags/example_task_group.py took 0.097 seconds
[2024-08-10 08:22:43,293] {scheduler_job.py:182} INFO - Started process (PID=61957) to work on /home/airflow/.local/lib/python3.6/site-packages/airflow/example_dags/example_task_group.py
[2024-08-10 08:22:43,293] {scheduler_job.py:629} INFO - Processing file /home/airflow/.local/lib/python3.6/site-packages/airflow/example_dags/example_task_group.py for tasks to queue
[2024-08-10 08:22:43,294] {logging_mixin.py:104} INFO - [2024-08-10 08:22:43,294] {dagbag.py:451} INFO - Filling up the DagBag from /home/airflow/.local/lib/python3.6/site-packages/airflow/example_dags/example_task_group.py
[2024-08-10 08:22:43,301] {scheduler_job.py:639} INFO - DAG(s) dict_keys(['example_task_group']) retrieved from /home/airflow/.local/lib/python3.6/site-packages/airflow/example_dags/example_task_group.py
[2024-08-10 08:22:43,363] {logging_mixin.py:104} INFO - [2024-08-10 08:22:43,363] {dag.py:1824} INFO - Sync 1 DAGs
[2024-08-10 08:22:43,380] {logging_mixin.py:104} INFO - [2024-08-10 08:22:43,380] {dag.py:2280} INFO - Setting next_dagrun for example_task_group to 2024-08-08 00:00:00+00:00
[2024-08-10 08:22:43,391] {scheduler_job.py:190} INFO - Processing /home/airflow/.local/lib/python3.6/site-packages/airflow/example_dags/example_task_group.py took 0.101 seconds
[2024-08-10 19:59:44,984] {scheduler_job.py:182} INFO - Started process (PID=59) to work on /home/airflow/.local/lib/python3.6/site-packages/airflow/example_dags/example_task_group.py
[2024-08-10 19:59:44,984] {scheduler_job.py:629} INFO - Processing file /home/airflow/.local/lib/python3.6/site-packages/airflow/example_dags/example_task_group.py for tasks to queue
[2024-08-10 19:59:44,985] {logging_mixin.py:104} INFO - [2024-08-10 19:59:44,985] {dagbag.py:451} INFO - Filling up the DagBag from /home/airflow/.local/lib/python3.6/site-packages/airflow/example_dags/example_task_group.py
[2024-08-10 19:59:44,991] {scheduler_job.py:639} INFO - DAG(s) dict_keys(['example_task_group']) retrieved from /home/airflow/.local/lib/python3.6/site-packages/airflow/example_dags/example_task_group.py
[2024-08-10 19:59:45,053] {logging_mixin.py:104} INFO - [2024-08-10 19:59:45,053] {dag.py:1824} INFO - Sync 1 DAGs
[2024-08-10 19:59:45,070] {logging_mixin.py:104} INFO - [2024-08-10 19:59:45,069] {dag.py:2280} INFO - Setting next_dagrun for example_task_group to 2024-08-08 00:00:00+00:00
[2024-08-10 19:59:45,084] {scheduler_job.py:190} INFO - Processing /home/airflow/.local/lib/python3.6/site-packages/airflow/example_dags/example_task_group.py took 0.102 seconds
[2024-08-10 20:00:15,846] {scheduler_job.py:182} INFO - Started process (PID=82) to work on /home/airflow/.local/lib/python3.6/site-packages/airflow/example_dags/example_task_group.py
[2024-08-10 20:00:15,847] {scheduler_job.py:629} INFO - Processing file /home/airflow/.local/lib/python3.6/site-packages/airflow/example_dags/example_task_group.py for tasks to queue
[2024-08-10 20:00:15,848] {logging_mixin.py:104} INFO - [2024-08-10 20:00:15,848] {dagbag.py:451} INFO - Filling up the DagBag from /home/airflow/.local/lib/python3.6/site-packages/airflow/example_dags/example_task_group.py
[2024-08-10 20:00:15,856] {scheduler_job.py:639} INFO - DAG(s) dict_keys(['example_task_group']) retrieved from /home/airflow/.local/lib/python3.6/site-packages/airflow/example_dags/example_task_group.py
[2024-08-10 20:00:15,918] {logging_mixin.py:104} INFO - [2024-08-10 20:00:15,917] {dag.py:1824} INFO - Sync 1 DAGs
[2024-08-10 20:00:15,938] {logging_mixin.py:104} INFO - [2024-08-10 20:00:15,938] {dag.py:2280} INFO - Setting next_dagrun for example_task_group to 2024-08-08 00:00:00+00:00
[2024-08-10 20:00:15,949] {scheduler_job.py:190} INFO - Processing /home/airflow/.local/lib/python3.6/site-packages/airflow/example_dags/example_task_group.py took 0.104 seconds
[2024-08-10 21:00:38,046] {scheduler_job.py:182} INFO - Started process (PID=117) to work on /home/airflow/.local/lib/python3.6/site-packages/airflow/example_dags/example_task_group.py
[2024-08-10 21:00:38,047] {scheduler_job.py:629} INFO - Processing file /home/airflow/.local/lib/python3.6/site-packages/airflow/example_dags/example_task_group.py for tasks to queue
[2024-08-10 21:00:38,047] {logging_mixin.py:104} INFO - [2024-08-10 21:00:38,047] {dagbag.py:451} INFO - Filling up the DagBag from /home/airflow/.local/lib/python3.6/site-packages/airflow/example_dags/example_task_group.py
[2024-08-10 21:00:38,054] {scheduler_job.py:639} INFO - DAG(s) dict_keys(['example_task_group']) retrieved from /home/airflow/.local/lib/python3.6/site-packages/airflow/example_dags/example_task_group.py
[2024-08-10 21:00:38,118] {logging_mixin.py:104} INFO - [2024-08-10 21:00:38,118] {dag.py:1824} INFO - Sync 1 DAGs
[2024-08-10 21:00:38,135] {logging_mixin.py:104} INFO - [2024-08-10 21:00:38,135] {dag.py:2280} INFO - Setting next_dagrun for example_task_group to 2024-08-08 00:00:00+00:00
[2024-08-10 21:00:38,150] {scheduler_job.py:190} INFO - Processing /home/airflow/.local/lib/python3.6/site-packages/airflow/example_dags/example_task_group.py took 0.105 seconds
[2024-08-10 21:01:08,497] {scheduler_job.py:182} INFO - Started process (PID=140) to work on /home/airflow/.local/lib/python3.6/site-packages/airflow/example_dags/example_task_group.py
[2024-08-10 21:01:08,497] {scheduler_job.py:629} INFO - Processing file /home/airflow/.local/lib/python3.6/site-packages/airflow/example_dags/example_task_group.py for tasks to queue
[2024-08-10 21:01:08,498] {logging_mixin.py:104} INFO - [2024-08-10 21:01:08,498] {dagbag.py:451} INFO - Filling up the DagBag from /home/airflow/.local/lib/python3.6/site-packages/airflow/example_dags/example_task_group.py
[2024-08-10 21:01:08,505] {scheduler_job.py:639} INFO - DAG(s) dict_keys(['example_task_group']) retrieved from /home/airflow/.local/lib/python3.6/site-packages/airflow/example_dags/example_task_group.py
[2024-08-10 21:01:08,564] {logging_mixin.py:104} INFO - [2024-08-10 21:01:08,564] {dag.py:1824} INFO - Sync 1 DAGs
[2024-08-10 21:01:08,581] {logging_mixin.py:104} INFO - [2024-08-10 21:01:08,581] {dag.py:2280} INFO - Setting next_dagrun for example_task_group to 2024-08-08 00:00:00+00:00
[2024-08-10 21:01:08,591] {scheduler_job.py:190} INFO - Processing /home/airflow/.local/lib/python3.6/site-packages/airflow/example_dags/example_task_group.py took 0.096 seconds
[2024-08-10 21:16:46,434] {scheduler_job.py:182} INFO - Started process (PID=175) to work on /home/airflow/.local/lib/python3.6/site-packages/airflow/example_dags/example_task_group.py
[2024-08-10 21:16:46,435] {scheduler_job.py:629} INFO - Processing file /home/airflow/.local/lib/python3.6/site-packages/airflow/example_dags/example_task_group.py for tasks to queue
[2024-08-10 21:16:46,435] {logging_mixin.py:104} INFO - [2024-08-10 21:16:46,435] {dagbag.py:451} INFO - Filling up the DagBag from /home/airflow/.local/lib/python3.6/site-packages/airflow/example_dags/example_task_group.py
[2024-08-10 21:16:46,445] {scheduler_job.py:639} INFO - DAG(s) dict_keys(['example_task_group']) retrieved from /home/airflow/.local/lib/python3.6/site-packages/airflow/example_dags/example_task_group.py
[2024-08-10 21:16:46,505] {logging_mixin.py:104} INFO - [2024-08-10 21:16:46,505] {dag.py:1824} INFO - Sync 1 DAGs
[2024-08-10 21:16:46,522] {logging_mixin.py:104} INFO - [2024-08-10 21:16:46,522] {dag.py:2280} INFO - Setting next_dagrun for example_task_group to 2024-08-08 00:00:00+00:00
[2024-08-10 21:16:46,536] {scheduler_job.py:190} INFO - Processing /home/airflow/.local/lib/python3.6/site-packages/airflow/example_dags/example_task_group.py took 0.103 seconds
[2024-08-10 21:21:49,052] {scheduler_job.py:182} INFO - Started process (PID=204) to work on /home/airflow/.local/lib/python3.6/site-packages/airflow/example_dags/example_task_group.py
[2024-08-10 21:21:49,055] {scheduler_job.py:629} INFO - Processing file /home/airflow/.local/lib/python3.6/site-packages/airflow/example_dags/example_task_group.py for tasks to queue
[2024-08-10 21:21:49,055] {logging_mixin.py:104} INFO - [2024-08-10 21:21:49,055] {dagbag.py:451} INFO - Filling up the DagBag from /home/airflow/.local/lib/python3.6/site-packages/airflow/example_dags/example_task_group.py
[2024-08-10 21:21:49,062] {scheduler_job.py:639} INFO - DAG(s) dict_keys(['example_task_group']) retrieved from /home/airflow/.local/lib/python3.6/site-packages/airflow/example_dags/example_task_group.py
[2024-08-10 21:21:49,123] {logging_mixin.py:104} INFO - [2024-08-10 21:21:49,123] {dag.py:1824} INFO - Sync 1 DAGs
[2024-08-10 21:21:49,139] {logging_mixin.py:104} INFO - [2024-08-10 21:21:49,139] {dag.py:2280} INFO - Setting next_dagrun for example_task_group to 2024-08-08 00:00:00+00:00
[2024-08-10 21:21:49,151] {scheduler_job.py:190} INFO - Processing /home/airflow/.local/lib/python3.6/site-packages/airflow/example_dags/example_task_group.py took 0.101 seconds
[2024-08-10 21:22:19,572] {scheduler_job.py:182} INFO - Started process (PID=229) to work on /home/airflow/.local/lib/python3.6/site-packages/airflow/example_dags/example_task_group.py
[2024-08-10 21:22:19,573] {scheduler_job.py:629} INFO - Processing file /home/airflow/.local/lib/python3.6/site-packages/airflow/example_dags/example_task_group.py for tasks to queue
[2024-08-10 21:22:19,573] {logging_mixin.py:104} INFO - [2024-08-10 21:22:19,573] {dagbag.py:451} INFO - Filling up the DagBag from /home/airflow/.local/lib/python3.6/site-packages/airflow/example_dags/example_task_group.py
[2024-08-10 21:22:19,580] {scheduler_job.py:639} INFO - DAG(s) dict_keys(['example_task_group']) retrieved from /home/airflow/.local/lib/python3.6/site-packages/airflow/example_dags/example_task_group.py
[2024-08-10 21:22:19,638] {logging_mixin.py:104} INFO - [2024-08-10 21:22:19,638] {dag.py:1824} INFO - Sync 1 DAGs
[2024-08-10 21:22:19,655] {logging_mixin.py:104} INFO - [2024-08-10 21:22:19,655] {dag.py:2280} INFO - Setting next_dagrun for example_task_group to 2024-08-08 00:00:00+00:00
[2024-08-10 21:22:19,666] {scheduler_job.py:190} INFO - Processing /home/airflow/.local/lib/python3.6/site-packages/airflow/example_dags/example_task_group.py took 0.096 seconds
[2024-08-10 21:45:46,668] {scheduler_job.py:182} INFO - Started process (PID=262) to work on /home/airflow/.local/lib/python3.6/site-packages/airflow/example_dags/example_task_group.py
[2024-08-10 21:45:46,668] {scheduler_job.py:629} INFO - Processing file /home/airflow/.local/lib/python3.6/site-packages/airflow/example_dags/example_task_group.py for tasks to queue
[2024-08-10 21:45:46,669] {logging_mixin.py:104} INFO - [2024-08-10 21:45:46,669] {dagbag.py:451} INFO - Filling up the DagBag from /home/airflow/.local/lib/python3.6/site-packages/airflow/example_dags/example_task_group.py
[2024-08-10 21:45:46,676] {scheduler_job.py:639} INFO - DAG(s) dict_keys(['example_task_group']) retrieved from /home/airflow/.local/lib/python3.6/site-packages/airflow/example_dags/example_task_group.py
[2024-08-10 21:45:46,734] {logging_mixin.py:104} INFO - [2024-08-10 21:45:46,734] {dag.py:1824} INFO - Sync 1 DAGs
[2024-08-10 21:45:46,751] {logging_mixin.py:104} INFO - [2024-08-10 21:45:46,751] {dag.py:2280} INFO - Setting next_dagrun for example_task_group to 2024-08-08 00:00:00+00:00
[2024-08-10 21:45:46,763] {scheduler_job.py:190} INFO - Processing /home/airflow/.local/lib/python3.6/site-packages/airflow/example_dags/example_task_group.py took 0.096 seconds
[2024-08-10 21:46:17,341] {scheduler_job.py:182} INFO - Started process (PID=287) to work on /home/airflow/.local/lib/python3.6/site-packages/airflow/example_dags/example_task_group.py
[2024-08-10 21:46:17,342] {scheduler_job.py:629} INFO - Processing file /home/airflow/.local/lib/python3.6/site-packages/airflow/example_dags/example_task_group.py for tasks to queue
[2024-08-10 21:46:17,342] {logging_mixin.py:104} INFO - [2024-08-10 21:46:17,342] {dagbag.py:451} INFO - Filling up the DagBag from /home/airflow/.local/lib/python3.6/site-packages/airflow/example_dags/example_task_group.py
[2024-08-10 21:46:17,349] {scheduler_job.py:639} INFO - DAG(s) dict_keys(['example_task_group']) retrieved from /home/airflow/.local/lib/python3.6/site-packages/airflow/example_dags/example_task_group.py
[2024-08-10 21:46:17,406] {logging_mixin.py:104} INFO - [2024-08-10 21:46:17,406] {dag.py:1824} INFO - Sync 1 DAGs
[2024-08-10 21:46:17,422] {logging_mixin.py:104} INFO - [2024-08-10 21:46:17,422] {dag.py:2280} INFO - Setting next_dagrun for example_task_group to 2024-08-08 00:00:00+00:00
[2024-08-10 21:46:17,432] {scheduler_job.py:190} INFO - Processing /home/airflow/.local/lib/python3.6/site-packages/airflow/example_dags/example_task_group.py took 0.093 seconds
[2024-08-10 22:01:48,151] {scheduler_job.py:182} INFO - Started process (PID=320) to work on /home/airflow/.local/lib/python3.6/site-packages/airflow/example_dags/example_task_group.py
[2024-08-10 22:01:48,153] {scheduler_job.py:629} INFO - Processing file /home/airflow/.local/lib/python3.6/site-packages/airflow/example_dags/example_task_group.py for tasks to queue
[2024-08-10 22:01:48,153] {logging_mixin.py:104} INFO - [2024-08-10 22:01:48,153] {dagbag.py:451} INFO - Filling up the DagBag from /home/airflow/.local/lib/python3.6/site-packages/airflow/example_dags/example_task_group.py
[2024-08-10 22:01:48,159] {scheduler_job.py:639} INFO - DAG(s) dict_keys(['example_task_group']) retrieved from /home/airflow/.local/lib/python3.6/site-packages/airflow/example_dags/example_task_group.py
[2024-08-10 22:01:48,223] {logging_mixin.py:104} INFO - [2024-08-10 22:01:48,222] {dag.py:1824} INFO - Sync 1 DAGs
[2024-08-10 22:01:48,242] {logging_mixin.py:104} INFO - [2024-08-10 22:01:48,242] {dag.py:2280} INFO - Setting next_dagrun for example_task_group to 2024-08-08 00:00:00+00:00
[2024-08-10 22:01:48,257] {scheduler_job.py:190} INFO - Processing /home/airflow/.local/lib/python3.6/site-packages/airflow/example_dags/example_task_group.py took 0.108 seconds
[2024-08-10 22:08:20,920] {scheduler_job.py:182} INFO - Started process (PID=349) to work on /home/airflow/.local/lib/python3.6/site-packages/airflow/example_dags/example_task_group.py
[2024-08-10 22:08:20,922] {scheduler_job.py:629} INFO - Processing file /home/airflow/.local/lib/python3.6/site-packages/airflow/example_dags/example_task_group.py for tasks to queue
[2024-08-10 22:08:20,923] {logging_mixin.py:104} INFO - [2024-08-10 22:08:20,923] {dagbag.py:451} INFO - Filling up the DagBag from /home/airflow/.local/lib/python3.6/site-packages/airflow/example_dags/example_task_group.py
[2024-08-10 22:08:20,930] {scheduler_job.py:639} INFO - DAG(s) dict_keys(['example_task_group']) retrieved from /home/airflow/.local/lib/python3.6/site-packages/airflow/example_dags/example_task_group.py
[2024-08-10 22:08:20,995] {logging_mixin.py:104} INFO - [2024-08-10 22:08:20,995] {dag.py:1824} INFO - Sync 1 DAGs
[2024-08-10 22:08:21,014] {logging_mixin.py:104} INFO - [2024-08-10 22:08:21,014] {dag.py:2280} INFO - Setting next_dagrun for example_task_group to 2024-08-08 00:00:00+00:00
[2024-08-10 22:08:21,029] {scheduler_job.py:190} INFO - Processing /home/airflow/.local/lib/python3.6/site-packages/airflow/example_dags/example_task_group.py took 0.110 seconds
[2024-08-10 22:08:51,108] {scheduler_job.py:182} INFO - Started process (PID=377) to work on /home/airflow/.local/lib/python3.6/site-packages/airflow/example_dags/example_task_group.py
[2024-08-10 22:08:51,109] {scheduler_job.py:629} INFO - Processing file /home/airflow/.local/lib/python3.6/site-packages/airflow/example_dags/example_task_group.py for tasks to queue
[2024-08-10 22:08:51,109] {logging_mixin.py:104} INFO - [2024-08-10 22:08:51,109] {dagbag.py:451} INFO - Filling up the DagBag from /home/airflow/.local/lib/python3.6/site-packages/airflow/example_dags/example_task_group.py
[2024-08-10 22:08:51,115] {scheduler_job.py:639} INFO - DAG(s) dict_keys(['example_task_group']) retrieved from /home/airflow/.local/lib/python3.6/site-packages/airflow/example_dags/example_task_group.py
[2024-08-10 22:08:51,173] {logging_mixin.py:104} INFO - [2024-08-10 22:08:51,173] {dag.py:1824} INFO - Sync 1 DAGs
[2024-08-10 22:08:51,190] {logging_mixin.py:104} INFO - [2024-08-10 22:08:51,190] {dag.py:2280} INFO - Setting next_dagrun for example_task_group to 2024-08-08 00:00:00+00:00
[2024-08-10 22:08:51,201] {scheduler_job.py:190} INFO - Processing /home/airflow/.local/lib/python3.6/site-packages/airflow/example_dags/example_task_group.py took 0.095 seconds
[2024-08-10 22:13:49,535] {scheduler_job.py:182} INFO - Started process (PID=407) to work on /home/airflow/.local/lib/python3.6/site-packages/airflow/example_dags/example_task_group.py
[2024-08-10 22:13:49,536] {scheduler_job.py:629} INFO - Processing file /home/airflow/.local/lib/python3.6/site-packages/airflow/example_dags/example_task_group.py for tasks to queue
[2024-08-10 22:13:49,537] {logging_mixin.py:104} INFO - [2024-08-10 22:13:49,536] {dagbag.py:451} INFO - Filling up the DagBag from /home/airflow/.local/lib/python3.6/site-packages/airflow/example_dags/example_task_group.py
[2024-08-10 22:13:49,546] {scheduler_job.py:639} INFO - DAG(s) dict_keys(['example_task_group']) retrieved from /home/airflow/.local/lib/python3.6/site-packages/airflow/example_dags/example_task_group.py
[2024-08-10 22:13:49,609] {logging_mixin.py:104} INFO - [2024-08-10 22:13:49,609] {dag.py:1824} INFO - Sync 1 DAGs
[2024-08-10 22:13:49,628] {logging_mixin.py:104} INFO - [2024-08-10 22:13:49,628] {dag.py:2280} INFO - Setting next_dagrun for example_task_group to 2024-08-08 00:00:00+00:00
[2024-08-10 22:13:49,641] {scheduler_job.py:190} INFO - Processing /home/airflow/.local/lib/python3.6/site-packages/airflow/example_dags/example_task_group.py took 0.109 seconds
[2024-08-10 22:17:46,826] {scheduler_job.py:182} INFO - Started process (PID=436) to work on /home/airflow/.local/lib/python3.6/site-packages/airflow/example_dags/example_task_group.py
[2024-08-10 22:17:46,827] {scheduler_job.py:629} INFO - Processing file /home/airflow/.local/lib/python3.6/site-packages/airflow/example_dags/example_task_group.py for tasks to queue
[2024-08-10 22:17:46,827] {logging_mixin.py:104} INFO - [2024-08-10 22:17:46,827] {dagbag.py:451} INFO - Filling up the DagBag from /home/airflow/.local/lib/python3.6/site-packages/airflow/example_dags/example_task_group.py
[2024-08-10 22:17:46,834] {scheduler_job.py:639} INFO - DAG(s) dict_keys(['example_task_group']) retrieved from /home/airflow/.local/lib/python3.6/site-packages/airflow/example_dags/example_task_group.py
[2024-08-10 22:17:46,895] {logging_mixin.py:104} INFO - [2024-08-10 22:17:46,895] {dag.py:1824} INFO - Sync 1 DAGs
[2024-08-10 22:17:46,915] {logging_mixin.py:104} INFO - [2024-08-10 22:17:46,915] {dag.py:2280} INFO - Setting next_dagrun for example_task_group to 2024-08-08 00:00:00+00:00
[2024-08-10 22:17:46,927] {scheduler_job.py:190} INFO - Processing /home/airflow/.local/lib/python3.6/site-packages/airflow/example_dags/example_task_group.py took 0.102 seconds
[2024-08-10 22:18:17,670] {scheduler_job.py:182} INFO - Started process (PID=466) to work on /home/airflow/.local/lib/python3.6/site-packages/airflow/example_dags/example_task_group.py
[2024-08-10 22:18:17,671] {scheduler_job.py:629} INFO - Processing file /home/airflow/.local/lib/python3.6/site-packages/airflow/example_dags/example_task_group.py for tasks to queue
[2024-08-10 22:18:17,671] {logging_mixin.py:104} INFO - [2024-08-10 22:18:17,671] {dagbag.py:451} INFO - Filling up the DagBag from /home/airflow/.local/lib/python3.6/site-packages/airflow/example_dags/example_task_group.py
[2024-08-10 22:18:17,678] {scheduler_job.py:639} INFO - DAG(s) dict_keys(['example_task_group']) retrieved from /home/airflow/.local/lib/python3.6/site-packages/airflow/example_dags/example_task_group.py
[2024-08-10 22:18:17,737] {logging_mixin.py:104} INFO - [2024-08-10 22:18:17,737] {dag.py:1824} INFO - Sync 1 DAGs
[2024-08-10 22:18:17,755] {logging_mixin.py:104} INFO - [2024-08-10 22:18:17,754] {dag.py:2280} INFO - Setting next_dagrun for example_task_group to 2024-08-08 00:00:00+00:00
[2024-08-10 22:18:17,765] {scheduler_job.py:190} INFO - Processing /home/airflow/.local/lib/python3.6/site-packages/airflow/example_dags/example_task_group.py took 0.097 seconds
[2024-08-10 22:18:48,394] {scheduler_job.py:182} INFO - Started process (PID=495) to work on /home/airflow/.local/lib/python3.6/site-packages/airflow/example_dags/example_task_group.py
[2024-08-10 22:18:48,394] {scheduler_job.py:629} INFO - Processing file /home/airflow/.local/lib/python3.6/site-packages/airflow/example_dags/example_task_group.py for tasks to queue
[2024-08-10 22:18:48,395] {logging_mixin.py:104} INFO - [2024-08-10 22:18:48,395] {dagbag.py:451} INFO - Filling up the DagBag from /home/airflow/.local/lib/python3.6/site-packages/airflow/example_dags/example_task_group.py
[2024-08-10 22:18:48,402] {scheduler_job.py:639} INFO - DAG(s) dict_keys(['example_task_group']) retrieved from /home/airflow/.local/lib/python3.6/site-packages/airflow/example_dags/example_task_group.py
[2024-08-10 22:18:48,463] {logging_mixin.py:104} INFO - [2024-08-10 22:18:48,463] {dag.py:1824} INFO - Sync 1 DAGs
[2024-08-10 22:18:48,481] {logging_mixin.py:104} INFO - [2024-08-10 22:18:48,481] {dag.py:2280} INFO - Setting next_dagrun for example_task_group to 2024-08-08 00:00:00+00:00
[2024-08-10 22:18:48,494] {scheduler_job.py:190} INFO - Processing /home/airflow/.local/lib/python3.6/site-packages/airflow/example_dags/example_task_group.py took 0.101 seconds
[2024-08-10 22:19:18,930] {scheduler_job.py:182} INFO - Started process (PID=515) to work on /home/airflow/.local/lib/python3.6/site-packages/airflow/example_dags/example_task_group.py
[2024-08-10 22:19:18,931] {scheduler_job.py:629} INFO - Processing file /home/airflow/.local/lib/python3.6/site-packages/airflow/example_dags/example_task_group.py for tasks to queue
[2024-08-10 22:19:18,931] {logging_mixin.py:104} INFO - [2024-08-10 22:19:18,931] {dagbag.py:451} INFO - Filling up the DagBag from /home/airflow/.local/lib/python3.6/site-packages/airflow/example_dags/example_task_group.py
[2024-08-10 22:19:18,939] {scheduler_job.py:639} INFO - DAG(s) dict_keys(['example_task_group']) retrieved from /home/airflow/.local/lib/python3.6/site-packages/airflow/example_dags/example_task_group.py
[2024-08-10 22:19:18,998] {logging_mixin.py:104} INFO - [2024-08-10 22:19:18,998] {dag.py:1824} INFO - Sync 1 DAGs
[2024-08-10 22:19:19,015] {logging_mixin.py:104} INFO - [2024-08-10 22:19:19,015] {dag.py:2280} INFO - Setting next_dagrun for example_task_group to 2024-08-08 00:00:00+00:00
[2024-08-10 22:19:19,025] {scheduler_job.py:190} INFO - Processing /home/airflow/.local/lib/python3.6/site-packages/airflow/example_dags/example_task_group.py took 0.097 seconds
[2024-08-10 22:27:21,665] {scheduler_job.py:182} INFO - Started process (PID=552) to work on /home/airflow/.local/lib/python3.6/site-packages/airflow/example_dags/example_task_group.py
[2024-08-10 22:27:21,666] {scheduler_job.py:629} INFO - Processing file /home/airflow/.local/lib/python3.6/site-packages/airflow/example_dags/example_task_group.py for tasks to queue
[2024-08-10 22:27:21,666] {logging_mixin.py:104} INFO - [2024-08-10 22:27:21,666] {dagbag.py:451} INFO - Filling up the DagBag from /home/airflow/.local/lib/python3.6/site-packages/airflow/example_dags/example_task_group.py
[2024-08-10 22:27:21,674] {scheduler_job.py:639} INFO - DAG(s) dict_keys(['example_task_group']) retrieved from /home/airflow/.local/lib/python3.6/site-packages/airflow/example_dags/example_task_group.py
[2024-08-10 22:27:21,739] {logging_mixin.py:104} INFO - [2024-08-10 22:27:21,739] {dag.py:1824} INFO - Sync 1 DAGs
[2024-08-10 22:27:21,756] {logging_mixin.py:104} INFO - [2024-08-10 22:27:21,756] {dag.py:2280} INFO - Setting next_dagrun for example_task_group to 2024-08-08 00:00:00+00:00
[2024-08-10 22:27:21,767] {scheduler_job.py:190} INFO - Processing /home/airflow/.local/lib/python3.6/site-packages/airflow/example_dags/example_task_group.py took 0.103 seconds
[2024-08-10 23:00:14,654] {scheduler_job.py:182} INFO - Started process (PID=581) to work on /home/airflow/.local/lib/python3.6/site-packages/airflow/example_dags/example_task_group.py
[2024-08-10 23:00:14,656] {scheduler_job.py:629} INFO - Processing file /home/airflow/.local/lib/python3.6/site-packages/airflow/example_dags/example_task_group.py for tasks to queue
[2024-08-10 23:00:14,657] {logging_mixin.py:104} INFO - [2024-08-10 23:00:14,657] {dagbag.py:451} INFO - Filling up the DagBag from /home/airflow/.local/lib/python3.6/site-packages/airflow/example_dags/example_task_group.py
[2024-08-10 23:00:14,673] {scheduler_job.py:639} INFO - DAG(s) dict_keys(['example_task_group']) retrieved from /home/airflow/.local/lib/python3.6/site-packages/airflow/example_dags/example_task_group.py
[2024-08-10 23:00:14,735] {logging_mixin.py:104} INFO - [2024-08-10 23:00:14,735] {dag.py:1824} INFO - Sync 1 DAGs
[2024-08-10 23:00:14,752] {logging_mixin.py:104} INFO - [2024-08-10 23:00:14,752] {dag.py:2280} INFO - Setting next_dagrun for example_task_group to 2024-08-08 00:00:00+00:00
[2024-08-10 23:00:14,763] {scheduler_job.py:190} INFO - Processing /home/airflow/.local/lib/python3.6/site-packages/airflow/example_dags/example_task_group.py took 0.110 seconds
[2024-08-10 23:02:55,171] {scheduler_job.py:182} INFO - Started process (PID=610) to work on /home/airflow/.local/lib/python3.6/site-packages/airflow/example_dags/example_task_group.py
[2024-08-10 23:02:55,172] {scheduler_job.py:629} INFO - Processing file /home/airflow/.local/lib/python3.6/site-packages/airflow/example_dags/example_task_group.py for tasks to queue
[2024-08-10 23:02:55,173] {logging_mixin.py:104} INFO - [2024-08-10 23:02:55,173] {dagbag.py:451} INFO - Filling up the DagBag from /home/airflow/.local/lib/python3.6/site-packages/airflow/example_dags/example_task_group.py
[2024-08-10 23:02:55,185] {scheduler_job.py:639} INFO - DAG(s) dict_keys(['example_task_group']) retrieved from /home/airflow/.local/lib/python3.6/site-packages/airflow/example_dags/example_task_group.py
[2024-08-10 23:02:55,249] {logging_mixin.py:104} INFO - [2024-08-10 23:02:55,249] {dag.py:1824} INFO - Sync 1 DAGs
[2024-08-10 23:02:55,270] {logging_mixin.py:104} INFO - [2024-08-10 23:02:55,270] {dag.py:2280} INFO - Setting next_dagrun for example_task_group to 2024-08-08 00:00:00+00:00
[2024-08-10 23:02:55,281] {scheduler_job.py:190} INFO - Processing /home/airflow/.local/lib/python3.6/site-packages/airflow/example_dags/example_task_group.py took 0.112 seconds
[2024-08-10 23:14:09,529] {scheduler_job.py:182} INFO - Started process (PID=639) to work on /home/airflow/.local/lib/python3.6/site-packages/airflow/example_dags/example_task_group.py
[2024-08-10 23:14:09,533] {scheduler_job.py:629} INFO - Processing file /home/airflow/.local/lib/python3.6/site-packages/airflow/example_dags/example_task_group.py for tasks to queue
[2024-08-10 23:14:09,534] {logging_mixin.py:104} INFO - [2024-08-10 23:14:09,534] {dagbag.py:451} INFO - Filling up the DagBag from /home/airflow/.local/lib/python3.6/site-packages/airflow/example_dags/example_task_group.py
[2024-08-10 23:14:09,540] {scheduler_job.py:639} INFO - DAG(s) dict_keys(['example_task_group']) retrieved from /home/airflow/.local/lib/python3.6/site-packages/airflow/example_dags/example_task_group.py
[2024-08-10 23:14:09,602] {logging_mixin.py:104} INFO - [2024-08-10 23:14:09,601] {dag.py:1824} INFO - Sync 1 DAGs
[2024-08-10 23:14:09,620] {logging_mixin.py:104} INFO - [2024-08-10 23:14:09,620] {dag.py:2280} INFO - Setting next_dagrun for example_task_group to 2024-08-08 00:00:00+00:00
[2024-08-10 23:14:09,634] {scheduler_job.py:190} INFO - Processing /home/airflow/.local/lib/python3.6/site-packages/airflow/example_dags/example_task_group.py took 0.106 seconds
[2024-08-10 23:14:40,338] {scheduler_job.py:182} INFO - Started process (PID=670) to work on /home/airflow/.local/lib/python3.6/site-packages/airflow/example_dags/example_task_group.py
[2024-08-10 23:14:40,338] {scheduler_job.py:629} INFO - Processing file /home/airflow/.local/lib/python3.6/site-packages/airflow/example_dags/example_task_group.py for tasks to queue
[2024-08-10 23:14:40,339] {logging_mixin.py:104} INFO - [2024-08-10 23:14:40,339] {dagbag.py:451} INFO - Filling up the DagBag from /home/airflow/.local/lib/python3.6/site-packages/airflow/example_dags/example_task_group.py
[2024-08-10 23:14:40,345] {scheduler_job.py:639} INFO - DAG(s) dict_keys(['example_task_group']) retrieved from /home/airflow/.local/lib/python3.6/site-packages/airflow/example_dags/example_task_group.py
[2024-08-10 23:14:40,403] {logging_mixin.py:104} INFO - [2024-08-10 23:14:40,403] {dag.py:1824} INFO - Sync 1 DAGs
[2024-08-10 23:14:40,419] {logging_mixin.py:104} INFO - [2024-08-10 23:14:40,419] {dag.py:2280} INFO - Setting next_dagrun for example_task_group to 2024-08-08 00:00:00+00:00
[2024-08-10 23:14:40,430] {scheduler_job.py:190} INFO - Processing /home/airflow/.local/lib/python3.6/site-packages/airflow/example_dags/example_task_group.py took 0.093 seconds
