[2024-08-10 00:13:04,894] {scheduler_job.py:182} INFO - Started process (PID=60897) to work on /home/airflow/.local/lib/python3.6/site-packages/airflow/example_dags/example_complex.py
[2024-08-10 00:13:04,895] {scheduler_job.py:629} INFO - Processing file /home/airflow/.local/lib/python3.6/site-packages/airflow/example_dags/example_complex.py for tasks to queue
[2024-08-10 00:13:04,895] {logging_mixin.py:104} INFO - [2024-08-10 00:13:04,895] {dagbag.py:451} INFO - Filling up the DagBag from /home/airflow/.local/lib/python3.6/site-packages/airflow/example_dags/example_complex.py
[2024-08-10 00:13:04,906] {scheduler_job.py:639} INFO - DAG(s) dict_keys(['example_complex']) retrieved from /home/airflow/.local/lib/python3.6/site-packages/airflow/example_dags/example_complex.py
[2024-08-10 00:13:04,972] {logging_mixin.py:104} INFO - [2024-08-10 00:13:04,972] {dag.py:1824} INFO - Sync 1 DAGs
[2024-08-10 00:13:04,987] {logging_mixin.py:104} INFO - [2024-08-10 00:13:04,987] {dag.py:2280} INFO - Setting next_dagrun for example_complex to None
[2024-08-10 00:13:05,001] {scheduler_job.py:190} INFO - Processing /home/airflow/.local/lib/python3.6/site-packages/airflow/example_dags/example_complex.py took 0.108 seconds
[2024-08-10 00:13:35,016] {scheduler_job.py:182} INFO - Started process (PID=60925) to work on /home/airflow/.local/lib/python3.6/site-packages/airflow/example_dags/example_complex.py
[2024-08-10 00:13:35,017] {scheduler_job.py:629} INFO - Processing file /home/airflow/.local/lib/python3.6/site-packages/airflow/example_dags/example_complex.py for tasks to queue
[2024-08-10 00:13:35,017] {logging_mixin.py:104} INFO - [2024-08-10 00:13:35,017] {dagbag.py:451} INFO - Filling up the DagBag from /home/airflow/.local/lib/python3.6/site-packages/airflow/example_dags/example_complex.py
[2024-08-10 00:13:35,028] {scheduler_job.py:639} INFO - DAG(s) dict_keys(['example_complex']) retrieved from /home/airflow/.local/lib/python3.6/site-packages/airflow/example_dags/example_complex.py
[2024-08-10 00:13:35,089] {logging_mixin.py:104} INFO - [2024-08-10 00:13:35,089] {dag.py:1824} INFO - Sync 1 DAGs
[2024-08-10 00:13:35,106] {logging_mixin.py:104} INFO - [2024-08-10 00:13:35,106] {dag.py:2280} INFO - Setting next_dagrun for example_complex to None
[2024-08-10 00:13:35,118] {scheduler_job.py:190} INFO - Processing /home/airflow/.local/lib/python3.6/site-packages/airflow/example_dags/example_complex.py took 0.103 seconds
[2024-08-10 01:03:34,312] {scheduler_job.py:182} INFO - Started process (PID=60955) to work on /home/airflow/.local/lib/python3.6/site-packages/airflow/example_dags/example_complex.py
[2024-08-10 01:03:34,313] {scheduler_job.py:629} INFO - Processing file /home/airflow/.local/lib/python3.6/site-packages/airflow/example_dags/example_complex.py for tasks to queue
[2024-08-10 01:03:34,313] {logging_mixin.py:104} INFO - [2024-08-10 01:03:34,313] {dagbag.py:451} INFO - Filling up the DagBag from /home/airflow/.local/lib/python3.6/site-packages/airflow/example_dags/example_complex.py
[2024-08-10 01:03:34,325] {scheduler_job.py:639} INFO - DAG(s) dict_keys(['example_complex']) retrieved from /home/airflow/.local/lib/python3.6/site-packages/airflow/example_dags/example_complex.py
[2024-08-10 01:03:34,392] {logging_mixin.py:104} INFO - [2024-08-10 01:03:34,392] {dag.py:1824} INFO - Sync 1 DAGs
[2024-08-10 01:03:34,411] {logging_mixin.py:104} INFO - [2024-08-10 01:03:34,411] {dag.py:2280} INFO - Setting next_dagrun for example_complex to None
[2024-08-10 01:03:34,423] {scheduler_job.py:190} INFO - Processing /home/airflow/.local/lib/python3.6/site-packages/airflow/example_dags/example_complex.py took 0.113 seconds
[2024-08-10 01:14:31,128] {scheduler_job.py:182} INFO - Started process (PID=60984) to work on /home/airflow/.local/lib/python3.6/site-packages/airflow/example_dags/example_complex.py
[2024-08-10 01:14:31,131] {scheduler_job.py:629} INFO - Processing file /home/airflow/.local/lib/python3.6/site-packages/airflow/example_dags/example_complex.py for tasks to queue
[2024-08-10 01:14:31,131] {logging_mixin.py:104} INFO - [2024-08-10 01:14:31,131] {dagbag.py:451} INFO - Filling up the DagBag from /home/airflow/.local/lib/python3.6/site-packages/airflow/example_dags/example_complex.py
[2024-08-10 01:14:31,142] {scheduler_job.py:639} INFO - DAG(s) dict_keys(['example_complex']) retrieved from /home/airflow/.local/lib/python3.6/site-packages/airflow/example_dags/example_complex.py
[2024-08-10 01:14:31,203] {logging_mixin.py:104} INFO - [2024-08-10 01:14:31,203] {dag.py:1824} INFO - Sync 1 DAGs
[2024-08-10 01:14:31,220] {logging_mixin.py:104} INFO - [2024-08-10 01:14:31,220] {dag.py:2280} INFO - Setting next_dagrun for example_complex to None
[2024-08-10 01:14:31,232] {scheduler_job.py:190} INFO - Processing /home/airflow/.local/lib/python3.6/site-packages/airflow/example_dags/example_complex.py took 0.106 seconds
[2024-08-10 01:47:59,409] {scheduler_job.py:182} INFO - Started process (PID=61013) to work on /home/airflow/.local/lib/python3.6/site-packages/airflow/example_dags/example_complex.py
[2024-08-10 01:47:59,410] {scheduler_job.py:629} INFO - Processing file /home/airflow/.local/lib/python3.6/site-packages/airflow/example_dags/example_complex.py for tasks to queue
[2024-08-10 01:47:59,411] {logging_mixin.py:104} INFO - [2024-08-10 01:47:59,411] {dagbag.py:451} INFO - Filling up the DagBag from /home/airflow/.local/lib/python3.6/site-packages/airflow/example_dags/example_complex.py
[2024-08-10 01:47:59,427] {scheduler_job.py:639} INFO - DAG(s) dict_keys(['example_complex']) retrieved from /home/airflow/.local/lib/python3.6/site-packages/airflow/example_dags/example_complex.py
[2024-08-10 01:47:59,502] {logging_mixin.py:104} INFO - [2024-08-10 01:47:59,501] {dag.py:1824} INFO - Sync 1 DAGs
[2024-08-10 01:47:59,528] {logging_mixin.py:104} INFO - [2024-08-10 01:47:59,528] {dag.py:2280} INFO - Setting next_dagrun for example_complex to None
[2024-08-10 01:47:59,544] {scheduler_job.py:190} INFO - Processing /home/airflow/.local/lib/python3.6/site-packages/airflow/example_dags/example_complex.py took 0.136 seconds
[2024-08-10 02:15:27,853] {scheduler_job.py:182} INFO - Started process (PID=61042) to work on /home/airflow/.local/lib/python3.6/site-packages/airflow/example_dags/example_complex.py
[2024-08-10 02:15:27,856] {scheduler_job.py:629} INFO - Processing file /home/airflow/.local/lib/python3.6/site-packages/airflow/example_dags/example_complex.py for tasks to queue
[2024-08-10 02:15:27,857] {logging_mixin.py:104} INFO - [2024-08-10 02:15:27,857] {dagbag.py:451} INFO - Filling up the DagBag from /home/airflow/.local/lib/python3.6/site-packages/airflow/example_dags/example_complex.py
[2024-08-10 02:15:27,869] {scheduler_job.py:639} INFO - DAG(s) dict_keys(['example_complex']) retrieved from /home/airflow/.local/lib/python3.6/site-packages/airflow/example_dags/example_complex.py
[2024-08-10 02:15:27,930] {logging_mixin.py:104} INFO - [2024-08-10 02:15:27,930] {dag.py:1824} INFO - Sync 1 DAGs
[2024-08-10 02:15:27,946] {logging_mixin.py:104} INFO - [2024-08-10 02:15:27,946] {dag.py:2280} INFO - Setting next_dagrun for example_complex to None
[2024-08-10 02:15:27,959] {scheduler_job.py:190} INFO - Processing /home/airflow/.local/lib/python3.6/site-packages/airflow/example_dags/example_complex.py took 0.108 seconds
[2024-08-10 02:21:41,601] {scheduler_job.py:182} INFO - Started process (PID=61071) to work on /home/airflow/.local/lib/python3.6/site-packages/airflow/example_dags/example_complex.py
[2024-08-10 02:21:41,602] {scheduler_job.py:629} INFO - Processing file /home/airflow/.local/lib/python3.6/site-packages/airflow/example_dags/example_complex.py for tasks to queue
[2024-08-10 02:21:41,602] {logging_mixin.py:104} INFO - [2024-08-10 02:21:41,602] {dagbag.py:451} INFO - Filling up the DagBag from /home/airflow/.local/lib/python3.6/site-packages/airflow/example_dags/example_complex.py
[2024-08-10 02:21:41,613] {scheduler_job.py:639} INFO - DAG(s) dict_keys(['example_complex']) retrieved from /home/airflow/.local/lib/python3.6/site-packages/airflow/example_dags/example_complex.py
[2024-08-10 02:21:41,688] {logging_mixin.py:104} INFO - [2024-08-10 02:21:41,688] {dag.py:1824} INFO - Sync 1 DAGs
[2024-08-10 02:21:41,706] {logging_mixin.py:104} INFO - [2024-08-10 02:21:41,706] {dag.py:2280} INFO - Setting next_dagrun for example_complex to None
[2024-08-10 02:21:41,717] {scheduler_job.py:190} INFO - Processing /home/airflow/.local/lib/python3.6/site-packages/airflow/example_dags/example_complex.py took 0.118 seconds
[2024-08-10 02:22:12,129] {scheduler_job.py:182} INFO - Started process (PID=61096) to work on /home/airflow/.local/lib/python3.6/site-packages/airflow/example_dags/example_complex.py
[2024-08-10 02:22:12,132] {scheduler_job.py:629} INFO - Processing file /home/airflow/.local/lib/python3.6/site-packages/airflow/example_dags/example_complex.py for tasks to queue
[2024-08-10 02:22:12,132] {logging_mixin.py:104} INFO - [2024-08-10 02:22:12,132] {dagbag.py:451} INFO - Filling up the DagBag from /home/airflow/.local/lib/python3.6/site-packages/airflow/example_dags/example_complex.py
[2024-08-10 02:22:12,142] {scheduler_job.py:639} INFO - DAG(s) dict_keys(['example_complex']) retrieved from /home/airflow/.local/lib/python3.6/site-packages/airflow/example_dags/example_complex.py
[2024-08-10 02:22:12,205] {logging_mixin.py:104} INFO - [2024-08-10 02:22:12,205] {dag.py:1824} INFO - Sync 1 DAGs
[2024-08-10 02:22:12,221] {logging_mixin.py:104} INFO - [2024-08-10 02:22:12,221] {dag.py:2280} INFO - Setting next_dagrun for example_complex to None
[2024-08-10 02:22:12,233] {scheduler_job.py:190} INFO - Processing /home/airflow/.local/lib/python3.6/site-packages/airflow/example_dags/example_complex.py took 0.106 seconds
[2024-08-10 03:16:06,741] {scheduler_job.py:182} INFO - Started process (PID=61129) to work on /home/airflow/.local/lib/python3.6/site-packages/airflow/example_dags/example_complex.py
[2024-08-10 03:16:06,747] {scheduler_job.py:629} INFO - Processing file /home/airflow/.local/lib/python3.6/site-packages/airflow/example_dags/example_complex.py for tasks to queue
[2024-08-10 03:16:06,747] {logging_mixin.py:104} INFO - [2024-08-10 03:16:06,747] {dagbag.py:451} INFO - Filling up the DagBag from /home/airflow/.local/lib/python3.6/site-packages/airflow/example_dags/example_complex.py
[2024-08-10 03:16:06,761] {scheduler_job.py:639} INFO - DAG(s) dict_keys(['example_complex']) retrieved from /home/airflow/.local/lib/python3.6/site-packages/airflow/example_dags/example_complex.py
[2024-08-10 03:16:06,823] {logging_mixin.py:104} INFO - [2024-08-10 03:16:06,823] {dag.py:1824} INFO - Sync 1 DAGs
[2024-08-10 03:16:06,841] {logging_mixin.py:104} INFO - [2024-08-10 03:16:06,841] {dag.py:2280} INFO - Setting next_dagrun for example_complex to None
[2024-08-10 03:16:06,853] {scheduler_job.py:190} INFO - Processing /home/airflow/.local/lib/python3.6/site-packages/airflow/example_dags/example_complex.py took 0.115 seconds
[2024-08-10 03:16:36,955] {scheduler_job.py:182} INFO - Started process (PID=61158) to work on /home/airflow/.local/lib/python3.6/site-packages/airflow/example_dags/example_complex.py
[2024-08-10 03:16:36,956] {scheduler_job.py:629} INFO - Processing file /home/airflow/.local/lib/python3.6/site-packages/airflow/example_dags/example_complex.py for tasks to queue
[2024-08-10 03:16:36,956] {logging_mixin.py:104} INFO - [2024-08-10 03:16:36,956] {dagbag.py:451} INFO - Filling up the DagBag from /home/airflow/.local/lib/python3.6/site-packages/airflow/example_dags/example_complex.py
[2024-08-10 03:16:36,967] {scheduler_job.py:639} INFO - DAG(s) dict_keys(['example_complex']) retrieved from /home/airflow/.local/lib/python3.6/site-packages/airflow/example_dags/example_complex.py
[2024-08-10 03:16:37,027] {logging_mixin.py:104} INFO - [2024-08-10 03:16:37,026] {dag.py:1824} INFO - Sync 1 DAGs
[2024-08-10 03:16:37,042] {logging_mixin.py:104} INFO - [2024-08-10 03:16:37,042] {dag.py:2280} INFO - Setting next_dagrun for example_complex to None
[2024-08-10 03:16:37,053] {scheduler_job.py:190} INFO - Processing /home/airflow/.local/lib/python3.6/site-packages/airflow/example_dags/example_complex.py took 0.100 seconds
[2024-08-10 04:06:31,329] {scheduler_job.py:182} INFO - Started process (PID=61187) to work on /home/airflow/.local/lib/python3.6/site-packages/airflow/example_dags/example_complex.py
[2024-08-10 04:06:31,330] {scheduler_job.py:629} INFO - Processing file /home/airflow/.local/lib/python3.6/site-packages/airflow/example_dags/example_complex.py for tasks to queue
[2024-08-10 04:06:31,331] {logging_mixin.py:104} INFO - [2024-08-10 04:06:31,330] {dagbag.py:451} INFO - Filling up the DagBag from /home/airflow/.local/lib/python3.6/site-packages/airflow/example_dags/example_complex.py
[2024-08-10 04:06:31,343] {scheduler_job.py:639} INFO - DAG(s) dict_keys(['example_complex']) retrieved from /home/airflow/.local/lib/python3.6/site-packages/airflow/example_dags/example_complex.py
[2024-08-10 04:06:31,410] {logging_mixin.py:104} INFO - [2024-08-10 04:06:31,410] {dag.py:1824} INFO - Sync 1 DAGs
[2024-08-10 04:06:31,431] {logging_mixin.py:104} INFO - [2024-08-10 04:06:31,431] {dag.py:2280} INFO - Setting next_dagrun for example_complex to None
[2024-08-10 04:06:31,446] {scheduler_job.py:190} INFO - Processing /home/airflow/.local/lib/python3.6/site-packages/airflow/example_dags/example_complex.py took 0.119 seconds
[2024-08-10 04:17:33,173] {scheduler_job.py:182} INFO - Started process (PID=61216) to work on /home/airflow/.local/lib/python3.6/site-packages/airflow/example_dags/example_complex.py
[2024-08-10 04:17:33,173] {scheduler_job.py:629} INFO - Processing file /home/airflow/.local/lib/python3.6/site-packages/airflow/example_dags/example_complex.py for tasks to queue
[2024-08-10 04:17:33,174] {logging_mixin.py:104} INFO - [2024-08-10 04:17:33,174] {dagbag.py:451} INFO - Filling up the DagBag from /home/airflow/.local/lib/python3.6/site-packages/airflow/example_dags/example_complex.py
[2024-08-10 04:17:33,184] {scheduler_job.py:639} INFO - DAG(s) dict_keys(['example_complex']) retrieved from /home/airflow/.local/lib/python3.6/site-packages/airflow/example_dags/example_complex.py
[2024-08-10 04:17:33,247] {logging_mixin.py:104} INFO - [2024-08-10 04:17:33,247] {dag.py:1824} INFO - Sync 1 DAGs
[2024-08-10 04:17:33,268] {logging_mixin.py:104} INFO - [2024-08-10 04:17:33,268] {dag.py:2280} INFO - Setting next_dagrun for example_complex to None
[2024-08-10 04:17:33,285] {scheduler_job.py:190} INFO - Processing /home/airflow/.local/lib/python3.6/site-packages/airflow/example_dags/example_complex.py took 0.114 seconds
[2024-08-10 05:08:48,474] {scheduler_job.py:182} INFO - Started process (PID=61245) to work on /home/airflow/.local/lib/python3.6/site-packages/airflow/example_dags/example_complex.py
[2024-08-10 05:08:48,476] {scheduler_job.py:629} INFO - Processing file /home/airflow/.local/lib/python3.6/site-packages/airflow/example_dags/example_complex.py for tasks to queue
[2024-08-10 05:08:48,476] {logging_mixin.py:104} INFO - [2024-08-10 05:08:48,476] {dagbag.py:451} INFO - Filling up the DagBag from /home/airflow/.local/lib/python3.6/site-packages/airflow/example_dags/example_complex.py
[2024-08-10 05:08:48,488] {scheduler_job.py:639} INFO - DAG(s) dict_keys(['example_complex']) retrieved from /home/airflow/.local/lib/python3.6/site-packages/airflow/example_dags/example_complex.py
[2024-08-10 05:08:48,559] {logging_mixin.py:104} INFO - [2024-08-10 05:08:48,559] {dag.py:1824} INFO - Sync 1 DAGs
[2024-08-10 05:08:48,578] {logging_mixin.py:104} INFO - [2024-08-10 05:08:48,578] {dag.py:2280} INFO - Setting next_dagrun for example_complex to None
[2024-08-10 05:08:48,596] {scheduler_job.py:190} INFO - Processing /home/airflow/.local/lib/python3.6/site-packages/airflow/example_dags/example_complex.py took 0.125 seconds
[2024-08-10 05:18:30,167] {scheduler_job.py:182} INFO - Started process (PID=61274) to work on /home/airflow/.local/lib/python3.6/site-packages/airflow/example_dags/example_complex.py
[2024-08-10 05:18:30,168] {scheduler_job.py:629} INFO - Processing file /home/airflow/.local/lib/python3.6/site-packages/airflow/example_dags/example_complex.py for tasks to queue
[2024-08-10 05:18:30,168] {logging_mixin.py:104} INFO - [2024-08-10 05:18:30,168] {dagbag.py:451} INFO - Filling up the DagBag from /home/airflow/.local/lib/python3.6/site-packages/airflow/example_dags/example_complex.py
[2024-08-10 05:18:30,180] {scheduler_job.py:639} INFO - DAG(s) dict_keys(['example_complex']) retrieved from /home/airflow/.local/lib/python3.6/site-packages/airflow/example_dags/example_complex.py
[2024-08-10 05:18:30,249] {logging_mixin.py:104} INFO - [2024-08-10 05:18:30,249] {dag.py:1824} INFO - Sync 1 DAGs
[2024-08-10 05:18:30,266] {logging_mixin.py:104} INFO - [2024-08-10 05:18:30,266] {dag.py:2280} INFO - Setting next_dagrun for example_complex to None
[2024-08-10 05:18:30,280] {scheduler_job.py:190} INFO - Processing /home/airflow/.local/lib/python3.6/site-packages/airflow/example_dags/example_complex.py took 0.115 seconds
[2024-08-10 05:52:11,945] {scheduler_job.py:182} INFO - Started process (PID=61303) to work on /home/airflow/.local/lib/python3.6/site-packages/airflow/example_dags/example_complex.py
[2024-08-10 05:52:11,946] {scheduler_job.py:629} INFO - Processing file /home/airflow/.local/lib/python3.6/site-packages/airflow/example_dags/example_complex.py for tasks to queue
[2024-08-10 05:52:11,947] {logging_mixin.py:104} INFO - [2024-08-10 05:52:11,947] {dagbag.py:451} INFO - Filling up the DagBag from /home/airflow/.local/lib/python3.6/site-packages/airflow/example_dags/example_complex.py
[2024-08-10 05:52:11,957] {scheduler_job.py:639} INFO - DAG(s) dict_keys(['example_complex']) retrieved from /home/airflow/.local/lib/python3.6/site-packages/airflow/example_dags/example_complex.py
[2024-08-10 05:52:12,020] {logging_mixin.py:104} INFO - [2024-08-10 05:52:12,020] {dag.py:1824} INFO - Sync 1 DAGs
[2024-08-10 05:52:12,038] {logging_mixin.py:104} INFO - [2024-08-10 05:52:12,038] {dag.py:2280} INFO - Setting next_dagrun for example_complex to None
[2024-08-10 05:52:12,052] {scheduler_job.py:190} INFO - Processing /home/airflow/.local/lib/python3.6/site-packages/airflow/example_dags/example_complex.py took 0.109 seconds
[2024-08-10 06:01:21,483] {scheduler_job.py:182} INFO - Started process (PID=61332) to work on /home/airflow/.local/lib/python3.6/site-packages/airflow/example_dags/example_complex.py
[2024-08-10 06:01:21,486] {scheduler_job.py:629} INFO - Processing file /home/airflow/.local/lib/python3.6/site-packages/airflow/example_dags/example_complex.py for tasks to queue
[2024-08-10 06:01:21,486] {logging_mixin.py:104} INFO - [2024-08-10 06:01:21,486] {dagbag.py:451} INFO - Filling up the DagBag from /home/airflow/.local/lib/python3.6/site-packages/airflow/example_dags/example_complex.py
[2024-08-10 06:01:21,499] {scheduler_job.py:639} INFO - DAG(s) dict_keys(['example_complex']) retrieved from /home/airflow/.local/lib/python3.6/site-packages/airflow/example_dags/example_complex.py
[2024-08-10 06:01:21,573] {logging_mixin.py:104} INFO - [2024-08-10 06:01:21,573] {dag.py:1824} INFO - Sync 1 DAGs
[2024-08-10 06:01:21,592] {logging_mixin.py:104} INFO - [2024-08-10 06:01:21,592] {dag.py:2280} INFO - Setting next_dagrun for example_complex to None
[2024-08-10 06:01:21,609] {scheduler_job.py:190} INFO - Processing /home/airflow/.local/lib/python3.6/site-packages/airflow/example_dags/example_complex.py took 0.128 seconds
[2024-08-10 06:09:13,367] {scheduler_job.py:182} INFO - Started process (PID=61361) to work on /home/airflow/.local/lib/python3.6/site-packages/airflow/example_dags/example_complex.py
[2024-08-10 06:09:13,368] {scheduler_job.py:629} INFO - Processing file /home/airflow/.local/lib/python3.6/site-packages/airflow/example_dags/example_complex.py for tasks to queue
[2024-08-10 06:09:13,369] {logging_mixin.py:104} INFO - [2024-08-10 06:09:13,369] {dagbag.py:451} INFO - Filling up the DagBag from /home/airflow/.local/lib/python3.6/site-packages/airflow/example_dags/example_complex.py
[2024-08-10 06:09:13,380] {scheduler_job.py:639} INFO - DAG(s) dict_keys(['example_complex']) retrieved from /home/airflow/.local/lib/python3.6/site-packages/airflow/example_dags/example_complex.py
[2024-08-10 06:09:13,456] {logging_mixin.py:104} INFO - [2024-08-10 06:09:13,455] {dag.py:1824} INFO - Sync 1 DAGs
[2024-08-10 06:09:13,474] {logging_mixin.py:104} INFO - [2024-08-10 06:09:13,473] {dag.py:2280} INFO - Setting next_dagrun for example_complex to None
[2024-08-10 06:09:13,490] {scheduler_job.py:190} INFO - Processing /home/airflow/.local/lib/python3.6/site-packages/airflow/example_dags/example_complex.py took 0.125 seconds
[2024-08-10 06:09:44,049] {scheduler_job.py:182} INFO - Started process (PID=61386) to work on /home/airflow/.local/lib/python3.6/site-packages/airflow/example_dags/example_complex.py
[2024-08-10 06:09:44,050] {scheduler_job.py:629} INFO - Processing file /home/airflow/.local/lib/python3.6/site-packages/airflow/example_dags/example_complex.py for tasks to queue
[2024-08-10 06:09:44,050] {logging_mixin.py:104} INFO - [2024-08-10 06:09:44,050] {dagbag.py:451} INFO - Filling up the DagBag from /home/airflow/.local/lib/python3.6/site-packages/airflow/example_dags/example_complex.py
[2024-08-10 06:09:44,060] {scheduler_job.py:639} INFO - DAG(s) dict_keys(['example_complex']) retrieved from /home/airflow/.local/lib/python3.6/site-packages/airflow/example_dags/example_complex.py
[2024-08-10 06:09:44,121] {logging_mixin.py:104} INFO - [2024-08-10 06:09:44,121] {dag.py:1824} INFO - Sync 1 DAGs
[2024-08-10 06:09:44,138] {logging_mixin.py:104} INFO - [2024-08-10 06:09:44,138] {dag.py:2280} INFO - Setting next_dagrun for example_complex to None
[2024-08-10 06:09:44,150] {scheduler_job.py:190} INFO - Processing /home/airflow/.local/lib/python3.6/site-packages/airflow/example_dags/example_complex.py took 0.103 seconds
[2024-08-10 06:19:27,358] {scheduler_job.py:182} INFO - Started process (PID=61419) to work on /home/airflow/.local/lib/python3.6/site-packages/airflow/example_dags/example_complex.py
[2024-08-10 06:19:27,360] {scheduler_job.py:629} INFO - Processing file /home/airflow/.local/lib/python3.6/site-packages/airflow/example_dags/example_complex.py for tasks to queue
[2024-08-10 06:19:27,360] {logging_mixin.py:104} INFO - [2024-08-10 06:19:27,360] {dagbag.py:451} INFO - Filling up the DagBag from /home/airflow/.local/lib/python3.6/site-packages/airflow/example_dags/example_complex.py
[2024-08-10 06:19:27,373] {scheduler_job.py:639} INFO - DAG(s) dict_keys(['example_complex']) retrieved from /home/airflow/.local/lib/python3.6/site-packages/airflow/example_dags/example_complex.py
[2024-08-10 06:19:27,443] {logging_mixin.py:104} INFO - [2024-08-10 06:19:27,442] {dag.py:1824} INFO - Sync 1 DAGs
[2024-08-10 06:19:27,467] {logging_mixin.py:104} INFO - [2024-08-10 06:19:27,467] {dag.py:2280} INFO - Setting next_dagrun for example_complex to None
[2024-08-10 06:19:27,484] {scheduler_job.py:190} INFO - Processing /home/airflow/.local/lib/python3.6/site-packages/airflow/example_dags/example_complex.py took 0.127 seconds
[2024-08-10 06:53:16,141] {scheduler_job.py:182} INFO - Started process (PID=61448) to work on /home/airflow/.local/lib/python3.6/site-packages/airflow/example_dags/example_complex.py
[2024-08-10 06:53:16,144] {scheduler_job.py:629} INFO - Processing file /home/airflow/.local/lib/python3.6/site-packages/airflow/example_dags/example_complex.py for tasks to queue
[2024-08-10 06:53:16,145] {logging_mixin.py:104} INFO - [2024-08-10 06:53:16,145] {dagbag.py:451} INFO - Filling up the DagBag from /home/airflow/.local/lib/python3.6/site-packages/airflow/example_dags/example_complex.py
[2024-08-10 06:53:16,157] {scheduler_job.py:639} INFO - DAG(s) dict_keys(['example_complex']) retrieved from /home/airflow/.local/lib/python3.6/site-packages/airflow/example_dags/example_complex.py
[2024-08-10 06:53:16,229] {logging_mixin.py:104} INFO - [2024-08-10 06:53:16,229] {dag.py:1824} INFO - Sync 1 DAGs
[2024-08-10 06:53:16,248] {logging_mixin.py:104} INFO - [2024-08-10 06:53:16,248] {dag.py:2280} INFO - Setting next_dagrun for example_complex to None
[2024-08-10 06:53:16,261] {scheduler_job.py:190} INFO - Processing /home/airflow/.local/lib/python3.6/site-packages/airflow/example_dags/example_complex.py took 0.122 seconds
[2024-08-10 07:20:24,755] {scheduler_job.py:182} INFO - Started process (PID=61477) to work on /home/airflow/.local/lib/python3.6/site-packages/airflow/example_dags/example_complex.py
[2024-08-10 07:20:24,756] {scheduler_job.py:629} INFO - Processing file /home/airflow/.local/lib/python3.6/site-packages/airflow/example_dags/example_complex.py for tasks to queue
[2024-08-10 07:20:24,756] {logging_mixin.py:104} INFO - [2024-08-10 07:20:24,756] {dagbag.py:451} INFO - Filling up the DagBag from /home/airflow/.local/lib/python3.6/site-packages/airflow/example_dags/example_complex.py
[2024-08-10 07:20:24,767] {scheduler_job.py:639} INFO - DAG(s) dict_keys(['example_complex']) retrieved from /home/airflow/.local/lib/python3.6/site-packages/airflow/example_dags/example_complex.py
[2024-08-10 07:20:24,837] {logging_mixin.py:104} INFO - [2024-08-10 07:20:24,837] {dag.py:1824} INFO - Sync 1 DAGs
[2024-08-10 07:20:24,855] {logging_mixin.py:104} INFO - [2024-08-10 07:20:24,855] {dag.py:2280} INFO - Setting next_dagrun for example_complex to None
[2024-08-10 07:20:24,867] {scheduler_job.py:190} INFO - Processing /home/airflow/.local/lib/python3.6/site-packages/airflow/example_dags/example_complex.py took 0.115 seconds
[2024-08-10 07:36:32,894] {scheduler_job.py:182} INFO - Started process (PID=61506) to work on /home/airflow/.local/lib/python3.6/site-packages/airflow/example_dags/example_complex.py
[2024-08-10 07:36:32,895] {scheduler_job.py:629} INFO - Processing file /home/airflow/.local/lib/python3.6/site-packages/airflow/example_dags/example_complex.py for tasks to queue
[2024-08-10 07:36:32,896] {logging_mixin.py:104} INFO - [2024-08-10 07:36:32,896] {dagbag.py:451} INFO - Filling up the DagBag from /home/airflow/.local/lib/python3.6/site-packages/airflow/example_dags/example_complex.py
[2024-08-10 07:36:32,910] {scheduler_job.py:639} INFO - DAG(s) dict_keys(['example_complex']) retrieved from /home/airflow/.local/lib/python3.6/site-packages/airflow/example_dags/example_complex.py
[2024-08-10 07:36:32,989] {logging_mixin.py:104} INFO - [2024-08-10 07:36:32,988] {dag.py:1824} INFO - Sync 1 DAGs
[2024-08-10 07:36:33,009] {logging_mixin.py:104} INFO - [2024-08-10 07:36:33,009] {dag.py:2280} INFO - Setting next_dagrun for example_complex to None
[2024-08-10 07:36:33,022] {scheduler_job.py:190} INFO - Processing /home/airflow/.local/lib/python3.6/site-packages/airflow/example_dags/example_complex.py took 0.130 seconds
[2024-08-10 07:40:24,103] {scheduler_job.py:182} INFO - Started process (PID=61535) to work on /home/airflow/.local/lib/python3.6/site-packages/airflow/example_dags/example_complex.py
[2024-08-10 07:40:24,103] {scheduler_job.py:629} INFO - Processing file /home/airflow/.local/lib/python3.6/site-packages/airflow/example_dags/example_complex.py for tasks to queue
[2024-08-10 07:40:24,104] {logging_mixin.py:104} INFO - [2024-08-10 07:40:24,104] {dagbag.py:451} INFO - Filling up the DagBag from /home/airflow/.local/lib/python3.6/site-packages/airflow/example_dags/example_complex.py
[2024-08-10 07:40:24,115] {scheduler_job.py:639} INFO - DAG(s) dict_keys(['example_complex']) retrieved from /home/airflow/.local/lib/python3.6/site-packages/airflow/example_dags/example_complex.py
[2024-08-10 07:40:24,182] {logging_mixin.py:104} INFO - [2024-08-10 07:40:24,182] {dag.py:1824} INFO - Sync 1 DAGs
[2024-08-10 07:40:24,198] {logging_mixin.py:104} INFO - [2024-08-10 07:40:24,198] {dag.py:2280} INFO - Setting next_dagrun for example_complex to None
[2024-08-10 07:40:24,210] {scheduler_job.py:190} INFO - Processing /home/airflow/.local/lib/python3.6/site-packages/airflow/example_dags/example_complex.py took 0.110 seconds
[2024-08-10 08:13:24,648] {scheduler_job.py:182} INFO - Started process (PID=61564) to work on /home/airflow/.local/lib/python3.6/site-packages/airflow/example_dags/example_complex.py
[2024-08-10 08:13:24,649] {scheduler_job.py:629} INFO - Processing file /home/airflow/.local/lib/python3.6/site-packages/airflow/example_dags/example_complex.py for tasks to queue
[2024-08-10 08:13:24,649] {logging_mixin.py:104} INFO - [2024-08-10 08:13:24,649] {dagbag.py:451} INFO - Filling up the DagBag from /home/airflow/.local/lib/python3.6/site-packages/airflow/example_dags/example_complex.py
[2024-08-10 08:13:24,662] {scheduler_job.py:639} INFO - DAG(s) dict_keys(['example_complex']) retrieved from /home/airflow/.local/lib/python3.6/site-packages/airflow/example_dags/example_complex.py
[2024-08-10 08:13:24,730] {logging_mixin.py:104} INFO - [2024-08-10 08:13:24,729] {dag.py:1824} INFO - Sync 1 DAGs
[2024-08-10 08:13:24,751] {logging_mixin.py:104} INFO - [2024-08-10 08:13:24,751] {dag.py:2280} INFO - Setting next_dagrun for example_complex to None
[2024-08-10 08:13:24,766] {scheduler_job.py:190} INFO - Processing /home/airflow/.local/lib/python3.6/site-packages/airflow/example_dags/example_complex.py took 0.121 seconds
[2024-08-10 08:16:04,772] {scheduler_job.py:182} INFO - Started process (PID=61593) to work on /home/airflow/.local/lib/python3.6/site-packages/airflow/example_dags/example_complex.py
[2024-08-10 08:16:04,773] {scheduler_job.py:629} INFO - Processing file /home/airflow/.local/lib/python3.6/site-packages/airflow/example_dags/example_complex.py for tasks to queue
[2024-08-10 08:16:04,774] {logging_mixin.py:104} INFO - [2024-08-10 08:16:04,774] {dagbag.py:451} INFO - Filling up the DagBag from /home/airflow/.local/lib/python3.6/site-packages/airflow/example_dags/example_complex.py
[2024-08-10 08:16:04,788] {scheduler_job.py:639} INFO - DAG(s) dict_keys(['example_complex']) retrieved from /home/airflow/.local/lib/python3.6/site-packages/airflow/example_dags/example_complex.py
[2024-08-10 08:16:04,879] {logging_mixin.py:104} INFO - [2024-08-10 08:16:04,879] {dag.py:1824} INFO - Sync 1 DAGs
[2024-08-10 08:16:04,902] {logging_mixin.py:104} INFO - [2024-08-10 08:16:04,902] {dag.py:2280} INFO - Setting next_dagrun for example_complex to None
[2024-08-10 08:16:04,918] {scheduler_job.py:190} INFO - Processing /home/airflow/.local/lib/python3.6/site-packages/airflow/example_dags/example_complex.py took 0.148 seconds
[2024-08-10 08:16:35,570] {scheduler_job.py:182} INFO - Started process (PID=61620) to work on /home/airflow/.local/lib/python3.6/site-packages/airflow/example_dags/example_complex.py
[2024-08-10 08:16:35,571] {scheduler_job.py:629} INFO - Processing file /home/airflow/.local/lib/python3.6/site-packages/airflow/example_dags/example_complex.py for tasks to queue
[2024-08-10 08:16:35,571] {logging_mixin.py:104} INFO - [2024-08-10 08:16:35,571] {dagbag.py:451} INFO - Filling up the DagBag from /home/airflow/.local/lib/python3.6/site-packages/airflow/example_dags/example_complex.py
[2024-08-10 08:16:35,581] {scheduler_job.py:639} INFO - DAG(s) dict_keys(['example_complex']) retrieved from /home/airflow/.local/lib/python3.6/site-packages/airflow/example_dags/example_complex.py
[2024-08-10 08:16:35,645] {logging_mixin.py:104} INFO - [2024-08-10 08:16:35,645] {dag.py:1824} INFO - Sync 1 DAGs
[2024-08-10 08:16:35,665] {logging_mixin.py:104} INFO - [2024-08-10 08:16:35,665] {dag.py:2280} INFO - Setting next_dagrun for example_complex to None
[2024-08-10 08:16:35,678] {scheduler_job.py:190} INFO - Processing /home/airflow/.local/lib/python3.6/site-packages/airflow/example_dags/example_complex.py took 0.109 seconds
[2024-08-10 08:17:06,290] {scheduler_job.py:182} INFO - Started process (PID=61649) to work on /home/airflow/.local/lib/python3.6/site-packages/airflow/example_dags/example_complex.py
[2024-08-10 08:17:06,291] {scheduler_job.py:629} INFO - Processing file /home/airflow/.local/lib/python3.6/site-packages/airflow/example_dags/example_complex.py for tasks to queue
[2024-08-10 08:17:06,292] {logging_mixin.py:104} INFO - [2024-08-10 08:17:06,291] {dagbag.py:451} INFO - Filling up the DagBag from /home/airflow/.local/lib/python3.6/site-packages/airflow/example_dags/example_complex.py
[2024-08-10 08:17:06,301] {scheduler_job.py:639} INFO - DAG(s) dict_keys(['example_complex']) retrieved from /home/airflow/.local/lib/python3.6/site-packages/airflow/example_dags/example_complex.py
[2024-08-10 08:17:06,362] {logging_mixin.py:104} INFO - [2024-08-10 08:17:06,362] {dag.py:1824} INFO - Sync 1 DAGs
[2024-08-10 08:17:06,378] {logging_mixin.py:104} INFO - [2024-08-10 08:17:06,377] {dag.py:2280} INFO - Setting next_dagrun for example_complex to None
[2024-08-10 08:17:06,390] {scheduler_job.py:190} INFO - Processing /home/airflow/.local/lib/python3.6/site-packages/airflow/example_dags/example_complex.py took 0.101 seconds
[2024-08-10 08:17:37,225] {scheduler_job.py:182} INFO - Started process (PID=61678) to work on /home/airflow/.local/lib/python3.6/site-packages/airflow/example_dags/example_complex.py
[2024-08-10 08:17:37,227] {scheduler_job.py:629} INFO - Processing file /home/airflow/.local/lib/python3.6/site-packages/airflow/example_dags/example_complex.py for tasks to queue
[2024-08-10 08:17:37,228] {logging_mixin.py:104} INFO - [2024-08-10 08:17:37,228] {dagbag.py:451} INFO - Filling up the DagBag from /home/airflow/.local/lib/python3.6/site-packages/airflow/example_dags/example_complex.py
[2024-08-10 08:17:37,238] {scheduler_job.py:639} INFO - DAG(s) dict_keys(['example_complex']) retrieved from /home/airflow/.local/lib/python3.6/site-packages/airflow/example_dags/example_complex.py
[2024-08-10 08:17:37,299] {logging_mixin.py:104} INFO - [2024-08-10 08:17:37,299] {dag.py:1824} INFO - Sync 1 DAGs
[2024-08-10 08:17:37,315] {logging_mixin.py:104} INFO - [2024-08-10 08:17:37,315] {dag.py:2280} INFO - Setting next_dagrun for example_complex to None
[2024-08-10 08:17:37,327] {scheduler_job.py:190} INFO - Processing /home/airflow/.local/lib/python3.6/site-packages/airflow/example_dags/example_complex.py took 0.103 seconds
[2024-08-10 08:18:07,942] {scheduler_job.py:182} INFO - Started process (PID=61707) to work on /home/airflow/.local/lib/python3.6/site-packages/airflow/example_dags/example_complex.py
[2024-08-10 08:18:07,943] {scheduler_job.py:629} INFO - Processing file /home/airflow/.local/lib/python3.6/site-packages/airflow/example_dags/example_complex.py for tasks to queue
[2024-08-10 08:18:07,943] {logging_mixin.py:104} INFO - [2024-08-10 08:18:07,943] {dagbag.py:451} INFO - Filling up the DagBag from /home/airflow/.local/lib/python3.6/site-packages/airflow/example_dags/example_complex.py
[2024-08-10 08:18:07,953] {scheduler_job.py:639} INFO - DAG(s) dict_keys(['example_complex']) retrieved from /home/airflow/.local/lib/python3.6/site-packages/airflow/example_dags/example_complex.py
[2024-08-10 08:18:08,017] {logging_mixin.py:104} INFO - [2024-08-10 08:18:08,017] {dag.py:1824} INFO - Sync 1 DAGs
[2024-08-10 08:18:08,035] {logging_mixin.py:104} INFO - [2024-08-10 08:18:08,035] {dag.py:2280} INFO - Setting next_dagrun for example_complex to None
[2024-08-10 08:18:08,050] {scheduler_job.py:190} INFO - Processing /home/airflow/.local/lib/python3.6/site-packages/airflow/example_dags/example_complex.py took 0.110 seconds
[2024-08-10 08:18:38,713] {scheduler_job.py:182} INFO - Started process (PID=61736) to work on /home/airflow/.local/lib/python3.6/site-packages/airflow/example_dags/example_complex.py
[2024-08-10 08:18:38,714] {scheduler_job.py:629} INFO - Processing file /home/airflow/.local/lib/python3.6/site-packages/airflow/example_dags/example_complex.py for tasks to queue
[2024-08-10 08:18:38,714] {logging_mixin.py:104} INFO - [2024-08-10 08:18:38,714] {dagbag.py:451} INFO - Filling up the DagBag from /home/airflow/.local/lib/python3.6/site-packages/airflow/example_dags/example_complex.py
[2024-08-10 08:18:38,724] {scheduler_job.py:639} INFO - DAG(s) dict_keys(['example_complex']) retrieved from /home/airflow/.local/lib/python3.6/site-packages/airflow/example_dags/example_complex.py
[2024-08-10 08:18:38,785] {logging_mixin.py:104} INFO - [2024-08-10 08:18:38,785] {dag.py:1824} INFO - Sync 1 DAGs
[2024-08-10 08:18:38,802] {logging_mixin.py:104} INFO - [2024-08-10 08:18:38,802] {dag.py:2280} INFO - Setting next_dagrun for example_complex to None
[2024-08-10 08:18:38,815] {scheduler_job.py:190} INFO - Processing /home/airflow/.local/lib/python3.6/site-packages/airflow/example_dags/example_complex.py took 0.104 seconds
[2024-08-10 08:19:09,517] {scheduler_job.py:182} INFO - Started process (PID=61765) to work on /home/airflow/.local/lib/python3.6/site-packages/airflow/example_dags/example_complex.py
[2024-08-10 08:19:09,518] {scheduler_job.py:629} INFO - Processing file /home/airflow/.local/lib/python3.6/site-packages/airflow/example_dags/example_complex.py for tasks to queue
[2024-08-10 08:19:09,518] {logging_mixin.py:104} INFO - [2024-08-10 08:19:09,518] {dagbag.py:451} INFO - Filling up the DagBag from /home/airflow/.local/lib/python3.6/site-packages/airflow/example_dags/example_complex.py
[2024-08-10 08:19:09,528] {scheduler_job.py:639} INFO - DAG(s) dict_keys(['example_complex']) retrieved from /home/airflow/.local/lib/python3.6/site-packages/airflow/example_dags/example_complex.py
[2024-08-10 08:19:09,588] {logging_mixin.py:104} INFO - [2024-08-10 08:19:09,588] {dag.py:1824} INFO - Sync 1 DAGs
[2024-08-10 08:19:09,603] {logging_mixin.py:104} INFO - [2024-08-10 08:19:09,603] {dag.py:2280} INFO - Setting next_dagrun for example_complex to None
[2024-08-10 08:19:09,616] {scheduler_job.py:190} INFO - Processing /home/airflow/.local/lib/python3.6/site-packages/airflow/example_dags/example_complex.py took 0.101 seconds
[2024-08-10 08:19:40,246] {scheduler_job.py:182} INFO - Started process (PID=61794) to work on /home/airflow/.local/lib/python3.6/site-packages/airflow/example_dags/example_complex.py
[2024-08-10 08:19:40,247] {scheduler_job.py:629} INFO - Processing file /home/airflow/.local/lib/python3.6/site-packages/airflow/example_dags/example_complex.py for tasks to queue
[2024-08-10 08:19:40,247] {logging_mixin.py:104} INFO - [2024-08-10 08:19:40,247] {dagbag.py:451} INFO - Filling up the DagBag from /home/airflow/.local/lib/python3.6/site-packages/airflow/example_dags/example_complex.py
[2024-08-10 08:19:40,257] {scheduler_job.py:639} INFO - DAG(s) dict_keys(['example_complex']) retrieved from /home/airflow/.local/lib/python3.6/site-packages/airflow/example_dags/example_complex.py
[2024-08-10 08:19:40,318] {logging_mixin.py:104} INFO - [2024-08-10 08:19:40,317] {dag.py:1824} INFO - Sync 1 DAGs
[2024-08-10 08:19:40,335] {logging_mixin.py:104} INFO - [2024-08-10 08:19:40,335] {dag.py:2280} INFO - Setting next_dagrun for example_complex to None
[2024-08-10 08:19:40,348] {scheduler_job.py:190} INFO - Processing /home/airflow/.local/lib/python3.6/site-packages/airflow/example_dags/example_complex.py took 0.104 seconds
[2024-08-10 08:20:11,071] {scheduler_job.py:182} INFO - Started process (PID=61823) to work on /home/airflow/.local/lib/python3.6/site-packages/airflow/example_dags/example_complex.py
[2024-08-10 08:20:11,072] {scheduler_job.py:629} INFO - Processing file /home/airflow/.local/lib/python3.6/site-packages/airflow/example_dags/example_complex.py for tasks to queue
[2024-08-10 08:20:11,072] {logging_mixin.py:104} INFO - [2024-08-10 08:20:11,072] {dagbag.py:451} INFO - Filling up the DagBag from /home/airflow/.local/lib/python3.6/site-packages/airflow/example_dags/example_complex.py
[2024-08-10 08:20:11,082] {scheduler_job.py:639} INFO - DAG(s) dict_keys(['example_complex']) retrieved from /home/airflow/.local/lib/python3.6/site-packages/airflow/example_dags/example_complex.py
[2024-08-10 08:20:11,160] {logging_mixin.py:104} INFO - [2024-08-10 08:20:11,160] {dag.py:1824} INFO - Sync 1 DAGs
[2024-08-10 08:20:11,178] {logging_mixin.py:104} INFO - [2024-08-10 08:20:11,178] {dag.py:2280} INFO - Setting next_dagrun for example_complex to None
[2024-08-10 08:20:11,191] {scheduler_job.py:190} INFO - Processing /home/airflow/.local/lib/python3.6/site-packages/airflow/example_dags/example_complex.py took 0.122 seconds
[2024-08-10 08:20:41,810] {scheduler_job.py:182} INFO - Started process (PID=61852) to work on /home/airflow/.local/lib/python3.6/site-packages/airflow/example_dags/example_complex.py
[2024-08-10 08:20:41,811] {scheduler_job.py:629} INFO - Processing file /home/airflow/.local/lib/python3.6/site-packages/airflow/example_dags/example_complex.py for tasks to queue
[2024-08-10 08:20:41,811] {logging_mixin.py:104} INFO - [2024-08-10 08:20:41,811] {dagbag.py:451} INFO - Filling up the DagBag from /home/airflow/.local/lib/python3.6/site-packages/airflow/example_dags/example_complex.py
[2024-08-10 08:20:41,821] {scheduler_job.py:639} INFO - DAG(s) dict_keys(['example_complex']) retrieved from /home/airflow/.local/lib/python3.6/site-packages/airflow/example_dags/example_complex.py
[2024-08-10 08:20:41,881] {logging_mixin.py:104} INFO - [2024-08-10 08:20:41,881] {dag.py:1824} INFO - Sync 1 DAGs
[2024-08-10 08:20:41,897] {logging_mixin.py:104} INFO - [2024-08-10 08:20:41,897] {dag.py:2280} INFO - Setting next_dagrun for example_complex to None
[2024-08-10 08:20:41,910] {scheduler_job.py:190} INFO - Processing /home/airflow/.local/lib/python3.6/site-packages/airflow/example_dags/example_complex.py took 0.102 seconds
[2024-08-10 08:21:12,550] {scheduler_job.py:182} INFO - Started process (PID=61881) to work on /home/airflow/.local/lib/python3.6/site-packages/airflow/example_dags/example_complex.py
[2024-08-10 08:21:12,551] {scheduler_job.py:629} INFO - Processing file /home/airflow/.local/lib/python3.6/site-packages/airflow/example_dags/example_complex.py for tasks to queue
[2024-08-10 08:21:12,551] {logging_mixin.py:104} INFO - [2024-08-10 08:21:12,551] {dagbag.py:451} INFO - Filling up the DagBag from /home/airflow/.local/lib/python3.6/site-packages/airflow/example_dags/example_complex.py
[2024-08-10 08:21:12,561] {scheduler_job.py:639} INFO - DAG(s) dict_keys(['example_complex']) retrieved from /home/airflow/.local/lib/python3.6/site-packages/airflow/example_dags/example_complex.py
[2024-08-10 08:21:12,624] {logging_mixin.py:104} INFO - [2024-08-10 08:21:12,624] {dag.py:1824} INFO - Sync 1 DAGs
[2024-08-10 08:21:12,641] {logging_mixin.py:104} INFO - [2024-08-10 08:21:12,641] {dag.py:2280} INFO - Setting next_dagrun for example_complex to None
[2024-08-10 08:21:12,655] {scheduler_job.py:190} INFO - Processing /home/airflow/.local/lib/python3.6/site-packages/airflow/example_dags/example_complex.py took 0.107 seconds
[2024-08-10 08:21:43,301] {scheduler_job.py:182} INFO - Started process (PID=61910) to work on /home/airflow/.local/lib/python3.6/site-packages/airflow/example_dags/example_complex.py
[2024-08-10 08:21:43,302] {scheduler_job.py:629} INFO - Processing file /home/airflow/.local/lib/python3.6/site-packages/airflow/example_dags/example_complex.py for tasks to queue
[2024-08-10 08:21:43,303] {logging_mixin.py:104} INFO - [2024-08-10 08:21:43,303] {dagbag.py:451} INFO - Filling up the DagBag from /home/airflow/.local/lib/python3.6/site-packages/airflow/example_dags/example_complex.py
[2024-08-10 08:21:43,312] {scheduler_job.py:639} INFO - DAG(s) dict_keys(['example_complex']) retrieved from /home/airflow/.local/lib/python3.6/site-packages/airflow/example_dags/example_complex.py
[2024-08-10 08:21:43,375] {logging_mixin.py:104} INFO - [2024-08-10 08:21:43,375] {dag.py:1824} INFO - Sync 1 DAGs
[2024-08-10 08:21:43,393] {logging_mixin.py:104} INFO - [2024-08-10 08:21:43,393] {dag.py:2280} INFO - Setting next_dagrun for example_complex to None
[2024-08-10 08:21:43,408] {scheduler_job.py:190} INFO - Processing /home/airflow/.local/lib/python3.6/site-packages/airflow/example_dags/example_complex.py took 0.109 seconds
[2024-08-10 08:22:14,107] {scheduler_job.py:182} INFO - Started process (PID=61939) to work on /home/airflow/.local/lib/python3.6/site-packages/airflow/example_dags/example_complex.py
[2024-08-10 08:22:14,107] {scheduler_job.py:629} INFO - Processing file /home/airflow/.local/lib/python3.6/site-packages/airflow/example_dags/example_complex.py for tasks to queue
[2024-08-10 08:22:14,108] {logging_mixin.py:104} INFO - [2024-08-10 08:22:14,108] {dagbag.py:451} INFO - Filling up the DagBag from /home/airflow/.local/lib/python3.6/site-packages/airflow/example_dags/example_complex.py
[2024-08-10 08:22:14,118] {scheduler_job.py:639} INFO - DAG(s) dict_keys(['example_complex']) retrieved from /home/airflow/.local/lib/python3.6/site-packages/airflow/example_dags/example_complex.py
[2024-08-10 08:22:14,179] {logging_mixin.py:104} INFO - [2024-08-10 08:22:14,179] {dag.py:1824} INFO - Sync 1 DAGs
[2024-08-10 08:22:14,196] {logging_mixin.py:104} INFO - [2024-08-10 08:22:14,196] {dag.py:2280} INFO - Setting next_dagrun for example_complex to None
[2024-08-10 08:22:14,209] {scheduler_job.py:190} INFO - Processing /home/airflow/.local/lib/python3.6/site-packages/airflow/example_dags/example_complex.py took 0.104 seconds
[2024-08-10 08:22:44,875] {scheduler_job.py:182} INFO - Started process (PID=61968) to work on /home/airflow/.local/lib/python3.6/site-packages/airflow/example_dags/example_complex.py
[2024-08-10 08:22:44,876] {scheduler_job.py:629} INFO - Processing file /home/airflow/.local/lib/python3.6/site-packages/airflow/example_dags/example_complex.py for tasks to queue
[2024-08-10 08:22:44,878] {logging_mixin.py:104} INFO - [2024-08-10 08:22:44,878] {dagbag.py:451} INFO - Filling up the DagBag from /home/airflow/.local/lib/python3.6/site-packages/airflow/example_dags/example_complex.py
[2024-08-10 08:22:44,888] {scheduler_job.py:639} INFO - DAG(s) dict_keys(['example_complex']) retrieved from /home/airflow/.local/lib/python3.6/site-packages/airflow/example_dags/example_complex.py
[2024-08-10 08:22:44,951] {logging_mixin.py:104} INFO - [2024-08-10 08:22:44,950] {dag.py:1824} INFO - Sync 1 DAGs
[2024-08-10 08:22:44,967] {logging_mixin.py:104} INFO - [2024-08-10 08:22:44,967] {dag.py:2280} INFO - Setting next_dagrun for example_complex to None
[2024-08-10 08:22:44,980] {scheduler_job.py:190} INFO - Processing /home/airflow/.local/lib/python3.6/site-packages/airflow/example_dags/example_complex.py took 0.106 seconds
[2024-08-10 19:59:44,749] {scheduler_job.py:182} INFO - Started process (PID=55) to work on /home/airflow/.local/lib/python3.6/site-packages/airflow/example_dags/example_complex.py
[2024-08-10 19:59:44,752] {scheduler_job.py:629} INFO - Processing file /home/airflow/.local/lib/python3.6/site-packages/airflow/example_dags/example_complex.py for tasks to queue
[2024-08-10 19:59:44,753] {logging_mixin.py:104} INFO - [2024-08-10 19:59:44,753] {dagbag.py:451} INFO - Filling up the DagBag from /home/airflow/.local/lib/python3.6/site-packages/airflow/example_dags/example_complex.py
[2024-08-10 19:59:44,763] {scheduler_job.py:639} INFO - DAG(s) dict_keys(['example_complex']) retrieved from /home/airflow/.local/lib/python3.6/site-packages/airflow/example_dags/example_complex.py
[2024-08-10 19:59:44,826] {logging_mixin.py:104} INFO - [2024-08-10 19:59:44,826] {dag.py:1824} INFO - Sync 1 DAGs
[2024-08-10 19:59:44,848] {logging_mixin.py:104} INFO - [2024-08-10 19:59:44,848] {dag.py:2280} INFO - Setting next_dagrun for example_complex to None
[2024-08-10 19:59:44,862] {scheduler_job.py:190} INFO - Processing /home/airflow/.local/lib/python3.6/site-packages/airflow/example_dags/example_complex.py took 0.114 seconds
[2024-08-10 20:00:15,247] {scheduler_job.py:182} INFO - Started process (PID=78) to work on /home/airflow/.local/lib/python3.6/site-packages/airflow/example_dags/example_complex.py
[2024-08-10 20:00:15,247] {scheduler_job.py:629} INFO - Processing file /home/airflow/.local/lib/python3.6/site-packages/airflow/example_dags/example_complex.py for tasks to queue
[2024-08-10 20:00:15,248] {logging_mixin.py:104} INFO - [2024-08-10 20:00:15,248] {dagbag.py:451} INFO - Filling up the DagBag from /home/airflow/.local/lib/python3.6/site-packages/airflow/example_dags/example_complex.py
[2024-08-10 20:00:15,258] {scheduler_job.py:639} INFO - DAG(s) dict_keys(['example_complex']) retrieved from /home/airflow/.local/lib/python3.6/site-packages/airflow/example_dags/example_complex.py
[2024-08-10 20:00:15,320] {logging_mixin.py:104} INFO - [2024-08-10 20:00:15,320] {dag.py:1824} INFO - Sync 1 DAGs
[2024-08-10 20:00:15,338] {logging_mixin.py:104} INFO - [2024-08-10 20:00:15,338] {dag.py:2280} INFO - Setting next_dagrun for example_complex to None
[2024-08-10 20:00:15,352] {scheduler_job.py:190} INFO - Processing /home/airflow/.local/lib/python3.6/site-packages/airflow/example_dags/example_complex.py took 0.107 seconds
[2024-08-10 21:00:37,812] {scheduler_job.py:182} INFO - Started process (PID=113) to work on /home/airflow/.local/lib/python3.6/site-packages/airflow/example_dags/example_complex.py
[2024-08-10 21:00:37,813] {scheduler_job.py:629} INFO - Processing file /home/airflow/.local/lib/python3.6/site-packages/airflow/example_dags/example_complex.py for tasks to queue
[2024-08-10 21:00:37,813] {logging_mixin.py:104} INFO - [2024-08-10 21:00:37,813] {dagbag.py:451} INFO - Filling up the DagBag from /home/airflow/.local/lib/python3.6/site-packages/airflow/example_dags/example_complex.py
[2024-08-10 21:00:37,825] {scheduler_job.py:639} INFO - DAG(s) dict_keys(['example_complex']) retrieved from /home/airflow/.local/lib/python3.6/site-packages/airflow/example_dags/example_complex.py
[2024-08-10 21:00:37,894] {logging_mixin.py:104} INFO - [2024-08-10 21:00:37,894] {dag.py:1824} INFO - Sync 1 DAGs
[2024-08-10 21:00:37,910] {logging_mixin.py:104} INFO - [2024-08-10 21:00:37,910] {dag.py:2280} INFO - Setting next_dagrun for example_complex to None
[2024-08-10 21:00:37,921] {scheduler_job.py:190} INFO - Processing /home/airflow/.local/lib/python3.6/site-packages/airflow/example_dags/example_complex.py took 0.112 seconds
[2024-08-10 21:01:08,281] {scheduler_job.py:182} INFO - Started process (PID=136) to work on /home/airflow/.local/lib/python3.6/site-packages/airflow/example_dags/example_complex.py
[2024-08-10 21:01:08,282] {scheduler_job.py:629} INFO - Processing file /home/airflow/.local/lib/python3.6/site-packages/airflow/example_dags/example_complex.py for tasks to queue
[2024-08-10 21:01:08,284] {logging_mixin.py:104} INFO - [2024-08-10 21:01:08,284] {dagbag.py:451} INFO - Filling up the DagBag from /home/airflow/.local/lib/python3.6/site-packages/airflow/example_dags/example_complex.py
[2024-08-10 21:01:08,295] {scheduler_job.py:639} INFO - DAG(s) dict_keys(['example_complex']) retrieved from /home/airflow/.local/lib/python3.6/site-packages/airflow/example_dags/example_complex.py
[2024-08-10 21:01:08,358] {logging_mixin.py:104} INFO - [2024-08-10 21:01:08,358] {dag.py:1824} INFO - Sync 1 DAGs
[2024-08-10 21:01:08,375] {logging_mixin.py:104} INFO - [2024-08-10 21:01:08,375] {dag.py:2280} INFO - Setting next_dagrun for example_complex to None
[2024-08-10 21:01:08,386] {scheduler_job.py:190} INFO - Processing /home/airflow/.local/lib/python3.6/site-packages/airflow/example_dags/example_complex.py took 0.107 seconds
[2024-08-10 21:16:46,185] {scheduler_job.py:182} INFO - Started process (PID=171) to work on /home/airflow/.local/lib/python3.6/site-packages/airflow/example_dags/example_complex.py
[2024-08-10 21:16:46,186] {scheduler_job.py:629} INFO - Processing file /home/airflow/.local/lib/python3.6/site-packages/airflow/example_dags/example_complex.py for tasks to queue
[2024-08-10 21:16:46,186] {logging_mixin.py:104} INFO - [2024-08-10 21:16:46,186] {dagbag.py:451} INFO - Filling up the DagBag from /home/airflow/.local/lib/python3.6/site-packages/airflow/example_dags/example_complex.py
[2024-08-10 21:16:46,198] {scheduler_job.py:639} INFO - DAG(s) dict_keys(['example_complex']) retrieved from /home/airflow/.local/lib/python3.6/site-packages/airflow/example_dags/example_complex.py
[2024-08-10 21:16:46,262] {logging_mixin.py:104} INFO - [2024-08-10 21:16:46,262] {dag.py:1824} INFO - Sync 1 DAGs
[2024-08-10 21:16:46,281] {logging_mixin.py:104} INFO - [2024-08-10 21:16:46,281] {dag.py:2280} INFO - Setting next_dagrun for example_complex to None
[2024-08-10 21:16:46,293] {scheduler_job.py:190} INFO - Processing /home/airflow/.local/lib/python3.6/site-packages/airflow/example_dags/example_complex.py took 0.109 seconds
[2024-08-10 21:21:48,747] {scheduler_job.py:182} INFO - Started process (PID=200) to work on /home/airflow/.local/lib/python3.6/site-packages/airflow/example_dags/example_complex.py
[2024-08-10 21:21:48,751] {scheduler_job.py:629} INFO - Processing file /home/airflow/.local/lib/python3.6/site-packages/airflow/example_dags/example_complex.py for tasks to queue
[2024-08-10 21:21:48,752] {logging_mixin.py:104} INFO - [2024-08-10 21:21:48,752] {dagbag.py:451} INFO - Filling up the DagBag from /home/airflow/.local/lib/python3.6/site-packages/airflow/example_dags/example_complex.py
[2024-08-10 21:21:48,777] {scheduler_job.py:639} INFO - DAG(s) dict_keys(['example_complex']) retrieved from /home/airflow/.local/lib/python3.6/site-packages/airflow/example_dags/example_complex.py
[2024-08-10 21:21:48,849] {logging_mixin.py:104} INFO - [2024-08-10 21:21:48,849] {dag.py:1824} INFO - Sync 1 DAGs
[2024-08-10 21:21:48,875] {logging_mixin.py:104} INFO - [2024-08-10 21:21:48,875] {dag.py:2280} INFO - Setting next_dagrun for example_complex to None
[2024-08-10 21:21:48,888] {scheduler_job.py:190} INFO - Processing /home/airflow/.local/lib/python3.6/site-packages/airflow/example_dags/example_complex.py took 0.143 seconds
[2024-08-10 21:22:19,275] {scheduler_job.py:182} INFO - Started process (PID=224) to work on /home/airflow/.local/lib/python3.6/site-packages/airflow/example_dags/example_complex.py
[2024-08-10 21:22:19,276] {scheduler_job.py:629} INFO - Processing file /home/airflow/.local/lib/python3.6/site-packages/airflow/example_dags/example_complex.py for tasks to queue
[2024-08-10 21:22:19,276] {logging_mixin.py:104} INFO - [2024-08-10 21:22:19,276] {dagbag.py:451} INFO - Filling up the DagBag from /home/airflow/.local/lib/python3.6/site-packages/airflow/example_dags/example_complex.py
[2024-08-10 21:22:19,286] {scheduler_job.py:639} INFO - DAG(s) dict_keys(['example_complex']) retrieved from /home/airflow/.local/lib/python3.6/site-packages/airflow/example_dags/example_complex.py
[2024-08-10 21:22:19,347] {logging_mixin.py:104} INFO - [2024-08-10 21:22:19,347] {dag.py:1824} INFO - Sync 1 DAGs
[2024-08-10 21:22:19,363] {logging_mixin.py:104} INFO - [2024-08-10 21:22:19,363] {dag.py:2280} INFO - Setting next_dagrun for example_complex to None
[2024-08-10 21:22:19,375] {scheduler_job.py:190} INFO - Processing /home/airflow/.local/lib/python3.6/site-packages/airflow/example_dags/example_complex.py took 0.101 seconds
[2024-08-10 21:45:46,395] {scheduler_job.py:182} INFO - Started process (PID=258) to work on /home/airflow/.local/lib/python3.6/site-packages/airflow/example_dags/example_complex.py
[2024-08-10 21:45:46,395] {scheduler_job.py:629} INFO - Processing file /home/airflow/.local/lib/python3.6/site-packages/airflow/example_dags/example_complex.py for tasks to queue
[2024-08-10 21:45:46,396] {logging_mixin.py:104} INFO - [2024-08-10 21:45:46,396] {dagbag.py:451} INFO - Filling up the DagBag from /home/airflow/.local/lib/python3.6/site-packages/airflow/example_dags/example_complex.py
[2024-08-10 21:45:46,414] {scheduler_job.py:639} INFO - DAG(s) dict_keys(['example_complex']) retrieved from /home/airflow/.local/lib/python3.6/site-packages/airflow/example_dags/example_complex.py
[2024-08-10 21:45:46,483] {logging_mixin.py:104} INFO - [2024-08-10 21:45:46,483] {dag.py:1824} INFO - Sync 1 DAGs
[2024-08-10 21:45:46,505] {logging_mixin.py:104} INFO - [2024-08-10 21:45:46,504] {dag.py:2280} INFO - Setting next_dagrun for example_complex to None
[2024-08-10 21:45:46,518] {scheduler_job.py:190} INFO - Processing /home/airflow/.local/lib/python3.6/site-packages/airflow/example_dags/example_complex.py took 0.125 seconds
[2024-08-10 21:46:17,030] {scheduler_job.py:182} INFO - Started process (PID=282) to work on /home/airflow/.local/lib/python3.6/site-packages/airflow/example_dags/example_complex.py
[2024-08-10 21:46:17,030] {scheduler_job.py:629} INFO - Processing file /home/airflow/.local/lib/python3.6/site-packages/airflow/example_dags/example_complex.py for tasks to queue
[2024-08-10 21:46:17,031] {logging_mixin.py:104} INFO - [2024-08-10 21:46:17,030] {dagbag.py:451} INFO - Filling up the DagBag from /home/airflow/.local/lib/python3.6/site-packages/airflow/example_dags/example_complex.py
[2024-08-10 21:46:17,041] {scheduler_job.py:639} INFO - DAG(s) dict_keys(['example_complex']) retrieved from /home/airflow/.local/lib/python3.6/site-packages/airflow/example_dags/example_complex.py
[2024-08-10 21:46:17,102] {logging_mixin.py:104} INFO - [2024-08-10 21:46:17,102] {dag.py:1824} INFO - Sync 1 DAGs
[2024-08-10 21:46:17,119] {logging_mixin.py:104} INFO - [2024-08-10 21:46:17,118] {dag.py:2280} INFO - Setting next_dagrun for example_complex to None
[2024-08-10 21:46:17,131] {scheduler_job.py:190} INFO - Processing /home/airflow/.local/lib/python3.6/site-packages/airflow/example_dags/example_complex.py took 0.103 seconds
[2024-08-10 22:01:47,869] {scheduler_job.py:182} INFO - Started process (PID=316) to work on /home/airflow/.local/lib/python3.6/site-packages/airflow/example_dags/example_complex.py
[2024-08-10 22:01:47,870] {scheduler_job.py:629} INFO - Processing file /home/airflow/.local/lib/python3.6/site-packages/airflow/example_dags/example_complex.py for tasks to queue
[2024-08-10 22:01:47,873] {logging_mixin.py:104} INFO - [2024-08-10 22:01:47,873] {dagbag.py:451} INFO - Filling up the DagBag from /home/airflow/.local/lib/python3.6/site-packages/airflow/example_dags/example_complex.py
[2024-08-10 22:01:47,883] {scheduler_job.py:639} INFO - DAG(s) dict_keys(['example_complex']) retrieved from /home/airflow/.local/lib/python3.6/site-packages/airflow/example_dags/example_complex.py
[2024-08-10 22:01:47,969] {logging_mixin.py:104} INFO - [2024-08-10 22:01:47,969] {dag.py:1824} INFO - Sync 1 DAGs
[2024-08-10 22:01:47,993] {logging_mixin.py:104} INFO - [2024-08-10 22:01:47,993] {dag.py:2280} INFO - Setting next_dagrun for example_complex to None
[2024-08-10 22:01:48,012] {scheduler_job.py:190} INFO - Processing /home/airflow/.local/lib/python3.6/site-packages/airflow/example_dags/example_complex.py took 0.145 seconds
[2024-08-10 22:08:20,656] {scheduler_job.py:182} INFO - Started process (PID=345) to work on /home/airflow/.local/lib/python3.6/site-packages/airflow/example_dags/example_complex.py
[2024-08-10 22:08:20,656] {scheduler_job.py:629} INFO - Processing file /home/airflow/.local/lib/python3.6/site-packages/airflow/example_dags/example_complex.py for tasks to queue
[2024-08-10 22:08:20,657] {logging_mixin.py:104} INFO - [2024-08-10 22:08:20,657] {dagbag.py:451} INFO - Filling up the DagBag from /home/airflow/.local/lib/python3.6/site-packages/airflow/example_dags/example_complex.py
[2024-08-10 22:08:20,667] {scheduler_job.py:639} INFO - DAG(s) dict_keys(['example_complex']) retrieved from /home/airflow/.local/lib/python3.6/site-packages/airflow/example_dags/example_complex.py
[2024-08-10 22:08:20,730] {logging_mixin.py:104} INFO - [2024-08-10 22:08:20,730] {dag.py:1824} INFO - Sync 1 DAGs
[2024-08-10 22:08:20,756] {logging_mixin.py:104} INFO - [2024-08-10 22:08:20,756] {dag.py:2280} INFO - Setting next_dagrun for example_complex to None
[2024-08-10 22:08:20,768] {scheduler_job.py:190} INFO - Processing /home/airflow/.local/lib/python3.6/site-packages/airflow/example_dags/example_complex.py took 0.114 seconds
[2024-08-10 22:08:50,803] {scheduler_job.py:182} INFO - Started process (PID=374) to work on /home/airflow/.local/lib/python3.6/site-packages/airflow/example_dags/example_complex.py
[2024-08-10 22:08:50,804] {scheduler_job.py:629} INFO - Processing file /home/airflow/.local/lib/python3.6/site-packages/airflow/example_dags/example_complex.py for tasks to queue
[2024-08-10 22:08:50,806] {logging_mixin.py:104} INFO - [2024-08-10 22:08:50,806] {dagbag.py:451} INFO - Filling up the DagBag from /home/airflow/.local/lib/python3.6/site-packages/airflow/example_dags/example_complex.py
[2024-08-10 22:08:50,816] {scheduler_job.py:639} INFO - DAG(s) dict_keys(['example_complex']) retrieved from /home/airflow/.local/lib/python3.6/site-packages/airflow/example_dags/example_complex.py
[2024-08-10 22:08:50,875] {logging_mixin.py:104} INFO - [2024-08-10 22:08:50,875] {dag.py:1824} INFO - Sync 1 DAGs
[2024-08-10 22:08:50,891] {logging_mixin.py:104} INFO - [2024-08-10 22:08:50,891] {dag.py:2280} INFO - Setting next_dagrun for example_complex to None
[2024-08-10 22:08:50,901] {scheduler_job.py:190} INFO - Processing /home/airflow/.local/lib/python3.6/site-packages/airflow/example_dags/example_complex.py took 0.100 seconds
[2024-08-10 22:13:49,304] {scheduler_job.py:182} INFO - Started process (PID=403) to work on /home/airflow/.local/lib/python3.6/site-packages/airflow/example_dags/example_complex.py
[2024-08-10 22:13:49,305] {scheduler_job.py:629} INFO - Processing file /home/airflow/.local/lib/python3.6/site-packages/airflow/example_dags/example_complex.py for tasks to queue
[2024-08-10 22:13:49,306] {logging_mixin.py:104} INFO - [2024-08-10 22:13:49,306] {dagbag.py:451} INFO - Filling up the DagBag from /home/airflow/.local/lib/python3.6/site-packages/airflow/example_dags/example_complex.py
[2024-08-10 22:13:49,317] {scheduler_job.py:639} INFO - DAG(s) dict_keys(['example_complex']) retrieved from /home/airflow/.local/lib/python3.6/site-packages/airflow/example_dags/example_complex.py
[2024-08-10 22:13:49,381] {logging_mixin.py:104} INFO - [2024-08-10 22:13:49,381] {dag.py:1824} INFO - Sync 1 DAGs
[2024-08-10 22:13:49,397] {logging_mixin.py:104} INFO - [2024-08-10 22:13:49,397] {dag.py:2280} INFO - Setting next_dagrun for example_complex to None
[2024-08-10 22:13:49,412] {scheduler_job.py:190} INFO - Processing /home/airflow/.local/lib/python3.6/site-packages/airflow/example_dags/example_complex.py took 0.110 seconds
[2024-08-10 22:17:46,578] {scheduler_job.py:182} INFO - Started process (PID=432) to work on /home/airflow/.local/lib/python3.6/site-packages/airflow/example_dags/example_complex.py
[2024-08-10 22:17:46,578] {scheduler_job.py:629} INFO - Processing file /home/airflow/.local/lib/python3.6/site-packages/airflow/example_dags/example_complex.py for tasks to queue
[2024-08-10 22:17:46,579] {logging_mixin.py:104} INFO - [2024-08-10 22:17:46,579] {dagbag.py:451} INFO - Filling up the DagBag from /home/airflow/.local/lib/python3.6/site-packages/airflow/example_dags/example_complex.py
[2024-08-10 22:17:46,590] {scheduler_job.py:639} INFO - DAG(s) dict_keys(['example_complex']) retrieved from /home/airflow/.local/lib/python3.6/site-packages/airflow/example_dags/example_complex.py
[2024-08-10 22:17:46,656] {logging_mixin.py:104} INFO - [2024-08-10 22:17:46,656] {dag.py:1824} INFO - Sync 1 DAGs
[2024-08-10 22:17:46,674] {logging_mixin.py:104} INFO - [2024-08-10 22:17:46,674] {dag.py:2280} INFO - Setting next_dagrun for example_complex to None
[2024-08-10 22:17:46,686] {scheduler_job.py:190} INFO - Processing /home/airflow/.local/lib/python3.6/site-packages/airflow/example_dags/example_complex.py took 0.110 seconds
[2024-08-10 22:18:16,906] {scheduler_job.py:182} INFO - Started process (PID=453) to work on /home/airflow/.local/lib/python3.6/site-packages/airflow/example_dags/example_complex.py
[2024-08-10 22:18:16,907] {scheduler_job.py:629} INFO - Processing file /home/airflow/.local/lib/python3.6/site-packages/airflow/example_dags/example_complex.py for tasks to queue
[2024-08-10 22:18:16,907] {logging_mixin.py:104} INFO - [2024-08-10 22:18:16,907] {dagbag.py:451} INFO - Filling up the DagBag from /home/airflow/.local/lib/python3.6/site-packages/airflow/example_dags/example_complex.py
[2024-08-10 22:18:16,917] {scheduler_job.py:639} INFO - DAG(s) dict_keys(['example_complex']) retrieved from /home/airflow/.local/lib/python3.6/site-packages/airflow/example_dags/example_complex.py
[2024-08-10 22:18:16,977] {logging_mixin.py:104} INFO - [2024-08-10 22:18:16,977] {dag.py:1824} INFO - Sync 1 DAGs
[2024-08-10 22:18:16,993] {logging_mixin.py:104} INFO - [2024-08-10 22:18:16,993] {dag.py:2280} INFO - Setting next_dagrun for example_complex to None
[2024-08-10 22:18:17,004] {scheduler_job.py:190} INFO - Processing /home/airflow/.local/lib/python3.6/site-packages/airflow/example_dags/example_complex.py took 0.099 seconds
[2024-08-10 22:18:47,501] {scheduler_job.py:182} INFO - Started process (PID=480) to work on /home/airflow/.local/lib/python3.6/site-packages/airflow/example_dags/example_complex.py
[2024-08-10 22:18:47,502] {scheduler_job.py:629} INFO - Processing file /home/airflow/.local/lib/python3.6/site-packages/airflow/example_dags/example_complex.py for tasks to queue
[2024-08-10 22:18:47,502] {logging_mixin.py:104} INFO - [2024-08-10 22:18:47,502] {dagbag.py:451} INFO - Filling up the DagBag from /home/airflow/.local/lib/python3.6/site-packages/airflow/example_dags/example_complex.py
[2024-08-10 22:18:47,512] {scheduler_job.py:639} INFO - DAG(s) dict_keys(['example_complex']) retrieved from /home/airflow/.local/lib/python3.6/site-packages/airflow/example_dags/example_complex.py
[2024-08-10 22:18:47,575] {logging_mixin.py:104} INFO - [2024-08-10 22:18:47,575] {dag.py:1824} INFO - Sync 1 DAGs
[2024-08-10 22:18:47,593] {logging_mixin.py:104} INFO - [2024-08-10 22:18:47,593] {dag.py:2280} INFO - Setting next_dagrun for example_complex to None
[2024-08-10 22:18:47,604] {scheduler_job.py:190} INFO - Processing /home/airflow/.local/lib/python3.6/site-packages/airflow/example_dags/example_complex.py took 0.105 seconds
[2024-08-10 22:19:18,214] {scheduler_job.py:182} INFO - Started process (PID=503) to work on /home/airflow/.local/lib/python3.6/site-packages/airflow/example_dags/example_complex.py
[2024-08-10 22:19:18,215] {scheduler_job.py:629} INFO - Processing file /home/airflow/.local/lib/python3.6/site-packages/airflow/example_dags/example_complex.py for tasks to queue
[2024-08-10 22:19:18,217] {logging_mixin.py:104} INFO - [2024-08-10 22:19:18,217] {dagbag.py:451} INFO - Filling up the DagBag from /home/airflow/.local/lib/python3.6/site-packages/airflow/example_dags/example_complex.py
[2024-08-10 22:19:18,228] {scheduler_job.py:639} INFO - DAG(s) dict_keys(['example_complex']) retrieved from /home/airflow/.local/lib/python3.6/site-packages/airflow/example_dags/example_complex.py
[2024-08-10 22:19:18,287] {logging_mixin.py:104} INFO - [2024-08-10 22:19:18,287] {dag.py:1824} INFO - Sync 1 DAGs
[2024-08-10 22:19:18,303] {logging_mixin.py:104} INFO - [2024-08-10 22:19:18,303] {dag.py:2280} INFO - Setting next_dagrun for example_complex to None
[2024-08-10 22:19:18,314] {scheduler_job.py:190} INFO - Processing /home/airflow/.local/lib/python3.6/site-packages/airflow/example_dags/example_complex.py took 0.102 seconds
[2024-08-10 22:27:21,413] {scheduler_job.py:182} INFO - Started process (PID=548) to work on /home/airflow/.local/lib/python3.6/site-packages/airflow/example_dags/example_complex.py
[2024-08-10 22:27:21,414] {scheduler_job.py:629} INFO - Processing file /home/airflow/.local/lib/python3.6/site-packages/airflow/example_dags/example_complex.py for tasks to queue
[2024-08-10 22:27:21,414] {logging_mixin.py:104} INFO - [2024-08-10 22:27:21,414] {dagbag.py:451} INFO - Filling up the DagBag from /home/airflow/.local/lib/python3.6/site-packages/airflow/example_dags/example_complex.py
[2024-08-10 22:27:21,425] {scheduler_job.py:639} INFO - DAG(s) dict_keys(['example_complex']) retrieved from /home/airflow/.local/lib/python3.6/site-packages/airflow/example_dags/example_complex.py
[2024-08-10 22:27:21,487] {logging_mixin.py:104} INFO - [2024-08-10 22:27:21,487] {dag.py:1824} INFO - Sync 1 DAGs
[2024-08-10 22:27:21,509] {logging_mixin.py:104} INFO - [2024-08-10 22:27:21,509] {dag.py:2280} INFO - Setting next_dagrun for example_complex to None
[2024-08-10 22:27:21,524] {scheduler_job.py:190} INFO - Processing /home/airflow/.local/lib/python3.6/site-packages/airflow/example_dags/example_complex.py took 0.113 seconds
[2024-08-10 23:00:14,413] {scheduler_job.py:182} INFO - Started process (PID=577) to work on /home/airflow/.local/lib/python3.6/site-packages/airflow/example_dags/example_complex.py
[2024-08-10 23:00:14,415] {scheduler_job.py:629} INFO - Processing file /home/airflow/.local/lib/python3.6/site-packages/airflow/example_dags/example_complex.py for tasks to queue
[2024-08-10 23:00:14,416] {logging_mixin.py:104} INFO - [2024-08-10 23:00:14,416] {dagbag.py:451} INFO - Filling up the DagBag from /home/airflow/.local/lib/python3.6/site-packages/airflow/example_dags/example_complex.py
[2024-08-10 23:00:14,430] {scheduler_job.py:639} INFO - DAG(s) dict_keys(['example_complex']) retrieved from /home/airflow/.local/lib/python3.6/site-packages/airflow/example_dags/example_complex.py
[2024-08-10 23:00:14,497] {logging_mixin.py:104} INFO - [2024-08-10 23:00:14,496] {dag.py:1824} INFO - Sync 1 DAGs
[2024-08-10 23:00:14,515] {logging_mixin.py:104} INFO - [2024-08-10 23:00:14,515] {dag.py:2280} INFO - Setting next_dagrun for example_complex to None
[2024-08-10 23:00:14,527] {scheduler_job.py:190} INFO - Processing /home/airflow/.local/lib/python3.6/site-packages/airflow/example_dags/example_complex.py took 0.116 seconds
[2024-08-10 23:02:54,931] {scheduler_job.py:182} INFO - Started process (PID=606) to work on /home/airflow/.local/lib/python3.6/site-packages/airflow/example_dags/example_complex.py
[2024-08-10 23:02:54,932] {scheduler_job.py:629} INFO - Processing file /home/airflow/.local/lib/python3.6/site-packages/airflow/example_dags/example_complex.py for tasks to queue
[2024-08-10 23:02:54,932] {logging_mixin.py:104} INFO - [2024-08-10 23:02:54,932] {dagbag.py:451} INFO - Filling up the DagBag from /home/airflow/.local/lib/python3.6/site-packages/airflow/example_dags/example_complex.py
[2024-08-10 23:02:54,944] {scheduler_job.py:639} INFO - DAG(s) dict_keys(['example_complex']) retrieved from /home/airflow/.local/lib/python3.6/site-packages/airflow/example_dags/example_complex.py
[2024-08-10 23:02:55,011] {logging_mixin.py:104} INFO - [2024-08-10 23:02:55,011] {dag.py:1824} INFO - Sync 1 DAGs
[2024-08-10 23:02:55,029] {logging_mixin.py:104} INFO - [2024-08-10 23:02:55,029] {dag.py:2280} INFO - Setting next_dagrun for example_complex to None
[2024-08-10 23:02:55,040] {scheduler_job.py:190} INFO - Processing /home/airflow/.local/lib/python3.6/site-packages/airflow/example_dags/example_complex.py took 0.110 seconds
[2024-08-10 23:14:09,277] {scheduler_job.py:182} INFO - Started process (PID=635) to work on /home/airflow/.local/lib/python3.6/site-packages/airflow/example_dags/example_complex.py
[2024-08-10 23:14:09,283] {scheduler_job.py:629} INFO - Processing file /home/airflow/.local/lib/python3.6/site-packages/airflow/example_dags/example_complex.py for tasks to queue
[2024-08-10 23:14:09,284] {logging_mixin.py:104} INFO - [2024-08-10 23:14:09,284] {dagbag.py:451} INFO - Filling up the DagBag from /home/airflow/.local/lib/python3.6/site-packages/airflow/example_dags/example_complex.py
[2024-08-10 23:14:09,296] {scheduler_job.py:639} INFO - DAG(s) dict_keys(['example_complex']) retrieved from /home/airflow/.local/lib/python3.6/site-packages/airflow/example_dags/example_complex.py
[2024-08-10 23:14:09,361] {logging_mixin.py:104} INFO - [2024-08-10 23:14:09,361] {dag.py:1824} INFO - Sync 1 DAGs
[2024-08-10 23:14:09,380] {logging_mixin.py:104} INFO - [2024-08-10 23:14:09,380] {dag.py:2280} INFO - Setting next_dagrun for example_complex to None
[2024-08-10 23:14:09,393] {scheduler_job.py:190} INFO - Processing /home/airflow/.local/lib/python3.6/site-packages/airflow/example_dags/example_complex.py took 0.118 seconds
[2024-08-10 23:14:39,685] {scheduler_job.py:182} INFO - Started process (PID=657) to work on /home/airflow/.local/lib/python3.6/site-packages/airflow/example_dags/example_complex.py
[2024-08-10 23:14:39,686] {scheduler_job.py:629} INFO - Processing file /home/airflow/.local/lib/python3.6/site-packages/airflow/example_dags/example_complex.py for tasks to queue
[2024-08-10 23:14:39,686] {logging_mixin.py:104} INFO - [2024-08-10 23:14:39,686] {dagbag.py:451} INFO - Filling up the DagBag from /home/airflow/.local/lib/python3.6/site-packages/airflow/example_dags/example_complex.py
[2024-08-10 23:14:39,696] {scheduler_job.py:639} INFO - DAG(s) dict_keys(['example_complex']) retrieved from /home/airflow/.local/lib/python3.6/site-packages/airflow/example_dags/example_complex.py
[2024-08-10 23:14:39,756] {logging_mixin.py:104} INFO - [2024-08-10 23:14:39,756] {dag.py:1824} INFO - Sync 1 DAGs
[2024-08-10 23:14:39,772] {logging_mixin.py:104} INFO - [2024-08-10 23:14:39,772] {dag.py:2280} INFO - Setting next_dagrun for example_complex to None
[2024-08-10 23:14:39,783] {scheduler_job.py:190} INFO - Processing /home/airflow/.local/lib/python3.6/site-packages/airflow/example_dags/example_complex.py took 0.100 seconds
