[2024-08-10 00:13:04,391] {scheduler_job.py:182} INFO - Started process (PID=60890) to work on /home/airflow/.local/lib/python3.6/site-packages/airflow/example_dags/example_trigger_target_dag.py
[2024-08-10 00:13:04,393] {scheduler_job.py:629} INFO - Processing file /home/airflow/.local/lib/python3.6/site-packages/airflow/example_dags/example_trigger_target_dag.py for tasks to queue
[2024-08-10 00:13:04,396] {logging_mixin.py:104} INFO - [2024-08-10 00:13:04,395] {dagbag.py:451} INFO - Filling up the DagBag from /home/airflow/.local/lib/python3.6/site-packages/airflow/example_dags/example_trigger_target_dag.py
[2024-08-10 00:13:04,406] {scheduler_job.py:639} INFO - DAG(s) dict_keys(['example_trigger_target_dag']) retrieved from /home/airflow/.local/lib/python3.6/site-packages/airflow/example_dags/example_trigger_target_dag.py
[2024-08-10 00:13:04,489] {logging_mixin.py:104} INFO - [2024-08-10 00:13:04,489] {dag.py:1824} INFO - Sync 1 DAGs
[2024-08-10 00:13:04,508] {logging_mixin.py:104} INFO - [2024-08-10 00:13:04,507] {dag.py:2280} INFO - Setting next_dagrun for example_trigger_target_dag to None
[2024-08-10 00:13:04,525] {scheduler_job.py:190} INFO - Processing /home/airflow/.local/lib/python3.6/site-packages/airflow/example_dags/example_trigger_target_dag.py took 0.138 seconds
[2024-08-10 00:13:34,615] {scheduler_job.py:182} INFO - Started process (PID=60920) to work on /home/airflow/.local/lib/python3.6/site-packages/airflow/example_dags/example_trigger_target_dag.py
[2024-08-10 00:13:34,616] {scheduler_job.py:629} INFO - Processing file /home/airflow/.local/lib/python3.6/site-packages/airflow/example_dags/example_trigger_target_dag.py for tasks to queue
[2024-08-10 00:13:34,617] {logging_mixin.py:104} INFO - [2024-08-10 00:13:34,617] {dagbag.py:451} INFO - Filling up the DagBag from /home/airflow/.local/lib/python3.6/site-packages/airflow/example_dags/example_trigger_target_dag.py
[2024-08-10 00:13:34,627] {scheduler_job.py:639} INFO - DAG(s) dict_keys(['example_trigger_target_dag']) retrieved from /home/airflow/.local/lib/python3.6/site-packages/airflow/example_dags/example_trigger_target_dag.py
[2024-08-10 00:13:34,684] {logging_mixin.py:104} INFO - [2024-08-10 00:13:34,684] {dag.py:1824} INFO - Sync 1 DAGs
[2024-08-10 00:13:34,703] {logging_mixin.py:104} INFO - [2024-08-10 00:13:34,703] {dag.py:2280} INFO - Setting next_dagrun for example_trigger_target_dag to None
[2024-08-10 00:13:34,713] {scheduler_job.py:190} INFO - Processing /home/airflow/.local/lib/python3.6/site-packages/airflow/example_dags/example_trigger_target_dag.py took 0.100 seconds
[2024-08-10 01:03:33,827] {scheduler_job.py:182} INFO - Started process (PID=60948) to work on /home/airflow/.local/lib/python3.6/site-packages/airflow/example_dags/example_trigger_target_dag.py
[2024-08-10 01:03:33,829] {scheduler_job.py:629} INFO - Processing file /home/airflow/.local/lib/python3.6/site-packages/airflow/example_dags/example_trigger_target_dag.py for tasks to queue
[2024-08-10 01:03:33,829] {logging_mixin.py:104} INFO - [2024-08-10 01:03:33,829] {dagbag.py:451} INFO - Filling up the DagBag from /home/airflow/.local/lib/python3.6/site-packages/airflow/example_dags/example_trigger_target_dag.py
[2024-08-10 01:03:33,836] {scheduler_job.py:639} INFO - DAG(s) dict_keys(['example_trigger_target_dag']) retrieved from /home/airflow/.local/lib/python3.6/site-packages/airflow/example_dags/example_trigger_target_dag.py
[2024-08-10 01:03:33,921] {logging_mixin.py:104} INFO - [2024-08-10 01:03:33,921] {dag.py:1824} INFO - Sync 1 DAGs
[2024-08-10 01:03:33,950] {logging_mixin.py:104} INFO - [2024-08-10 01:03:33,950] {dag.py:2280} INFO - Setting next_dagrun for example_trigger_target_dag to None
[2024-08-10 01:03:33,966] {scheduler_job.py:190} INFO - Processing /home/airflow/.local/lib/python3.6/site-packages/airflow/example_dags/example_trigger_target_dag.py took 0.141 seconds
[2024-08-10 01:14:30,730] {scheduler_job.py:182} INFO - Started process (PID=60977) to work on /home/airflow/.local/lib/python3.6/site-packages/airflow/example_dags/example_trigger_target_dag.py
[2024-08-10 01:14:30,731] {scheduler_job.py:629} INFO - Processing file /home/airflow/.local/lib/python3.6/site-packages/airflow/example_dags/example_trigger_target_dag.py for tasks to queue
[2024-08-10 01:14:30,731] {logging_mixin.py:104} INFO - [2024-08-10 01:14:30,731] {dagbag.py:451} INFO - Filling up the DagBag from /home/airflow/.local/lib/python3.6/site-packages/airflow/example_dags/example_trigger_target_dag.py
[2024-08-10 01:14:30,739] {scheduler_job.py:639} INFO - DAG(s) dict_keys(['example_trigger_target_dag']) retrieved from /home/airflow/.local/lib/python3.6/site-packages/airflow/example_dags/example_trigger_target_dag.py
[2024-08-10 01:14:30,810] {logging_mixin.py:104} INFO - [2024-08-10 01:14:30,810] {dag.py:1824} INFO - Sync 1 DAGs
[2024-08-10 01:14:30,830] {logging_mixin.py:104} INFO - [2024-08-10 01:14:30,830] {dag.py:2280} INFO - Setting next_dagrun for example_trigger_target_dag to None
[2024-08-10 01:14:30,844] {scheduler_job.py:190} INFO - Processing /home/airflow/.local/lib/python3.6/site-packages/airflow/example_dags/example_trigger_target_dag.py took 0.116 seconds
[2024-08-10 01:47:58,550] {scheduler_job.py:182} INFO - Started process (PID=61006) to work on /home/airflow/.local/lib/python3.6/site-packages/airflow/example_dags/example_trigger_target_dag.py
[2024-08-10 01:47:58,551] {scheduler_job.py:629} INFO - Processing file /home/airflow/.local/lib/python3.6/site-packages/airflow/example_dags/example_trigger_target_dag.py for tasks to queue
[2024-08-10 01:47:58,551] {logging_mixin.py:104} INFO - [2024-08-10 01:47:58,551] {dagbag.py:451} INFO - Filling up the DagBag from /home/airflow/.local/lib/python3.6/site-packages/airflow/example_dags/example_trigger_target_dag.py
[2024-08-10 01:47:58,859] {scheduler_job.py:639} INFO - DAG(s) dict_keys(['example_trigger_target_dag']) retrieved from /home/airflow/.local/lib/python3.6/site-packages/airflow/example_dags/example_trigger_target_dag.py
[2024-08-10 01:47:58,997] {logging_mixin.py:104} INFO - [2024-08-10 01:47:58,997] {dag.py:1824} INFO - Sync 1 DAGs
[2024-08-10 01:47:59,021] {logging_mixin.py:104} INFO - [2024-08-10 01:47:59,021] {dag.py:2280} INFO - Setting next_dagrun for example_trigger_target_dag to None
[2024-08-10 01:47:59,034] {scheduler_job.py:190} INFO - Processing /home/airflow/.local/lib/python3.6/site-packages/airflow/example_dags/example_trigger_target_dag.py took 0.486 seconds
[2024-08-10 02:15:27,461] {scheduler_job.py:182} INFO - Started process (PID=61035) to work on /home/airflow/.local/lib/python3.6/site-packages/airflow/example_dags/example_trigger_target_dag.py
[2024-08-10 02:15:27,463] {scheduler_job.py:629} INFO - Processing file /home/airflow/.local/lib/python3.6/site-packages/airflow/example_dags/example_trigger_target_dag.py for tasks to queue
[2024-08-10 02:15:27,463] {logging_mixin.py:104} INFO - [2024-08-10 02:15:27,463] {dagbag.py:451} INFO - Filling up the DagBag from /home/airflow/.local/lib/python3.6/site-packages/airflow/example_dags/example_trigger_target_dag.py
[2024-08-10 02:15:27,472] {scheduler_job.py:639} INFO - DAG(s) dict_keys(['example_trigger_target_dag']) retrieved from /home/airflow/.local/lib/python3.6/site-packages/airflow/example_dags/example_trigger_target_dag.py
[2024-08-10 02:15:27,535] {logging_mixin.py:104} INFO - [2024-08-10 02:15:27,535] {dag.py:1824} INFO - Sync 1 DAGs
[2024-08-10 02:15:27,557] {logging_mixin.py:104} INFO - [2024-08-10 02:15:27,557] {dag.py:2280} INFO - Setting next_dagrun for example_trigger_target_dag to None
[2024-08-10 02:15:27,576] {scheduler_job.py:190} INFO - Processing /home/airflow/.local/lib/python3.6/site-packages/airflow/example_dags/example_trigger_target_dag.py took 0.117 seconds
[2024-08-10 02:21:41,090] {scheduler_job.py:182} INFO - Started process (PID=61064) to work on /home/airflow/.local/lib/python3.6/site-packages/airflow/example_dags/example_trigger_target_dag.py
[2024-08-10 02:21:41,091] {scheduler_job.py:629} INFO - Processing file /home/airflow/.local/lib/python3.6/site-packages/airflow/example_dags/example_trigger_target_dag.py for tasks to queue
[2024-08-10 02:21:41,091] {logging_mixin.py:104} INFO - [2024-08-10 02:21:41,091] {dagbag.py:451} INFO - Filling up the DagBag from /home/airflow/.local/lib/python3.6/site-packages/airflow/example_dags/example_trigger_target_dag.py
[2024-08-10 02:21:41,100] {scheduler_job.py:639} INFO - DAG(s) dict_keys(['example_trigger_target_dag']) retrieved from /home/airflow/.local/lib/python3.6/site-packages/airflow/example_dags/example_trigger_target_dag.py
[2024-08-10 02:21:41,224] {logging_mixin.py:104} INFO - [2024-08-10 02:21:41,224] {dag.py:1824} INFO - Sync 1 DAGs
[2024-08-10 02:21:41,255] {logging_mixin.py:104} INFO - [2024-08-10 02:21:41,255] {dag.py:2280} INFO - Setting next_dagrun for example_trigger_target_dag to None
[2024-08-10 02:21:41,304] {scheduler_job.py:190} INFO - Processing /home/airflow/.local/lib/python3.6/site-packages/airflow/example_dags/example_trigger_target_dag.py took 0.216 seconds
[2024-08-10 02:22:12,348] {scheduler_job.py:182} INFO - Started process (PID=61100) to work on /home/airflow/.local/lib/python3.6/site-packages/airflow/example_dags/example_trigger_target_dag.py
[2024-08-10 02:22:12,351] {scheduler_job.py:629} INFO - Processing file /home/airflow/.local/lib/python3.6/site-packages/airflow/example_dags/example_trigger_target_dag.py for tasks to queue
[2024-08-10 02:22:12,351] {logging_mixin.py:104} INFO - [2024-08-10 02:22:12,351] {dagbag.py:451} INFO - Filling up the DagBag from /home/airflow/.local/lib/python3.6/site-packages/airflow/example_dags/example_trigger_target_dag.py
[2024-08-10 02:22:12,358] {scheduler_job.py:639} INFO - DAG(s) dict_keys(['example_trigger_target_dag']) retrieved from /home/airflow/.local/lib/python3.6/site-packages/airflow/example_dags/example_trigger_target_dag.py
[2024-08-10 02:22:12,417] {logging_mixin.py:104} INFO - [2024-08-10 02:22:12,417] {dag.py:1824} INFO - Sync 1 DAGs
[2024-08-10 02:22:12,434] {logging_mixin.py:104} INFO - [2024-08-10 02:22:12,434] {dag.py:2280} INFO - Setting next_dagrun for example_trigger_target_dag to None
[2024-08-10 02:22:12,444] {scheduler_job.py:190} INFO - Processing /home/airflow/.local/lib/python3.6/site-packages/airflow/example_dags/example_trigger_target_dag.py took 0.098 seconds
[2024-08-10 03:16:06,237] {scheduler_job.py:182} INFO - Started process (PID=61122) to work on /home/airflow/.local/lib/python3.6/site-packages/airflow/example_dags/example_trigger_target_dag.py
[2024-08-10 03:16:06,238] {scheduler_job.py:629} INFO - Processing file /home/airflow/.local/lib/python3.6/site-packages/airflow/example_dags/example_trigger_target_dag.py for tasks to queue
[2024-08-10 03:16:06,239] {logging_mixin.py:104} INFO - [2024-08-10 03:16:06,239] {dagbag.py:451} INFO - Filling up the DagBag from /home/airflow/.local/lib/python3.6/site-packages/airflow/example_dags/example_trigger_target_dag.py
[2024-08-10 03:16:06,249] {scheduler_job.py:639} INFO - DAG(s) dict_keys(['example_trigger_target_dag']) retrieved from /home/airflow/.local/lib/python3.6/site-packages/airflow/example_dags/example_trigger_target_dag.py
[2024-08-10 03:16:06,316] {logging_mixin.py:104} INFO - [2024-08-10 03:16:06,316] {dag.py:1824} INFO - Sync 1 DAGs
[2024-08-10 03:16:06,339] {logging_mixin.py:104} INFO - [2024-08-10 03:16:06,339] {dag.py:2280} INFO - Setting next_dagrun for example_trigger_target_dag to None
[2024-08-10 03:16:06,351] {scheduler_job.py:190} INFO - Processing /home/airflow/.local/lib/python3.6/site-packages/airflow/example_dags/example_trigger_target_dag.py took 0.115 seconds
[2024-08-10 03:16:36,537] {scheduler_job.py:182} INFO - Started process (PID=61152) to work on /home/airflow/.local/lib/python3.6/site-packages/airflow/example_dags/example_trigger_target_dag.py
[2024-08-10 03:16:36,538] {scheduler_job.py:629} INFO - Processing file /home/airflow/.local/lib/python3.6/site-packages/airflow/example_dags/example_trigger_target_dag.py for tasks to queue
[2024-08-10 03:16:36,538] {logging_mixin.py:104} INFO - [2024-08-10 03:16:36,538] {dagbag.py:451} INFO - Filling up the DagBag from /home/airflow/.local/lib/python3.6/site-packages/airflow/example_dags/example_trigger_target_dag.py
[2024-08-10 03:16:36,545] {scheduler_job.py:639} INFO - DAG(s) dict_keys(['example_trigger_target_dag']) retrieved from /home/airflow/.local/lib/python3.6/site-packages/airflow/example_dags/example_trigger_target_dag.py
[2024-08-10 03:16:36,605] {logging_mixin.py:104} INFO - [2024-08-10 03:16:36,605] {dag.py:1824} INFO - Sync 1 DAGs
[2024-08-10 03:16:36,621] {logging_mixin.py:104} INFO - [2024-08-10 03:16:36,621] {dag.py:2280} INFO - Setting next_dagrun for example_trigger_target_dag to None
[2024-08-10 03:16:36,632] {scheduler_job.py:190} INFO - Processing /home/airflow/.local/lib/python3.6/site-packages/airflow/example_dags/example_trigger_target_dag.py took 0.096 seconds
[2024-08-10 04:06:30,907] {scheduler_job.py:182} INFO - Started process (PID=61180) to work on /home/airflow/.local/lib/python3.6/site-packages/airflow/example_dags/example_trigger_target_dag.py
[2024-08-10 04:06:30,908] {scheduler_job.py:629} INFO - Processing file /home/airflow/.local/lib/python3.6/site-packages/airflow/example_dags/example_trigger_target_dag.py for tasks to queue
[2024-08-10 04:06:30,909] {logging_mixin.py:104} INFO - [2024-08-10 04:06:30,908] {dagbag.py:451} INFO - Filling up the DagBag from /home/airflow/.local/lib/python3.6/site-packages/airflow/example_dags/example_trigger_target_dag.py
[2024-08-10 04:06:30,916] {scheduler_job.py:639} INFO - DAG(s) dict_keys(['example_trigger_target_dag']) retrieved from /home/airflow/.local/lib/python3.6/site-packages/airflow/example_dags/example_trigger_target_dag.py
[2024-08-10 04:06:30,981] {logging_mixin.py:104} INFO - [2024-08-10 04:06:30,981] {dag.py:1824} INFO - Sync 1 DAGs
[2024-08-10 04:06:31,003] {logging_mixin.py:104} INFO - [2024-08-10 04:06:31,003] {dag.py:2280} INFO - Setting next_dagrun for example_trigger_target_dag to None
[2024-08-10 04:06:31,016] {scheduler_job.py:190} INFO - Processing /home/airflow/.local/lib/python3.6/site-packages/airflow/example_dags/example_trigger_target_dag.py took 0.111 seconds
[2024-08-10 04:17:32,770] {scheduler_job.py:182} INFO - Started process (PID=61209) to work on /home/airflow/.local/lib/python3.6/site-packages/airflow/example_dags/example_trigger_target_dag.py
[2024-08-10 04:17:32,771] {scheduler_job.py:629} INFO - Processing file /home/airflow/.local/lib/python3.6/site-packages/airflow/example_dags/example_trigger_target_dag.py for tasks to queue
[2024-08-10 04:17:32,772] {logging_mixin.py:104} INFO - [2024-08-10 04:17:32,772] {dagbag.py:451} INFO - Filling up the DagBag from /home/airflow/.local/lib/python3.6/site-packages/airflow/example_dags/example_trigger_target_dag.py
[2024-08-10 04:17:32,779] {scheduler_job.py:639} INFO - DAG(s) dict_keys(['example_trigger_target_dag']) retrieved from /home/airflow/.local/lib/python3.6/site-packages/airflow/example_dags/example_trigger_target_dag.py
[2024-08-10 04:17:32,855] {logging_mixin.py:104} INFO - [2024-08-10 04:17:32,855] {dag.py:1824} INFO - Sync 1 DAGs
[2024-08-10 04:17:32,876] {logging_mixin.py:104} INFO - [2024-08-10 04:17:32,876] {dag.py:2280} INFO - Setting next_dagrun for example_trigger_target_dag to None
[2024-08-10 04:17:32,889] {scheduler_job.py:190} INFO - Processing /home/airflow/.local/lib/python3.6/site-packages/airflow/example_dags/example_trigger_target_dag.py took 0.120 seconds
[2024-08-10 05:08:48,005] {scheduler_job.py:182} INFO - Started process (PID=61238) to work on /home/airflow/.local/lib/python3.6/site-packages/airflow/example_dags/example_trigger_target_dag.py
[2024-08-10 05:08:48,005] {scheduler_job.py:629} INFO - Processing file /home/airflow/.local/lib/python3.6/site-packages/airflow/example_dags/example_trigger_target_dag.py for tasks to queue
[2024-08-10 05:08:48,006] {logging_mixin.py:104} INFO - [2024-08-10 05:08:48,006] {dagbag.py:451} INFO - Filling up the DagBag from /home/airflow/.local/lib/python3.6/site-packages/airflow/example_dags/example_trigger_target_dag.py
[2024-08-10 05:08:48,013] {scheduler_job.py:639} INFO - DAG(s) dict_keys(['example_trigger_target_dag']) retrieved from /home/airflow/.local/lib/python3.6/site-packages/airflow/example_dags/example_trigger_target_dag.py
[2024-08-10 05:08:48,075] {logging_mixin.py:104} INFO - [2024-08-10 05:08:48,075] {dag.py:1824} INFO - Sync 1 DAGs
[2024-08-10 05:08:48,093] {logging_mixin.py:104} INFO - [2024-08-10 05:08:48,093] {dag.py:2280} INFO - Setting next_dagrun for example_trigger_target_dag to None
[2024-08-10 05:08:48,105] {scheduler_job.py:190} INFO - Processing /home/airflow/.local/lib/python3.6/site-packages/airflow/example_dags/example_trigger_target_dag.py took 0.102 seconds
[2024-08-10 05:18:29,720] {scheduler_job.py:182} INFO - Started process (PID=61267) to work on /home/airflow/.local/lib/python3.6/site-packages/airflow/example_dags/example_trigger_target_dag.py
[2024-08-10 05:18:29,720] {scheduler_job.py:629} INFO - Processing file /home/airflow/.local/lib/python3.6/site-packages/airflow/example_dags/example_trigger_target_dag.py for tasks to queue
[2024-08-10 05:18:29,721] {logging_mixin.py:104} INFO - [2024-08-10 05:18:29,721] {dagbag.py:451} INFO - Filling up the DagBag from /home/airflow/.local/lib/python3.6/site-packages/airflow/example_dags/example_trigger_target_dag.py
[2024-08-10 05:18:29,728] {scheduler_job.py:639} INFO - DAG(s) dict_keys(['example_trigger_target_dag']) retrieved from /home/airflow/.local/lib/python3.6/site-packages/airflow/example_dags/example_trigger_target_dag.py
[2024-08-10 05:18:29,789] {logging_mixin.py:104} INFO - [2024-08-10 05:18:29,789] {dag.py:1824} INFO - Sync 1 DAGs
[2024-08-10 05:18:29,806] {logging_mixin.py:104} INFO - [2024-08-10 05:18:29,806] {dag.py:2280} INFO - Setting next_dagrun for example_trigger_target_dag to None
[2024-08-10 05:18:29,819] {scheduler_job.py:190} INFO - Processing /home/airflow/.local/lib/python3.6/site-packages/airflow/example_dags/example_trigger_target_dag.py took 0.102 seconds
[2024-08-10 05:52:11,593] {scheduler_job.py:182} INFO - Started process (PID=61296) to work on /home/airflow/.local/lib/python3.6/site-packages/airflow/example_dags/example_trigger_target_dag.py
[2024-08-10 05:52:11,594] {scheduler_job.py:629} INFO - Processing file /home/airflow/.local/lib/python3.6/site-packages/airflow/example_dags/example_trigger_target_dag.py for tasks to queue
[2024-08-10 05:52:11,596] {logging_mixin.py:104} INFO - [2024-08-10 05:52:11,596] {dagbag.py:451} INFO - Filling up the DagBag from /home/airflow/.local/lib/python3.6/site-packages/airflow/example_dags/example_trigger_target_dag.py
[2024-08-10 05:52:11,603] {scheduler_job.py:639} INFO - DAG(s) dict_keys(['example_trigger_target_dag']) retrieved from /home/airflow/.local/lib/python3.6/site-packages/airflow/example_dags/example_trigger_target_dag.py
[2024-08-10 05:52:11,668] {logging_mixin.py:104} INFO - [2024-08-10 05:52:11,668] {dag.py:1824} INFO - Sync 1 DAGs
[2024-08-10 05:52:11,684] {logging_mixin.py:104} INFO - [2024-08-10 05:52:11,684] {dag.py:2280} INFO - Setting next_dagrun for example_trigger_target_dag to None
[2024-08-10 05:52:11,695] {scheduler_job.py:190} INFO - Processing /home/airflow/.local/lib/python3.6/site-packages/airflow/example_dags/example_trigger_target_dag.py took 0.104 seconds
[2024-08-10 06:01:21,038] {scheduler_job.py:182} INFO - Started process (PID=61325) to work on /home/airflow/.local/lib/python3.6/site-packages/airflow/example_dags/example_trigger_target_dag.py
[2024-08-10 06:01:21,039] {scheduler_job.py:629} INFO - Processing file /home/airflow/.local/lib/python3.6/site-packages/airflow/example_dags/example_trigger_target_dag.py for tasks to queue
[2024-08-10 06:01:21,040] {logging_mixin.py:104} INFO - [2024-08-10 06:01:21,040] {dagbag.py:451} INFO - Filling up the DagBag from /home/airflow/.local/lib/python3.6/site-packages/airflow/example_dags/example_trigger_target_dag.py
[2024-08-10 06:01:21,049] {scheduler_job.py:639} INFO - DAG(s) dict_keys(['example_trigger_target_dag']) retrieved from /home/airflow/.local/lib/python3.6/site-packages/airflow/example_dags/example_trigger_target_dag.py
[2024-08-10 06:01:21,121] {logging_mixin.py:104} INFO - [2024-08-10 06:01:21,121] {dag.py:1824} INFO - Sync 1 DAGs
[2024-08-10 06:01:21,144] {logging_mixin.py:104} INFO - [2024-08-10 06:01:21,144] {dag.py:2280} INFO - Setting next_dagrun for example_trigger_target_dag to None
[2024-08-10 06:01:21,158] {scheduler_job.py:190} INFO - Processing /home/airflow/.local/lib/python3.6/site-packages/airflow/example_dags/example_trigger_target_dag.py took 0.123 seconds
[2024-08-10 06:09:12,877] {scheduler_job.py:182} INFO - Started process (PID=61354) to work on /home/airflow/.local/lib/python3.6/site-packages/airflow/example_dags/example_trigger_target_dag.py
[2024-08-10 06:09:12,878] {scheduler_job.py:629} INFO - Processing file /home/airflow/.local/lib/python3.6/site-packages/airflow/example_dags/example_trigger_target_dag.py for tasks to queue
[2024-08-10 06:09:12,879] {logging_mixin.py:104} INFO - [2024-08-10 06:09:12,879] {dagbag.py:451} INFO - Filling up the DagBag from /home/airflow/.local/lib/python3.6/site-packages/airflow/example_dags/example_trigger_target_dag.py
[2024-08-10 06:09:12,886] {scheduler_job.py:639} INFO - DAG(s) dict_keys(['example_trigger_target_dag']) retrieved from /home/airflow/.local/lib/python3.6/site-packages/airflow/example_dags/example_trigger_target_dag.py
[2024-08-10 06:09:12,952] {logging_mixin.py:104} INFO - [2024-08-10 06:09:12,952] {dag.py:1824} INFO - Sync 1 DAGs
[2024-08-10 06:09:12,969] {logging_mixin.py:104} INFO - [2024-08-10 06:09:12,969] {dag.py:2280} INFO - Setting next_dagrun for example_trigger_target_dag to None
[2024-08-10 06:09:12,981] {scheduler_job.py:190} INFO - Processing /home/airflow/.local/lib/python3.6/site-packages/airflow/example_dags/example_trigger_target_dag.py took 0.105 seconds
[2024-08-10 06:09:44,256] {scheduler_job.py:182} INFO - Started process (PID=61390) to work on /home/airflow/.local/lib/python3.6/site-packages/airflow/example_dags/example_trigger_target_dag.py
[2024-08-10 06:09:44,257] {scheduler_job.py:629} INFO - Processing file /home/airflow/.local/lib/python3.6/site-packages/airflow/example_dags/example_trigger_target_dag.py for tasks to queue
[2024-08-10 06:09:44,260] {logging_mixin.py:104} INFO - [2024-08-10 06:09:44,260] {dagbag.py:451} INFO - Filling up the DagBag from /home/airflow/.local/lib/python3.6/site-packages/airflow/example_dags/example_trigger_target_dag.py
[2024-08-10 06:09:44,266] {scheduler_job.py:639} INFO - DAG(s) dict_keys(['example_trigger_target_dag']) retrieved from /home/airflow/.local/lib/python3.6/site-packages/airflow/example_dags/example_trigger_target_dag.py
[2024-08-10 06:09:44,324] {logging_mixin.py:104} INFO - [2024-08-10 06:09:44,324] {dag.py:1824} INFO - Sync 1 DAGs
[2024-08-10 06:09:44,342] {logging_mixin.py:104} INFO - [2024-08-10 06:09:44,342] {dag.py:2280} INFO - Setting next_dagrun for example_trigger_target_dag to None
[2024-08-10 06:09:44,353] {scheduler_job.py:190} INFO - Processing /home/airflow/.local/lib/python3.6/site-packages/airflow/example_dags/example_trigger_target_dag.py took 0.098 seconds
[2024-08-10 06:19:26,927] {scheduler_job.py:182} INFO - Started process (PID=61412) to work on /home/airflow/.local/lib/python3.6/site-packages/airflow/example_dags/example_trigger_target_dag.py
[2024-08-10 06:19:26,928] {scheduler_job.py:629} INFO - Processing file /home/airflow/.local/lib/python3.6/site-packages/airflow/example_dags/example_trigger_target_dag.py for tasks to queue
[2024-08-10 06:19:26,928] {logging_mixin.py:104} INFO - [2024-08-10 06:19:26,928] {dagbag.py:451} INFO - Filling up the DagBag from /home/airflow/.local/lib/python3.6/site-packages/airflow/example_dags/example_trigger_target_dag.py
[2024-08-10 06:19:26,937] {scheduler_job.py:639} INFO - DAG(s) dict_keys(['example_trigger_target_dag']) retrieved from /home/airflow/.local/lib/python3.6/site-packages/airflow/example_dags/example_trigger_target_dag.py
[2024-08-10 06:19:27,001] {logging_mixin.py:104} INFO - [2024-08-10 06:19:27,001] {dag.py:1824} INFO - Sync 1 DAGs
[2024-08-10 06:19:27,019] {logging_mixin.py:104} INFO - [2024-08-10 06:19:27,018] {dag.py:2280} INFO - Setting next_dagrun for example_trigger_target_dag to None
[2024-08-10 06:19:27,029] {scheduler_job.py:190} INFO - Processing /home/airflow/.local/lib/python3.6/site-packages/airflow/example_dags/example_trigger_target_dag.py took 0.105 seconds
[2024-08-10 06:53:15,708] {scheduler_job.py:182} INFO - Started process (PID=61441) to work on /home/airflow/.local/lib/python3.6/site-packages/airflow/example_dags/example_trigger_target_dag.py
[2024-08-10 06:53:15,712] {scheduler_job.py:629} INFO - Processing file /home/airflow/.local/lib/python3.6/site-packages/airflow/example_dags/example_trigger_target_dag.py for tasks to queue
[2024-08-10 06:53:15,713] {logging_mixin.py:104} INFO - [2024-08-10 06:53:15,713] {dagbag.py:451} INFO - Filling up the DagBag from /home/airflow/.local/lib/python3.6/site-packages/airflow/example_dags/example_trigger_target_dag.py
[2024-08-10 06:53:15,723] {scheduler_job.py:639} INFO - DAG(s) dict_keys(['example_trigger_target_dag']) retrieved from /home/airflow/.local/lib/python3.6/site-packages/airflow/example_dags/example_trigger_target_dag.py
[2024-08-10 06:53:15,830] {logging_mixin.py:104} INFO - [2024-08-10 06:53:15,830] {dag.py:1824} INFO - Sync 1 DAGs
[2024-08-10 06:53:15,853] {logging_mixin.py:104} INFO - [2024-08-10 06:53:15,853] {dag.py:2280} INFO - Setting next_dagrun for example_trigger_target_dag to None
[2024-08-10 06:53:15,868] {scheduler_job.py:190} INFO - Processing /home/airflow/.local/lib/python3.6/site-packages/airflow/example_dags/example_trigger_target_dag.py took 0.162 seconds
[2024-08-10 07:20:24,251] {scheduler_job.py:182} INFO - Started process (PID=61470) to work on /home/airflow/.local/lib/python3.6/site-packages/airflow/example_dags/example_trigger_target_dag.py
[2024-08-10 07:20:24,251] {scheduler_job.py:629} INFO - Processing file /home/airflow/.local/lib/python3.6/site-packages/airflow/example_dags/example_trigger_target_dag.py for tasks to queue
[2024-08-10 07:20:24,252] {logging_mixin.py:104} INFO - [2024-08-10 07:20:24,252] {dagbag.py:451} INFO - Filling up the DagBag from /home/airflow/.local/lib/python3.6/site-packages/airflow/example_dags/example_trigger_target_dag.py
[2024-08-10 07:20:24,259] {scheduler_job.py:639} INFO - DAG(s) dict_keys(['example_trigger_target_dag']) retrieved from /home/airflow/.local/lib/python3.6/site-packages/airflow/example_dags/example_trigger_target_dag.py
[2024-08-10 07:20:24,327] {logging_mixin.py:104} INFO - [2024-08-10 07:20:24,327] {dag.py:1824} INFO - Sync 1 DAGs
[2024-08-10 07:20:24,343] {logging_mixin.py:104} INFO - [2024-08-10 07:20:24,343] {dag.py:2280} INFO - Setting next_dagrun for example_trigger_target_dag to None
[2024-08-10 07:20:24,354] {scheduler_job.py:190} INFO - Processing /home/airflow/.local/lib/python3.6/site-packages/airflow/example_dags/example_trigger_target_dag.py took 0.106 seconds
[2024-08-10 07:36:32,425] {scheduler_job.py:182} INFO - Started process (PID=61499) to work on /home/airflow/.local/lib/python3.6/site-packages/airflow/example_dags/example_trigger_target_dag.py
[2024-08-10 07:36:32,426] {scheduler_job.py:629} INFO - Processing file /home/airflow/.local/lib/python3.6/site-packages/airflow/example_dags/example_trigger_target_dag.py for tasks to queue
[2024-08-10 07:36:32,426] {logging_mixin.py:104} INFO - [2024-08-10 07:36:32,426] {dagbag.py:451} INFO - Filling up the DagBag from /home/airflow/.local/lib/python3.6/site-packages/airflow/example_dags/example_trigger_target_dag.py
[2024-08-10 07:36:32,435] {scheduler_job.py:639} INFO - DAG(s) dict_keys(['example_trigger_target_dag']) retrieved from /home/airflow/.local/lib/python3.6/site-packages/airflow/example_dags/example_trigger_target_dag.py
[2024-08-10 07:36:32,507] {logging_mixin.py:104} INFO - [2024-08-10 07:36:32,507] {dag.py:1824} INFO - Sync 1 DAGs
[2024-08-10 07:36:32,527] {logging_mixin.py:104} INFO - [2024-08-10 07:36:32,527] {dag.py:2280} INFO - Setting next_dagrun for example_trigger_target_dag to None
[2024-08-10 07:36:32,541] {scheduler_job.py:190} INFO - Processing /home/airflow/.local/lib/python3.6/site-packages/airflow/example_dags/example_trigger_target_dag.py took 0.118 seconds
[2024-08-10 07:40:23,613] {scheduler_job.py:182} INFO - Started process (PID=61528) to work on /home/airflow/.local/lib/python3.6/site-packages/airflow/example_dags/example_trigger_target_dag.py
[2024-08-10 07:40:23,615] {scheduler_job.py:629} INFO - Processing file /home/airflow/.local/lib/python3.6/site-packages/airflow/example_dags/example_trigger_target_dag.py for tasks to queue
[2024-08-10 07:40:23,618] {logging_mixin.py:104} INFO - [2024-08-10 07:40:23,618] {dagbag.py:451} INFO - Filling up the DagBag from /home/airflow/.local/lib/python3.6/site-packages/airflow/example_dags/example_trigger_target_dag.py
[2024-08-10 07:40:23,635] {scheduler_job.py:639} INFO - DAG(s) dict_keys(['example_trigger_target_dag']) retrieved from /home/airflow/.local/lib/python3.6/site-packages/airflow/example_dags/example_trigger_target_dag.py
[2024-08-10 07:40:23,710] {logging_mixin.py:104} INFO - [2024-08-10 07:40:23,710] {dag.py:1824} INFO - Sync 1 DAGs
[2024-08-10 07:40:23,736] {logging_mixin.py:104} INFO - [2024-08-10 07:40:23,736] {dag.py:2280} INFO - Setting next_dagrun for example_trigger_target_dag to None
[2024-08-10 07:40:23,752] {scheduler_job.py:190} INFO - Processing /home/airflow/.local/lib/python3.6/site-packages/airflow/example_dags/example_trigger_target_dag.py took 0.141 seconds
[2024-08-10 08:13:24,263] {scheduler_job.py:182} INFO - Started process (PID=61557) to work on /home/airflow/.local/lib/python3.6/site-packages/airflow/example_dags/example_trigger_target_dag.py
[2024-08-10 08:13:24,264] {scheduler_job.py:629} INFO - Processing file /home/airflow/.local/lib/python3.6/site-packages/airflow/example_dags/example_trigger_target_dag.py for tasks to queue
[2024-08-10 08:13:24,266] {logging_mixin.py:104} INFO - [2024-08-10 08:13:24,265] {dagbag.py:451} INFO - Filling up the DagBag from /home/airflow/.local/lib/python3.6/site-packages/airflow/example_dags/example_trigger_target_dag.py
[2024-08-10 08:13:24,274] {scheduler_job.py:639} INFO - DAG(s) dict_keys(['example_trigger_target_dag']) retrieved from /home/airflow/.local/lib/python3.6/site-packages/airflow/example_dags/example_trigger_target_dag.py
[2024-08-10 08:13:24,338] {logging_mixin.py:104} INFO - [2024-08-10 08:13:24,338] {dag.py:1824} INFO - Sync 1 DAGs
[2024-08-10 08:13:24,360] {logging_mixin.py:104} INFO - [2024-08-10 08:13:24,360] {dag.py:2280} INFO - Setting next_dagrun for example_trigger_target_dag to None
[2024-08-10 08:13:24,373] {scheduler_job.py:190} INFO - Processing /home/airflow/.local/lib/python3.6/site-packages/airflow/example_dags/example_trigger_target_dag.py took 0.112 seconds
[2024-08-10 08:16:04,119] {scheduler_job.py:182} INFO - Started process (PID=61586) to work on /home/airflow/.local/lib/python3.6/site-packages/airflow/example_dags/example_trigger_target_dag.py
[2024-08-10 08:16:04,120] {scheduler_job.py:629} INFO - Processing file /home/airflow/.local/lib/python3.6/site-packages/airflow/example_dags/example_trigger_target_dag.py for tasks to queue
[2024-08-10 08:16:04,120] {logging_mixin.py:104} INFO - [2024-08-10 08:16:04,120] {dagbag.py:451} INFO - Filling up the DagBag from /home/airflow/.local/lib/python3.6/site-packages/airflow/example_dags/example_trigger_target_dag.py
[2024-08-10 08:16:04,128] {scheduler_job.py:639} INFO - DAG(s) dict_keys(['example_trigger_target_dag']) retrieved from /home/airflow/.local/lib/python3.6/site-packages/airflow/example_dags/example_trigger_target_dag.py
[2024-08-10 08:16:04,206] {logging_mixin.py:104} INFO - [2024-08-10 08:16:04,206] {dag.py:1824} INFO - Sync 1 DAGs
[2024-08-10 08:16:04,260] {logging_mixin.py:104} INFO - [2024-08-10 08:16:04,259] {dag.py:2280} INFO - Setting next_dagrun for example_trigger_target_dag to None
[2024-08-10 08:16:04,281] {scheduler_job.py:190} INFO - Processing /home/airflow/.local/lib/python3.6/site-packages/airflow/example_dags/example_trigger_target_dag.py took 0.163 seconds
[2024-08-10 08:16:34,332] {scheduler_job.py:182} INFO - Started process (PID=61615) to work on /home/airflow/.local/lib/python3.6/site-packages/airflow/example_dags/example_trigger_target_dag.py
[2024-08-10 08:16:34,333] {scheduler_job.py:629} INFO - Processing file /home/airflow/.local/lib/python3.6/site-packages/airflow/example_dags/example_trigger_target_dag.py for tasks to queue
[2024-08-10 08:16:34,334] {logging_mixin.py:104} INFO - [2024-08-10 08:16:34,334] {dagbag.py:451} INFO - Filling up the DagBag from /home/airflow/.local/lib/python3.6/site-packages/airflow/example_dags/example_trigger_target_dag.py
[2024-08-10 08:16:34,340] {scheduler_job.py:639} INFO - DAG(s) dict_keys(['example_trigger_target_dag']) retrieved from /home/airflow/.local/lib/python3.6/site-packages/airflow/example_dags/example_trigger_target_dag.py
[2024-08-10 08:16:34,399] {logging_mixin.py:104} INFO - [2024-08-10 08:16:34,399] {dag.py:1824} INFO - Sync 1 DAGs
[2024-08-10 08:16:34,415] {logging_mixin.py:104} INFO - [2024-08-10 08:16:34,415] {dag.py:2280} INFO - Setting next_dagrun for example_trigger_target_dag to None
[2024-08-10 08:16:34,425] {scheduler_job.py:190} INFO - Processing /home/airflow/.local/lib/python3.6/site-packages/airflow/example_dags/example_trigger_target_dag.py took 0.094 seconds
[2024-08-10 08:17:05,042] {scheduler_job.py:182} INFO - Started process (PID=61644) to work on /home/airflow/.local/lib/python3.6/site-packages/airflow/example_dags/example_trigger_target_dag.py
[2024-08-10 08:17:05,043] {scheduler_job.py:629} INFO - Processing file /home/airflow/.local/lib/python3.6/site-packages/airflow/example_dags/example_trigger_target_dag.py for tasks to queue
[2024-08-10 08:17:05,043] {logging_mixin.py:104} INFO - [2024-08-10 08:17:05,043] {dagbag.py:451} INFO - Filling up the DagBag from /home/airflow/.local/lib/python3.6/site-packages/airflow/example_dags/example_trigger_target_dag.py
[2024-08-10 08:17:05,049] {scheduler_job.py:639} INFO - DAG(s) dict_keys(['example_trigger_target_dag']) retrieved from /home/airflow/.local/lib/python3.6/site-packages/airflow/example_dags/example_trigger_target_dag.py
[2024-08-10 08:17:05,108] {logging_mixin.py:104} INFO - [2024-08-10 08:17:05,108] {dag.py:1824} INFO - Sync 1 DAGs
[2024-08-10 08:17:05,127] {logging_mixin.py:104} INFO - [2024-08-10 08:17:05,126] {dag.py:2280} INFO - Setting next_dagrun for example_trigger_target_dag to None
[2024-08-10 08:17:05,140] {scheduler_job.py:190} INFO - Processing /home/airflow/.local/lib/python3.6/site-packages/airflow/example_dags/example_trigger_target_dag.py took 0.100 seconds
[2024-08-10 08:17:36,049] {scheduler_job.py:182} INFO - Started process (PID=61674) to work on /home/airflow/.local/lib/python3.6/site-packages/airflow/example_dags/example_trigger_target_dag.py
[2024-08-10 08:17:36,050] {scheduler_job.py:629} INFO - Processing file /home/airflow/.local/lib/python3.6/site-packages/airflow/example_dags/example_trigger_target_dag.py for tasks to queue
[2024-08-10 08:17:36,050] {logging_mixin.py:104} INFO - [2024-08-10 08:17:36,050] {dagbag.py:451} INFO - Filling up the DagBag from /home/airflow/.local/lib/python3.6/site-packages/airflow/example_dags/example_trigger_target_dag.py
[2024-08-10 08:17:36,058] {scheduler_job.py:639} INFO - DAG(s) dict_keys(['example_trigger_target_dag']) retrieved from /home/airflow/.local/lib/python3.6/site-packages/airflow/example_dags/example_trigger_target_dag.py
[2024-08-10 08:17:36,115] {logging_mixin.py:104} INFO - [2024-08-10 08:17:36,115] {dag.py:1824} INFO - Sync 1 DAGs
[2024-08-10 08:17:36,132] {logging_mixin.py:104} INFO - [2024-08-10 08:17:36,132] {dag.py:2280} INFO - Setting next_dagrun for example_trigger_target_dag to None
[2024-08-10 08:17:36,142] {scheduler_job.py:190} INFO - Processing /home/airflow/.local/lib/python3.6/site-packages/airflow/example_dags/example_trigger_target_dag.py took 0.095 seconds
[2024-08-10 08:18:06,591] {scheduler_job.py:182} INFO - Started process (PID=61700) to work on /home/airflow/.local/lib/python3.6/site-packages/airflow/example_dags/example_trigger_target_dag.py
[2024-08-10 08:18:06,591] {scheduler_job.py:629} INFO - Processing file /home/airflow/.local/lib/python3.6/site-packages/airflow/example_dags/example_trigger_target_dag.py for tasks to queue
[2024-08-10 08:18:06,592] {logging_mixin.py:104} INFO - [2024-08-10 08:18:06,592] {dagbag.py:451} INFO - Filling up the DagBag from /home/airflow/.local/lib/python3.6/site-packages/airflow/example_dags/example_trigger_target_dag.py
[2024-08-10 08:18:06,599] {scheduler_job.py:639} INFO - DAG(s) dict_keys(['example_trigger_target_dag']) retrieved from /home/airflow/.local/lib/python3.6/site-packages/airflow/example_dags/example_trigger_target_dag.py
[2024-08-10 08:18:06,657] {logging_mixin.py:104} INFO - [2024-08-10 08:18:06,657] {dag.py:1824} INFO - Sync 1 DAGs
[2024-08-10 08:18:06,674] {logging_mixin.py:104} INFO - [2024-08-10 08:18:06,674] {dag.py:2280} INFO - Setting next_dagrun for example_trigger_target_dag to None
[2024-08-10 08:18:06,684] {scheduler_job.py:190} INFO - Processing /home/airflow/.local/lib/python3.6/site-packages/airflow/example_dags/example_trigger_target_dag.py took 0.095 seconds
[2024-08-10 08:18:37,368] {scheduler_job.py:182} INFO - Started process (PID=61729) to work on /home/airflow/.local/lib/python3.6/site-packages/airflow/example_dags/example_trigger_target_dag.py
[2024-08-10 08:18:37,369] {scheduler_job.py:629} INFO - Processing file /home/airflow/.local/lib/python3.6/site-packages/airflow/example_dags/example_trigger_target_dag.py for tasks to queue
[2024-08-10 08:18:37,369] {logging_mixin.py:104} INFO - [2024-08-10 08:18:37,369] {dagbag.py:451} INFO - Filling up the DagBag from /home/airflow/.local/lib/python3.6/site-packages/airflow/example_dags/example_trigger_target_dag.py
[2024-08-10 08:18:37,376] {scheduler_job.py:639} INFO - DAG(s) dict_keys(['example_trigger_target_dag']) retrieved from /home/airflow/.local/lib/python3.6/site-packages/airflow/example_dags/example_trigger_target_dag.py
[2024-08-10 08:18:37,436] {logging_mixin.py:104} INFO - [2024-08-10 08:18:37,436] {dag.py:1824} INFO - Sync 1 DAGs
[2024-08-10 08:18:37,453] {logging_mixin.py:104} INFO - [2024-08-10 08:18:37,453] {dag.py:2280} INFO - Setting next_dagrun for example_trigger_target_dag to None
[2024-08-10 08:18:37,464] {scheduler_job.py:190} INFO - Processing /home/airflow/.local/lib/python3.6/site-packages/airflow/example_dags/example_trigger_target_dag.py took 0.098 seconds
[2024-08-10 08:19:08,261] {scheduler_job.py:182} INFO - Started process (PID=61760) to work on /home/airflow/.local/lib/python3.6/site-packages/airflow/example_dags/example_trigger_target_dag.py
[2024-08-10 08:19:08,262] {scheduler_job.py:629} INFO - Processing file /home/airflow/.local/lib/python3.6/site-packages/airflow/example_dags/example_trigger_target_dag.py for tasks to queue
[2024-08-10 08:19:08,262] {logging_mixin.py:104} INFO - [2024-08-10 08:19:08,262] {dagbag.py:451} INFO - Filling up the DagBag from /home/airflow/.local/lib/python3.6/site-packages/airflow/example_dags/example_trigger_target_dag.py
[2024-08-10 08:19:08,269] {scheduler_job.py:639} INFO - DAG(s) dict_keys(['example_trigger_target_dag']) retrieved from /home/airflow/.local/lib/python3.6/site-packages/airflow/example_dags/example_trigger_target_dag.py
[2024-08-10 08:19:08,327] {logging_mixin.py:104} INFO - [2024-08-10 08:19:08,327] {dag.py:1824} INFO - Sync 1 DAGs
[2024-08-10 08:19:08,342] {logging_mixin.py:104} INFO - [2024-08-10 08:19:08,342] {dag.py:2280} INFO - Setting next_dagrun for example_trigger_target_dag to None
[2024-08-10 08:19:08,354] {scheduler_job.py:190} INFO - Processing /home/airflow/.local/lib/python3.6/site-packages/airflow/example_dags/example_trigger_target_dag.py took 0.094 seconds
[2024-08-10 08:19:38,902] {scheduler_job.py:182} INFO - Started process (PID=61787) to work on /home/airflow/.local/lib/python3.6/site-packages/airflow/example_dags/example_trigger_target_dag.py
[2024-08-10 08:19:38,902] {scheduler_job.py:629} INFO - Processing file /home/airflow/.local/lib/python3.6/site-packages/airflow/example_dags/example_trigger_target_dag.py for tasks to queue
[2024-08-10 08:19:38,903] {logging_mixin.py:104} INFO - [2024-08-10 08:19:38,903] {dagbag.py:451} INFO - Filling up the DagBag from /home/airflow/.local/lib/python3.6/site-packages/airflow/example_dags/example_trigger_target_dag.py
[2024-08-10 08:19:38,910] {scheduler_job.py:639} INFO - DAG(s) dict_keys(['example_trigger_target_dag']) retrieved from /home/airflow/.local/lib/python3.6/site-packages/airflow/example_dags/example_trigger_target_dag.py
[2024-08-10 08:19:38,974] {logging_mixin.py:104} INFO - [2024-08-10 08:19:38,974] {dag.py:1824} INFO - Sync 1 DAGs
[2024-08-10 08:19:38,991] {logging_mixin.py:104} INFO - [2024-08-10 08:19:38,990] {dag.py:2280} INFO - Setting next_dagrun for example_trigger_target_dag to None
[2024-08-10 08:19:39,001] {scheduler_job.py:190} INFO - Processing /home/airflow/.local/lib/python3.6/site-packages/airflow/example_dags/example_trigger_target_dag.py took 0.102 seconds
[2024-08-10 08:20:09,622] {scheduler_job.py:182} INFO - Started process (PID=61815) to work on /home/airflow/.local/lib/python3.6/site-packages/airflow/example_dags/example_trigger_target_dag.py
[2024-08-10 08:20:09,623] {scheduler_job.py:629} INFO - Processing file /home/airflow/.local/lib/python3.6/site-packages/airflow/example_dags/example_trigger_target_dag.py for tasks to queue
[2024-08-10 08:20:09,623] {logging_mixin.py:104} INFO - [2024-08-10 08:20:09,623] {dagbag.py:451} INFO - Filling up the DagBag from /home/airflow/.local/lib/python3.6/site-packages/airflow/example_dags/example_trigger_target_dag.py
[2024-08-10 08:20:09,630] {scheduler_job.py:639} INFO - DAG(s) dict_keys(['example_trigger_target_dag']) retrieved from /home/airflow/.local/lib/python3.6/site-packages/airflow/example_dags/example_trigger_target_dag.py
[2024-08-10 08:20:09,685] {logging_mixin.py:104} INFO - [2024-08-10 08:20:09,685] {dag.py:1824} INFO - Sync 1 DAGs
[2024-08-10 08:20:09,701] {logging_mixin.py:104} INFO - [2024-08-10 08:20:09,701] {dag.py:2280} INFO - Setting next_dagrun for example_trigger_target_dag to None
[2024-08-10 08:20:09,711] {scheduler_job.py:190} INFO - Processing /home/airflow/.local/lib/python3.6/site-packages/airflow/example_dags/example_trigger_target_dag.py took 0.090 seconds
[2024-08-10 08:20:40,397] {scheduler_job.py:182} INFO - Started process (PID=61844) to work on /home/airflow/.local/lib/python3.6/site-packages/airflow/example_dags/example_trigger_target_dag.py
[2024-08-10 08:20:40,398] {scheduler_job.py:629} INFO - Processing file /home/airflow/.local/lib/python3.6/site-packages/airflow/example_dags/example_trigger_target_dag.py for tasks to queue
[2024-08-10 08:20:40,401] {logging_mixin.py:104} INFO - [2024-08-10 08:20:40,401] {dagbag.py:451} INFO - Filling up the DagBag from /home/airflow/.local/lib/python3.6/site-packages/airflow/example_dags/example_trigger_target_dag.py
[2024-08-10 08:20:40,408] {scheduler_job.py:639} INFO - DAG(s) dict_keys(['example_trigger_target_dag']) retrieved from /home/airflow/.local/lib/python3.6/site-packages/airflow/example_dags/example_trigger_target_dag.py
[2024-08-10 08:20:40,469] {logging_mixin.py:104} INFO - [2024-08-10 08:20:40,468] {dag.py:1824} INFO - Sync 1 DAGs
[2024-08-10 08:20:40,486] {logging_mixin.py:104} INFO - [2024-08-10 08:20:40,486] {dag.py:2280} INFO - Setting next_dagrun for example_trigger_target_dag to None
[2024-08-10 08:20:40,498] {scheduler_job.py:190} INFO - Processing /home/airflow/.local/lib/python3.6/site-packages/airflow/example_dags/example_trigger_target_dag.py took 0.103 seconds
[2024-08-10 08:21:11,115] {scheduler_job.py:182} INFO - Started process (PID=61873) to work on /home/airflow/.local/lib/python3.6/site-packages/airflow/example_dags/example_trigger_target_dag.py
[2024-08-10 08:21:11,116] {scheduler_job.py:629} INFO - Processing file /home/airflow/.local/lib/python3.6/site-packages/airflow/example_dags/example_trigger_target_dag.py for tasks to queue
[2024-08-10 08:21:11,116] {logging_mixin.py:104} INFO - [2024-08-10 08:21:11,116] {dagbag.py:451} INFO - Filling up the DagBag from /home/airflow/.local/lib/python3.6/site-packages/airflow/example_dags/example_trigger_target_dag.py
[2024-08-10 08:21:11,123] {scheduler_job.py:639} INFO - DAG(s) dict_keys(['example_trigger_target_dag']) retrieved from /home/airflow/.local/lib/python3.6/site-packages/airflow/example_dags/example_trigger_target_dag.py
[2024-08-10 08:21:11,184] {logging_mixin.py:104} INFO - [2024-08-10 08:21:11,184] {dag.py:1824} INFO - Sync 1 DAGs
[2024-08-10 08:21:11,202] {logging_mixin.py:104} INFO - [2024-08-10 08:21:11,202] {dag.py:2280} INFO - Setting next_dagrun for example_trigger_target_dag to None
[2024-08-10 08:21:11,213] {scheduler_job.py:190} INFO - Processing /home/airflow/.local/lib/python3.6/site-packages/airflow/example_dags/example_trigger_target_dag.py took 0.100 seconds
[2024-08-10 08:21:41,942] {scheduler_job.py:182} INFO - Started process (PID=61902) to work on /home/airflow/.local/lib/python3.6/site-packages/airflow/example_dags/example_trigger_target_dag.py
[2024-08-10 08:21:41,944] {scheduler_job.py:629} INFO - Processing file /home/airflow/.local/lib/python3.6/site-packages/airflow/example_dags/example_trigger_target_dag.py for tasks to queue
[2024-08-10 08:21:41,945] {logging_mixin.py:104} INFO - [2024-08-10 08:21:41,945] {dagbag.py:451} INFO - Filling up the DagBag from /home/airflow/.local/lib/python3.6/site-packages/airflow/example_dags/example_trigger_target_dag.py
[2024-08-10 08:21:41,952] {scheduler_job.py:639} INFO - DAG(s) dict_keys(['example_trigger_target_dag']) retrieved from /home/airflow/.local/lib/python3.6/site-packages/airflow/example_dags/example_trigger_target_dag.py
[2024-08-10 08:21:42,011] {logging_mixin.py:104} INFO - [2024-08-10 08:21:42,011] {dag.py:1824} INFO - Sync 1 DAGs
[2024-08-10 08:21:42,028] {logging_mixin.py:104} INFO - [2024-08-10 08:21:42,028] {dag.py:2280} INFO - Setting next_dagrun for example_trigger_target_dag to None
[2024-08-10 08:21:42,038] {scheduler_job.py:190} INFO - Processing /home/airflow/.local/lib/python3.6/site-packages/airflow/example_dags/example_trigger_target_dag.py took 0.098 seconds
[2024-08-10 08:22:12,729] {scheduler_job.py:182} INFO - Started process (PID=61931) to work on /home/airflow/.local/lib/python3.6/site-packages/airflow/example_dags/example_trigger_target_dag.py
[2024-08-10 08:22:12,730] {scheduler_job.py:629} INFO - Processing file /home/airflow/.local/lib/python3.6/site-packages/airflow/example_dags/example_trigger_target_dag.py for tasks to queue
[2024-08-10 08:22:12,730] {logging_mixin.py:104} INFO - [2024-08-10 08:22:12,730] {dagbag.py:451} INFO - Filling up the DagBag from /home/airflow/.local/lib/python3.6/site-packages/airflow/example_dags/example_trigger_target_dag.py
[2024-08-10 08:22:12,737] {scheduler_job.py:639} INFO - DAG(s) dict_keys(['example_trigger_target_dag']) retrieved from /home/airflow/.local/lib/python3.6/site-packages/airflow/example_dags/example_trigger_target_dag.py
[2024-08-10 08:22:12,798] {logging_mixin.py:104} INFO - [2024-08-10 08:22:12,798] {dag.py:1824} INFO - Sync 1 DAGs
[2024-08-10 08:22:12,815] {logging_mixin.py:104} INFO - [2024-08-10 08:22:12,815] {dag.py:2280} INFO - Setting next_dagrun for example_trigger_target_dag to None
[2024-08-10 08:22:12,826] {scheduler_job.py:190} INFO - Processing /home/airflow/.local/lib/python3.6/site-packages/airflow/example_dags/example_trigger_target_dag.py took 0.098 seconds
[2024-08-10 08:22:43,471] {scheduler_job.py:182} INFO - Started process (PID=61960) to work on /home/airflow/.local/lib/python3.6/site-packages/airflow/example_dags/example_trigger_target_dag.py
[2024-08-10 08:22:43,471] {scheduler_job.py:629} INFO - Processing file /home/airflow/.local/lib/python3.6/site-packages/airflow/example_dags/example_trigger_target_dag.py for tasks to queue
[2024-08-10 08:22:43,472] {logging_mixin.py:104} INFO - [2024-08-10 08:22:43,472] {dagbag.py:451} INFO - Filling up the DagBag from /home/airflow/.local/lib/python3.6/site-packages/airflow/example_dags/example_trigger_target_dag.py
[2024-08-10 08:22:43,479] {scheduler_job.py:639} INFO - DAG(s) dict_keys(['example_trigger_target_dag']) retrieved from /home/airflow/.local/lib/python3.6/site-packages/airflow/example_dags/example_trigger_target_dag.py
[2024-08-10 08:22:43,542] {logging_mixin.py:104} INFO - [2024-08-10 08:22:43,542] {dag.py:1824} INFO - Sync 1 DAGs
[2024-08-10 08:22:43,560] {logging_mixin.py:104} INFO - [2024-08-10 08:22:43,560] {dag.py:2280} INFO - Setting next_dagrun for example_trigger_target_dag to None
[2024-08-10 08:22:43,572] {scheduler_job.py:190} INFO - Processing /home/airflow/.local/lib/python3.6/site-packages/airflow/example_dags/example_trigger_target_dag.py took 0.104 seconds
[2024-08-10 19:59:44,748] {scheduler_job.py:182} INFO - Started process (PID=54) to work on /home/airflow/.local/lib/python3.6/site-packages/airflow/example_dags/example_trigger_target_dag.py
[2024-08-10 19:59:44,748] {scheduler_job.py:629} INFO - Processing file /home/airflow/.local/lib/python3.6/site-packages/airflow/example_dags/example_trigger_target_dag.py for tasks to queue
[2024-08-10 19:59:44,749] {logging_mixin.py:104} INFO - [2024-08-10 19:59:44,749] {dagbag.py:451} INFO - Filling up the DagBag from /home/airflow/.local/lib/python3.6/site-packages/airflow/example_dags/example_trigger_target_dag.py
[2024-08-10 19:59:44,755] {scheduler_job.py:639} INFO - DAG(s) dict_keys(['example_trigger_target_dag']) retrieved from /home/airflow/.local/lib/python3.6/site-packages/airflow/example_dags/example_trigger_target_dag.py
[2024-08-10 19:59:44,816] {logging_mixin.py:104} INFO - [2024-08-10 19:59:44,816] {dag.py:1824} INFO - Sync 1 DAGs
[2024-08-10 19:59:44,835] {logging_mixin.py:104} INFO - [2024-08-10 19:59:44,835] {dag.py:2280} INFO - Setting next_dagrun for example_trigger_target_dag to None
[2024-08-10 19:59:44,848] {scheduler_job.py:190} INFO - Processing /home/airflow/.local/lib/python3.6/site-packages/airflow/example_dags/example_trigger_target_dag.py took 0.102 seconds
[2024-08-10 20:00:15,162] {scheduler_job.py:182} INFO - Started process (PID=77) to work on /home/airflow/.local/lib/python3.6/site-packages/airflow/example_dags/example_trigger_target_dag.py
[2024-08-10 20:00:15,163] {scheduler_job.py:629} INFO - Processing file /home/airflow/.local/lib/python3.6/site-packages/airflow/example_dags/example_trigger_target_dag.py for tasks to queue
[2024-08-10 20:00:15,163] {logging_mixin.py:104} INFO - [2024-08-10 20:00:15,163] {dagbag.py:451} INFO - Filling up the DagBag from /home/airflow/.local/lib/python3.6/site-packages/airflow/example_dags/example_trigger_target_dag.py
[2024-08-10 20:00:15,169] {scheduler_job.py:639} INFO - DAG(s) dict_keys(['example_trigger_target_dag']) retrieved from /home/airflow/.local/lib/python3.6/site-packages/airflow/example_dags/example_trigger_target_dag.py
[2024-08-10 20:00:15,226] {logging_mixin.py:104} INFO - [2024-08-10 20:00:15,226] {dag.py:1824} INFO - Sync 1 DAGs
[2024-08-10 20:00:15,242] {logging_mixin.py:104} INFO - [2024-08-10 20:00:15,242] {dag.py:2280} INFO - Setting next_dagrun for example_trigger_target_dag to None
[2024-08-10 20:00:15,253] {scheduler_job.py:190} INFO - Processing /home/airflow/.local/lib/python3.6/site-packages/airflow/example_dags/example_trigger_target_dag.py took 0.092 seconds
[2024-08-10 21:00:37,722] {scheduler_job.py:182} INFO - Started process (PID=112) to work on /home/airflow/.local/lib/python3.6/site-packages/airflow/example_dags/example_trigger_target_dag.py
[2024-08-10 21:00:37,722] {scheduler_job.py:629} INFO - Processing file /home/airflow/.local/lib/python3.6/site-packages/airflow/example_dags/example_trigger_target_dag.py for tasks to queue
[2024-08-10 21:00:37,723] {logging_mixin.py:104} INFO - [2024-08-10 21:00:37,723] {dagbag.py:451} INFO - Filling up the DagBag from /home/airflow/.local/lib/python3.6/site-packages/airflow/example_dags/example_trigger_target_dag.py
[2024-08-10 21:00:37,729] {scheduler_job.py:639} INFO - DAG(s) dict_keys(['example_trigger_target_dag']) retrieved from /home/airflow/.local/lib/python3.6/site-packages/airflow/example_dags/example_trigger_target_dag.py
[2024-08-10 21:00:37,789] {logging_mixin.py:104} INFO - [2024-08-10 21:00:37,789] {dag.py:1824} INFO - Sync 1 DAGs
[2024-08-10 21:00:37,806] {logging_mixin.py:104} INFO - [2024-08-10 21:00:37,806] {dag.py:2280} INFO - Setting next_dagrun for example_trigger_target_dag to None
[2024-08-10 21:00:37,824] {scheduler_job.py:190} INFO - Processing /home/airflow/.local/lib/python3.6/site-packages/airflow/example_dags/example_trigger_target_dag.py took 0.104 seconds
[2024-08-10 21:01:08,170] {scheduler_job.py:182} INFO - Started process (PID=135) to work on /home/airflow/.local/lib/python3.6/site-packages/airflow/example_dags/example_trigger_target_dag.py
[2024-08-10 21:01:08,171] {scheduler_job.py:629} INFO - Processing file /home/airflow/.local/lib/python3.6/site-packages/airflow/example_dags/example_trigger_target_dag.py for tasks to queue
[2024-08-10 21:01:08,171] {logging_mixin.py:104} INFO - [2024-08-10 21:01:08,171] {dagbag.py:451} INFO - Filling up the DagBag from /home/airflow/.local/lib/python3.6/site-packages/airflow/example_dags/example_trigger_target_dag.py
[2024-08-10 21:01:08,177] {scheduler_job.py:639} INFO - DAG(s) dict_keys(['example_trigger_target_dag']) retrieved from /home/airflow/.local/lib/python3.6/site-packages/airflow/example_dags/example_trigger_target_dag.py
[2024-08-10 21:01:08,254] {logging_mixin.py:104} INFO - [2024-08-10 21:01:08,254] {dag.py:1824} INFO - Sync 1 DAGs
[2024-08-10 21:01:08,270] {logging_mixin.py:104} INFO - [2024-08-10 21:01:08,270] {dag.py:2280} INFO - Setting next_dagrun for example_trigger_target_dag to None
[2024-08-10 21:01:08,281] {scheduler_job.py:190} INFO - Processing /home/airflow/.local/lib/python3.6/site-packages/airflow/example_dags/example_trigger_target_dag.py took 0.113 seconds
[2024-08-10 21:16:46,139] {scheduler_job.py:182} INFO - Started process (PID=170) to work on /home/airflow/.local/lib/python3.6/site-packages/airflow/example_dags/example_trigger_target_dag.py
[2024-08-10 21:16:46,140] {scheduler_job.py:629} INFO - Processing file /home/airflow/.local/lib/python3.6/site-packages/airflow/example_dags/example_trigger_target_dag.py for tasks to queue
[2024-08-10 21:16:46,141] {logging_mixin.py:104} INFO - [2024-08-10 21:16:46,141] {dagbag.py:451} INFO - Filling up the DagBag from /home/airflow/.local/lib/python3.6/site-packages/airflow/example_dags/example_trigger_target_dag.py
[2024-08-10 21:16:46,149] {scheduler_job.py:639} INFO - DAG(s) dict_keys(['example_trigger_target_dag']) retrieved from /home/airflow/.local/lib/python3.6/site-packages/airflow/example_dags/example_trigger_target_dag.py
[2024-08-10 21:16:46,218] {logging_mixin.py:104} INFO - [2024-08-10 21:16:46,218] {dag.py:1824} INFO - Sync 1 DAGs
[2024-08-10 21:16:46,234] {logging_mixin.py:104} INFO - [2024-08-10 21:16:46,234] {dag.py:2280} INFO - Setting next_dagrun for example_trigger_target_dag to None
[2024-08-10 21:16:46,245] {scheduler_job.py:190} INFO - Processing /home/airflow/.local/lib/python3.6/site-packages/airflow/example_dags/example_trigger_target_dag.py took 0.107 seconds
[2024-08-10 21:21:48,654] {scheduler_job.py:182} INFO - Started process (PID=199) to work on /home/airflow/.local/lib/python3.6/site-packages/airflow/example_dags/example_trigger_target_dag.py
[2024-08-10 21:21:48,655] {scheduler_job.py:629} INFO - Processing file /home/airflow/.local/lib/python3.6/site-packages/airflow/example_dags/example_trigger_target_dag.py for tasks to queue
[2024-08-10 21:21:48,656] {logging_mixin.py:104} INFO - [2024-08-10 21:21:48,656] {dagbag.py:451} INFO - Filling up the DagBag from /home/airflow/.local/lib/python3.6/site-packages/airflow/example_dags/example_trigger_target_dag.py
[2024-08-10 21:21:48,670] {scheduler_job.py:639} INFO - DAG(s) dict_keys(['example_trigger_target_dag']) retrieved from /home/airflow/.local/lib/python3.6/site-packages/airflow/example_dags/example_trigger_target_dag.py
[2024-08-10 21:21:48,780] {logging_mixin.py:104} INFO - [2024-08-10 21:21:48,780] {dag.py:1824} INFO - Sync 1 DAGs
[2024-08-10 21:21:48,798] {logging_mixin.py:104} INFO - [2024-08-10 21:21:48,798] {dag.py:2280} INFO - Setting next_dagrun for example_trigger_target_dag to None
[2024-08-10 21:21:48,808] {scheduler_job.py:190} INFO - Processing /home/airflow/.local/lib/python3.6/site-packages/airflow/example_dags/example_trigger_target_dag.py took 0.157 seconds
[2024-08-10 21:22:19,250] {scheduler_job.py:182} INFO - Started process (PID=223) to work on /home/airflow/.local/lib/python3.6/site-packages/airflow/example_dags/example_trigger_target_dag.py
[2024-08-10 21:22:19,251] {scheduler_job.py:629} INFO - Processing file /home/airflow/.local/lib/python3.6/site-packages/airflow/example_dags/example_trigger_target_dag.py for tasks to queue
[2024-08-10 21:22:19,251] {logging_mixin.py:104} INFO - [2024-08-10 21:22:19,251] {dagbag.py:451} INFO - Filling up the DagBag from /home/airflow/.local/lib/python3.6/site-packages/airflow/example_dags/example_trigger_target_dag.py
[2024-08-10 21:22:19,257] {scheduler_job.py:639} INFO - DAG(s) dict_keys(['example_trigger_target_dag']) retrieved from /home/airflow/.local/lib/python3.6/site-packages/airflow/example_dags/example_trigger_target_dag.py
[2024-08-10 21:22:19,316] {logging_mixin.py:104} INFO - [2024-08-10 21:22:19,316] {dag.py:1824} INFO - Sync 1 DAGs
[2024-08-10 21:22:19,333] {logging_mixin.py:104} INFO - [2024-08-10 21:22:19,333] {dag.py:2280} INFO - Setting next_dagrun for example_trigger_target_dag to None
[2024-08-10 21:22:19,343] {scheduler_job.py:190} INFO - Processing /home/airflow/.local/lib/python3.6/site-packages/airflow/example_dags/example_trigger_target_dag.py took 0.095 seconds
[2024-08-10 21:45:46,393] {scheduler_job.py:182} INFO - Started process (PID=257) to work on /home/airflow/.local/lib/python3.6/site-packages/airflow/example_dags/example_trigger_target_dag.py
[2024-08-10 21:45:46,394] {scheduler_job.py:629} INFO - Processing file /home/airflow/.local/lib/python3.6/site-packages/airflow/example_dags/example_trigger_target_dag.py for tasks to queue
[2024-08-10 21:45:46,394] {logging_mixin.py:104} INFO - [2024-08-10 21:45:46,394] {dagbag.py:451} INFO - Filling up the DagBag from /home/airflow/.local/lib/python3.6/site-packages/airflow/example_dags/example_trigger_target_dag.py
[2024-08-10 21:45:46,401] {scheduler_job.py:639} INFO - DAG(s) dict_keys(['example_trigger_target_dag']) retrieved from /home/airflow/.local/lib/python3.6/site-packages/airflow/example_dags/example_trigger_target_dag.py
[2024-08-10 21:45:46,479] {logging_mixin.py:104} INFO - [2024-08-10 21:45:46,478] {dag.py:1824} INFO - Sync 1 DAGs
[2024-08-10 21:45:46,500] {logging_mixin.py:104} INFO - [2024-08-10 21:45:46,500] {dag.py:2280} INFO - Setting next_dagrun for example_trigger_target_dag to None
[2024-08-10 21:45:46,514] {scheduler_job.py:190} INFO - Processing /home/airflow/.local/lib/python3.6/site-packages/airflow/example_dags/example_trigger_target_dag.py took 0.123 seconds
[2024-08-10 21:46:16,931] {scheduler_job.py:182} INFO - Started process (PID=281) to work on /home/airflow/.local/lib/python3.6/site-packages/airflow/example_dags/example_trigger_target_dag.py
[2024-08-10 21:46:16,932] {scheduler_job.py:629} INFO - Processing file /home/airflow/.local/lib/python3.6/site-packages/airflow/example_dags/example_trigger_target_dag.py for tasks to queue
[2024-08-10 21:46:16,933] {logging_mixin.py:104} INFO - [2024-08-10 21:46:16,933] {dagbag.py:451} INFO - Filling up the DagBag from /home/airflow/.local/lib/python3.6/site-packages/airflow/example_dags/example_trigger_target_dag.py
[2024-08-10 21:46:16,939] {scheduler_job.py:639} INFO - DAG(s) dict_keys(['example_trigger_target_dag']) retrieved from /home/airflow/.local/lib/python3.6/site-packages/airflow/example_dags/example_trigger_target_dag.py
[2024-08-10 21:46:16,995] {logging_mixin.py:104} INFO - [2024-08-10 21:46:16,995] {dag.py:1824} INFO - Sync 1 DAGs
[2024-08-10 21:46:17,011] {logging_mixin.py:104} INFO - [2024-08-10 21:46:17,011] {dag.py:2280} INFO - Setting next_dagrun for example_trigger_target_dag to None
[2024-08-10 21:46:17,021] {scheduler_job.py:190} INFO - Processing /home/airflow/.local/lib/python3.6/site-packages/airflow/example_dags/example_trigger_target_dag.py took 0.092 seconds
[2024-08-10 22:01:47,853] {scheduler_job.py:182} INFO - Started process (PID=315) to work on /home/airflow/.local/lib/python3.6/site-packages/airflow/example_dags/example_trigger_target_dag.py
[2024-08-10 22:01:47,856] {scheduler_job.py:629} INFO - Processing file /home/airflow/.local/lib/python3.6/site-packages/airflow/example_dags/example_trigger_target_dag.py for tasks to queue
[2024-08-10 22:01:47,856] {logging_mixin.py:104} INFO - [2024-08-10 22:01:47,856] {dagbag.py:451} INFO - Filling up the DagBag from /home/airflow/.local/lib/python3.6/site-packages/airflow/example_dags/example_trigger_target_dag.py
[2024-08-10 22:01:47,870] {scheduler_job.py:639} INFO - DAG(s) dict_keys(['example_trigger_target_dag']) retrieved from /home/airflow/.local/lib/python3.6/site-packages/airflow/example_dags/example_trigger_target_dag.py
[2024-08-10 22:01:47,938] {logging_mixin.py:104} INFO - [2024-08-10 22:01:47,938] {dag.py:1824} INFO - Sync 1 DAGs
[2024-08-10 22:01:47,960] {logging_mixin.py:104} INFO - [2024-08-10 22:01:47,959] {dag.py:2280} INFO - Setting next_dagrun for example_trigger_target_dag to None
[2024-08-10 22:01:47,976] {scheduler_job.py:190} INFO - Processing /home/airflow/.local/lib/python3.6/site-packages/airflow/example_dags/example_trigger_target_dag.py took 0.124 seconds
[2024-08-10 22:08:20,612] {scheduler_job.py:182} INFO - Started process (PID=344) to work on /home/airflow/.local/lib/python3.6/site-packages/airflow/example_dags/example_trigger_target_dag.py
[2024-08-10 22:08:20,613] {scheduler_job.py:629} INFO - Processing file /home/airflow/.local/lib/python3.6/site-packages/airflow/example_dags/example_trigger_target_dag.py for tasks to queue
[2024-08-10 22:08:20,613] {logging_mixin.py:104} INFO - [2024-08-10 22:08:20,613] {dagbag.py:451} INFO - Filling up the DagBag from /home/airflow/.local/lib/python3.6/site-packages/airflow/example_dags/example_trigger_target_dag.py
[2024-08-10 22:08:20,622] {scheduler_job.py:639} INFO - DAG(s) dict_keys(['example_trigger_target_dag']) retrieved from /home/airflow/.local/lib/python3.6/site-packages/airflow/example_dags/example_trigger_target_dag.py
[2024-08-10 22:08:20,683] {logging_mixin.py:104} INFO - [2024-08-10 22:08:20,683] {dag.py:1824} INFO - Sync 1 DAGs
[2024-08-10 22:08:20,702] {logging_mixin.py:104} INFO - [2024-08-10 22:08:20,702] {dag.py:2280} INFO - Setting next_dagrun for example_trigger_target_dag to None
[2024-08-10 22:08:20,714] {scheduler_job.py:190} INFO - Processing /home/airflow/.local/lib/python3.6/site-packages/airflow/example_dags/example_trigger_target_dag.py took 0.104 seconds
[2024-08-10 22:08:50,730] {scheduler_job.py:182} INFO - Started process (PID=373) to work on /home/airflow/.local/lib/python3.6/site-packages/airflow/example_dags/example_trigger_target_dag.py
[2024-08-10 22:08:50,731] {scheduler_job.py:629} INFO - Processing file /home/airflow/.local/lib/python3.6/site-packages/airflow/example_dags/example_trigger_target_dag.py for tasks to queue
[2024-08-10 22:08:50,732] {logging_mixin.py:104} INFO - [2024-08-10 22:08:50,732] {dagbag.py:451} INFO - Filling up the DagBag from /home/airflow/.local/lib/python3.6/site-packages/airflow/example_dags/example_trigger_target_dag.py
[2024-08-10 22:08:50,737] {scheduler_job.py:639} INFO - DAG(s) dict_keys(['example_trigger_target_dag']) retrieved from /home/airflow/.local/lib/python3.6/site-packages/airflow/example_dags/example_trigger_target_dag.py
[2024-08-10 22:08:50,795] {logging_mixin.py:104} INFO - [2024-08-10 22:08:50,795] {dag.py:1824} INFO - Sync 1 DAGs
[2024-08-10 22:08:50,812] {logging_mixin.py:104} INFO - [2024-08-10 22:08:50,812] {dag.py:2280} INFO - Setting next_dagrun for example_trigger_target_dag to None
[2024-08-10 22:08:50,822] {scheduler_job.py:190} INFO - Processing /home/airflow/.local/lib/python3.6/site-packages/airflow/example_dags/example_trigger_target_dag.py took 0.093 seconds
[2024-08-10 22:13:49,287] {scheduler_job.py:182} INFO - Started process (PID=402) to work on /home/airflow/.local/lib/python3.6/site-packages/airflow/example_dags/example_trigger_target_dag.py
[2024-08-10 22:13:49,288] {scheduler_job.py:629} INFO - Processing file /home/airflow/.local/lib/python3.6/site-packages/airflow/example_dags/example_trigger_target_dag.py for tasks to queue
[2024-08-10 22:13:49,289] {logging_mixin.py:104} INFO - [2024-08-10 22:13:49,289] {dagbag.py:451} INFO - Filling up the DagBag from /home/airflow/.local/lib/python3.6/site-packages/airflow/example_dags/example_trigger_target_dag.py
[2024-08-10 22:13:49,297] {scheduler_job.py:639} INFO - DAG(s) dict_keys(['example_trigger_target_dag']) retrieved from /home/airflow/.local/lib/python3.6/site-packages/airflow/example_dags/example_trigger_target_dag.py
[2024-08-10 22:13:49,362] {logging_mixin.py:104} INFO - [2024-08-10 22:13:49,362] {dag.py:1824} INFO - Sync 1 DAGs
[2024-08-10 22:13:49,380] {logging_mixin.py:104} INFO - [2024-08-10 22:13:49,380] {dag.py:2280} INFO - Setting next_dagrun for example_trigger_target_dag to None
[2024-08-10 22:13:49,391] {scheduler_job.py:190} INFO - Processing /home/airflow/.local/lib/python3.6/site-packages/airflow/example_dags/example_trigger_target_dag.py took 0.105 seconds
[2024-08-10 22:17:46,547] {scheduler_job.py:182} INFO - Started process (PID=431) to work on /home/airflow/.local/lib/python3.6/site-packages/airflow/example_dags/example_trigger_target_dag.py
[2024-08-10 22:17:46,548] {scheduler_job.py:629} INFO - Processing file /home/airflow/.local/lib/python3.6/site-packages/airflow/example_dags/example_trigger_target_dag.py for tasks to queue
[2024-08-10 22:17:46,549] {logging_mixin.py:104} INFO - [2024-08-10 22:17:46,549] {dagbag.py:451} INFO - Filling up the DagBag from /home/airflow/.local/lib/python3.6/site-packages/airflow/example_dags/example_trigger_target_dag.py
[2024-08-10 22:17:46,559] {scheduler_job.py:639} INFO - DAG(s) dict_keys(['example_trigger_target_dag']) retrieved from /home/airflow/.local/lib/python3.6/site-packages/airflow/example_dags/example_trigger_target_dag.py
[2024-08-10 22:17:46,624] {logging_mixin.py:104} INFO - [2024-08-10 22:17:46,624] {dag.py:1824} INFO - Sync 1 DAGs
[2024-08-10 22:17:46,643] {logging_mixin.py:104} INFO - [2024-08-10 22:17:46,642] {dag.py:2280} INFO - Setting next_dagrun for example_trigger_target_dag to None
[2024-08-10 22:17:46,653] {scheduler_job.py:190} INFO - Processing /home/airflow/.local/lib/python3.6/site-packages/airflow/example_dags/example_trigger_target_dag.py took 0.108 seconds
[2024-08-10 22:18:16,900] {scheduler_job.py:182} INFO - Started process (PID=452) to work on /home/airflow/.local/lib/python3.6/site-packages/airflow/example_dags/example_trigger_target_dag.py
[2024-08-10 22:18:16,900] {scheduler_job.py:629} INFO - Processing file /home/airflow/.local/lib/python3.6/site-packages/airflow/example_dags/example_trigger_target_dag.py for tasks to queue
[2024-08-10 22:18:16,901] {logging_mixin.py:104} INFO - [2024-08-10 22:18:16,901] {dagbag.py:451} INFO - Filling up the DagBag from /home/airflow/.local/lib/python3.6/site-packages/airflow/example_dags/example_trigger_target_dag.py
[2024-08-10 22:18:16,908] {scheduler_job.py:639} INFO - DAG(s) dict_keys(['example_trigger_target_dag']) retrieved from /home/airflow/.local/lib/python3.6/site-packages/airflow/example_dags/example_trigger_target_dag.py
[2024-08-10 22:18:16,965] {logging_mixin.py:104} INFO - [2024-08-10 22:18:16,965] {dag.py:1824} INFO - Sync 1 DAGs
[2024-08-10 22:18:16,983] {logging_mixin.py:104} INFO - [2024-08-10 22:18:16,983] {dag.py:2280} INFO - Setting next_dagrun for example_trigger_target_dag to None
[2024-08-10 22:18:16,993] {scheduler_job.py:190} INFO - Processing /home/airflow/.local/lib/python3.6/site-packages/airflow/example_dags/example_trigger_target_dag.py took 0.095 seconds
[2024-08-10 22:18:47,478] {scheduler_job.py:182} INFO - Started process (PID=479) to work on /home/airflow/.local/lib/python3.6/site-packages/airflow/example_dags/example_trigger_target_dag.py
[2024-08-10 22:18:47,479] {scheduler_job.py:629} INFO - Processing file /home/airflow/.local/lib/python3.6/site-packages/airflow/example_dags/example_trigger_target_dag.py for tasks to queue
[2024-08-10 22:18:47,480] {logging_mixin.py:104} INFO - [2024-08-10 22:18:47,480] {dagbag.py:451} INFO - Filling up the DagBag from /home/airflow/.local/lib/python3.6/site-packages/airflow/example_dags/example_trigger_target_dag.py
[2024-08-10 22:18:47,486] {scheduler_job.py:639} INFO - DAG(s) dict_keys(['example_trigger_target_dag']) retrieved from /home/airflow/.local/lib/python3.6/site-packages/airflow/example_dags/example_trigger_target_dag.py
[2024-08-10 22:18:47,547] {logging_mixin.py:104} INFO - [2024-08-10 22:18:47,547] {dag.py:1824} INFO - Sync 1 DAGs
[2024-08-10 22:18:47,563] {logging_mixin.py:104} INFO - [2024-08-10 22:18:47,563] {dag.py:2280} INFO - Setting next_dagrun for example_trigger_target_dag to None
[2024-08-10 22:18:47,573] {scheduler_job.py:190} INFO - Processing /home/airflow/.local/lib/python3.6/site-packages/airflow/example_dags/example_trigger_target_dag.py took 0.097 seconds
[2024-08-10 22:19:17,806] {scheduler_job.py:182} INFO - Started process (PID=498) to work on /home/airflow/.local/lib/python3.6/site-packages/airflow/example_dags/example_trigger_target_dag.py
[2024-08-10 22:19:17,898] {scheduler_job.py:629} INFO - Processing file /home/airflow/.local/lib/python3.6/site-packages/airflow/example_dags/example_trigger_target_dag.py for tasks to queue
[2024-08-10 22:19:17,899] {logging_mixin.py:104} INFO - [2024-08-10 22:19:17,899] {dagbag.py:451} INFO - Filling up the DagBag from /home/airflow/.local/lib/python3.6/site-packages/airflow/example_dags/example_trigger_target_dag.py
[2024-08-10 22:19:17,907] {scheduler_job.py:639} INFO - DAG(s) dict_keys(['example_trigger_target_dag']) retrieved from /home/airflow/.local/lib/python3.6/site-packages/airflow/example_dags/example_trigger_target_dag.py
[2024-08-10 22:19:17,971] {logging_mixin.py:104} INFO - [2024-08-10 22:19:17,970] {dag.py:1824} INFO - Sync 1 DAGs
[2024-08-10 22:19:17,988] {logging_mixin.py:104} INFO - [2024-08-10 22:19:17,988] {dag.py:2280} INFO - Setting next_dagrun for example_trigger_target_dag to None
[2024-08-10 22:19:17,999] {scheduler_job.py:190} INFO - Processing /home/airflow/.local/lib/python3.6/site-packages/airflow/example_dags/example_trigger_target_dag.py took 0.195 seconds
[2024-08-10 22:27:21,347] {scheduler_job.py:182} INFO - Started process (PID=547) to work on /home/airflow/.local/lib/python3.6/site-packages/airflow/example_dags/example_trigger_target_dag.py
[2024-08-10 22:27:21,349] {scheduler_job.py:629} INFO - Processing file /home/airflow/.local/lib/python3.6/site-packages/airflow/example_dags/example_trigger_target_dag.py for tasks to queue
[2024-08-10 22:27:21,350] {logging_mixin.py:104} INFO - [2024-08-10 22:27:21,349] {dagbag.py:451} INFO - Filling up the DagBag from /home/airflow/.local/lib/python3.6/site-packages/airflow/example_dags/example_trigger_target_dag.py
[2024-08-10 22:27:21,362] {scheduler_job.py:639} INFO - DAG(s) dict_keys(['example_trigger_target_dag']) retrieved from /home/airflow/.local/lib/python3.6/site-packages/airflow/example_dags/example_trigger_target_dag.py
[2024-08-10 22:27:21,441] {logging_mixin.py:104} INFO - [2024-08-10 22:27:21,441] {dag.py:1824} INFO - Sync 1 DAGs
[2024-08-10 22:27:21,462] {logging_mixin.py:104} INFO - [2024-08-10 22:27:21,462] {dag.py:2280} INFO - Setting next_dagrun for example_trigger_target_dag to None
[2024-08-10 22:27:21,473] {scheduler_job.py:190} INFO - Processing /home/airflow/.local/lib/python3.6/site-packages/airflow/example_dags/example_trigger_target_dag.py took 0.128 seconds
[2024-08-10 23:00:14,305] {scheduler_job.py:182} INFO - Started process (PID=576) to work on /home/airflow/.local/lib/python3.6/site-packages/airflow/example_dags/example_trigger_target_dag.py
[2024-08-10 23:00:14,306] {scheduler_job.py:629} INFO - Processing file /home/airflow/.local/lib/python3.6/site-packages/airflow/example_dags/example_trigger_target_dag.py for tasks to queue
[2024-08-10 23:00:14,306] {logging_mixin.py:104} INFO - [2024-08-10 23:00:14,306] {dagbag.py:451} INFO - Filling up the DagBag from /home/airflow/.local/lib/python3.6/site-packages/airflow/example_dags/example_trigger_target_dag.py
[2024-08-10 23:00:14,315] {scheduler_job.py:639} INFO - DAG(s) dict_keys(['example_trigger_target_dag']) retrieved from /home/airflow/.local/lib/python3.6/site-packages/airflow/example_dags/example_trigger_target_dag.py
[2024-08-10 23:00:14,383] {logging_mixin.py:104} INFO - [2024-08-10 23:00:14,383] {dag.py:1824} INFO - Sync 1 DAGs
[2024-08-10 23:00:14,400] {logging_mixin.py:104} INFO - [2024-08-10 23:00:14,400] {dag.py:2280} INFO - Setting next_dagrun for example_trigger_target_dag to None
[2024-08-10 23:00:14,412] {scheduler_job.py:190} INFO - Processing /home/airflow/.local/lib/python3.6/site-packages/airflow/example_dags/example_trigger_target_dag.py took 0.109 seconds
[2024-08-10 23:02:54,840] {scheduler_job.py:182} INFO - Started process (PID=605) to work on /home/airflow/.local/lib/python3.6/site-packages/airflow/example_dags/example_trigger_target_dag.py
[2024-08-10 23:02:54,841] {scheduler_job.py:629} INFO - Processing file /home/airflow/.local/lib/python3.6/site-packages/airflow/example_dags/example_trigger_target_dag.py for tasks to queue
[2024-08-10 23:02:54,841] {logging_mixin.py:104} INFO - [2024-08-10 23:02:54,841] {dagbag.py:451} INFO - Filling up the DagBag from /home/airflow/.local/lib/python3.6/site-packages/airflow/example_dags/example_trigger_target_dag.py
[2024-08-10 23:02:54,848] {scheduler_job.py:639} INFO - DAG(s) dict_keys(['example_trigger_target_dag']) retrieved from /home/airflow/.local/lib/python3.6/site-packages/airflow/example_dags/example_trigger_target_dag.py
[2024-08-10 23:02:54,908] {logging_mixin.py:104} INFO - [2024-08-10 23:02:54,907] {dag.py:1824} INFO - Sync 1 DAGs
[2024-08-10 23:02:54,924] {logging_mixin.py:104} INFO - [2024-08-10 23:02:54,924] {dag.py:2280} INFO - Setting next_dagrun for example_trigger_target_dag to None
[2024-08-10 23:02:54,936] {scheduler_job.py:190} INFO - Processing /home/airflow/.local/lib/python3.6/site-packages/airflow/example_dags/example_trigger_target_dag.py took 0.098 seconds
[2024-08-10 23:14:09,167] {scheduler_job.py:182} INFO - Started process (PID=634) to work on /home/airflow/.local/lib/python3.6/site-packages/airflow/example_dags/example_trigger_target_dag.py
[2024-08-10 23:14:09,172] {scheduler_job.py:629} INFO - Processing file /home/airflow/.local/lib/python3.6/site-packages/airflow/example_dags/example_trigger_target_dag.py for tasks to queue
[2024-08-10 23:14:09,173] {logging_mixin.py:104} INFO - [2024-08-10 23:14:09,173] {dagbag.py:451} INFO - Filling up the DagBag from /home/airflow/.local/lib/python3.6/site-packages/airflow/example_dags/example_trigger_target_dag.py
[2024-08-10 23:14:09,182] {scheduler_job.py:639} INFO - DAG(s) dict_keys(['example_trigger_target_dag']) retrieved from /home/airflow/.local/lib/python3.6/site-packages/airflow/example_dags/example_trigger_target_dag.py
[2024-08-10 23:14:09,245] {logging_mixin.py:104} INFO - [2024-08-10 23:14:09,245] {dag.py:1824} INFO - Sync 1 DAGs
[2024-08-10 23:14:09,263] {logging_mixin.py:104} INFO - [2024-08-10 23:14:09,263] {dag.py:2280} INFO - Setting next_dagrun for example_trigger_target_dag to None
[2024-08-10 23:14:09,276] {scheduler_job.py:190} INFO - Processing /home/airflow/.local/lib/python3.6/site-packages/airflow/example_dags/example_trigger_target_dag.py took 0.111 seconds
[2024-08-10 23:14:39,589] {scheduler_job.py:182} INFO - Started process (PID=656) to work on /home/airflow/.local/lib/python3.6/site-packages/airflow/example_dags/example_trigger_target_dag.py
[2024-08-10 23:14:39,591] {scheduler_job.py:629} INFO - Processing file /home/airflow/.local/lib/python3.6/site-packages/airflow/example_dags/example_trigger_target_dag.py for tasks to queue
[2024-08-10 23:14:39,591] {logging_mixin.py:104} INFO - [2024-08-10 23:14:39,591] {dagbag.py:451} INFO - Filling up the DagBag from /home/airflow/.local/lib/python3.6/site-packages/airflow/example_dags/example_trigger_target_dag.py
[2024-08-10 23:14:39,597] {scheduler_job.py:639} INFO - DAG(s) dict_keys(['example_trigger_target_dag']) retrieved from /home/airflow/.local/lib/python3.6/site-packages/airflow/example_dags/example_trigger_target_dag.py
[2024-08-10 23:14:39,654] {logging_mixin.py:104} INFO - [2024-08-10 23:14:39,654] {dag.py:1824} INFO - Sync 1 DAGs
[2024-08-10 23:14:39,669] {logging_mixin.py:104} INFO - [2024-08-10 23:14:39,669] {dag.py:2280} INFO - Setting next_dagrun for example_trigger_target_dag to None
[2024-08-10 23:14:39,680] {scheduler_job.py:190} INFO - Processing /home/airflow/.local/lib/python3.6/site-packages/airflow/example_dags/example_trigger_target_dag.py took 0.093 seconds
