[2024-08-10 00:13:03,498] {scheduler_job.py:182} INFO - Started process (PID=60877) to work on /home/airflow/.local/lib/python3.6/site-packages/airflow/example_dags/example_branch_python_dop_operator_3.py
[2024-08-10 00:13:03,499] {scheduler_job.py:629} INFO - Processing file /home/airflow/.local/lib/python3.6/site-packages/airflow/example_dags/example_branch_python_dop_operator_3.py for tasks to queue
[2024-08-10 00:13:03,500] {logging_mixin.py:104} INFO - [2024-08-10 00:13:03,500] {dagbag.py:451} INFO - Filling up the DagBag from /home/airflow/.local/lib/python3.6/site-packages/airflow/example_dags/example_branch_python_dop_operator_3.py
[2024-08-10 00:13:03,513] {scheduler_job.py:639} INFO - DAG(s) dict_keys(['example_branch_dop_operator_v3']) retrieved from /home/airflow/.local/lib/python3.6/site-packages/airflow/example_dags/example_branch_python_dop_operator_3.py
[2024-08-10 00:13:03,588] {logging_mixin.py:104} INFO - [2024-08-10 00:13:03,588] {dag.py:1824} INFO - Sync 1 DAGs
[2024-08-10 00:13:03,625] {logging_mixin.py:104} INFO - [2024-08-10 00:13:03,624] {dag.py:2280} INFO - Setting next_dagrun for example_branch_dop_operator_v3 to 2024-08-08 00:00:00+00:00
[2024-08-10 00:13:03,647] {scheduler_job.py:190} INFO - Processing /home/airflow/.local/lib/python3.6/site-packages/airflow/example_dags/example_branch_python_dop_operator_3.py took 0.152 seconds
[2024-08-10 00:13:33,740] {scheduler_job.py:182} INFO - Started process (PID=60906) to work on /home/airflow/.local/lib/python3.6/site-packages/airflow/example_dags/example_branch_python_dop_operator_3.py
[2024-08-10 00:13:33,741] {scheduler_job.py:629} INFO - Processing file /home/airflow/.local/lib/python3.6/site-packages/airflow/example_dags/example_branch_python_dop_operator_3.py for tasks to queue
[2024-08-10 00:13:33,741] {logging_mixin.py:104} INFO - [2024-08-10 00:13:33,741] {dagbag.py:451} INFO - Filling up the DagBag from /home/airflow/.local/lib/python3.6/site-packages/airflow/example_dags/example_branch_python_dop_operator_3.py
[2024-08-10 00:13:33,749] {scheduler_job.py:639} INFO - DAG(s) dict_keys(['example_branch_dop_operator_v3']) retrieved from /home/airflow/.local/lib/python3.6/site-packages/airflow/example_dags/example_branch_python_dop_operator_3.py
[2024-08-10 00:13:33,805] {logging_mixin.py:104} INFO - [2024-08-10 00:13:33,805] {dag.py:1824} INFO - Sync 1 DAGs
[2024-08-10 00:13:33,828] {logging_mixin.py:104} INFO - [2024-08-10 00:13:33,828] {dag.py:2280} INFO - Setting next_dagrun for example_branch_dop_operator_v3 to 2024-08-08 00:00:00+00:00
[2024-08-10 00:13:33,838] {scheduler_job.py:190} INFO - Processing /home/airflow/.local/lib/python3.6/site-packages/airflow/example_dags/example_branch_python_dop_operator_3.py took 0.100 seconds
[2024-08-10 01:03:32,920] {scheduler_job.py:182} INFO - Started process (PID=60935) to work on /home/airflow/.local/lib/python3.6/site-packages/airflow/example_dags/example_branch_python_dop_operator_3.py
[2024-08-10 01:03:32,924] {scheduler_job.py:629} INFO - Processing file /home/airflow/.local/lib/python3.6/site-packages/airflow/example_dags/example_branch_python_dop_operator_3.py for tasks to queue
[2024-08-10 01:03:32,924] {logging_mixin.py:104} INFO - [2024-08-10 01:03:32,924] {dagbag.py:451} INFO - Filling up the DagBag from /home/airflow/.local/lib/python3.6/site-packages/airflow/example_dags/example_branch_python_dop_operator_3.py
[2024-08-10 01:03:32,932] {scheduler_job.py:639} INFO - DAG(s) dict_keys(['example_branch_dop_operator_v3']) retrieved from /home/airflow/.local/lib/python3.6/site-packages/airflow/example_dags/example_branch_python_dop_operator_3.py
[2024-08-10 01:03:32,988] {logging_mixin.py:104} INFO - [2024-08-10 01:03:32,988] {dag.py:1824} INFO - Sync 1 DAGs
[2024-08-10 01:03:33,014] {logging_mixin.py:104} INFO - [2024-08-10 01:03:33,013] {dag.py:2280} INFO - Setting next_dagrun for example_branch_dop_operator_v3 to 2024-08-08 00:00:00+00:00
[2024-08-10 01:03:33,025] {scheduler_job.py:190} INFO - Processing /home/airflow/.local/lib/python3.6/site-packages/airflow/example_dags/example_branch_python_dop_operator_3.py took 0.107 seconds
[2024-08-10 01:14:29,814] {scheduler_job.py:182} INFO - Started process (PID=60964) to work on /home/airflow/.local/lib/python3.6/site-packages/airflow/example_dags/example_branch_python_dop_operator_3.py
[2024-08-10 01:14:29,819] {scheduler_job.py:629} INFO - Processing file /home/airflow/.local/lib/python3.6/site-packages/airflow/example_dags/example_branch_python_dop_operator_3.py for tasks to queue
[2024-08-10 01:14:29,820] {logging_mixin.py:104} INFO - [2024-08-10 01:14:29,820] {dagbag.py:451} INFO - Filling up the DagBag from /home/airflow/.local/lib/python3.6/site-packages/airflow/example_dags/example_branch_python_dop_operator_3.py
[2024-08-10 01:14:29,832] {scheduler_job.py:639} INFO - DAG(s) dict_keys(['example_branch_dop_operator_v3']) retrieved from /home/airflow/.local/lib/python3.6/site-packages/airflow/example_dags/example_branch_python_dop_operator_3.py
[2024-08-10 01:14:29,898] {logging_mixin.py:104} INFO - [2024-08-10 01:14:29,898] {dag.py:1824} INFO - Sync 1 DAGs
[2024-08-10 01:14:29,934] {logging_mixin.py:104} INFO - [2024-08-10 01:14:29,934] {dag.py:2280} INFO - Setting next_dagrun for example_branch_dop_operator_v3 to 2024-08-08 00:00:00+00:00
[2024-08-10 01:14:29,950] {scheduler_job.py:190} INFO - Processing /home/airflow/.local/lib/python3.6/site-packages/airflow/example_dags/example_branch_python_dop_operator_3.py took 0.142 seconds
[2024-08-10 01:47:57,618] {scheduler_job.py:182} INFO - Started process (PID=60993) to work on /home/airflow/.local/lib/python3.6/site-packages/airflow/example_dags/example_branch_python_dop_operator_3.py
[2024-08-10 01:47:57,623] {scheduler_job.py:629} INFO - Processing file /home/airflow/.local/lib/python3.6/site-packages/airflow/example_dags/example_branch_python_dop_operator_3.py for tasks to queue
[2024-08-10 01:47:57,625] {logging_mixin.py:104} INFO - [2024-08-10 01:47:57,625] {dagbag.py:451} INFO - Filling up the DagBag from /home/airflow/.local/lib/python3.6/site-packages/airflow/example_dags/example_branch_python_dop_operator_3.py
[2024-08-10 01:47:57,634] {scheduler_job.py:639} INFO - DAG(s) dict_keys(['example_branch_dop_operator_v3']) retrieved from /home/airflow/.local/lib/python3.6/site-packages/airflow/example_dags/example_branch_python_dop_operator_3.py
[2024-08-10 01:47:57,691] {logging_mixin.py:104} INFO - [2024-08-10 01:47:57,691] {dag.py:1824} INFO - Sync 1 DAGs
[2024-08-10 01:47:57,717] {logging_mixin.py:104} INFO - [2024-08-10 01:47:57,717] {dag.py:2280} INFO - Setting next_dagrun for example_branch_dop_operator_v3 to 2024-08-08 00:00:00+00:00
[2024-08-10 01:47:57,731] {scheduler_job.py:190} INFO - Processing /home/airflow/.local/lib/python3.6/site-packages/airflow/example_dags/example_branch_python_dop_operator_3.py took 0.115 seconds
[2024-08-10 02:15:26,571] {scheduler_job.py:182} INFO - Started process (PID=61022) to work on /home/airflow/.local/lib/python3.6/site-packages/airflow/example_dags/example_branch_python_dop_operator_3.py
[2024-08-10 02:15:26,573] {scheduler_job.py:629} INFO - Processing file /home/airflow/.local/lib/python3.6/site-packages/airflow/example_dags/example_branch_python_dop_operator_3.py for tasks to queue
[2024-08-10 02:15:26,577] {logging_mixin.py:104} INFO - [2024-08-10 02:15:26,577] {dagbag.py:451} INFO - Filling up the DagBag from /home/airflow/.local/lib/python3.6/site-packages/airflow/example_dags/example_branch_python_dop_operator_3.py
[2024-08-10 02:15:26,590] {scheduler_job.py:639} INFO - DAG(s) dict_keys(['example_branch_dop_operator_v3']) retrieved from /home/airflow/.local/lib/python3.6/site-packages/airflow/example_dags/example_branch_python_dop_operator_3.py
[2024-08-10 02:15:26,654] {logging_mixin.py:104} INFO - [2024-08-10 02:15:26,654] {dag.py:1824} INFO - Sync 1 DAGs
[2024-08-10 02:15:26,681] {logging_mixin.py:104} INFO - [2024-08-10 02:15:26,681] {dag.py:2280} INFO - Setting next_dagrun for example_branch_dop_operator_v3 to 2024-08-08 00:00:00+00:00
[2024-08-10 02:15:26,692] {scheduler_job.py:190} INFO - Processing /home/airflow/.local/lib/python3.6/site-packages/airflow/example_dags/example_branch_python_dop_operator_3.py took 0.124 seconds
[2024-08-10 02:21:40,184] {scheduler_job.py:182} INFO - Started process (PID=61051) to work on /home/airflow/.local/lib/python3.6/site-packages/airflow/example_dags/example_branch_python_dop_operator_3.py
[2024-08-10 02:21:40,187] {scheduler_job.py:629} INFO - Processing file /home/airflow/.local/lib/python3.6/site-packages/airflow/example_dags/example_branch_python_dop_operator_3.py for tasks to queue
[2024-08-10 02:21:40,187] {logging_mixin.py:104} INFO - [2024-08-10 02:21:40,187] {dagbag.py:451} INFO - Filling up the DagBag from /home/airflow/.local/lib/python3.6/site-packages/airflow/example_dags/example_branch_python_dop_operator_3.py
[2024-08-10 02:21:40,196] {scheduler_job.py:639} INFO - DAG(s) dict_keys(['example_branch_dop_operator_v3']) retrieved from /home/airflow/.local/lib/python3.6/site-packages/airflow/example_dags/example_branch_python_dop_operator_3.py
[2024-08-10 02:21:40,253] {logging_mixin.py:104} INFO - [2024-08-10 02:21:40,253] {dag.py:1824} INFO - Sync 1 DAGs
[2024-08-10 02:21:40,279] {logging_mixin.py:104} INFO - [2024-08-10 02:21:40,279] {dag.py:2280} INFO - Setting next_dagrun for example_branch_dop_operator_v3 to 2024-08-08 00:00:00+00:00
[2024-08-10 02:21:40,290] {scheduler_job.py:190} INFO - Processing /home/airflow/.local/lib/python3.6/site-packages/airflow/example_dags/example_branch_python_dop_operator_3.py took 0.108 seconds
[2024-08-10 02:22:11,366] {scheduler_job.py:182} INFO - Started process (PID=61081) to work on /home/airflow/.local/lib/python3.6/site-packages/airflow/example_dags/example_branch_python_dop_operator_3.py
[2024-08-10 02:22:11,366] {scheduler_job.py:629} INFO - Processing file /home/airflow/.local/lib/python3.6/site-packages/airflow/example_dags/example_branch_python_dop_operator_3.py for tasks to queue
[2024-08-10 02:22:11,367] {logging_mixin.py:104} INFO - [2024-08-10 02:22:11,367] {dagbag.py:451} INFO - Filling up the DagBag from /home/airflow/.local/lib/python3.6/site-packages/airflow/example_dags/example_branch_python_dop_operator_3.py
[2024-08-10 02:22:11,375] {scheduler_job.py:639} INFO - DAG(s) dict_keys(['example_branch_dop_operator_v3']) retrieved from /home/airflow/.local/lib/python3.6/site-packages/airflow/example_dags/example_branch_python_dop_operator_3.py
[2024-08-10 02:22:11,433] {logging_mixin.py:104} INFO - [2024-08-10 02:22:11,433] {dag.py:1824} INFO - Sync 1 DAGs
[2024-08-10 02:22:11,458] {logging_mixin.py:104} INFO - [2024-08-10 02:22:11,458] {dag.py:2280} INFO - Setting next_dagrun for example_branch_dop_operator_v3 to 2024-08-08 00:00:00+00:00
[2024-08-10 02:22:11,469] {scheduler_job.py:190} INFO - Processing /home/airflow/.local/lib/python3.6/site-packages/airflow/example_dags/example_branch_python_dop_operator_3.py took 0.105 seconds
[2024-08-10 03:16:05,398] {scheduler_job.py:182} INFO - Started process (PID=61109) to work on /home/airflow/.local/lib/python3.6/site-packages/airflow/example_dags/example_branch_python_dop_operator_3.py
[2024-08-10 03:16:05,400] {scheduler_job.py:629} INFO - Processing file /home/airflow/.local/lib/python3.6/site-packages/airflow/example_dags/example_branch_python_dop_operator_3.py for tasks to queue
[2024-08-10 03:16:05,401] {logging_mixin.py:104} INFO - [2024-08-10 03:16:05,401] {dagbag.py:451} INFO - Filling up the DagBag from /home/airflow/.local/lib/python3.6/site-packages/airflow/example_dags/example_branch_python_dop_operator_3.py
[2024-08-10 03:16:05,411] {scheduler_job.py:639} INFO - DAG(s) dict_keys(['example_branch_dop_operator_v3']) retrieved from /home/airflow/.local/lib/python3.6/site-packages/airflow/example_dags/example_branch_python_dop_operator_3.py
[2024-08-10 03:16:05,482] {logging_mixin.py:104} INFO - [2024-08-10 03:16:05,481] {dag.py:1824} INFO - Sync 1 DAGs
[2024-08-10 03:16:05,511] {logging_mixin.py:104} INFO - [2024-08-10 03:16:05,511] {dag.py:2280} INFO - Setting next_dagrun for example_branch_dop_operator_v3 to 2024-08-08 00:00:00+00:00
[2024-08-10 03:16:05,531] {scheduler_job.py:190} INFO - Processing /home/airflow/.local/lib/python3.6/site-packages/airflow/example_dags/example_branch_python_dop_operator_3.py took 0.136 seconds
[2024-08-10 03:16:35,638] {scheduler_job.py:182} INFO - Started process (PID=61139) to work on /home/airflow/.local/lib/python3.6/site-packages/airflow/example_dags/example_branch_python_dop_operator_3.py
[2024-08-10 03:16:35,638] {scheduler_job.py:629} INFO - Processing file /home/airflow/.local/lib/python3.6/site-packages/airflow/example_dags/example_branch_python_dop_operator_3.py for tasks to queue
[2024-08-10 03:16:35,639] {logging_mixin.py:104} INFO - [2024-08-10 03:16:35,639] {dagbag.py:451} INFO - Filling up the DagBag from /home/airflow/.local/lib/python3.6/site-packages/airflow/example_dags/example_branch_python_dop_operator_3.py
[2024-08-10 03:16:35,647] {scheduler_job.py:639} INFO - DAG(s) dict_keys(['example_branch_dop_operator_v3']) retrieved from /home/airflow/.local/lib/python3.6/site-packages/airflow/example_dags/example_branch_python_dop_operator_3.py
[2024-08-10 03:16:35,702] {logging_mixin.py:104} INFO - [2024-08-10 03:16:35,702] {dag.py:1824} INFO - Sync 1 DAGs
[2024-08-10 03:16:35,725] {logging_mixin.py:104} INFO - [2024-08-10 03:16:35,725] {dag.py:2280} INFO - Setting next_dagrun for example_branch_dop_operator_v3 to 2024-08-08 00:00:00+00:00
[2024-08-10 03:16:35,735] {scheduler_job.py:190} INFO - Processing /home/airflow/.local/lib/python3.6/site-packages/airflow/example_dags/example_branch_python_dop_operator_3.py took 0.099 seconds
[2024-08-10 04:06:30,142] {scheduler_job.py:182} INFO - Started process (PID=61167) to work on /home/airflow/.local/lib/python3.6/site-packages/airflow/example_dags/example_branch_python_dop_operator_3.py
[2024-08-10 04:06:30,143] {scheduler_job.py:629} INFO - Processing file /home/airflow/.local/lib/python3.6/site-packages/airflow/example_dags/example_branch_python_dop_operator_3.py for tasks to queue
[2024-08-10 04:06:30,144] {logging_mixin.py:104} INFO - [2024-08-10 04:06:30,144] {dagbag.py:451} INFO - Filling up the DagBag from /home/airflow/.local/lib/python3.6/site-packages/airflow/example_dags/example_branch_python_dop_operator_3.py
[2024-08-10 04:06:30,152] {scheduler_job.py:639} INFO - DAG(s) dict_keys(['example_branch_dop_operator_v3']) retrieved from /home/airflow/.local/lib/python3.6/site-packages/airflow/example_dags/example_branch_python_dop_operator_3.py
[2024-08-10 04:06:30,212] {logging_mixin.py:104} INFO - [2024-08-10 04:06:30,212] {dag.py:1824} INFO - Sync 1 DAGs
[2024-08-10 04:06:30,239] {logging_mixin.py:104} INFO - [2024-08-10 04:06:30,239] {dag.py:2280} INFO - Setting next_dagrun for example_branch_dop_operator_v3 to 2024-08-08 00:00:00+00:00
[2024-08-10 04:06:30,250] {scheduler_job.py:190} INFO - Processing /home/airflow/.local/lib/python3.6/site-packages/airflow/example_dags/example_branch_python_dop_operator_3.py took 0.110 seconds
[2024-08-10 04:17:31,827] {scheduler_job.py:182} INFO - Started process (PID=61196) to work on /home/airflow/.local/lib/python3.6/site-packages/airflow/example_dags/example_branch_python_dop_operator_3.py
[2024-08-10 04:17:31,828] {scheduler_job.py:629} INFO - Processing file /home/airflow/.local/lib/python3.6/site-packages/airflow/example_dags/example_branch_python_dop_operator_3.py for tasks to queue
[2024-08-10 04:17:31,829] {logging_mixin.py:104} INFO - [2024-08-10 04:17:31,829] {dagbag.py:451} INFO - Filling up the DagBag from /home/airflow/.local/lib/python3.6/site-packages/airflow/example_dags/example_branch_python_dop_operator_3.py
[2024-08-10 04:17:31,840] {scheduler_job.py:639} INFO - DAG(s) dict_keys(['example_branch_dop_operator_v3']) retrieved from /home/airflow/.local/lib/python3.6/site-packages/airflow/example_dags/example_branch_python_dop_operator_3.py
[2024-08-10 04:17:31,907] {logging_mixin.py:104} INFO - [2024-08-10 04:17:31,907] {dag.py:1824} INFO - Sync 1 DAGs
[2024-08-10 04:17:31,938] {logging_mixin.py:104} INFO - [2024-08-10 04:17:31,938] {dag.py:2280} INFO - Setting next_dagrun for example_branch_dop_operator_v3 to 2024-08-08 00:00:00+00:00
[2024-08-10 04:17:31,952] {scheduler_job.py:190} INFO - Processing /home/airflow/.local/lib/python3.6/site-packages/airflow/example_dags/example_branch_python_dop_operator_3.py took 0.127 seconds
[2024-08-10 05:08:47,028] {scheduler_job.py:182} INFO - Started process (PID=61225) to work on /home/airflow/.local/lib/python3.6/site-packages/airflow/example_dags/example_branch_python_dop_operator_3.py
[2024-08-10 05:08:47,029] {scheduler_job.py:629} INFO - Processing file /home/airflow/.local/lib/python3.6/site-packages/airflow/example_dags/example_branch_python_dop_operator_3.py for tasks to queue
[2024-08-10 05:08:47,030] {logging_mixin.py:104} INFO - [2024-08-10 05:08:47,030] {dagbag.py:451} INFO - Filling up the DagBag from /home/airflow/.local/lib/python3.6/site-packages/airflow/example_dags/example_branch_python_dop_operator_3.py
[2024-08-10 05:08:47,040] {scheduler_job.py:639} INFO - DAG(s) dict_keys(['example_branch_dop_operator_v3']) retrieved from /home/airflow/.local/lib/python3.6/site-packages/airflow/example_dags/example_branch_python_dop_operator_3.py
[2024-08-10 05:08:47,107] {logging_mixin.py:104} INFO - [2024-08-10 05:08:47,107] {dag.py:1824} INFO - Sync 1 DAGs
[2024-08-10 05:08:47,139] {logging_mixin.py:104} INFO - [2024-08-10 05:08:47,139] {dag.py:2280} INFO - Setting next_dagrun for example_branch_dop_operator_v3 to 2024-08-08 00:00:00+00:00
[2024-08-10 05:08:47,158] {scheduler_job.py:190} INFO - Processing /home/airflow/.local/lib/python3.6/site-packages/airflow/example_dags/example_branch_python_dop_operator_3.py took 0.131 seconds
[2024-08-10 05:18:28,920] {scheduler_job.py:182} INFO - Started process (PID=61254) to work on /home/airflow/.local/lib/python3.6/site-packages/airflow/example_dags/example_branch_python_dop_operator_3.py
[2024-08-10 05:18:28,922] {scheduler_job.py:629} INFO - Processing file /home/airflow/.local/lib/python3.6/site-packages/airflow/example_dags/example_branch_python_dop_operator_3.py for tasks to queue
[2024-08-10 05:18:28,922] {logging_mixin.py:104} INFO - [2024-08-10 05:18:28,922] {dagbag.py:451} INFO - Filling up the DagBag from /home/airflow/.local/lib/python3.6/site-packages/airflow/example_dags/example_branch_python_dop_operator_3.py
[2024-08-10 05:18:28,935] {scheduler_job.py:639} INFO - DAG(s) dict_keys(['example_branch_dop_operator_v3']) retrieved from /home/airflow/.local/lib/python3.6/site-packages/airflow/example_dags/example_branch_python_dop_operator_3.py
[2024-08-10 05:18:29,020] {logging_mixin.py:104} INFO - [2024-08-10 05:18:29,020] {dag.py:1824} INFO - Sync 1 DAGs
[2024-08-10 05:18:29,053] {logging_mixin.py:104} INFO - [2024-08-10 05:18:29,053] {dag.py:2280} INFO - Setting next_dagrun for example_branch_dop_operator_v3 to 2024-08-08 00:00:00+00:00
[2024-08-10 05:18:29,067] {scheduler_job.py:190} INFO - Processing /home/airflow/.local/lib/python3.6/site-packages/airflow/example_dags/example_branch_python_dop_operator_3.py took 0.149 seconds
[2024-08-10 05:52:10,680] {scheduler_job.py:182} INFO - Started process (PID=61283) to work on /home/airflow/.local/lib/python3.6/site-packages/airflow/example_dags/example_branch_python_dop_operator_3.py
[2024-08-10 05:52:10,681] {scheduler_job.py:629} INFO - Processing file /home/airflow/.local/lib/python3.6/site-packages/airflow/example_dags/example_branch_python_dop_operator_3.py for tasks to queue
[2024-08-10 05:52:10,682] {logging_mixin.py:104} INFO - [2024-08-10 05:52:10,682] {dagbag.py:451} INFO - Filling up the DagBag from /home/airflow/.local/lib/python3.6/site-packages/airflow/example_dags/example_branch_python_dop_operator_3.py
[2024-08-10 05:52:10,695] {scheduler_job.py:639} INFO - DAG(s) dict_keys(['example_branch_dop_operator_v3']) retrieved from /home/airflow/.local/lib/python3.6/site-packages/airflow/example_dags/example_branch_python_dop_operator_3.py
[2024-08-10 05:52:10,768] {logging_mixin.py:104} INFO - [2024-08-10 05:52:10,768] {dag.py:1824} INFO - Sync 1 DAGs
[2024-08-10 05:52:10,802] {logging_mixin.py:104} INFO - [2024-08-10 05:52:10,802] {dag.py:2280} INFO - Setting next_dagrun for example_branch_dop_operator_v3 to 2024-08-08 00:00:00+00:00
[2024-08-10 05:52:10,823] {scheduler_job.py:190} INFO - Processing /home/airflow/.local/lib/python3.6/site-packages/airflow/example_dags/example_branch_python_dop_operator_3.py took 0.145 seconds
[2024-08-10 06:01:20,280] {scheduler_job.py:182} INFO - Started process (PID=61312) to work on /home/airflow/.local/lib/python3.6/site-packages/airflow/example_dags/example_branch_python_dop_operator_3.py
[2024-08-10 06:01:20,283] {scheduler_job.py:629} INFO - Processing file /home/airflow/.local/lib/python3.6/site-packages/airflow/example_dags/example_branch_python_dop_operator_3.py for tasks to queue
[2024-08-10 06:01:20,283] {logging_mixin.py:104} INFO - [2024-08-10 06:01:20,283] {dagbag.py:451} INFO - Filling up the DagBag from /home/airflow/.local/lib/python3.6/site-packages/airflow/example_dags/example_branch_python_dop_operator_3.py
[2024-08-10 06:01:20,291] {scheduler_job.py:639} INFO - DAG(s) dict_keys(['example_branch_dop_operator_v3']) retrieved from /home/airflow/.local/lib/python3.6/site-packages/airflow/example_dags/example_branch_python_dop_operator_3.py
[2024-08-10 06:01:20,348] {logging_mixin.py:104} INFO - [2024-08-10 06:01:20,348] {dag.py:1824} INFO - Sync 1 DAGs
[2024-08-10 06:01:20,372] {logging_mixin.py:104} INFO - [2024-08-10 06:01:20,372] {dag.py:2280} INFO - Setting next_dagrun for example_branch_dop_operator_v3 to 2024-08-08 00:00:00+00:00
[2024-08-10 06:01:20,386] {scheduler_job.py:190} INFO - Processing /home/airflow/.local/lib/python3.6/site-packages/airflow/example_dags/example_branch_python_dop_operator_3.py took 0.108 seconds
[2024-08-10 06:09:12,063] {scheduler_job.py:182} INFO - Started process (PID=61341) to work on /home/airflow/.local/lib/python3.6/site-packages/airflow/example_dags/example_branch_python_dop_operator_3.py
[2024-08-10 06:09:12,064] {scheduler_job.py:629} INFO - Processing file /home/airflow/.local/lib/python3.6/site-packages/airflow/example_dags/example_branch_python_dop_operator_3.py for tasks to queue
[2024-08-10 06:09:12,066] {logging_mixin.py:104} INFO - [2024-08-10 06:09:12,066] {dagbag.py:451} INFO - Filling up the DagBag from /home/airflow/.local/lib/python3.6/site-packages/airflow/example_dags/example_branch_python_dop_operator_3.py
[2024-08-10 06:09:12,074] {scheduler_job.py:639} INFO - DAG(s) dict_keys(['example_branch_dop_operator_v3']) retrieved from /home/airflow/.local/lib/python3.6/site-packages/airflow/example_dags/example_branch_python_dop_operator_3.py
[2024-08-10 06:09:12,131] {logging_mixin.py:104} INFO - [2024-08-10 06:09:12,131] {dag.py:1824} INFO - Sync 1 DAGs
[2024-08-10 06:09:12,156] {logging_mixin.py:104} INFO - [2024-08-10 06:09:12,156] {dag.py:2280} INFO - Setting next_dagrun for example_branch_dop_operator_v3 to 2024-08-08 00:00:00+00:00
[2024-08-10 06:09:12,169] {scheduler_job.py:190} INFO - Processing /home/airflow/.local/lib/python3.6/site-packages/airflow/example_dags/example_branch_python_dop_operator_3.py took 0.107 seconds
[2024-08-10 06:09:43,199] {scheduler_job.py:182} INFO - Started process (PID=61371) to work on /home/airflow/.local/lib/python3.6/site-packages/airflow/example_dags/example_branch_python_dop_operator_3.py
[2024-08-10 06:09:43,200] {scheduler_job.py:629} INFO - Processing file /home/airflow/.local/lib/python3.6/site-packages/airflow/example_dags/example_branch_python_dop_operator_3.py for tasks to queue
[2024-08-10 06:09:43,203] {logging_mixin.py:104} INFO - [2024-08-10 06:09:43,203] {dagbag.py:451} INFO - Filling up the DagBag from /home/airflow/.local/lib/python3.6/site-packages/airflow/example_dags/example_branch_python_dop_operator_3.py
[2024-08-10 06:09:43,211] {scheduler_job.py:639} INFO - DAG(s) dict_keys(['example_branch_dop_operator_v3']) retrieved from /home/airflow/.local/lib/python3.6/site-packages/airflow/example_dags/example_branch_python_dop_operator_3.py
[2024-08-10 06:09:43,267] {logging_mixin.py:104} INFO - [2024-08-10 06:09:43,267] {dag.py:1824} INFO - Sync 1 DAGs
[2024-08-10 06:09:43,292] {logging_mixin.py:104} INFO - [2024-08-10 06:09:43,292] {dag.py:2280} INFO - Setting next_dagrun for example_branch_dop_operator_v3 to 2024-08-08 00:00:00+00:00
[2024-08-10 06:09:43,304] {scheduler_job.py:190} INFO - Processing /home/airflow/.local/lib/python3.6/site-packages/airflow/example_dags/example_branch_python_dop_operator_3.py took 0.106 seconds
[2024-08-10 06:19:26,101] {scheduler_job.py:182} INFO - Started process (PID=61399) to work on /home/airflow/.local/lib/python3.6/site-packages/airflow/example_dags/example_branch_python_dop_operator_3.py
[2024-08-10 06:19:26,101] {scheduler_job.py:629} INFO - Processing file /home/airflow/.local/lib/python3.6/site-packages/airflow/example_dags/example_branch_python_dop_operator_3.py for tasks to queue
[2024-08-10 06:19:26,102] {logging_mixin.py:104} INFO - [2024-08-10 06:19:26,102] {dagbag.py:451} INFO - Filling up the DagBag from /home/airflow/.local/lib/python3.6/site-packages/airflow/example_dags/example_branch_python_dop_operator_3.py
[2024-08-10 06:19:26,112] {scheduler_job.py:639} INFO - DAG(s) dict_keys(['example_branch_dop_operator_v3']) retrieved from /home/airflow/.local/lib/python3.6/site-packages/airflow/example_dags/example_branch_python_dop_operator_3.py
[2024-08-10 06:19:26,170] {logging_mixin.py:104} INFO - [2024-08-10 06:19:26,170] {dag.py:1824} INFO - Sync 1 DAGs
[2024-08-10 06:19:26,195] {logging_mixin.py:104} INFO - [2024-08-10 06:19:26,195] {dag.py:2280} INFO - Setting next_dagrun for example_branch_dop_operator_v3 to 2024-08-08 00:00:00+00:00
[2024-08-10 06:19:26,207] {scheduler_job.py:190} INFO - Processing /home/airflow/.local/lib/python3.6/site-packages/airflow/example_dags/example_branch_python_dop_operator_3.py took 0.108 seconds
[2024-08-10 06:53:14,826] {scheduler_job.py:182} INFO - Started process (PID=61428) to work on /home/airflow/.local/lib/python3.6/site-packages/airflow/example_dags/example_branch_python_dop_operator_3.py
[2024-08-10 06:53:14,827] {scheduler_job.py:629} INFO - Processing file /home/airflow/.local/lib/python3.6/site-packages/airflow/example_dags/example_branch_python_dop_operator_3.py for tasks to queue
[2024-08-10 06:53:14,827] {logging_mixin.py:104} INFO - [2024-08-10 06:53:14,827] {dagbag.py:451} INFO - Filling up the DagBag from /home/airflow/.local/lib/python3.6/site-packages/airflow/example_dags/example_branch_python_dop_operator_3.py
[2024-08-10 06:53:14,836] {scheduler_job.py:639} INFO - DAG(s) dict_keys(['example_branch_dop_operator_v3']) retrieved from /home/airflow/.local/lib/python3.6/site-packages/airflow/example_dags/example_branch_python_dop_operator_3.py
[2024-08-10 06:53:14,893] {logging_mixin.py:104} INFO - [2024-08-10 06:53:14,893] {dag.py:1824} INFO - Sync 1 DAGs
[2024-08-10 06:53:14,919] {logging_mixin.py:104} INFO - [2024-08-10 06:53:14,918] {dag.py:2280} INFO - Setting next_dagrun for example_branch_dop_operator_v3 to 2024-08-08 00:00:00+00:00
[2024-08-10 06:53:14,929] {scheduler_job.py:190} INFO - Processing /home/airflow/.local/lib/python3.6/site-packages/airflow/example_dags/example_branch_python_dop_operator_3.py took 0.105 seconds
[2024-08-10 07:20:23,405] {scheduler_job.py:182} INFO - Started process (PID=61457) to work on /home/airflow/.local/lib/python3.6/site-packages/airflow/example_dags/example_branch_python_dop_operator_3.py
[2024-08-10 07:20:23,406] {scheduler_job.py:629} INFO - Processing file /home/airflow/.local/lib/python3.6/site-packages/airflow/example_dags/example_branch_python_dop_operator_3.py for tasks to queue
[2024-08-10 07:20:23,407] {logging_mixin.py:104} INFO - [2024-08-10 07:20:23,407] {dagbag.py:451} INFO - Filling up the DagBag from /home/airflow/.local/lib/python3.6/site-packages/airflow/example_dags/example_branch_python_dop_operator_3.py
[2024-08-10 07:20:23,418] {scheduler_job.py:639} INFO - DAG(s) dict_keys(['example_branch_dop_operator_v3']) retrieved from /home/airflow/.local/lib/python3.6/site-packages/airflow/example_dags/example_branch_python_dop_operator_3.py
[2024-08-10 07:20:23,479] {logging_mixin.py:104} INFO - [2024-08-10 07:20:23,479] {dag.py:1824} INFO - Sync 1 DAGs
[2024-08-10 07:20:23,507] {logging_mixin.py:104} INFO - [2024-08-10 07:20:23,507] {dag.py:2280} INFO - Setting next_dagrun for example_branch_dop_operator_v3 to 2024-08-08 00:00:00+00:00
[2024-08-10 07:20:23,519] {scheduler_job.py:190} INFO - Processing /home/airflow/.local/lib/python3.6/site-packages/airflow/example_dags/example_branch_python_dop_operator_3.py took 0.117 seconds
[2024-08-10 07:36:31,624] {scheduler_job.py:182} INFO - Started process (PID=61486) to work on /home/airflow/.local/lib/python3.6/site-packages/airflow/example_dags/example_branch_python_dop_operator_3.py
[2024-08-10 07:36:31,625] {scheduler_job.py:629} INFO - Processing file /home/airflow/.local/lib/python3.6/site-packages/airflow/example_dags/example_branch_python_dop_operator_3.py for tasks to queue
[2024-08-10 07:36:31,626] {logging_mixin.py:104} INFO - [2024-08-10 07:36:31,626] {dagbag.py:451} INFO - Filling up the DagBag from /home/airflow/.local/lib/python3.6/site-packages/airflow/example_dags/example_branch_python_dop_operator_3.py
[2024-08-10 07:36:31,635] {scheduler_job.py:639} INFO - DAG(s) dict_keys(['example_branch_dop_operator_v3']) retrieved from /home/airflow/.local/lib/python3.6/site-packages/airflow/example_dags/example_branch_python_dop_operator_3.py
[2024-08-10 07:36:31,696] {logging_mixin.py:104} INFO - [2024-08-10 07:36:31,696] {dag.py:1824} INFO - Sync 1 DAGs
[2024-08-10 07:36:31,724] {logging_mixin.py:104} INFO - [2024-08-10 07:36:31,724] {dag.py:2280} INFO - Setting next_dagrun for example_branch_dop_operator_v3 to 2024-08-08 00:00:00+00:00
[2024-08-10 07:36:31,739] {scheduler_job.py:190} INFO - Processing /home/airflow/.local/lib/python3.6/site-packages/airflow/example_dags/example_branch_python_dop_operator_3.py took 0.117 seconds
[2024-08-10 07:40:22,736] {scheduler_job.py:182} INFO - Started process (PID=61515) to work on /home/airflow/.local/lib/python3.6/site-packages/airflow/example_dags/example_branch_python_dop_operator_3.py
[2024-08-10 07:40:22,737] {scheduler_job.py:629} INFO - Processing file /home/airflow/.local/lib/python3.6/site-packages/airflow/example_dags/example_branch_python_dop_operator_3.py for tasks to queue
[2024-08-10 07:40:22,738] {logging_mixin.py:104} INFO - [2024-08-10 07:40:22,738] {dagbag.py:451} INFO - Filling up the DagBag from /home/airflow/.local/lib/python3.6/site-packages/airflow/example_dags/example_branch_python_dop_operator_3.py
[2024-08-10 07:40:22,759] {scheduler_job.py:639} INFO - DAG(s) dict_keys(['example_branch_dop_operator_v3']) retrieved from /home/airflow/.local/lib/python3.6/site-packages/airflow/example_dags/example_branch_python_dop_operator_3.py
[2024-08-10 07:40:22,828] {logging_mixin.py:104} INFO - [2024-08-10 07:40:22,828] {dag.py:1824} INFO - Sync 1 DAGs
[2024-08-10 07:40:22,869] {logging_mixin.py:104} INFO - [2024-08-10 07:40:22,868] {dag.py:2280} INFO - Setting next_dagrun for example_branch_dop_operator_v3 to 2024-08-08 00:00:00+00:00
[2024-08-10 07:40:22,885] {scheduler_job.py:190} INFO - Processing /home/airflow/.local/lib/python3.6/site-packages/airflow/example_dags/example_branch_python_dop_operator_3.py took 0.153 seconds
[2024-08-10 08:13:23,289] {scheduler_job.py:182} INFO - Started process (PID=61544) to work on /home/airflow/.local/lib/python3.6/site-packages/airflow/example_dags/example_branch_python_dop_operator_3.py
[2024-08-10 08:13:23,290] {scheduler_job.py:629} INFO - Processing file /home/airflow/.local/lib/python3.6/site-packages/airflow/example_dags/example_branch_python_dop_operator_3.py for tasks to queue
[2024-08-10 08:13:23,290] {logging_mixin.py:104} INFO - [2024-08-10 08:13:23,290] {dagbag.py:451} INFO - Filling up the DagBag from /home/airflow/.local/lib/python3.6/site-packages/airflow/example_dags/example_branch_python_dop_operator_3.py
[2024-08-10 08:13:23,303] {scheduler_job.py:639} INFO - DAG(s) dict_keys(['example_branch_dop_operator_v3']) retrieved from /home/airflow/.local/lib/python3.6/site-packages/airflow/example_dags/example_branch_python_dop_operator_3.py
[2024-08-10 08:13:23,371] {logging_mixin.py:104} INFO - [2024-08-10 08:13:23,371] {dag.py:1824} INFO - Sync 1 DAGs
[2024-08-10 08:13:23,406] {logging_mixin.py:104} INFO - [2024-08-10 08:13:23,406] {dag.py:2280} INFO - Setting next_dagrun for example_branch_dop_operator_v3 to 2024-08-08 00:00:00+00:00
[2024-08-10 08:13:23,425] {scheduler_job.py:190} INFO - Processing /home/airflow/.local/lib/python3.6/site-packages/airflow/example_dags/example_branch_python_dop_operator_3.py took 0.139 seconds
[2024-08-10 08:16:03,172] {scheduler_job.py:182} INFO - Started process (PID=61573) to work on /home/airflow/.local/lib/python3.6/site-packages/airflow/example_dags/example_branch_python_dop_operator_3.py
[2024-08-10 08:16:03,174] {scheduler_job.py:629} INFO - Processing file /home/airflow/.local/lib/python3.6/site-packages/airflow/example_dags/example_branch_python_dop_operator_3.py for tasks to queue
[2024-08-10 08:16:03,176] {logging_mixin.py:104} INFO - [2024-08-10 08:16:03,176] {dagbag.py:451} INFO - Filling up the DagBag from /home/airflow/.local/lib/python3.6/site-packages/airflow/example_dags/example_branch_python_dop_operator_3.py
[2024-08-10 08:16:03,202] {scheduler_job.py:639} INFO - DAG(s) dict_keys(['example_branch_dop_operator_v3']) retrieved from /home/airflow/.local/lib/python3.6/site-packages/airflow/example_dags/example_branch_python_dop_operator_3.py
[2024-08-10 08:16:03,284] {logging_mixin.py:104} INFO - [2024-08-10 08:16:03,284] {dag.py:1824} INFO - Sync 1 DAGs
[2024-08-10 08:16:03,330] {logging_mixin.py:104} INFO - [2024-08-10 08:16:03,329] {dag.py:2280} INFO - Setting next_dagrun for example_branch_dop_operator_v3 to 2024-08-08 00:00:00+00:00
[2024-08-10 08:16:03,357] {scheduler_job.py:190} INFO - Processing /home/airflow/.local/lib/python3.6/site-packages/airflow/example_dags/example_branch_python_dop_operator_3.py took 0.188 seconds
[2024-08-10 08:16:33,635] {scheduler_job.py:182} INFO - Started process (PID=61603) to work on /home/airflow/.local/lib/python3.6/site-packages/airflow/example_dags/example_branch_python_dop_operator_3.py
[2024-08-10 08:16:33,636] {scheduler_job.py:629} INFO - Processing file /home/airflow/.local/lib/python3.6/site-packages/airflow/example_dags/example_branch_python_dop_operator_3.py for tasks to queue
[2024-08-10 08:16:33,637] {logging_mixin.py:104} INFO - [2024-08-10 08:16:33,637] {dagbag.py:451} INFO - Filling up the DagBag from /home/airflow/.local/lib/python3.6/site-packages/airflow/example_dags/example_branch_python_dop_operator_3.py
[2024-08-10 08:16:33,646] {scheduler_job.py:639} INFO - DAG(s) dict_keys(['example_branch_dop_operator_v3']) retrieved from /home/airflow/.local/lib/python3.6/site-packages/airflow/example_dags/example_branch_python_dop_operator_3.py
[2024-08-10 08:16:33,702] {logging_mixin.py:104} INFO - [2024-08-10 08:16:33,702] {dag.py:1824} INFO - Sync 1 DAGs
[2024-08-10 08:16:33,726] {logging_mixin.py:104} INFO - [2024-08-10 08:16:33,726] {dag.py:2280} INFO - Setting next_dagrun for example_branch_dop_operator_v3 to 2024-08-08 00:00:00+00:00
[2024-08-10 08:16:33,736] {scheduler_job.py:190} INFO - Processing /home/airflow/.local/lib/python3.6/site-packages/airflow/example_dags/example_branch_python_dop_operator_3.py took 0.103 seconds
[2024-08-10 08:17:04,466] {scheduler_job.py:182} INFO - Started process (PID=61632) to work on /home/airflow/.local/lib/python3.6/site-packages/airflow/example_dags/example_branch_python_dop_operator_3.py
[2024-08-10 08:17:04,466] {scheduler_job.py:629} INFO - Processing file /home/airflow/.local/lib/python3.6/site-packages/airflow/example_dags/example_branch_python_dop_operator_3.py for tasks to queue
[2024-08-10 08:17:04,467] {logging_mixin.py:104} INFO - [2024-08-10 08:17:04,466] {dagbag.py:451} INFO - Filling up the DagBag from /home/airflow/.local/lib/python3.6/site-packages/airflow/example_dags/example_branch_python_dop_operator_3.py
[2024-08-10 08:17:04,475] {scheduler_job.py:639} INFO - DAG(s) dict_keys(['example_branch_dop_operator_v3']) retrieved from /home/airflow/.local/lib/python3.6/site-packages/airflow/example_dags/example_branch_python_dop_operator_3.py
[2024-08-10 08:17:04,534] {logging_mixin.py:104} INFO - [2024-08-10 08:17:04,534] {dag.py:1824} INFO - Sync 1 DAGs
[2024-08-10 08:17:04,560] {logging_mixin.py:104} INFO - [2024-08-10 08:17:04,560] {dag.py:2280} INFO - Setting next_dagrun for example_branch_dop_operator_v3 to 2024-08-08 00:00:00+00:00
[2024-08-10 08:17:04,572] {scheduler_job.py:190} INFO - Processing /home/airflow/.local/lib/python3.6/site-packages/airflow/example_dags/example_branch_python_dop_operator_3.py took 0.109 seconds
[2024-08-10 08:17:35,312] {scheduler_job.py:182} INFO - Started process (PID=61661) to work on /home/airflow/.local/lib/python3.6/site-packages/airflow/example_dags/example_branch_python_dop_operator_3.py
[2024-08-10 08:17:35,312] {scheduler_job.py:629} INFO - Processing file /home/airflow/.local/lib/python3.6/site-packages/airflow/example_dags/example_branch_python_dop_operator_3.py for tasks to queue
[2024-08-10 08:17:35,316] {logging_mixin.py:104} INFO - [2024-08-10 08:17:35,316] {dagbag.py:451} INFO - Filling up the DagBag from /home/airflow/.local/lib/python3.6/site-packages/airflow/example_dags/example_branch_python_dop_operator_3.py
[2024-08-10 08:17:35,324] {scheduler_job.py:639} INFO - DAG(s) dict_keys(['example_branch_dop_operator_v3']) retrieved from /home/airflow/.local/lib/python3.6/site-packages/airflow/example_dags/example_branch_python_dop_operator_3.py
[2024-08-10 08:17:35,384] {logging_mixin.py:104} INFO - [2024-08-10 08:17:35,384] {dag.py:1824} INFO - Sync 1 DAGs
[2024-08-10 08:17:35,412] {logging_mixin.py:104} INFO - [2024-08-10 08:17:35,412] {dag.py:2280} INFO - Setting next_dagrun for example_branch_dop_operator_v3 to 2024-08-08 00:00:00+00:00
[2024-08-10 08:17:35,425] {scheduler_job.py:190} INFO - Processing /home/airflow/.local/lib/python3.6/site-packages/airflow/example_dags/example_branch_python_dop_operator_3.py took 0.115 seconds
[2024-08-10 08:18:06,101] {scheduler_job.py:182} INFO - Started process (PID=61690) to work on /home/airflow/.local/lib/python3.6/site-packages/airflow/example_dags/example_branch_python_dop_operator_3.py
[2024-08-10 08:18:06,101] {scheduler_job.py:629} INFO - Processing file /home/airflow/.local/lib/python3.6/site-packages/airflow/example_dags/example_branch_python_dop_operator_3.py for tasks to queue
[2024-08-10 08:18:06,102] {logging_mixin.py:104} INFO - [2024-08-10 08:18:06,102] {dagbag.py:451} INFO - Filling up the DagBag from /home/airflow/.local/lib/python3.6/site-packages/airflow/example_dags/example_branch_python_dop_operator_3.py
[2024-08-10 08:18:06,110] {scheduler_job.py:639} INFO - DAG(s) dict_keys(['example_branch_dop_operator_v3']) retrieved from /home/airflow/.local/lib/python3.6/site-packages/airflow/example_dags/example_branch_python_dop_operator_3.py
[2024-08-10 08:18:06,169] {logging_mixin.py:104} INFO - [2024-08-10 08:18:06,169] {dag.py:1824} INFO - Sync 1 DAGs
[2024-08-10 08:18:06,195] {logging_mixin.py:104} INFO - [2024-08-10 08:18:06,194] {dag.py:2280} INFO - Setting next_dagrun for example_branch_dop_operator_v3 to 2024-08-08 00:00:00+00:00
[2024-08-10 08:18:06,206] {scheduler_job.py:190} INFO - Processing /home/airflow/.local/lib/python3.6/site-packages/airflow/example_dags/example_branch_python_dop_operator_3.py took 0.108 seconds
[2024-08-10 08:18:36,875] {scheduler_job.py:182} INFO - Started process (PID=61719) to work on /home/airflow/.local/lib/python3.6/site-packages/airflow/example_dags/example_branch_python_dop_operator_3.py
[2024-08-10 08:18:36,876] {scheduler_job.py:629} INFO - Processing file /home/airflow/.local/lib/python3.6/site-packages/airflow/example_dags/example_branch_python_dop_operator_3.py for tasks to queue
[2024-08-10 08:18:36,876] {logging_mixin.py:104} INFO - [2024-08-10 08:18:36,876] {dagbag.py:451} INFO - Filling up the DagBag from /home/airflow/.local/lib/python3.6/site-packages/airflow/example_dags/example_branch_python_dop_operator_3.py
[2024-08-10 08:18:36,886] {scheduler_job.py:639} INFO - DAG(s) dict_keys(['example_branch_dop_operator_v3']) retrieved from /home/airflow/.local/lib/python3.6/site-packages/airflow/example_dags/example_branch_python_dop_operator_3.py
[2024-08-10 08:18:36,947] {logging_mixin.py:104} INFO - [2024-08-10 08:18:36,947] {dag.py:1824} INFO - Sync 1 DAGs
[2024-08-10 08:18:36,974] {logging_mixin.py:104} INFO - [2024-08-10 08:18:36,974] {dag.py:2280} INFO - Setting next_dagrun for example_branch_dop_operator_v3 to 2024-08-08 00:00:00+00:00
[2024-08-10 08:18:36,986] {scheduler_job.py:190} INFO - Processing /home/airflow/.local/lib/python3.6/site-packages/airflow/example_dags/example_branch_python_dop_operator_3.py took 0.113 seconds
[2024-08-10 08:19:07,694] {scheduler_job.py:182} INFO - Started process (PID=61748) to work on /home/airflow/.local/lib/python3.6/site-packages/airflow/example_dags/example_branch_python_dop_operator_3.py
[2024-08-10 08:19:07,695] {scheduler_job.py:629} INFO - Processing file /home/airflow/.local/lib/python3.6/site-packages/airflow/example_dags/example_branch_python_dop_operator_3.py for tasks to queue
[2024-08-10 08:19:07,695] {logging_mixin.py:104} INFO - [2024-08-10 08:19:07,695] {dagbag.py:451} INFO - Filling up the DagBag from /home/airflow/.local/lib/python3.6/site-packages/airflow/example_dags/example_branch_python_dop_operator_3.py
[2024-08-10 08:19:07,704] {scheduler_job.py:639} INFO - DAG(s) dict_keys(['example_branch_dop_operator_v3']) retrieved from /home/airflow/.local/lib/python3.6/site-packages/airflow/example_dags/example_branch_python_dop_operator_3.py
[2024-08-10 08:19:07,763] {logging_mixin.py:104} INFO - [2024-08-10 08:19:07,763] {dag.py:1824} INFO - Sync 1 DAGs
[2024-08-10 08:19:07,789] {logging_mixin.py:104} INFO - [2024-08-10 08:19:07,789] {dag.py:2280} INFO - Setting next_dagrun for example_branch_dop_operator_v3 to 2024-08-08 00:00:00+00:00
[2024-08-10 08:19:07,801] {scheduler_job.py:190} INFO - Processing /home/airflow/.local/lib/python3.6/site-packages/airflow/example_dags/example_branch_python_dop_operator_3.py took 0.109 seconds
[2024-08-10 08:19:38,413] {scheduler_job.py:182} INFO - Started process (PID=61777) to work on /home/airflow/.local/lib/python3.6/site-packages/airflow/example_dags/example_branch_python_dop_operator_3.py
[2024-08-10 08:19:38,414] {scheduler_job.py:629} INFO - Processing file /home/airflow/.local/lib/python3.6/site-packages/airflow/example_dags/example_branch_python_dop_operator_3.py for tasks to queue
[2024-08-10 08:19:38,414] {logging_mixin.py:104} INFO - [2024-08-10 08:19:38,414] {dagbag.py:451} INFO - Filling up the DagBag from /home/airflow/.local/lib/python3.6/site-packages/airflow/example_dags/example_branch_python_dop_operator_3.py
[2024-08-10 08:19:38,423] {scheduler_job.py:639} INFO - DAG(s) dict_keys(['example_branch_dop_operator_v3']) retrieved from /home/airflow/.local/lib/python3.6/site-packages/airflow/example_dags/example_branch_python_dop_operator_3.py
[2024-08-10 08:19:38,482] {logging_mixin.py:104} INFO - [2024-08-10 08:19:38,482] {dag.py:1824} INFO - Sync 1 DAGs
[2024-08-10 08:19:38,507] {logging_mixin.py:104} INFO - [2024-08-10 08:19:38,507] {dag.py:2280} INFO - Setting next_dagrun for example_branch_dop_operator_v3 to 2024-08-08 00:00:00+00:00
[2024-08-10 08:19:38,518] {scheduler_job.py:190} INFO - Processing /home/airflow/.local/lib/python3.6/site-packages/airflow/example_dags/example_branch_python_dop_operator_3.py took 0.107 seconds
[2024-08-10 08:20:09,111] {scheduler_job.py:182} INFO - Started process (PID=61806) to work on /home/airflow/.local/lib/python3.6/site-packages/airflow/example_dags/example_branch_python_dop_operator_3.py
[2024-08-10 08:20:09,111] {scheduler_job.py:629} INFO - Processing file /home/airflow/.local/lib/python3.6/site-packages/airflow/example_dags/example_branch_python_dop_operator_3.py for tasks to queue
[2024-08-10 08:20:09,114] {logging_mixin.py:104} INFO - [2024-08-10 08:20:09,114] {dagbag.py:451} INFO - Filling up the DagBag from /home/airflow/.local/lib/python3.6/site-packages/airflow/example_dags/example_branch_python_dop_operator_3.py
[2024-08-10 08:20:09,122] {scheduler_job.py:639} INFO - DAG(s) dict_keys(['example_branch_dop_operator_v3']) retrieved from /home/airflow/.local/lib/python3.6/site-packages/airflow/example_dags/example_branch_python_dop_operator_3.py
[2024-08-10 08:20:09,181] {logging_mixin.py:104} INFO - [2024-08-10 08:20:09,181] {dag.py:1824} INFO - Sync 1 DAGs
[2024-08-10 08:20:09,208] {logging_mixin.py:104} INFO - [2024-08-10 08:20:09,208] {dag.py:2280} INFO - Setting next_dagrun for example_branch_dop_operator_v3 to 2024-08-08 00:00:00+00:00
[2024-08-10 08:20:09,220] {scheduler_job.py:190} INFO - Processing /home/airflow/.local/lib/python3.6/site-packages/airflow/example_dags/example_branch_python_dop_operator_3.py took 0.111 seconds
[2024-08-10 08:20:39,960] {scheduler_job.py:182} INFO - Started process (PID=61835) to work on /home/airflow/.local/lib/python3.6/site-packages/airflow/example_dags/example_branch_python_dop_operator_3.py
[2024-08-10 08:20:39,961] {scheduler_job.py:629} INFO - Processing file /home/airflow/.local/lib/python3.6/site-packages/airflow/example_dags/example_branch_python_dop_operator_3.py for tasks to queue
[2024-08-10 08:20:39,961] {logging_mixin.py:104} INFO - [2024-08-10 08:20:39,961] {dagbag.py:451} INFO - Filling up the DagBag from /home/airflow/.local/lib/python3.6/site-packages/airflow/example_dags/example_branch_python_dop_operator_3.py
[2024-08-10 08:20:39,970] {scheduler_job.py:639} INFO - DAG(s) dict_keys(['example_branch_dop_operator_v3']) retrieved from /home/airflow/.local/lib/python3.6/site-packages/airflow/example_dags/example_branch_python_dop_operator_3.py
[2024-08-10 08:20:40,029] {logging_mixin.py:104} INFO - [2024-08-10 08:20:40,029] {dag.py:1824} INFO - Sync 1 DAGs
[2024-08-10 08:20:40,055] {logging_mixin.py:104} INFO - [2024-08-10 08:20:40,055] {dag.py:2280} INFO - Setting next_dagrun for example_branch_dop_operator_v3 to 2024-08-08 00:00:00+00:00
[2024-08-10 08:20:40,066] {scheduler_job.py:190} INFO - Processing /home/airflow/.local/lib/python3.6/site-packages/airflow/example_dags/example_branch_python_dop_operator_3.py took 0.108 seconds
[2024-08-10 08:21:10,675] {scheduler_job.py:182} INFO - Started process (PID=61864) to work on /home/airflow/.local/lib/python3.6/site-packages/airflow/example_dags/example_branch_python_dop_operator_3.py
[2024-08-10 08:21:10,675] {scheduler_job.py:629} INFO - Processing file /home/airflow/.local/lib/python3.6/site-packages/airflow/example_dags/example_branch_python_dop_operator_3.py for tasks to queue
[2024-08-10 08:21:10,676] {logging_mixin.py:104} INFO - [2024-08-10 08:21:10,676] {dagbag.py:451} INFO - Filling up the DagBag from /home/airflow/.local/lib/python3.6/site-packages/airflow/example_dags/example_branch_python_dop_operator_3.py
[2024-08-10 08:21:10,685] {scheduler_job.py:639} INFO - DAG(s) dict_keys(['example_branch_dop_operator_v3']) retrieved from /home/airflow/.local/lib/python3.6/site-packages/airflow/example_dags/example_branch_python_dop_operator_3.py
[2024-08-10 08:21:10,744] {logging_mixin.py:104} INFO - [2024-08-10 08:21:10,744] {dag.py:1824} INFO - Sync 1 DAGs
[2024-08-10 08:21:10,770] {logging_mixin.py:104} INFO - [2024-08-10 08:21:10,770] {dag.py:2280} INFO - Setting next_dagrun for example_branch_dop_operator_v3 to 2024-08-08 00:00:00+00:00
[2024-08-10 08:21:10,782] {scheduler_job.py:190} INFO - Processing /home/airflow/.local/lib/python3.6/site-packages/airflow/example_dags/example_branch_python_dop_operator_3.py took 0.109 seconds
[2024-08-10 08:21:41,408] {scheduler_job.py:182} INFO - Started process (PID=61893) to work on /home/airflow/.local/lib/python3.6/site-packages/airflow/example_dags/example_branch_python_dop_operator_3.py
[2024-08-10 08:21:41,409] {scheduler_job.py:629} INFO - Processing file /home/airflow/.local/lib/python3.6/site-packages/airflow/example_dags/example_branch_python_dop_operator_3.py for tasks to queue
[2024-08-10 08:21:41,412] {logging_mixin.py:104} INFO - [2024-08-10 08:21:41,412] {dagbag.py:451} INFO - Filling up the DagBag from /home/airflow/.local/lib/python3.6/site-packages/airflow/example_dags/example_branch_python_dop_operator_3.py
[2024-08-10 08:21:41,420] {scheduler_job.py:639} INFO - DAG(s) dict_keys(['example_branch_dop_operator_v3']) retrieved from /home/airflow/.local/lib/python3.6/site-packages/airflow/example_dags/example_branch_python_dop_operator_3.py
[2024-08-10 08:21:41,478] {logging_mixin.py:104} INFO - [2024-08-10 08:21:41,478] {dag.py:1824} INFO - Sync 1 DAGs
[2024-08-10 08:21:41,503] {logging_mixin.py:104} INFO - [2024-08-10 08:21:41,503] {dag.py:2280} INFO - Setting next_dagrun for example_branch_dop_operator_v3 to 2024-08-08 00:00:00+00:00
[2024-08-10 08:21:41,514] {scheduler_job.py:190} INFO - Processing /home/airflow/.local/lib/python3.6/site-packages/airflow/example_dags/example_branch_python_dop_operator_3.py took 0.108 seconds
[2024-08-10 08:22:12,217] {scheduler_job.py:182} INFO - Started process (PID=61922) to work on /home/airflow/.local/lib/python3.6/site-packages/airflow/example_dags/example_branch_python_dop_operator_3.py
[2024-08-10 08:22:12,218] {scheduler_job.py:629} INFO - Processing file /home/airflow/.local/lib/python3.6/site-packages/airflow/example_dags/example_branch_python_dop_operator_3.py for tasks to queue
[2024-08-10 08:22:12,219] {logging_mixin.py:104} INFO - [2024-08-10 08:22:12,219] {dagbag.py:451} INFO - Filling up the DagBag from /home/airflow/.local/lib/python3.6/site-packages/airflow/example_dags/example_branch_python_dop_operator_3.py
[2024-08-10 08:22:12,229] {scheduler_job.py:639} INFO - DAG(s) dict_keys(['example_branch_dop_operator_v3']) retrieved from /home/airflow/.local/lib/python3.6/site-packages/airflow/example_dags/example_branch_python_dop_operator_3.py
[2024-08-10 08:22:12,287] {logging_mixin.py:104} INFO - [2024-08-10 08:22:12,287] {dag.py:1824} INFO - Sync 1 DAGs
[2024-08-10 08:22:12,313] {logging_mixin.py:104} INFO - [2024-08-10 08:22:12,313] {dag.py:2280} INFO - Setting next_dagrun for example_branch_dop_operator_v3 to 2024-08-08 00:00:00+00:00
[2024-08-10 08:22:12,324] {scheduler_job.py:190} INFO - Processing /home/airflow/.local/lib/python3.6/site-packages/airflow/example_dags/example_branch_python_dop_operator_3.py took 0.108 seconds
[2024-08-10 08:22:42,997] {scheduler_job.py:182} INFO - Started process (PID=61951) to work on /home/airflow/.local/lib/python3.6/site-packages/airflow/example_dags/example_branch_python_dop_operator_3.py
[2024-08-10 08:22:42,998] {scheduler_job.py:629} INFO - Processing file /home/airflow/.local/lib/python3.6/site-packages/airflow/example_dags/example_branch_python_dop_operator_3.py for tasks to queue
[2024-08-10 08:22:42,998] {logging_mixin.py:104} INFO - [2024-08-10 08:22:42,998] {dagbag.py:451} INFO - Filling up the DagBag from /home/airflow/.local/lib/python3.6/site-packages/airflow/example_dags/example_branch_python_dop_operator_3.py
[2024-08-10 08:22:43,007] {scheduler_job.py:639} INFO - DAG(s) dict_keys(['example_branch_dop_operator_v3']) retrieved from /home/airflow/.local/lib/python3.6/site-packages/airflow/example_dags/example_branch_python_dop_operator_3.py
[2024-08-10 08:22:43,070] {logging_mixin.py:104} INFO - [2024-08-10 08:22:43,070] {dag.py:1824} INFO - Sync 1 DAGs
[2024-08-10 08:22:43,098] {logging_mixin.py:104} INFO - [2024-08-10 08:22:43,098] {dag.py:2280} INFO - Setting next_dagrun for example_branch_dop_operator_v3 to 2024-08-08 00:00:00+00:00
[2024-08-10 08:22:43,111] {scheduler_job.py:190} INFO - Processing /home/airflow/.local/lib/python3.6/site-packages/airflow/example_dags/example_branch_python_dop_operator_3.py took 0.116 seconds
[2024-08-10 19:59:44,093] {scheduler_job.py:182} INFO - Started process (PID=44) to work on /home/airflow/.local/lib/python3.6/site-packages/airflow/example_dags/example_branch_python_dop_operator_3.py
[2024-08-10 19:59:44,094] {scheduler_job.py:629} INFO - Processing file /home/airflow/.local/lib/python3.6/site-packages/airflow/example_dags/example_branch_python_dop_operator_3.py for tasks to queue
[2024-08-10 19:59:44,095] {logging_mixin.py:104} INFO - [2024-08-10 19:59:44,095] {dagbag.py:451} INFO - Filling up the DagBag from /home/airflow/.local/lib/python3.6/site-packages/airflow/example_dags/example_branch_python_dop_operator_3.py
[2024-08-10 19:59:44,109] {scheduler_job.py:639} INFO - DAG(s) dict_keys(['example_branch_dop_operator_v3']) retrieved from /home/airflow/.local/lib/python3.6/site-packages/airflow/example_dags/example_branch_python_dop_operator_3.py
[2024-08-10 19:59:44,180] {logging_mixin.py:104} INFO - [2024-08-10 19:59:44,180] {dag.py:1824} INFO - Sync 1 DAGs
[2024-08-10 19:59:44,212] {logging_mixin.py:104} INFO - [2024-08-10 19:59:44,212] {dag.py:2280} INFO - Setting next_dagrun for example_branch_dop_operator_v3 to 2024-08-08 00:00:00+00:00
[2024-08-10 19:59:44,224] {scheduler_job.py:190} INFO - Processing /home/airflow/.local/lib/python3.6/site-packages/airflow/example_dags/example_branch_python_dop_operator_3.py took 0.134 seconds
[2024-08-10 20:00:14,946] {scheduler_job.py:182} INFO - Started process (PID=73) to work on /home/airflow/.local/lib/python3.6/site-packages/airflow/example_dags/example_branch_python_dop_operator_3.py
[2024-08-10 20:00:14,946] {scheduler_job.py:629} INFO - Processing file /home/airflow/.local/lib/python3.6/site-packages/airflow/example_dags/example_branch_python_dop_operator_3.py for tasks to queue
[2024-08-10 20:00:14,947] {logging_mixin.py:104} INFO - [2024-08-10 20:00:14,947] {dagbag.py:451} INFO - Filling up the DagBag from /home/airflow/.local/lib/python3.6/site-packages/airflow/example_dags/example_branch_python_dop_operator_3.py
[2024-08-10 20:00:14,955] {scheduler_job.py:639} INFO - DAG(s) dict_keys(['example_branch_dop_operator_v3']) retrieved from /home/airflow/.local/lib/python3.6/site-packages/airflow/example_dags/example_branch_python_dop_operator_3.py
[2024-08-10 20:00:15,013] {logging_mixin.py:104} INFO - [2024-08-10 20:00:15,013] {dag.py:1824} INFO - Sync 1 DAGs
[2024-08-10 20:00:15,039] {logging_mixin.py:104} INFO - [2024-08-10 20:00:15,039] {dag.py:2280} INFO - Setting next_dagrun for example_branch_dop_operator_v3 to 2024-08-08 00:00:00+00:00
[2024-08-10 20:00:15,049] {scheduler_job.py:190} INFO - Processing /home/airflow/.local/lib/python3.6/site-packages/airflow/example_dags/example_branch_python_dop_operator_3.py took 0.105 seconds
[2024-08-10 21:00:37,077] {scheduler_job.py:182} INFO - Started process (PID=102) to work on /home/airflow/.local/lib/python3.6/site-packages/airflow/example_dags/example_branch_python_dop_operator_3.py
[2024-08-10 21:00:37,080] {scheduler_job.py:629} INFO - Processing file /home/airflow/.local/lib/python3.6/site-packages/airflow/example_dags/example_branch_python_dop_operator_3.py for tasks to queue
[2024-08-10 21:00:37,080] {logging_mixin.py:104} INFO - [2024-08-10 21:00:37,080] {dagbag.py:451} INFO - Filling up the DagBag from /home/airflow/.local/lib/python3.6/site-packages/airflow/example_dags/example_branch_python_dop_operator_3.py
[2024-08-10 21:00:37,089] {scheduler_job.py:639} INFO - DAG(s) dict_keys(['example_branch_dop_operator_v3']) retrieved from /home/airflow/.local/lib/python3.6/site-packages/airflow/example_dags/example_branch_python_dop_operator_3.py
[2024-08-10 21:00:37,187] {logging_mixin.py:104} INFO - [2024-08-10 21:00:37,187] {dag.py:1824} INFO - Sync 1 DAGs
[2024-08-10 21:00:37,220] {logging_mixin.py:104} INFO - [2024-08-10 21:00:37,220] {dag.py:2280} INFO - Setting next_dagrun for example_branch_dop_operator_v3 to 2024-08-08 00:00:00+00:00
[2024-08-10 21:00:37,238] {scheduler_job.py:190} INFO - Processing /home/airflow/.local/lib/python3.6/site-packages/airflow/example_dags/example_branch_python_dop_operator_3.py took 0.162 seconds
[2024-08-10 21:01:07,953] {scheduler_job.py:182} INFO - Started process (PID=131) to work on /home/airflow/.local/lib/python3.6/site-packages/airflow/example_dags/example_branch_python_dop_operator_3.py
[2024-08-10 21:01:07,954] {scheduler_job.py:629} INFO - Processing file /home/airflow/.local/lib/python3.6/site-packages/airflow/example_dags/example_branch_python_dop_operator_3.py for tasks to queue
[2024-08-10 21:01:07,954] {logging_mixin.py:104} INFO - [2024-08-10 21:01:07,954] {dagbag.py:451} INFO - Filling up the DagBag from /home/airflow/.local/lib/python3.6/site-packages/airflow/example_dags/example_branch_python_dop_operator_3.py
[2024-08-10 21:01:07,962] {scheduler_job.py:639} INFO - DAG(s) dict_keys(['example_branch_dop_operator_v3']) retrieved from /home/airflow/.local/lib/python3.6/site-packages/airflow/example_dags/example_branch_python_dop_operator_3.py
[2024-08-10 21:01:08,020] {logging_mixin.py:104} INFO - [2024-08-10 21:01:08,019] {dag.py:1824} INFO - Sync 1 DAGs
[2024-08-10 21:01:08,045] {logging_mixin.py:104} INFO - [2024-08-10 21:01:08,045] {dag.py:2280} INFO - Setting next_dagrun for example_branch_dop_operator_v3 to 2024-08-08 00:00:00+00:00
[2024-08-10 21:01:08,057] {scheduler_job.py:190} INFO - Processing /home/airflow/.local/lib/python3.6/site-packages/airflow/example_dags/example_branch_python_dop_operator_3.py took 0.105 seconds
[2024-08-10 21:16:45,423] {scheduler_job.py:182} INFO - Started process (PID=160) to work on /home/airflow/.local/lib/python3.6/site-packages/airflow/example_dags/example_branch_python_dop_operator_3.py
[2024-08-10 21:16:45,424] {scheduler_job.py:629} INFO - Processing file /home/airflow/.local/lib/python3.6/site-packages/airflow/example_dags/example_branch_python_dop_operator_3.py for tasks to queue
[2024-08-10 21:16:45,424] {logging_mixin.py:104} INFO - [2024-08-10 21:16:45,424] {dagbag.py:451} INFO - Filling up the DagBag from /home/airflow/.local/lib/python3.6/site-packages/airflow/example_dags/example_branch_python_dop_operator_3.py
[2024-08-10 21:16:45,434] {scheduler_job.py:639} INFO - DAG(s) dict_keys(['example_branch_dop_operator_v3']) retrieved from /home/airflow/.local/lib/python3.6/site-packages/airflow/example_dags/example_branch_python_dop_operator_3.py
[2024-08-10 21:16:45,527] {logging_mixin.py:104} INFO - [2024-08-10 21:16:45,527] {dag.py:1824} INFO - Sync 1 DAGs
[2024-08-10 21:16:45,586] {logging_mixin.py:104} INFO - [2024-08-10 21:16:45,585] {dag.py:2280} INFO - Setting next_dagrun for example_branch_dop_operator_v3 to 2024-08-08 00:00:00+00:00
[2024-08-10 21:16:45,613] {scheduler_job.py:190} INFO - Processing /home/airflow/.local/lib/python3.6/site-packages/airflow/example_dags/example_branch_python_dop_operator_3.py took 0.192 seconds
[2024-08-10 21:21:47,992] {scheduler_job.py:182} INFO - Started process (PID=189) to work on /home/airflow/.local/lib/python3.6/site-packages/airflow/example_dags/example_branch_python_dop_operator_3.py
[2024-08-10 21:21:47,993] {scheduler_job.py:629} INFO - Processing file /home/airflow/.local/lib/python3.6/site-packages/airflow/example_dags/example_branch_python_dop_operator_3.py for tasks to queue
[2024-08-10 21:21:47,993] {logging_mixin.py:104} INFO - [2024-08-10 21:21:47,993] {dagbag.py:451} INFO - Filling up the DagBag from /home/airflow/.local/lib/python3.6/site-packages/airflow/example_dags/example_branch_python_dop_operator_3.py
[2024-08-10 21:21:48,006] {scheduler_job.py:639} INFO - DAG(s) dict_keys(['example_branch_dop_operator_v3']) retrieved from /home/airflow/.local/lib/python3.6/site-packages/airflow/example_dags/example_branch_python_dop_operator_3.py
[2024-08-10 21:21:48,070] {logging_mixin.py:104} INFO - [2024-08-10 21:21:48,070] {dag.py:1824} INFO - Sync 1 DAGs
[2024-08-10 21:21:48,097] {logging_mixin.py:104} INFO - [2024-08-10 21:21:48,097] {dag.py:2280} INFO - Setting next_dagrun for example_branch_dop_operator_v3 to 2024-08-08 00:00:00+00:00
[2024-08-10 21:21:48,108] {scheduler_job.py:190} INFO - Processing /home/airflow/.local/lib/python3.6/site-packages/airflow/example_dags/example_branch_python_dop_operator_3.py took 0.119 seconds
[2024-08-10 21:22:18,956] {scheduler_job.py:182} INFO - Started process (PID=218) to work on /home/airflow/.local/lib/python3.6/site-packages/airflow/example_dags/example_branch_python_dop_operator_3.py
[2024-08-10 21:22:18,957] {scheduler_job.py:629} INFO - Processing file /home/airflow/.local/lib/python3.6/site-packages/airflow/example_dags/example_branch_python_dop_operator_3.py for tasks to queue
[2024-08-10 21:22:18,957] {logging_mixin.py:104} INFO - [2024-08-10 21:22:18,957] {dagbag.py:451} INFO - Filling up the DagBag from /home/airflow/.local/lib/python3.6/site-packages/airflow/example_dags/example_branch_python_dop_operator_3.py
[2024-08-10 21:22:18,965] {scheduler_job.py:639} INFO - DAG(s) dict_keys(['example_branch_dop_operator_v3']) retrieved from /home/airflow/.local/lib/python3.6/site-packages/airflow/example_dags/example_branch_python_dop_operator_3.py
[2024-08-10 21:22:19,023] {logging_mixin.py:104} INFO - [2024-08-10 21:22:19,023] {dag.py:1824} INFO - Sync 1 DAGs
[2024-08-10 21:22:19,049] {logging_mixin.py:104} INFO - [2024-08-10 21:22:19,049] {dag.py:2280} INFO - Setting next_dagrun for example_branch_dop_operator_v3 to 2024-08-08 00:00:00+00:00
[2024-08-10 21:22:19,059] {scheduler_job.py:190} INFO - Processing /home/airflow/.local/lib/python3.6/site-packages/airflow/example_dags/example_branch_python_dop_operator_3.py took 0.105 seconds
[2024-08-10 21:45:45,646] {scheduler_job.py:182} INFO - Started process (PID=247) to work on /home/airflow/.local/lib/python3.6/site-packages/airflow/example_dags/example_branch_python_dop_operator_3.py
[2024-08-10 21:45:45,647] {scheduler_job.py:629} INFO - Processing file /home/airflow/.local/lib/python3.6/site-packages/airflow/example_dags/example_branch_python_dop_operator_3.py for tasks to queue
[2024-08-10 21:45:45,648] {logging_mixin.py:104} INFO - [2024-08-10 21:45:45,648] {dagbag.py:451} INFO - Filling up the DagBag from /home/airflow/.local/lib/python3.6/site-packages/airflow/example_dags/example_branch_python_dop_operator_3.py
[2024-08-10 21:45:45,659] {scheduler_job.py:639} INFO - DAG(s) dict_keys(['example_branch_dop_operator_v3']) retrieved from /home/airflow/.local/lib/python3.6/site-packages/airflow/example_dags/example_branch_python_dop_operator_3.py
[2024-08-10 21:45:45,733] {logging_mixin.py:104} INFO - [2024-08-10 21:45:45,733] {dag.py:1824} INFO - Sync 1 DAGs
[2024-08-10 21:45:45,761] {logging_mixin.py:104} INFO - [2024-08-10 21:45:45,761] {dag.py:2280} INFO - Setting next_dagrun for example_branch_dop_operator_v3 to 2024-08-08 00:00:00+00:00
[2024-08-10 21:45:45,773] {scheduler_job.py:190} INFO - Processing /home/airflow/.local/lib/python3.6/site-packages/airflow/example_dags/example_branch_python_dop_operator_3.py took 0.130 seconds
[2024-08-10 21:46:16,707] {scheduler_job.py:182} INFO - Started process (PID=276) to work on /home/airflow/.local/lib/python3.6/site-packages/airflow/example_dags/example_branch_python_dop_operator_3.py
[2024-08-10 21:46:16,707] {scheduler_job.py:629} INFO - Processing file /home/airflow/.local/lib/python3.6/site-packages/airflow/example_dags/example_branch_python_dop_operator_3.py for tasks to queue
[2024-08-10 21:46:16,708] {logging_mixin.py:104} INFO - [2024-08-10 21:46:16,708] {dagbag.py:451} INFO - Filling up the DagBag from /home/airflow/.local/lib/python3.6/site-packages/airflow/example_dags/example_branch_python_dop_operator_3.py
[2024-08-10 21:46:16,716] {scheduler_job.py:639} INFO - DAG(s) dict_keys(['example_branch_dop_operator_v3']) retrieved from /home/airflow/.local/lib/python3.6/site-packages/airflow/example_dags/example_branch_python_dop_operator_3.py
[2024-08-10 21:46:16,775] {logging_mixin.py:104} INFO - [2024-08-10 21:46:16,775] {dag.py:1824} INFO - Sync 1 DAGs
[2024-08-10 21:46:16,800] {logging_mixin.py:104} INFO - [2024-08-10 21:46:16,800] {dag.py:2280} INFO - Setting next_dagrun for example_branch_dop_operator_v3 to 2024-08-08 00:00:00+00:00
[2024-08-10 21:46:16,811] {scheduler_job.py:190} INFO - Processing /home/airflow/.local/lib/python3.6/site-packages/airflow/example_dags/example_branch_python_dop_operator_3.py took 0.106 seconds
[2024-08-10 22:01:47,100] {scheduler_job.py:182} INFO - Started process (PID=305) to work on /home/airflow/.local/lib/python3.6/site-packages/airflow/example_dags/example_branch_python_dop_operator_3.py
[2024-08-10 22:01:47,101] {scheduler_job.py:629} INFO - Processing file /home/airflow/.local/lib/python3.6/site-packages/airflow/example_dags/example_branch_python_dop_operator_3.py for tasks to queue
[2024-08-10 22:01:47,101] {logging_mixin.py:104} INFO - [2024-08-10 22:01:47,101] {dagbag.py:451} INFO - Filling up the DagBag from /home/airflow/.local/lib/python3.6/site-packages/airflow/example_dags/example_branch_python_dop_operator_3.py
[2024-08-10 22:01:47,113] {scheduler_job.py:639} INFO - DAG(s) dict_keys(['example_branch_dop_operator_v3']) retrieved from /home/airflow/.local/lib/python3.6/site-packages/airflow/example_dags/example_branch_python_dop_operator_3.py
[2024-08-10 22:01:47,179] {logging_mixin.py:104} INFO - [2024-08-10 22:01:47,179] {dag.py:1824} INFO - Sync 1 DAGs
[2024-08-10 22:01:47,210] {logging_mixin.py:104} INFO - [2024-08-10 22:01:47,210] {dag.py:2280} INFO - Setting next_dagrun for example_branch_dop_operator_v3 to 2024-08-08 00:00:00+00:00
[2024-08-10 22:01:47,231] {scheduler_job.py:190} INFO - Processing /home/airflow/.local/lib/python3.6/site-packages/airflow/example_dags/example_branch_python_dop_operator_3.py took 0.132 seconds
[2024-08-10 22:08:19,876] {scheduler_job.py:182} INFO - Started process (PID=334) to work on /home/airflow/.local/lib/python3.6/site-packages/airflow/example_dags/example_branch_python_dop_operator_3.py
[2024-08-10 22:08:19,877] {scheduler_job.py:629} INFO - Processing file /home/airflow/.local/lib/python3.6/site-packages/airflow/example_dags/example_branch_python_dop_operator_3.py for tasks to queue
[2024-08-10 22:08:19,878] {logging_mixin.py:104} INFO - [2024-08-10 22:08:19,878] {dagbag.py:451} INFO - Filling up the DagBag from /home/airflow/.local/lib/python3.6/site-packages/airflow/example_dags/example_branch_python_dop_operator_3.py
[2024-08-10 22:08:19,891] {scheduler_job.py:639} INFO - DAG(s) dict_keys(['example_branch_dop_operator_v3']) retrieved from /home/airflow/.local/lib/python3.6/site-packages/airflow/example_dags/example_branch_python_dop_operator_3.py
[2024-08-10 22:08:19,985] {logging_mixin.py:104} INFO - [2024-08-10 22:08:19,985] {dag.py:1824} INFO - Sync 1 DAGs
[2024-08-10 22:08:20,020] {logging_mixin.py:104} INFO - [2024-08-10 22:08:20,020] {dag.py:2280} INFO - Setting next_dagrun for example_branch_dop_operator_v3 to 2024-08-08 00:00:00+00:00
[2024-08-10 22:08:20,035] {scheduler_job.py:190} INFO - Processing /home/airflow/.local/lib/python3.6/site-packages/airflow/example_dags/example_branch_python_dop_operator_3.py took 0.161 seconds
[2024-08-10 22:08:50,081] {scheduler_job.py:182} INFO - Started process (PID=363) to work on /home/airflow/.local/lib/python3.6/site-packages/airflow/example_dags/example_branch_python_dop_operator_3.py
[2024-08-10 22:08:50,082] {scheduler_job.py:629} INFO - Processing file /home/airflow/.local/lib/python3.6/site-packages/airflow/example_dags/example_branch_python_dop_operator_3.py for tasks to queue
[2024-08-10 22:08:50,082] {logging_mixin.py:104} INFO - [2024-08-10 22:08:50,082] {dagbag.py:451} INFO - Filling up the DagBag from /home/airflow/.local/lib/python3.6/site-packages/airflow/example_dags/example_branch_python_dop_operator_3.py
[2024-08-10 22:08:50,089] {scheduler_job.py:639} INFO - DAG(s) dict_keys(['example_branch_dop_operator_v3']) retrieved from /home/airflow/.local/lib/python3.6/site-packages/airflow/example_dags/example_branch_python_dop_operator_3.py
[2024-08-10 22:08:50,144] {logging_mixin.py:104} INFO - [2024-08-10 22:08:50,144] {dag.py:1824} INFO - Sync 1 DAGs
[2024-08-10 22:08:50,168] {logging_mixin.py:104} INFO - [2024-08-10 22:08:50,168] {dag.py:2280} INFO - Setting next_dagrun for example_branch_dop_operator_v3 to 2024-08-08 00:00:00+00:00
[2024-08-10 22:08:50,178] {scheduler_job.py:190} INFO - Processing /home/airflow/.local/lib/python3.6/site-packages/airflow/example_dags/example_branch_python_dop_operator_3.py took 0.098 seconds
[2024-08-10 22:13:48,566] {scheduler_job.py:182} INFO - Started process (PID=392) to work on /home/airflow/.local/lib/python3.6/site-packages/airflow/example_dags/example_branch_python_dop_operator_3.py
[2024-08-10 22:13:48,569] {scheduler_job.py:629} INFO - Processing file /home/airflow/.local/lib/python3.6/site-packages/airflow/example_dags/example_branch_python_dop_operator_3.py for tasks to queue
[2024-08-10 22:13:48,569] {logging_mixin.py:104} INFO - [2024-08-10 22:13:48,569] {dagbag.py:451} INFO - Filling up the DagBag from /home/airflow/.local/lib/python3.6/site-packages/airflow/example_dags/example_branch_python_dop_operator_3.py
[2024-08-10 22:13:48,582] {scheduler_job.py:639} INFO - DAG(s) dict_keys(['example_branch_dop_operator_v3']) retrieved from /home/airflow/.local/lib/python3.6/site-packages/airflow/example_dags/example_branch_python_dop_operator_3.py
[2024-08-10 22:13:48,648] {logging_mixin.py:104} INFO - [2024-08-10 22:13:48,648] {dag.py:1824} INFO - Sync 1 DAGs
[2024-08-10 22:13:48,676] {logging_mixin.py:104} INFO - [2024-08-10 22:13:48,676] {dag.py:2280} INFO - Setting next_dagrun for example_branch_dop_operator_v3 to 2024-08-08 00:00:00+00:00
[2024-08-10 22:13:48,688] {scheduler_job.py:190} INFO - Processing /home/airflow/.local/lib/python3.6/site-packages/airflow/example_dags/example_branch_python_dop_operator_3.py took 0.123 seconds
[2024-08-10 22:17:45,919] {scheduler_job.py:182} INFO - Started process (PID=421) to work on /home/airflow/.local/lib/python3.6/site-packages/airflow/example_dags/example_branch_python_dop_operator_3.py
[2024-08-10 22:17:45,920] {scheduler_job.py:629} INFO - Processing file /home/airflow/.local/lib/python3.6/site-packages/airflow/example_dags/example_branch_python_dop_operator_3.py for tasks to queue
[2024-08-10 22:17:45,920] {logging_mixin.py:104} INFO - [2024-08-10 22:17:45,920] {dagbag.py:451} INFO - Filling up the DagBag from /home/airflow/.local/lib/python3.6/site-packages/airflow/example_dags/example_branch_python_dop_operator_3.py
[2024-08-10 22:17:45,930] {scheduler_job.py:639} INFO - DAG(s) dict_keys(['example_branch_dop_operator_v3']) retrieved from /home/airflow/.local/lib/python3.6/site-packages/airflow/example_dags/example_branch_python_dop_operator_3.py
[2024-08-10 22:17:45,994] {logging_mixin.py:104} INFO - [2024-08-10 22:17:45,994] {dag.py:1824} INFO - Sync 1 DAGs
[2024-08-10 22:17:46,022] {logging_mixin.py:104} INFO - [2024-08-10 22:17:46,022] {dag.py:2280} INFO - Setting next_dagrun for example_branch_dop_operator_v3 to 2024-08-08 00:00:00+00:00
[2024-08-10 22:17:46,033] {scheduler_job.py:190} INFO - Processing /home/airflow/.local/lib/python3.6/site-packages/airflow/example_dags/example_branch_python_dop_operator_3.py took 0.115 seconds
[2024-08-10 22:18:16,784] {scheduler_job.py:182} INFO - Started process (PID=450) to work on /home/airflow/.local/lib/python3.6/site-packages/airflow/example_dags/example_branch_python_dop_operator_3.py
[2024-08-10 22:18:16,785] {scheduler_job.py:629} INFO - Processing file /home/airflow/.local/lib/python3.6/site-packages/airflow/example_dags/example_branch_python_dop_operator_3.py for tasks to queue
[2024-08-10 22:18:16,786] {logging_mixin.py:104} INFO - [2024-08-10 22:18:16,785] {dagbag.py:451} INFO - Filling up the DagBag from /home/airflow/.local/lib/python3.6/site-packages/airflow/example_dags/example_branch_python_dop_operator_3.py
[2024-08-10 22:18:16,794] {scheduler_job.py:639} INFO - DAG(s) dict_keys(['example_branch_dop_operator_v3']) retrieved from /home/airflow/.local/lib/python3.6/site-packages/airflow/example_dags/example_branch_python_dop_operator_3.py
[2024-08-10 22:18:16,854] {logging_mixin.py:104} INFO - [2024-08-10 22:18:16,854] {dag.py:1824} INFO - Sync 1 DAGs
[2024-08-10 22:18:16,879] {logging_mixin.py:104} INFO - [2024-08-10 22:18:16,879] {dag.py:2280} INFO - Setting next_dagrun for example_branch_dop_operator_v3 to 2024-08-08 00:00:00+00:00
[2024-08-10 22:18:16,890] {scheduler_job.py:190} INFO - Processing /home/airflow/.local/lib/python3.6/site-packages/airflow/example_dags/example_branch_python_dop_operator_3.py took 0.107 seconds
[2024-08-10 22:18:47,698] {scheduler_job.py:182} INFO - Started process (PID=483) to work on /home/airflow/.local/lib/python3.6/site-packages/airflow/example_dags/example_branch_python_dop_operator_3.py
[2024-08-10 22:18:47,699] {scheduler_job.py:629} INFO - Processing file /home/airflow/.local/lib/python3.6/site-packages/airflow/example_dags/example_branch_python_dop_operator_3.py for tasks to queue
[2024-08-10 22:18:47,700] {logging_mixin.py:104} INFO - [2024-08-10 22:18:47,700] {dagbag.py:451} INFO - Filling up the DagBag from /home/airflow/.local/lib/python3.6/site-packages/airflow/example_dags/example_branch_python_dop_operator_3.py
[2024-08-10 22:18:47,709] {scheduler_job.py:639} INFO - DAG(s) dict_keys(['example_branch_dop_operator_v3']) retrieved from /home/airflow/.local/lib/python3.6/site-packages/airflow/example_dags/example_branch_python_dop_operator_3.py
[2024-08-10 22:18:47,771] {logging_mixin.py:104} INFO - [2024-08-10 22:18:47,771] {dag.py:1824} INFO - Sync 1 DAGs
[2024-08-10 22:18:47,797] {logging_mixin.py:104} INFO - [2024-08-10 22:18:47,797] {dag.py:2280} INFO - Setting next_dagrun for example_branch_dop_operator_v3 to 2024-08-08 00:00:00+00:00
[2024-08-10 22:18:47,807] {scheduler_job.py:190} INFO - Processing /home/airflow/.local/lib/python3.6/site-packages/airflow/example_dags/example_branch_python_dop_operator_3.py took 0.111 seconds
[2024-08-10 22:19:18,939] {scheduler_job.py:182} INFO - Started process (PID=516) to work on /home/airflow/.local/lib/python3.6/site-packages/airflow/example_dags/example_branch_python_dop_operator_3.py
[2024-08-10 22:19:18,941] {scheduler_job.py:629} INFO - Processing file /home/airflow/.local/lib/python3.6/site-packages/airflow/example_dags/example_branch_python_dop_operator_3.py for tasks to queue
[2024-08-10 22:19:18,941] {logging_mixin.py:104} INFO - [2024-08-10 22:19:18,941] {dagbag.py:451} INFO - Filling up the DagBag from /home/airflow/.local/lib/python3.6/site-packages/airflow/example_dags/example_branch_python_dop_operator_3.py
[2024-08-10 22:19:18,950] {scheduler_job.py:639} INFO - DAG(s) dict_keys(['example_branch_dop_operator_v3']) retrieved from /home/airflow/.local/lib/python3.6/site-packages/airflow/example_dags/example_branch_python_dop_operator_3.py
[2024-08-10 22:19:19,008] {logging_mixin.py:104} INFO - [2024-08-10 22:19:19,008] {dag.py:1824} INFO - Sync 1 DAGs
[2024-08-10 22:19:19,033] {logging_mixin.py:104} INFO - [2024-08-10 22:19:19,033] {dag.py:2280} INFO - Setting next_dagrun for example_branch_dop_operator_v3 to 2024-08-08 00:00:00+00:00
[2024-08-10 22:19:19,045] {scheduler_job.py:190} INFO - Processing /home/airflow/.local/lib/python3.6/site-packages/airflow/example_dags/example_branch_python_dop_operator_3.py took 0.108 seconds
[2024-08-10 22:27:20,677] {scheduler_job.py:182} INFO - Started process (PID=537) to work on /home/airflow/.local/lib/python3.6/site-packages/airflow/example_dags/example_branch_python_dop_operator_3.py
[2024-08-10 22:27:20,678] {scheduler_job.py:629} INFO - Processing file /home/airflow/.local/lib/python3.6/site-packages/airflow/example_dags/example_branch_python_dop_operator_3.py for tasks to queue
[2024-08-10 22:27:20,679] {logging_mixin.py:104} INFO - [2024-08-10 22:27:20,679] {dagbag.py:451} INFO - Filling up the DagBag from /home/airflow/.local/lib/python3.6/site-packages/airflow/example_dags/example_branch_python_dop_operator_3.py
[2024-08-10 22:27:20,690] {scheduler_job.py:639} INFO - DAG(s) dict_keys(['example_branch_dop_operator_v3']) retrieved from /home/airflow/.local/lib/python3.6/site-packages/airflow/example_dags/example_branch_python_dop_operator_3.py
[2024-08-10 22:27:20,751] {logging_mixin.py:104} INFO - [2024-08-10 22:27:20,751] {dag.py:1824} INFO - Sync 1 DAGs
[2024-08-10 22:27:20,777] {logging_mixin.py:104} INFO - [2024-08-10 22:27:20,777] {dag.py:2280} INFO - Setting next_dagrun for example_branch_dop_operator_v3 to 2024-08-08 00:00:00+00:00
[2024-08-10 22:27:20,788] {scheduler_job.py:190} INFO - Processing /home/airflow/.local/lib/python3.6/site-packages/airflow/example_dags/example_branch_python_dop_operator_3.py took 0.114 seconds
[2024-08-10 23:00:13,578] {scheduler_job.py:182} INFO - Started process (PID=566) to work on /home/airflow/.local/lib/python3.6/site-packages/airflow/example_dags/example_branch_python_dop_operator_3.py
[2024-08-10 23:00:13,579] {scheduler_job.py:629} INFO - Processing file /home/airflow/.local/lib/python3.6/site-packages/airflow/example_dags/example_branch_python_dop_operator_3.py for tasks to queue
[2024-08-10 23:00:13,580] {logging_mixin.py:104} INFO - [2024-08-10 23:00:13,579] {dagbag.py:451} INFO - Filling up the DagBag from /home/airflow/.local/lib/python3.6/site-packages/airflow/example_dags/example_branch_python_dop_operator_3.py
[2024-08-10 23:00:13,590] {scheduler_job.py:639} INFO - DAG(s) dict_keys(['example_branch_dop_operator_v3']) retrieved from /home/airflow/.local/lib/python3.6/site-packages/airflow/example_dags/example_branch_python_dop_operator_3.py
[2024-08-10 23:00:13,670] {logging_mixin.py:104} INFO - [2024-08-10 23:00:13,670] {dag.py:1824} INFO - Sync 1 DAGs
[2024-08-10 23:00:13,700] {logging_mixin.py:104} INFO - [2024-08-10 23:00:13,700] {dag.py:2280} INFO - Setting next_dagrun for example_branch_dop_operator_v3 to 2024-08-08 00:00:00+00:00
[2024-08-10 23:00:13,720] {scheduler_job.py:190} INFO - Processing /home/airflow/.local/lib/python3.6/site-packages/airflow/example_dags/example_branch_python_dop_operator_3.py took 0.143 seconds
[2024-08-10 23:02:54,195] {scheduler_job.py:182} INFO - Started process (PID=595) to work on /home/airflow/.local/lib/python3.6/site-packages/airflow/example_dags/example_branch_python_dop_operator_3.py
[2024-08-10 23:02:54,196] {scheduler_job.py:629} INFO - Processing file /home/airflow/.local/lib/python3.6/site-packages/airflow/example_dags/example_branch_python_dop_operator_3.py for tasks to queue
[2024-08-10 23:02:54,197] {logging_mixin.py:104} INFO - [2024-08-10 23:02:54,196] {dagbag.py:451} INFO - Filling up the DagBag from /home/airflow/.local/lib/python3.6/site-packages/airflow/example_dags/example_branch_python_dop_operator_3.py
[2024-08-10 23:02:54,207] {scheduler_job.py:639} INFO - DAG(s) dict_keys(['example_branch_dop_operator_v3']) retrieved from /home/airflow/.local/lib/python3.6/site-packages/airflow/example_dags/example_branch_python_dop_operator_3.py
[2024-08-10 23:02:54,267] {logging_mixin.py:104} INFO - [2024-08-10 23:02:54,267] {dag.py:1824} INFO - Sync 1 DAGs
[2024-08-10 23:02:54,293] {logging_mixin.py:104} INFO - [2024-08-10 23:02:54,293] {dag.py:2280} INFO - Setting next_dagrun for example_branch_dop_operator_v3 to 2024-08-08 00:00:00+00:00
[2024-08-10 23:02:54,306] {scheduler_job.py:190} INFO - Processing /home/airflow/.local/lib/python3.6/site-packages/airflow/example_dags/example_branch_python_dop_operator_3.py took 0.112 seconds
[2024-08-10 23:14:08,539] {scheduler_job.py:182} INFO - Started process (PID=624) to work on /home/airflow/.local/lib/python3.6/site-packages/airflow/example_dags/example_branch_python_dop_operator_3.py
[2024-08-10 23:14:08,541] {scheduler_job.py:629} INFO - Processing file /home/airflow/.local/lib/python3.6/site-packages/airflow/example_dags/example_branch_python_dop_operator_3.py for tasks to queue
[2024-08-10 23:14:08,542] {logging_mixin.py:104} INFO - [2024-08-10 23:14:08,542] {dagbag.py:451} INFO - Filling up the DagBag from /home/airflow/.local/lib/python3.6/site-packages/airflow/example_dags/example_branch_python_dop_operator_3.py
[2024-08-10 23:14:08,550] {scheduler_job.py:639} INFO - DAG(s) dict_keys(['example_branch_dop_operator_v3']) retrieved from /home/airflow/.local/lib/python3.6/site-packages/airflow/example_dags/example_branch_python_dop_operator_3.py
[2024-08-10 23:14:08,610] {logging_mixin.py:104} INFO - [2024-08-10 23:14:08,610] {dag.py:1824} INFO - Sync 1 DAGs
[2024-08-10 23:14:08,638] {logging_mixin.py:104} INFO - [2024-08-10 23:14:08,638] {dag.py:2280} INFO - Setting next_dagrun for example_branch_dop_operator_v3 to 2024-08-08 00:00:00+00:00
[2024-08-10 23:14:08,649] {scheduler_job.py:190} INFO - Processing /home/airflow/.local/lib/python3.6/site-packages/airflow/example_dags/example_branch_python_dop_operator_3.py took 0.113 seconds
[2024-08-10 23:14:39,467] {scheduler_job.py:182} INFO - Started process (PID=653) to work on /home/airflow/.local/lib/python3.6/site-packages/airflow/example_dags/example_branch_python_dop_operator_3.py
[2024-08-10 23:14:39,468] {scheduler_job.py:629} INFO - Processing file /home/airflow/.local/lib/python3.6/site-packages/airflow/example_dags/example_branch_python_dop_operator_3.py for tasks to queue
[2024-08-10 23:14:39,468] {logging_mixin.py:104} INFO - [2024-08-10 23:14:39,468] {dagbag.py:451} INFO - Filling up the DagBag from /home/airflow/.local/lib/python3.6/site-packages/airflow/example_dags/example_branch_python_dop_operator_3.py
[2024-08-10 23:14:39,477] {scheduler_job.py:639} INFO - DAG(s) dict_keys(['example_branch_dop_operator_v3']) retrieved from /home/airflow/.local/lib/python3.6/site-packages/airflow/example_dags/example_branch_python_dop_operator_3.py
[2024-08-10 23:14:39,535] {logging_mixin.py:104} INFO - [2024-08-10 23:14:39,535] {dag.py:1824} INFO - Sync 1 DAGs
[2024-08-10 23:14:39,560] {logging_mixin.py:104} INFO - [2024-08-10 23:14:39,560] {dag.py:2280} INFO - Setting next_dagrun for example_branch_dop_operator_v3 to 2024-08-08 00:00:00+00:00
[2024-08-10 23:14:39,571] {scheduler_job.py:190} INFO - Processing /home/airflow/.local/lib/python3.6/site-packages/airflow/example_dags/example_branch_python_dop_operator_3.py took 0.105 seconds
