[2024-08-10 00:13:03,785] {scheduler_job.py:182} INFO - Started process (PID=60881) to work on /home/airflow/.local/lib/python3.6/site-packages/airflow/example_dags/example_nested_branch_dag.py
[2024-08-10 00:13:03,786] {scheduler_job.py:629} INFO - Processing file /home/airflow/.local/lib/python3.6/site-packages/airflow/example_dags/example_nested_branch_dag.py for tasks to queue
[2024-08-10 00:13:03,786] {logging_mixin.py:104} INFO - [2024-08-10 00:13:03,786] {dagbag.py:451} INFO - Filling up the DagBag from /home/airflow/.local/lib/python3.6/site-packages/airflow/example_dags/example_nested_branch_dag.py
[2024-08-10 00:13:03,796] {scheduler_job.py:639} INFO - DAG(s) dict_keys(['example_nested_branch_dag']) retrieved from /home/airflow/.local/lib/python3.6/site-packages/airflow/example_dags/example_nested_branch_dag.py
[2024-08-10 00:13:03,860] {logging_mixin.py:104} INFO - [2024-08-10 00:13:03,860] {dag.py:1824} INFO - Sync 1 DAGs
[2024-08-10 00:13:03,892] {logging_mixin.py:104} INFO - [2024-08-10 00:13:03,892] {dag.py:2280} INFO - Setting next_dagrun for example_nested_branch_dag to 2024-08-08 00:00:00+00:00
[2024-08-10 00:13:03,915] {scheduler_job.py:190} INFO - Processing /home/airflow/.local/lib/python3.6/site-packages/airflow/example_dags/example_nested_branch_dag.py took 0.132 seconds
[2024-08-10 00:13:33,950] {scheduler_job.py:182} INFO - Started process (PID=60910) to work on /home/airflow/.local/lib/python3.6/site-packages/airflow/example_dags/example_nested_branch_dag.py
[2024-08-10 00:13:33,950] {scheduler_job.py:629} INFO - Processing file /home/airflow/.local/lib/python3.6/site-packages/airflow/example_dags/example_nested_branch_dag.py for tasks to queue
[2024-08-10 00:13:33,951] {logging_mixin.py:104} INFO - [2024-08-10 00:13:33,951] {dagbag.py:451} INFO - Filling up the DagBag from /home/airflow/.local/lib/python3.6/site-packages/airflow/example_dags/example_nested_branch_dag.py
[2024-08-10 00:13:33,960] {scheduler_job.py:639} INFO - DAG(s) dict_keys(['example_nested_branch_dag']) retrieved from /home/airflow/.local/lib/python3.6/site-packages/airflow/example_dags/example_nested_branch_dag.py
[2024-08-10 00:13:34,019] {logging_mixin.py:104} INFO - [2024-08-10 00:13:34,019] {dag.py:1824} INFO - Sync 1 DAGs
[2024-08-10 00:13:34,040] {logging_mixin.py:104} INFO - [2024-08-10 00:13:34,040] {dag.py:2280} INFO - Setting next_dagrun for example_nested_branch_dag to 2024-08-08 00:00:00+00:00
[2024-08-10 00:13:34,050] {scheduler_job.py:190} INFO - Processing /home/airflow/.local/lib/python3.6/site-packages/airflow/example_dags/example_nested_branch_dag.py took 0.102 seconds
[2024-08-10 01:03:33,153] {scheduler_job.py:182} INFO - Started process (PID=60939) to work on /home/airflow/.local/lib/python3.6/site-packages/airflow/example_dags/example_nested_branch_dag.py
[2024-08-10 01:03:33,157] {scheduler_job.py:629} INFO - Processing file /home/airflow/.local/lib/python3.6/site-packages/airflow/example_dags/example_nested_branch_dag.py for tasks to queue
[2024-08-10 01:03:33,160] {logging_mixin.py:104} INFO - [2024-08-10 01:03:33,160] {dagbag.py:451} INFO - Filling up the DagBag from /home/airflow/.local/lib/python3.6/site-packages/airflow/example_dags/example_nested_branch_dag.py
[2024-08-10 01:03:33,188] {scheduler_job.py:639} INFO - DAG(s) dict_keys(['example_nested_branch_dag']) retrieved from /home/airflow/.local/lib/python3.6/site-packages/airflow/example_dags/example_nested_branch_dag.py
[2024-08-10 01:03:33,268] {logging_mixin.py:104} INFO - [2024-08-10 01:03:33,268] {dag.py:1824} INFO - Sync 1 DAGs
[2024-08-10 01:03:33,298] {logging_mixin.py:104} INFO - [2024-08-10 01:03:33,298] {dag.py:2280} INFO - Setting next_dagrun for example_nested_branch_dag to 2024-08-08 00:00:00+00:00
[2024-08-10 01:03:33,311] {scheduler_job.py:190} INFO - Processing /home/airflow/.local/lib/python3.6/site-packages/airflow/example_dags/example_nested_branch_dag.py took 0.160 seconds
[2024-08-10 01:14:30,084] {scheduler_job.py:182} INFO - Started process (PID=60968) to work on /home/airflow/.local/lib/python3.6/site-packages/airflow/example_dags/example_nested_branch_dag.py
[2024-08-10 01:14:30,085] {scheduler_job.py:629} INFO - Processing file /home/airflow/.local/lib/python3.6/site-packages/airflow/example_dags/example_nested_branch_dag.py for tasks to queue
[2024-08-10 01:14:30,085] {logging_mixin.py:104} INFO - [2024-08-10 01:14:30,085] {dagbag.py:451} INFO - Filling up the DagBag from /home/airflow/.local/lib/python3.6/site-packages/airflow/example_dags/example_nested_branch_dag.py
[2024-08-10 01:14:30,095] {scheduler_job.py:639} INFO - DAG(s) dict_keys(['example_nested_branch_dag']) retrieved from /home/airflow/.local/lib/python3.6/site-packages/airflow/example_dags/example_nested_branch_dag.py
[2024-08-10 01:14:30,156] {logging_mixin.py:104} INFO - [2024-08-10 01:14:30,156] {dag.py:1824} INFO - Sync 1 DAGs
[2024-08-10 01:14:30,177] {logging_mixin.py:104} INFO - [2024-08-10 01:14:30,177] {dag.py:2280} INFO - Setting next_dagrun for example_nested_branch_dag to 2024-08-08 00:00:00+00:00
[2024-08-10 01:14:30,190] {scheduler_job.py:190} INFO - Processing /home/airflow/.local/lib/python3.6/site-packages/airflow/example_dags/example_nested_branch_dag.py took 0.108 seconds
[2024-08-10 01:47:57,846] {scheduler_job.py:182} INFO - Started process (PID=60997) to work on /home/airflow/.local/lib/python3.6/site-packages/airflow/example_dags/example_nested_branch_dag.py
[2024-08-10 01:47:57,847] {scheduler_job.py:629} INFO - Processing file /home/airflow/.local/lib/python3.6/site-packages/airflow/example_dags/example_nested_branch_dag.py for tasks to queue
[2024-08-10 01:47:57,847] {logging_mixin.py:104} INFO - [2024-08-10 01:47:57,847] {dagbag.py:451} INFO - Filling up the DagBag from /home/airflow/.local/lib/python3.6/site-packages/airflow/example_dags/example_nested_branch_dag.py
[2024-08-10 01:47:57,856] {scheduler_job.py:639} INFO - DAG(s) dict_keys(['example_nested_branch_dag']) retrieved from /home/airflow/.local/lib/python3.6/site-packages/airflow/example_dags/example_nested_branch_dag.py
[2024-08-10 01:47:57,917] {logging_mixin.py:104} INFO - [2024-08-10 01:47:57,917] {dag.py:1824} INFO - Sync 1 DAGs
[2024-08-10 01:47:57,940] {logging_mixin.py:104} INFO - [2024-08-10 01:47:57,940] {dag.py:2280} INFO - Setting next_dagrun for example_nested_branch_dag to 2024-08-08 00:00:00+00:00
[2024-08-10 01:47:57,952] {scheduler_job.py:190} INFO - Processing /home/airflow/.local/lib/python3.6/site-packages/airflow/example_dags/example_nested_branch_dag.py took 0.108 seconds
[2024-08-10 02:15:26,809] {scheduler_job.py:182} INFO - Started process (PID=61026) to work on /home/airflow/.local/lib/python3.6/site-packages/airflow/example_dags/example_nested_branch_dag.py
[2024-08-10 02:15:26,811] {scheduler_job.py:629} INFO - Processing file /home/airflow/.local/lib/python3.6/site-packages/airflow/example_dags/example_nested_branch_dag.py for tasks to queue
[2024-08-10 02:15:26,813] {logging_mixin.py:104} INFO - [2024-08-10 02:15:26,813] {dagbag.py:451} INFO - Filling up the DagBag from /home/airflow/.local/lib/python3.6/site-packages/airflow/example_dags/example_nested_branch_dag.py
[2024-08-10 02:15:26,826] {scheduler_job.py:639} INFO - DAG(s) dict_keys(['example_nested_branch_dag']) retrieved from /home/airflow/.local/lib/python3.6/site-packages/airflow/example_dags/example_nested_branch_dag.py
[2024-08-10 02:15:26,891] {logging_mixin.py:104} INFO - [2024-08-10 02:15:26,891] {dag.py:1824} INFO - Sync 1 DAGs
[2024-08-10 02:15:26,918] {logging_mixin.py:104} INFO - [2024-08-10 02:15:26,917] {dag.py:2280} INFO - Setting next_dagrun for example_nested_branch_dag to 2024-08-08 00:00:00+00:00
[2024-08-10 02:15:26,929] {scheduler_job.py:190} INFO - Processing /home/airflow/.local/lib/python3.6/site-packages/airflow/example_dags/example_nested_branch_dag.py took 0.122 seconds
[2024-08-10 02:21:40,413] {scheduler_job.py:182} INFO - Started process (PID=61055) to work on /home/airflow/.local/lib/python3.6/site-packages/airflow/example_dags/example_nested_branch_dag.py
[2024-08-10 02:21:40,414] {scheduler_job.py:629} INFO - Processing file /home/airflow/.local/lib/python3.6/site-packages/airflow/example_dags/example_nested_branch_dag.py for tasks to queue
[2024-08-10 02:21:40,415] {logging_mixin.py:104} INFO - [2024-08-10 02:21:40,415] {dagbag.py:451} INFO - Filling up the DagBag from /home/airflow/.local/lib/python3.6/site-packages/airflow/example_dags/example_nested_branch_dag.py
[2024-08-10 02:21:40,426] {scheduler_job.py:639} INFO - DAG(s) dict_keys(['example_nested_branch_dag']) retrieved from /home/airflow/.local/lib/python3.6/site-packages/airflow/example_dags/example_nested_branch_dag.py
[2024-08-10 02:21:40,497] {logging_mixin.py:104} INFO - [2024-08-10 02:21:40,497] {dag.py:1824} INFO - Sync 1 DAGs
[2024-08-10 02:21:40,525] {logging_mixin.py:104} INFO - [2024-08-10 02:21:40,524] {dag.py:2280} INFO - Setting next_dagrun for example_nested_branch_dag to 2024-08-08 00:00:00+00:00
[2024-08-10 02:21:40,539] {scheduler_job.py:190} INFO - Processing /home/airflow/.local/lib/python3.6/site-packages/airflow/example_dags/example_nested_branch_dag.py took 0.131 seconds
[2024-08-10 02:22:11,481] {scheduler_job.py:182} INFO - Started process (PID=61084) to work on /home/airflow/.local/lib/python3.6/site-packages/airflow/example_dags/example_nested_branch_dag.py
[2024-08-10 02:22:11,482] {scheduler_job.py:629} INFO - Processing file /home/airflow/.local/lib/python3.6/site-packages/airflow/example_dags/example_nested_branch_dag.py for tasks to queue
[2024-08-10 02:22:11,482] {logging_mixin.py:104} INFO - [2024-08-10 02:22:11,482] {dagbag.py:451} INFO - Filling up the DagBag from /home/airflow/.local/lib/python3.6/site-packages/airflow/example_dags/example_nested_branch_dag.py
[2024-08-10 02:22:11,491] {scheduler_job.py:639} INFO - DAG(s) dict_keys(['example_nested_branch_dag']) retrieved from /home/airflow/.local/lib/python3.6/site-packages/airflow/example_dags/example_nested_branch_dag.py
[2024-08-10 02:22:11,549] {logging_mixin.py:104} INFO - [2024-08-10 02:22:11,549] {dag.py:1824} INFO - Sync 1 DAGs
[2024-08-10 02:22:11,569] {logging_mixin.py:104} INFO - [2024-08-10 02:22:11,569] {dag.py:2280} INFO - Setting next_dagrun for example_nested_branch_dag to 2024-08-08 00:00:00+00:00
[2024-08-10 02:22:11,580] {scheduler_job.py:190} INFO - Processing /home/airflow/.local/lib/python3.6/site-packages/airflow/example_dags/example_nested_branch_dag.py took 0.100 seconds
[2024-08-10 03:16:05,656] {scheduler_job.py:182} INFO - Started process (PID=61113) to work on /home/airflow/.local/lib/python3.6/site-packages/airflow/example_dags/example_nested_branch_dag.py
[2024-08-10 03:16:05,660] {scheduler_job.py:629} INFO - Processing file /home/airflow/.local/lib/python3.6/site-packages/airflow/example_dags/example_nested_branch_dag.py for tasks to queue
[2024-08-10 03:16:05,674] {logging_mixin.py:104} INFO - [2024-08-10 03:16:05,672] {dagbag.py:451} INFO - Filling up the DagBag from /home/airflow/.local/lib/python3.6/site-packages/airflow/example_dags/example_nested_branch_dag.py
[2024-08-10 03:16:05,692] {scheduler_job.py:639} INFO - DAG(s) dict_keys(['example_nested_branch_dag']) retrieved from /home/airflow/.local/lib/python3.6/site-packages/airflow/example_dags/example_nested_branch_dag.py
[2024-08-10 03:16:05,783] {logging_mixin.py:104} INFO - [2024-08-10 03:16:05,783] {dag.py:1824} INFO - Sync 1 DAGs
[2024-08-10 03:16:05,807] {logging_mixin.py:104} INFO - [2024-08-10 03:16:05,807] {dag.py:2280} INFO - Setting next_dagrun for example_nested_branch_dag to 2024-08-08 00:00:00+00:00
[2024-08-10 03:16:05,819] {scheduler_job.py:190} INFO - Processing /home/airflow/.local/lib/python3.6/site-packages/airflow/example_dags/example_nested_branch_dag.py took 0.169 seconds
[2024-08-10 03:16:35,842] {scheduler_job.py:182} INFO - Started process (PID=61142) to work on /home/airflow/.local/lib/python3.6/site-packages/airflow/example_dags/example_nested_branch_dag.py
[2024-08-10 03:16:35,842] {scheduler_job.py:629} INFO - Processing file /home/airflow/.local/lib/python3.6/site-packages/airflow/example_dags/example_nested_branch_dag.py for tasks to queue
[2024-08-10 03:16:35,842] {logging_mixin.py:104} INFO - [2024-08-10 03:16:35,842] {dagbag.py:451} INFO - Filling up the DagBag from /home/airflow/.local/lib/python3.6/site-packages/airflow/example_dags/example_nested_branch_dag.py
[2024-08-10 03:16:35,851] {scheduler_job.py:639} INFO - DAG(s) dict_keys(['example_nested_branch_dag']) retrieved from /home/airflow/.local/lib/python3.6/site-packages/airflow/example_dags/example_nested_branch_dag.py
[2024-08-10 03:16:35,906] {logging_mixin.py:104} INFO - [2024-08-10 03:16:35,906] {dag.py:1824} INFO - Sync 1 DAGs
[2024-08-10 03:16:35,926] {logging_mixin.py:104} INFO - [2024-08-10 03:16:35,926] {dag.py:2280} INFO - Setting next_dagrun for example_nested_branch_dag to 2024-08-08 00:00:00+00:00
[2024-08-10 03:16:35,935] {scheduler_job.py:190} INFO - Processing /home/airflow/.local/lib/python3.6/site-packages/airflow/example_dags/example_nested_branch_dag.py took 0.095 seconds
[2024-08-10 04:06:30,373] {scheduler_job.py:182} INFO - Started process (PID=61171) to work on /home/airflow/.local/lib/python3.6/site-packages/airflow/example_dags/example_nested_branch_dag.py
[2024-08-10 04:06:30,374] {scheduler_job.py:629} INFO - Processing file /home/airflow/.local/lib/python3.6/site-packages/airflow/example_dags/example_nested_branch_dag.py for tasks to queue
[2024-08-10 04:06:30,374] {logging_mixin.py:104} INFO - [2024-08-10 04:06:30,374] {dagbag.py:451} INFO - Filling up the DagBag from /home/airflow/.local/lib/python3.6/site-packages/airflow/example_dags/example_nested_branch_dag.py
[2024-08-10 04:06:30,383] {scheduler_job.py:639} INFO - DAG(s) dict_keys(['example_nested_branch_dag']) retrieved from /home/airflow/.local/lib/python3.6/site-packages/airflow/example_dags/example_nested_branch_dag.py
[2024-08-10 04:06:30,446] {logging_mixin.py:104} INFO - [2024-08-10 04:06:30,446] {dag.py:1824} INFO - Sync 1 DAGs
[2024-08-10 04:06:30,468] {logging_mixin.py:104} INFO - [2024-08-10 04:06:30,468] {dag.py:2280} INFO - Setting next_dagrun for example_nested_branch_dag to 2024-08-08 00:00:00+00:00
[2024-08-10 04:06:30,479] {scheduler_job.py:190} INFO - Processing /home/airflow/.local/lib/python3.6/site-packages/airflow/example_dags/example_nested_branch_dag.py took 0.108 seconds
[2024-08-10 04:17:32,090] {scheduler_job.py:182} INFO - Started process (PID=61200) to work on /home/airflow/.local/lib/python3.6/site-packages/airflow/example_dags/example_nested_branch_dag.py
[2024-08-10 04:17:32,091] {scheduler_job.py:629} INFO - Processing file /home/airflow/.local/lib/python3.6/site-packages/airflow/example_dags/example_nested_branch_dag.py for tasks to queue
[2024-08-10 04:17:32,093] {logging_mixin.py:104} INFO - [2024-08-10 04:17:32,093] {dagbag.py:451} INFO - Filling up the DagBag from /home/airflow/.local/lib/python3.6/site-packages/airflow/example_dags/example_nested_branch_dag.py
[2024-08-10 04:17:32,104] {scheduler_job.py:639} INFO - DAG(s) dict_keys(['example_nested_branch_dag']) retrieved from /home/airflow/.local/lib/python3.6/site-packages/airflow/example_dags/example_nested_branch_dag.py
[2024-08-10 04:17:32,166] {logging_mixin.py:104} INFO - [2024-08-10 04:17:32,166] {dag.py:1824} INFO - Sync 1 DAGs
[2024-08-10 04:17:32,188] {logging_mixin.py:104} INFO - [2024-08-10 04:17:32,188] {dag.py:2280} INFO - Setting next_dagrun for example_nested_branch_dag to 2024-08-08 00:00:00+00:00
[2024-08-10 04:17:32,199] {scheduler_job.py:190} INFO - Processing /home/airflow/.local/lib/python3.6/site-packages/airflow/example_dags/example_nested_branch_dag.py took 0.110 seconds
[2024-08-10 05:08:47,373] {scheduler_job.py:182} INFO - Started process (PID=61229) to work on /home/airflow/.local/lib/python3.6/site-packages/airflow/example_dags/example_nested_branch_dag.py
[2024-08-10 05:08:47,376] {scheduler_job.py:629} INFO - Processing file /home/airflow/.local/lib/python3.6/site-packages/airflow/example_dags/example_nested_branch_dag.py for tasks to queue
[2024-08-10 05:08:47,376] {logging_mixin.py:104} INFO - [2024-08-10 05:08:47,376] {dagbag.py:451} INFO - Filling up the DagBag from /home/airflow/.local/lib/python3.6/site-packages/airflow/example_dags/example_nested_branch_dag.py
[2024-08-10 05:08:47,398] {scheduler_job.py:639} INFO - DAG(s) dict_keys(['example_nested_branch_dag']) retrieved from /home/airflow/.local/lib/python3.6/site-packages/airflow/example_dags/example_nested_branch_dag.py
[2024-08-10 05:08:47,480] {logging_mixin.py:104} INFO - [2024-08-10 05:08:47,480] {dag.py:1824} INFO - Sync 1 DAGs
[2024-08-10 05:08:47,519] {logging_mixin.py:104} INFO - [2024-08-10 05:08:47,518] {dag.py:2280} INFO - Setting next_dagrun for example_nested_branch_dag to 2024-08-08 00:00:00+00:00
[2024-08-10 05:08:47,537] {scheduler_job.py:190} INFO - Processing /home/airflow/.local/lib/python3.6/site-packages/airflow/example_dags/example_nested_branch_dag.py took 0.166 seconds
[2024-08-10 05:18:29,199] {scheduler_job.py:182} INFO - Started process (PID=61258) to work on /home/airflow/.local/lib/python3.6/site-packages/airflow/example_dags/example_nested_branch_dag.py
[2024-08-10 05:18:29,200] {scheduler_job.py:629} INFO - Processing file /home/airflow/.local/lib/python3.6/site-packages/airflow/example_dags/example_nested_branch_dag.py for tasks to queue
[2024-08-10 05:18:29,200] {logging_mixin.py:104} INFO - [2024-08-10 05:18:29,200] {dagbag.py:451} INFO - Filling up the DagBag from /home/airflow/.local/lib/python3.6/site-packages/airflow/example_dags/example_nested_branch_dag.py
[2024-08-10 05:18:29,215] {scheduler_job.py:639} INFO - DAG(s) dict_keys(['example_nested_branch_dag']) retrieved from /home/airflow/.local/lib/python3.6/site-packages/airflow/example_dags/example_nested_branch_dag.py
[2024-08-10 05:18:29,278] {logging_mixin.py:104} INFO - [2024-08-10 05:18:29,278] {dag.py:1824} INFO - Sync 1 DAGs
[2024-08-10 05:18:29,301] {logging_mixin.py:104} INFO - [2024-08-10 05:18:29,301] {dag.py:2280} INFO - Setting next_dagrun for example_nested_branch_dag to 2024-08-08 00:00:00+00:00
[2024-08-10 05:18:29,312] {scheduler_job.py:190} INFO - Processing /home/airflow/.local/lib/python3.6/site-packages/airflow/example_dags/example_nested_branch_dag.py took 0.116 seconds
[2024-08-10 05:52:10,946] {scheduler_job.py:182} INFO - Started process (PID=61287) to work on /home/airflow/.local/lib/python3.6/site-packages/airflow/example_dags/example_nested_branch_dag.py
[2024-08-10 05:52:10,946] {scheduler_job.py:629} INFO - Processing file /home/airflow/.local/lib/python3.6/site-packages/airflow/example_dags/example_nested_branch_dag.py for tasks to queue
[2024-08-10 05:52:10,947] {logging_mixin.py:104} INFO - [2024-08-10 05:52:10,947] {dagbag.py:451} INFO - Filling up the DagBag from /home/airflow/.local/lib/python3.6/site-packages/airflow/example_dags/example_nested_branch_dag.py
[2024-08-10 05:52:10,956] {scheduler_job.py:639} INFO - DAG(s) dict_keys(['example_nested_branch_dag']) retrieved from /home/airflow/.local/lib/python3.6/site-packages/airflow/example_dags/example_nested_branch_dag.py
[2024-08-10 05:52:11,016] {logging_mixin.py:104} INFO - [2024-08-10 05:52:11,016] {dag.py:1824} INFO - Sync 1 DAGs
[2024-08-10 05:52:11,043] {logging_mixin.py:104} INFO - [2024-08-10 05:52:11,043] {dag.py:2280} INFO - Setting next_dagrun for example_nested_branch_dag to 2024-08-08 00:00:00+00:00
[2024-08-10 05:52:11,061] {scheduler_job.py:190} INFO - Processing /home/airflow/.local/lib/python3.6/site-packages/airflow/example_dags/example_nested_branch_dag.py took 0.117 seconds
[2024-08-10 06:01:20,501] {scheduler_job.py:182} INFO - Started process (PID=61316) to work on /home/airflow/.local/lib/python3.6/site-packages/airflow/example_dags/example_nested_branch_dag.py
[2024-08-10 06:01:20,502] {scheduler_job.py:629} INFO - Processing file /home/airflow/.local/lib/python3.6/site-packages/airflow/example_dags/example_nested_branch_dag.py for tasks to queue
[2024-08-10 06:01:20,502] {logging_mixin.py:104} INFO - [2024-08-10 06:01:20,502] {dagbag.py:451} INFO - Filling up the DagBag from /home/airflow/.local/lib/python3.6/site-packages/airflow/example_dags/example_nested_branch_dag.py
[2024-08-10 06:01:20,511] {scheduler_job.py:639} INFO - DAG(s) dict_keys(['example_nested_branch_dag']) retrieved from /home/airflow/.local/lib/python3.6/site-packages/airflow/example_dags/example_nested_branch_dag.py
[2024-08-10 06:01:20,571] {logging_mixin.py:104} INFO - [2024-08-10 06:01:20,571] {dag.py:1824} INFO - Sync 1 DAGs
[2024-08-10 06:01:20,591] {logging_mixin.py:104} INFO - [2024-08-10 06:01:20,591] {dag.py:2280} INFO - Setting next_dagrun for example_nested_branch_dag to 2024-08-08 00:00:00+00:00
[2024-08-10 06:01:20,602] {scheduler_job.py:190} INFO - Processing /home/airflow/.local/lib/python3.6/site-packages/airflow/example_dags/example_nested_branch_dag.py took 0.103 seconds
[2024-08-10 06:09:12,280] {scheduler_job.py:182} INFO - Started process (PID=61345) to work on /home/airflow/.local/lib/python3.6/site-packages/airflow/example_dags/example_nested_branch_dag.py
[2024-08-10 06:09:12,280] {scheduler_job.py:629} INFO - Processing file /home/airflow/.local/lib/python3.6/site-packages/airflow/example_dags/example_nested_branch_dag.py for tasks to queue
[2024-08-10 06:09:12,281] {logging_mixin.py:104} INFO - [2024-08-10 06:09:12,280] {dagbag.py:451} INFO - Filling up the DagBag from /home/airflow/.local/lib/python3.6/site-packages/airflow/example_dags/example_nested_branch_dag.py
[2024-08-10 06:09:12,289] {scheduler_job.py:639} INFO - DAG(s) dict_keys(['example_nested_branch_dag']) retrieved from /home/airflow/.local/lib/python3.6/site-packages/airflow/example_dags/example_nested_branch_dag.py
[2024-08-10 06:09:12,352] {logging_mixin.py:104} INFO - [2024-08-10 06:09:12,352] {dag.py:1824} INFO - Sync 1 DAGs
[2024-08-10 06:09:12,376] {logging_mixin.py:104} INFO - [2024-08-10 06:09:12,376] {dag.py:2280} INFO - Setting next_dagrun for example_nested_branch_dag to 2024-08-08 00:00:00+00:00
[2024-08-10 06:09:12,390] {scheduler_job.py:190} INFO - Processing /home/airflow/.local/lib/python3.6/site-packages/airflow/example_dags/example_nested_branch_dag.py took 0.111 seconds
[2024-08-10 06:09:43,376] {scheduler_job.py:182} INFO - Started process (PID=61374) to work on /home/airflow/.local/lib/python3.6/site-packages/airflow/example_dags/example_nested_branch_dag.py
[2024-08-10 06:09:43,377] {scheduler_job.py:629} INFO - Processing file /home/airflow/.local/lib/python3.6/site-packages/airflow/example_dags/example_nested_branch_dag.py for tasks to queue
[2024-08-10 06:09:43,377] {logging_mixin.py:104} INFO - [2024-08-10 06:09:43,377] {dagbag.py:451} INFO - Filling up the DagBag from /home/airflow/.local/lib/python3.6/site-packages/airflow/example_dags/example_nested_branch_dag.py
[2024-08-10 06:09:43,386] {scheduler_job.py:639} INFO - DAG(s) dict_keys(['example_nested_branch_dag']) retrieved from /home/airflow/.local/lib/python3.6/site-packages/airflow/example_dags/example_nested_branch_dag.py
[2024-08-10 06:09:43,446] {logging_mixin.py:104} INFO - [2024-08-10 06:09:43,446] {dag.py:1824} INFO - Sync 1 DAGs
[2024-08-10 06:09:43,466] {logging_mixin.py:104} INFO - [2024-08-10 06:09:43,466] {dag.py:2280} INFO - Setting next_dagrun for example_nested_branch_dag to 2024-08-08 00:00:00+00:00
[2024-08-10 06:09:43,478] {scheduler_job.py:190} INFO - Processing /home/airflow/.local/lib/python3.6/site-packages/airflow/example_dags/example_nested_branch_dag.py took 0.104 seconds
[2024-08-10 06:19:26,318] {scheduler_job.py:182} INFO - Started process (PID=61403) to work on /home/airflow/.local/lib/python3.6/site-packages/airflow/example_dags/example_nested_branch_dag.py
[2024-08-10 06:19:26,318] {scheduler_job.py:629} INFO - Processing file /home/airflow/.local/lib/python3.6/site-packages/airflow/example_dags/example_nested_branch_dag.py for tasks to queue
[2024-08-10 06:19:26,319] {logging_mixin.py:104} INFO - [2024-08-10 06:19:26,319] {dagbag.py:451} INFO - Filling up the DagBag from /home/airflow/.local/lib/python3.6/site-packages/airflow/example_dags/example_nested_branch_dag.py
[2024-08-10 06:19:26,327] {scheduler_job.py:639} INFO - DAG(s) dict_keys(['example_nested_branch_dag']) retrieved from /home/airflow/.local/lib/python3.6/site-packages/airflow/example_dags/example_nested_branch_dag.py
[2024-08-10 06:19:26,387] {logging_mixin.py:104} INFO - [2024-08-10 06:19:26,387] {dag.py:1824} INFO - Sync 1 DAGs
[2024-08-10 06:19:26,407] {logging_mixin.py:104} INFO - [2024-08-10 06:19:26,407] {dag.py:2280} INFO - Setting next_dagrun for example_nested_branch_dag to 2024-08-08 00:00:00+00:00
[2024-08-10 06:19:26,418] {scheduler_job.py:190} INFO - Processing /home/airflow/.local/lib/python3.6/site-packages/airflow/example_dags/example_nested_branch_dag.py took 0.102 seconds
[2024-08-10 06:53:15,020] {scheduler_job.py:182} INFO - Started process (PID=61432) to work on /home/airflow/.local/lib/python3.6/site-packages/airflow/example_dags/example_nested_branch_dag.py
[2024-08-10 06:53:15,021] {scheduler_job.py:629} INFO - Processing file /home/airflow/.local/lib/python3.6/site-packages/airflow/example_dags/example_nested_branch_dag.py for tasks to queue
[2024-08-10 06:53:15,022] {logging_mixin.py:104} INFO - [2024-08-10 06:53:15,022] {dagbag.py:451} INFO - Filling up the DagBag from /home/airflow/.local/lib/python3.6/site-packages/airflow/example_dags/example_nested_branch_dag.py
[2024-08-10 06:53:15,032] {scheduler_job.py:639} INFO - DAG(s) dict_keys(['example_nested_branch_dag']) retrieved from /home/airflow/.local/lib/python3.6/site-packages/airflow/example_dags/example_nested_branch_dag.py
[2024-08-10 06:53:15,104] {logging_mixin.py:104} INFO - [2024-08-10 06:53:15,104] {dag.py:1824} INFO - Sync 1 DAGs
[2024-08-10 06:53:15,132] {logging_mixin.py:104} INFO - [2024-08-10 06:53:15,132] {dag.py:2280} INFO - Setting next_dagrun for example_nested_branch_dag to 2024-08-08 00:00:00+00:00
[2024-08-10 06:53:15,147] {scheduler_job.py:190} INFO - Processing /home/airflow/.local/lib/python3.6/site-packages/airflow/example_dags/example_nested_branch_dag.py took 0.130 seconds
[2024-08-10 07:20:23,599] {scheduler_job.py:182} INFO - Started process (PID=61461) to work on /home/airflow/.local/lib/python3.6/site-packages/airflow/example_dags/example_nested_branch_dag.py
[2024-08-10 07:20:23,601] {scheduler_job.py:629} INFO - Processing file /home/airflow/.local/lib/python3.6/site-packages/airflow/example_dags/example_nested_branch_dag.py for tasks to queue
[2024-08-10 07:20:23,601] {logging_mixin.py:104} INFO - [2024-08-10 07:20:23,601] {dagbag.py:451} INFO - Filling up the DagBag from /home/airflow/.local/lib/python3.6/site-packages/airflow/example_dags/example_nested_branch_dag.py
[2024-08-10 07:20:23,610] {scheduler_job.py:639} INFO - DAG(s) dict_keys(['example_nested_branch_dag']) retrieved from /home/airflow/.local/lib/python3.6/site-packages/airflow/example_dags/example_nested_branch_dag.py
[2024-08-10 07:20:23,672] {logging_mixin.py:104} INFO - [2024-08-10 07:20:23,672] {dag.py:1824} INFO - Sync 1 DAGs
[2024-08-10 07:20:23,692] {logging_mixin.py:104} INFO - [2024-08-10 07:20:23,692] {dag.py:2280} INFO - Setting next_dagrun for example_nested_branch_dag to 2024-08-08 00:00:00+00:00
[2024-08-10 07:20:23,706] {scheduler_job.py:190} INFO - Processing /home/airflow/.local/lib/python3.6/site-packages/airflow/example_dags/example_nested_branch_dag.py took 0.109 seconds
[2024-08-10 07:36:31,841] {scheduler_job.py:182} INFO - Started process (PID=61490) to work on /home/airflow/.local/lib/python3.6/site-packages/airflow/example_dags/example_nested_branch_dag.py
[2024-08-10 07:36:31,842] {scheduler_job.py:629} INFO - Processing file /home/airflow/.local/lib/python3.6/site-packages/airflow/example_dags/example_nested_branch_dag.py for tasks to queue
[2024-08-10 07:36:31,843] {logging_mixin.py:104} INFO - [2024-08-10 07:36:31,843] {dagbag.py:451} INFO - Filling up the DagBag from /home/airflow/.local/lib/python3.6/site-packages/airflow/example_dags/example_nested_branch_dag.py
[2024-08-10 07:36:31,853] {scheduler_job.py:639} INFO - DAG(s) dict_keys(['example_nested_branch_dag']) retrieved from /home/airflow/.local/lib/python3.6/site-packages/airflow/example_dags/example_nested_branch_dag.py
[2024-08-10 07:36:31,931] {logging_mixin.py:104} INFO - [2024-08-10 07:36:31,931] {dag.py:1824} INFO - Sync 1 DAGs
[2024-08-10 07:36:31,960] {logging_mixin.py:104} INFO - [2024-08-10 07:36:31,960] {dag.py:2280} INFO - Setting next_dagrun for example_nested_branch_dag to 2024-08-08 00:00:00+00:00
[2024-08-10 07:36:31,973] {scheduler_job.py:190} INFO - Processing /home/airflow/.local/lib/python3.6/site-packages/airflow/example_dags/example_nested_branch_dag.py took 0.135 seconds
[2024-08-10 07:40:23,026] {scheduler_job.py:182} INFO - Started process (PID=61519) to work on /home/airflow/.local/lib/python3.6/site-packages/airflow/example_dags/example_nested_branch_dag.py
[2024-08-10 07:40:23,027] {scheduler_job.py:629} INFO - Processing file /home/airflow/.local/lib/python3.6/site-packages/airflow/example_dags/example_nested_branch_dag.py for tasks to queue
[2024-08-10 07:40:23,027] {logging_mixin.py:104} INFO - [2024-08-10 07:40:23,027] {dagbag.py:451} INFO - Filling up the DagBag from /home/airflow/.local/lib/python3.6/site-packages/airflow/example_dags/example_nested_branch_dag.py
[2024-08-10 07:40:23,037] {scheduler_job.py:639} INFO - DAG(s) dict_keys(['example_nested_branch_dag']) retrieved from /home/airflow/.local/lib/python3.6/site-packages/airflow/example_dags/example_nested_branch_dag.py
[2024-08-10 07:40:23,099] {logging_mixin.py:104} INFO - [2024-08-10 07:40:23,099] {dag.py:1824} INFO - Sync 1 DAGs
[2024-08-10 07:40:23,123] {logging_mixin.py:104} INFO - [2024-08-10 07:40:23,123] {dag.py:2280} INFO - Setting next_dagrun for example_nested_branch_dag to 2024-08-08 00:00:00+00:00
[2024-08-10 07:40:23,136] {scheduler_job.py:190} INFO - Processing /home/airflow/.local/lib/python3.6/site-packages/airflow/example_dags/example_nested_branch_dag.py took 0.111 seconds
[2024-08-10 08:13:23,534] {scheduler_job.py:182} INFO - Started process (PID=61548) to work on /home/airflow/.local/lib/python3.6/site-packages/airflow/example_dags/example_nested_branch_dag.py
[2024-08-10 08:13:23,537] {scheduler_job.py:629} INFO - Processing file /home/airflow/.local/lib/python3.6/site-packages/airflow/example_dags/example_nested_branch_dag.py for tasks to queue
[2024-08-10 08:13:23,538] {logging_mixin.py:104} INFO - [2024-08-10 08:13:23,538] {dagbag.py:451} INFO - Filling up the DagBag from /home/airflow/.local/lib/python3.6/site-packages/airflow/example_dags/example_nested_branch_dag.py
[2024-08-10 08:13:23,549] {scheduler_job.py:639} INFO - DAG(s) dict_keys(['example_nested_branch_dag']) retrieved from /home/airflow/.local/lib/python3.6/site-packages/airflow/example_dags/example_nested_branch_dag.py
[2024-08-10 08:13:23,657] {logging_mixin.py:104} INFO - [2024-08-10 08:13:23,657] {dag.py:1824} INFO - Sync 1 DAGs
[2024-08-10 08:13:23,685] {logging_mixin.py:104} INFO - [2024-08-10 08:13:23,685] {dag.py:2280} INFO - Setting next_dagrun for example_nested_branch_dag to 2024-08-08 00:00:00+00:00
[2024-08-10 08:13:23,699] {scheduler_job.py:190} INFO - Processing /home/airflow/.local/lib/python3.6/site-packages/airflow/example_dags/example_nested_branch_dag.py took 0.167 seconds
[2024-08-10 08:16:03,487] {scheduler_job.py:182} INFO - Started process (PID=61577) to work on /home/airflow/.local/lib/python3.6/site-packages/airflow/example_dags/example_nested_branch_dag.py
[2024-08-10 08:16:03,488] {scheduler_job.py:629} INFO - Processing file /home/airflow/.local/lib/python3.6/site-packages/airflow/example_dags/example_nested_branch_dag.py for tasks to queue
[2024-08-10 08:16:03,489] {logging_mixin.py:104} INFO - [2024-08-10 08:16:03,489] {dagbag.py:451} INFO - Filling up the DagBag from /home/airflow/.local/lib/python3.6/site-packages/airflow/example_dags/example_nested_branch_dag.py
[2024-08-10 08:16:03,502] {scheduler_job.py:639} INFO - DAG(s) dict_keys(['example_nested_branch_dag']) retrieved from /home/airflow/.local/lib/python3.6/site-packages/airflow/example_dags/example_nested_branch_dag.py
[2024-08-10 08:16:03,579] {logging_mixin.py:104} INFO - [2024-08-10 08:16:03,579] {dag.py:1824} INFO - Sync 1 DAGs
[2024-08-10 08:16:03,607] {logging_mixin.py:104} INFO - [2024-08-10 08:16:03,607] {dag.py:2280} INFO - Setting next_dagrun for example_nested_branch_dag to 2024-08-08 00:00:00+00:00
[2024-08-10 08:16:03,623] {scheduler_job.py:190} INFO - Processing /home/airflow/.local/lib/python3.6/site-packages/airflow/example_dags/example_nested_branch_dag.py took 0.138 seconds
[2024-08-10 08:16:33,745] {scheduler_job.py:182} INFO - Started process (PID=61604) to work on /home/airflow/.local/lib/python3.6/site-packages/airflow/example_dags/example_nested_branch_dag.py
[2024-08-10 08:16:33,746] {scheduler_job.py:629} INFO - Processing file /home/airflow/.local/lib/python3.6/site-packages/airflow/example_dags/example_nested_branch_dag.py for tasks to queue
[2024-08-10 08:16:33,746] {logging_mixin.py:104} INFO - [2024-08-10 08:16:33,746] {dagbag.py:451} INFO - Filling up the DagBag from /home/airflow/.local/lib/python3.6/site-packages/airflow/example_dags/example_nested_branch_dag.py
[2024-08-10 08:16:33,755] {scheduler_job.py:639} INFO - DAG(s) dict_keys(['example_nested_branch_dag']) retrieved from /home/airflow/.local/lib/python3.6/site-packages/airflow/example_dags/example_nested_branch_dag.py
[2024-08-10 08:16:33,814] {logging_mixin.py:104} INFO - [2024-08-10 08:16:33,814] {dag.py:1824} INFO - Sync 1 DAGs
[2024-08-10 08:16:33,835] {logging_mixin.py:104} INFO - [2024-08-10 08:16:33,834] {dag.py:2280} INFO - Setting next_dagrun for example_nested_branch_dag to 2024-08-08 00:00:00+00:00
[2024-08-10 08:16:33,845] {scheduler_job.py:190} INFO - Processing /home/airflow/.local/lib/python3.6/site-packages/airflow/example_dags/example_nested_branch_dag.py took 0.102 seconds
[2024-08-10 08:17:04,582] {scheduler_job.py:182} INFO - Started process (PID=61635) to work on /home/airflow/.local/lib/python3.6/site-packages/airflow/example_dags/example_nested_branch_dag.py
[2024-08-10 08:17:04,582] {scheduler_job.py:629} INFO - Processing file /home/airflow/.local/lib/python3.6/site-packages/airflow/example_dags/example_nested_branch_dag.py for tasks to queue
[2024-08-10 08:17:04,583] {logging_mixin.py:104} INFO - [2024-08-10 08:17:04,583] {dagbag.py:451} INFO - Filling up the DagBag from /home/airflow/.local/lib/python3.6/site-packages/airflow/example_dags/example_nested_branch_dag.py
[2024-08-10 08:17:04,592] {scheduler_job.py:639} INFO - DAG(s) dict_keys(['example_nested_branch_dag']) retrieved from /home/airflow/.local/lib/python3.6/site-packages/airflow/example_dags/example_nested_branch_dag.py
[2024-08-10 08:17:04,651] {logging_mixin.py:104} INFO - [2024-08-10 08:17:04,651] {dag.py:1824} INFO - Sync 1 DAGs
[2024-08-10 08:17:04,671] {logging_mixin.py:104} INFO - [2024-08-10 08:17:04,671] {dag.py:2280} INFO - Setting next_dagrun for example_nested_branch_dag to 2024-08-08 00:00:00+00:00
[2024-08-10 08:17:04,682] {scheduler_job.py:190} INFO - Processing /home/airflow/.local/lib/python3.6/site-packages/airflow/example_dags/example_nested_branch_dag.py took 0.102 seconds
[2024-08-10 08:17:35,504] {scheduler_job.py:182} INFO - Started process (PID=61664) to work on /home/airflow/.local/lib/python3.6/site-packages/airflow/example_dags/example_nested_branch_dag.py
[2024-08-10 08:17:35,505] {scheduler_job.py:629} INFO - Processing file /home/airflow/.local/lib/python3.6/site-packages/airflow/example_dags/example_nested_branch_dag.py for tasks to queue
[2024-08-10 08:17:35,505] {logging_mixin.py:104} INFO - [2024-08-10 08:17:35,505] {dagbag.py:451} INFO - Filling up the DagBag from /home/airflow/.local/lib/python3.6/site-packages/airflow/example_dags/example_nested_branch_dag.py
[2024-08-10 08:17:35,515] {scheduler_job.py:639} INFO - DAG(s) dict_keys(['example_nested_branch_dag']) retrieved from /home/airflow/.local/lib/python3.6/site-packages/airflow/example_dags/example_nested_branch_dag.py
[2024-08-10 08:17:35,576] {logging_mixin.py:104} INFO - [2024-08-10 08:17:35,576] {dag.py:1824} INFO - Sync 1 DAGs
[2024-08-10 08:17:35,597] {logging_mixin.py:104} INFO - [2024-08-10 08:17:35,597] {dag.py:2280} INFO - Setting next_dagrun for example_nested_branch_dag to 2024-08-08 00:00:00+00:00
[2024-08-10 08:17:35,610] {scheduler_job.py:190} INFO - Processing /home/airflow/.local/lib/python3.6/site-packages/airflow/example_dags/example_nested_branch_dag.py took 0.107 seconds
[2024-08-10 08:18:06,216] {scheduler_job.py:182} INFO - Started process (PID=61693) to work on /home/airflow/.local/lib/python3.6/site-packages/airflow/example_dags/example_nested_branch_dag.py
[2024-08-10 08:18:06,216] {scheduler_job.py:629} INFO - Processing file /home/airflow/.local/lib/python3.6/site-packages/airflow/example_dags/example_nested_branch_dag.py for tasks to queue
[2024-08-10 08:18:06,217] {logging_mixin.py:104} INFO - [2024-08-10 08:18:06,217] {dagbag.py:451} INFO - Filling up the DagBag from /home/airflow/.local/lib/python3.6/site-packages/airflow/example_dags/example_nested_branch_dag.py
[2024-08-10 08:18:06,226] {scheduler_job.py:639} INFO - DAG(s) dict_keys(['example_nested_branch_dag']) retrieved from /home/airflow/.local/lib/python3.6/site-packages/airflow/example_dags/example_nested_branch_dag.py
[2024-08-10 08:18:06,286] {logging_mixin.py:104} INFO - [2024-08-10 08:18:06,286] {dag.py:1824} INFO - Sync 1 DAGs
[2024-08-10 08:18:06,307] {logging_mixin.py:104} INFO - [2024-08-10 08:18:06,307] {dag.py:2280} INFO - Setting next_dagrun for example_nested_branch_dag to 2024-08-08 00:00:00+00:00
[2024-08-10 08:18:06,318] {scheduler_job.py:190} INFO - Processing /home/airflow/.local/lib/python3.6/site-packages/airflow/example_dags/example_nested_branch_dag.py took 0.104 seconds
[2024-08-10 08:18:36,997] {scheduler_job.py:182} INFO - Started process (PID=61722) to work on /home/airflow/.local/lib/python3.6/site-packages/airflow/example_dags/example_nested_branch_dag.py
[2024-08-10 08:18:36,998] {scheduler_job.py:629} INFO - Processing file /home/airflow/.local/lib/python3.6/site-packages/airflow/example_dags/example_nested_branch_dag.py for tasks to queue
[2024-08-10 08:18:36,998] {logging_mixin.py:104} INFO - [2024-08-10 08:18:36,998] {dagbag.py:451} INFO - Filling up the DagBag from /home/airflow/.local/lib/python3.6/site-packages/airflow/example_dags/example_nested_branch_dag.py
[2024-08-10 08:18:37,007] {scheduler_job.py:639} INFO - DAG(s) dict_keys(['example_nested_branch_dag']) retrieved from /home/airflow/.local/lib/python3.6/site-packages/airflow/example_dags/example_nested_branch_dag.py
[2024-08-10 08:18:37,067] {logging_mixin.py:104} INFO - [2024-08-10 08:18:37,067] {dag.py:1824} INFO - Sync 1 DAGs
[2024-08-10 08:18:37,088] {logging_mixin.py:104} INFO - [2024-08-10 08:18:37,088] {dag.py:2280} INFO - Setting next_dagrun for example_nested_branch_dag to 2024-08-08 00:00:00+00:00
[2024-08-10 08:18:37,099] {scheduler_job.py:190} INFO - Processing /home/airflow/.local/lib/python3.6/site-packages/airflow/example_dags/example_nested_branch_dag.py took 0.104 seconds
[2024-08-10 08:19:07,811] {scheduler_job.py:182} INFO - Started process (PID=61751) to work on /home/airflow/.local/lib/python3.6/site-packages/airflow/example_dags/example_nested_branch_dag.py
[2024-08-10 08:19:07,811] {scheduler_job.py:629} INFO - Processing file /home/airflow/.local/lib/python3.6/site-packages/airflow/example_dags/example_nested_branch_dag.py for tasks to queue
[2024-08-10 08:19:07,812] {logging_mixin.py:104} INFO - [2024-08-10 08:19:07,812] {dagbag.py:451} INFO - Filling up the DagBag from /home/airflow/.local/lib/python3.6/site-packages/airflow/example_dags/example_nested_branch_dag.py
[2024-08-10 08:19:07,820] {scheduler_job.py:639} INFO - DAG(s) dict_keys(['example_nested_branch_dag']) retrieved from /home/airflow/.local/lib/python3.6/site-packages/airflow/example_dags/example_nested_branch_dag.py
[2024-08-10 08:19:07,882] {logging_mixin.py:104} INFO - [2024-08-10 08:19:07,882] {dag.py:1824} INFO - Sync 1 DAGs
[2024-08-10 08:19:07,903] {logging_mixin.py:104} INFO - [2024-08-10 08:19:07,903] {dag.py:2280} INFO - Setting next_dagrun for example_nested_branch_dag to 2024-08-08 00:00:00+00:00
[2024-08-10 08:19:07,914] {scheduler_job.py:190} INFO - Processing /home/airflow/.local/lib/python3.6/site-packages/airflow/example_dags/example_nested_branch_dag.py took 0.105 seconds
[2024-08-10 08:19:38,529] {scheduler_job.py:182} INFO - Started process (PID=61780) to work on /home/airflow/.local/lib/python3.6/site-packages/airflow/example_dags/example_nested_branch_dag.py
[2024-08-10 08:19:38,530] {scheduler_job.py:629} INFO - Processing file /home/airflow/.local/lib/python3.6/site-packages/airflow/example_dags/example_nested_branch_dag.py for tasks to queue
[2024-08-10 08:19:38,530] {logging_mixin.py:104} INFO - [2024-08-10 08:19:38,530] {dagbag.py:451} INFO - Filling up the DagBag from /home/airflow/.local/lib/python3.6/site-packages/airflow/example_dags/example_nested_branch_dag.py
[2024-08-10 08:19:38,538] {scheduler_job.py:639} INFO - DAG(s) dict_keys(['example_nested_branch_dag']) retrieved from /home/airflow/.local/lib/python3.6/site-packages/airflow/example_dags/example_nested_branch_dag.py
[2024-08-10 08:19:38,597] {logging_mixin.py:104} INFO - [2024-08-10 08:19:38,597] {dag.py:1824} INFO - Sync 1 DAGs
[2024-08-10 08:19:38,617] {logging_mixin.py:104} INFO - [2024-08-10 08:19:38,617] {dag.py:2280} INFO - Setting next_dagrun for example_nested_branch_dag to 2024-08-08 00:00:00+00:00
[2024-08-10 08:19:38,627] {scheduler_job.py:190} INFO - Processing /home/airflow/.local/lib/python3.6/site-packages/airflow/example_dags/example_nested_branch_dag.py took 0.100 seconds
[2024-08-10 08:20:09,298] {scheduler_job.py:182} INFO - Started process (PID=61809) to work on /home/airflow/.local/lib/python3.6/site-packages/airflow/example_dags/example_nested_branch_dag.py
[2024-08-10 08:20:09,299] {scheduler_job.py:629} INFO - Processing file /home/airflow/.local/lib/python3.6/site-packages/airflow/example_dags/example_nested_branch_dag.py for tasks to queue
[2024-08-10 08:20:09,299] {logging_mixin.py:104} INFO - [2024-08-10 08:20:09,299] {dagbag.py:451} INFO - Filling up the DagBag from /home/airflow/.local/lib/python3.6/site-packages/airflow/example_dags/example_nested_branch_dag.py
[2024-08-10 08:20:09,309] {scheduler_job.py:639} INFO - DAG(s) dict_keys(['example_nested_branch_dag']) retrieved from /home/airflow/.local/lib/python3.6/site-packages/airflow/example_dags/example_nested_branch_dag.py
[2024-08-10 08:20:09,369] {logging_mixin.py:104} INFO - [2024-08-10 08:20:09,369] {dag.py:1824} INFO - Sync 1 DAGs
[2024-08-10 08:20:09,390] {logging_mixin.py:104} INFO - [2024-08-10 08:20:09,390] {dag.py:2280} INFO - Setting next_dagrun for example_nested_branch_dag to 2024-08-08 00:00:00+00:00
[2024-08-10 08:20:09,401] {scheduler_job.py:190} INFO - Processing /home/airflow/.local/lib/python3.6/site-packages/airflow/example_dags/example_nested_branch_dag.py took 0.104 seconds
[2024-08-10 08:20:40,076] {scheduler_job.py:182} INFO - Started process (PID=61838) to work on /home/airflow/.local/lib/python3.6/site-packages/airflow/example_dags/example_nested_branch_dag.py
[2024-08-10 08:20:40,077] {scheduler_job.py:629} INFO - Processing file /home/airflow/.local/lib/python3.6/site-packages/airflow/example_dags/example_nested_branch_dag.py for tasks to queue
[2024-08-10 08:20:40,077] {logging_mixin.py:104} INFO - [2024-08-10 08:20:40,077] {dagbag.py:451} INFO - Filling up the DagBag from /home/airflow/.local/lib/python3.6/site-packages/airflow/example_dags/example_nested_branch_dag.py
[2024-08-10 08:20:40,086] {scheduler_job.py:639} INFO - DAG(s) dict_keys(['example_nested_branch_dag']) retrieved from /home/airflow/.local/lib/python3.6/site-packages/airflow/example_dags/example_nested_branch_dag.py
[2024-08-10 08:20:40,145] {logging_mixin.py:104} INFO - [2024-08-10 08:20:40,145] {dag.py:1824} INFO - Sync 1 DAGs
[2024-08-10 08:20:40,166] {logging_mixin.py:104} INFO - [2024-08-10 08:20:40,166] {dag.py:2280} INFO - Setting next_dagrun for example_nested_branch_dag to 2024-08-08 00:00:00+00:00
[2024-08-10 08:20:40,176] {scheduler_job.py:190} INFO - Processing /home/airflow/.local/lib/python3.6/site-packages/airflow/example_dags/example_nested_branch_dag.py took 0.102 seconds
[2024-08-10 08:21:10,790] {scheduler_job.py:182} INFO - Started process (PID=61867) to work on /home/airflow/.local/lib/python3.6/site-packages/airflow/example_dags/example_nested_branch_dag.py
[2024-08-10 08:21:10,792] {scheduler_job.py:629} INFO - Processing file /home/airflow/.local/lib/python3.6/site-packages/airflow/example_dags/example_nested_branch_dag.py for tasks to queue
[2024-08-10 08:21:10,794] {logging_mixin.py:104} INFO - [2024-08-10 08:21:10,794] {dagbag.py:451} INFO - Filling up the DagBag from /home/airflow/.local/lib/python3.6/site-packages/airflow/example_dags/example_nested_branch_dag.py
[2024-08-10 08:21:10,803] {scheduler_job.py:639} INFO - DAG(s) dict_keys(['example_nested_branch_dag']) retrieved from /home/airflow/.local/lib/python3.6/site-packages/airflow/example_dags/example_nested_branch_dag.py
[2024-08-10 08:21:10,863] {logging_mixin.py:104} INFO - [2024-08-10 08:21:10,863] {dag.py:1824} INFO - Sync 1 DAGs
[2024-08-10 08:21:10,884] {logging_mixin.py:104} INFO - [2024-08-10 08:21:10,884] {dag.py:2280} INFO - Setting next_dagrun for example_nested_branch_dag to 2024-08-08 00:00:00+00:00
[2024-08-10 08:21:10,894] {scheduler_job.py:190} INFO - Processing /home/airflow/.local/lib/python3.6/site-packages/airflow/example_dags/example_nested_branch_dag.py took 0.106 seconds
[2024-08-10 08:21:41,589] {scheduler_job.py:182} INFO - Started process (PID=61896) to work on /home/airflow/.local/lib/python3.6/site-packages/airflow/example_dags/example_nested_branch_dag.py
[2024-08-10 08:21:41,591] {scheduler_job.py:629} INFO - Processing file /home/airflow/.local/lib/python3.6/site-packages/airflow/example_dags/example_nested_branch_dag.py for tasks to queue
[2024-08-10 08:21:41,591] {logging_mixin.py:104} INFO - [2024-08-10 08:21:41,591] {dagbag.py:451} INFO - Filling up the DagBag from /home/airflow/.local/lib/python3.6/site-packages/airflow/example_dags/example_nested_branch_dag.py
[2024-08-10 08:21:41,601] {scheduler_job.py:639} INFO - DAG(s) dict_keys(['example_nested_branch_dag']) retrieved from /home/airflow/.local/lib/python3.6/site-packages/airflow/example_dags/example_nested_branch_dag.py
[2024-08-10 08:21:41,660] {logging_mixin.py:104} INFO - [2024-08-10 08:21:41,660] {dag.py:1824} INFO - Sync 1 DAGs
[2024-08-10 08:21:41,681] {logging_mixin.py:104} INFO - [2024-08-10 08:21:41,681] {dag.py:2280} INFO - Setting next_dagrun for example_nested_branch_dag to 2024-08-08 00:00:00+00:00
[2024-08-10 08:21:41,693] {scheduler_job.py:190} INFO - Processing /home/airflow/.local/lib/python3.6/site-packages/airflow/example_dags/example_nested_branch_dag.py took 0.106 seconds
[2024-08-10 08:22:12,399] {scheduler_job.py:182} INFO - Started process (PID=61925) to work on /home/airflow/.local/lib/python3.6/site-packages/airflow/example_dags/example_nested_branch_dag.py
[2024-08-10 08:22:12,400] {scheduler_job.py:629} INFO - Processing file /home/airflow/.local/lib/python3.6/site-packages/airflow/example_dags/example_nested_branch_dag.py for tasks to queue
[2024-08-10 08:22:12,400] {logging_mixin.py:104} INFO - [2024-08-10 08:22:12,400] {dagbag.py:451} INFO - Filling up the DagBag from /home/airflow/.local/lib/python3.6/site-packages/airflow/example_dags/example_nested_branch_dag.py
[2024-08-10 08:22:12,409] {scheduler_job.py:639} INFO - DAG(s) dict_keys(['example_nested_branch_dag']) retrieved from /home/airflow/.local/lib/python3.6/site-packages/airflow/example_dags/example_nested_branch_dag.py
[2024-08-10 08:22:12,470] {logging_mixin.py:104} INFO - [2024-08-10 08:22:12,469] {dag.py:1824} INFO - Sync 1 DAGs
[2024-08-10 08:22:12,490] {logging_mixin.py:104} INFO - [2024-08-10 08:22:12,490] {dag.py:2280} INFO - Setting next_dagrun for example_nested_branch_dag to 2024-08-08 00:00:00+00:00
[2024-08-10 08:22:12,501] {scheduler_job.py:190} INFO - Processing /home/airflow/.local/lib/python3.6/site-packages/airflow/example_dags/example_nested_branch_dag.py took 0.104 seconds
[2024-08-10 08:22:43,127] {scheduler_job.py:182} INFO - Started process (PID=61954) to work on /home/airflow/.local/lib/python3.6/site-packages/airflow/example_dags/example_nested_branch_dag.py
[2024-08-10 08:22:43,127] {scheduler_job.py:629} INFO - Processing file /home/airflow/.local/lib/python3.6/site-packages/airflow/example_dags/example_nested_branch_dag.py for tasks to queue
[2024-08-10 08:22:43,128] {logging_mixin.py:104} INFO - [2024-08-10 08:22:43,128] {dagbag.py:451} INFO - Filling up the DagBag from /home/airflow/.local/lib/python3.6/site-packages/airflow/example_dags/example_nested_branch_dag.py
[2024-08-10 08:22:43,137] {scheduler_job.py:639} INFO - DAG(s) dict_keys(['example_nested_branch_dag']) retrieved from /home/airflow/.local/lib/python3.6/site-packages/airflow/example_dags/example_nested_branch_dag.py
[2024-08-10 08:22:43,200] {logging_mixin.py:104} INFO - [2024-08-10 08:22:43,200] {dag.py:1824} INFO - Sync 1 DAGs
[2024-08-10 08:22:43,222] {logging_mixin.py:104} INFO - [2024-08-10 08:22:43,222] {dag.py:2280} INFO - Setting next_dagrun for example_nested_branch_dag to 2024-08-08 00:00:00+00:00
[2024-08-10 08:22:43,233] {scheduler_job.py:190} INFO - Processing /home/airflow/.local/lib/python3.6/site-packages/airflow/example_dags/example_nested_branch_dag.py took 0.108 seconds
[2024-08-10 19:59:44,235] {scheduler_job.py:182} INFO - Started process (PID=46) to work on /home/airflow/.local/lib/python3.6/site-packages/airflow/example_dags/example_nested_branch_dag.py
[2024-08-10 19:59:44,236] {scheduler_job.py:629} INFO - Processing file /home/airflow/.local/lib/python3.6/site-packages/airflow/example_dags/example_nested_branch_dag.py for tasks to queue
[2024-08-10 19:59:44,236] {logging_mixin.py:104} INFO - [2024-08-10 19:59:44,236] {dagbag.py:451} INFO - Filling up the DagBag from /home/airflow/.local/lib/python3.6/site-packages/airflow/example_dags/example_nested_branch_dag.py
[2024-08-10 19:59:44,247] {scheduler_job.py:639} INFO - DAG(s) dict_keys(['example_nested_branch_dag']) retrieved from /home/airflow/.local/lib/python3.6/site-packages/airflow/example_dags/example_nested_branch_dag.py
[2024-08-10 19:59:44,318] {logging_mixin.py:104} INFO - [2024-08-10 19:59:44,318] {dag.py:1824} INFO - Sync 1 DAGs
[2024-08-10 19:59:44,344] {logging_mixin.py:104} INFO - [2024-08-10 19:59:44,344] {dag.py:2280} INFO - Setting next_dagrun for example_nested_branch_dag to 2024-08-08 00:00:00+00:00
[2024-08-10 19:59:44,360] {scheduler_job.py:190} INFO - Processing /home/airflow/.local/lib/python3.6/site-packages/airflow/example_dags/example_nested_branch_dag.py took 0.127 seconds
[2024-08-10 20:00:15,057] {scheduler_job.py:182} INFO - Started process (PID=75) to work on /home/airflow/.local/lib/python3.6/site-packages/airflow/example_dags/example_nested_branch_dag.py
[2024-08-10 20:00:15,058] {scheduler_job.py:629} INFO - Processing file /home/airflow/.local/lib/python3.6/site-packages/airflow/example_dags/example_nested_branch_dag.py for tasks to queue
[2024-08-10 20:00:15,058] {logging_mixin.py:104} INFO - [2024-08-10 20:00:15,058] {dagbag.py:451} INFO - Filling up the DagBag from /home/airflow/.local/lib/python3.6/site-packages/airflow/example_dags/example_nested_branch_dag.py
[2024-08-10 20:00:15,066] {scheduler_job.py:639} INFO - DAG(s) dict_keys(['example_nested_branch_dag']) retrieved from /home/airflow/.local/lib/python3.6/site-packages/airflow/example_dags/example_nested_branch_dag.py
[2024-08-10 20:00:15,124] {logging_mixin.py:104} INFO - [2024-08-10 20:00:15,124] {dag.py:1824} INFO - Sync 1 DAGs
[2024-08-10 20:00:15,145] {logging_mixin.py:104} INFO - [2024-08-10 20:00:15,145] {dag.py:2280} INFO - Setting next_dagrun for example_nested_branch_dag to 2024-08-08 00:00:00+00:00
[2024-08-10 20:00:15,155] {scheduler_job.py:190} INFO - Processing /home/airflow/.local/lib/python3.6/site-packages/airflow/example_dags/example_nested_branch_dag.py took 0.100 seconds
[2024-08-10 21:00:37,237] {scheduler_job.py:182} INFO - Started process (PID=104) to work on /home/airflow/.local/lib/python3.6/site-packages/airflow/example_dags/example_nested_branch_dag.py
[2024-08-10 21:00:37,238] {scheduler_job.py:629} INFO - Processing file /home/airflow/.local/lib/python3.6/site-packages/airflow/example_dags/example_nested_branch_dag.py for tasks to queue
[2024-08-10 21:00:37,238] {logging_mixin.py:104} INFO - [2024-08-10 21:00:37,238] {dagbag.py:451} INFO - Filling up the DagBag from /home/airflow/.local/lib/python3.6/site-packages/airflow/example_dags/example_nested_branch_dag.py
[2024-08-10 21:00:37,255] {scheduler_job.py:639} INFO - DAG(s) dict_keys(['example_nested_branch_dag']) retrieved from /home/airflow/.local/lib/python3.6/site-packages/airflow/example_dags/example_nested_branch_dag.py
[2024-08-10 21:00:37,368] {logging_mixin.py:104} INFO - [2024-08-10 21:00:37,368] {dag.py:1824} INFO - Sync 1 DAGs
[2024-08-10 21:00:37,392] {logging_mixin.py:104} INFO - [2024-08-10 21:00:37,392] {dag.py:2280} INFO - Setting next_dagrun for example_nested_branch_dag to 2024-08-08 00:00:00+00:00
[2024-08-10 21:00:37,404] {scheduler_job.py:190} INFO - Processing /home/airflow/.local/lib/python3.6/site-packages/airflow/example_dags/example_nested_branch_dag.py took 0.168 seconds
[2024-08-10 21:01:08,064] {scheduler_job.py:182} INFO - Started process (PID=133) to work on /home/airflow/.local/lib/python3.6/site-packages/airflow/example_dags/example_nested_branch_dag.py
[2024-08-10 21:01:08,065] {scheduler_job.py:629} INFO - Processing file /home/airflow/.local/lib/python3.6/site-packages/airflow/example_dags/example_nested_branch_dag.py for tasks to queue
[2024-08-10 21:01:08,065] {logging_mixin.py:104} INFO - [2024-08-10 21:01:08,065] {dagbag.py:451} INFO - Filling up the DagBag from /home/airflow/.local/lib/python3.6/site-packages/airflow/example_dags/example_nested_branch_dag.py
[2024-08-10 21:01:08,074] {scheduler_job.py:639} INFO - DAG(s) dict_keys(['example_nested_branch_dag']) retrieved from /home/airflow/.local/lib/python3.6/site-packages/airflow/example_dags/example_nested_branch_dag.py
[2024-08-10 21:01:08,131] {logging_mixin.py:104} INFO - [2024-08-10 21:01:08,131] {dag.py:1824} INFO - Sync 1 DAGs
[2024-08-10 21:01:08,151] {logging_mixin.py:104} INFO - [2024-08-10 21:01:08,151] {dag.py:2280} INFO - Setting next_dagrun for example_nested_branch_dag to 2024-08-08 00:00:00+00:00
[2024-08-10 21:01:08,163] {scheduler_job.py:190} INFO - Processing /home/airflow/.local/lib/python3.6/site-packages/airflow/example_dags/example_nested_branch_dag.py took 0.100 seconds
[2024-08-10 21:16:45,626] {scheduler_job.py:182} INFO - Started process (PID=162) to work on /home/airflow/.local/lib/python3.6/site-packages/airflow/example_dags/example_nested_branch_dag.py
[2024-08-10 21:16:45,626] {scheduler_job.py:629} INFO - Processing file /home/airflow/.local/lib/python3.6/site-packages/airflow/example_dags/example_nested_branch_dag.py for tasks to queue
[2024-08-10 21:16:45,630] {logging_mixin.py:104} INFO - [2024-08-10 21:16:45,630] {dagbag.py:451} INFO - Filling up the DagBag from /home/airflow/.local/lib/python3.6/site-packages/airflow/example_dags/example_nested_branch_dag.py
[2024-08-10 21:16:45,647] {scheduler_job.py:639} INFO - DAG(s) dict_keys(['example_nested_branch_dag']) retrieved from /home/airflow/.local/lib/python3.6/site-packages/airflow/example_dags/example_nested_branch_dag.py
[2024-08-10 21:16:45,712] {logging_mixin.py:104} INFO - [2024-08-10 21:16:45,712] {dag.py:1824} INFO - Sync 1 DAGs
[2024-08-10 21:16:45,736] {logging_mixin.py:104} INFO - [2024-08-10 21:16:45,736] {dag.py:2280} INFO - Setting next_dagrun for example_nested_branch_dag to 2024-08-08 00:00:00+00:00
[2024-08-10 21:16:45,747] {scheduler_job.py:190} INFO - Processing /home/airflow/.local/lib/python3.6/site-packages/airflow/example_dags/example_nested_branch_dag.py took 0.123 seconds
[2024-08-10 21:21:48,116] {scheduler_job.py:182} INFO - Started process (PID=191) to work on /home/airflow/.local/lib/python3.6/site-packages/airflow/example_dags/example_nested_branch_dag.py
[2024-08-10 21:21:48,116] {scheduler_job.py:629} INFO - Processing file /home/airflow/.local/lib/python3.6/site-packages/airflow/example_dags/example_nested_branch_dag.py for tasks to queue
[2024-08-10 21:21:48,117] {logging_mixin.py:104} INFO - [2024-08-10 21:21:48,117] {dagbag.py:451} INFO - Filling up the DagBag from /home/airflow/.local/lib/python3.6/site-packages/airflow/example_dags/example_nested_branch_dag.py
[2024-08-10 21:21:48,125] {scheduler_job.py:639} INFO - DAG(s) dict_keys(['example_nested_branch_dag']) retrieved from /home/airflow/.local/lib/python3.6/site-packages/airflow/example_dags/example_nested_branch_dag.py
[2024-08-10 21:21:48,186] {logging_mixin.py:104} INFO - [2024-08-10 21:21:48,185] {dag.py:1824} INFO - Sync 1 DAGs
[2024-08-10 21:21:48,211] {logging_mixin.py:104} INFO - [2024-08-10 21:21:48,211] {dag.py:2280} INFO - Setting next_dagrun for example_nested_branch_dag to 2024-08-08 00:00:00+00:00
[2024-08-10 21:21:48,223] {scheduler_job.py:190} INFO - Processing /home/airflow/.local/lib/python3.6/site-packages/airflow/example_dags/example_nested_branch_dag.py took 0.109 seconds
[2024-08-10 21:22:19,066] {scheduler_job.py:182} INFO - Started process (PID=220) to work on /home/airflow/.local/lib/python3.6/site-packages/airflow/example_dags/example_nested_branch_dag.py
[2024-08-10 21:22:19,067] {scheduler_job.py:629} INFO - Processing file /home/airflow/.local/lib/python3.6/site-packages/airflow/example_dags/example_nested_branch_dag.py for tasks to queue
[2024-08-10 21:22:19,068] {logging_mixin.py:104} INFO - [2024-08-10 21:22:19,068] {dagbag.py:451} INFO - Filling up the DagBag from /home/airflow/.local/lib/python3.6/site-packages/airflow/example_dags/example_nested_branch_dag.py
[2024-08-10 21:22:19,076] {scheduler_job.py:639} INFO - DAG(s) dict_keys(['example_nested_branch_dag']) retrieved from /home/airflow/.local/lib/python3.6/site-packages/airflow/example_dags/example_nested_branch_dag.py
[2024-08-10 21:22:19,134] {logging_mixin.py:104} INFO - [2024-08-10 21:22:19,134] {dag.py:1824} INFO - Sync 1 DAGs
[2024-08-10 21:22:19,154] {logging_mixin.py:104} INFO - [2024-08-10 21:22:19,154] {dag.py:2280} INFO - Setting next_dagrun for example_nested_branch_dag to 2024-08-08 00:00:00+00:00
[2024-08-10 21:22:19,165] {scheduler_job.py:190} INFO - Processing /home/airflow/.local/lib/python3.6/site-packages/airflow/example_dags/example_nested_branch_dag.py took 0.100 seconds
[2024-08-10 21:45:45,781] {scheduler_job.py:182} INFO - Started process (PID=249) to work on /home/airflow/.local/lib/python3.6/site-packages/airflow/example_dags/example_nested_branch_dag.py
[2024-08-10 21:45:45,782] {scheduler_job.py:629} INFO - Processing file /home/airflow/.local/lib/python3.6/site-packages/airflow/example_dags/example_nested_branch_dag.py for tasks to queue
[2024-08-10 21:45:45,783] {logging_mixin.py:104} INFO - [2024-08-10 21:45:45,783] {dagbag.py:451} INFO - Filling up the DagBag from /home/airflow/.local/lib/python3.6/site-packages/airflow/example_dags/example_nested_branch_dag.py
[2024-08-10 21:45:45,792] {scheduler_job.py:639} INFO - DAG(s) dict_keys(['example_nested_branch_dag']) retrieved from /home/airflow/.local/lib/python3.6/site-packages/airflow/example_dags/example_nested_branch_dag.py
[2024-08-10 21:45:45,854] {logging_mixin.py:104} INFO - [2024-08-10 21:45:45,854] {dag.py:1824} INFO - Sync 1 DAGs
[2024-08-10 21:45:45,874] {logging_mixin.py:104} INFO - [2024-08-10 21:45:45,874] {dag.py:2280} INFO - Setting next_dagrun for example_nested_branch_dag to 2024-08-08 00:00:00+00:00
[2024-08-10 21:45:45,885] {scheduler_job.py:190} INFO - Processing /home/airflow/.local/lib/python3.6/site-packages/airflow/example_dags/example_nested_branch_dag.py took 0.105 seconds
[2024-08-10 21:46:16,819] {scheduler_job.py:182} INFO - Started process (PID=278) to work on /home/airflow/.local/lib/python3.6/site-packages/airflow/example_dags/example_nested_branch_dag.py
[2024-08-10 21:46:16,820] {scheduler_job.py:629} INFO - Processing file /home/airflow/.local/lib/python3.6/site-packages/airflow/example_dags/example_nested_branch_dag.py for tasks to queue
[2024-08-10 21:46:16,820] {logging_mixin.py:104} INFO - [2024-08-10 21:46:16,820] {dagbag.py:451} INFO - Filling up the DagBag from /home/airflow/.local/lib/python3.6/site-packages/airflow/example_dags/example_nested_branch_dag.py
[2024-08-10 21:46:16,830] {scheduler_job.py:639} INFO - DAG(s) dict_keys(['example_nested_branch_dag']) retrieved from /home/airflow/.local/lib/python3.6/site-packages/airflow/example_dags/example_nested_branch_dag.py
[2024-08-10 21:46:16,890] {logging_mixin.py:104} INFO - [2024-08-10 21:46:16,890] {dag.py:1824} INFO - Sync 1 DAGs
[2024-08-10 21:46:16,910] {logging_mixin.py:104} INFO - [2024-08-10 21:46:16,910] {dag.py:2280} INFO - Setting next_dagrun for example_nested_branch_dag to 2024-08-08 00:00:00+00:00
[2024-08-10 21:46:16,920] {scheduler_job.py:190} INFO - Processing /home/airflow/.local/lib/python3.6/site-packages/airflow/example_dags/example_nested_branch_dag.py took 0.103 seconds
[2024-08-10 22:01:47,244] {scheduler_job.py:182} INFO - Started process (PID=307) to work on /home/airflow/.local/lib/python3.6/site-packages/airflow/example_dags/example_nested_branch_dag.py
[2024-08-10 22:01:47,245] {scheduler_job.py:629} INFO - Processing file /home/airflow/.local/lib/python3.6/site-packages/airflow/example_dags/example_nested_branch_dag.py for tasks to queue
[2024-08-10 22:01:47,245] {logging_mixin.py:104} INFO - [2024-08-10 22:01:47,245] {dagbag.py:451} INFO - Filling up the DagBag from /home/airflow/.local/lib/python3.6/site-packages/airflow/example_dags/example_nested_branch_dag.py
[2024-08-10 22:01:47,265] {scheduler_job.py:639} INFO - DAG(s) dict_keys(['example_nested_branch_dag']) retrieved from /home/airflow/.local/lib/python3.6/site-packages/airflow/example_dags/example_nested_branch_dag.py
[2024-08-10 22:01:47,352] {logging_mixin.py:104} INFO - [2024-08-10 22:01:47,352] {dag.py:1824} INFO - Sync 1 DAGs
[2024-08-10 22:01:47,382] {logging_mixin.py:104} INFO - [2024-08-10 22:01:47,382] {dag.py:2280} INFO - Setting next_dagrun for example_nested_branch_dag to 2024-08-08 00:00:00+00:00
[2024-08-10 22:01:47,395] {scheduler_job.py:190} INFO - Processing /home/airflow/.local/lib/python3.6/site-packages/airflow/example_dags/example_nested_branch_dag.py took 0.153 seconds
[2024-08-10 22:08:20,052] {scheduler_job.py:182} INFO - Started process (PID=336) to work on /home/airflow/.local/lib/python3.6/site-packages/airflow/example_dags/example_nested_branch_dag.py
[2024-08-10 22:08:20,055] {scheduler_job.py:629} INFO - Processing file /home/airflow/.local/lib/python3.6/site-packages/airflow/example_dags/example_nested_branch_dag.py for tasks to queue
[2024-08-10 22:08:20,058] {logging_mixin.py:104} INFO - [2024-08-10 22:08:20,058] {dagbag.py:451} INFO - Filling up the DagBag from /home/airflow/.local/lib/python3.6/site-packages/airflow/example_dags/example_nested_branch_dag.py
[2024-08-10 22:08:20,068] {scheduler_job.py:639} INFO - DAG(s) dict_keys(['example_nested_branch_dag']) retrieved from /home/airflow/.local/lib/python3.6/site-packages/airflow/example_dags/example_nested_branch_dag.py
[2024-08-10 22:08:20,158] {logging_mixin.py:104} INFO - [2024-08-10 22:08:20,158] {dag.py:1824} INFO - Sync 1 DAGs
[2024-08-10 22:08:20,183] {logging_mixin.py:104} INFO - [2024-08-10 22:08:20,183] {dag.py:2280} INFO - Setting next_dagrun for example_nested_branch_dag to 2024-08-08 00:00:00+00:00
[2024-08-10 22:08:20,196] {scheduler_job.py:190} INFO - Processing /home/airflow/.local/lib/python3.6/site-packages/airflow/example_dags/example_nested_branch_dag.py took 0.146 seconds
[2024-08-10 22:08:50,285] {scheduler_job.py:182} INFO - Started process (PID=365) to work on /home/airflow/.local/lib/python3.6/site-packages/airflow/example_dags/example_nested_branch_dag.py
[2024-08-10 22:08:50,286] {scheduler_job.py:629} INFO - Processing file /home/airflow/.local/lib/python3.6/site-packages/airflow/example_dags/example_nested_branch_dag.py for tasks to queue
[2024-08-10 22:08:50,286] {logging_mixin.py:104} INFO - [2024-08-10 22:08:50,286] {dagbag.py:451} INFO - Filling up the DagBag from /home/airflow/.local/lib/python3.6/site-packages/airflow/example_dags/example_nested_branch_dag.py
[2024-08-10 22:08:50,295] {scheduler_job.py:639} INFO - DAG(s) dict_keys(['example_nested_branch_dag']) retrieved from /home/airflow/.local/lib/python3.6/site-packages/airflow/example_dags/example_nested_branch_dag.py
[2024-08-10 22:08:50,353] {logging_mixin.py:104} INFO - [2024-08-10 22:08:50,353] {dag.py:1824} INFO - Sync 1 DAGs
[2024-08-10 22:08:50,373] {logging_mixin.py:104} INFO - [2024-08-10 22:08:50,373] {dag.py:2280} INFO - Setting next_dagrun for example_nested_branch_dag to 2024-08-08 00:00:00+00:00
[2024-08-10 22:08:50,385] {scheduler_job.py:190} INFO - Processing /home/airflow/.local/lib/python3.6/site-packages/airflow/example_dags/example_nested_branch_dag.py took 0.102 seconds
[2024-08-10 22:13:48,696] {scheduler_job.py:182} INFO - Started process (PID=394) to work on /home/airflow/.local/lib/python3.6/site-packages/airflow/example_dags/example_nested_branch_dag.py
[2024-08-10 22:13:48,697] {scheduler_job.py:629} INFO - Processing file /home/airflow/.local/lib/python3.6/site-packages/airflow/example_dags/example_nested_branch_dag.py for tasks to queue
[2024-08-10 22:13:48,697] {logging_mixin.py:104} INFO - [2024-08-10 22:13:48,697] {dagbag.py:451} INFO - Filling up the DagBag from /home/airflow/.local/lib/python3.6/site-packages/airflow/example_dags/example_nested_branch_dag.py
[2024-08-10 22:13:48,706] {scheduler_job.py:639} INFO - DAG(s) dict_keys(['example_nested_branch_dag']) retrieved from /home/airflow/.local/lib/python3.6/site-packages/airflow/example_dags/example_nested_branch_dag.py
[2024-08-10 22:13:48,782] {logging_mixin.py:104} INFO - [2024-08-10 22:13:48,782] {dag.py:1824} INFO - Sync 1 DAGs
[2024-08-10 22:13:48,805] {logging_mixin.py:104} INFO - [2024-08-10 22:13:48,805] {dag.py:2280} INFO - Setting next_dagrun for example_nested_branch_dag to 2024-08-08 00:00:00+00:00
[2024-08-10 22:13:48,823] {scheduler_job.py:190} INFO - Processing /home/airflow/.local/lib/python3.6/site-packages/airflow/example_dags/example_nested_branch_dag.py took 0.128 seconds
[2024-08-10 22:17:46,045] {scheduler_job.py:182} INFO - Started process (PID=423) to work on /home/airflow/.local/lib/python3.6/site-packages/airflow/example_dags/example_nested_branch_dag.py
[2024-08-10 22:17:46,046] {scheduler_job.py:629} INFO - Processing file /home/airflow/.local/lib/python3.6/site-packages/airflow/example_dags/example_nested_branch_dag.py for tasks to queue
[2024-08-10 22:17:46,046] {logging_mixin.py:104} INFO - [2024-08-10 22:17:46,046] {dagbag.py:451} INFO - Filling up the DagBag from /home/airflow/.local/lib/python3.6/site-packages/airflow/example_dags/example_nested_branch_dag.py
[2024-08-10 22:17:46,057] {scheduler_job.py:639} INFO - DAG(s) dict_keys(['example_nested_branch_dag']) retrieved from /home/airflow/.local/lib/python3.6/site-packages/airflow/example_dags/example_nested_branch_dag.py
[2024-08-10 22:17:46,122] {logging_mixin.py:104} INFO - [2024-08-10 22:17:46,122] {dag.py:1824} INFO - Sync 1 DAGs
[2024-08-10 22:17:46,144] {logging_mixin.py:104} INFO - [2024-08-10 22:17:46,144] {dag.py:2280} INFO - Setting next_dagrun for example_nested_branch_dag to 2024-08-08 00:00:00+00:00
[2024-08-10 22:17:46,159] {scheduler_job.py:190} INFO - Processing /home/airflow/.local/lib/python3.6/site-packages/airflow/example_dags/example_nested_branch_dag.py took 0.116 seconds
[2024-08-10 22:18:17,209] {scheduler_job.py:182} INFO - Started process (PID=457) to work on /home/airflow/.local/lib/python3.6/site-packages/airflow/example_dags/example_nested_branch_dag.py
[2024-08-10 22:18:17,210] {scheduler_job.py:629} INFO - Processing file /home/airflow/.local/lib/python3.6/site-packages/airflow/example_dags/example_nested_branch_dag.py for tasks to queue
[2024-08-10 22:18:17,210] {logging_mixin.py:104} INFO - [2024-08-10 22:18:17,210] {dagbag.py:451} INFO - Filling up the DagBag from /home/airflow/.local/lib/python3.6/site-packages/airflow/example_dags/example_nested_branch_dag.py
[2024-08-10 22:18:17,219] {scheduler_job.py:639} INFO - DAG(s) dict_keys(['example_nested_branch_dag']) retrieved from /home/airflow/.local/lib/python3.6/site-packages/airflow/example_dags/example_nested_branch_dag.py
[2024-08-10 22:18:17,281] {logging_mixin.py:104} INFO - [2024-08-10 22:18:17,281] {dag.py:1824} INFO - Sync 1 DAGs
[2024-08-10 22:18:17,300] {logging_mixin.py:104} INFO - [2024-08-10 22:18:17,300] {dag.py:2280} INFO - Setting next_dagrun for example_nested_branch_dag to 2024-08-08 00:00:00+00:00
[2024-08-10 22:18:17,312] {scheduler_job.py:190} INFO - Processing /home/airflow/.local/lib/python3.6/site-packages/airflow/example_dags/example_nested_branch_dag.py took 0.104 seconds
[2024-08-10 22:18:47,815] {scheduler_job.py:182} INFO - Started process (PID=485) to work on /home/airflow/.local/lib/python3.6/site-packages/airflow/example_dags/example_nested_branch_dag.py
[2024-08-10 22:18:47,816] {scheduler_job.py:629} INFO - Processing file /home/airflow/.local/lib/python3.6/site-packages/airflow/example_dags/example_nested_branch_dag.py for tasks to queue
[2024-08-10 22:18:47,817] {logging_mixin.py:104} INFO - [2024-08-10 22:18:47,816] {dagbag.py:451} INFO - Filling up the DagBag from /home/airflow/.local/lib/python3.6/site-packages/airflow/example_dags/example_nested_branch_dag.py
[2024-08-10 22:18:47,825] {scheduler_job.py:639} INFO - DAG(s) dict_keys(['example_nested_branch_dag']) retrieved from /home/airflow/.local/lib/python3.6/site-packages/airflow/example_dags/example_nested_branch_dag.py
[2024-08-10 22:18:47,889] {logging_mixin.py:104} INFO - [2024-08-10 22:18:47,889] {dag.py:1824} INFO - Sync 1 DAGs
[2024-08-10 22:18:47,910] {logging_mixin.py:104} INFO - [2024-08-10 22:18:47,909] {dag.py:2280} INFO - Setting next_dagrun for example_nested_branch_dag to 2024-08-08 00:00:00+00:00
[2024-08-10 22:18:47,920] {scheduler_job.py:190} INFO - Processing /home/airflow/.local/lib/python3.6/site-packages/airflow/example_dags/example_nested_branch_dag.py took 0.106 seconds
[2024-08-10 22:19:19,053] {scheduler_job.py:182} INFO - Started process (PID=518) to work on /home/airflow/.local/lib/python3.6/site-packages/airflow/example_dags/example_nested_branch_dag.py
[2024-08-10 22:19:19,054] {scheduler_job.py:629} INFO - Processing file /home/airflow/.local/lib/python3.6/site-packages/airflow/example_dags/example_nested_branch_dag.py for tasks to queue
[2024-08-10 22:19:19,054] {logging_mixin.py:104} INFO - [2024-08-10 22:19:19,054] {dagbag.py:451} INFO - Filling up the DagBag from /home/airflow/.local/lib/python3.6/site-packages/airflow/example_dags/example_nested_branch_dag.py
[2024-08-10 22:19:19,063] {scheduler_job.py:639} INFO - DAG(s) dict_keys(['example_nested_branch_dag']) retrieved from /home/airflow/.local/lib/python3.6/site-packages/airflow/example_dags/example_nested_branch_dag.py
[2024-08-10 22:19:19,123] {logging_mixin.py:104} INFO - [2024-08-10 22:19:19,122] {dag.py:1824} INFO - Sync 1 DAGs
[2024-08-10 22:19:19,143] {logging_mixin.py:104} INFO - [2024-08-10 22:19:19,143] {dag.py:2280} INFO - Setting next_dagrun for example_nested_branch_dag to 2024-08-08 00:00:00+00:00
[2024-08-10 22:19:19,155] {scheduler_job.py:190} INFO - Processing /home/airflow/.local/lib/python3.6/site-packages/airflow/example_dags/example_nested_branch_dag.py took 0.103 seconds
[2024-08-10 22:27:20,796] {scheduler_job.py:182} INFO - Started process (PID=539) to work on /home/airflow/.local/lib/python3.6/site-packages/airflow/example_dags/example_nested_branch_dag.py
[2024-08-10 22:27:20,797] {scheduler_job.py:629} INFO - Processing file /home/airflow/.local/lib/python3.6/site-packages/airflow/example_dags/example_nested_branch_dag.py for tasks to queue
[2024-08-10 22:27:20,797] {logging_mixin.py:104} INFO - [2024-08-10 22:27:20,797] {dagbag.py:451} INFO - Filling up the DagBag from /home/airflow/.local/lib/python3.6/site-packages/airflow/example_dags/example_nested_branch_dag.py
[2024-08-10 22:27:20,807] {scheduler_job.py:639} INFO - DAG(s) dict_keys(['example_nested_branch_dag']) retrieved from /home/airflow/.local/lib/python3.6/site-packages/airflow/example_dags/example_nested_branch_dag.py
[2024-08-10 22:27:20,867] {logging_mixin.py:104} INFO - [2024-08-10 22:27:20,867] {dag.py:1824} INFO - Sync 1 DAGs
[2024-08-10 22:27:20,890] {logging_mixin.py:104} INFO - [2024-08-10 22:27:20,890] {dag.py:2280} INFO - Setting next_dagrun for example_nested_branch_dag to 2024-08-08 00:00:00+00:00
[2024-08-10 22:27:20,901] {scheduler_job.py:190} INFO - Processing /home/airflow/.local/lib/python3.6/site-packages/airflow/example_dags/example_nested_branch_dag.py took 0.107 seconds
[2024-08-10 23:00:13,773] {scheduler_job.py:182} INFO - Started process (PID=568) to work on /home/airflow/.local/lib/python3.6/site-packages/airflow/example_dags/example_nested_branch_dag.py
[2024-08-10 23:00:13,774] {scheduler_job.py:629} INFO - Processing file /home/airflow/.local/lib/python3.6/site-packages/airflow/example_dags/example_nested_branch_dag.py for tasks to queue
[2024-08-10 23:00:13,775] {logging_mixin.py:104} INFO - [2024-08-10 23:00:13,775] {dagbag.py:451} INFO - Filling up the DagBag from /home/airflow/.local/lib/python3.6/site-packages/airflow/example_dags/example_nested_branch_dag.py
[2024-08-10 23:00:13,788] {scheduler_job.py:639} INFO - DAG(s) dict_keys(['example_nested_branch_dag']) retrieved from /home/airflow/.local/lib/python3.6/site-packages/airflow/example_dags/example_nested_branch_dag.py
[2024-08-10 23:00:13,852] {logging_mixin.py:104} INFO - [2024-08-10 23:00:13,852] {dag.py:1824} INFO - Sync 1 DAGs
[2024-08-10 23:00:13,878] {logging_mixin.py:104} INFO - [2024-08-10 23:00:13,878] {dag.py:2280} INFO - Setting next_dagrun for example_nested_branch_dag to 2024-08-08 00:00:00+00:00
[2024-08-10 23:00:13,893] {scheduler_job.py:190} INFO - Processing /home/airflow/.local/lib/python3.6/site-packages/airflow/example_dags/example_nested_branch_dag.py took 0.122 seconds
[2024-08-10 23:02:54,324] {scheduler_job.py:182} INFO - Started process (PID=597) to work on /home/airflow/.local/lib/python3.6/site-packages/airflow/example_dags/example_nested_branch_dag.py
[2024-08-10 23:02:54,326] {scheduler_job.py:629} INFO - Processing file /home/airflow/.local/lib/python3.6/site-packages/airflow/example_dags/example_nested_branch_dag.py for tasks to queue
[2024-08-10 23:02:54,327] {logging_mixin.py:104} INFO - [2024-08-10 23:02:54,327] {dagbag.py:451} INFO - Filling up the DagBag from /home/airflow/.local/lib/python3.6/site-packages/airflow/example_dags/example_nested_branch_dag.py
[2024-08-10 23:02:54,336] {scheduler_job.py:639} INFO - DAG(s) dict_keys(['example_nested_branch_dag']) retrieved from /home/airflow/.local/lib/python3.6/site-packages/airflow/example_dags/example_nested_branch_dag.py
[2024-08-10 23:02:54,425] {logging_mixin.py:104} INFO - [2024-08-10 23:02:54,425] {dag.py:1824} INFO - Sync 1 DAGs
[2024-08-10 23:02:54,451] {logging_mixin.py:104} INFO - [2024-08-10 23:02:54,451] {dag.py:2280} INFO - Setting next_dagrun for example_nested_branch_dag to 2024-08-08 00:00:00+00:00
[2024-08-10 23:02:54,468] {scheduler_job.py:190} INFO - Processing /home/airflow/.local/lib/python3.6/site-packages/airflow/example_dags/example_nested_branch_dag.py took 0.146 seconds
[2024-08-10 23:14:08,661] {scheduler_job.py:182} INFO - Started process (PID=626) to work on /home/airflow/.local/lib/python3.6/site-packages/airflow/example_dags/example_nested_branch_dag.py
[2024-08-10 23:14:08,664] {scheduler_job.py:629} INFO - Processing file /home/airflow/.local/lib/python3.6/site-packages/airflow/example_dags/example_nested_branch_dag.py for tasks to queue
[2024-08-10 23:14:08,664] {logging_mixin.py:104} INFO - [2024-08-10 23:14:08,664] {dagbag.py:451} INFO - Filling up the DagBag from /home/airflow/.local/lib/python3.6/site-packages/airflow/example_dags/example_nested_branch_dag.py
[2024-08-10 23:14:08,673] {scheduler_job.py:639} INFO - DAG(s) dict_keys(['example_nested_branch_dag']) retrieved from /home/airflow/.local/lib/python3.6/site-packages/airflow/example_dags/example_nested_branch_dag.py
[2024-08-10 23:14:08,739] {logging_mixin.py:104} INFO - [2024-08-10 23:14:08,739] {dag.py:1824} INFO - Sync 1 DAGs
[2024-08-10 23:14:08,763] {logging_mixin.py:104} INFO - [2024-08-10 23:14:08,763] {dag.py:2280} INFO - Setting next_dagrun for example_nested_branch_dag to 2024-08-08 00:00:00+00:00
[2024-08-10 23:14:08,776] {scheduler_job.py:190} INFO - Processing /home/airflow/.local/lib/python3.6/site-packages/airflow/example_dags/example_nested_branch_dag.py took 0.116 seconds
[2024-08-10 23:14:39,578] {scheduler_job.py:182} INFO - Started process (PID=655) to work on /home/airflow/.local/lib/python3.6/site-packages/airflow/example_dags/example_nested_branch_dag.py
[2024-08-10 23:14:39,579] {scheduler_job.py:629} INFO - Processing file /home/airflow/.local/lib/python3.6/site-packages/airflow/example_dags/example_nested_branch_dag.py for tasks to queue
[2024-08-10 23:14:39,579] {logging_mixin.py:104} INFO - [2024-08-10 23:14:39,579] {dagbag.py:451} INFO - Filling up the DagBag from /home/airflow/.local/lib/python3.6/site-packages/airflow/example_dags/example_nested_branch_dag.py
[2024-08-10 23:14:39,589] {scheduler_job.py:639} INFO - DAG(s) dict_keys(['example_nested_branch_dag']) retrieved from /home/airflow/.local/lib/python3.6/site-packages/airflow/example_dags/example_nested_branch_dag.py
[2024-08-10 23:14:39,647] {logging_mixin.py:104} INFO - [2024-08-10 23:14:39,647] {dag.py:1824} INFO - Sync 1 DAGs
[2024-08-10 23:14:39,667] {logging_mixin.py:104} INFO - [2024-08-10 23:14:39,667] {dag.py:2280} INFO - Setting next_dagrun for example_nested_branch_dag to 2024-08-08 00:00:00+00:00
[2024-08-10 23:14:39,677] {scheduler_job.py:190} INFO - Processing /home/airflow/.local/lib/python3.6/site-packages/airflow/example_dags/example_nested_branch_dag.py took 0.100 seconds
