[2024-08-10 00:13:03,665] {scheduler_job.py:182} INFO - Started process (PID=60879) to work on /home/airflow/.local/lib/python3.6/site-packages/airflow/example_dags/example_python_operator.py
[2024-08-10 00:13:03,666] {scheduler_job.py:629} INFO - Processing file /home/airflow/.local/lib/python3.6/site-packages/airflow/example_dags/example_python_operator.py for tasks to queue
[2024-08-10 00:13:03,666] {logging_mixin.py:104} INFO - [2024-08-10 00:13:03,666] {dagbag.py:451} INFO - Filling up the DagBag from /home/airflow/.local/lib/python3.6/site-packages/airflow/example_dags/example_python_operator.py
[2024-08-10 00:13:03,677] {scheduler_job.py:639} INFO - DAG(s) dict_keys(['example_python_operator']) retrieved from /home/airflow/.local/lib/python3.6/site-packages/airflow/example_dags/example_python_operator.py
[2024-08-10 00:13:03,740] {logging_mixin.py:104} INFO - [2024-08-10 00:13:03,740] {dag.py:1824} INFO - Sync 1 DAGs
[2024-08-10 00:13:03,759] {logging_mixin.py:104} INFO - [2024-08-10 00:13:03,759] {dag.py:2280} INFO - Setting next_dagrun for example_python_operator to None
[2024-08-10 00:13:03,774] {scheduler_job.py:190} INFO - Processing /home/airflow/.local/lib/python3.6/site-packages/airflow/example_dags/example_python_operator.py took 0.112 seconds
[2024-08-10 00:13:33,846] {scheduler_job.py:182} INFO - Started process (PID=60907) to work on /home/airflow/.local/lib/python3.6/site-packages/airflow/example_dags/example_python_operator.py
[2024-08-10 00:13:33,847] {scheduler_job.py:629} INFO - Processing file /home/airflow/.local/lib/python3.6/site-packages/airflow/example_dags/example_python_operator.py for tasks to queue
[2024-08-10 00:13:33,847] {logging_mixin.py:104} INFO - [2024-08-10 00:13:33,847] {dagbag.py:451} INFO - Filling up the DagBag from /home/airflow/.local/lib/python3.6/site-packages/airflow/example_dags/example_python_operator.py
[2024-08-10 00:13:33,854] {scheduler_job.py:639} INFO - DAG(s) dict_keys(['example_python_operator']) retrieved from /home/airflow/.local/lib/python3.6/site-packages/airflow/example_dags/example_python_operator.py
[2024-08-10 00:13:33,913] {logging_mixin.py:104} INFO - [2024-08-10 00:13:33,913] {dag.py:1824} INFO - Sync 1 DAGs
[2024-08-10 00:13:33,930] {logging_mixin.py:104} INFO - [2024-08-10 00:13:33,930] {dag.py:2280} INFO - Setting next_dagrun for example_python_operator to None
[2024-08-10 00:13:33,941] {scheduler_job.py:190} INFO - Processing /home/airflow/.local/lib/python3.6/site-packages/airflow/example_dags/example_python_operator.py took 0.096 seconds
[2024-08-10 01:03:33,044] {scheduler_job.py:182} INFO - Started process (PID=60937) to work on /home/airflow/.local/lib/python3.6/site-packages/airflow/example_dags/example_python_operator.py
[2024-08-10 01:03:33,045] {scheduler_job.py:629} INFO - Processing file /home/airflow/.local/lib/python3.6/site-packages/airflow/example_dags/example_python_operator.py for tasks to queue
[2024-08-10 01:03:33,046] {logging_mixin.py:104} INFO - [2024-08-10 01:03:33,046] {dagbag.py:451} INFO - Filling up the DagBag from /home/airflow/.local/lib/python3.6/site-packages/airflow/example_dags/example_python_operator.py
[2024-08-10 01:03:33,054] {scheduler_job.py:639} INFO - DAG(s) dict_keys(['example_python_operator']) retrieved from /home/airflow/.local/lib/python3.6/site-packages/airflow/example_dags/example_python_operator.py
[2024-08-10 01:03:33,114] {logging_mixin.py:104} INFO - [2024-08-10 01:03:33,114] {dag.py:1824} INFO - Sync 1 DAGs
[2024-08-10 01:03:33,130] {logging_mixin.py:104} INFO - [2024-08-10 01:03:33,130] {dag.py:2280} INFO - Setting next_dagrun for example_python_operator to None
[2024-08-10 01:03:33,142] {scheduler_job.py:190} INFO - Processing /home/airflow/.local/lib/python3.6/site-packages/airflow/example_dags/example_python_operator.py took 0.100 seconds
[2024-08-10 01:14:29,970] {scheduler_job.py:182} INFO - Started process (PID=60966) to work on /home/airflow/.local/lib/python3.6/site-packages/airflow/example_dags/example_python_operator.py
[2024-08-10 01:14:29,971] {scheduler_job.py:629} INFO - Processing file /home/airflow/.local/lib/python3.6/site-packages/airflow/example_dags/example_python_operator.py for tasks to queue
[2024-08-10 01:14:29,972] {logging_mixin.py:104} INFO - [2024-08-10 01:14:29,972] {dagbag.py:451} INFO - Filling up the DagBag from /home/airflow/.local/lib/python3.6/site-packages/airflow/example_dags/example_python_operator.py
[2024-08-10 01:14:29,981] {scheduler_job.py:639} INFO - DAG(s) dict_keys(['example_python_operator']) retrieved from /home/airflow/.local/lib/python3.6/site-packages/airflow/example_dags/example_python_operator.py
[2024-08-10 01:14:30,044] {logging_mixin.py:104} INFO - [2024-08-10 01:14:30,044] {dag.py:1824} INFO - Sync 1 DAGs
[2024-08-10 01:14:30,062] {logging_mixin.py:104} INFO - [2024-08-10 01:14:30,062] {dag.py:2280} INFO - Setting next_dagrun for example_python_operator to None
[2024-08-10 01:14:30,075] {scheduler_job.py:190} INFO - Processing /home/airflow/.local/lib/python3.6/site-packages/airflow/example_dags/example_python_operator.py took 0.106 seconds
[2024-08-10 01:47:57,742] {scheduler_job.py:182} INFO - Started process (PID=60995) to work on /home/airflow/.local/lib/python3.6/site-packages/airflow/example_dags/example_python_operator.py
[2024-08-10 01:47:57,743] {scheduler_job.py:629} INFO - Processing file /home/airflow/.local/lib/python3.6/site-packages/airflow/example_dags/example_python_operator.py for tasks to queue
[2024-08-10 01:47:57,743] {logging_mixin.py:104} INFO - [2024-08-10 01:47:57,743] {dagbag.py:451} INFO - Filling up the DagBag from /home/airflow/.local/lib/python3.6/site-packages/airflow/example_dags/example_python_operator.py
[2024-08-10 01:47:57,750] {scheduler_job.py:639} INFO - DAG(s) dict_keys(['example_python_operator']) retrieved from /home/airflow/.local/lib/python3.6/site-packages/airflow/example_dags/example_python_operator.py
[2024-08-10 01:47:57,809] {logging_mixin.py:104} INFO - [2024-08-10 01:47:57,809] {dag.py:1824} INFO - Sync 1 DAGs
[2024-08-10 01:47:57,825] {logging_mixin.py:104} INFO - [2024-08-10 01:47:57,825] {dag.py:2280} INFO - Setting next_dagrun for example_python_operator to None
[2024-08-10 01:47:57,838] {scheduler_job.py:190} INFO - Processing /home/airflow/.local/lib/python3.6/site-packages/airflow/example_dags/example_python_operator.py took 0.097 seconds
[2024-08-10 02:15:26,698] {scheduler_job.py:182} INFO - Started process (PID=61024) to work on /home/airflow/.local/lib/python3.6/site-packages/airflow/example_dags/example_python_operator.py
[2024-08-10 02:15:26,699] {scheduler_job.py:629} INFO - Processing file /home/airflow/.local/lib/python3.6/site-packages/airflow/example_dags/example_python_operator.py for tasks to queue
[2024-08-10 02:15:26,699] {logging_mixin.py:104} INFO - [2024-08-10 02:15:26,699] {dagbag.py:451} INFO - Filling up the DagBag from /home/airflow/.local/lib/python3.6/site-packages/airflow/example_dags/example_python_operator.py
[2024-08-10 02:15:26,707] {scheduler_job.py:639} INFO - DAG(s) dict_keys(['example_python_operator']) retrieved from /home/airflow/.local/lib/python3.6/site-packages/airflow/example_dags/example_python_operator.py
[2024-08-10 02:15:26,768] {logging_mixin.py:104} INFO - [2024-08-10 02:15:26,768] {dag.py:1824} INFO - Sync 1 DAGs
[2024-08-10 02:15:26,787] {logging_mixin.py:104} INFO - [2024-08-10 02:15:26,787] {dag.py:2280} INFO - Setting next_dagrun for example_python_operator to None
[2024-08-10 02:15:26,798] {scheduler_job.py:190} INFO - Processing /home/airflow/.local/lib/python3.6/site-packages/airflow/example_dags/example_python_operator.py took 0.102 seconds
[2024-08-10 02:21:40,300] {scheduler_job.py:182} INFO - Started process (PID=61053) to work on /home/airflow/.local/lib/python3.6/site-packages/airflow/example_dags/example_python_operator.py
[2024-08-10 02:21:40,300] {scheduler_job.py:629} INFO - Processing file /home/airflow/.local/lib/python3.6/site-packages/airflow/example_dags/example_python_operator.py for tasks to queue
[2024-08-10 02:21:40,301] {logging_mixin.py:104} INFO - [2024-08-10 02:21:40,301] {dagbag.py:451} INFO - Filling up the DagBag from /home/airflow/.local/lib/python3.6/site-packages/airflow/example_dags/example_python_operator.py
[2024-08-10 02:21:40,310] {scheduler_job.py:639} INFO - DAG(s) dict_keys(['example_python_operator']) retrieved from /home/airflow/.local/lib/python3.6/site-packages/airflow/example_dags/example_python_operator.py
[2024-08-10 02:21:40,371] {logging_mixin.py:104} INFO - [2024-08-10 02:21:40,371] {dag.py:1824} INFO - Sync 1 DAGs
[2024-08-10 02:21:40,386] {logging_mixin.py:104} INFO - [2024-08-10 02:21:40,386] {dag.py:2280} INFO - Setting next_dagrun for example_python_operator to None
[2024-08-10 02:21:40,398] {scheduler_job.py:190} INFO - Processing /home/airflow/.local/lib/python3.6/site-packages/airflow/example_dags/example_python_operator.py took 0.100 seconds
[2024-08-10 02:22:11,371] {scheduler_job.py:182} INFO - Started process (PID=61082) to work on /home/airflow/.local/lib/python3.6/site-packages/airflow/example_dags/example_python_operator.py
[2024-08-10 02:22:11,372] {scheduler_job.py:629} INFO - Processing file /home/airflow/.local/lib/python3.6/site-packages/airflow/example_dags/example_python_operator.py for tasks to queue
[2024-08-10 02:22:11,372] {logging_mixin.py:104} INFO - [2024-08-10 02:22:11,372] {dagbag.py:451} INFO - Filling up the DagBag from /home/airflow/.local/lib/python3.6/site-packages/airflow/example_dags/example_python_operator.py
[2024-08-10 02:22:11,379] {scheduler_job.py:639} INFO - DAG(s) dict_keys(['example_python_operator']) retrieved from /home/airflow/.local/lib/python3.6/site-packages/airflow/example_dags/example_python_operator.py
[2024-08-10 02:22:11,437] {logging_mixin.py:104} INFO - [2024-08-10 02:22:11,436] {dag.py:1824} INFO - Sync 1 DAGs
[2024-08-10 02:22:11,452] {logging_mixin.py:104} INFO - [2024-08-10 02:22:11,452] {dag.py:2280} INFO - Setting next_dagrun for example_python_operator to None
[2024-08-10 02:22:11,465] {scheduler_job.py:190} INFO - Processing /home/airflow/.local/lib/python3.6/site-packages/airflow/example_dags/example_python_operator.py took 0.095 seconds
[2024-08-10 03:16:05,528] {scheduler_job.py:182} INFO - Started process (PID=61111) to work on /home/airflow/.local/lib/python3.6/site-packages/airflow/example_dags/example_python_operator.py
[2024-08-10 03:16:05,530] {scheduler_job.py:629} INFO - Processing file /home/airflow/.local/lib/python3.6/site-packages/airflow/example_dags/example_python_operator.py for tasks to queue
[2024-08-10 03:16:05,530] {logging_mixin.py:104} INFO - [2024-08-10 03:16:05,530] {dagbag.py:451} INFO - Filling up the DagBag from /home/airflow/.local/lib/python3.6/site-packages/airflow/example_dags/example_python_operator.py
[2024-08-10 03:16:05,546] {scheduler_job.py:639} INFO - DAG(s) dict_keys(['example_python_operator']) retrieved from /home/airflow/.local/lib/python3.6/site-packages/airflow/example_dags/example_python_operator.py
[2024-08-10 03:16:05,628] {logging_mixin.py:104} INFO - [2024-08-10 03:16:05,628] {dag.py:1824} INFO - Sync 1 DAGs
[2024-08-10 03:16:05,657] {logging_mixin.py:104} INFO - [2024-08-10 03:16:05,657] {dag.py:2280} INFO - Setting next_dagrun for example_python_operator to None
[2024-08-10 03:16:05,687] {scheduler_job.py:190} INFO - Processing /home/airflow/.local/lib/python3.6/site-packages/airflow/example_dags/example_python_operator.py took 0.163 seconds
[2024-08-10 03:16:35,743] {scheduler_job.py:182} INFO - Started process (PID=61140) to work on /home/airflow/.local/lib/python3.6/site-packages/airflow/example_dags/example_python_operator.py
[2024-08-10 03:16:35,744] {scheduler_job.py:629} INFO - Processing file /home/airflow/.local/lib/python3.6/site-packages/airflow/example_dags/example_python_operator.py for tasks to queue
[2024-08-10 03:16:35,744] {logging_mixin.py:104} INFO - [2024-08-10 03:16:35,744] {dagbag.py:451} INFO - Filling up the DagBag from /home/airflow/.local/lib/python3.6/site-packages/airflow/example_dags/example_python_operator.py
[2024-08-10 03:16:35,751] {scheduler_job.py:639} INFO - DAG(s) dict_keys(['example_python_operator']) retrieved from /home/airflow/.local/lib/python3.6/site-packages/airflow/example_dags/example_python_operator.py
[2024-08-10 03:16:35,809] {logging_mixin.py:104} INFO - [2024-08-10 03:16:35,809] {dag.py:1824} INFO - Sync 1 DAGs
[2024-08-10 03:16:35,824] {logging_mixin.py:104} INFO - [2024-08-10 03:16:35,824] {dag.py:2280} INFO - Setting next_dagrun for example_python_operator to None
[2024-08-10 03:16:35,834] {scheduler_job.py:190} INFO - Processing /home/airflow/.local/lib/python3.6/site-packages/airflow/example_dags/example_python_operator.py took 0.093 seconds
[2024-08-10 04:06:30,263] {scheduler_job.py:182} INFO - Started process (PID=61169) to work on /home/airflow/.local/lib/python3.6/site-packages/airflow/example_dags/example_python_operator.py
[2024-08-10 04:06:30,265] {scheduler_job.py:629} INFO - Processing file /home/airflow/.local/lib/python3.6/site-packages/airflow/example_dags/example_python_operator.py for tasks to queue
[2024-08-10 04:06:30,266] {logging_mixin.py:104} INFO - [2024-08-10 04:06:30,266] {dagbag.py:451} INFO - Filling up the DagBag from /home/airflow/.local/lib/python3.6/site-packages/airflow/example_dags/example_python_operator.py
[2024-08-10 04:06:30,274] {scheduler_job.py:639} INFO - DAG(s) dict_keys(['example_python_operator']) retrieved from /home/airflow/.local/lib/python3.6/site-packages/airflow/example_dags/example_python_operator.py
[2024-08-10 04:06:30,335] {logging_mixin.py:104} INFO - [2024-08-10 04:06:30,335] {dag.py:1824} INFO - Sync 1 DAGs
[2024-08-10 04:06:30,352] {logging_mixin.py:104} INFO - [2024-08-10 04:06:30,351] {dag.py:2280} INFO - Setting next_dagrun for example_python_operator to None
[2024-08-10 04:06:30,366] {scheduler_job.py:190} INFO - Processing /home/airflow/.local/lib/python3.6/site-packages/airflow/example_dags/example_python_operator.py took 0.105 seconds
[2024-08-10 04:17:31,967] {scheduler_job.py:182} INFO - Started process (PID=61198) to work on /home/airflow/.local/lib/python3.6/site-packages/airflow/example_dags/example_python_operator.py
[2024-08-10 04:17:31,969] {scheduler_job.py:629} INFO - Processing file /home/airflow/.local/lib/python3.6/site-packages/airflow/example_dags/example_python_operator.py for tasks to queue
[2024-08-10 04:17:31,969] {logging_mixin.py:104} INFO - [2024-08-10 04:17:31,969] {dagbag.py:451} INFO - Filling up the DagBag from /home/airflow/.local/lib/python3.6/site-packages/airflow/example_dags/example_python_operator.py
[2024-08-10 04:17:31,981] {scheduler_job.py:639} INFO - DAG(s) dict_keys(['example_python_operator']) retrieved from /home/airflow/.local/lib/python3.6/site-packages/airflow/example_dags/example_python_operator.py
[2024-08-10 04:17:32,050] {logging_mixin.py:104} INFO - [2024-08-10 04:17:32,050] {dag.py:1824} INFO - Sync 1 DAGs
[2024-08-10 04:17:32,070] {logging_mixin.py:104} INFO - [2024-08-10 04:17:32,070] {dag.py:2280} INFO - Setting next_dagrun for example_python_operator to None
[2024-08-10 04:17:32,081] {scheduler_job.py:190} INFO - Processing /home/airflow/.local/lib/python3.6/site-packages/airflow/example_dags/example_python_operator.py took 0.118 seconds
[2024-08-10 05:08:47,174] {scheduler_job.py:182} INFO - Started process (PID=61227) to work on /home/airflow/.local/lib/python3.6/site-packages/airflow/example_dags/example_python_operator.py
[2024-08-10 05:08:47,175] {scheduler_job.py:629} INFO - Processing file /home/airflow/.local/lib/python3.6/site-packages/airflow/example_dags/example_python_operator.py for tasks to queue
[2024-08-10 05:08:47,176] {logging_mixin.py:104} INFO - [2024-08-10 05:08:47,176] {dagbag.py:451} INFO - Filling up the DagBag from /home/airflow/.local/lib/python3.6/site-packages/airflow/example_dags/example_python_operator.py
[2024-08-10 05:08:47,186] {scheduler_job.py:639} INFO - DAG(s) dict_keys(['example_python_operator']) retrieved from /home/airflow/.local/lib/python3.6/site-packages/airflow/example_dags/example_python_operator.py
[2024-08-10 05:08:47,253] {logging_mixin.py:104} INFO - [2024-08-10 05:08:47,252] {dag.py:1824} INFO - Sync 1 DAGs
[2024-08-10 05:08:47,272] {logging_mixin.py:104} INFO - [2024-08-10 05:08:47,272] {dag.py:2280} INFO - Setting next_dagrun for example_python_operator to None
[2024-08-10 05:08:47,287] {scheduler_job.py:190} INFO - Processing /home/airflow/.local/lib/python3.6/site-packages/airflow/example_dags/example_python_operator.py took 0.115 seconds
[2024-08-10 05:18:29,083] {scheduler_job.py:182} INFO - Started process (PID=61256) to work on /home/airflow/.local/lib/python3.6/site-packages/airflow/example_dags/example_python_operator.py
[2024-08-10 05:18:29,084] {scheduler_job.py:629} INFO - Processing file /home/airflow/.local/lib/python3.6/site-packages/airflow/example_dags/example_python_operator.py for tasks to queue
[2024-08-10 05:18:29,084] {logging_mixin.py:104} INFO - [2024-08-10 05:18:29,084] {dagbag.py:451} INFO - Filling up the DagBag from /home/airflow/.local/lib/python3.6/site-packages/airflow/example_dags/example_python_operator.py
[2024-08-10 05:18:29,092] {scheduler_job.py:639} INFO - DAG(s) dict_keys(['example_python_operator']) retrieved from /home/airflow/.local/lib/python3.6/site-packages/airflow/example_dags/example_python_operator.py
[2024-08-10 05:18:29,157] {logging_mixin.py:104} INFO - [2024-08-10 05:18:29,157] {dag.py:1824} INFO - Sync 1 DAGs
[2024-08-10 05:18:29,173] {logging_mixin.py:104} INFO - [2024-08-10 05:18:29,173] {dag.py:2280} INFO - Setting next_dagrun for example_python_operator to None
[2024-08-10 05:18:29,185] {scheduler_job.py:190} INFO - Processing /home/airflow/.local/lib/python3.6/site-packages/airflow/example_dags/example_python_operator.py took 0.104 seconds
[2024-08-10 05:52:10,835] {scheduler_job.py:182} INFO - Started process (PID=61285) to work on /home/airflow/.local/lib/python3.6/site-packages/airflow/example_dags/example_python_operator.py
[2024-08-10 05:52:10,836] {scheduler_job.py:629} INFO - Processing file /home/airflow/.local/lib/python3.6/site-packages/airflow/example_dags/example_python_operator.py for tasks to queue
[2024-08-10 05:52:10,837] {logging_mixin.py:104} INFO - [2024-08-10 05:52:10,837] {dagbag.py:451} INFO - Filling up the DagBag from /home/airflow/.local/lib/python3.6/site-packages/airflow/example_dags/example_python_operator.py
[2024-08-10 05:52:10,845] {scheduler_job.py:639} INFO - DAG(s) dict_keys(['example_python_operator']) retrieved from /home/airflow/.local/lib/python3.6/site-packages/airflow/example_dags/example_python_operator.py
[2024-08-10 05:52:10,906] {logging_mixin.py:104} INFO - [2024-08-10 05:52:10,906] {dag.py:1824} INFO - Sync 1 DAGs
[2024-08-10 05:52:10,924] {logging_mixin.py:104} INFO - [2024-08-10 05:52:10,924] {dag.py:2280} INFO - Setting next_dagrun for example_python_operator to None
[2024-08-10 05:52:10,936] {scheduler_job.py:190} INFO - Processing /home/airflow/.local/lib/python3.6/site-packages/airflow/example_dags/example_python_operator.py took 0.103 seconds
[2024-08-10 06:01:20,395] {scheduler_job.py:182} INFO - Started process (PID=61314) to work on /home/airflow/.local/lib/python3.6/site-packages/airflow/example_dags/example_python_operator.py
[2024-08-10 06:01:20,396] {scheduler_job.py:629} INFO - Processing file /home/airflow/.local/lib/python3.6/site-packages/airflow/example_dags/example_python_operator.py for tasks to queue
[2024-08-10 06:01:20,396] {logging_mixin.py:104} INFO - [2024-08-10 06:01:20,396] {dagbag.py:451} INFO - Filling up the DagBag from /home/airflow/.local/lib/python3.6/site-packages/airflow/example_dags/example_python_operator.py
[2024-08-10 06:01:20,404] {scheduler_job.py:639} INFO - DAG(s) dict_keys(['example_python_operator']) retrieved from /home/airflow/.local/lib/python3.6/site-packages/airflow/example_dags/example_python_operator.py
[2024-08-10 06:01:20,463] {logging_mixin.py:104} INFO - [2024-08-10 06:01:20,463] {dag.py:1824} INFO - Sync 1 DAGs
[2024-08-10 06:01:20,480] {logging_mixin.py:104} INFO - [2024-08-10 06:01:20,480] {dag.py:2280} INFO - Setting next_dagrun for example_python_operator to None
[2024-08-10 06:01:20,493] {scheduler_job.py:190} INFO - Processing /home/airflow/.local/lib/python3.6/site-packages/airflow/example_dags/example_python_operator.py took 0.099 seconds
[2024-08-10 06:09:12,178] {scheduler_job.py:182} INFO - Started process (PID=61343) to work on /home/airflow/.local/lib/python3.6/site-packages/airflow/example_dags/example_python_operator.py
[2024-08-10 06:09:12,179] {scheduler_job.py:629} INFO - Processing file /home/airflow/.local/lib/python3.6/site-packages/airflow/example_dags/example_python_operator.py for tasks to queue
[2024-08-10 06:09:12,179] {logging_mixin.py:104} INFO - [2024-08-10 06:09:12,179] {dagbag.py:451} INFO - Filling up the DagBag from /home/airflow/.local/lib/python3.6/site-packages/airflow/example_dags/example_python_operator.py
[2024-08-10 06:09:12,186] {scheduler_job.py:639} INFO - DAG(s) dict_keys(['example_python_operator']) retrieved from /home/airflow/.local/lib/python3.6/site-packages/airflow/example_dags/example_python_operator.py
[2024-08-10 06:09:12,244] {logging_mixin.py:104} INFO - [2024-08-10 06:09:12,244] {dag.py:1824} INFO - Sync 1 DAGs
[2024-08-10 06:09:12,261] {logging_mixin.py:104} INFO - [2024-08-10 06:09:12,261] {dag.py:2280} INFO - Setting next_dagrun for example_python_operator to None
[2024-08-10 06:09:12,272] {scheduler_job.py:190} INFO - Processing /home/airflow/.local/lib/python3.6/site-packages/airflow/example_dags/example_python_operator.py took 0.096 seconds
[2024-08-10 06:09:43,299] {scheduler_job.py:182} INFO - Started process (PID=61372) to work on /home/airflow/.local/lib/python3.6/site-packages/airflow/example_dags/example_python_operator.py
[2024-08-10 06:09:43,300] {scheduler_job.py:629} INFO - Processing file /home/airflow/.local/lib/python3.6/site-packages/airflow/example_dags/example_python_operator.py for tasks to queue
[2024-08-10 06:09:43,300] {logging_mixin.py:104} INFO - [2024-08-10 06:09:43,300] {dagbag.py:451} INFO - Filling up the DagBag from /home/airflow/.local/lib/python3.6/site-packages/airflow/example_dags/example_python_operator.py
[2024-08-10 06:09:43,307] {scheduler_job.py:639} INFO - DAG(s) dict_keys(['example_python_operator']) retrieved from /home/airflow/.local/lib/python3.6/site-packages/airflow/example_dags/example_python_operator.py
[2024-08-10 06:09:43,368] {logging_mixin.py:104} INFO - [2024-08-10 06:09:43,368] {dag.py:1824} INFO - Sync 1 DAGs
[2024-08-10 06:09:43,386] {logging_mixin.py:104} INFO - [2024-08-10 06:09:43,386] {dag.py:2280} INFO - Setting next_dagrun for example_python_operator to None
[2024-08-10 06:09:43,397] {scheduler_job.py:190} INFO - Processing /home/airflow/.local/lib/python3.6/site-packages/airflow/example_dags/example_python_operator.py took 0.100 seconds
[2024-08-10 06:19:26,217] {scheduler_job.py:182} INFO - Started process (PID=61401) to work on /home/airflow/.local/lib/python3.6/site-packages/airflow/example_dags/example_python_operator.py
[2024-08-10 06:19:26,217] {scheduler_job.py:629} INFO - Processing file /home/airflow/.local/lib/python3.6/site-packages/airflow/example_dags/example_python_operator.py for tasks to queue
[2024-08-10 06:19:26,218] {logging_mixin.py:104} INFO - [2024-08-10 06:19:26,218] {dagbag.py:451} INFO - Filling up the DagBag from /home/airflow/.local/lib/python3.6/site-packages/airflow/example_dags/example_python_operator.py
[2024-08-10 06:19:26,225] {scheduler_job.py:639} INFO - DAG(s) dict_keys(['example_python_operator']) retrieved from /home/airflow/.local/lib/python3.6/site-packages/airflow/example_dags/example_python_operator.py
[2024-08-10 06:19:26,282] {logging_mixin.py:104} INFO - [2024-08-10 06:19:26,282] {dag.py:1824} INFO - Sync 1 DAGs
[2024-08-10 06:19:26,297] {logging_mixin.py:104} INFO - [2024-08-10 06:19:26,297] {dag.py:2280} INFO - Setting next_dagrun for example_python_operator to None
[2024-08-10 06:19:26,310] {scheduler_job.py:190} INFO - Processing /home/airflow/.local/lib/python3.6/site-packages/airflow/example_dags/example_python_operator.py took 0.095 seconds
[2024-08-10 06:53:14,933] {scheduler_job.py:182} INFO - Started process (PID=61430) to work on /home/airflow/.local/lib/python3.6/site-packages/airflow/example_dags/example_python_operator.py
[2024-08-10 06:53:14,935] {scheduler_job.py:629} INFO - Processing file /home/airflow/.local/lib/python3.6/site-packages/airflow/example_dags/example_python_operator.py for tasks to queue
[2024-08-10 06:53:14,935] {logging_mixin.py:104} INFO - [2024-08-10 06:53:14,935] {dagbag.py:451} INFO - Filling up the DagBag from /home/airflow/.local/lib/python3.6/site-packages/airflow/example_dags/example_python_operator.py
[2024-08-10 06:53:14,943] {scheduler_job.py:639} INFO - DAG(s) dict_keys(['example_python_operator']) retrieved from /home/airflow/.local/lib/python3.6/site-packages/airflow/example_dags/example_python_operator.py
[2024-08-10 06:53:15,014] {logging_mixin.py:104} INFO - [2024-08-10 06:53:15,014] {dag.py:1824} INFO - Sync 1 DAGs
[2024-08-10 06:53:15,035] {logging_mixin.py:104} INFO - [2024-08-10 06:53:15,035] {dag.py:2280} INFO - Setting next_dagrun for example_python_operator to None
[2024-08-10 06:53:15,048] {scheduler_job.py:190} INFO - Processing /home/airflow/.local/lib/python3.6/site-packages/airflow/example_dags/example_python_operator.py took 0.117 seconds
[2024-08-10 07:20:23,523] {scheduler_job.py:182} INFO - Started process (PID=61459) to work on /home/airflow/.local/lib/python3.6/site-packages/airflow/example_dags/example_python_operator.py
[2024-08-10 07:20:23,524] {scheduler_job.py:629} INFO - Processing file /home/airflow/.local/lib/python3.6/site-packages/airflow/example_dags/example_python_operator.py for tasks to queue
[2024-08-10 07:20:23,525] {logging_mixin.py:104} INFO - [2024-08-10 07:20:23,525] {dagbag.py:451} INFO - Filling up the DagBag from /home/airflow/.local/lib/python3.6/site-packages/airflow/example_dags/example_python_operator.py
[2024-08-10 07:20:23,533] {scheduler_job.py:639} INFO - DAG(s) dict_keys(['example_python_operator']) retrieved from /home/airflow/.local/lib/python3.6/site-packages/airflow/example_dags/example_python_operator.py
[2024-08-10 07:20:23,597] {logging_mixin.py:104} INFO - [2024-08-10 07:20:23,597] {dag.py:1824} INFO - Sync 1 DAGs
[2024-08-10 07:20:23,616] {logging_mixin.py:104} INFO - [2024-08-10 07:20:23,616] {dag.py:2280} INFO - Setting next_dagrun for example_python_operator to None
[2024-08-10 07:20:23,632] {scheduler_job.py:190} INFO - Processing /home/airflow/.local/lib/python3.6/site-packages/airflow/example_dags/example_python_operator.py took 0.111 seconds
[2024-08-10 07:36:31,753] {scheduler_job.py:182} INFO - Started process (PID=61488) to work on /home/airflow/.local/lib/python3.6/site-packages/airflow/example_dags/example_python_operator.py
[2024-08-10 07:36:31,754] {scheduler_job.py:629} INFO - Processing file /home/airflow/.local/lib/python3.6/site-packages/airflow/example_dags/example_python_operator.py for tasks to queue
[2024-08-10 07:36:31,755] {logging_mixin.py:104} INFO - [2024-08-10 07:36:31,755] {dagbag.py:451} INFO - Filling up the DagBag from /home/airflow/.local/lib/python3.6/site-packages/airflow/example_dags/example_python_operator.py
[2024-08-10 07:36:31,763] {scheduler_job.py:639} INFO - DAG(s) dict_keys(['example_python_operator']) retrieved from /home/airflow/.local/lib/python3.6/site-packages/airflow/example_dags/example_python_operator.py
[2024-08-10 07:36:31,832] {logging_mixin.py:104} INFO - [2024-08-10 07:36:31,832] {dag.py:1824} INFO - Sync 1 DAGs
[2024-08-10 07:36:31,854] {logging_mixin.py:104} INFO - [2024-08-10 07:36:31,853] {dag.py:2280} INFO - Setting next_dagrun for example_python_operator to None
[2024-08-10 07:36:31,867] {scheduler_job.py:190} INFO - Processing /home/airflow/.local/lib/python3.6/site-packages/airflow/example_dags/example_python_operator.py took 0.117 seconds
[2024-08-10 07:40:22,905] {scheduler_job.py:182} INFO - Started process (PID=61517) to work on /home/airflow/.local/lib/python3.6/site-packages/airflow/example_dags/example_python_operator.py
[2024-08-10 07:40:22,907] {scheduler_job.py:629} INFO - Processing file /home/airflow/.local/lib/python3.6/site-packages/airflow/example_dags/example_python_operator.py for tasks to queue
[2024-08-10 07:40:22,907] {logging_mixin.py:104} INFO - [2024-08-10 07:40:22,907] {dagbag.py:451} INFO - Filling up the DagBag from /home/airflow/.local/lib/python3.6/site-packages/airflow/example_dags/example_python_operator.py
[2024-08-10 07:40:22,917] {scheduler_job.py:639} INFO - DAG(s) dict_keys(['example_python_operator']) retrieved from /home/airflow/.local/lib/python3.6/site-packages/airflow/example_dags/example_python_operator.py
[2024-08-10 07:40:22,988] {logging_mixin.py:104} INFO - [2024-08-10 07:40:22,987] {dag.py:1824} INFO - Sync 1 DAGs
[2024-08-10 07:40:23,006] {logging_mixin.py:104} INFO - [2024-08-10 07:40:23,005] {dag.py:2280} INFO - Setting next_dagrun for example_python_operator to None
[2024-08-10 07:40:23,017] {scheduler_job.py:190} INFO - Processing /home/airflow/.local/lib/python3.6/site-packages/airflow/example_dags/example_python_operator.py took 0.115 seconds
[2024-08-10 08:13:23,423] {scheduler_job.py:182} INFO - Started process (PID=61546) to work on /home/airflow/.local/lib/python3.6/site-packages/airflow/example_dags/example_python_operator.py
[2024-08-10 08:13:23,425] {scheduler_job.py:629} INFO - Processing file /home/airflow/.local/lib/python3.6/site-packages/airflow/example_dags/example_python_operator.py for tasks to queue
[2024-08-10 08:13:23,426] {logging_mixin.py:104} INFO - [2024-08-10 08:13:23,426] {dagbag.py:451} INFO - Filling up the DagBag from /home/airflow/.local/lib/python3.6/site-packages/airflow/example_dags/example_python_operator.py
[2024-08-10 08:13:23,441] {scheduler_job.py:639} INFO - DAG(s) dict_keys(['example_python_operator']) retrieved from /home/airflow/.local/lib/python3.6/site-packages/airflow/example_dags/example_python_operator.py
[2024-08-10 08:13:23,530] {logging_mixin.py:104} INFO - [2024-08-10 08:13:23,530] {dag.py:1824} INFO - Sync 1 DAGs
[2024-08-10 08:13:23,559] {logging_mixin.py:104} INFO - [2024-08-10 08:13:23,558] {dag.py:2280} INFO - Setting next_dagrun for example_python_operator to None
[2024-08-10 08:13:23,576] {scheduler_job.py:190} INFO - Processing /home/airflow/.local/lib/python3.6/site-packages/airflow/example_dags/example_python_operator.py took 0.156 seconds
[2024-08-10 08:16:03,349] {scheduler_job.py:182} INFO - Started process (PID=61575) to work on /home/airflow/.local/lib/python3.6/site-packages/airflow/example_dags/example_python_operator.py
[2024-08-10 08:16:03,350] {scheduler_job.py:629} INFO - Processing file /home/airflow/.local/lib/python3.6/site-packages/airflow/example_dags/example_python_operator.py for tasks to queue
[2024-08-10 08:16:03,351] {logging_mixin.py:104} INFO - [2024-08-10 08:16:03,351] {dagbag.py:451} INFO - Filling up the DagBag from /home/airflow/.local/lib/python3.6/site-packages/airflow/example_dags/example_python_operator.py
[2024-08-10 08:16:03,371] {scheduler_job.py:639} INFO - DAG(s) dict_keys(['example_python_operator']) retrieved from /home/airflow/.local/lib/python3.6/site-packages/airflow/example_dags/example_python_operator.py
[2024-08-10 08:16:03,469] {logging_mixin.py:104} INFO - [2024-08-10 08:16:03,469] {dag.py:1824} INFO - Sync 1 DAGs
[2024-08-10 08:16:03,495] {logging_mixin.py:104} INFO - [2024-08-10 08:16:03,495] {dag.py:2280} INFO - Setting next_dagrun for example_python_operator to None
[2024-08-10 08:16:03,508] {scheduler_job.py:190} INFO - Processing /home/airflow/.local/lib/python3.6/site-packages/airflow/example_dags/example_python_operator.py took 0.162 seconds
[2024-08-10 08:16:33,746] {scheduler_job.py:182} INFO - Started process (PID=61605) to work on /home/airflow/.local/lib/python3.6/site-packages/airflow/example_dags/example_python_operator.py
[2024-08-10 08:16:33,747] {scheduler_job.py:629} INFO - Processing file /home/airflow/.local/lib/python3.6/site-packages/airflow/example_dags/example_python_operator.py for tasks to queue
[2024-08-10 08:16:33,749] {logging_mixin.py:104} INFO - [2024-08-10 08:16:33,749] {dagbag.py:451} INFO - Filling up the DagBag from /home/airflow/.local/lib/python3.6/site-packages/airflow/example_dags/example_python_operator.py
[2024-08-10 08:16:33,756] {scheduler_job.py:639} INFO - DAG(s) dict_keys(['example_python_operator']) retrieved from /home/airflow/.local/lib/python3.6/site-packages/airflow/example_dags/example_python_operator.py
[2024-08-10 08:16:33,814] {logging_mixin.py:104} INFO - [2024-08-10 08:16:33,814] {dag.py:1824} INFO - Sync 1 DAGs
[2024-08-10 08:16:33,830] {logging_mixin.py:104} INFO - [2024-08-10 08:16:33,829] {dag.py:2280} INFO - Setting next_dagrun for example_python_operator to None
[2024-08-10 08:16:33,841] {scheduler_job.py:190} INFO - Processing /home/airflow/.local/lib/python3.6/site-packages/airflow/example_dags/example_python_operator.py took 0.097 seconds
[2024-08-10 08:17:04,471] {scheduler_job.py:182} INFO - Started process (PID=61633) to work on /home/airflow/.local/lib/python3.6/site-packages/airflow/example_dags/example_python_operator.py
[2024-08-10 08:17:04,472] {scheduler_job.py:629} INFO - Processing file /home/airflow/.local/lib/python3.6/site-packages/airflow/example_dags/example_python_operator.py for tasks to queue
[2024-08-10 08:17:04,472] {logging_mixin.py:104} INFO - [2024-08-10 08:17:04,472] {dagbag.py:451} INFO - Filling up the DagBag from /home/airflow/.local/lib/python3.6/site-packages/airflow/example_dags/example_python_operator.py
[2024-08-10 08:17:04,479] {scheduler_job.py:639} INFO - DAG(s) dict_keys(['example_python_operator']) retrieved from /home/airflow/.local/lib/python3.6/site-packages/airflow/example_dags/example_python_operator.py
[2024-08-10 08:17:04,536] {logging_mixin.py:104} INFO - [2024-08-10 08:17:04,536] {dag.py:1824} INFO - Sync 1 DAGs
[2024-08-10 08:17:04,554] {logging_mixin.py:104} INFO - [2024-08-10 08:17:04,554] {dag.py:2280} INFO - Setting next_dagrun for example_python_operator to None
[2024-08-10 08:17:04,565] {scheduler_job.py:190} INFO - Processing /home/airflow/.local/lib/python3.6/site-packages/airflow/example_dags/example_python_operator.py took 0.095 seconds
[2024-08-10 08:17:35,420] {scheduler_job.py:182} INFO - Started process (PID=61662) to work on /home/airflow/.local/lib/python3.6/site-packages/airflow/example_dags/example_python_operator.py
[2024-08-10 08:17:35,421] {scheduler_job.py:629} INFO - Processing file /home/airflow/.local/lib/python3.6/site-packages/airflow/example_dags/example_python_operator.py for tasks to queue
[2024-08-10 08:17:35,421] {logging_mixin.py:104} INFO - [2024-08-10 08:17:35,421] {dagbag.py:451} INFO - Filling up the DagBag from /home/airflow/.local/lib/python3.6/site-packages/airflow/example_dags/example_python_operator.py
[2024-08-10 08:17:35,429] {scheduler_job.py:639} INFO - DAG(s) dict_keys(['example_python_operator']) retrieved from /home/airflow/.local/lib/python3.6/site-packages/airflow/example_dags/example_python_operator.py
[2024-08-10 08:17:35,497] {logging_mixin.py:104} INFO - [2024-08-10 08:17:35,496] {dag.py:1824} INFO - Sync 1 DAGs
[2024-08-10 08:17:35,516] {logging_mixin.py:104} INFO - [2024-08-10 08:17:35,516] {dag.py:2280} INFO - Setting next_dagrun for example_python_operator to None
[2024-08-10 08:17:35,527] {scheduler_job.py:190} INFO - Processing /home/airflow/.local/lib/python3.6/site-packages/airflow/example_dags/example_python_operator.py took 0.109 seconds
[2024-08-10 08:18:06,102] {scheduler_job.py:182} INFO - Started process (PID=61691) to work on /home/airflow/.local/lib/python3.6/site-packages/airflow/example_dags/example_python_operator.py
[2024-08-10 08:18:06,105] {scheduler_job.py:629} INFO - Processing file /home/airflow/.local/lib/python3.6/site-packages/airflow/example_dags/example_python_operator.py for tasks to queue
[2024-08-10 08:18:06,105] {logging_mixin.py:104} INFO - [2024-08-10 08:18:06,105] {dagbag.py:451} INFO - Filling up the DagBag from /home/airflow/.local/lib/python3.6/site-packages/airflow/example_dags/example_python_operator.py
[2024-08-10 08:18:06,111] {scheduler_job.py:639} INFO - DAG(s) dict_keys(['example_python_operator']) retrieved from /home/airflow/.local/lib/python3.6/site-packages/airflow/example_dags/example_python_operator.py
[2024-08-10 08:18:06,170] {logging_mixin.py:104} INFO - [2024-08-10 08:18:06,170] {dag.py:1824} INFO - Sync 1 DAGs
[2024-08-10 08:18:06,187] {logging_mixin.py:104} INFO - [2024-08-10 08:18:06,187] {dag.py:2280} INFO - Setting next_dagrun for example_python_operator to None
[2024-08-10 08:18:06,198] {scheduler_job.py:190} INFO - Processing /home/airflow/.local/lib/python3.6/site-packages/airflow/example_dags/example_python_operator.py took 0.097 seconds
[2024-08-10 08:18:36,881] {scheduler_job.py:182} INFO - Started process (PID=61720) to work on /home/airflow/.local/lib/python3.6/site-packages/airflow/example_dags/example_python_operator.py
[2024-08-10 08:18:36,882] {scheduler_job.py:629} INFO - Processing file /home/airflow/.local/lib/python3.6/site-packages/airflow/example_dags/example_python_operator.py for tasks to queue
[2024-08-10 08:18:36,883] {logging_mixin.py:104} INFO - [2024-08-10 08:18:36,882] {dagbag.py:451} INFO - Filling up the DagBag from /home/airflow/.local/lib/python3.6/site-packages/airflow/example_dags/example_python_operator.py
[2024-08-10 08:18:36,889] {scheduler_job.py:639} INFO - DAG(s) dict_keys(['example_python_operator']) retrieved from /home/airflow/.local/lib/python3.6/site-packages/airflow/example_dags/example_python_operator.py
[2024-08-10 08:18:36,948] {logging_mixin.py:104} INFO - [2024-08-10 08:18:36,948] {dag.py:1824} INFO - Sync 1 DAGs
[2024-08-10 08:18:36,967] {logging_mixin.py:104} INFO - [2024-08-10 08:18:36,967] {dag.py:2280} INFO - Setting next_dagrun for example_python_operator to None
[2024-08-10 08:18:36,979] {scheduler_job.py:190} INFO - Processing /home/airflow/.local/lib/python3.6/site-packages/airflow/example_dags/example_python_operator.py took 0.100 seconds
[2024-08-10 08:19:07,696] {scheduler_job.py:182} INFO - Started process (PID=61749) to work on /home/airflow/.local/lib/python3.6/site-packages/airflow/example_dags/example_python_operator.py
[2024-08-10 08:19:07,699] {scheduler_job.py:629} INFO - Processing file /home/airflow/.local/lib/python3.6/site-packages/airflow/example_dags/example_python_operator.py for tasks to queue
[2024-08-10 08:19:07,699] {logging_mixin.py:104} INFO - [2024-08-10 08:19:07,699] {dagbag.py:451} INFO - Filling up the DagBag from /home/airflow/.local/lib/python3.6/site-packages/airflow/example_dags/example_python_operator.py
[2024-08-10 08:19:07,706] {scheduler_job.py:639} INFO - DAG(s) dict_keys(['example_python_operator']) retrieved from /home/airflow/.local/lib/python3.6/site-packages/airflow/example_dags/example_python_operator.py
[2024-08-10 08:19:07,764] {logging_mixin.py:104} INFO - [2024-08-10 08:19:07,764] {dag.py:1824} INFO - Sync 1 DAGs
[2024-08-10 08:19:07,782] {logging_mixin.py:104} INFO - [2024-08-10 08:19:07,782] {dag.py:2280} INFO - Setting next_dagrun for example_python_operator to None
[2024-08-10 08:19:07,793] {scheduler_job.py:190} INFO - Processing /home/airflow/.local/lib/python3.6/site-packages/airflow/example_dags/example_python_operator.py took 0.098 seconds
[2024-08-10 08:19:38,420] {scheduler_job.py:182} INFO - Started process (PID=61778) to work on /home/airflow/.local/lib/python3.6/site-packages/airflow/example_dags/example_python_operator.py
[2024-08-10 08:19:38,420] {scheduler_job.py:629} INFO - Processing file /home/airflow/.local/lib/python3.6/site-packages/airflow/example_dags/example_python_operator.py for tasks to queue
[2024-08-10 08:19:38,421] {logging_mixin.py:104} INFO - [2024-08-10 08:19:38,420] {dagbag.py:451} INFO - Filling up the DagBag from /home/airflow/.local/lib/python3.6/site-packages/airflow/example_dags/example_python_operator.py
[2024-08-10 08:19:38,427] {scheduler_job.py:639} INFO - DAG(s) dict_keys(['example_python_operator']) retrieved from /home/airflow/.local/lib/python3.6/site-packages/airflow/example_dags/example_python_operator.py
[2024-08-10 08:19:38,485] {logging_mixin.py:104} INFO - [2024-08-10 08:19:38,485] {dag.py:1824} INFO - Sync 1 DAGs
[2024-08-10 08:19:38,501] {logging_mixin.py:104} INFO - [2024-08-10 08:19:38,501] {dag.py:2280} INFO - Setting next_dagrun for example_python_operator to None
[2024-08-10 08:19:38,514] {scheduler_job.py:190} INFO - Processing /home/airflow/.local/lib/python3.6/site-packages/airflow/example_dags/example_python_operator.py took 0.097 seconds
[2024-08-10 08:20:09,214] {scheduler_job.py:182} INFO - Started process (PID=61807) to work on /home/airflow/.local/lib/python3.6/site-packages/airflow/example_dags/example_python_operator.py
[2024-08-10 08:20:09,215] {scheduler_job.py:629} INFO - Processing file /home/airflow/.local/lib/python3.6/site-packages/airflow/example_dags/example_python_operator.py for tasks to queue
[2024-08-10 08:20:09,215] {logging_mixin.py:104} INFO - [2024-08-10 08:20:09,215] {dagbag.py:451} INFO - Filling up the DagBag from /home/airflow/.local/lib/python3.6/site-packages/airflow/example_dags/example_python_operator.py
[2024-08-10 08:20:09,223] {scheduler_job.py:639} INFO - DAG(s) dict_keys(['example_python_operator']) retrieved from /home/airflow/.local/lib/python3.6/site-packages/airflow/example_dags/example_python_operator.py
[2024-08-10 08:20:09,284] {logging_mixin.py:104} INFO - [2024-08-10 08:20:09,284] {dag.py:1824} INFO - Sync 1 DAGs
[2024-08-10 08:20:09,302] {logging_mixin.py:104} INFO - [2024-08-10 08:20:09,302] {dag.py:2280} INFO - Setting next_dagrun for example_python_operator to None
[2024-08-10 08:20:09,313] {scheduler_job.py:190} INFO - Processing /home/airflow/.local/lib/python3.6/site-packages/airflow/example_dags/example_python_operator.py took 0.100 seconds
[2024-08-10 08:20:39,966] {scheduler_job.py:182} INFO - Started process (PID=61836) to work on /home/airflow/.local/lib/python3.6/site-packages/airflow/example_dags/example_python_operator.py
[2024-08-10 08:20:39,966] {scheduler_job.py:629} INFO - Processing file /home/airflow/.local/lib/python3.6/site-packages/airflow/example_dags/example_python_operator.py for tasks to queue
[2024-08-10 08:20:39,967] {logging_mixin.py:104} INFO - [2024-08-10 08:20:39,967] {dagbag.py:451} INFO - Filling up the DagBag from /home/airflow/.local/lib/python3.6/site-packages/airflow/example_dags/example_python_operator.py
[2024-08-10 08:20:39,974] {scheduler_job.py:639} INFO - DAG(s) dict_keys(['example_python_operator']) retrieved from /home/airflow/.local/lib/python3.6/site-packages/airflow/example_dags/example_python_operator.py
[2024-08-10 08:20:40,031] {logging_mixin.py:104} INFO - [2024-08-10 08:20:40,031] {dag.py:1824} INFO - Sync 1 DAGs
[2024-08-10 08:20:40,048] {logging_mixin.py:104} INFO - [2024-08-10 08:20:40,048] {dag.py:2280} INFO - Setting next_dagrun for example_python_operator to None
[2024-08-10 08:20:40,059] {scheduler_job.py:190} INFO - Processing /home/airflow/.local/lib/python3.6/site-packages/airflow/example_dags/example_python_operator.py took 0.094 seconds
[2024-08-10 08:21:10,681] {scheduler_job.py:182} INFO - Started process (PID=61865) to work on /home/airflow/.local/lib/python3.6/site-packages/airflow/example_dags/example_python_operator.py
[2024-08-10 08:21:10,682] {scheduler_job.py:629} INFO - Processing file /home/airflow/.local/lib/python3.6/site-packages/airflow/example_dags/example_python_operator.py for tasks to queue
[2024-08-10 08:21:10,682] {logging_mixin.py:104} INFO - [2024-08-10 08:21:10,682] {dagbag.py:451} INFO - Filling up the DagBag from /home/airflow/.local/lib/python3.6/site-packages/airflow/example_dags/example_python_operator.py
[2024-08-10 08:21:10,689] {scheduler_job.py:639} INFO - DAG(s) dict_keys(['example_python_operator']) retrieved from /home/airflow/.local/lib/python3.6/site-packages/airflow/example_dags/example_python_operator.py
[2024-08-10 08:21:10,747] {logging_mixin.py:104} INFO - [2024-08-10 08:21:10,747] {dag.py:1824} INFO - Sync 1 DAGs
[2024-08-10 08:21:10,764] {logging_mixin.py:104} INFO - [2024-08-10 08:21:10,764] {dag.py:2280} INFO - Setting next_dagrun for example_python_operator to None
[2024-08-10 08:21:10,778] {scheduler_job.py:190} INFO - Processing /home/airflow/.local/lib/python3.6/site-packages/airflow/example_dags/example_python_operator.py took 0.098 seconds
[2024-08-10 08:21:41,509] {scheduler_job.py:182} INFO - Started process (PID=61894) to work on /home/airflow/.local/lib/python3.6/site-packages/airflow/example_dags/example_python_operator.py
[2024-08-10 08:21:41,510] {scheduler_job.py:629} INFO - Processing file /home/airflow/.local/lib/python3.6/site-packages/airflow/example_dags/example_python_operator.py for tasks to queue
[2024-08-10 08:21:41,510] {logging_mixin.py:104} INFO - [2024-08-10 08:21:41,510] {dagbag.py:451} INFO - Filling up the DagBag from /home/airflow/.local/lib/python3.6/site-packages/airflow/example_dags/example_python_operator.py
[2024-08-10 08:21:41,517] {scheduler_job.py:639} INFO - DAG(s) dict_keys(['example_python_operator']) retrieved from /home/airflow/.local/lib/python3.6/site-packages/airflow/example_dags/example_python_operator.py
[2024-08-10 08:21:41,578] {logging_mixin.py:104} INFO - [2024-08-10 08:21:41,578] {dag.py:1824} INFO - Sync 1 DAGs
[2024-08-10 08:21:41,597] {logging_mixin.py:104} INFO - [2024-08-10 08:21:41,597] {dag.py:2280} INFO - Setting next_dagrun for example_python_operator to None
[2024-08-10 08:21:41,607] {scheduler_job.py:190} INFO - Processing /home/airflow/.local/lib/python3.6/site-packages/airflow/example_dags/example_python_operator.py took 0.100 seconds
[2024-08-10 08:22:12,332] {scheduler_job.py:182} INFO - Started process (PID=61923) to work on /home/airflow/.local/lib/python3.6/site-packages/airflow/example_dags/example_python_operator.py
[2024-08-10 08:22:12,333] {scheduler_job.py:629} INFO - Processing file /home/airflow/.local/lib/python3.6/site-packages/airflow/example_dags/example_python_operator.py for tasks to queue
[2024-08-10 08:22:12,334] {logging_mixin.py:104} INFO - [2024-08-10 08:22:12,333] {dagbag.py:451} INFO - Filling up the DagBag from /home/airflow/.local/lib/python3.6/site-packages/airflow/example_dags/example_python_operator.py
[2024-08-10 08:22:12,341] {scheduler_job.py:639} INFO - DAG(s) dict_keys(['example_python_operator']) retrieved from /home/airflow/.local/lib/python3.6/site-packages/airflow/example_dags/example_python_operator.py
[2024-08-10 08:22:12,401] {logging_mixin.py:104} INFO - [2024-08-10 08:22:12,401] {dag.py:1824} INFO - Sync 1 DAGs
[2024-08-10 08:22:12,417] {logging_mixin.py:104} INFO - [2024-08-10 08:22:12,417] {dag.py:2280} INFO - Setting next_dagrun for example_python_operator to None
[2024-08-10 08:22:12,428] {scheduler_job.py:190} INFO - Processing /home/airflow/.local/lib/python3.6/site-packages/airflow/example_dags/example_python_operator.py took 0.097 seconds
[2024-08-10 08:22:43,003] {scheduler_job.py:182} INFO - Started process (PID=61952) to work on /home/airflow/.local/lib/python3.6/site-packages/airflow/example_dags/example_python_operator.py
[2024-08-10 08:22:43,004] {scheduler_job.py:629} INFO - Processing file /home/airflow/.local/lib/python3.6/site-packages/airflow/example_dags/example_python_operator.py for tasks to queue
[2024-08-10 08:22:43,005] {logging_mixin.py:104} INFO - [2024-08-10 08:22:43,004] {dagbag.py:451} INFO - Filling up the DagBag from /home/airflow/.local/lib/python3.6/site-packages/airflow/example_dags/example_python_operator.py
[2024-08-10 08:22:43,013] {scheduler_job.py:639} INFO - DAG(s) dict_keys(['example_python_operator']) retrieved from /home/airflow/.local/lib/python3.6/site-packages/airflow/example_dags/example_python_operator.py
[2024-08-10 08:22:43,074] {logging_mixin.py:104} INFO - [2024-08-10 08:22:43,074] {dag.py:1824} INFO - Sync 1 DAGs
[2024-08-10 08:22:43,092] {logging_mixin.py:104} INFO - [2024-08-10 08:22:43,092] {dag.py:2280} INFO - Setting next_dagrun for example_python_operator to None
[2024-08-10 08:22:43,107] {scheduler_job.py:190} INFO - Processing /home/airflow/.local/lib/python3.6/site-packages/airflow/example_dags/example_python_operator.py took 0.105 seconds
[2024-08-10 19:59:44,510] {scheduler_job.py:182} INFO - Started process (PID=50) to work on /home/airflow/.local/lib/python3.6/site-packages/airflow/example_dags/example_python_operator.py
[2024-08-10 19:59:44,511] {scheduler_job.py:629} INFO - Processing file /home/airflow/.local/lib/python3.6/site-packages/airflow/example_dags/example_python_operator.py for tasks to queue
[2024-08-10 19:59:44,512] {logging_mixin.py:104} INFO - [2024-08-10 19:59:44,512] {dagbag.py:451} INFO - Filling up the DagBag from /home/airflow/.local/lib/python3.6/site-packages/airflow/example_dags/example_python_operator.py
[2024-08-10 19:59:44,522] {scheduler_job.py:639} INFO - DAG(s) dict_keys(['example_python_operator']) retrieved from /home/airflow/.local/lib/python3.6/site-packages/airflow/example_dags/example_python_operator.py
[2024-08-10 19:59:44,588] {logging_mixin.py:104} INFO - [2024-08-10 19:59:44,588] {dag.py:1824} INFO - Sync 1 DAGs
[2024-08-10 19:59:44,608] {logging_mixin.py:104} INFO - [2024-08-10 19:59:44,608] {dag.py:2280} INFO - Setting next_dagrun for example_python_operator to None
[2024-08-10 19:59:44,619] {scheduler_job.py:190} INFO - Processing /home/airflow/.local/lib/python3.6/site-packages/airflow/example_dags/example_python_operator.py took 0.110 seconds
[2024-08-10 20:00:15,968] {scheduler_job.py:182} INFO - Started process (PID=85) to work on /home/airflow/.local/lib/python3.6/site-packages/airflow/example_dags/example_python_operator.py
[2024-08-10 20:00:15,969] {scheduler_job.py:629} INFO - Processing file /home/airflow/.local/lib/python3.6/site-packages/airflow/example_dags/example_python_operator.py for tasks to queue
[2024-08-10 20:00:15,969] {logging_mixin.py:104} INFO - [2024-08-10 20:00:15,969] {dagbag.py:451} INFO - Filling up the DagBag from /home/airflow/.local/lib/python3.6/site-packages/airflow/example_dags/example_python_operator.py
[2024-08-10 20:00:15,976] {scheduler_job.py:639} INFO - DAG(s) dict_keys(['example_python_operator']) retrieved from /home/airflow/.local/lib/python3.6/site-packages/airflow/example_dags/example_python_operator.py
[2024-08-10 20:00:16,036] {logging_mixin.py:104} INFO - [2024-08-10 20:00:16,036] {dag.py:1824} INFO - Sync 1 DAGs
[2024-08-10 20:00:16,053] {logging_mixin.py:104} INFO - [2024-08-10 20:00:16,052] {dag.py:2280} INFO - Setting next_dagrun for example_python_operator to None
[2024-08-10 20:00:16,064] {scheduler_job.py:190} INFO - Processing /home/airflow/.local/lib/python3.6/site-packages/airflow/example_dags/example_python_operator.py took 0.098 seconds
[2024-08-10 21:00:37,478] {scheduler_job.py:182} INFO - Started process (PID=108) to work on /home/airflow/.local/lib/python3.6/site-packages/airflow/example_dags/example_python_operator.py
[2024-08-10 21:00:37,481] {scheduler_job.py:629} INFO - Processing file /home/airflow/.local/lib/python3.6/site-packages/airflow/example_dags/example_python_operator.py for tasks to queue
[2024-08-10 21:00:37,481] {logging_mixin.py:104} INFO - [2024-08-10 21:00:37,481] {dagbag.py:451} INFO - Filling up the DagBag from /home/airflow/.local/lib/python3.6/site-packages/airflow/example_dags/example_python_operator.py
[2024-08-10 21:00:37,492] {scheduler_job.py:639} INFO - DAG(s) dict_keys(['example_python_operator']) retrieved from /home/airflow/.local/lib/python3.6/site-packages/airflow/example_dags/example_python_operator.py
[2024-08-10 21:00:37,559] {logging_mixin.py:104} INFO - [2024-08-10 21:00:37,559] {dag.py:1824} INFO - Sync 1 DAGs
[2024-08-10 21:00:37,578] {logging_mixin.py:104} INFO - [2024-08-10 21:00:37,577] {dag.py:2280} INFO - Setting next_dagrun for example_python_operator to None
[2024-08-10 21:00:37,589] {scheduler_job.py:190} INFO - Processing /home/airflow/.local/lib/python3.6/site-packages/airflow/example_dags/example_python_operator.py took 0.112 seconds
[2024-08-10 21:01:08,606] {scheduler_job.py:182} INFO - Started process (PID=143) to work on /home/airflow/.local/lib/python3.6/site-packages/airflow/example_dags/example_python_operator.py
[2024-08-10 21:01:08,606] {scheduler_job.py:629} INFO - Processing file /home/airflow/.local/lib/python3.6/site-packages/airflow/example_dags/example_python_operator.py for tasks to queue
[2024-08-10 21:01:08,607] {logging_mixin.py:104} INFO - [2024-08-10 21:01:08,606] {dagbag.py:451} INFO - Filling up the DagBag from /home/airflow/.local/lib/python3.6/site-packages/airflow/example_dags/example_python_operator.py
[2024-08-10 21:01:08,613] {scheduler_job.py:639} INFO - DAG(s) dict_keys(['example_python_operator']) retrieved from /home/airflow/.local/lib/python3.6/site-packages/airflow/example_dags/example_python_operator.py
[2024-08-10 21:01:08,671] {logging_mixin.py:104} INFO - [2024-08-10 21:01:08,671] {dag.py:1824} INFO - Sync 1 DAGs
[2024-08-10 21:01:08,688] {logging_mixin.py:104} INFO - [2024-08-10 21:01:08,688] {dag.py:2280} INFO - Setting next_dagrun for example_python_operator to None
[2024-08-10 21:01:08,698] {scheduler_job.py:190} INFO - Processing /home/airflow/.local/lib/python3.6/site-packages/airflow/example_dags/example_python_operator.py took 0.094 seconds
[2024-08-10 21:16:45,887] {scheduler_job.py:182} INFO - Started process (PID=166) to work on /home/airflow/.local/lib/python3.6/site-packages/airflow/example_dags/example_python_operator.py
[2024-08-10 21:16:45,888] {scheduler_job.py:629} INFO - Processing file /home/airflow/.local/lib/python3.6/site-packages/airflow/example_dags/example_python_operator.py for tasks to queue
[2024-08-10 21:16:45,889] {logging_mixin.py:104} INFO - [2024-08-10 21:16:45,889] {dagbag.py:451} INFO - Filling up the DagBag from /home/airflow/.local/lib/python3.6/site-packages/airflow/example_dags/example_python_operator.py
[2024-08-10 21:16:45,900] {scheduler_job.py:639} INFO - DAG(s) dict_keys(['example_python_operator']) retrieved from /home/airflow/.local/lib/python3.6/site-packages/airflow/example_dags/example_python_operator.py
[2024-08-10 21:16:45,962] {logging_mixin.py:104} INFO - [2024-08-10 21:16:45,962] {dag.py:1824} INFO - Sync 1 DAGs
[2024-08-10 21:16:45,979] {logging_mixin.py:104} INFO - [2024-08-10 21:16:45,979] {dag.py:2280} INFO - Setting next_dagrun for example_python_operator to None
[2024-08-10 21:16:45,991] {scheduler_job.py:190} INFO - Processing /home/airflow/.local/lib/python3.6/site-packages/airflow/example_dags/example_python_operator.py took 0.106 seconds
[2024-08-10 21:21:48,347] {scheduler_job.py:182} INFO - Started process (PID=195) to work on /home/airflow/.local/lib/python3.6/site-packages/airflow/example_dags/example_python_operator.py
[2024-08-10 21:21:48,348] {scheduler_job.py:629} INFO - Processing file /home/airflow/.local/lib/python3.6/site-packages/airflow/example_dags/example_python_operator.py for tasks to queue
[2024-08-10 21:21:48,348] {logging_mixin.py:104} INFO - [2024-08-10 21:21:48,348] {dagbag.py:451} INFO - Filling up the DagBag from /home/airflow/.local/lib/python3.6/site-packages/airflow/example_dags/example_python_operator.py
[2024-08-10 21:21:48,355] {scheduler_job.py:639} INFO - DAG(s) dict_keys(['example_python_operator']) retrieved from /home/airflow/.local/lib/python3.6/site-packages/airflow/example_dags/example_python_operator.py
[2024-08-10 21:21:48,416] {logging_mixin.py:104} INFO - [2024-08-10 21:21:48,416] {dag.py:1824} INFO - Sync 1 DAGs
[2024-08-10 21:21:48,433] {logging_mixin.py:104} INFO - [2024-08-10 21:21:48,433] {dag.py:2280} INFO - Setting next_dagrun for example_python_operator to None
[2024-08-10 21:21:48,444] {scheduler_job.py:190} INFO - Processing /home/airflow/.local/lib/python3.6/site-packages/airflow/example_dags/example_python_operator.py took 0.098 seconds
[2024-08-10 21:22:19,674] {scheduler_job.py:182} INFO - Started process (PID=231) to work on /home/airflow/.local/lib/python3.6/site-packages/airflow/example_dags/example_python_operator.py
[2024-08-10 21:22:19,675] {scheduler_job.py:629} INFO - Processing file /home/airflow/.local/lib/python3.6/site-packages/airflow/example_dags/example_python_operator.py for tasks to queue
[2024-08-10 21:22:19,676] {logging_mixin.py:104} INFO - [2024-08-10 21:22:19,676] {dagbag.py:451} INFO - Filling up the DagBag from /home/airflow/.local/lib/python3.6/site-packages/airflow/example_dags/example_python_operator.py
[2024-08-10 21:22:19,682] {scheduler_job.py:639} INFO - DAG(s) dict_keys(['example_python_operator']) retrieved from /home/airflow/.local/lib/python3.6/site-packages/airflow/example_dags/example_python_operator.py
[2024-08-10 21:22:19,741] {logging_mixin.py:104} INFO - [2024-08-10 21:22:19,741] {dag.py:1824} INFO - Sync 1 DAGs
[2024-08-10 21:22:19,757] {logging_mixin.py:104} INFO - [2024-08-10 21:22:19,757] {dag.py:2280} INFO - Setting next_dagrun for example_python_operator to None
[2024-08-10 21:22:19,768] {scheduler_job.py:190} INFO - Processing /home/airflow/.local/lib/python3.6/site-packages/airflow/example_dags/example_python_operator.py took 0.096 seconds
[2024-08-10 21:45:46,057] {scheduler_job.py:182} INFO - Started process (PID=253) to work on /home/airflow/.local/lib/python3.6/site-packages/airflow/example_dags/example_python_operator.py
[2024-08-10 21:45:46,058] {scheduler_job.py:629} INFO - Processing file /home/airflow/.local/lib/python3.6/site-packages/airflow/example_dags/example_python_operator.py for tasks to queue
[2024-08-10 21:45:46,061] {logging_mixin.py:104} INFO - [2024-08-10 21:45:46,061] {dagbag.py:451} INFO - Filling up the DagBag from /home/airflow/.local/lib/python3.6/site-packages/airflow/example_dags/example_python_operator.py
[2024-08-10 21:45:46,075] {scheduler_job.py:639} INFO - DAG(s) dict_keys(['example_python_operator']) retrieved from /home/airflow/.local/lib/python3.6/site-packages/airflow/example_dags/example_python_operator.py
[2024-08-10 21:45:46,191] {logging_mixin.py:104} INFO - [2024-08-10 21:45:46,191] {dag.py:1824} INFO - Sync 1 DAGs
[2024-08-10 21:45:46,211] {logging_mixin.py:104} INFO - [2024-08-10 21:45:46,211] {dag.py:2280} INFO - Setting next_dagrun for example_python_operator to None
[2024-08-10 21:45:46,227] {scheduler_job.py:190} INFO - Processing /home/airflow/.local/lib/python3.6/site-packages/airflow/example_dags/example_python_operator.py took 0.172 seconds
[2024-08-10 21:46:17,442] {scheduler_job.py:182} INFO - Started process (PID=289) to work on /home/airflow/.local/lib/python3.6/site-packages/airflow/example_dags/example_python_operator.py
[2024-08-10 21:46:17,442] {scheduler_job.py:629} INFO - Processing file /home/airflow/.local/lib/python3.6/site-packages/airflow/example_dags/example_python_operator.py for tasks to queue
[2024-08-10 21:46:17,443] {logging_mixin.py:104} INFO - [2024-08-10 21:46:17,442] {dagbag.py:451} INFO - Filling up the DagBag from /home/airflow/.local/lib/python3.6/site-packages/airflow/example_dags/example_python_operator.py
[2024-08-10 21:46:17,450] {scheduler_job.py:639} INFO - DAG(s) dict_keys(['example_python_operator']) retrieved from /home/airflow/.local/lib/python3.6/site-packages/airflow/example_dags/example_python_operator.py
[2024-08-10 21:46:17,509] {logging_mixin.py:104} INFO - [2024-08-10 21:46:17,509] {dag.py:1824} INFO - Sync 1 DAGs
[2024-08-10 21:46:17,525] {logging_mixin.py:104} INFO - [2024-08-10 21:46:17,525] {dag.py:2280} INFO - Setting next_dagrun for example_python_operator to None
[2024-08-10 21:46:17,537] {scheduler_job.py:190} INFO - Processing /home/airflow/.local/lib/python3.6/site-packages/airflow/example_dags/example_python_operator.py took 0.097 seconds
[2024-08-10 22:01:47,558] {scheduler_job.py:182} INFO - Started process (PID=311) to work on /home/airflow/.local/lib/python3.6/site-packages/airflow/example_dags/example_python_operator.py
[2024-08-10 22:01:47,559] {scheduler_job.py:629} INFO - Processing file /home/airflow/.local/lib/python3.6/site-packages/airflow/example_dags/example_python_operator.py for tasks to queue
[2024-08-10 22:01:47,561] {logging_mixin.py:104} INFO - [2024-08-10 22:01:47,560] {dagbag.py:451} INFO - Filling up the DagBag from /home/airflow/.local/lib/python3.6/site-packages/airflow/example_dags/example_python_operator.py
[2024-08-10 22:01:47,579] {scheduler_job.py:639} INFO - DAG(s) dict_keys(['example_python_operator']) retrieved from /home/airflow/.local/lib/python3.6/site-packages/airflow/example_dags/example_python_operator.py
[2024-08-10 22:01:47,646] {logging_mixin.py:104} INFO - [2024-08-10 22:01:47,646] {dag.py:1824} INFO - Sync 1 DAGs
[2024-08-10 22:01:47,666] {logging_mixin.py:104} INFO - [2024-08-10 22:01:47,666] {dag.py:2280} INFO - Setting next_dagrun for example_python_operator to None
[2024-08-10 22:01:47,686] {scheduler_job.py:190} INFO - Processing /home/airflow/.local/lib/python3.6/site-packages/airflow/example_dags/example_python_operator.py took 0.130 seconds
[2024-08-10 22:08:20,358] {scheduler_job.py:182} INFO - Started process (PID=340) to work on /home/airflow/.local/lib/python3.6/site-packages/airflow/example_dags/example_python_operator.py
[2024-08-10 22:08:20,358] {scheduler_job.py:629} INFO - Processing file /home/airflow/.local/lib/python3.6/site-packages/airflow/example_dags/example_python_operator.py for tasks to queue
[2024-08-10 22:08:20,359] {logging_mixin.py:104} INFO - [2024-08-10 22:08:20,359] {dagbag.py:451} INFO - Filling up the DagBag from /home/airflow/.local/lib/python3.6/site-packages/airflow/example_dags/example_python_operator.py
[2024-08-10 22:08:20,368] {scheduler_job.py:639} INFO - DAG(s) dict_keys(['example_python_operator']) retrieved from /home/airflow/.local/lib/python3.6/site-packages/airflow/example_dags/example_python_operator.py
[2024-08-10 22:08:20,433] {logging_mixin.py:104} INFO - [2024-08-10 22:08:20,433] {dag.py:1824} INFO - Sync 1 DAGs
[2024-08-10 22:08:20,452] {logging_mixin.py:104} INFO - [2024-08-10 22:08:20,452] {dag.py:2280} INFO - Setting next_dagrun for example_python_operator to None
[2024-08-10 22:08:20,467] {scheduler_job.py:190} INFO - Processing /home/airflow/.local/lib/python3.6/site-packages/airflow/example_dags/example_python_operator.py took 0.111 seconds
[2024-08-10 22:08:50,494] {scheduler_job.py:182} INFO - Started process (PID=368) to work on /home/airflow/.local/lib/python3.6/site-packages/airflow/example_dags/example_python_operator.py
[2024-08-10 22:08:50,494] {scheduler_job.py:629} INFO - Processing file /home/airflow/.local/lib/python3.6/site-packages/airflow/example_dags/example_python_operator.py for tasks to queue
[2024-08-10 22:08:50,495] {logging_mixin.py:104} INFO - [2024-08-10 22:08:50,495] {dagbag.py:451} INFO - Filling up the DagBag from /home/airflow/.local/lib/python3.6/site-packages/airflow/example_dags/example_python_operator.py
[2024-08-10 22:08:50,502] {scheduler_job.py:639} INFO - DAG(s) dict_keys(['example_python_operator']) retrieved from /home/airflow/.local/lib/python3.6/site-packages/airflow/example_dags/example_python_operator.py
[2024-08-10 22:08:50,561] {logging_mixin.py:104} INFO - [2024-08-10 22:08:50,560] {dag.py:1824} INFO - Sync 1 DAGs
[2024-08-10 22:08:50,578] {logging_mixin.py:104} INFO - [2024-08-10 22:08:50,578] {dag.py:2280} INFO - Setting next_dagrun for example_python_operator to None
[2024-08-10 22:08:50,588] {scheduler_job.py:190} INFO - Processing /home/airflow/.local/lib/python3.6/site-packages/airflow/example_dags/example_python_operator.py took 0.096 seconds
[2024-08-10 22:13:49,059] {scheduler_job.py:182} INFO - Started process (PID=398) to work on /home/airflow/.local/lib/python3.6/site-packages/airflow/example_dags/example_python_operator.py
[2024-08-10 22:13:49,060] {scheduler_job.py:629} INFO - Processing file /home/airflow/.local/lib/python3.6/site-packages/airflow/example_dags/example_python_operator.py for tasks to queue
[2024-08-10 22:13:49,060] {logging_mixin.py:104} INFO - [2024-08-10 22:13:49,060] {dagbag.py:451} INFO - Filling up the DagBag from /home/airflow/.local/lib/python3.6/site-packages/airflow/example_dags/example_python_operator.py
[2024-08-10 22:13:49,068] {scheduler_job.py:639} INFO - DAG(s) dict_keys(['example_python_operator']) retrieved from /home/airflow/.local/lib/python3.6/site-packages/airflow/example_dags/example_python_operator.py
[2024-08-10 22:13:49,126] {logging_mixin.py:104} INFO - [2024-08-10 22:13:49,126] {dag.py:1824} INFO - Sync 1 DAGs
[2024-08-10 22:13:49,143] {logging_mixin.py:104} INFO - [2024-08-10 22:13:49,143] {dag.py:2280} INFO - Setting next_dagrun for example_python_operator to None
[2024-08-10 22:13:49,154] {scheduler_job.py:190} INFO - Processing /home/airflow/.local/lib/python3.6/site-packages/airflow/example_dags/example_python_operator.py took 0.097 seconds
[2024-08-10 22:17:46,287] {scheduler_job.py:182} INFO - Started process (PID=427) to work on /home/airflow/.local/lib/python3.6/site-packages/airflow/example_dags/example_python_operator.py
[2024-08-10 22:17:46,288] {scheduler_job.py:629} INFO - Processing file /home/airflow/.local/lib/python3.6/site-packages/airflow/example_dags/example_python_operator.py for tasks to queue
[2024-08-10 22:17:46,289] {logging_mixin.py:104} INFO - [2024-08-10 22:17:46,288] {dagbag.py:451} INFO - Filling up the DagBag from /home/airflow/.local/lib/python3.6/site-packages/airflow/example_dags/example_python_operator.py
[2024-08-10 22:17:46,296] {scheduler_job.py:639} INFO - DAG(s) dict_keys(['example_python_operator']) retrieved from /home/airflow/.local/lib/python3.6/site-packages/airflow/example_dags/example_python_operator.py
[2024-08-10 22:17:46,361] {logging_mixin.py:104} INFO - [2024-08-10 22:17:46,361] {dag.py:1824} INFO - Sync 1 DAGs
[2024-08-10 22:17:46,383] {logging_mixin.py:104} INFO - [2024-08-10 22:17:46,383] {dag.py:2280} INFO - Setting next_dagrun for example_python_operator to None
[2024-08-10 22:17:46,399] {scheduler_job.py:190} INFO - Processing /home/airflow/.local/lib/python3.6/site-packages/airflow/example_dags/example_python_operator.py took 0.113 seconds
[2024-08-10 22:18:17,319] {scheduler_job.py:182} INFO - Started process (PID=460) to work on /home/airflow/.local/lib/python3.6/site-packages/airflow/example_dags/example_python_operator.py
[2024-08-10 22:18:17,322] {scheduler_job.py:629} INFO - Processing file /home/airflow/.local/lib/python3.6/site-packages/airflow/example_dags/example_python_operator.py for tasks to queue
[2024-08-10 22:18:17,322] {logging_mixin.py:104} INFO - [2024-08-10 22:18:17,322] {dagbag.py:451} INFO - Filling up the DagBag from /home/airflow/.local/lib/python3.6/site-packages/airflow/example_dags/example_python_operator.py
[2024-08-10 22:18:17,329] {scheduler_job.py:639} INFO - DAG(s) dict_keys(['example_python_operator']) retrieved from /home/airflow/.local/lib/python3.6/site-packages/airflow/example_dags/example_python_operator.py
[2024-08-10 22:18:17,389] {logging_mixin.py:104} INFO - [2024-08-10 22:18:17,389] {dag.py:1824} INFO - Sync 1 DAGs
[2024-08-10 22:18:17,406] {logging_mixin.py:104} INFO - [2024-08-10 22:18:17,406] {dag.py:2280} INFO - Setting next_dagrun for example_python_operator to None
[2024-08-10 22:18:17,417] {scheduler_job.py:190} INFO - Processing /home/airflow/.local/lib/python3.6/site-packages/airflow/example_dags/example_python_operator.py took 0.099 seconds
[2024-08-10 22:18:48,065] {scheduler_job.py:182} INFO - Started process (PID=488) to work on /home/airflow/.local/lib/python3.6/site-packages/airflow/example_dags/example_python_operator.py
[2024-08-10 22:18:48,065] {scheduler_job.py:629} INFO - Processing file /home/airflow/.local/lib/python3.6/site-packages/airflow/example_dags/example_python_operator.py for tasks to queue
[2024-08-10 22:18:48,066] {logging_mixin.py:104} INFO - [2024-08-10 22:18:48,066] {dagbag.py:451} INFO - Filling up the DagBag from /home/airflow/.local/lib/python3.6/site-packages/airflow/example_dags/example_python_operator.py
[2024-08-10 22:18:48,074] {scheduler_job.py:639} INFO - DAG(s) dict_keys(['example_python_operator']) retrieved from /home/airflow/.local/lib/python3.6/site-packages/airflow/example_dags/example_python_operator.py
[2024-08-10 22:18:48,135] {logging_mixin.py:104} INFO - [2024-08-10 22:18:48,135] {dag.py:1824} INFO - Sync 1 DAGs
[2024-08-10 22:18:48,151] {logging_mixin.py:104} INFO - [2024-08-10 22:18:48,151] {dag.py:2280} INFO - Setting next_dagrun for example_python_operator to None
[2024-08-10 22:18:48,162] {scheduler_job.py:190} INFO - Processing /home/airflow/.local/lib/python3.6/site-packages/airflow/example_dags/example_python_operator.py took 0.099 seconds
[2024-08-10 22:19:19,248] {scheduler_job.py:182} INFO - Started process (PID=521) to work on /home/airflow/.local/lib/python3.6/site-packages/airflow/example_dags/example_python_operator.py
[2024-08-10 22:19:19,249] {scheduler_job.py:629} INFO - Processing file /home/airflow/.local/lib/python3.6/site-packages/airflow/example_dags/example_python_operator.py for tasks to queue
[2024-08-10 22:19:19,250] {logging_mixin.py:104} INFO - [2024-08-10 22:19:19,250] {dagbag.py:451} INFO - Filling up the DagBag from /home/airflow/.local/lib/python3.6/site-packages/airflow/example_dags/example_python_operator.py
[2024-08-10 22:19:19,257] {scheduler_job.py:639} INFO - DAG(s) dict_keys(['example_python_operator']) retrieved from /home/airflow/.local/lib/python3.6/site-packages/airflow/example_dags/example_python_operator.py
[2024-08-10 22:19:19,316] {logging_mixin.py:104} INFO - [2024-08-10 22:19:19,316] {dag.py:1824} INFO - Sync 1 DAGs
[2024-08-10 22:19:19,333] {logging_mixin.py:104} INFO - [2024-08-10 22:19:19,333] {dag.py:2280} INFO - Setting next_dagrun for example_python_operator to None
[2024-08-10 22:19:19,344] {scheduler_job.py:190} INFO - Processing /home/airflow/.local/lib/python3.6/site-packages/airflow/example_dags/example_python_operator.py took 0.098 seconds
[2024-08-10 22:27:21,061] {scheduler_job.py:182} INFO - Started process (PID=543) to work on /home/airflow/.local/lib/python3.6/site-packages/airflow/example_dags/example_python_operator.py
[2024-08-10 22:27:21,062] {scheduler_job.py:629} INFO - Processing file /home/airflow/.local/lib/python3.6/site-packages/airflow/example_dags/example_python_operator.py for tasks to queue
[2024-08-10 22:27:21,063] {logging_mixin.py:104} INFO - [2024-08-10 22:27:21,062] {dagbag.py:451} INFO - Filling up the DagBag from /home/airflow/.local/lib/python3.6/site-packages/airflow/example_dags/example_python_operator.py
[2024-08-10 22:27:21,072] {scheduler_job.py:639} INFO - DAG(s) dict_keys(['example_python_operator']) retrieved from /home/airflow/.local/lib/python3.6/site-packages/airflow/example_dags/example_python_operator.py
[2024-08-10 22:27:21,145] {logging_mixin.py:104} INFO - [2024-08-10 22:27:21,145] {dag.py:1824} INFO - Sync 1 DAGs
[2024-08-10 22:27:21,170] {logging_mixin.py:104} INFO - [2024-08-10 22:27:21,170] {dag.py:2280} INFO - Setting next_dagrun for example_python_operator to None
[2024-08-10 22:27:21,185] {scheduler_job.py:190} INFO - Processing /home/airflow/.local/lib/python3.6/site-packages/airflow/example_dags/example_python_operator.py took 0.125 seconds
[2024-08-10 23:00:14,042] {scheduler_job.py:182} INFO - Started process (PID=572) to work on /home/airflow/.local/lib/python3.6/site-packages/airflow/example_dags/example_python_operator.py
[2024-08-10 23:00:14,043] {scheduler_job.py:629} INFO - Processing file /home/airflow/.local/lib/python3.6/site-packages/airflow/example_dags/example_python_operator.py for tasks to queue
[2024-08-10 23:00:14,044] {logging_mixin.py:104} INFO - [2024-08-10 23:00:14,044] {dagbag.py:451} INFO - Filling up the DagBag from /home/airflow/.local/lib/python3.6/site-packages/airflow/example_dags/example_python_operator.py
[2024-08-10 23:00:14,055] {scheduler_job.py:639} INFO - DAG(s) dict_keys(['example_python_operator']) retrieved from /home/airflow/.local/lib/python3.6/site-packages/airflow/example_dags/example_python_operator.py
[2024-08-10 23:00:14,120] {logging_mixin.py:104} INFO - [2024-08-10 23:00:14,120] {dag.py:1824} INFO - Sync 1 DAGs
[2024-08-10 23:00:14,139] {logging_mixin.py:104} INFO - [2024-08-10 23:00:14,138] {dag.py:2280} INFO - Setting next_dagrun for example_python_operator to None
[2024-08-10 23:00:14,153] {scheduler_job.py:190} INFO - Processing /home/airflow/.local/lib/python3.6/site-packages/airflow/example_dags/example_python_operator.py took 0.113 seconds
[2024-08-10 23:02:54,592] {scheduler_job.py:182} INFO - Started process (PID=601) to work on /home/airflow/.local/lib/python3.6/site-packages/airflow/example_dags/example_python_operator.py
[2024-08-10 23:02:54,593] {scheduler_job.py:629} INFO - Processing file /home/airflow/.local/lib/python3.6/site-packages/airflow/example_dags/example_python_operator.py for tasks to queue
[2024-08-10 23:02:54,593] {logging_mixin.py:104} INFO - [2024-08-10 23:02:54,593] {dagbag.py:451} INFO - Filling up the DagBag from /home/airflow/.local/lib/python3.6/site-packages/airflow/example_dags/example_python_operator.py
[2024-08-10 23:02:54,601] {scheduler_job.py:639} INFO - DAG(s) dict_keys(['example_python_operator']) retrieved from /home/airflow/.local/lib/python3.6/site-packages/airflow/example_dags/example_python_operator.py
[2024-08-10 23:02:54,660] {logging_mixin.py:104} INFO - [2024-08-10 23:02:54,660] {dag.py:1824} INFO - Sync 1 DAGs
[2024-08-10 23:02:54,677] {logging_mixin.py:104} INFO - [2024-08-10 23:02:54,677] {dag.py:2280} INFO - Setting next_dagrun for example_python_operator to None
[2024-08-10 23:02:54,691] {scheduler_job.py:190} INFO - Processing /home/airflow/.local/lib/python3.6/site-packages/airflow/example_dags/example_python_operator.py took 0.100 seconds
[2024-08-10 23:14:08,913] {scheduler_job.py:182} INFO - Started process (PID=630) to work on /home/airflow/.local/lib/python3.6/site-packages/airflow/example_dags/example_python_operator.py
[2024-08-10 23:14:08,915] {scheduler_job.py:629} INFO - Processing file /home/airflow/.local/lib/python3.6/site-packages/airflow/example_dags/example_python_operator.py for tasks to queue
[2024-08-10 23:14:08,916] {logging_mixin.py:104} INFO - [2024-08-10 23:14:08,916] {dagbag.py:451} INFO - Filling up the DagBag from /home/airflow/.local/lib/python3.6/site-packages/airflow/example_dags/example_python_operator.py
[2024-08-10 23:14:08,925] {scheduler_job.py:639} INFO - DAG(s) dict_keys(['example_python_operator']) retrieved from /home/airflow/.local/lib/python3.6/site-packages/airflow/example_dags/example_python_operator.py
[2024-08-10 23:14:08,985] {logging_mixin.py:104} INFO - [2024-08-10 23:14:08,984] {dag.py:1824} INFO - Sync 1 DAGs
[2024-08-10 23:14:09,004] {logging_mixin.py:104} INFO - [2024-08-10 23:14:09,004] {dag.py:2280} INFO - Setting next_dagrun for example_python_operator to None
[2024-08-10 23:14:09,020] {scheduler_job.py:190} INFO - Processing /home/airflow/.local/lib/python3.6/site-packages/airflow/example_dags/example_python_operator.py took 0.108 seconds
[2024-08-10 23:14:40,004] {scheduler_job.py:182} INFO - Started process (PID=663) to work on /home/airflow/.local/lib/python3.6/site-packages/airflow/example_dags/example_python_operator.py
[2024-08-10 23:14:40,004] {scheduler_job.py:629} INFO - Processing file /home/airflow/.local/lib/python3.6/site-packages/airflow/example_dags/example_python_operator.py for tasks to queue
[2024-08-10 23:14:40,005] {logging_mixin.py:104} INFO - [2024-08-10 23:14:40,005] {dagbag.py:451} INFO - Filling up the DagBag from /home/airflow/.local/lib/python3.6/site-packages/airflow/example_dags/example_python_operator.py
[2024-08-10 23:14:40,013] {scheduler_job.py:639} INFO - DAG(s) dict_keys(['example_python_operator']) retrieved from /home/airflow/.local/lib/python3.6/site-packages/airflow/example_dags/example_python_operator.py
[2024-08-10 23:14:40,073] {logging_mixin.py:104} INFO - [2024-08-10 23:14:40,073] {dag.py:1824} INFO - Sync 1 DAGs
[2024-08-10 23:14:40,089] {logging_mixin.py:104} INFO - [2024-08-10 23:14:40,089] {dag.py:2280} INFO - Setting next_dagrun for example_python_operator to None
[2024-08-10 23:14:40,100] {scheduler_job.py:190} INFO - Processing /home/airflow/.local/lib/python3.6/site-packages/airflow/example_dags/example_python_operator.py took 0.098 seconds
