[2024-08-10 00:13:03,491] {scheduler_job.py:182} INFO - Started process (PID=60876) to work on /home/airflow/.local/lib/python3.6/site-packages/airflow/example_dags/tutorial.py
[2024-08-10 00:13:03,492] {scheduler_job.py:629} INFO - Processing file /home/airflow/.local/lib/python3.6/site-packages/airflow/example_dags/tutorial.py for tasks to queue
[2024-08-10 00:13:03,493] {logging_mixin.py:104} INFO - [2024-08-10 00:13:03,493] {dagbag.py:451} INFO - Filling up the DagBag from /home/airflow/.local/lib/python3.6/site-packages/airflow/example_dags/tutorial.py
[2024-08-10 00:13:03,502] {scheduler_job.py:639} INFO - DAG(s) dict_keys(['tutorial']) retrieved from /home/airflow/.local/lib/python3.6/site-packages/airflow/example_dags/tutorial.py
[2024-08-10 00:13:03,580] {logging_mixin.py:104} INFO - [2024-08-10 00:13:03,580] {dag.py:1824} INFO - Sync 1 DAGs
[2024-08-10 00:13:03,603] {logging_mixin.py:104} INFO - [2024-08-10 00:13:03,603] {dag.py:2280} INFO - Setting next_dagrun for tutorial to 2024-08-08 00:00:00+00:00
[2024-08-10 00:13:03,621] {scheduler_job.py:190} INFO - Processing /home/airflow/.local/lib/python3.6/site-packages/airflow/example_dags/tutorial.py took 0.134 seconds
[2024-08-10 00:13:33,638] {scheduler_job.py:182} INFO - Started process (PID=60905) to work on /home/airflow/.local/lib/python3.6/site-packages/airflow/example_dags/tutorial.py
[2024-08-10 00:13:33,639] {scheduler_job.py:629} INFO - Processing file /home/airflow/.local/lib/python3.6/site-packages/airflow/example_dags/tutorial.py for tasks to queue
[2024-08-10 00:13:33,639] {logging_mixin.py:104} INFO - [2024-08-10 00:13:33,639] {dagbag.py:451} INFO - Filling up the DagBag from /home/airflow/.local/lib/python3.6/site-packages/airflow/example_dags/tutorial.py
[2024-08-10 00:13:33,645] {scheduler_job.py:639} INFO - DAG(s) dict_keys(['tutorial']) retrieved from /home/airflow/.local/lib/python3.6/site-packages/airflow/example_dags/tutorial.py
[2024-08-10 00:13:33,705] {logging_mixin.py:104} INFO - [2024-08-10 00:13:33,705] {dag.py:1824} INFO - Sync 1 DAGs
[2024-08-10 00:13:33,722] {logging_mixin.py:104} INFO - [2024-08-10 00:13:33,722] {dag.py:2280} INFO - Setting next_dagrun for tutorial to 2024-08-08 00:00:00+00:00
[2024-08-10 00:13:33,732] {scheduler_job.py:190} INFO - Processing /home/airflow/.local/lib/python3.6/site-packages/airflow/example_dags/tutorial.py took 0.095 seconds
[2024-08-10 01:03:32,918] {scheduler_job.py:182} INFO - Started process (PID=60934) to work on /home/airflow/.local/lib/python3.6/site-packages/airflow/example_dags/tutorial.py
[2024-08-10 01:03:32,919] {scheduler_job.py:629} INFO - Processing file /home/airflow/.local/lib/python3.6/site-packages/airflow/example_dags/tutorial.py for tasks to queue
[2024-08-10 01:03:32,920] {logging_mixin.py:104} INFO - [2024-08-10 01:03:32,920] {dagbag.py:451} INFO - Filling up the DagBag from /home/airflow/.local/lib/python3.6/site-packages/airflow/example_dags/tutorial.py
[2024-08-10 01:03:32,925] {scheduler_job.py:639} INFO - DAG(s) dict_keys(['tutorial']) retrieved from /home/airflow/.local/lib/python3.6/site-packages/airflow/example_dags/tutorial.py
[2024-08-10 01:03:32,985] {logging_mixin.py:104} INFO - [2024-08-10 01:03:32,985] {dag.py:1824} INFO - Sync 1 DAGs
[2024-08-10 01:03:33,002] {logging_mixin.py:104} INFO - [2024-08-10 01:03:33,002] {dag.py:2280} INFO - Setting next_dagrun for tutorial to 2024-08-08 00:00:00+00:00
[2024-08-10 01:03:33,016] {scheduler_job.py:190} INFO - Processing /home/airflow/.local/lib/python3.6/site-packages/airflow/example_dags/tutorial.py took 0.100 seconds
[2024-08-10 01:14:29,806] {scheduler_job.py:182} INFO - Started process (PID=60963) to work on /home/airflow/.local/lib/python3.6/site-packages/airflow/example_dags/tutorial.py
[2024-08-10 01:14:29,808] {scheduler_job.py:629} INFO - Processing file /home/airflow/.local/lib/python3.6/site-packages/airflow/example_dags/tutorial.py for tasks to queue
[2024-08-10 01:14:29,809] {logging_mixin.py:104} INFO - [2024-08-10 01:14:29,808] {dagbag.py:451} INFO - Filling up the DagBag from /home/airflow/.local/lib/python3.6/site-packages/airflow/example_dags/tutorial.py
[2024-08-10 01:14:29,823] {scheduler_job.py:639} INFO - DAG(s) dict_keys(['tutorial']) retrieved from /home/airflow/.local/lib/python3.6/site-packages/airflow/example_dags/tutorial.py
[2024-08-10 01:14:29,890] {logging_mixin.py:104} INFO - [2024-08-10 01:14:29,890] {dag.py:1824} INFO - Sync 1 DAGs
[2024-08-10 01:14:29,914] {logging_mixin.py:104} INFO - [2024-08-10 01:14:29,914] {dag.py:2280} INFO - Setting next_dagrun for tutorial to 2024-08-08 00:00:00+00:00
[2024-08-10 01:14:29,928] {scheduler_job.py:190} INFO - Processing /home/airflow/.local/lib/python3.6/site-packages/airflow/example_dags/tutorial.py took 0.127 seconds
[2024-08-10 01:47:57,615] {scheduler_job.py:182} INFO - Started process (PID=60992) to work on /home/airflow/.local/lib/python3.6/site-packages/airflow/example_dags/tutorial.py
[2024-08-10 01:47:57,616] {scheduler_job.py:629} INFO - Processing file /home/airflow/.local/lib/python3.6/site-packages/airflow/example_dags/tutorial.py for tasks to queue
[2024-08-10 01:47:57,616] {logging_mixin.py:104} INFO - [2024-08-10 01:47:57,616] {dagbag.py:451} INFO - Filling up the DagBag from /home/airflow/.local/lib/python3.6/site-packages/airflow/example_dags/tutorial.py
[2024-08-10 01:47:57,622] {scheduler_job.py:639} INFO - DAG(s) dict_keys(['tutorial']) retrieved from /home/airflow/.local/lib/python3.6/site-packages/airflow/example_dags/tutorial.py
[2024-08-10 01:47:57,684] {logging_mixin.py:104} INFO - [2024-08-10 01:47:57,684] {dag.py:1824} INFO - Sync 1 DAGs
[2024-08-10 01:47:57,701] {logging_mixin.py:104} INFO - [2024-08-10 01:47:57,701] {dag.py:2280} INFO - Setting next_dagrun for tutorial to 2024-08-08 00:00:00+00:00
[2024-08-10 01:47:57,716] {scheduler_job.py:190} INFO - Processing /home/airflow/.local/lib/python3.6/site-packages/airflow/example_dags/tutorial.py took 0.103 seconds
[2024-08-10 02:15:26,435] {scheduler_job.py:182} INFO - Started process (PID=61021) to work on /home/airflow/.local/lib/python3.6/site-packages/airflow/example_dags/tutorial.py
[2024-08-10 02:15:26,436] {scheduler_job.py:629} INFO - Processing file /home/airflow/.local/lib/python3.6/site-packages/airflow/example_dags/tutorial.py for tasks to queue
[2024-08-10 02:15:26,436] {logging_mixin.py:104} INFO - [2024-08-10 02:15:26,436] {dagbag.py:451} INFO - Filling up the DagBag from /home/airflow/.local/lib/python3.6/site-packages/airflow/example_dags/tutorial.py
[2024-08-10 02:15:26,443] {scheduler_job.py:639} INFO - DAG(s) dict_keys(['tutorial']) retrieved from /home/airflow/.local/lib/python3.6/site-packages/airflow/example_dags/tutorial.py
[2024-08-10 02:15:26,510] {logging_mixin.py:104} INFO - [2024-08-10 02:15:26,510] {dag.py:1824} INFO - Sync 1 DAGs
[2024-08-10 02:15:26,541] {logging_mixin.py:104} INFO - [2024-08-10 02:15:26,541] {dag.py:2280} INFO - Setting next_dagrun for tutorial to 2024-08-08 00:00:00+00:00
[2024-08-10 02:15:26,555] {scheduler_job.py:190} INFO - Processing /home/airflow/.local/lib/python3.6/site-packages/airflow/example_dags/tutorial.py took 0.123 seconds
[2024-08-10 02:21:40,182] {scheduler_job.py:182} INFO - Started process (PID=61050) to work on /home/airflow/.local/lib/python3.6/site-packages/airflow/example_dags/tutorial.py
[2024-08-10 02:21:40,183] {scheduler_job.py:629} INFO - Processing file /home/airflow/.local/lib/python3.6/site-packages/airflow/example_dags/tutorial.py for tasks to queue
[2024-08-10 02:21:40,183] {logging_mixin.py:104} INFO - [2024-08-10 02:21:40,183] {dagbag.py:451} INFO - Filling up the DagBag from /home/airflow/.local/lib/python3.6/site-packages/airflow/example_dags/tutorial.py
[2024-08-10 02:21:40,189] {scheduler_job.py:639} INFO - DAG(s) dict_keys(['tutorial']) retrieved from /home/airflow/.local/lib/python3.6/site-packages/airflow/example_dags/tutorial.py
[2024-08-10 02:21:40,251] {logging_mixin.py:104} INFO - [2024-08-10 02:21:40,251] {dag.py:1824} INFO - Sync 1 DAGs
[2024-08-10 02:21:40,268] {logging_mixin.py:104} INFO - [2024-08-10 02:21:40,268] {dag.py:2280} INFO - Setting next_dagrun for tutorial to 2024-08-08 00:00:00+00:00
[2024-08-10 02:21:40,283] {scheduler_job.py:190} INFO - Processing /home/airflow/.local/lib/python3.6/site-packages/airflow/example_dags/tutorial.py took 0.102 seconds
[2024-08-10 02:22:11,263] {scheduler_job.py:182} INFO - Started process (PID=61079) to work on /home/airflow/.local/lib/python3.6/site-packages/airflow/example_dags/tutorial.py
[2024-08-10 02:22:11,264] {scheduler_job.py:629} INFO - Processing file /home/airflow/.local/lib/python3.6/site-packages/airflow/example_dags/tutorial.py for tasks to queue
[2024-08-10 02:22:11,264] {logging_mixin.py:104} INFO - [2024-08-10 02:22:11,264] {dagbag.py:451} INFO - Filling up the DagBag from /home/airflow/.local/lib/python3.6/site-packages/airflow/example_dags/tutorial.py
[2024-08-10 02:22:11,270] {scheduler_job.py:639} INFO - DAG(s) dict_keys(['tutorial']) retrieved from /home/airflow/.local/lib/python3.6/site-packages/airflow/example_dags/tutorial.py
[2024-08-10 02:22:11,330] {logging_mixin.py:104} INFO - [2024-08-10 02:22:11,330] {dag.py:1824} INFO - Sync 1 DAGs
[2024-08-10 02:22:11,346] {logging_mixin.py:104} INFO - [2024-08-10 02:22:11,346] {dag.py:2280} INFO - Setting next_dagrun for tutorial to 2024-08-08 00:00:00+00:00
[2024-08-10 02:22:11,357] {scheduler_job.py:190} INFO - Processing /home/airflow/.local/lib/python3.6/site-packages/airflow/example_dags/tutorial.py took 0.095 seconds
[2024-08-10 03:16:05,277] {scheduler_job.py:182} INFO - Started process (PID=61108) to work on /home/airflow/.local/lib/python3.6/site-packages/airflow/example_dags/tutorial.py
[2024-08-10 03:16:05,278] {scheduler_job.py:629} INFO - Processing file /home/airflow/.local/lib/python3.6/site-packages/airflow/example_dags/tutorial.py for tasks to queue
[2024-08-10 03:16:05,279] {logging_mixin.py:104} INFO - [2024-08-10 03:16:05,279] {dagbag.py:451} INFO - Filling up the DagBag from /home/airflow/.local/lib/python3.6/site-packages/airflow/example_dags/tutorial.py
[2024-08-10 03:16:05,284] {scheduler_job.py:639} INFO - DAG(s) dict_keys(['tutorial']) retrieved from /home/airflow/.local/lib/python3.6/site-packages/airflow/example_dags/tutorial.py
[2024-08-10 03:16:05,345] {logging_mixin.py:104} INFO - [2024-08-10 03:16:05,345] {dag.py:1824} INFO - Sync 1 DAGs
[2024-08-10 03:16:05,361] {logging_mixin.py:104} INFO - [2024-08-10 03:16:05,361] {dag.py:2280} INFO - Setting next_dagrun for tutorial to 2024-08-08 00:00:00+00:00
[2024-08-10 03:16:05,383] {scheduler_job.py:190} INFO - Processing /home/airflow/.local/lib/python3.6/site-packages/airflow/example_dags/tutorial.py took 0.108 seconds
[2024-08-10 03:16:35,444] {scheduler_job.py:182} INFO - Started process (PID=61137) to work on /home/airflow/.local/lib/python3.6/site-packages/airflow/example_dags/tutorial.py
[2024-08-10 03:16:35,444] {scheduler_job.py:629} INFO - Processing file /home/airflow/.local/lib/python3.6/site-packages/airflow/example_dags/tutorial.py for tasks to queue
[2024-08-10 03:16:35,445] {logging_mixin.py:104} INFO - [2024-08-10 03:16:35,445] {dagbag.py:451} INFO - Filling up the DagBag from /home/airflow/.local/lib/python3.6/site-packages/airflow/example_dags/tutorial.py
[2024-08-10 03:16:35,450] {scheduler_job.py:639} INFO - DAG(s) dict_keys(['tutorial']) retrieved from /home/airflow/.local/lib/python3.6/site-packages/airflow/example_dags/tutorial.py
[2024-08-10 03:16:35,508] {logging_mixin.py:104} INFO - [2024-08-10 03:16:35,508] {dag.py:1824} INFO - Sync 1 DAGs
[2024-08-10 03:16:35,524] {logging_mixin.py:104} INFO - [2024-08-10 03:16:35,524] {dag.py:2280} INFO - Setting next_dagrun for tutorial to 2024-08-08 00:00:00+00:00
[2024-08-10 03:16:35,534] {scheduler_job.py:190} INFO - Processing /home/airflow/.local/lib/python3.6/site-packages/airflow/example_dags/tutorial.py took 0.092 seconds
[2024-08-10 04:06:30,139] {scheduler_job.py:182} INFO - Started process (PID=61166) to work on /home/airflow/.local/lib/python3.6/site-packages/airflow/example_dags/tutorial.py
[2024-08-10 04:06:30,140] {scheduler_job.py:629} INFO - Processing file /home/airflow/.local/lib/python3.6/site-packages/airflow/example_dags/tutorial.py for tasks to queue
[2024-08-10 04:06:30,140] {logging_mixin.py:104} INFO - [2024-08-10 04:06:30,140] {dagbag.py:451} INFO - Filling up the DagBag from /home/airflow/.local/lib/python3.6/site-packages/airflow/example_dags/tutorial.py
[2024-08-10 04:06:30,147] {scheduler_job.py:639} INFO - DAG(s) dict_keys(['tutorial']) retrieved from /home/airflow/.local/lib/python3.6/site-packages/airflow/example_dags/tutorial.py
[2024-08-10 04:06:30,209] {logging_mixin.py:104} INFO - [2024-08-10 04:06:30,209] {dag.py:1824} INFO - Sync 1 DAGs
[2024-08-10 04:06:30,227] {logging_mixin.py:104} INFO - [2024-08-10 04:06:30,227] {dag.py:2280} INFO - Setting next_dagrun for tutorial to 2024-08-08 00:00:00+00:00
[2024-08-10 04:06:30,241] {scheduler_job.py:190} INFO - Processing /home/airflow/.local/lib/python3.6/site-packages/airflow/example_dags/tutorial.py took 0.103 seconds
[2024-08-10 04:17:31,699] {scheduler_job.py:182} INFO - Started process (PID=61195) to work on /home/airflow/.local/lib/python3.6/site-packages/airflow/example_dags/tutorial.py
[2024-08-10 04:17:31,700] {scheduler_job.py:629} INFO - Processing file /home/airflow/.local/lib/python3.6/site-packages/airflow/example_dags/tutorial.py for tasks to queue
[2024-08-10 04:17:31,701] {logging_mixin.py:104} INFO - [2024-08-10 04:17:31,701] {dagbag.py:451} INFO - Filling up the DagBag from /home/airflow/.local/lib/python3.6/site-packages/airflow/example_dags/tutorial.py
[2024-08-10 04:17:31,707] {scheduler_job.py:639} INFO - DAG(s) dict_keys(['tutorial']) retrieved from /home/airflow/.local/lib/python3.6/site-packages/airflow/example_dags/tutorial.py
[2024-08-10 04:17:31,773] {logging_mixin.py:104} INFO - [2024-08-10 04:17:31,773] {dag.py:1824} INFO - Sync 1 DAGs
[2024-08-10 04:17:31,799] {logging_mixin.py:104} INFO - [2024-08-10 04:17:31,799] {dag.py:2280} INFO - Setting next_dagrun for tutorial to 2024-08-08 00:00:00+00:00
[2024-08-10 04:17:31,811] {scheduler_job.py:190} INFO - Processing /home/airflow/.local/lib/python3.6/site-packages/airflow/example_dags/tutorial.py took 0.114 seconds
[2024-08-10 05:08:47,021] {scheduler_job.py:182} INFO - Started process (PID=61224) to work on /home/airflow/.local/lib/python3.6/site-packages/airflow/example_dags/tutorial.py
[2024-08-10 05:08:47,022] {scheduler_job.py:629} INFO - Processing file /home/airflow/.local/lib/python3.6/site-packages/airflow/example_dags/tutorial.py for tasks to queue
[2024-08-10 05:08:47,023] {logging_mixin.py:104} INFO - [2024-08-10 05:08:47,022] {dagbag.py:451} INFO - Filling up the DagBag from /home/airflow/.local/lib/python3.6/site-packages/airflow/example_dags/tutorial.py
[2024-08-10 05:08:47,029] {scheduler_job.py:639} INFO - DAG(s) dict_keys(['tutorial']) retrieved from /home/airflow/.local/lib/python3.6/site-packages/airflow/example_dags/tutorial.py
[2024-08-10 05:08:47,099] {logging_mixin.py:104} INFO - [2024-08-10 05:08:47,099] {dag.py:1824} INFO - Sync 1 DAGs
[2024-08-10 05:08:47,119] {logging_mixin.py:104} INFO - [2024-08-10 05:08:47,119] {dag.py:2280} INFO - Setting next_dagrun for tutorial to 2024-08-08 00:00:00+00:00
[2024-08-10 05:08:47,140] {scheduler_job.py:190} INFO - Processing /home/airflow/.local/lib/python3.6/site-packages/airflow/example_dags/tutorial.py took 0.120 seconds
[2024-08-10 05:18:28,891] {scheduler_job.py:182} INFO - Started process (PID=61253) to work on /home/airflow/.local/lib/python3.6/site-packages/airflow/example_dags/tutorial.py
[2024-08-10 05:18:28,892] {scheduler_job.py:629} INFO - Processing file /home/airflow/.local/lib/python3.6/site-packages/airflow/example_dags/tutorial.py for tasks to queue
[2024-08-10 05:18:28,894] {logging_mixin.py:104} INFO - [2024-08-10 05:18:28,894] {dagbag.py:451} INFO - Filling up the DagBag from /home/airflow/.local/lib/python3.6/site-packages/airflow/example_dags/tutorial.py
[2024-08-10 05:18:28,901] {scheduler_job.py:639} INFO - DAG(s) dict_keys(['tutorial']) retrieved from /home/airflow/.local/lib/python3.6/site-packages/airflow/example_dags/tutorial.py
[2024-08-10 05:18:28,984] {logging_mixin.py:104} INFO - [2024-08-10 05:18:28,984] {dag.py:1824} INFO - Sync 1 DAGs
[2024-08-10 05:18:29,007] {logging_mixin.py:104} INFO - [2024-08-10 05:18:29,007] {dag.py:2280} INFO - Setting next_dagrun for tutorial to 2024-08-08 00:00:00+00:00
[2024-08-10 05:18:29,020] {scheduler_job.py:190} INFO - Processing /home/airflow/.local/lib/python3.6/site-packages/airflow/example_dags/tutorial.py took 0.131 seconds
[2024-08-10 05:52:10,676] {scheduler_job.py:182} INFO - Started process (PID=61282) to work on /home/airflow/.local/lib/python3.6/site-packages/airflow/example_dags/tutorial.py
[2024-08-10 05:52:10,677] {scheduler_job.py:629} INFO - Processing file /home/airflow/.local/lib/python3.6/site-packages/airflow/example_dags/tutorial.py for tasks to queue
[2024-08-10 05:52:10,677] {logging_mixin.py:104} INFO - [2024-08-10 05:52:10,677] {dagbag.py:451} INFO - Filling up the DagBag from /home/airflow/.local/lib/python3.6/site-packages/airflow/example_dags/tutorial.py
[2024-08-10 05:52:10,686] {scheduler_job.py:639} INFO - DAG(s) dict_keys(['tutorial']) retrieved from /home/airflow/.local/lib/python3.6/site-packages/airflow/example_dags/tutorial.py
[2024-08-10 05:52:10,764] {logging_mixin.py:104} INFO - [2024-08-10 05:52:10,764] {dag.py:1824} INFO - Sync 1 DAGs
[2024-08-10 05:52:10,785] {logging_mixin.py:104} INFO - [2024-08-10 05:52:10,785] {dag.py:2280} INFO - Setting next_dagrun for tutorial to 2024-08-08 00:00:00+00:00
[2024-08-10 05:52:10,802] {scheduler_job.py:190} INFO - Processing /home/airflow/.local/lib/python3.6/site-packages/airflow/example_dags/tutorial.py took 0.131 seconds
[2024-08-10 06:01:20,278] {scheduler_job.py:182} INFO - Started process (PID=61311) to work on /home/airflow/.local/lib/python3.6/site-packages/airflow/example_dags/tutorial.py
[2024-08-10 06:01:20,279] {scheduler_job.py:629} INFO - Processing file /home/airflow/.local/lib/python3.6/site-packages/airflow/example_dags/tutorial.py for tasks to queue
[2024-08-10 06:01:20,279] {logging_mixin.py:104} INFO - [2024-08-10 06:01:20,279] {dagbag.py:451} INFO - Filling up the DagBag from /home/airflow/.local/lib/python3.6/site-packages/airflow/example_dags/tutorial.py
[2024-08-10 06:01:20,285] {scheduler_job.py:639} INFO - DAG(s) dict_keys(['tutorial']) retrieved from /home/airflow/.local/lib/python3.6/site-packages/airflow/example_dags/tutorial.py
[2024-08-10 06:01:20,344] {logging_mixin.py:104} INFO - [2024-08-10 06:01:20,344] {dag.py:1824} INFO - Sync 1 DAGs
[2024-08-10 06:01:20,361] {logging_mixin.py:104} INFO - [2024-08-10 06:01:20,361] {dag.py:2280} INFO - Setting next_dagrun for tutorial to 2024-08-08 00:00:00+00:00
[2024-08-10 06:01:20,372] {scheduler_job.py:190} INFO - Processing /home/airflow/.local/lib/python3.6/site-packages/airflow/example_dags/tutorial.py took 0.095 seconds
[2024-08-10 06:09:12,057] {scheduler_job.py:182} INFO - Started process (PID=61340) to work on /home/airflow/.local/lib/python3.6/site-packages/airflow/example_dags/tutorial.py
[2024-08-10 06:09:12,058] {scheduler_job.py:629} INFO - Processing file /home/airflow/.local/lib/python3.6/site-packages/airflow/example_dags/tutorial.py for tasks to queue
[2024-08-10 06:09:12,058] {logging_mixin.py:104} INFO - [2024-08-10 06:09:12,058] {dagbag.py:451} INFO - Filling up the DagBag from /home/airflow/.local/lib/python3.6/site-packages/airflow/example_dags/tutorial.py
[2024-08-10 06:09:12,064] {scheduler_job.py:639} INFO - DAG(s) dict_keys(['tutorial']) retrieved from /home/airflow/.local/lib/python3.6/site-packages/airflow/example_dags/tutorial.py
[2024-08-10 06:09:12,124] {logging_mixin.py:104} INFO - [2024-08-10 06:09:12,124] {dag.py:1824} INFO - Sync 1 DAGs
[2024-08-10 06:09:12,140] {logging_mixin.py:104} INFO - [2024-08-10 06:09:12,140] {dag.py:2280} INFO - Setting next_dagrun for tutorial to 2024-08-08 00:00:00+00:00
[2024-08-10 06:09:12,154] {scheduler_job.py:190} INFO - Processing /home/airflow/.local/lib/python3.6/site-packages/airflow/example_dags/tutorial.py took 0.099 seconds
[2024-08-10 06:09:43,102] {scheduler_job.py:182} INFO - Started process (PID=61369) to work on /home/airflow/.local/lib/python3.6/site-packages/airflow/example_dags/tutorial.py
[2024-08-10 06:09:43,103] {scheduler_job.py:629} INFO - Processing file /home/airflow/.local/lib/python3.6/site-packages/airflow/example_dags/tutorial.py for tasks to queue
[2024-08-10 06:09:43,104] {logging_mixin.py:104} INFO - [2024-08-10 06:09:43,104] {dagbag.py:451} INFO - Filling up the DagBag from /home/airflow/.local/lib/python3.6/site-packages/airflow/example_dags/tutorial.py
[2024-08-10 06:09:43,109] {scheduler_job.py:639} INFO - DAG(s) dict_keys(['tutorial']) retrieved from /home/airflow/.local/lib/python3.6/site-packages/airflow/example_dags/tutorial.py
[2024-08-10 06:09:43,164] {logging_mixin.py:104} INFO - [2024-08-10 06:09:43,164] {dag.py:1824} INFO - Sync 1 DAGs
[2024-08-10 06:09:43,181] {logging_mixin.py:104} INFO - [2024-08-10 06:09:43,181] {dag.py:2280} INFO - Setting next_dagrun for tutorial to 2024-08-08 00:00:00+00:00
[2024-08-10 06:09:43,191] {scheduler_job.py:190} INFO - Processing /home/airflow/.local/lib/python3.6/site-packages/airflow/example_dags/tutorial.py took 0.090 seconds
[2024-08-10 06:19:26,094] {scheduler_job.py:182} INFO - Started process (PID=61398) to work on /home/airflow/.local/lib/python3.6/site-packages/airflow/example_dags/tutorial.py
[2024-08-10 06:19:26,095] {scheduler_job.py:629} INFO - Processing file /home/airflow/.local/lib/python3.6/site-packages/airflow/example_dags/tutorial.py for tasks to queue
[2024-08-10 06:19:26,095] {logging_mixin.py:104} INFO - [2024-08-10 06:19:26,095] {dagbag.py:451} INFO - Filling up the DagBag from /home/airflow/.local/lib/python3.6/site-packages/airflow/example_dags/tutorial.py
[2024-08-10 06:19:26,101] {scheduler_job.py:639} INFO - DAG(s) dict_keys(['tutorial']) retrieved from /home/airflow/.local/lib/python3.6/site-packages/airflow/example_dags/tutorial.py
[2024-08-10 06:19:26,163] {logging_mixin.py:104} INFO - [2024-08-10 06:19:26,163] {dag.py:1824} INFO - Sync 1 DAGs
[2024-08-10 06:19:26,180] {logging_mixin.py:104} INFO - [2024-08-10 06:19:26,180] {dag.py:2280} INFO - Setting next_dagrun for tutorial to 2024-08-08 00:00:00+00:00
[2024-08-10 06:19:26,194] {scheduler_job.py:190} INFO - Processing /home/airflow/.local/lib/python3.6/site-packages/airflow/example_dags/tutorial.py took 0.101 seconds
[2024-08-10 06:53:14,726] {scheduler_job.py:182} INFO - Started process (PID=61427) to work on /home/airflow/.local/lib/python3.6/site-packages/airflow/example_dags/tutorial.py
[2024-08-10 06:53:14,727] {scheduler_job.py:629} INFO - Processing file /home/airflow/.local/lib/python3.6/site-packages/airflow/example_dags/tutorial.py for tasks to queue
[2024-08-10 06:53:14,727] {logging_mixin.py:104} INFO - [2024-08-10 06:53:14,727] {dagbag.py:451} INFO - Filling up the DagBag from /home/airflow/.local/lib/python3.6/site-packages/airflow/example_dags/tutorial.py
[2024-08-10 06:53:14,733] {scheduler_job.py:639} INFO - DAG(s) dict_keys(['tutorial']) retrieved from /home/airflow/.local/lib/python3.6/site-packages/airflow/example_dags/tutorial.py
[2024-08-10 06:53:14,791] {logging_mixin.py:104} INFO - [2024-08-10 06:53:14,791] {dag.py:1824} INFO - Sync 1 DAGs
[2024-08-10 06:53:14,807] {logging_mixin.py:104} INFO - [2024-08-10 06:53:14,807] {dag.py:2280} INFO - Setting next_dagrun for tutorial to 2024-08-08 00:00:00+00:00
[2024-08-10 06:53:14,818] {scheduler_job.py:190} INFO - Processing /home/airflow/.local/lib/python3.6/site-packages/airflow/example_dags/tutorial.py took 0.094 seconds
[2024-08-10 07:20:23,271] {scheduler_job.py:182} INFO - Started process (PID=61456) to work on /home/airflow/.local/lib/python3.6/site-packages/airflow/example_dags/tutorial.py
[2024-08-10 07:20:23,272] {scheduler_job.py:629} INFO - Processing file /home/airflow/.local/lib/python3.6/site-packages/airflow/example_dags/tutorial.py for tasks to queue
[2024-08-10 07:20:23,272] {logging_mixin.py:104} INFO - [2024-08-10 07:20:23,272] {dagbag.py:451} INFO - Filling up the DagBag from /home/airflow/.local/lib/python3.6/site-packages/airflow/example_dags/tutorial.py
[2024-08-10 07:20:23,278] {scheduler_job.py:639} INFO - DAG(s) dict_keys(['tutorial']) retrieved from /home/airflow/.local/lib/python3.6/site-packages/airflow/example_dags/tutorial.py
[2024-08-10 07:20:23,346] {logging_mixin.py:104} INFO - [2024-08-10 07:20:23,346] {dag.py:1824} INFO - Sync 1 DAGs
[2024-08-10 07:20:23,368] {logging_mixin.py:104} INFO - [2024-08-10 07:20:23,367] {dag.py:2280} INFO - Setting next_dagrun for tutorial to 2024-08-08 00:00:00+00:00
[2024-08-10 07:20:23,386] {scheduler_job.py:190} INFO - Processing /home/airflow/.local/lib/python3.6/site-packages/airflow/example_dags/tutorial.py took 0.117 seconds
[2024-08-10 07:36:31,519] {scheduler_job.py:182} INFO - Started process (PID=61485) to work on /home/airflow/.local/lib/python3.6/site-packages/airflow/example_dags/tutorial.py
[2024-08-10 07:36:31,520] {scheduler_job.py:629} INFO - Processing file /home/airflow/.local/lib/python3.6/site-packages/airflow/example_dags/tutorial.py for tasks to queue
[2024-08-10 07:36:31,521] {logging_mixin.py:104} INFO - [2024-08-10 07:36:31,521] {dagbag.py:451} INFO - Filling up the DagBag from /home/airflow/.local/lib/python3.6/site-packages/airflow/example_dags/tutorial.py
[2024-08-10 07:36:31,527] {scheduler_job.py:639} INFO - DAG(s) dict_keys(['tutorial']) retrieved from /home/airflow/.local/lib/python3.6/site-packages/airflow/example_dags/tutorial.py
[2024-08-10 07:36:31,588] {logging_mixin.py:104} INFO - [2024-08-10 07:36:31,588] {dag.py:1824} INFO - Sync 1 DAGs
[2024-08-10 07:36:31,604] {logging_mixin.py:104} INFO - [2024-08-10 07:36:31,604] {dag.py:2280} INFO - Setting next_dagrun for tutorial to 2024-08-08 00:00:00+00:00
[2024-08-10 07:36:31,615] {scheduler_job.py:190} INFO - Processing /home/airflow/.local/lib/python3.6/site-packages/airflow/example_dags/tutorial.py took 0.098 seconds
[2024-08-10 07:40:22,723] {scheduler_job.py:182} INFO - Started process (PID=61514) to work on /home/airflow/.local/lib/python3.6/site-packages/airflow/example_dags/tutorial.py
[2024-08-10 07:40:22,726] {scheduler_job.py:629} INFO - Processing file /home/airflow/.local/lib/python3.6/site-packages/airflow/example_dags/tutorial.py for tasks to queue
[2024-08-10 07:40:22,728] {logging_mixin.py:104} INFO - [2024-08-10 07:40:22,728] {dagbag.py:451} INFO - Filling up the DagBag from /home/airflow/.local/lib/python3.6/site-packages/airflow/example_dags/tutorial.py
[2024-08-10 07:40:22,738] {scheduler_job.py:639} INFO - DAG(s) dict_keys(['tutorial']) retrieved from /home/airflow/.local/lib/python3.6/site-packages/airflow/example_dags/tutorial.py
[2024-08-10 07:40:22,816] {logging_mixin.py:104} INFO - [2024-08-10 07:40:22,816] {dag.py:1824} INFO - Sync 1 DAGs
[2024-08-10 07:40:22,836] {logging_mixin.py:104} INFO - [2024-08-10 07:40:22,836] {dag.py:2280} INFO - Setting next_dagrun for tutorial to 2024-08-08 00:00:00+00:00
[2024-08-10 07:40:22,856] {scheduler_job.py:190} INFO - Processing /home/airflow/.local/lib/python3.6/site-packages/airflow/example_dags/tutorial.py took 0.137 seconds
[2024-08-10 08:13:23,156] {scheduler_job.py:182} INFO - Started process (PID=61543) to work on /home/airflow/.local/lib/python3.6/site-packages/airflow/example_dags/tutorial.py
[2024-08-10 08:13:23,158] {scheduler_job.py:629} INFO - Processing file /home/airflow/.local/lib/python3.6/site-packages/airflow/example_dags/tutorial.py for tasks to queue
[2024-08-10 08:13:23,159] {logging_mixin.py:104} INFO - [2024-08-10 08:13:23,159] {dagbag.py:451} INFO - Filling up the DagBag from /home/airflow/.local/lib/python3.6/site-packages/airflow/example_dags/tutorial.py
[2024-08-10 08:13:23,171] {scheduler_job.py:639} INFO - DAG(s) dict_keys(['tutorial']) retrieved from /home/airflow/.local/lib/python3.6/site-packages/airflow/example_dags/tutorial.py
[2024-08-10 08:13:23,246] {logging_mixin.py:104} INFO - [2024-08-10 08:13:23,246] {dag.py:1824} INFO - Sync 1 DAGs
[2024-08-10 08:13:23,267] {logging_mixin.py:104} INFO - [2024-08-10 08:13:23,267] {dag.py:2280} INFO - Setting next_dagrun for tutorial to 2024-08-08 00:00:00+00:00
[2024-08-10 08:13:23,279] {scheduler_job.py:190} INFO - Processing /home/airflow/.local/lib/python3.6/site-packages/airflow/example_dags/tutorial.py took 0.127 seconds
[2024-08-10 08:16:03,054] {scheduler_job.py:182} INFO - Started process (PID=61572) to work on /home/airflow/.local/lib/python3.6/site-packages/airflow/example_dags/tutorial.py
[2024-08-10 08:16:03,055] {scheduler_job.py:629} INFO - Processing file /home/airflow/.local/lib/python3.6/site-packages/airflow/example_dags/tutorial.py for tasks to queue
[2024-08-10 08:16:03,056] {logging_mixin.py:104} INFO - [2024-08-10 08:16:03,056] {dagbag.py:451} INFO - Filling up the DagBag from /home/airflow/.local/lib/python3.6/site-packages/airflow/example_dags/tutorial.py
[2024-08-10 08:16:03,062] {scheduler_job.py:639} INFO - DAG(s) dict_keys(['tutorial']) retrieved from /home/airflow/.local/lib/python3.6/site-packages/airflow/example_dags/tutorial.py
[2024-08-10 08:16:03,129] {logging_mixin.py:104} INFO - [2024-08-10 08:16:03,129] {dag.py:1824} INFO - Sync 1 DAGs
[2024-08-10 08:16:03,146] {logging_mixin.py:104} INFO - [2024-08-10 08:16:03,146] {dag.py:2280} INFO - Setting next_dagrun for tutorial to 2024-08-08 00:00:00+00:00
[2024-08-10 08:16:03,162] {scheduler_job.py:190} INFO - Processing /home/airflow/.local/lib/python3.6/site-packages/airflow/example_dags/tutorial.py took 0.109 seconds
[2024-08-10 08:16:33,531] {scheduler_job.py:182} INFO - Started process (PID=61601) to work on /home/airflow/.local/lib/python3.6/site-packages/airflow/example_dags/tutorial.py
[2024-08-10 08:16:33,532] {scheduler_job.py:629} INFO - Processing file /home/airflow/.local/lib/python3.6/site-packages/airflow/example_dags/tutorial.py for tasks to queue
[2024-08-10 08:16:33,532] {logging_mixin.py:104} INFO - [2024-08-10 08:16:33,532] {dagbag.py:451} INFO - Filling up the DagBag from /home/airflow/.local/lib/python3.6/site-packages/airflow/example_dags/tutorial.py
[2024-08-10 08:16:33,538] {scheduler_job.py:639} INFO - DAG(s) dict_keys(['tutorial']) retrieved from /home/airflow/.local/lib/python3.6/site-packages/airflow/example_dags/tutorial.py
[2024-08-10 08:16:33,598] {logging_mixin.py:104} INFO - [2024-08-10 08:16:33,598] {dag.py:1824} INFO - Sync 1 DAGs
[2024-08-10 08:16:33,614] {logging_mixin.py:104} INFO - [2024-08-10 08:16:33,614] {dag.py:2280} INFO - Setting next_dagrun for tutorial to 2024-08-08 00:00:00+00:00
[2024-08-10 08:16:33,626] {scheduler_job.py:190} INFO - Processing /home/airflow/.local/lib/python3.6/site-packages/airflow/example_dags/tutorial.py took 0.097 seconds
[2024-08-10 08:17:04,365] {scheduler_job.py:182} INFO - Started process (PID=61630) to work on /home/airflow/.local/lib/python3.6/site-packages/airflow/example_dags/tutorial.py
[2024-08-10 08:17:04,366] {scheduler_job.py:629} INFO - Processing file /home/airflow/.local/lib/python3.6/site-packages/airflow/example_dags/tutorial.py for tasks to queue
[2024-08-10 08:17:04,366] {logging_mixin.py:104} INFO - [2024-08-10 08:17:04,366] {dagbag.py:451} INFO - Filling up the DagBag from /home/airflow/.local/lib/python3.6/site-packages/airflow/example_dags/tutorial.py
[2024-08-10 08:17:04,374] {scheduler_job.py:639} INFO - DAG(s) dict_keys(['tutorial']) retrieved from /home/airflow/.local/lib/python3.6/site-packages/airflow/example_dags/tutorial.py
[2024-08-10 08:17:04,428] {logging_mixin.py:104} INFO - [2024-08-10 08:17:04,428] {dag.py:1824} INFO - Sync 1 DAGs
[2024-08-10 08:17:04,446] {logging_mixin.py:104} INFO - [2024-08-10 08:17:04,446] {dag.py:2280} INFO - Setting next_dagrun for tutorial to 2024-08-08 00:00:00+00:00
[2024-08-10 08:17:04,457] {scheduler_job.py:190} INFO - Processing /home/airflow/.local/lib/python3.6/site-packages/airflow/example_dags/tutorial.py took 0.093 seconds
[2024-08-10 08:17:35,203] {scheduler_job.py:182} INFO - Started process (PID=61659) to work on /home/airflow/.local/lib/python3.6/site-packages/airflow/example_dags/tutorial.py
[2024-08-10 08:17:35,205] {scheduler_job.py:629} INFO - Processing file /home/airflow/.local/lib/python3.6/site-packages/airflow/example_dags/tutorial.py for tasks to queue
[2024-08-10 08:17:35,205] {logging_mixin.py:104} INFO - [2024-08-10 08:17:35,205] {dagbag.py:451} INFO - Filling up the DagBag from /home/airflow/.local/lib/python3.6/site-packages/airflow/example_dags/tutorial.py
[2024-08-10 08:17:35,212] {scheduler_job.py:639} INFO - DAG(s) dict_keys(['tutorial']) retrieved from /home/airflow/.local/lib/python3.6/site-packages/airflow/example_dags/tutorial.py
[2024-08-10 08:17:35,273] {logging_mixin.py:104} INFO - [2024-08-10 08:17:35,273] {dag.py:1824} INFO - Sync 1 DAGs
[2024-08-10 08:17:35,289] {logging_mixin.py:104} INFO - [2024-08-10 08:17:35,289] {dag.py:2280} INFO - Setting next_dagrun for tutorial to 2024-08-08 00:00:00+00:00
[2024-08-10 08:17:35,302] {scheduler_job.py:190} INFO - Processing /home/airflow/.local/lib/python3.6/site-packages/airflow/example_dags/tutorial.py took 0.101 seconds
[2024-08-10 08:18:05,995] {scheduler_job.py:182} INFO - Started process (PID=61688) to work on /home/airflow/.local/lib/python3.6/site-packages/airflow/example_dags/tutorial.py
[2024-08-10 08:18:05,995] {scheduler_job.py:629} INFO - Processing file /home/airflow/.local/lib/python3.6/site-packages/airflow/example_dags/tutorial.py for tasks to queue
[2024-08-10 08:18:05,996] {logging_mixin.py:104} INFO - [2024-08-10 08:18:05,996] {dagbag.py:451} INFO - Filling up the DagBag from /home/airflow/.local/lib/python3.6/site-packages/airflow/example_dags/tutorial.py
[2024-08-10 08:18:06,002] {scheduler_job.py:639} INFO - DAG(s) dict_keys(['tutorial']) retrieved from /home/airflow/.local/lib/python3.6/site-packages/airflow/example_dags/tutorial.py
[2024-08-10 08:18:06,064] {logging_mixin.py:104} INFO - [2024-08-10 08:18:06,064] {dag.py:1824} INFO - Sync 1 DAGs
[2024-08-10 08:18:06,081] {logging_mixin.py:104} INFO - [2024-08-10 08:18:06,081] {dag.py:2280} INFO - Setting next_dagrun for tutorial to 2024-08-08 00:00:00+00:00
[2024-08-10 08:18:06,092] {scheduler_job.py:190} INFO - Processing /home/airflow/.local/lib/python3.6/site-packages/airflow/example_dags/tutorial.py took 0.099 seconds
[2024-08-10 08:18:36,775] {scheduler_job.py:182} INFO - Started process (PID=61717) to work on /home/airflow/.local/lib/python3.6/site-packages/airflow/example_dags/tutorial.py
[2024-08-10 08:18:36,776] {scheduler_job.py:629} INFO - Processing file /home/airflow/.local/lib/python3.6/site-packages/airflow/example_dags/tutorial.py for tasks to queue
[2024-08-10 08:18:36,776] {logging_mixin.py:104} INFO - [2024-08-10 08:18:36,776] {dagbag.py:451} INFO - Filling up the DagBag from /home/airflow/.local/lib/python3.6/site-packages/airflow/example_dags/tutorial.py
[2024-08-10 08:18:36,782] {scheduler_job.py:639} INFO - DAG(s) dict_keys(['tutorial']) retrieved from /home/airflow/.local/lib/python3.6/site-packages/airflow/example_dags/tutorial.py
[2024-08-10 08:18:36,837] {logging_mixin.py:104} INFO - [2024-08-10 08:18:36,837] {dag.py:1824} INFO - Sync 1 DAGs
[2024-08-10 08:18:36,855] {logging_mixin.py:104} INFO - [2024-08-10 08:18:36,855] {dag.py:2280} INFO - Setting next_dagrun for tutorial to 2024-08-08 00:00:00+00:00
[2024-08-10 08:18:36,866] {scheduler_job.py:190} INFO - Processing /home/airflow/.local/lib/python3.6/site-packages/airflow/example_dags/tutorial.py took 0.093 seconds
[2024-08-10 08:19:07,589] {scheduler_job.py:182} INFO - Started process (PID=61746) to work on /home/airflow/.local/lib/python3.6/site-packages/airflow/example_dags/tutorial.py
[2024-08-10 08:19:07,590] {scheduler_job.py:629} INFO - Processing file /home/airflow/.local/lib/python3.6/site-packages/airflow/example_dags/tutorial.py for tasks to queue
[2024-08-10 08:19:07,590] {logging_mixin.py:104} INFO - [2024-08-10 08:19:07,590] {dagbag.py:451} INFO - Filling up the DagBag from /home/airflow/.local/lib/python3.6/site-packages/airflow/example_dags/tutorial.py
[2024-08-10 08:19:07,596] {scheduler_job.py:639} INFO - DAG(s) dict_keys(['tutorial']) retrieved from /home/airflow/.local/lib/python3.6/site-packages/airflow/example_dags/tutorial.py
[2024-08-10 08:19:07,657] {logging_mixin.py:104} INFO - [2024-08-10 08:19:07,656] {dag.py:1824} INFO - Sync 1 DAGs
[2024-08-10 08:19:07,674] {logging_mixin.py:104} INFO - [2024-08-10 08:19:07,674] {dag.py:2280} INFO - Setting next_dagrun for tutorial to 2024-08-08 00:00:00+00:00
[2024-08-10 08:19:07,689] {scheduler_job.py:190} INFO - Processing /home/airflow/.local/lib/python3.6/site-packages/airflow/example_dags/tutorial.py took 0.101 seconds
[2024-08-10 08:19:38,310] {scheduler_job.py:182} INFO - Started process (PID=61775) to work on /home/airflow/.local/lib/python3.6/site-packages/airflow/example_dags/tutorial.py
[2024-08-10 08:19:38,310] {scheduler_job.py:629} INFO - Processing file /home/airflow/.local/lib/python3.6/site-packages/airflow/example_dags/tutorial.py for tasks to queue
[2024-08-10 08:19:38,311] {logging_mixin.py:104} INFO - [2024-08-10 08:19:38,311] {dagbag.py:451} INFO - Filling up the DagBag from /home/airflow/.local/lib/python3.6/site-packages/airflow/example_dags/tutorial.py
[2024-08-10 08:19:38,316] {scheduler_job.py:639} INFO - DAG(s) dict_keys(['tutorial']) retrieved from /home/airflow/.local/lib/python3.6/site-packages/airflow/example_dags/tutorial.py
[2024-08-10 08:19:38,376] {logging_mixin.py:104} INFO - [2024-08-10 08:19:38,376] {dag.py:1824} INFO - Sync 1 DAGs
[2024-08-10 08:19:38,393] {logging_mixin.py:104} INFO - [2024-08-10 08:19:38,393] {dag.py:2280} INFO - Setting next_dagrun for tutorial to 2024-08-08 00:00:00+00:00
[2024-08-10 08:19:38,405] {scheduler_job.py:190} INFO - Processing /home/airflow/.local/lib/python3.6/site-packages/airflow/example_dags/tutorial.py took 0.096 seconds
[2024-08-10 08:20:09,013] {scheduler_job.py:182} INFO - Started process (PID=61804) to work on /home/airflow/.local/lib/python3.6/site-packages/airflow/example_dags/tutorial.py
[2024-08-10 08:20:09,013] {scheduler_job.py:629} INFO - Processing file /home/airflow/.local/lib/python3.6/site-packages/airflow/example_dags/tutorial.py for tasks to queue
[2024-08-10 08:20:09,014] {logging_mixin.py:104} INFO - [2024-08-10 08:20:09,014] {dagbag.py:451} INFO - Filling up the DagBag from /home/airflow/.local/lib/python3.6/site-packages/airflow/example_dags/tutorial.py
[2024-08-10 08:20:09,019] {scheduler_job.py:639} INFO - DAG(s) dict_keys(['tutorial']) retrieved from /home/airflow/.local/lib/python3.6/site-packages/airflow/example_dags/tutorial.py
[2024-08-10 08:20:09,073] {logging_mixin.py:104} INFO - [2024-08-10 08:20:09,073] {dag.py:1824} INFO - Sync 1 DAGs
[2024-08-10 08:20:09,090] {logging_mixin.py:104} INFO - [2024-08-10 08:20:09,090] {dag.py:2280} INFO - Setting next_dagrun for tutorial to 2024-08-08 00:00:00+00:00
[2024-08-10 08:20:09,101] {scheduler_job.py:190} INFO - Processing /home/airflow/.local/lib/python3.6/site-packages/airflow/example_dags/tutorial.py took 0.090 seconds
[2024-08-10 08:20:39,853] {scheduler_job.py:182} INFO - Started process (PID=61833) to work on /home/airflow/.local/lib/python3.6/site-packages/airflow/example_dags/tutorial.py
[2024-08-10 08:20:39,854] {scheduler_job.py:629} INFO - Processing file /home/airflow/.local/lib/python3.6/site-packages/airflow/example_dags/tutorial.py for tasks to queue
[2024-08-10 08:20:39,854] {logging_mixin.py:104} INFO - [2024-08-10 08:20:39,854] {dagbag.py:451} INFO - Filling up the DagBag from /home/airflow/.local/lib/python3.6/site-packages/airflow/example_dags/tutorial.py
[2024-08-10 08:20:39,860] {scheduler_job.py:639} INFO - DAG(s) dict_keys(['tutorial']) retrieved from /home/airflow/.local/lib/python3.6/site-packages/airflow/example_dags/tutorial.py
[2024-08-10 08:20:39,921] {logging_mixin.py:104} INFO - [2024-08-10 08:20:39,921] {dag.py:1824} INFO - Sync 1 DAGs
[2024-08-10 08:20:39,939] {logging_mixin.py:104} INFO - [2024-08-10 08:20:39,939] {dag.py:2280} INFO - Setting next_dagrun for tutorial to 2024-08-08 00:00:00+00:00
[2024-08-10 08:20:39,954] {scheduler_job.py:190} INFO - Processing /home/airflow/.local/lib/python3.6/site-packages/airflow/example_dags/tutorial.py took 0.102 seconds
[2024-08-10 08:21:10,568] {scheduler_job.py:182} INFO - Started process (PID=61862) to work on /home/airflow/.local/lib/python3.6/site-packages/airflow/example_dags/tutorial.py
[2024-08-10 08:21:10,569] {scheduler_job.py:629} INFO - Processing file /home/airflow/.local/lib/python3.6/site-packages/airflow/example_dags/tutorial.py for tasks to queue
[2024-08-10 08:21:10,570] {logging_mixin.py:104} INFO - [2024-08-10 08:21:10,570] {dagbag.py:451} INFO - Filling up the DagBag from /home/airflow/.local/lib/python3.6/site-packages/airflow/example_dags/tutorial.py
[2024-08-10 08:21:10,575] {scheduler_job.py:639} INFO - DAG(s) dict_keys(['tutorial']) retrieved from /home/airflow/.local/lib/python3.6/site-packages/airflow/example_dags/tutorial.py
[2024-08-10 08:21:10,636] {logging_mixin.py:104} INFO - [2024-08-10 08:21:10,635] {dag.py:1824} INFO - Sync 1 DAGs
[2024-08-10 08:21:10,653] {logging_mixin.py:104} INFO - [2024-08-10 08:21:10,653] {dag.py:2280} INFO - Setting next_dagrun for tutorial to 2024-08-08 00:00:00+00:00
[2024-08-10 08:21:10,664] {scheduler_job.py:190} INFO - Processing /home/airflow/.local/lib/python3.6/site-packages/airflow/example_dags/tutorial.py took 0.097 seconds
[2024-08-10 08:21:41,312] {scheduler_job.py:182} INFO - Started process (PID=61891) to work on /home/airflow/.local/lib/python3.6/site-packages/airflow/example_dags/tutorial.py
[2024-08-10 08:21:41,313] {scheduler_job.py:629} INFO - Processing file /home/airflow/.local/lib/python3.6/site-packages/airflow/example_dags/tutorial.py for tasks to queue
[2024-08-10 08:21:41,313] {logging_mixin.py:104} INFO - [2024-08-10 08:21:41,313] {dagbag.py:451} INFO - Filling up the DagBag from /home/airflow/.local/lib/python3.6/site-packages/airflow/example_dags/tutorial.py
[2024-08-10 08:21:41,318] {scheduler_job.py:639} INFO - DAG(s) dict_keys(['tutorial']) retrieved from /home/airflow/.local/lib/python3.6/site-packages/airflow/example_dags/tutorial.py
[2024-08-10 08:21:41,372] {logging_mixin.py:104} INFO - [2024-08-10 08:21:41,372] {dag.py:1824} INFO - Sync 1 DAGs
[2024-08-10 08:21:41,389] {logging_mixin.py:104} INFO - [2024-08-10 08:21:41,389] {dag.py:2280} INFO - Setting next_dagrun for tutorial to 2024-08-08 00:00:00+00:00
[2024-08-10 08:21:41,399] {scheduler_job.py:190} INFO - Processing /home/airflow/.local/lib/python3.6/site-packages/airflow/example_dags/tutorial.py took 0.089 seconds
[2024-08-10 08:22:12,106] {scheduler_job.py:182} INFO - Started process (PID=61920) to work on /home/airflow/.local/lib/python3.6/site-packages/airflow/example_dags/tutorial.py
[2024-08-10 08:22:12,106] {scheduler_job.py:629} INFO - Processing file /home/airflow/.local/lib/python3.6/site-packages/airflow/example_dags/tutorial.py for tasks to queue
[2024-08-10 08:22:12,107] {logging_mixin.py:104} INFO - [2024-08-10 08:22:12,107] {dagbag.py:451} INFO - Filling up the DagBag from /home/airflow/.local/lib/python3.6/site-packages/airflow/example_dags/tutorial.py
[2024-08-10 08:22:12,112] {scheduler_job.py:639} INFO - DAG(s) dict_keys(['tutorial']) retrieved from /home/airflow/.local/lib/python3.6/site-packages/airflow/example_dags/tutorial.py
[2024-08-10 08:22:12,174] {logging_mixin.py:104} INFO - [2024-08-10 08:22:12,174] {dag.py:1824} INFO - Sync 1 DAGs
[2024-08-10 08:22:12,191] {logging_mixin.py:104} INFO - [2024-08-10 08:22:12,190] {dag.py:2280} INFO - Setting next_dagrun for tutorial to 2024-08-08 00:00:00+00:00
[2024-08-10 08:22:12,207] {scheduler_job.py:190} INFO - Processing /home/airflow/.local/lib/python3.6/site-packages/airflow/example_dags/tutorial.py took 0.103 seconds
[2024-08-10 08:22:42,891] {scheduler_job.py:182} INFO - Started process (PID=61949) to work on /home/airflow/.local/lib/python3.6/site-packages/airflow/example_dags/tutorial.py
[2024-08-10 08:22:42,891] {scheduler_job.py:629} INFO - Processing file /home/airflow/.local/lib/python3.6/site-packages/airflow/example_dags/tutorial.py for tasks to queue
[2024-08-10 08:22:42,892] {logging_mixin.py:104} INFO - [2024-08-10 08:22:42,892] {dagbag.py:451} INFO - Filling up the DagBag from /home/airflow/.local/lib/python3.6/site-packages/airflow/example_dags/tutorial.py
[2024-08-10 08:22:42,897] {scheduler_job.py:639} INFO - DAG(s) dict_keys(['tutorial']) retrieved from /home/airflow/.local/lib/python3.6/site-packages/airflow/example_dags/tutorial.py
[2024-08-10 08:22:42,958] {logging_mixin.py:104} INFO - [2024-08-10 08:22:42,958] {dag.py:1824} INFO - Sync 1 DAGs
[2024-08-10 08:22:42,977] {logging_mixin.py:104} INFO - [2024-08-10 08:22:42,976] {dag.py:2280} INFO - Setting next_dagrun for tutorial to 2024-08-08 00:00:00+00:00
[2024-08-10 08:22:42,988] {scheduler_job.py:190} INFO - Processing /home/airflow/.local/lib/python3.6/site-packages/airflow/example_dags/tutorial.py took 0.099 seconds
[2024-08-10 19:59:43,289] {scheduler_job.py:182} INFO - Started process (PID=34) to work on /home/airflow/.local/lib/python3.6/site-packages/airflow/example_dags/tutorial.py
[2024-08-10 19:59:43,291] {scheduler_job.py:629} INFO - Processing file /home/airflow/.local/lib/python3.6/site-packages/airflow/example_dags/tutorial.py for tasks to queue
[2024-08-10 19:59:43,292] {logging_mixin.py:104} INFO - [2024-08-10 19:59:43,292] {dagbag.py:451} INFO - Filling up the DagBag from /home/airflow/.local/lib/python3.6/site-packages/airflow/example_dags/tutorial.py
[2024-08-10 19:59:43,303] {scheduler_job.py:639} INFO - DAG(s) dict_keys(['tutorial']) retrieved from /home/airflow/.local/lib/python3.6/site-packages/airflow/example_dags/tutorial.py
[2024-08-10 19:59:43,378] {logging_mixin.py:104} INFO - [2024-08-10 19:59:43,378] {dag.py:1824} INFO - Sync 1 DAGs
[2024-08-10 19:59:43,406] {logging_mixin.py:104} INFO - [2024-08-10 19:59:43,406] {dag.py:2280} INFO - Setting next_dagrun for tutorial to 2024-08-08 00:00:00+00:00
[2024-08-10 19:59:43,424] {scheduler_job.py:190} INFO - Processing /home/airflow/.local/lib/python3.6/site-packages/airflow/example_dags/tutorial.py took 0.136 seconds
[2024-08-10 20:00:14,409] {scheduler_job.py:182} INFO - Started process (PID=63) to work on /home/airflow/.local/lib/python3.6/site-packages/airflow/example_dags/tutorial.py
[2024-08-10 20:00:14,410] {scheduler_job.py:629} INFO - Processing file /home/airflow/.local/lib/python3.6/site-packages/airflow/example_dags/tutorial.py for tasks to queue
[2024-08-10 20:00:14,411] {logging_mixin.py:104} INFO - [2024-08-10 20:00:14,411] {dagbag.py:451} INFO - Filling up the DagBag from /home/airflow/.local/lib/python3.6/site-packages/airflow/example_dags/tutorial.py
[2024-08-10 20:00:14,421] {scheduler_job.py:639} INFO - DAG(s) dict_keys(['tutorial']) retrieved from /home/airflow/.local/lib/python3.6/site-packages/airflow/example_dags/tutorial.py
[2024-08-10 20:00:14,493] {logging_mixin.py:104} INFO - [2024-08-10 20:00:14,493] {dag.py:1824} INFO - Sync 1 DAGs
[2024-08-10 20:00:14,510] {logging_mixin.py:104} INFO - [2024-08-10 20:00:14,510] {dag.py:2280} INFO - Setting next_dagrun for tutorial to 2024-08-08 00:00:00+00:00
[2024-08-10 20:00:14,522] {scheduler_job.py:190} INFO - Processing /home/airflow/.local/lib/python3.6/site-packages/airflow/example_dags/tutorial.py took 0.116 seconds
[2024-08-10 21:00:36,328] {scheduler_job.py:182} INFO - Started process (PID=92) to work on /home/airflow/.local/lib/python3.6/site-packages/airflow/example_dags/tutorial.py
[2024-08-10 21:00:36,329] {scheduler_job.py:629} INFO - Processing file /home/airflow/.local/lib/python3.6/site-packages/airflow/example_dags/tutorial.py for tasks to queue
[2024-08-10 21:00:36,330] {logging_mixin.py:104} INFO - [2024-08-10 21:00:36,330] {dagbag.py:451} INFO - Filling up the DagBag from /home/airflow/.local/lib/python3.6/site-packages/airflow/example_dags/tutorial.py
[2024-08-10 21:00:36,338] {scheduler_job.py:639} INFO - DAG(s) dict_keys(['tutorial']) retrieved from /home/airflow/.local/lib/python3.6/site-packages/airflow/example_dags/tutorial.py
[2024-08-10 21:00:36,413] {logging_mixin.py:104} INFO - [2024-08-10 21:00:36,413] {dag.py:1824} INFO - Sync 1 DAGs
[2024-08-10 21:00:36,441] {logging_mixin.py:104} INFO - [2024-08-10 21:00:36,441] {dag.py:2280} INFO - Setting next_dagrun for tutorial to 2024-08-08 00:00:00+00:00
[2024-08-10 21:00:36,470] {scheduler_job.py:190} INFO - Processing /home/airflow/.local/lib/python3.6/site-packages/airflow/example_dags/tutorial.py took 0.146 seconds
[2024-08-10 21:01:07,422] {scheduler_job.py:182} INFO - Started process (PID=121) to work on /home/airflow/.local/lib/python3.6/site-packages/airflow/example_dags/tutorial.py
[2024-08-10 21:01:07,423] {scheduler_job.py:629} INFO - Processing file /home/airflow/.local/lib/python3.6/site-packages/airflow/example_dags/tutorial.py for tasks to queue
[2024-08-10 21:01:07,424] {logging_mixin.py:104} INFO - [2024-08-10 21:01:07,424] {dagbag.py:451} INFO - Filling up the DagBag from /home/airflow/.local/lib/python3.6/site-packages/airflow/example_dags/tutorial.py
[2024-08-10 21:01:07,432] {scheduler_job.py:639} INFO - DAG(s) dict_keys(['tutorial']) retrieved from /home/airflow/.local/lib/python3.6/site-packages/airflow/example_dags/tutorial.py
[2024-08-10 21:01:07,500] {logging_mixin.py:104} INFO - [2024-08-10 21:01:07,500] {dag.py:1824} INFO - Sync 1 DAGs
[2024-08-10 21:01:07,518] {logging_mixin.py:104} INFO - [2024-08-10 21:01:07,518] {dag.py:2280} INFO - Setting next_dagrun for tutorial to 2024-08-08 00:00:00+00:00
[2024-08-10 21:01:07,530] {scheduler_job.py:190} INFO - Processing /home/airflow/.local/lib/python3.6/site-packages/airflow/example_dags/tutorial.py took 0.111 seconds
[2024-08-10 21:16:44,665] {scheduler_job.py:182} INFO - Started process (PID=150) to work on /home/airflow/.local/lib/python3.6/site-packages/airflow/example_dags/tutorial.py
[2024-08-10 21:16:44,666] {scheduler_job.py:629} INFO - Processing file /home/airflow/.local/lib/python3.6/site-packages/airflow/example_dags/tutorial.py for tasks to queue
[2024-08-10 21:16:44,667] {logging_mixin.py:104} INFO - [2024-08-10 21:16:44,667] {dagbag.py:451} INFO - Filling up the DagBag from /home/airflow/.local/lib/python3.6/site-packages/airflow/example_dags/tutorial.py
[2024-08-10 21:16:44,676] {scheduler_job.py:639} INFO - DAG(s) dict_keys(['tutorial']) retrieved from /home/airflow/.local/lib/python3.6/site-packages/airflow/example_dags/tutorial.py
[2024-08-10 21:16:44,756] {logging_mixin.py:104} INFO - [2024-08-10 21:16:44,756] {dag.py:1824} INFO - Sync 1 DAGs
[2024-08-10 21:16:44,778] {logging_mixin.py:104} INFO - [2024-08-10 21:16:44,778] {dag.py:2280} INFO - Setting next_dagrun for tutorial to 2024-08-08 00:00:00+00:00
[2024-08-10 21:16:44,798] {scheduler_job.py:190} INFO - Processing /home/airflow/.local/lib/python3.6/site-packages/airflow/example_dags/tutorial.py took 0.135 seconds
[2024-08-10 21:21:47,361] {scheduler_job.py:182} INFO - Started process (PID=179) to work on /home/airflow/.local/lib/python3.6/site-packages/airflow/example_dags/tutorial.py
[2024-08-10 21:21:47,363] {scheduler_job.py:629} INFO - Processing file /home/airflow/.local/lib/python3.6/site-packages/airflow/example_dags/tutorial.py for tasks to queue
[2024-08-10 21:21:47,363] {logging_mixin.py:104} INFO - [2024-08-10 21:21:47,363] {dagbag.py:451} INFO - Filling up the DagBag from /home/airflow/.local/lib/python3.6/site-packages/airflow/example_dags/tutorial.py
[2024-08-10 21:21:47,370] {scheduler_job.py:639} INFO - DAG(s) dict_keys(['tutorial']) retrieved from /home/airflow/.local/lib/python3.6/site-packages/airflow/example_dags/tutorial.py
[2024-08-10 21:21:47,431] {logging_mixin.py:104} INFO - [2024-08-10 21:21:47,431] {dag.py:1824} INFO - Sync 1 DAGs
[2024-08-10 21:21:47,450] {logging_mixin.py:104} INFO - [2024-08-10 21:21:47,450] {dag.py:2280} INFO - Setting next_dagrun for tutorial to 2024-08-08 00:00:00+00:00
[2024-08-10 21:21:47,461] {scheduler_job.py:190} INFO - Processing /home/airflow/.local/lib/python3.6/site-packages/airflow/example_dags/tutorial.py took 0.102 seconds
[2024-08-10 21:22:18,427] {scheduler_job.py:182} INFO - Started process (PID=208) to work on /home/airflow/.local/lib/python3.6/site-packages/airflow/example_dags/tutorial.py
[2024-08-10 21:22:18,429] {scheduler_job.py:629} INFO - Processing file /home/airflow/.local/lib/python3.6/site-packages/airflow/example_dags/tutorial.py for tasks to queue
[2024-08-10 21:22:18,429] {logging_mixin.py:104} INFO - [2024-08-10 21:22:18,429] {dagbag.py:451} INFO - Filling up the DagBag from /home/airflow/.local/lib/python3.6/site-packages/airflow/example_dags/tutorial.py
[2024-08-10 21:22:18,437] {scheduler_job.py:639} INFO - DAG(s) dict_keys(['tutorial']) retrieved from /home/airflow/.local/lib/python3.6/site-packages/airflow/example_dags/tutorial.py
[2024-08-10 21:22:18,508] {logging_mixin.py:104} INFO - [2024-08-10 21:22:18,507] {dag.py:1824} INFO - Sync 1 DAGs
[2024-08-10 21:22:18,525] {logging_mixin.py:104} INFO - [2024-08-10 21:22:18,525] {dag.py:2280} INFO - Setting next_dagrun for tutorial to 2024-08-08 00:00:00+00:00
[2024-08-10 21:22:18,540] {scheduler_job.py:190} INFO - Processing /home/airflow/.local/lib/python3.6/site-packages/airflow/example_dags/tutorial.py took 0.116 seconds
[2024-08-10 21:45:45,003] {scheduler_job.py:182} INFO - Started process (PID=237) to work on /home/airflow/.local/lib/python3.6/site-packages/airflow/example_dags/tutorial.py
[2024-08-10 21:45:45,004] {scheduler_job.py:629} INFO - Processing file /home/airflow/.local/lib/python3.6/site-packages/airflow/example_dags/tutorial.py for tasks to queue
[2024-08-10 21:45:45,004] {logging_mixin.py:104} INFO - [2024-08-10 21:45:45,004] {dagbag.py:451} INFO - Filling up the DagBag from /home/airflow/.local/lib/python3.6/site-packages/airflow/example_dags/tutorial.py
[2024-08-10 21:45:45,009] {scheduler_job.py:639} INFO - DAG(s) dict_keys(['tutorial']) retrieved from /home/airflow/.local/lib/python3.6/site-packages/airflow/example_dags/tutorial.py
[2024-08-10 21:45:45,067] {logging_mixin.py:104} INFO - [2024-08-10 21:45:45,067] {dag.py:1824} INFO - Sync 1 DAGs
[2024-08-10 21:45:45,083] {logging_mixin.py:104} INFO - [2024-08-10 21:45:45,083] {dag.py:2280} INFO - Setting next_dagrun for tutorial to 2024-08-08 00:00:00+00:00
[2024-08-10 21:45:45,094] {scheduler_job.py:190} INFO - Processing /home/airflow/.local/lib/python3.6/site-packages/airflow/example_dags/tutorial.py took 0.092 seconds
[2024-08-10 21:46:16,102] {scheduler_job.py:182} INFO - Started process (PID=266) to work on /home/airflow/.local/lib/python3.6/site-packages/airflow/example_dags/tutorial.py
[2024-08-10 21:46:16,103] {scheduler_job.py:629} INFO - Processing file /home/airflow/.local/lib/python3.6/site-packages/airflow/example_dags/tutorial.py for tasks to queue
[2024-08-10 21:46:16,104] {logging_mixin.py:104} INFO - [2024-08-10 21:46:16,104] {dagbag.py:451} INFO - Filling up the DagBag from /home/airflow/.local/lib/python3.6/site-packages/airflow/example_dags/tutorial.py
[2024-08-10 21:46:16,111] {scheduler_job.py:639} INFO - DAG(s) dict_keys(['tutorial']) retrieved from /home/airflow/.local/lib/python3.6/site-packages/airflow/example_dags/tutorial.py
[2024-08-10 21:46:16,179] {logging_mixin.py:104} INFO - [2024-08-10 21:46:16,178] {dag.py:1824} INFO - Sync 1 DAGs
[2024-08-10 21:46:16,195] {logging_mixin.py:104} INFO - [2024-08-10 21:46:16,195] {dag.py:2280} INFO - Setting next_dagrun for tutorial to 2024-08-08 00:00:00+00:00
[2024-08-10 21:46:16,209] {scheduler_job.py:190} INFO - Processing /home/airflow/.local/lib/python3.6/site-packages/airflow/example_dags/tutorial.py took 0.109 seconds
[2024-08-10 22:01:46,358] {scheduler_job.py:182} INFO - Started process (PID=295) to work on /home/airflow/.local/lib/python3.6/site-packages/airflow/example_dags/tutorial.py
[2024-08-10 22:01:46,359] {scheduler_job.py:629} INFO - Processing file /home/airflow/.local/lib/python3.6/site-packages/airflow/example_dags/tutorial.py for tasks to queue
[2024-08-10 22:01:46,360] {logging_mixin.py:104} INFO - [2024-08-10 22:01:46,360] {dagbag.py:451} INFO - Filling up the DagBag from /home/airflow/.local/lib/python3.6/site-packages/airflow/example_dags/tutorial.py
[2024-08-10 22:01:46,366] {scheduler_job.py:639} INFO - DAG(s) dict_keys(['tutorial']) retrieved from /home/airflow/.local/lib/python3.6/site-packages/airflow/example_dags/tutorial.py
[2024-08-10 22:01:46,432] {logging_mixin.py:104} INFO - [2024-08-10 22:01:46,432] {dag.py:1824} INFO - Sync 1 DAGs
[2024-08-10 22:01:46,450] {logging_mixin.py:104} INFO - [2024-08-10 22:01:46,450] {dag.py:2280} INFO - Setting next_dagrun for tutorial to 2024-08-08 00:00:00+00:00
[2024-08-10 22:01:46,461] {scheduler_job.py:190} INFO - Processing /home/airflow/.local/lib/python3.6/site-packages/airflow/example_dags/tutorial.py took 0.105 seconds
[2024-08-10 22:08:19,181] {scheduler_job.py:182} INFO - Started process (PID=324) to work on /home/airflow/.local/lib/python3.6/site-packages/airflow/example_dags/tutorial.py
[2024-08-10 22:08:19,182] {scheduler_job.py:629} INFO - Processing file /home/airflow/.local/lib/python3.6/site-packages/airflow/example_dags/tutorial.py for tasks to queue
[2024-08-10 22:08:19,183] {logging_mixin.py:104} INFO - [2024-08-10 22:08:19,183] {dagbag.py:451} INFO - Filling up the DagBag from /home/airflow/.local/lib/python3.6/site-packages/airflow/example_dags/tutorial.py
[2024-08-10 22:08:19,193] {scheduler_job.py:639} INFO - DAG(s) dict_keys(['tutorial']) retrieved from /home/airflow/.local/lib/python3.6/site-packages/airflow/example_dags/tutorial.py
[2024-08-10 22:08:19,271] {logging_mixin.py:104} INFO - [2024-08-10 22:08:19,271] {dag.py:1824} INFO - Sync 1 DAGs
[2024-08-10 22:08:19,294] {logging_mixin.py:104} INFO - [2024-08-10 22:08:19,294] {dag.py:2280} INFO - Setting next_dagrun for tutorial to 2024-08-08 00:00:00+00:00
[2024-08-10 22:08:19,318] {scheduler_job.py:190} INFO - Processing /home/airflow/.local/lib/python3.6/site-packages/airflow/example_dags/tutorial.py took 0.143 seconds
[2024-08-10 22:08:49,357] {scheduler_job.py:182} INFO - Started process (PID=353) to work on /home/airflow/.local/lib/python3.6/site-packages/airflow/example_dags/tutorial.py
[2024-08-10 22:08:49,358] {scheduler_job.py:629} INFO - Processing file /home/airflow/.local/lib/python3.6/site-packages/airflow/example_dags/tutorial.py for tasks to queue
[2024-08-10 22:08:49,359] {logging_mixin.py:104} INFO - [2024-08-10 22:08:49,359] {dagbag.py:451} INFO - Filling up the DagBag from /home/airflow/.local/lib/python3.6/site-packages/airflow/example_dags/tutorial.py
[2024-08-10 22:08:49,368] {scheduler_job.py:639} INFO - DAG(s) dict_keys(['tutorial']) retrieved from /home/airflow/.local/lib/python3.6/site-packages/airflow/example_dags/tutorial.py
[2024-08-10 22:08:49,435] {logging_mixin.py:104} INFO - [2024-08-10 22:08:49,435] {dag.py:1824} INFO - Sync 1 DAGs
[2024-08-10 22:08:49,453] {logging_mixin.py:104} INFO - [2024-08-10 22:08:49,453] {dag.py:2280} INFO - Setting next_dagrun for tutorial to 2024-08-08 00:00:00+00:00
[2024-08-10 22:08:49,466] {scheduler_job.py:190} INFO - Processing /home/airflow/.local/lib/python3.6/site-packages/airflow/example_dags/tutorial.py took 0.113 seconds
[2024-08-10 22:13:47,919] {scheduler_job.py:182} INFO - Started process (PID=382) to work on /home/airflow/.local/lib/python3.6/site-packages/airflow/example_dags/tutorial.py
[2024-08-10 22:13:47,920] {scheduler_job.py:629} INFO - Processing file /home/airflow/.local/lib/python3.6/site-packages/airflow/example_dags/tutorial.py for tasks to queue
[2024-08-10 22:13:47,924] {logging_mixin.py:104} INFO - [2024-08-10 22:13:47,924] {dagbag.py:451} INFO - Filling up the DagBag from /home/airflow/.local/lib/python3.6/site-packages/airflow/example_dags/tutorial.py
[2024-08-10 22:13:47,929] {scheduler_job.py:639} INFO - DAG(s) dict_keys(['tutorial']) retrieved from /home/airflow/.local/lib/python3.6/site-packages/airflow/example_dags/tutorial.py
[2024-08-10 22:13:47,990] {logging_mixin.py:104} INFO - [2024-08-10 22:13:47,990] {dag.py:1824} INFO - Sync 1 DAGs
[2024-08-10 22:13:48,008] {logging_mixin.py:104} INFO - [2024-08-10 22:13:48,008] {dag.py:2280} INFO - Setting next_dagrun for tutorial to 2024-08-08 00:00:00+00:00
[2024-08-10 22:13:48,025] {scheduler_job.py:190} INFO - Processing /home/airflow/.local/lib/python3.6/site-packages/airflow/example_dags/tutorial.py took 0.107 seconds
[2024-08-10 22:17:45,210] {scheduler_job.py:182} INFO - Started process (PID=411) to work on /home/airflow/.local/lib/python3.6/site-packages/airflow/example_dags/tutorial.py
[2024-08-10 22:17:45,211] {scheduler_job.py:629} INFO - Processing file /home/airflow/.local/lib/python3.6/site-packages/airflow/example_dags/tutorial.py for tasks to queue
[2024-08-10 22:17:45,214] {logging_mixin.py:104} INFO - [2024-08-10 22:17:45,214] {dagbag.py:451} INFO - Filling up the DagBag from /home/airflow/.local/lib/python3.6/site-packages/airflow/example_dags/tutorial.py
[2024-08-10 22:17:45,220] {scheduler_job.py:639} INFO - DAG(s) dict_keys(['tutorial']) retrieved from /home/airflow/.local/lib/python3.6/site-packages/airflow/example_dags/tutorial.py
[2024-08-10 22:17:45,282] {logging_mixin.py:104} INFO - [2024-08-10 22:17:45,282] {dag.py:1824} INFO - Sync 1 DAGs
[2024-08-10 22:17:45,305] {logging_mixin.py:104} INFO - [2024-08-10 22:17:45,305] {dag.py:2280} INFO - Setting next_dagrun for tutorial to 2024-08-08 00:00:00+00:00
[2024-08-10 22:17:45,322] {scheduler_job.py:190} INFO - Processing /home/airflow/.local/lib/python3.6/site-packages/airflow/example_dags/tutorial.py took 0.113 seconds
[2024-08-10 22:18:16,170] {scheduler_job.py:182} INFO - Started process (PID=440) to work on /home/airflow/.local/lib/python3.6/site-packages/airflow/example_dags/tutorial.py
[2024-08-10 22:18:16,171] {scheduler_job.py:629} INFO - Processing file /home/airflow/.local/lib/python3.6/site-packages/airflow/example_dags/tutorial.py for tasks to queue
[2024-08-10 22:18:16,171] {logging_mixin.py:104} INFO - [2024-08-10 22:18:16,171] {dagbag.py:451} INFO - Filling up the DagBag from /home/airflow/.local/lib/python3.6/site-packages/airflow/example_dags/tutorial.py
[2024-08-10 22:18:16,178] {scheduler_job.py:639} INFO - DAG(s) dict_keys(['tutorial']) retrieved from /home/airflow/.local/lib/python3.6/site-packages/airflow/example_dags/tutorial.py
[2024-08-10 22:18:16,245] {logging_mixin.py:104} INFO - [2024-08-10 22:18:16,245] {dag.py:1824} INFO - Sync 1 DAGs
[2024-08-10 22:18:16,263] {logging_mixin.py:104} INFO - [2024-08-10 22:18:16,263] {dag.py:2280} INFO - Setting next_dagrun for tutorial to 2024-08-08 00:00:00+00:00
[2024-08-10 22:18:16,277] {scheduler_job.py:190} INFO - Processing /home/airflow/.local/lib/python3.6/site-packages/airflow/example_dags/tutorial.py took 0.109 seconds
[2024-08-10 22:18:46,840] {scheduler_job.py:182} INFO - Started process (PID=469) to work on /home/airflow/.local/lib/python3.6/site-packages/airflow/example_dags/tutorial.py
[2024-08-10 22:18:46,843] {scheduler_job.py:629} INFO - Processing file /home/airflow/.local/lib/python3.6/site-packages/airflow/example_dags/tutorial.py for tasks to queue
[2024-08-10 22:18:46,844] {logging_mixin.py:104} INFO - [2024-08-10 22:18:46,843] {dagbag.py:451} INFO - Filling up the DagBag from /home/airflow/.local/lib/python3.6/site-packages/airflow/example_dags/tutorial.py
[2024-08-10 22:18:46,853] {scheduler_job.py:639} INFO - DAG(s) dict_keys(['tutorial']) retrieved from /home/airflow/.local/lib/python3.6/site-packages/airflow/example_dags/tutorial.py
[2024-08-10 22:18:46,924] {logging_mixin.py:104} INFO - [2024-08-10 22:18:46,924] {dag.py:1824} INFO - Sync 1 DAGs
[2024-08-10 22:18:46,944] {logging_mixin.py:104} INFO - [2024-08-10 22:18:46,944] {dag.py:2280} INFO - Setting next_dagrun for tutorial to 2024-08-08 00:00:00+00:00
[2024-08-10 22:18:46,955] {scheduler_job.py:190} INFO - Processing /home/airflow/.local/lib/python3.6/site-packages/airflow/example_dags/tutorial.py took 0.118 seconds
[2024-08-10 22:19:18,007] {scheduler_job.py:182} INFO - Started process (PID=499) to work on /home/airflow/.local/lib/python3.6/site-packages/airflow/example_dags/tutorial.py
[2024-08-10 22:19:18,008] {scheduler_job.py:629} INFO - Processing file /home/airflow/.local/lib/python3.6/site-packages/airflow/example_dags/tutorial.py for tasks to queue
[2024-08-10 22:19:18,008] {logging_mixin.py:104} INFO - [2024-08-10 22:19:18,008] {dagbag.py:451} INFO - Filling up the DagBag from /home/airflow/.local/lib/python3.6/site-packages/airflow/example_dags/tutorial.py
[2024-08-10 22:19:18,014] {scheduler_job.py:639} INFO - DAG(s) dict_keys(['tutorial']) retrieved from /home/airflow/.local/lib/python3.6/site-packages/airflow/example_dags/tutorial.py
[2024-08-10 22:19:18,077] {logging_mixin.py:104} INFO - [2024-08-10 22:19:18,077] {dag.py:1824} INFO - Sync 1 DAGs
[2024-08-10 22:19:18,093] {logging_mixin.py:104} INFO - [2024-08-10 22:19:18,093] {dag.py:2280} INFO - Setting next_dagrun for tutorial to 2024-08-08 00:00:00+00:00
[2024-08-10 22:19:18,107] {scheduler_job.py:190} INFO - Processing /home/airflow/.local/lib/python3.6/site-packages/airflow/example_dags/tutorial.py took 0.101 seconds
[2024-08-10 22:27:20,049] {scheduler_job.py:182} INFO - Started process (PID=527) to work on /home/airflow/.local/lib/python3.6/site-packages/airflow/example_dags/tutorial.py
[2024-08-10 22:27:20,051] {scheduler_job.py:629} INFO - Processing file /home/airflow/.local/lib/python3.6/site-packages/airflow/example_dags/tutorial.py for tasks to queue
[2024-08-10 22:27:20,054] {logging_mixin.py:104} INFO - [2024-08-10 22:27:20,054] {dagbag.py:451} INFO - Filling up the DagBag from /home/airflow/.local/lib/python3.6/site-packages/airflow/example_dags/tutorial.py
[2024-08-10 22:27:20,060] {scheduler_job.py:639} INFO - DAG(s) dict_keys(['tutorial']) retrieved from /home/airflow/.local/lib/python3.6/site-packages/airflow/example_dags/tutorial.py
[2024-08-10 22:27:20,121] {logging_mixin.py:104} INFO - [2024-08-10 22:27:20,121] {dag.py:1824} INFO - Sync 1 DAGs
[2024-08-10 22:27:20,140] {logging_mixin.py:104} INFO - [2024-08-10 22:27:20,140] {dag.py:2280} INFO - Setting next_dagrun for tutorial to 2024-08-08 00:00:00+00:00
[2024-08-10 22:27:20,152] {scheduler_job.py:190} INFO - Processing /home/airflow/.local/lib/python3.6/site-packages/airflow/example_dags/tutorial.py took 0.104 seconds
[2024-08-10 23:00:12,790] {scheduler_job.py:182} INFO - Started process (PID=556) to work on /home/airflow/.local/lib/python3.6/site-packages/airflow/example_dags/tutorial.py
[2024-08-10 23:00:12,793] {scheduler_job.py:629} INFO - Processing file /home/airflow/.local/lib/python3.6/site-packages/airflow/example_dags/tutorial.py for tasks to queue
[2024-08-10 23:00:12,794] {logging_mixin.py:104} INFO - [2024-08-10 23:00:12,794] {dagbag.py:451} INFO - Filling up the DagBag from /home/airflow/.local/lib/python3.6/site-packages/airflow/example_dags/tutorial.py
[2024-08-10 23:00:12,811] {scheduler_job.py:639} INFO - DAG(s) dict_keys(['tutorial']) retrieved from /home/airflow/.local/lib/python3.6/site-packages/airflow/example_dags/tutorial.py
[2024-08-10 23:00:12,882] {logging_mixin.py:104} INFO - [2024-08-10 23:00:12,882] {dag.py:1824} INFO - Sync 1 DAGs
[2024-08-10 23:00:12,906] {logging_mixin.py:104} INFO - [2024-08-10 23:00:12,906] {dag.py:2280} INFO - Setting next_dagrun for tutorial to 2024-08-08 00:00:00+00:00
[2024-08-10 23:00:12,937] {scheduler_job.py:190} INFO - Processing /home/airflow/.local/lib/python3.6/site-packages/airflow/example_dags/tutorial.py took 0.151 seconds
[2024-08-10 23:02:53,548] {scheduler_job.py:182} INFO - Started process (PID=585) to work on /home/airflow/.local/lib/python3.6/site-packages/airflow/example_dags/tutorial.py
[2024-08-10 23:02:53,549] {scheduler_job.py:629} INFO - Processing file /home/airflow/.local/lib/python3.6/site-packages/airflow/example_dags/tutorial.py for tasks to queue
[2024-08-10 23:02:53,550] {logging_mixin.py:104} INFO - [2024-08-10 23:02:53,549] {dagbag.py:451} INFO - Filling up the DagBag from /home/airflow/.local/lib/python3.6/site-packages/airflow/example_dags/tutorial.py
[2024-08-10 23:02:53,556] {scheduler_job.py:639} INFO - DAG(s) dict_keys(['tutorial']) retrieved from /home/airflow/.local/lib/python3.6/site-packages/airflow/example_dags/tutorial.py
[2024-08-10 23:02:53,617] {logging_mixin.py:104} INFO - [2024-08-10 23:02:53,617] {dag.py:1824} INFO - Sync 1 DAGs
[2024-08-10 23:02:53,636] {logging_mixin.py:104} INFO - [2024-08-10 23:02:53,636] {dag.py:2280} INFO - Setting next_dagrun for tutorial to 2024-08-08 00:00:00+00:00
[2024-08-10 23:02:53,650] {scheduler_job.py:190} INFO - Processing /home/airflow/.local/lib/python3.6/site-packages/airflow/example_dags/tutorial.py took 0.103 seconds
[2024-08-10 23:14:07,963] {scheduler_job.py:182} INFO - Started process (PID=614) to work on /home/airflow/.local/lib/python3.6/site-packages/airflow/example_dags/tutorial.py
[2024-08-10 23:14:07,964] {scheduler_job.py:629} INFO - Processing file /home/airflow/.local/lib/python3.6/site-packages/airflow/example_dags/tutorial.py for tasks to queue
[2024-08-10 23:14:07,965] {logging_mixin.py:104} INFO - [2024-08-10 23:14:07,965] {dagbag.py:451} INFO - Filling up the DagBag from /home/airflow/.local/lib/python3.6/site-packages/airflow/example_dags/tutorial.py
[2024-08-10 23:14:07,970] {scheduler_job.py:639} INFO - DAG(s) dict_keys(['tutorial']) retrieved from /home/airflow/.local/lib/python3.6/site-packages/airflow/example_dags/tutorial.py
[2024-08-10 23:14:08,032] {logging_mixin.py:104} INFO - [2024-08-10 23:14:08,032] {dag.py:1824} INFO - Sync 1 DAGs
[2024-08-10 23:14:08,048] {logging_mixin.py:104} INFO - [2024-08-10 23:14:08,048] {dag.py:2280} INFO - Setting next_dagrun for tutorial to 2024-08-08 00:00:00+00:00
[2024-08-10 23:14:08,063] {scheduler_job.py:190} INFO - Processing /home/airflow/.local/lib/python3.6/site-packages/airflow/example_dags/tutorial.py took 0.102 seconds
[2024-08-10 23:14:38,864] {scheduler_job.py:182} INFO - Started process (PID=643) to work on /home/airflow/.local/lib/python3.6/site-packages/airflow/example_dags/tutorial.py
[2024-08-10 23:14:38,865] {scheduler_job.py:629} INFO - Processing file /home/airflow/.local/lib/python3.6/site-packages/airflow/example_dags/tutorial.py for tasks to queue
[2024-08-10 23:14:38,868] {logging_mixin.py:104} INFO - [2024-08-10 23:14:38,868] {dagbag.py:451} INFO - Filling up the DagBag from /home/airflow/.local/lib/python3.6/site-packages/airflow/example_dags/tutorial.py
[2024-08-10 23:14:38,874] {scheduler_job.py:639} INFO - DAG(s) dict_keys(['tutorial']) retrieved from /home/airflow/.local/lib/python3.6/site-packages/airflow/example_dags/tutorial.py
[2024-08-10 23:14:38,937] {logging_mixin.py:104} INFO - [2024-08-10 23:14:38,937] {dag.py:1824} INFO - Sync 1 DAGs
[2024-08-10 23:14:38,953] {logging_mixin.py:104} INFO - [2024-08-10 23:14:38,953] {dag.py:2280} INFO - Setting next_dagrun for tutorial to 2024-08-08 00:00:00+00:00
[2024-08-10 23:14:38,964] {scheduler_job.py:190} INFO - Processing /home/airflow/.local/lib/python3.6/site-packages/airflow/example_dags/tutorial.py took 0.102 seconds
