[2024-08-10 00:13:04,826] {scheduler_job.py:182} INFO - Started process (PID=60896) to work on /home/airflow/.local/lib/python3.6/site-packages/airflow/example_dags/tutorial_taskflow_api_etl.py
[2024-08-10 00:13:04,826] {scheduler_job.py:629} INFO - Processing file /home/airflow/.local/lib/python3.6/site-packages/airflow/example_dags/tutorial_taskflow_api_etl.py for tasks to queue
[2024-08-10 00:13:04,827] {logging_mixin.py:104} INFO - [2024-08-10 00:13:04,827] {dagbag.py:451} INFO - Filling up the DagBag from /home/airflow/.local/lib/python3.6/site-packages/airflow/example_dags/tutorial_taskflow_api_etl.py
[2024-08-10 00:13:04,834] {scheduler_job.py:639} INFO - DAG(s) dict_keys(['tutorial_taskflow_api_etl']) retrieved from /home/airflow/.local/lib/python3.6/site-packages/airflow/example_dags/tutorial_taskflow_api_etl.py
[2024-08-10 00:13:04,895] {logging_mixin.py:104} INFO - [2024-08-10 00:13:04,895] {dag.py:1824} INFO - Sync 1 DAGs
[2024-08-10 00:13:04,912] {logging_mixin.py:104} INFO - [2024-08-10 00:13:04,912] {dag.py:2280} INFO - Setting next_dagrun for tutorial_taskflow_api_etl to None
[2024-08-10 00:13:04,926] {scheduler_job.py:190} INFO - Processing /home/airflow/.local/lib/python3.6/site-packages/airflow/example_dags/tutorial_taskflow_api_etl.py took 0.102 seconds
[2024-08-10 00:13:35,023] {scheduler_job.py:182} INFO - Started process (PID=60926) to work on /home/airflow/.local/lib/python3.6/site-packages/airflow/example_dags/tutorial_taskflow_api_etl.py
[2024-08-10 00:13:35,023] {scheduler_job.py:629} INFO - Processing file /home/airflow/.local/lib/python3.6/site-packages/airflow/example_dags/tutorial_taskflow_api_etl.py for tasks to queue
[2024-08-10 00:13:35,024] {logging_mixin.py:104} INFO - [2024-08-10 00:13:35,024] {dagbag.py:451} INFO - Filling up the DagBag from /home/airflow/.local/lib/python3.6/site-packages/airflow/example_dags/tutorial_taskflow_api_etl.py
[2024-08-10 00:13:35,030] {scheduler_job.py:639} INFO - DAG(s) dict_keys(['tutorial_taskflow_api_etl']) retrieved from /home/airflow/.local/lib/python3.6/site-packages/airflow/example_dags/tutorial_taskflow_api_etl.py
[2024-08-10 00:13:35,089] {logging_mixin.py:104} INFO - [2024-08-10 00:13:35,089] {dag.py:1824} INFO - Sync 1 DAGs
[2024-08-10 00:13:35,104] {logging_mixin.py:104} INFO - [2024-08-10 00:13:35,104] {dag.py:2280} INFO - Setting next_dagrun for tutorial_taskflow_api_etl to None
[2024-08-10 00:13:35,118] {scheduler_job.py:190} INFO - Processing /home/airflow/.local/lib/python3.6/site-packages/airflow/example_dags/tutorial_taskflow_api_etl.py took 0.097 seconds
[2024-08-10 01:03:34,266] {scheduler_job.py:182} INFO - Started process (PID=60954) to work on /home/airflow/.local/lib/python3.6/site-packages/airflow/example_dags/tutorial_taskflow_api_etl.py
[2024-08-10 01:03:34,267] {scheduler_job.py:629} INFO - Processing file /home/airflow/.local/lib/python3.6/site-packages/airflow/example_dags/tutorial_taskflow_api_etl.py for tasks to queue
[2024-08-10 01:03:34,268] {logging_mixin.py:104} INFO - [2024-08-10 01:03:34,267] {dagbag.py:451} INFO - Filling up the DagBag from /home/airflow/.local/lib/python3.6/site-packages/airflow/example_dags/tutorial_taskflow_api_etl.py
[2024-08-10 01:03:34,276] {scheduler_job.py:639} INFO - DAG(s) dict_keys(['tutorial_taskflow_api_etl']) retrieved from /home/airflow/.local/lib/python3.6/site-packages/airflow/example_dags/tutorial_taskflow_api_etl.py
[2024-08-10 01:03:34,342] {logging_mixin.py:104} INFO - [2024-08-10 01:03:34,342] {dag.py:1824} INFO - Sync 1 DAGs
[2024-08-10 01:03:34,362] {logging_mixin.py:104} INFO - [2024-08-10 01:03:34,361] {dag.py:2280} INFO - Setting next_dagrun for tutorial_taskflow_api_etl to None
[2024-08-10 01:03:34,377] {scheduler_job.py:190} INFO - Processing /home/airflow/.local/lib/python3.6/site-packages/airflow/example_dags/tutorial_taskflow_api_etl.py took 0.113 seconds
[2024-08-10 01:14:31,116] {scheduler_job.py:182} INFO - Started process (PID=60983) to work on /home/airflow/.local/lib/python3.6/site-packages/airflow/example_dags/tutorial_taskflow_api_etl.py
[2024-08-10 01:14:31,119] {scheduler_job.py:629} INFO - Processing file /home/airflow/.local/lib/python3.6/site-packages/airflow/example_dags/tutorial_taskflow_api_etl.py for tasks to queue
[2024-08-10 01:14:31,119] {logging_mixin.py:104} INFO - [2024-08-10 01:14:31,119] {dagbag.py:451} INFO - Filling up the DagBag from /home/airflow/.local/lib/python3.6/site-packages/airflow/example_dags/tutorial_taskflow_api_etl.py
[2024-08-10 01:14:31,135] {scheduler_job.py:639} INFO - DAG(s) dict_keys(['tutorial_taskflow_api_etl']) retrieved from /home/airflow/.local/lib/python3.6/site-packages/airflow/example_dags/tutorial_taskflow_api_etl.py
[2024-08-10 01:14:31,197] {logging_mixin.py:104} INFO - [2024-08-10 01:14:31,197] {dag.py:1824} INFO - Sync 1 DAGs
[2024-08-10 01:14:31,217] {logging_mixin.py:104} INFO - [2024-08-10 01:14:31,217] {dag.py:2280} INFO - Setting next_dagrun for tutorial_taskflow_api_etl to None
[2024-08-10 01:14:31,231] {scheduler_job.py:190} INFO - Processing /home/airflow/.local/lib/python3.6/site-packages/airflow/example_dags/tutorial_taskflow_api_etl.py took 0.117 seconds
[2024-08-10 01:47:59,356] {scheduler_job.py:182} INFO - Started process (PID=61012) to work on /home/airflow/.local/lib/python3.6/site-packages/airflow/example_dags/tutorial_taskflow_api_etl.py
[2024-08-10 01:47:59,358] {scheduler_job.py:629} INFO - Processing file /home/airflow/.local/lib/python3.6/site-packages/airflow/example_dags/tutorial_taskflow_api_etl.py for tasks to queue
[2024-08-10 01:47:59,371] {logging_mixin.py:104} INFO - [2024-08-10 01:47:59,371] {dagbag.py:451} INFO - Filling up the DagBag from /home/airflow/.local/lib/python3.6/site-packages/airflow/example_dags/tutorial_taskflow_api_etl.py
[2024-08-10 01:47:59,381] {scheduler_job.py:639} INFO - DAG(s) dict_keys(['tutorial_taskflow_api_etl']) retrieved from /home/airflow/.local/lib/python3.6/site-packages/airflow/example_dags/tutorial_taskflow_api_etl.py
[2024-08-10 01:47:59,465] {logging_mixin.py:104} INFO - [2024-08-10 01:47:59,465] {dag.py:1824} INFO - Sync 1 DAGs
[2024-08-10 01:47:59,487] {logging_mixin.py:104} INFO - [2024-08-10 01:47:59,487] {dag.py:2280} INFO - Setting next_dagrun for tutorial_taskflow_api_etl to None
[2024-08-10 01:47:59,516] {scheduler_job.py:190} INFO - Processing /home/airflow/.local/lib/python3.6/site-packages/airflow/example_dags/tutorial_taskflow_api_etl.py took 0.162 seconds
[2024-08-10 02:15:27,840] {scheduler_job.py:182} INFO - Started process (PID=61041) to work on /home/airflow/.local/lib/python3.6/site-packages/airflow/example_dags/tutorial_taskflow_api_etl.py
[2024-08-10 02:15:27,843] {scheduler_job.py:629} INFO - Processing file /home/airflow/.local/lib/python3.6/site-packages/airflow/example_dags/tutorial_taskflow_api_etl.py for tasks to queue
[2024-08-10 02:15:27,844] {logging_mixin.py:104} INFO - [2024-08-10 02:15:27,844] {dagbag.py:451} INFO - Filling up the DagBag from /home/airflow/.local/lib/python3.6/site-packages/airflow/example_dags/tutorial_taskflow_api_etl.py
[2024-08-10 02:15:27,859] {scheduler_job.py:639} INFO - DAG(s) dict_keys(['tutorial_taskflow_api_etl']) retrieved from /home/airflow/.local/lib/python3.6/site-packages/airflow/example_dags/tutorial_taskflow_api_etl.py
[2024-08-10 02:15:27,923] {logging_mixin.py:104} INFO - [2024-08-10 02:15:27,923] {dag.py:1824} INFO - Sync 1 DAGs
[2024-08-10 02:15:27,939] {logging_mixin.py:104} INFO - [2024-08-10 02:15:27,939] {dag.py:2280} INFO - Setting next_dagrun for tutorial_taskflow_api_etl to None
[2024-08-10 02:15:27,957] {scheduler_job.py:190} INFO - Processing /home/airflow/.local/lib/python3.6/site-packages/airflow/example_dags/tutorial_taskflow_api_etl.py took 0.122 seconds
[2024-08-10 02:21:41,570] {scheduler_job.py:182} INFO - Started process (PID=61070) to work on /home/airflow/.local/lib/python3.6/site-packages/airflow/example_dags/tutorial_taskflow_api_etl.py
[2024-08-10 02:21:41,570] {scheduler_job.py:629} INFO - Processing file /home/airflow/.local/lib/python3.6/site-packages/airflow/example_dags/tutorial_taskflow_api_etl.py for tasks to queue
[2024-08-10 02:21:41,571] {logging_mixin.py:104} INFO - [2024-08-10 02:21:41,571] {dagbag.py:451} INFO - Filling up the DagBag from /home/airflow/.local/lib/python3.6/site-packages/airflow/example_dags/tutorial_taskflow_api_etl.py
[2024-08-10 02:21:41,578] {scheduler_job.py:639} INFO - DAG(s) dict_keys(['tutorial_taskflow_api_etl']) retrieved from /home/airflow/.local/lib/python3.6/site-packages/airflow/example_dags/tutorial_taskflow_api_etl.py
[2024-08-10 02:21:41,640] {logging_mixin.py:104} INFO - [2024-08-10 02:21:41,640] {dag.py:1824} INFO - Sync 1 DAGs
[2024-08-10 02:21:41,658] {logging_mixin.py:104} INFO - [2024-08-10 02:21:41,658] {dag.py:2280} INFO - Setting next_dagrun for tutorial_taskflow_api_etl to None
[2024-08-10 02:21:41,671] {scheduler_job.py:190} INFO - Processing /home/airflow/.local/lib/python3.6/site-packages/airflow/example_dags/tutorial_taskflow_api_etl.py took 0.103 seconds
[2024-08-10 02:22:12,060] {scheduler_job.py:182} INFO - Started process (PID=61095) to work on /home/airflow/.local/lib/python3.6/site-packages/airflow/example_dags/tutorial_taskflow_api_etl.py
[2024-08-10 02:22:12,061] {scheduler_job.py:629} INFO - Processing file /home/airflow/.local/lib/python3.6/site-packages/airflow/example_dags/tutorial_taskflow_api_etl.py for tasks to queue
[2024-08-10 02:22:12,061] {logging_mixin.py:104} INFO - [2024-08-10 02:22:12,061] {dagbag.py:451} INFO - Filling up the DagBag from /home/airflow/.local/lib/python3.6/site-packages/airflow/example_dags/tutorial_taskflow_api_etl.py
[2024-08-10 02:22:12,068] {scheduler_job.py:639} INFO - DAG(s) dict_keys(['tutorial_taskflow_api_etl']) retrieved from /home/airflow/.local/lib/python3.6/site-packages/airflow/example_dags/tutorial_taskflow_api_etl.py
[2024-08-10 02:22:12,129] {logging_mixin.py:104} INFO - [2024-08-10 02:22:12,129] {dag.py:1824} INFO - Sync 1 DAGs
[2024-08-10 02:22:12,146] {logging_mixin.py:104} INFO - [2024-08-10 02:22:12,146] {dag.py:2280} INFO - Setting next_dagrun for tutorial_taskflow_api_etl to None
[2024-08-10 02:22:12,158] {scheduler_job.py:190} INFO - Processing /home/airflow/.local/lib/python3.6/site-packages/airflow/example_dags/tutorial_taskflow_api_etl.py took 0.099 seconds
[2024-08-10 03:16:06,703] {scheduler_job.py:182} INFO - Started process (PID=61128) to work on /home/airflow/.local/lib/python3.6/site-packages/airflow/example_dags/tutorial_taskflow_api_etl.py
[2024-08-10 03:16:06,704] {scheduler_job.py:629} INFO - Processing file /home/airflow/.local/lib/python3.6/site-packages/airflow/example_dags/tutorial_taskflow_api_etl.py for tasks to queue
[2024-08-10 03:16:06,704] {logging_mixin.py:104} INFO - [2024-08-10 03:16:06,704] {dagbag.py:451} INFO - Filling up the DagBag from /home/airflow/.local/lib/python3.6/site-packages/airflow/example_dags/tutorial_taskflow_api_etl.py
[2024-08-10 03:16:06,712] {scheduler_job.py:639} INFO - DAG(s) dict_keys(['tutorial_taskflow_api_etl']) retrieved from /home/airflow/.local/lib/python3.6/site-packages/airflow/example_dags/tutorial_taskflow_api_etl.py
[2024-08-10 03:16:06,775] {logging_mixin.py:104} INFO - [2024-08-10 03:16:06,775] {dag.py:1824} INFO - Sync 1 DAGs
[2024-08-10 03:16:06,797] {logging_mixin.py:104} INFO - [2024-08-10 03:16:06,797] {dag.py:2280} INFO - Setting next_dagrun for tutorial_taskflow_api_etl to None
[2024-08-10 03:16:06,811] {scheduler_job.py:190} INFO - Processing /home/airflow/.local/lib/python3.6/site-packages/airflow/example_dags/tutorial_taskflow_api_etl.py took 0.110 seconds
[2024-08-10 03:16:36,853] {scheduler_job.py:182} INFO - Started process (PID=61157) to work on /home/airflow/.local/lib/python3.6/site-packages/airflow/example_dags/tutorial_taskflow_api_etl.py
[2024-08-10 03:16:36,854] {scheduler_job.py:629} INFO - Processing file /home/airflow/.local/lib/python3.6/site-packages/airflow/example_dags/tutorial_taskflow_api_etl.py for tasks to queue
[2024-08-10 03:16:36,854] {logging_mixin.py:104} INFO - [2024-08-10 03:16:36,854] {dagbag.py:451} INFO - Filling up the DagBag from /home/airflow/.local/lib/python3.6/site-packages/airflow/example_dags/tutorial_taskflow_api_etl.py
[2024-08-10 03:16:36,862] {scheduler_job.py:639} INFO - DAG(s) dict_keys(['tutorial_taskflow_api_etl']) retrieved from /home/airflow/.local/lib/python3.6/site-packages/airflow/example_dags/tutorial_taskflow_api_etl.py
[2024-08-10 03:16:36,919] {logging_mixin.py:104} INFO - [2024-08-10 03:16:36,919] {dag.py:1824} INFO - Sync 1 DAGs
[2024-08-10 03:16:36,935] {logging_mixin.py:104} INFO - [2024-08-10 03:16:36,935] {dag.py:2280} INFO - Setting next_dagrun for tutorial_taskflow_api_etl to None
[2024-08-10 03:16:36,947] {scheduler_job.py:190} INFO - Processing /home/airflow/.local/lib/python3.6/site-packages/airflow/example_dags/tutorial_taskflow_api_etl.py took 0.095 seconds
[2024-08-10 04:06:31,280] {scheduler_job.py:182} INFO - Started process (PID=61186) to work on /home/airflow/.local/lib/python3.6/site-packages/airflow/example_dags/tutorial_taskflow_api_etl.py
[2024-08-10 04:06:31,281] {scheduler_job.py:629} INFO - Processing file /home/airflow/.local/lib/python3.6/site-packages/airflow/example_dags/tutorial_taskflow_api_etl.py for tasks to queue
[2024-08-10 04:06:31,281] {logging_mixin.py:104} INFO - [2024-08-10 04:06:31,281] {dagbag.py:451} INFO - Filling up the DagBag from /home/airflow/.local/lib/python3.6/site-packages/airflow/example_dags/tutorial_taskflow_api_etl.py
[2024-08-10 04:06:31,293] {scheduler_job.py:639} INFO - DAG(s) dict_keys(['tutorial_taskflow_api_etl']) retrieved from /home/airflow/.local/lib/python3.6/site-packages/airflow/example_dags/tutorial_taskflow_api_etl.py
[2024-08-10 04:06:31,360] {logging_mixin.py:104} INFO - [2024-08-10 04:06:31,360] {dag.py:1824} INFO - Sync 1 DAGs
[2024-08-10 04:06:31,379] {logging_mixin.py:104} INFO - [2024-08-10 04:06:31,379] {dag.py:2280} INFO - Setting next_dagrun for tutorial_taskflow_api_etl to None
[2024-08-10 04:06:31,394] {scheduler_job.py:190} INFO - Processing /home/airflow/.local/lib/python3.6/site-packages/airflow/example_dags/tutorial_taskflow_api_etl.py took 0.116 seconds
[2024-08-10 04:17:33,147] {scheduler_job.py:182} INFO - Started process (PID=61215) to work on /home/airflow/.local/lib/python3.6/site-packages/airflow/example_dags/tutorial_taskflow_api_etl.py
[2024-08-10 04:17:33,148] {scheduler_job.py:629} INFO - Processing file /home/airflow/.local/lib/python3.6/site-packages/airflow/example_dags/tutorial_taskflow_api_etl.py for tasks to queue
[2024-08-10 04:17:33,149] {logging_mixin.py:104} INFO - [2024-08-10 04:17:33,149] {dagbag.py:451} INFO - Filling up the DagBag from /home/airflow/.local/lib/python3.6/site-packages/airflow/example_dags/tutorial_taskflow_api_etl.py
[2024-08-10 04:17:33,157] {scheduler_job.py:639} INFO - DAG(s) dict_keys(['tutorial_taskflow_api_etl']) retrieved from /home/airflow/.local/lib/python3.6/site-packages/airflow/example_dags/tutorial_taskflow_api_etl.py
[2024-08-10 04:17:33,219] {logging_mixin.py:104} INFO - [2024-08-10 04:17:33,219] {dag.py:1824} INFO - Sync 1 DAGs
[2024-08-10 04:17:33,238] {logging_mixin.py:104} INFO - [2024-08-10 04:17:33,238] {dag.py:2280} INFO - Setting next_dagrun for tutorial_taskflow_api_etl to None
[2024-08-10 04:17:33,251] {scheduler_job.py:190} INFO - Processing /home/airflow/.local/lib/python3.6/site-packages/airflow/example_dags/tutorial_taskflow_api_etl.py took 0.106 seconds
[2024-08-10 05:08:48,395] {scheduler_job.py:182} INFO - Started process (PID=61244) to work on /home/airflow/.local/lib/python3.6/site-packages/airflow/example_dags/tutorial_taskflow_api_etl.py
[2024-08-10 05:08:48,396] {scheduler_job.py:629} INFO - Processing file /home/airflow/.local/lib/python3.6/site-packages/airflow/example_dags/tutorial_taskflow_api_etl.py for tasks to queue
[2024-08-10 05:08:48,396] {logging_mixin.py:104} INFO - [2024-08-10 05:08:48,396] {dagbag.py:451} INFO - Filling up the DagBag from /home/airflow/.local/lib/python3.6/site-packages/airflow/example_dags/tutorial_taskflow_api_etl.py
[2024-08-10 05:08:48,405] {scheduler_job.py:639} INFO - DAG(s) dict_keys(['tutorial_taskflow_api_etl']) retrieved from /home/airflow/.local/lib/python3.6/site-packages/airflow/example_dags/tutorial_taskflow_api_etl.py
[2024-08-10 05:08:48,473] {logging_mixin.py:104} INFO - [2024-08-10 05:08:48,473] {dag.py:1824} INFO - Sync 1 DAGs
[2024-08-10 05:08:48,494] {logging_mixin.py:104} INFO - [2024-08-10 05:08:48,494] {dag.py:2280} INFO - Setting next_dagrun for tutorial_taskflow_api_etl to None
[2024-08-10 05:08:48,512] {scheduler_job.py:190} INFO - Processing /home/airflow/.local/lib/python3.6/site-packages/airflow/example_dags/tutorial_taskflow_api_etl.py took 0.118 seconds
[2024-08-10 05:18:30,089] {scheduler_job.py:182} INFO - Started process (PID=61273) to work on /home/airflow/.local/lib/python3.6/site-packages/airflow/example_dags/tutorial_taskflow_api_etl.py
[2024-08-10 05:18:30,090] {scheduler_job.py:629} INFO - Processing file /home/airflow/.local/lib/python3.6/site-packages/airflow/example_dags/tutorial_taskflow_api_etl.py for tasks to queue
[2024-08-10 05:18:30,090] {logging_mixin.py:104} INFO - [2024-08-10 05:18:30,090] {dagbag.py:451} INFO - Filling up the DagBag from /home/airflow/.local/lib/python3.6/site-packages/airflow/example_dags/tutorial_taskflow_api_etl.py
[2024-08-10 05:18:30,099] {scheduler_job.py:639} INFO - DAG(s) dict_keys(['tutorial_taskflow_api_etl']) retrieved from /home/airflow/.local/lib/python3.6/site-packages/airflow/example_dags/tutorial_taskflow_api_etl.py
[2024-08-10 05:18:30,168] {logging_mixin.py:104} INFO - [2024-08-10 05:18:30,168] {dag.py:1824} INFO - Sync 1 DAGs
[2024-08-10 05:18:30,187] {logging_mixin.py:104} INFO - [2024-08-10 05:18:30,187] {dag.py:2280} INFO - Setting next_dagrun for tutorial_taskflow_api_etl to None
[2024-08-10 05:18:30,202] {scheduler_job.py:190} INFO - Processing /home/airflow/.local/lib/python3.6/site-packages/airflow/example_dags/tutorial_taskflow_api_etl.py took 0.115 seconds
[2024-08-10 05:52:11,942] {scheduler_job.py:182} INFO - Started process (PID=61302) to work on /home/airflow/.local/lib/python3.6/site-packages/airflow/example_dags/tutorial_taskflow_api_etl.py
[2024-08-10 05:52:11,942] {scheduler_job.py:629} INFO - Processing file /home/airflow/.local/lib/python3.6/site-packages/airflow/example_dags/tutorial_taskflow_api_etl.py for tasks to queue
[2024-08-10 05:52:11,943] {logging_mixin.py:104} INFO - [2024-08-10 05:52:11,943] {dagbag.py:451} INFO - Filling up the DagBag from /home/airflow/.local/lib/python3.6/site-packages/airflow/example_dags/tutorial_taskflow_api_etl.py
[2024-08-10 05:52:11,951] {scheduler_job.py:639} INFO - DAG(s) dict_keys(['tutorial_taskflow_api_etl']) retrieved from /home/airflow/.local/lib/python3.6/site-packages/airflow/example_dags/tutorial_taskflow_api_etl.py
[2024-08-10 05:52:12,012] {logging_mixin.py:104} INFO - [2024-08-10 05:52:12,011] {dag.py:1824} INFO - Sync 1 DAGs
[2024-08-10 05:52:12,029] {logging_mixin.py:104} INFO - [2024-08-10 05:52:12,029] {dag.py:2280} INFO - Setting next_dagrun for tutorial_taskflow_api_etl to None
[2024-08-10 05:52:12,043] {scheduler_job.py:190} INFO - Processing /home/airflow/.local/lib/python3.6/site-packages/airflow/example_dags/tutorial_taskflow_api_etl.py took 0.103 seconds
[2024-08-10 06:01:21,455] {scheduler_job.py:182} INFO - Started process (PID=61331) to work on /home/airflow/.local/lib/python3.6/site-packages/airflow/example_dags/tutorial_taskflow_api_etl.py
[2024-08-10 06:01:21,456] {scheduler_job.py:629} INFO - Processing file /home/airflow/.local/lib/python3.6/site-packages/airflow/example_dags/tutorial_taskflow_api_etl.py for tasks to queue
[2024-08-10 06:01:21,457] {logging_mixin.py:104} INFO - [2024-08-10 06:01:21,456] {dagbag.py:451} INFO - Filling up the DagBag from /home/airflow/.local/lib/python3.6/site-packages/airflow/example_dags/tutorial_taskflow_api_etl.py
[2024-08-10 06:01:21,467] {scheduler_job.py:639} INFO - DAG(s) dict_keys(['tutorial_taskflow_api_etl']) retrieved from /home/airflow/.local/lib/python3.6/site-packages/airflow/example_dags/tutorial_taskflow_api_etl.py
[2024-08-10 06:01:21,542] {logging_mixin.py:104} INFO - [2024-08-10 06:01:21,542] {dag.py:1824} INFO - Sync 1 DAGs
[2024-08-10 06:01:21,565] {logging_mixin.py:104} INFO - [2024-08-10 06:01:21,564] {dag.py:2280} INFO - Setting next_dagrun for tutorial_taskflow_api_etl to None
[2024-08-10 06:01:21,578] {scheduler_job.py:190} INFO - Processing /home/airflow/.local/lib/python3.6/site-packages/airflow/example_dags/tutorial_taskflow_api_etl.py took 0.126 seconds
[2024-08-10 06:09:13,237] {scheduler_job.py:182} INFO - Started process (PID=61360) to work on /home/airflow/.local/lib/python3.6/site-packages/airflow/example_dags/tutorial_taskflow_api_etl.py
[2024-08-10 06:09:13,238] {scheduler_job.py:629} INFO - Processing file /home/airflow/.local/lib/python3.6/site-packages/airflow/example_dags/tutorial_taskflow_api_etl.py for tasks to queue
[2024-08-10 06:09:13,239] {logging_mixin.py:104} INFO - [2024-08-10 06:09:13,239] {dagbag.py:451} INFO - Filling up the DagBag from /home/airflow/.local/lib/python3.6/site-packages/airflow/example_dags/tutorial_taskflow_api_etl.py
[2024-08-10 06:09:13,247] {scheduler_job.py:639} INFO - DAG(s) dict_keys(['tutorial_taskflow_api_etl']) retrieved from /home/airflow/.local/lib/python3.6/site-packages/airflow/example_dags/tutorial_taskflow_api_etl.py
[2024-08-10 06:09:13,320] {logging_mixin.py:104} INFO - [2024-08-10 06:09:13,319] {dag.py:1824} INFO - Sync 1 DAGs
[2024-08-10 06:09:13,345] {logging_mixin.py:104} INFO - [2024-08-10 06:09:13,345] {dag.py:2280} INFO - Setting next_dagrun for tutorial_taskflow_api_etl to None
[2024-08-10 06:09:13,361] {scheduler_job.py:190} INFO - Processing /home/airflow/.local/lib/python3.6/site-packages/airflow/example_dags/tutorial_taskflow_api_etl.py took 0.126 seconds
[2024-08-10 06:09:43,949] {scheduler_job.py:182} INFO - Started process (PID=61385) to work on /home/airflow/.local/lib/python3.6/site-packages/airflow/example_dags/tutorial_taskflow_api_etl.py
[2024-08-10 06:09:43,950] {scheduler_job.py:629} INFO - Processing file /home/airflow/.local/lib/python3.6/site-packages/airflow/example_dags/tutorial_taskflow_api_etl.py for tasks to queue
[2024-08-10 06:09:43,950] {logging_mixin.py:104} INFO - [2024-08-10 06:09:43,950] {dagbag.py:451} INFO - Filling up the DagBag from /home/airflow/.local/lib/python3.6/site-packages/airflow/example_dags/tutorial_taskflow_api_etl.py
[2024-08-10 06:09:43,956] {scheduler_job.py:639} INFO - DAG(s) dict_keys(['tutorial_taskflow_api_etl']) retrieved from /home/airflow/.local/lib/python3.6/site-packages/airflow/example_dags/tutorial_taskflow_api_etl.py
[2024-08-10 06:09:44,017] {logging_mixin.py:104} INFO - [2024-08-10 06:09:44,016] {dag.py:1824} INFO - Sync 1 DAGs
[2024-08-10 06:09:44,032] {logging_mixin.py:104} INFO - [2024-08-10 06:09:44,032] {dag.py:2280} INFO - Setting next_dagrun for tutorial_taskflow_api_etl to None
[2024-08-10 06:09:44,044] {scheduler_job.py:190} INFO - Processing /home/airflow/.local/lib/python3.6/site-packages/airflow/example_dags/tutorial_taskflow_api_etl.py took 0.097 seconds
[2024-08-10 06:19:27,308] {scheduler_job.py:182} INFO - Started process (PID=61418) to work on /home/airflow/.local/lib/python3.6/site-packages/airflow/example_dags/tutorial_taskflow_api_etl.py
[2024-08-10 06:19:27,309] {scheduler_job.py:629} INFO - Processing file /home/airflow/.local/lib/python3.6/site-packages/airflow/example_dags/tutorial_taskflow_api_etl.py for tasks to queue
[2024-08-10 06:19:27,310] {logging_mixin.py:104} INFO - [2024-08-10 06:19:27,310] {dagbag.py:451} INFO - Filling up the DagBag from /home/airflow/.local/lib/python3.6/site-packages/airflow/example_dags/tutorial_taskflow_api_etl.py
[2024-08-10 06:19:27,323] {scheduler_job.py:639} INFO - DAG(s) dict_keys(['tutorial_taskflow_api_etl']) retrieved from /home/airflow/.local/lib/python3.6/site-packages/airflow/example_dags/tutorial_taskflow_api_etl.py
[2024-08-10 06:19:27,390] {logging_mixin.py:104} INFO - [2024-08-10 06:19:27,390] {dag.py:1824} INFO - Sync 1 DAGs
[2024-08-10 06:19:27,407] {logging_mixin.py:104} INFO - [2024-08-10 06:19:27,407] {dag.py:2280} INFO - Setting next_dagrun for tutorial_taskflow_api_etl to None
[2024-08-10 06:19:27,421] {scheduler_job.py:190} INFO - Processing /home/airflow/.local/lib/python3.6/site-packages/airflow/example_dags/tutorial_taskflow_api_etl.py took 0.114 seconds
[2024-08-10 06:53:16,131] {scheduler_job.py:182} INFO - Started process (PID=61447) to work on /home/airflow/.local/lib/python3.6/site-packages/airflow/example_dags/tutorial_taskflow_api_etl.py
[2024-08-10 06:53:16,132] {scheduler_job.py:629} INFO - Processing file /home/airflow/.local/lib/python3.6/site-packages/airflow/example_dags/tutorial_taskflow_api_etl.py for tasks to queue
[2024-08-10 06:53:16,133] {logging_mixin.py:104} INFO - [2024-08-10 06:53:16,132] {dagbag.py:451} INFO - Filling up the DagBag from /home/airflow/.local/lib/python3.6/site-packages/airflow/example_dags/tutorial_taskflow_api_etl.py
[2024-08-10 06:53:16,141] {scheduler_job.py:639} INFO - DAG(s) dict_keys(['tutorial_taskflow_api_etl']) retrieved from /home/airflow/.local/lib/python3.6/site-packages/airflow/example_dags/tutorial_taskflow_api_etl.py
[2024-08-10 06:53:16,204] {logging_mixin.py:104} INFO - [2024-08-10 06:53:16,204] {dag.py:1824} INFO - Sync 1 DAGs
[2024-08-10 06:53:16,223] {logging_mixin.py:104} INFO - [2024-08-10 06:53:16,223] {dag.py:2280} INFO - Setting next_dagrun for tutorial_taskflow_api_etl to None
[2024-08-10 06:53:16,236] {scheduler_job.py:190} INFO - Processing /home/airflow/.local/lib/python3.6/site-packages/airflow/example_dags/tutorial_taskflow_api_etl.py took 0.108 seconds
[2024-08-10 07:20:24,665] {scheduler_job.py:182} INFO - Started process (PID=61476) to work on /home/airflow/.local/lib/python3.6/site-packages/airflow/example_dags/tutorial_taskflow_api_etl.py
[2024-08-10 07:20:24,665] {scheduler_job.py:629} INFO - Processing file /home/airflow/.local/lib/python3.6/site-packages/airflow/example_dags/tutorial_taskflow_api_etl.py for tasks to queue
[2024-08-10 07:20:24,666] {logging_mixin.py:104} INFO - [2024-08-10 07:20:24,666] {dagbag.py:451} INFO - Filling up the DagBag from /home/airflow/.local/lib/python3.6/site-packages/airflow/example_dags/tutorial_taskflow_api_etl.py
[2024-08-10 07:20:24,674] {scheduler_job.py:639} INFO - DAG(s) dict_keys(['tutorial_taskflow_api_etl']) retrieved from /home/airflow/.local/lib/python3.6/site-packages/airflow/example_dags/tutorial_taskflow_api_etl.py
[2024-08-10 07:20:24,735] {logging_mixin.py:104} INFO - [2024-08-10 07:20:24,735] {dag.py:1824} INFO - Sync 1 DAGs
[2024-08-10 07:20:24,754] {logging_mixin.py:104} INFO - [2024-08-10 07:20:24,753] {dag.py:2280} INFO - Setting next_dagrun for tutorial_taskflow_api_etl to None
[2024-08-10 07:20:24,767] {scheduler_job.py:190} INFO - Processing /home/airflow/.local/lib/python3.6/site-packages/airflow/example_dags/tutorial_taskflow_api_etl.py took 0.104 seconds
[2024-08-10 07:36:32,827] {scheduler_job.py:182} INFO - Started process (PID=61505) to work on /home/airflow/.local/lib/python3.6/site-packages/airflow/example_dags/tutorial_taskflow_api_etl.py
[2024-08-10 07:36:32,828] {scheduler_job.py:629} INFO - Processing file /home/airflow/.local/lib/python3.6/site-packages/airflow/example_dags/tutorial_taskflow_api_etl.py for tasks to queue
[2024-08-10 07:36:32,829] {logging_mixin.py:104} INFO - [2024-08-10 07:36:32,829] {dagbag.py:451} INFO - Filling up the DagBag from /home/airflow/.local/lib/python3.6/site-packages/airflow/example_dags/tutorial_taskflow_api_etl.py
[2024-08-10 07:36:32,844] {scheduler_job.py:639} INFO - DAG(s) dict_keys(['tutorial_taskflow_api_etl']) retrieved from /home/airflow/.local/lib/python3.6/site-packages/airflow/example_dags/tutorial_taskflow_api_etl.py
[2024-08-10 07:36:32,916] {logging_mixin.py:104} INFO - [2024-08-10 07:36:32,916] {dag.py:1824} INFO - Sync 1 DAGs
[2024-08-10 07:36:32,934] {logging_mixin.py:104} INFO - [2024-08-10 07:36:32,934] {dag.py:2280} INFO - Setting next_dagrun for tutorial_taskflow_api_etl to None
[2024-08-10 07:36:32,948] {scheduler_job.py:190} INFO - Processing /home/airflow/.local/lib/python3.6/site-packages/airflow/example_dags/tutorial_taskflow_api_etl.py took 0.122 seconds
[2024-08-10 07:40:24,014] {scheduler_job.py:182} INFO - Started process (PID=61534) to work on /home/airflow/.local/lib/python3.6/site-packages/airflow/example_dags/tutorial_taskflow_api_etl.py
[2024-08-10 07:40:24,014] {scheduler_job.py:629} INFO - Processing file /home/airflow/.local/lib/python3.6/site-packages/airflow/example_dags/tutorial_taskflow_api_etl.py for tasks to queue
[2024-08-10 07:40:24,015] {logging_mixin.py:104} INFO - [2024-08-10 07:40:24,015] {dagbag.py:451} INFO - Filling up the DagBag from /home/airflow/.local/lib/python3.6/site-packages/airflow/example_dags/tutorial_taskflow_api_etl.py
[2024-08-10 07:40:24,022] {scheduler_job.py:639} INFO - DAG(s) dict_keys(['tutorial_taskflow_api_etl']) retrieved from /home/airflow/.local/lib/python3.6/site-packages/airflow/example_dags/tutorial_taskflow_api_etl.py
[2024-08-10 07:40:24,084] {logging_mixin.py:104} INFO - [2024-08-10 07:40:24,084] {dag.py:1824} INFO - Sync 1 DAGs
[2024-08-10 07:40:24,104] {logging_mixin.py:104} INFO - [2024-08-10 07:40:24,104] {dag.py:2280} INFO - Setting next_dagrun for tutorial_taskflow_api_etl to None
[2024-08-10 07:40:24,117] {scheduler_job.py:190} INFO - Processing /home/airflow/.local/lib/python3.6/site-packages/airflow/example_dags/tutorial_taskflow_api_etl.py took 0.106 seconds
[2024-08-10 08:13:24,617] {scheduler_job.py:182} INFO - Started process (PID=61563) to work on /home/airflow/.local/lib/python3.6/site-packages/airflow/example_dags/tutorial_taskflow_api_etl.py
[2024-08-10 08:13:24,620] {scheduler_job.py:629} INFO - Processing file /home/airflow/.local/lib/python3.6/site-packages/airflow/example_dags/tutorial_taskflow_api_etl.py for tasks to queue
[2024-08-10 08:13:24,622] {logging_mixin.py:104} INFO - [2024-08-10 08:13:24,622] {dagbag.py:451} INFO - Filling up the DagBag from /home/airflow/.local/lib/python3.6/site-packages/airflow/example_dags/tutorial_taskflow_api_etl.py
[2024-08-10 08:13:24,633] {scheduler_job.py:639} INFO - DAG(s) dict_keys(['tutorial_taskflow_api_etl']) retrieved from /home/airflow/.local/lib/python3.6/site-packages/airflow/example_dags/tutorial_taskflow_api_etl.py
[2024-08-10 08:13:24,707] {logging_mixin.py:104} INFO - [2024-08-10 08:13:24,707] {dag.py:1824} INFO - Sync 1 DAGs
[2024-08-10 08:13:24,726] {logging_mixin.py:104} INFO - [2024-08-10 08:13:24,726] {dag.py:2280} INFO - Setting next_dagrun for tutorial_taskflow_api_etl to None
[2024-08-10 08:13:24,746] {scheduler_job.py:190} INFO - Processing /home/airflow/.local/lib/python3.6/site-packages/airflow/example_dags/tutorial_taskflow_api_etl.py took 0.131 seconds
[2024-08-10 08:16:04,665] {scheduler_job.py:182} INFO - Started process (PID=61592) to work on /home/airflow/.local/lib/python3.6/site-packages/airflow/example_dags/tutorial_taskflow_api_etl.py
[2024-08-10 08:16:04,673] {scheduler_job.py:629} INFO - Processing file /home/airflow/.local/lib/python3.6/site-packages/airflow/example_dags/tutorial_taskflow_api_etl.py for tasks to queue
[2024-08-10 08:16:04,676] {logging_mixin.py:104} INFO - [2024-08-10 08:16:04,676] {dagbag.py:451} INFO - Filling up the DagBag from /home/airflow/.local/lib/python3.6/site-packages/airflow/example_dags/tutorial_taskflow_api_etl.py
[2024-08-10 08:16:04,686] {scheduler_job.py:639} INFO - DAG(s) dict_keys(['tutorial_taskflow_api_etl']) retrieved from /home/airflow/.local/lib/python3.6/site-packages/airflow/example_dags/tutorial_taskflow_api_etl.py
[2024-08-10 08:16:04,763] {logging_mixin.py:104} INFO - [2024-08-10 08:16:04,763] {dag.py:1824} INFO - Sync 1 DAGs
[2024-08-10 08:16:04,784] {logging_mixin.py:104} INFO - [2024-08-10 08:16:04,784] {dag.py:2280} INFO - Setting next_dagrun for tutorial_taskflow_api_etl to None
[2024-08-10 08:16:04,807] {scheduler_job.py:190} INFO - Processing /home/airflow/.local/lib/python3.6/site-packages/airflow/example_dags/tutorial_taskflow_api_etl.py took 0.144 seconds
[2024-08-10 08:16:35,554] {scheduler_job.py:182} INFO - Started process (PID=61619) to work on /home/airflow/.local/lib/python3.6/site-packages/airflow/example_dags/tutorial_taskflow_api_etl.py
[2024-08-10 08:16:35,555] {scheduler_job.py:629} INFO - Processing file /home/airflow/.local/lib/python3.6/site-packages/airflow/example_dags/tutorial_taskflow_api_etl.py for tasks to queue
[2024-08-10 08:16:35,555] {logging_mixin.py:104} INFO - [2024-08-10 08:16:35,555] {dagbag.py:451} INFO - Filling up the DagBag from /home/airflow/.local/lib/python3.6/site-packages/airflow/example_dags/tutorial_taskflow_api_etl.py
[2024-08-10 08:16:35,562] {scheduler_job.py:639} INFO - DAG(s) dict_keys(['tutorial_taskflow_api_etl']) retrieved from /home/airflow/.local/lib/python3.6/site-packages/airflow/example_dags/tutorial_taskflow_api_etl.py
[2024-08-10 08:16:35,626] {logging_mixin.py:104} INFO - [2024-08-10 08:16:35,626] {dag.py:1824} INFO - Sync 1 DAGs
[2024-08-10 08:16:35,644] {logging_mixin.py:104} INFO - [2024-08-10 08:16:35,643] {dag.py:2280} INFO - Setting next_dagrun for tutorial_taskflow_api_etl to None
[2024-08-10 08:16:35,657] {scheduler_job.py:190} INFO - Processing /home/airflow/.local/lib/python3.6/site-packages/airflow/example_dags/tutorial_taskflow_api_etl.py took 0.105 seconds
[2024-08-10 08:17:06,284] {scheduler_job.py:182} INFO - Started process (PID=61648) to work on /home/airflow/.local/lib/python3.6/site-packages/airflow/example_dags/tutorial_taskflow_api_etl.py
[2024-08-10 08:17:06,285] {scheduler_job.py:629} INFO - Processing file /home/airflow/.local/lib/python3.6/site-packages/airflow/example_dags/tutorial_taskflow_api_etl.py for tasks to queue
[2024-08-10 08:17:06,286] {logging_mixin.py:104} INFO - [2024-08-10 08:17:06,286] {dagbag.py:451} INFO - Filling up the DagBag from /home/airflow/.local/lib/python3.6/site-packages/airflow/example_dags/tutorial_taskflow_api_etl.py
[2024-08-10 08:17:06,294] {scheduler_job.py:639} INFO - DAG(s) dict_keys(['tutorial_taskflow_api_etl']) retrieved from /home/airflow/.local/lib/python3.6/site-packages/airflow/example_dags/tutorial_taskflow_api_etl.py
[2024-08-10 08:17:06,355] {logging_mixin.py:104} INFO - [2024-08-10 08:17:06,355] {dag.py:1824} INFO - Sync 1 DAGs
[2024-08-10 08:17:06,371] {logging_mixin.py:104} INFO - [2024-08-10 08:17:06,371] {dag.py:2280} INFO - Setting next_dagrun for tutorial_taskflow_api_etl to None
[2024-08-10 08:17:06,384] {scheduler_job.py:190} INFO - Processing /home/airflow/.local/lib/python3.6/site-packages/airflow/example_dags/tutorial_taskflow_api_etl.py took 0.102 seconds
[2024-08-10 08:17:37,216] {scheduler_job.py:182} INFO - Started process (PID=61677) to work on /home/airflow/.local/lib/python3.6/site-packages/airflow/example_dags/tutorial_taskflow_api_etl.py
[2024-08-10 08:17:37,217] {scheduler_job.py:629} INFO - Processing file /home/airflow/.local/lib/python3.6/site-packages/airflow/example_dags/tutorial_taskflow_api_etl.py for tasks to queue
[2024-08-10 08:17:37,217] {logging_mixin.py:104} INFO - [2024-08-10 08:17:37,217] {dagbag.py:451} INFO - Filling up the DagBag from /home/airflow/.local/lib/python3.6/site-packages/airflow/example_dags/tutorial_taskflow_api_etl.py
[2024-08-10 08:17:37,225] {scheduler_job.py:639} INFO - DAG(s) dict_keys(['tutorial_taskflow_api_etl']) retrieved from /home/airflow/.local/lib/python3.6/site-packages/airflow/example_dags/tutorial_taskflow_api_etl.py
[2024-08-10 08:17:37,285] {logging_mixin.py:104} INFO - [2024-08-10 08:17:37,285] {dag.py:1824} INFO - Sync 1 DAGs
[2024-08-10 08:17:37,302] {logging_mixin.py:104} INFO - [2024-08-10 08:17:37,302] {dag.py:2280} INFO - Setting next_dagrun for tutorial_taskflow_api_etl to None
[2024-08-10 08:17:37,315] {scheduler_job.py:190} INFO - Processing /home/airflow/.local/lib/python3.6/site-packages/airflow/example_dags/tutorial_taskflow_api_etl.py took 0.101 seconds
[2024-08-10 08:18:07,927] {scheduler_job.py:182} INFO - Started process (PID=61706) to work on /home/airflow/.local/lib/python3.6/site-packages/airflow/example_dags/tutorial_taskflow_api_etl.py
[2024-08-10 08:18:07,928] {scheduler_job.py:629} INFO - Processing file /home/airflow/.local/lib/python3.6/site-packages/airflow/example_dags/tutorial_taskflow_api_etl.py for tasks to queue
[2024-08-10 08:18:07,929] {logging_mixin.py:104} INFO - [2024-08-10 08:18:07,929] {dagbag.py:451} INFO - Filling up the DagBag from /home/airflow/.local/lib/python3.6/site-packages/airflow/example_dags/tutorial_taskflow_api_etl.py
[2024-08-10 08:18:07,937] {scheduler_job.py:639} INFO - DAG(s) dict_keys(['tutorial_taskflow_api_etl']) retrieved from /home/airflow/.local/lib/python3.6/site-packages/airflow/example_dags/tutorial_taskflow_api_etl.py
[2024-08-10 08:18:08,001] {logging_mixin.py:104} INFO - [2024-08-10 08:18:08,001] {dag.py:1824} INFO - Sync 1 DAGs
[2024-08-10 08:18:08,018] {logging_mixin.py:104} INFO - [2024-08-10 08:18:08,018] {dag.py:2280} INFO - Setting next_dagrun for tutorial_taskflow_api_etl to None
[2024-08-10 08:18:08,032] {scheduler_job.py:190} INFO - Processing /home/airflow/.local/lib/python3.6/site-packages/airflow/example_dags/tutorial_taskflow_api_etl.py took 0.107 seconds
[2024-08-10 08:18:38,704] {scheduler_job.py:182} INFO - Started process (PID=61735) to work on /home/airflow/.local/lib/python3.6/site-packages/airflow/example_dags/tutorial_taskflow_api_etl.py
[2024-08-10 08:18:38,706] {scheduler_job.py:629} INFO - Processing file /home/airflow/.local/lib/python3.6/site-packages/airflow/example_dags/tutorial_taskflow_api_etl.py for tasks to queue
[2024-08-10 08:18:38,707] {logging_mixin.py:104} INFO - [2024-08-10 08:18:38,707] {dagbag.py:451} INFO - Filling up the DagBag from /home/airflow/.local/lib/python3.6/site-packages/airflow/example_dags/tutorial_taskflow_api_etl.py
[2024-08-10 08:18:38,715] {scheduler_job.py:639} INFO - DAG(s) dict_keys(['tutorial_taskflow_api_etl']) retrieved from /home/airflow/.local/lib/python3.6/site-packages/airflow/example_dags/tutorial_taskflow_api_etl.py
[2024-08-10 08:18:38,776] {logging_mixin.py:104} INFO - [2024-08-10 08:18:38,776] {dag.py:1824} INFO - Sync 1 DAGs
[2024-08-10 08:18:38,792] {logging_mixin.py:104} INFO - [2024-08-10 08:18:38,792] {dag.py:2280} INFO - Setting next_dagrun for tutorial_taskflow_api_etl to None
[2024-08-10 08:18:38,805] {scheduler_job.py:190} INFO - Processing /home/airflow/.local/lib/python3.6/site-packages/airflow/example_dags/tutorial_taskflow_api_etl.py took 0.103 seconds
[2024-08-10 08:19:09,509] {scheduler_job.py:182} INFO - Started process (PID=61764) to work on /home/airflow/.local/lib/python3.6/site-packages/airflow/example_dags/tutorial_taskflow_api_etl.py
[2024-08-10 08:19:09,510] {scheduler_job.py:629} INFO - Processing file /home/airflow/.local/lib/python3.6/site-packages/airflow/example_dags/tutorial_taskflow_api_etl.py for tasks to queue
[2024-08-10 08:19:09,512] {logging_mixin.py:104} INFO - [2024-08-10 08:19:09,512] {dagbag.py:451} INFO - Filling up the DagBag from /home/airflow/.local/lib/python3.6/site-packages/airflow/example_dags/tutorial_taskflow_api_etl.py
[2024-08-10 08:19:09,520] {scheduler_job.py:639} INFO - DAG(s) dict_keys(['tutorial_taskflow_api_etl']) retrieved from /home/airflow/.local/lib/python3.6/site-packages/airflow/example_dags/tutorial_taskflow_api_etl.py
[2024-08-10 08:19:09,582] {logging_mixin.py:104} INFO - [2024-08-10 08:19:09,581] {dag.py:1824} INFO - Sync 1 DAGs
[2024-08-10 08:19:09,597] {logging_mixin.py:104} INFO - [2024-08-10 08:19:09,597] {dag.py:2280} INFO - Setting next_dagrun for tutorial_taskflow_api_etl to None
[2024-08-10 08:19:09,609] {scheduler_job.py:190} INFO - Processing /home/airflow/.local/lib/python3.6/site-packages/airflow/example_dags/tutorial_taskflow_api_etl.py took 0.102 seconds
[2024-08-10 08:19:40,233] {scheduler_job.py:182} INFO - Started process (PID=61793) to work on /home/airflow/.local/lib/python3.6/site-packages/airflow/example_dags/tutorial_taskflow_api_etl.py
[2024-08-10 08:19:40,234] {scheduler_job.py:629} INFO - Processing file /home/airflow/.local/lib/python3.6/site-packages/airflow/example_dags/tutorial_taskflow_api_etl.py for tasks to queue
[2024-08-10 08:19:40,234] {logging_mixin.py:104} INFO - [2024-08-10 08:19:40,234] {dagbag.py:451} INFO - Filling up the DagBag from /home/airflow/.local/lib/python3.6/site-packages/airflow/example_dags/tutorial_taskflow_api_etl.py
[2024-08-10 08:19:40,242] {scheduler_job.py:639} INFO - DAG(s) dict_keys(['tutorial_taskflow_api_etl']) retrieved from /home/airflow/.local/lib/python3.6/site-packages/airflow/example_dags/tutorial_taskflow_api_etl.py
[2024-08-10 08:19:40,302] {logging_mixin.py:104} INFO - [2024-08-10 08:19:40,302] {dag.py:1824} INFO - Sync 1 DAGs
[2024-08-10 08:19:40,318] {logging_mixin.py:104} INFO - [2024-08-10 08:19:40,318] {dag.py:2280} INFO - Setting next_dagrun for tutorial_taskflow_api_etl to None
[2024-08-10 08:19:40,331] {scheduler_job.py:190} INFO - Processing /home/airflow/.local/lib/python3.6/site-packages/airflow/example_dags/tutorial_taskflow_api_etl.py took 0.100 seconds
[2024-08-10 08:20:11,057] {scheduler_job.py:182} INFO - Started process (PID=61822) to work on /home/airflow/.local/lib/python3.6/site-packages/airflow/example_dags/tutorial_taskflow_api_etl.py
[2024-08-10 08:20:11,058] {scheduler_job.py:629} INFO - Processing file /home/airflow/.local/lib/python3.6/site-packages/airflow/example_dags/tutorial_taskflow_api_etl.py for tasks to queue
[2024-08-10 08:20:11,058] {logging_mixin.py:104} INFO - [2024-08-10 08:20:11,058] {dagbag.py:451} INFO - Filling up the DagBag from /home/airflow/.local/lib/python3.6/site-packages/airflow/example_dags/tutorial_taskflow_api_etl.py
[2024-08-10 08:20:11,066] {scheduler_job.py:639} INFO - DAG(s) dict_keys(['tutorial_taskflow_api_etl']) retrieved from /home/airflow/.local/lib/python3.6/site-packages/airflow/example_dags/tutorial_taskflow_api_etl.py
[2024-08-10 08:20:11,146] {logging_mixin.py:104} INFO - [2024-08-10 08:20:11,146] {dag.py:1824} INFO - Sync 1 DAGs
[2024-08-10 08:20:11,162] {logging_mixin.py:104} INFO - [2024-08-10 08:20:11,162] {dag.py:2280} INFO - Setting next_dagrun for tutorial_taskflow_api_etl to None
[2024-08-10 08:20:11,176] {scheduler_job.py:190} INFO - Processing /home/airflow/.local/lib/python3.6/site-packages/airflow/example_dags/tutorial_taskflow_api_etl.py took 0.121 seconds
[2024-08-10 08:20:41,801] {scheduler_job.py:182} INFO - Started process (PID=61851) to work on /home/airflow/.local/lib/python3.6/site-packages/airflow/example_dags/tutorial_taskflow_api_etl.py
[2024-08-10 08:20:41,802] {scheduler_job.py:629} INFO - Processing file /home/airflow/.local/lib/python3.6/site-packages/airflow/example_dags/tutorial_taskflow_api_etl.py for tasks to queue
[2024-08-10 08:20:41,804] {logging_mixin.py:104} INFO - [2024-08-10 08:20:41,804] {dagbag.py:451} INFO - Filling up the DagBag from /home/airflow/.local/lib/python3.6/site-packages/airflow/example_dags/tutorial_taskflow_api_etl.py
[2024-08-10 08:20:41,813] {scheduler_job.py:639} INFO - DAG(s) dict_keys(['tutorial_taskflow_api_etl']) retrieved from /home/airflow/.local/lib/python3.6/site-packages/airflow/example_dags/tutorial_taskflow_api_etl.py
[2024-08-10 08:20:41,874] {logging_mixin.py:104} INFO - [2024-08-10 08:20:41,874] {dag.py:1824} INFO - Sync 1 DAGs
[2024-08-10 08:20:41,889] {logging_mixin.py:104} INFO - [2024-08-10 08:20:41,889] {dag.py:2280} INFO - Setting next_dagrun for tutorial_taskflow_api_etl to None
[2024-08-10 08:20:41,902] {scheduler_job.py:190} INFO - Processing /home/airflow/.local/lib/python3.6/site-packages/airflow/example_dags/tutorial_taskflow_api_etl.py took 0.103 seconds
[2024-08-10 08:21:12,536] {scheduler_job.py:182} INFO - Started process (PID=61880) to work on /home/airflow/.local/lib/python3.6/site-packages/airflow/example_dags/tutorial_taskflow_api_etl.py
[2024-08-10 08:21:12,537] {scheduler_job.py:629} INFO - Processing file /home/airflow/.local/lib/python3.6/site-packages/airflow/example_dags/tutorial_taskflow_api_etl.py for tasks to queue
[2024-08-10 08:21:12,537] {logging_mixin.py:104} INFO - [2024-08-10 08:21:12,537] {dagbag.py:451} INFO - Filling up the DagBag from /home/airflow/.local/lib/python3.6/site-packages/airflow/example_dags/tutorial_taskflow_api_etl.py
[2024-08-10 08:21:12,545] {scheduler_job.py:639} INFO - DAG(s) dict_keys(['tutorial_taskflow_api_etl']) retrieved from /home/airflow/.local/lib/python3.6/site-packages/airflow/example_dags/tutorial_taskflow_api_etl.py
[2024-08-10 08:21:12,609] {logging_mixin.py:104} INFO - [2024-08-10 08:21:12,609] {dag.py:1824} INFO - Sync 1 DAGs
[2024-08-10 08:21:12,625] {logging_mixin.py:104} INFO - [2024-08-10 08:21:12,625] {dag.py:2280} INFO - Setting next_dagrun for tutorial_taskflow_api_etl to None
[2024-08-10 08:21:12,639] {scheduler_job.py:190} INFO - Processing /home/airflow/.local/lib/python3.6/site-packages/airflow/example_dags/tutorial_taskflow_api_etl.py took 0.105 seconds
[2024-08-10 08:21:43,284] {scheduler_job.py:182} INFO - Started process (PID=61909) to work on /home/airflow/.local/lib/python3.6/site-packages/airflow/example_dags/tutorial_taskflow_api_etl.py
[2024-08-10 08:21:43,285] {scheduler_job.py:629} INFO - Processing file /home/airflow/.local/lib/python3.6/site-packages/airflow/example_dags/tutorial_taskflow_api_etl.py for tasks to queue
[2024-08-10 08:21:43,286] {logging_mixin.py:104} INFO - [2024-08-10 08:21:43,285] {dagbag.py:451} INFO - Filling up the DagBag from /home/airflow/.local/lib/python3.6/site-packages/airflow/example_dags/tutorial_taskflow_api_etl.py
[2024-08-10 08:21:43,293] {scheduler_job.py:639} INFO - DAG(s) dict_keys(['tutorial_taskflow_api_etl']) retrieved from /home/airflow/.local/lib/python3.6/site-packages/airflow/example_dags/tutorial_taskflow_api_etl.py
[2024-08-10 08:21:43,358] {logging_mixin.py:104} INFO - [2024-08-10 08:21:43,358] {dag.py:1824} INFO - Sync 1 DAGs
[2024-08-10 08:21:43,375] {logging_mixin.py:104} INFO - [2024-08-10 08:21:43,375] {dag.py:2280} INFO - Setting next_dagrun for tutorial_taskflow_api_etl to None
[2024-08-10 08:21:43,389] {scheduler_job.py:190} INFO - Processing /home/airflow/.local/lib/python3.6/site-packages/airflow/example_dags/tutorial_taskflow_api_etl.py took 0.107 seconds
[2024-08-10 08:22:14,093] {scheduler_job.py:182} INFO - Started process (PID=61938) to work on /home/airflow/.local/lib/python3.6/site-packages/airflow/example_dags/tutorial_taskflow_api_etl.py
[2024-08-10 08:22:14,094] {scheduler_job.py:629} INFO - Processing file /home/airflow/.local/lib/python3.6/site-packages/airflow/example_dags/tutorial_taskflow_api_etl.py for tasks to queue
[2024-08-10 08:22:14,094] {logging_mixin.py:104} INFO - [2024-08-10 08:22:14,094] {dagbag.py:451} INFO - Filling up the DagBag from /home/airflow/.local/lib/python3.6/site-packages/airflow/example_dags/tutorial_taskflow_api_etl.py
[2024-08-10 08:22:14,102] {scheduler_job.py:639} INFO - DAG(s) dict_keys(['tutorial_taskflow_api_etl']) retrieved from /home/airflow/.local/lib/python3.6/site-packages/airflow/example_dags/tutorial_taskflow_api_etl.py
[2024-08-10 08:22:14,163] {logging_mixin.py:104} INFO - [2024-08-10 08:22:14,163] {dag.py:1824} INFO - Sync 1 DAGs
[2024-08-10 08:22:14,180] {logging_mixin.py:104} INFO - [2024-08-10 08:22:14,180] {dag.py:2280} INFO - Setting next_dagrun for tutorial_taskflow_api_etl to None
[2024-08-10 08:22:14,194] {scheduler_job.py:190} INFO - Processing /home/airflow/.local/lib/python3.6/site-packages/airflow/example_dags/tutorial_taskflow_api_etl.py took 0.103 seconds
[2024-08-10 08:22:44,866] {scheduler_job.py:182} INFO - Started process (PID=61967) to work on /home/airflow/.local/lib/python3.6/site-packages/airflow/example_dags/tutorial_taskflow_api_etl.py
[2024-08-10 08:22:44,867] {scheduler_job.py:629} INFO - Processing file /home/airflow/.local/lib/python3.6/site-packages/airflow/example_dags/tutorial_taskflow_api_etl.py for tasks to queue
[2024-08-10 08:22:44,868] {logging_mixin.py:104} INFO - [2024-08-10 08:22:44,867] {dagbag.py:451} INFO - Filling up the DagBag from /home/airflow/.local/lib/python3.6/site-packages/airflow/example_dags/tutorial_taskflow_api_etl.py
[2024-08-10 08:22:44,875] {scheduler_job.py:639} INFO - DAG(s) dict_keys(['tutorial_taskflow_api_etl']) retrieved from /home/airflow/.local/lib/python3.6/site-packages/airflow/example_dags/tutorial_taskflow_api_etl.py
[2024-08-10 08:22:44,938] {logging_mixin.py:104} INFO - [2024-08-10 08:22:44,938] {dag.py:1824} INFO - Sync 1 DAGs
[2024-08-10 08:22:44,954] {logging_mixin.py:104} INFO - [2024-08-10 08:22:44,954] {dag.py:2280} INFO - Setting next_dagrun for tutorial_taskflow_api_etl to None
[2024-08-10 08:22:44,967] {scheduler_job.py:190} INFO - Processing /home/airflow/.local/lib/python3.6/site-packages/airflow/example_dags/tutorial_taskflow_api_etl.py took 0.103 seconds
[2024-08-10 19:59:44,370] {scheduler_job.py:182} INFO - Started process (PID=48) to work on /home/airflow/.local/lib/python3.6/site-packages/airflow/example_dags/tutorial_taskflow_api_etl.py
[2024-08-10 19:59:44,371] {scheduler_job.py:629} INFO - Processing file /home/airflow/.local/lib/python3.6/site-packages/airflow/example_dags/tutorial_taskflow_api_etl.py for tasks to queue
[2024-08-10 19:59:44,373] {logging_mixin.py:104} INFO - [2024-08-10 19:59:44,373] {dagbag.py:451} INFO - Filling up the DagBag from /home/airflow/.local/lib/python3.6/site-packages/airflow/example_dags/tutorial_taskflow_api_etl.py
[2024-08-10 19:59:44,384] {scheduler_job.py:639} INFO - DAG(s) dict_keys(['tutorial_taskflow_api_etl']) retrieved from /home/airflow/.local/lib/python3.6/site-packages/airflow/example_dags/tutorial_taskflow_api_etl.py
[2024-08-10 19:59:44,462] {logging_mixin.py:104} INFO - [2024-08-10 19:59:44,462] {dag.py:1824} INFO - Sync 1 DAGs
[2024-08-10 19:59:44,484] {logging_mixin.py:104} INFO - [2024-08-10 19:59:44,484] {dag.py:2280} INFO - Setting next_dagrun for tutorial_taskflow_api_etl to None
[2024-08-10 19:59:44,501] {scheduler_job.py:190} INFO - Processing /home/airflow/.local/lib/python3.6/site-packages/airflow/example_dags/tutorial_taskflow_api_etl.py took 0.133 seconds
[2024-08-10 20:00:15,860] {scheduler_job.py:182} INFO - Started process (PID=83) to work on /home/airflow/.local/lib/python3.6/site-packages/airflow/example_dags/tutorial_taskflow_api_etl.py
[2024-08-10 20:00:15,861] {scheduler_job.py:629} INFO - Processing file /home/airflow/.local/lib/python3.6/site-packages/airflow/example_dags/tutorial_taskflow_api_etl.py for tasks to queue
[2024-08-10 20:00:15,861] {logging_mixin.py:104} INFO - [2024-08-10 20:00:15,861] {dagbag.py:451} INFO - Filling up the DagBag from /home/airflow/.local/lib/python3.6/site-packages/airflow/example_dags/tutorial_taskflow_api_etl.py
[2024-08-10 20:00:15,868] {scheduler_job.py:639} INFO - DAG(s) dict_keys(['tutorial_taskflow_api_etl']) retrieved from /home/airflow/.local/lib/python3.6/site-packages/airflow/example_dags/tutorial_taskflow_api_etl.py
[2024-08-10 20:00:15,930] {logging_mixin.py:104} INFO - [2024-08-10 20:00:15,930] {dag.py:1824} INFO - Sync 1 DAGs
[2024-08-10 20:00:15,946] {logging_mixin.py:104} INFO - [2024-08-10 20:00:15,946] {dag.py:2280} INFO - Setting next_dagrun for tutorial_taskflow_api_etl to None
[2024-08-10 20:00:15,959] {scheduler_job.py:190} INFO - Processing /home/airflow/.local/lib/python3.6/site-packages/airflow/example_dags/tutorial_taskflow_api_etl.py took 0.101 seconds
[2024-08-10 21:00:37,358] {scheduler_job.py:182} INFO - Started process (PID=106) to work on /home/airflow/.local/lib/python3.6/site-packages/airflow/example_dags/tutorial_taskflow_api_etl.py
[2024-08-10 21:00:37,359] {scheduler_job.py:629} INFO - Processing file /home/airflow/.local/lib/python3.6/site-packages/airflow/example_dags/tutorial_taskflow_api_etl.py for tasks to queue
[2024-08-10 21:00:37,359] {logging_mixin.py:104} INFO - [2024-08-10 21:00:37,359] {dagbag.py:451} INFO - Filling up the DagBag from /home/airflow/.local/lib/python3.6/site-packages/airflow/example_dags/tutorial_taskflow_api_etl.py
[2024-08-10 21:00:37,367] {scheduler_job.py:639} INFO - DAG(s) dict_keys(['tutorial_taskflow_api_etl']) retrieved from /home/airflow/.local/lib/python3.6/site-packages/airflow/example_dags/tutorial_taskflow_api_etl.py
[2024-08-10 21:00:37,434] {logging_mixin.py:104} INFO - [2024-08-10 21:00:37,434] {dag.py:1824} INFO - Sync 1 DAGs
[2024-08-10 21:00:37,453] {logging_mixin.py:104} INFO - [2024-08-10 21:00:37,453] {dag.py:2280} INFO - Setting next_dagrun for tutorial_taskflow_api_etl to None
[2024-08-10 21:00:37,469] {scheduler_job.py:190} INFO - Processing /home/airflow/.local/lib/python3.6/site-packages/airflow/example_dags/tutorial_taskflow_api_etl.py took 0.113 seconds
[2024-08-10 21:01:08,499] {scheduler_job.py:182} INFO - Started process (PID=141) to work on /home/airflow/.local/lib/python3.6/site-packages/airflow/example_dags/tutorial_taskflow_api_etl.py
[2024-08-10 21:01:08,501] {scheduler_job.py:629} INFO - Processing file /home/airflow/.local/lib/python3.6/site-packages/airflow/example_dags/tutorial_taskflow_api_etl.py for tasks to queue
[2024-08-10 21:01:08,501] {logging_mixin.py:104} INFO - [2024-08-10 21:01:08,501] {dagbag.py:451} INFO - Filling up the DagBag from /home/airflow/.local/lib/python3.6/site-packages/airflow/example_dags/tutorial_taskflow_api_etl.py
[2024-08-10 21:01:08,508] {scheduler_job.py:639} INFO - DAG(s) dict_keys(['tutorial_taskflow_api_etl']) retrieved from /home/airflow/.local/lib/python3.6/site-packages/airflow/example_dags/tutorial_taskflow_api_etl.py
[2024-08-10 21:01:08,567] {logging_mixin.py:104} INFO - [2024-08-10 21:01:08,567] {dag.py:1824} INFO - Sync 1 DAGs
[2024-08-10 21:01:08,583] {logging_mixin.py:104} INFO - [2024-08-10 21:01:08,583] {dag.py:2280} INFO - Setting next_dagrun for tutorial_taskflow_api_etl to None
[2024-08-10 21:01:08,595] {scheduler_job.py:190} INFO - Processing /home/airflow/.local/lib/python3.6/site-packages/airflow/example_dags/tutorial_taskflow_api_etl.py took 0.098 seconds
[2024-08-10 21:16:45,759] {scheduler_job.py:182} INFO - Started process (PID=164) to work on /home/airflow/.local/lib/python3.6/site-packages/airflow/example_dags/tutorial_taskflow_api_etl.py
[2024-08-10 21:16:45,760] {scheduler_job.py:629} INFO - Processing file /home/airflow/.local/lib/python3.6/site-packages/airflow/example_dags/tutorial_taskflow_api_etl.py for tasks to queue
[2024-08-10 21:16:45,760] {logging_mixin.py:104} INFO - [2024-08-10 21:16:45,760] {dagbag.py:451} INFO - Filling up the DagBag from /home/airflow/.local/lib/python3.6/site-packages/airflow/example_dags/tutorial_taskflow_api_etl.py
[2024-08-10 21:16:45,768] {scheduler_job.py:639} INFO - DAG(s) dict_keys(['tutorial_taskflow_api_etl']) retrieved from /home/airflow/.local/lib/python3.6/site-packages/airflow/example_dags/tutorial_taskflow_api_etl.py
[2024-08-10 21:16:45,833] {logging_mixin.py:104} INFO - [2024-08-10 21:16:45,833] {dag.py:1824} INFO - Sync 1 DAGs
[2024-08-10 21:16:45,857] {logging_mixin.py:104} INFO - [2024-08-10 21:16:45,857] {dag.py:2280} INFO - Setting next_dagrun for tutorial_taskflow_api_etl to None
[2024-08-10 21:16:45,875] {scheduler_job.py:190} INFO - Processing /home/airflow/.local/lib/python3.6/site-packages/airflow/example_dags/tutorial_taskflow_api_etl.py took 0.119 seconds
[2024-08-10 21:21:48,235] {scheduler_job.py:182} INFO - Started process (PID=193) to work on /home/airflow/.local/lib/python3.6/site-packages/airflow/example_dags/tutorial_taskflow_api_etl.py
[2024-08-10 21:21:48,236] {scheduler_job.py:629} INFO - Processing file /home/airflow/.local/lib/python3.6/site-packages/airflow/example_dags/tutorial_taskflow_api_etl.py for tasks to queue
[2024-08-10 21:21:48,236] {logging_mixin.py:104} INFO - [2024-08-10 21:21:48,236] {dagbag.py:451} INFO - Filling up the DagBag from /home/airflow/.local/lib/python3.6/site-packages/airflow/example_dags/tutorial_taskflow_api_etl.py
[2024-08-10 21:21:48,244] {scheduler_job.py:639} INFO - DAG(s) dict_keys(['tutorial_taskflow_api_etl']) retrieved from /home/airflow/.local/lib/python3.6/site-packages/airflow/example_dags/tutorial_taskflow_api_etl.py
[2024-08-10 21:21:48,303] {logging_mixin.py:104} INFO - [2024-08-10 21:21:48,303] {dag.py:1824} INFO - Sync 1 DAGs
[2024-08-10 21:21:48,318] {logging_mixin.py:104} INFO - [2024-08-10 21:21:48,318] {dag.py:2280} INFO - Setting next_dagrun for tutorial_taskflow_api_etl to None
[2024-08-10 21:21:48,336] {scheduler_job.py:190} INFO - Processing /home/airflow/.local/lib/python3.6/site-packages/airflow/example_dags/tutorial_taskflow_api_etl.py took 0.102 seconds
[2024-08-10 21:22:19,172] {scheduler_job.py:182} INFO - Started process (PID=222) to work on /home/airflow/.local/lib/python3.6/site-packages/airflow/example_dags/tutorial_taskflow_api_etl.py
[2024-08-10 21:22:19,173] {scheduler_job.py:629} INFO - Processing file /home/airflow/.local/lib/python3.6/site-packages/airflow/example_dags/tutorial_taskflow_api_etl.py for tasks to queue
[2024-08-10 21:22:19,173] {logging_mixin.py:104} INFO - [2024-08-10 21:22:19,173] {dagbag.py:451} INFO - Filling up the DagBag from /home/airflow/.local/lib/python3.6/site-packages/airflow/example_dags/tutorial_taskflow_api_etl.py
[2024-08-10 21:22:19,179] {scheduler_job.py:639} INFO - DAG(s) dict_keys(['tutorial_taskflow_api_etl']) retrieved from /home/airflow/.local/lib/python3.6/site-packages/airflow/example_dags/tutorial_taskflow_api_etl.py
[2024-08-10 21:22:19,238] {logging_mixin.py:104} INFO - [2024-08-10 21:22:19,238] {dag.py:1824} INFO - Sync 1 DAGs
[2024-08-10 21:22:19,254] {logging_mixin.py:104} INFO - [2024-08-10 21:22:19,254] {dag.py:2280} INFO - Setting next_dagrun for tutorial_taskflow_api_etl to None
[2024-08-10 21:22:19,267] {scheduler_job.py:190} INFO - Processing /home/airflow/.local/lib/python3.6/site-packages/airflow/example_dags/tutorial_taskflow_api_etl.py took 0.097 seconds
[2024-08-10 21:45:45,897] {scheduler_job.py:182} INFO - Started process (PID=251) to work on /home/airflow/.local/lib/python3.6/site-packages/airflow/example_dags/tutorial_taskflow_api_etl.py
[2024-08-10 21:45:45,898] {scheduler_job.py:629} INFO - Processing file /home/airflow/.local/lib/python3.6/site-packages/airflow/example_dags/tutorial_taskflow_api_etl.py for tasks to queue
[2024-08-10 21:45:45,898] {logging_mixin.py:104} INFO - [2024-08-10 21:45:45,898] {dagbag.py:451} INFO - Filling up the DagBag from /home/airflow/.local/lib/python3.6/site-packages/airflow/example_dags/tutorial_taskflow_api_etl.py
[2024-08-10 21:45:45,906] {scheduler_job.py:639} INFO - DAG(s) dict_keys(['tutorial_taskflow_api_etl']) retrieved from /home/airflow/.local/lib/python3.6/site-packages/airflow/example_dags/tutorial_taskflow_api_etl.py
[2024-08-10 21:45:45,997] {logging_mixin.py:104} INFO - [2024-08-10 21:45:45,997] {dag.py:1824} INFO - Sync 1 DAGs
[2024-08-10 21:45:46,024] {logging_mixin.py:104} INFO - [2024-08-10 21:45:46,024] {dag.py:2280} INFO - Setting next_dagrun for tutorial_taskflow_api_etl to None
[2024-08-10 21:45:46,043] {scheduler_job.py:190} INFO - Processing /home/airflow/.local/lib/python3.6/site-packages/airflow/example_dags/tutorial_taskflow_api_etl.py took 0.148 seconds
[2024-08-10 21:46:16,928] {scheduler_job.py:182} INFO - Started process (PID=280) to work on /home/airflow/.local/lib/python3.6/site-packages/airflow/example_dags/tutorial_taskflow_api_etl.py
[2024-08-10 21:46:16,929] {scheduler_job.py:629} INFO - Processing file /home/airflow/.local/lib/python3.6/site-packages/airflow/example_dags/tutorial_taskflow_api_etl.py for tasks to queue
[2024-08-10 21:46:16,929] {logging_mixin.py:104} INFO - [2024-08-10 21:46:16,929] {dagbag.py:451} INFO - Filling up the DagBag from /home/airflow/.local/lib/python3.6/site-packages/airflow/example_dags/tutorial_taskflow_api_etl.py
[2024-08-10 21:46:16,936] {scheduler_job.py:639} INFO - DAG(s) dict_keys(['tutorial_taskflow_api_etl']) retrieved from /home/airflow/.local/lib/python3.6/site-packages/airflow/example_dags/tutorial_taskflow_api_etl.py
[2024-08-10 21:46:16,996] {logging_mixin.py:104} INFO - [2024-08-10 21:46:16,996] {dag.py:1824} INFO - Sync 1 DAGs
[2024-08-10 21:46:17,012] {logging_mixin.py:104} INFO - [2024-08-10 21:46:17,012] {dag.py:2280} INFO - Setting next_dagrun for tutorial_taskflow_api_etl to None
[2024-08-10 21:46:17,024] {scheduler_job.py:190} INFO - Processing /home/airflow/.local/lib/python3.6/site-packages/airflow/example_dags/tutorial_taskflow_api_etl.py took 0.098 seconds
[2024-08-10 22:01:47,407] {scheduler_job.py:182} INFO - Started process (PID=309) to work on /home/airflow/.local/lib/python3.6/site-packages/airflow/example_dags/tutorial_taskflow_api_etl.py
[2024-08-10 22:01:47,408] {scheduler_job.py:629} INFO - Processing file /home/airflow/.local/lib/python3.6/site-packages/airflow/example_dags/tutorial_taskflow_api_etl.py for tasks to queue
[2024-08-10 22:01:47,409] {logging_mixin.py:104} INFO - [2024-08-10 22:01:47,409] {dagbag.py:451} INFO - Filling up the DagBag from /home/airflow/.local/lib/python3.6/site-packages/airflow/example_dags/tutorial_taskflow_api_etl.py
[2024-08-10 22:01:47,422] {scheduler_job.py:639} INFO - DAG(s) dict_keys(['tutorial_taskflow_api_etl']) retrieved from /home/airflow/.local/lib/python3.6/site-packages/airflow/example_dags/tutorial_taskflow_api_etl.py
[2024-08-10 22:01:47,501] {logging_mixin.py:104} INFO - [2024-08-10 22:01:47,501] {dag.py:1824} INFO - Sync 1 DAGs
[2024-08-10 22:01:47,523] {logging_mixin.py:104} INFO - [2024-08-10 22:01:47,523] {dag.py:2280} INFO - Setting next_dagrun for tutorial_taskflow_api_etl to None
[2024-08-10 22:01:47,541] {scheduler_job.py:190} INFO - Processing /home/airflow/.local/lib/python3.6/site-packages/airflow/example_dags/tutorial_taskflow_api_etl.py took 0.136 seconds
[2024-08-10 22:08:20,207] {scheduler_job.py:182} INFO - Started process (PID=338) to work on /home/airflow/.local/lib/python3.6/site-packages/airflow/example_dags/tutorial_taskflow_api_etl.py
[2024-08-10 22:08:20,208] {scheduler_job.py:629} INFO - Processing file /home/airflow/.local/lib/python3.6/site-packages/airflow/example_dags/tutorial_taskflow_api_etl.py for tasks to queue
[2024-08-10 22:08:20,208] {logging_mixin.py:104} INFO - [2024-08-10 22:08:20,208] {dagbag.py:451} INFO - Filling up the DagBag from /home/airflow/.local/lib/python3.6/site-packages/airflow/example_dags/tutorial_taskflow_api_etl.py
[2024-08-10 22:08:20,220] {scheduler_job.py:639} INFO - DAG(s) dict_keys(['tutorial_taskflow_api_etl']) retrieved from /home/airflow/.local/lib/python3.6/site-packages/airflow/example_dags/tutorial_taskflow_api_etl.py
[2024-08-10 22:08:20,306] {logging_mixin.py:104} INFO - [2024-08-10 22:08:20,306] {dag.py:1824} INFO - Sync 1 DAGs
[2024-08-10 22:08:20,333] {logging_mixin.py:104} INFO - [2024-08-10 22:08:20,333] {dag.py:2280} INFO - Setting next_dagrun for tutorial_taskflow_api_etl to None
[2024-08-10 22:08:20,349] {scheduler_job.py:190} INFO - Processing /home/airflow/.local/lib/python3.6/site-packages/airflow/example_dags/tutorial_taskflow_api_etl.py took 0.143 seconds
[2024-08-10 22:08:50,393] {scheduler_job.py:182} INFO - Started process (PID=367) to work on /home/airflow/.local/lib/python3.6/site-packages/airflow/example_dags/tutorial_taskflow_api_etl.py
[2024-08-10 22:08:50,394] {scheduler_job.py:629} INFO - Processing file /home/airflow/.local/lib/python3.6/site-packages/airflow/example_dags/tutorial_taskflow_api_etl.py for tasks to queue
[2024-08-10 22:08:50,394] {logging_mixin.py:104} INFO - [2024-08-10 22:08:50,394] {dagbag.py:451} INFO - Filling up the DagBag from /home/airflow/.local/lib/python3.6/site-packages/airflow/example_dags/tutorial_taskflow_api_etl.py
[2024-08-10 22:08:50,400] {scheduler_job.py:639} INFO - DAG(s) dict_keys(['tutorial_taskflow_api_etl']) retrieved from /home/airflow/.local/lib/python3.6/site-packages/airflow/example_dags/tutorial_taskflow_api_etl.py
[2024-08-10 22:08:50,459] {logging_mixin.py:104} INFO - [2024-08-10 22:08:50,459] {dag.py:1824} INFO - Sync 1 DAGs
[2024-08-10 22:08:50,474] {logging_mixin.py:104} INFO - [2024-08-10 22:08:50,474] {dag.py:2280} INFO - Setting next_dagrun for tutorial_taskflow_api_etl to None
[2024-08-10 22:08:50,486] {scheduler_job.py:190} INFO - Processing /home/airflow/.local/lib/python3.6/site-packages/airflow/example_dags/tutorial_taskflow_api_etl.py took 0.095 seconds
[2024-08-10 22:13:48,832] {scheduler_job.py:182} INFO - Started process (PID=396) to work on /home/airflow/.local/lib/python3.6/site-packages/airflow/example_dags/tutorial_taskflow_api_etl.py
[2024-08-10 22:13:48,834] {scheduler_job.py:629} INFO - Processing file /home/airflow/.local/lib/python3.6/site-packages/airflow/example_dags/tutorial_taskflow_api_etl.py for tasks to queue
[2024-08-10 22:13:48,835] {logging_mixin.py:104} INFO - [2024-08-10 22:13:48,835] {dagbag.py:451} INFO - Filling up the DagBag from /home/airflow/.local/lib/python3.6/site-packages/airflow/example_dags/tutorial_taskflow_api_etl.py
[2024-08-10 22:13:48,846] {scheduler_job.py:639} INFO - DAG(s) dict_keys(['tutorial_taskflow_api_etl']) retrieved from /home/airflow/.local/lib/python3.6/site-packages/airflow/example_dags/tutorial_taskflow_api_etl.py
[2024-08-10 22:13:48,906] {logging_mixin.py:104} INFO - [2024-08-10 22:13:48,906] {dag.py:1824} INFO - Sync 1 DAGs
[2024-08-10 22:13:48,922] {logging_mixin.py:104} INFO - [2024-08-10 22:13:48,922] {dag.py:2280} INFO - Setting next_dagrun for tutorial_taskflow_api_etl to None
[2024-08-10 22:13:48,935] {scheduler_job.py:190} INFO - Processing /home/airflow/.local/lib/python3.6/site-packages/airflow/example_dags/tutorial_taskflow_api_etl.py took 0.104 seconds
[2024-08-10 22:17:46,170] {scheduler_job.py:182} INFO - Started process (PID=425) to work on /home/airflow/.local/lib/python3.6/site-packages/airflow/example_dags/tutorial_taskflow_api_etl.py
[2024-08-10 22:17:46,170] {scheduler_job.py:629} INFO - Processing file /home/airflow/.local/lib/python3.6/site-packages/airflow/example_dags/tutorial_taskflow_api_etl.py for tasks to queue
[2024-08-10 22:17:46,171] {logging_mixin.py:104} INFO - [2024-08-10 22:17:46,171] {dagbag.py:451} INFO - Filling up the DagBag from /home/airflow/.local/lib/python3.6/site-packages/airflow/example_dags/tutorial_taskflow_api_etl.py
[2024-08-10 22:17:46,178] {scheduler_job.py:639} INFO - DAG(s) dict_keys(['tutorial_taskflow_api_etl']) retrieved from /home/airflow/.local/lib/python3.6/site-packages/airflow/example_dags/tutorial_taskflow_api_etl.py
[2024-08-10 22:17:46,242] {logging_mixin.py:104} INFO - [2024-08-10 22:17:46,242] {dag.py:1824} INFO - Sync 1 DAGs
[2024-08-10 22:17:46,258] {logging_mixin.py:104} INFO - [2024-08-10 22:17:46,258] {dag.py:2280} INFO - Setting next_dagrun for tutorial_taskflow_api_etl to None
[2024-08-10 22:17:46,271] {scheduler_job.py:190} INFO - Processing /home/airflow/.local/lib/python3.6/site-packages/airflow/example_dags/tutorial_taskflow_api_etl.py took 0.103 seconds
[2024-08-10 22:18:17,425] {scheduler_job.py:182} INFO - Started process (PID=461) to work on /home/airflow/.local/lib/python3.6/site-packages/airflow/example_dags/tutorial_taskflow_api_etl.py
[2024-08-10 22:18:17,426] {scheduler_job.py:629} INFO - Processing file /home/airflow/.local/lib/python3.6/site-packages/airflow/example_dags/tutorial_taskflow_api_etl.py for tasks to queue
[2024-08-10 22:18:17,427] {logging_mixin.py:104} INFO - [2024-08-10 22:18:17,427] {dagbag.py:451} INFO - Filling up the DagBag from /home/airflow/.local/lib/python3.6/site-packages/airflow/example_dags/tutorial_taskflow_api_etl.py
[2024-08-10 22:18:17,434] {scheduler_job.py:639} INFO - DAG(s) dict_keys(['tutorial_taskflow_api_etl']) retrieved from /home/airflow/.local/lib/python3.6/site-packages/airflow/example_dags/tutorial_taskflow_api_etl.py
[2024-08-10 22:18:17,505] {logging_mixin.py:104} INFO - [2024-08-10 22:18:17,505] {dag.py:1824} INFO - Sync 1 DAGs
[2024-08-10 22:18:17,521] {logging_mixin.py:104} INFO - [2024-08-10 22:18:17,521] {dag.py:2280} INFO - Setting next_dagrun for tutorial_taskflow_api_etl to None
[2024-08-10 22:18:17,534] {scheduler_job.py:190} INFO - Processing /home/airflow/.local/lib/python3.6/site-packages/airflow/example_dags/tutorial_taskflow_api_etl.py took 0.110 seconds
[2024-08-10 22:18:48,170] {scheduler_job.py:182} INFO - Started process (PID=490) to work on /home/airflow/.local/lib/python3.6/site-packages/airflow/example_dags/tutorial_taskflow_api_etl.py
[2024-08-10 22:18:48,171] {scheduler_job.py:629} INFO - Processing file /home/airflow/.local/lib/python3.6/site-packages/airflow/example_dags/tutorial_taskflow_api_etl.py for tasks to queue
[2024-08-10 22:18:48,171] {logging_mixin.py:104} INFO - [2024-08-10 22:18:48,171] {dagbag.py:451} INFO - Filling up the DagBag from /home/airflow/.local/lib/python3.6/site-packages/airflow/example_dags/tutorial_taskflow_api_etl.py
[2024-08-10 22:18:48,179] {scheduler_job.py:639} INFO - DAG(s) dict_keys(['tutorial_taskflow_api_etl']) retrieved from /home/airflow/.local/lib/python3.6/site-packages/airflow/example_dags/tutorial_taskflow_api_etl.py
[2024-08-10 22:18:48,243] {logging_mixin.py:104} INFO - [2024-08-10 22:18:48,243] {dag.py:1824} INFO - Sync 1 DAGs
[2024-08-10 22:18:48,261] {logging_mixin.py:104} INFO - [2024-08-10 22:18:48,261] {dag.py:2280} INFO - Setting next_dagrun for tutorial_taskflow_api_etl to None
[2024-08-10 22:18:48,274] {scheduler_job.py:190} INFO - Processing /home/airflow/.local/lib/python3.6/site-packages/airflow/example_dags/tutorial_taskflow_api_etl.py took 0.106 seconds
[2024-08-10 22:19:19,162] {scheduler_job.py:182} INFO - Started process (PID=520) to work on /home/airflow/.local/lib/python3.6/site-packages/airflow/example_dags/tutorial_taskflow_api_etl.py
[2024-08-10 22:19:19,163] {scheduler_job.py:629} INFO - Processing file /home/airflow/.local/lib/python3.6/site-packages/airflow/example_dags/tutorial_taskflow_api_etl.py for tasks to queue
[2024-08-10 22:19:19,163] {logging_mixin.py:104} INFO - [2024-08-10 22:19:19,163] {dagbag.py:451} INFO - Filling up the DagBag from /home/airflow/.local/lib/python3.6/site-packages/airflow/example_dags/tutorial_taskflow_api_etl.py
[2024-08-10 22:19:19,170] {scheduler_job.py:639} INFO - DAG(s) dict_keys(['tutorial_taskflow_api_etl']) retrieved from /home/airflow/.local/lib/python3.6/site-packages/airflow/example_dags/tutorial_taskflow_api_etl.py
[2024-08-10 22:19:19,231] {logging_mixin.py:104} INFO - [2024-08-10 22:19:19,231] {dag.py:1824} INFO - Sync 1 DAGs
[2024-08-10 22:19:19,247] {logging_mixin.py:104} INFO - [2024-08-10 22:19:19,247] {dag.py:2280} INFO - Setting next_dagrun for tutorial_taskflow_api_etl to None
[2024-08-10 22:19:19,259] {scheduler_job.py:190} INFO - Processing /home/airflow/.local/lib/python3.6/site-packages/airflow/example_dags/tutorial_taskflow_api_etl.py took 0.099 seconds
[2024-08-10 22:27:20,914] {scheduler_job.py:182} INFO - Started process (PID=541) to work on /home/airflow/.local/lib/python3.6/site-packages/airflow/example_dags/tutorial_taskflow_api_etl.py
[2024-08-10 22:27:20,916] {scheduler_job.py:629} INFO - Processing file /home/airflow/.local/lib/python3.6/site-packages/airflow/example_dags/tutorial_taskflow_api_etl.py for tasks to queue
[2024-08-10 22:27:20,916] {logging_mixin.py:104} INFO - [2024-08-10 22:27:20,916] {dagbag.py:451} INFO - Filling up the DagBag from /home/airflow/.local/lib/python3.6/site-packages/airflow/example_dags/tutorial_taskflow_api_etl.py
[2024-08-10 22:27:20,928] {scheduler_job.py:639} INFO - DAG(s) dict_keys(['tutorial_taskflow_api_etl']) retrieved from /home/airflow/.local/lib/python3.6/site-packages/airflow/example_dags/tutorial_taskflow_api_etl.py
[2024-08-10 22:27:21,014] {logging_mixin.py:104} INFO - [2024-08-10 22:27:21,014] {dag.py:1824} INFO - Sync 1 DAGs
[2024-08-10 22:27:21,034] {logging_mixin.py:104} INFO - [2024-08-10 22:27:21,034] {dag.py:2280} INFO - Setting next_dagrun for tutorial_taskflow_api_etl to None
[2024-08-10 22:27:21,049] {scheduler_job.py:190} INFO - Processing /home/airflow/.local/lib/python3.6/site-packages/airflow/example_dags/tutorial_taskflow_api_etl.py took 0.137 seconds
[2024-08-10 23:00:13,911] {scheduler_job.py:182} INFO - Started process (PID=570) to work on /home/airflow/.local/lib/python3.6/site-packages/airflow/example_dags/tutorial_taskflow_api_etl.py
[2024-08-10 23:00:13,912] {scheduler_job.py:629} INFO - Processing file /home/airflow/.local/lib/python3.6/site-packages/airflow/example_dags/tutorial_taskflow_api_etl.py for tasks to queue
[2024-08-10 23:00:13,913] {logging_mixin.py:104} INFO - [2024-08-10 23:00:13,913] {dagbag.py:451} INFO - Filling up the DagBag from /home/airflow/.local/lib/python3.6/site-packages/airflow/example_dags/tutorial_taskflow_api_etl.py
[2024-08-10 23:00:13,922] {scheduler_job.py:639} INFO - DAG(s) dict_keys(['tutorial_taskflow_api_etl']) retrieved from /home/airflow/.local/lib/python3.6/site-packages/airflow/example_dags/tutorial_taskflow_api_etl.py
[2024-08-10 23:00:13,986] {logging_mixin.py:104} INFO - [2024-08-10 23:00:13,986] {dag.py:1824} INFO - Sync 1 DAGs
[2024-08-10 23:00:14,007] {logging_mixin.py:104} INFO - [2024-08-10 23:00:14,007] {dag.py:2280} INFO - Setting next_dagrun for tutorial_taskflow_api_etl to None
[2024-08-10 23:00:14,026] {scheduler_job.py:190} INFO - Processing /home/airflow/.local/lib/python3.6/site-packages/airflow/example_dags/tutorial_taskflow_api_etl.py took 0.119 seconds
[2024-08-10 23:02:54,479] {scheduler_job.py:182} INFO - Started process (PID=599) to work on /home/airflow/.local/lib/python3.6/site-packages/airflow/example_dags/tutorial_taskflow_api_etl.py
[2024-08-10 23:02:54,481] {scheduler_job.py:629} INFO - Processing file /home/airflow/.local/lib/python3.6/site-packages/airflow/example_dags/tutorial_taskflow_api_etl.py for tasks to queue
[2024-08-10 23:02:54,482] {logging_mixin.py:104} INFO - [2024-08-10 23:02:54,482] {dagbag.py:451} INFO - Filling up the DagBag from /home/airflow/.local/lib/python3.6/site-packages/airflow/example_dags/tutorial_taskflow_api_etl.py
[2024-08-10 23:02:54,489] {scheduler_job.py:639} INFO - DAG(s) dict_keys(['tutorial_taskflow_api_etl']) retrieved from /home/airflow/.local/lib/python3.6/site-packages/airflow/example_dags/tutorial_taskflow_api_etl.py
[2024-08-10 23:02:54,550] {logging_mixin.py:104} INFO - [2024-08-10 23:02:54,549] {dag.py:1824} INFO - Sync 1 DAGs
[2024-08-10 23:02:54,566] {logging_mixin.py:104} INFO - [2024-08-10 23:02:54,566] {dag.py:2280} INFO - Setting next_dagrun for tutorial_taskflow_api_etl to None
[2024-08-10 23:02:54,580] {scheduler_job.py:190} INFO - Processing /home/airflow/.local/lib/python3.6/site-packages/airflow/example_dags/tutorial_taskflow_api_etl.py took 0.103 seconds
[2024-08-10 23:14:08,788] {scheduler_job.py:182} INFO - Started process (PID=628) to work on /home/airflow/.local/lib/python3.6/site-packages/airflow/example_dags/tutorial_taskflow_api_etl.py
[2024-08-10 23:14:08,790] {scheduler_job.py:629} INFO - Processing file /home/airflow/.local/lib/python3.6/site-packages/airflow/example_dags/tutorial_taskflow_api_etl.py for tasks to queue
[2024-08-10 23:14:08,790] {logging_mixin.py:104} INFO - [2024-08-10 23:14:08,790] {dagbag.py:451} INFO - Filling up the DagBag from /home/airflow/.local/lib/python3.6/site-packages/airflow/example_dags/tutorial_taskflow_api_etl.py
[2024-08-10 23:14:08,798] {scheduler_job.py:639} INFO - DAG(s) dict_keys(['tutorial_taskflow_api_etl']) retrieved from /home/airflow/.local/lib/python3.6/site-packages/airflow/example_dags/tutorial_taskflow_api_etl.py
[2024-08-10 23:14:08,858] {logging_mixin.py:104} INFO - [2024-08-10 23:14:08,858] {dag.py:1824} INFO - Sync 1 DAGs
[2024-08-10 23:14:08,881] {logging_mixin.py:104} INFO - [2024-08-10 23:14:08,881] {dag.py:2280} INFO - Setting next_dagrun for tutorial_taskflow_api_etl to None
[2024-08-10 23:14:08,901] {scheduler_job.py:190} INFO - Processing /home/airflow/.local/lib/python3.6/site-packages/airflow/example_dags/tutorial_taskflow_api_etl.py took 0.115 seconds
[2024-08-10 23:14:40,108] {scheduler_job.py:182} INFO - Started process (PID=665) to work on /home/airflow/.local/lib/python3.6/site-packages/airflow/example_dags/tutorial_taskflow_api_etl.py
[2024-08-10 23:14:40,109] {scheduler_job.py:629} INFO - Processing file /home/airflow/.local/lib/python3.6/site-packages/airflow/example_dags/tutorial_taskflow_api_etl.py for tasks to queue
[2024-08-10 23:14:40,109] {logging_mixin.py:104} INFO - [2024-08-10 23:14:40,109] {dagbag.py:451} INFO - Filling up the DagBag from /home/airflow/.local/lib/python3.6/site-packages/airflow/example_dags/tutorial_taskflow_api_etl.py
[2024-08-10 23:14:40,116] {scheduler_job.py:639} INFO - DAG(s) dict_keys(['tutorial_taskflow_api_etl']) retrieved from /home/airflow/.local/lib/python3.6/site-packages/airflow/example_dags/tutorial_taskflow_api_etl.py
[2024-08-10 23:14:40,177] {logging_mixin.py:104} INFO - [2024-08-10 23:14:40,177] {dag.py:1824} INFO - Sync 1 DAGs
[2024-08-10 23:14:40,196] {logging_mixin.py:104} INFO - [2024-08-10 23:14:40,196] {dag.py:2280} INFO - Setting next_dagrun for tutorial_taskflow_api_etl to None
[2024-08-10 23:14:40,208] {scheduler_job.py:190} INFO - Processing /home/airflow/.local/lib/python3.6/site-packages/airflow/example_dags/tutorial_taskflow_api_etl.py took 0.102 seconds
