[2024-08-01 09:14:07,626] {taskinstance.py:877} INFO - Dependencies all met for <TaskInstance: tutorial.print_date 2024-08-01T09:14:06.142415+00:00 [queued]>
[2024-08-01 09:14:07,637] {taskinstance.py:877} INFO - Dependencies all met for <TaskInstance: tutorial.print_date 2024-08-01T09:14:06.142415+00:00 [queued]>
[2024-08-01 09:14:07,637] {taskinstance.py:1068} INFO - 
--------------------------------------------------------------------------------
[2024-08-01 09:14:07,637] {taskinstance.py:1069} INFO - Starting attempt 1 of 2
[2024-08-01 09:14:07,637] {taskinstance.py:1070} INFO - 
--------------------------------------------------------------------------------
[2024-08-01 09:14:07,687] {taskinstance.py:1089} INFO - Executing <Task(BashOperator): print_date> on 2024-08-01T09:14:06.142415+00:00
[2024-08-01 09:14:07,689] {standard_task_runner.py:52} INFO - Started process 112 to run task
[2024-08-01 09:14:07,691] {standard_task_runner.py:76} INFO - Running: ['airflow', 'tasks', 'run', 'tutorial', 'print_date', '2024-08-01T09:14:06.142415+00:00', '--job-id', '25', '--pool', 'default_pool', '--raw', '--subdir', '/home/airflow/.local/lib/python3.6/site-packages/airflow/example_dags/tutorial.py', '--cfg-path', '/tmp/tmpwb76c8r1', '--error-file', '/tmp/tmpx1tfd5_4']
[2024-08-01 09:14:07,692] {standard_task_runner.py:77} INFO - Job 25: Subtask print_date
[2024-08-01 09:14:07,819] {logging_mixin.py:104} INFO - Running <TaskInstance: tutorial.print_date 2024-08-01T09:14:06.142415+00:00 [running]> on host c1647bf37a42
[2024-08-01 09:14:07,986] {taskinstance.py:1283} INFO - Exporting the following env vars:
AIRFLOW_CTX_DAG_EMAIL=airflow@example.com
AIRFLOW_CTX_DAG_OWNER=airflow
AIRFLOW_CTX_DAG_ID=tutorial
AIRFLOW_CTX_TASK_ID=print_date
AIRFLOW_CTX_EXECUTION_DATE=2024-08-01T09:14:06.142415+00:00
AIRFLOW_CTX_DAG_RUN_ID=manual__2024-08-01T09:14:06.142415+00:00
[2024-08-01 09:14:07,986] {bash.py:135} INFO - Tmp dir root location: 
 /tmp
[2024-08-01 09:14:07,987] {bash.py:158} INFO - Running command: date
[2024-08-01 09:14:07,991] {bash.py:169} INFO - Output:
[2024-08-01 09:14:08,020] {bash.py:173} INFO - Thu Aug  1 09:14:08 UTC 2024
[2024-08-01 09:14:08,020] {bash.py:177} INFO - Command exited with return code 0
[2024-08-01 09:14:08,133] {taskinstance.py:1192} INFO - Marking task as SUCCESS. dag_id=tutorial, task_id=print_date, execution_date=20240801T091406, start_date=20240801T091407, end_date=20240801T091408
[2024-08-01 09:14:08,237] {taskinstance.py:1246} INFO - 2 downstream tasks scheduled from follow-on schedule check
[2024-08-01 09:14:08,242] {local_task_job.py:146} INFO - Task exited with return code 0
